Log file open, 06/01/21 07:12:01
LogInit:Display: Running engine for game: PaperNinja
LogInit: Version: 4.7.6-2513093+++depot+UE4-Releases+4.7
LogInit: API Version: 2455222
LogInit: Compiled (64-bit): Apr 15 2015 12:09:54
LogInit: Compiled with Visual C++: 18.00.21005.01
LogInit: Build Configuration: Development
LogInit: Branch Name: ++depot+UE4-Releases+4.7
LogInit: Command line:  
LogInit: Base directory: C:/Program Files/Epic Games/UE_4.7/Engine/Binaries/Win64/
LogInit: Rocket: 1
[2021.05.31-22.12.01:979][  0]LogTaskGraph: Started task graph with 3 named threads and 8 total threads.
[2021.05.31-22.12.02:085][  0]LogOnline:Warning: No default platform service specified for OnlineSubsystem
[2021.05.31-22.12.02:146][  0]LogInit: Presizing for 0 objects not considered by GC, pre-allocating 0 bytes.
[2021.05.31-22.12.02:180][  0]LogInit: Object subsystem initialized
[2021.05.31-22.12.02:199][  0]LogConsoleResponse:Warning: Skipping Unknown console variable: 'TranslucentSortAxis = (X=0.000000,Y=-1.000000,Z=0.000000)'
[2021.05.31-22.12.02:199][  0]LogConsoleResponse:Warning:   Found in ini file 'C:/Users/magi1/Documents/PaperNinja_FirstTime/PaperNinja/Saved/Config/Windows/Engine.ini', in section '[/Script/Engine.RendererSettings]'
[2021.05.31-22.12.02:199][  0]LogConsoleResponse:Warning: Skipping Unknown console variable: 'UIScaleRule = ShortestSide'
[2021.05.31-22.12.02:199][  0]LogConsoleResponse:Warning:   Found in ini file 'C:/Users/magi1/Documents/PaperNinja_FirstTime/PaperNinja/Saved/Config/Windows/Engine.ini', in section '[/Script/Engine.RendererSettings]'
[2021.05.31-22.12.02:199][  0]LogConsoleResponse:Warning: Skipping Unknown console variable: 'UIScaleCurve = (EditorCurveData=(Keys=),ExternalCurve=None)'
[2021.05.31-22.12.02:199][  0]LogConsoleResponse:Warning:   Found in ini file 'C:/Users/magi1/Documents/PaperNinja_FirstTime/PaperNinja/Saved/Config/Windows/Engine.ini', in section '[/Script/Engine.RendererSettings]'
[2021.05.31-22.12.02:208][  0]LogInit: Selected Device Profile: [Windows]
[2021.05.31-22.12.02:208][  0]LogInit: Applying CVar settings loaded from the selected device profile: [Windows]
[2021.05.31-22.12.02:230][  0]LogInit: Computer: DESKTOP-QG331CQ
[2021.05.31-22.12.02:230][  0]LogInit: User: magi1
[2021.05.31-22.12.02:230][  0]LogInit: CPU Page size=4096, Cores=6
[2021.05.31-22.12.02:230][  0]LogInit: High frequency timer resolution =10.000000 MHz
[2021.05.31-22.12.02:230][  0]LogMemory: Memory total: Physical=15.9GB (16GB approx) Virtual=131072.0GB
[2021.05.31-22.12.02:231][  0]LogMemory: Platform Memory Stats for Windows
[2021.05.31-22.12.02:231][  0]LogMemory: Process Physical Memory: 49.88 MB used, 49.89 MB peak
[2021.05.31-22.12.02:231][  0]LogMemory: Process Virtual Memory: 26.75 MB used, 26.75 MB peak
[2021.05.31-22.12.02:231][  0]LogMemory: Physical Memory: 7318.85 MB used, 16239.85 MB total
[2021.05.31-22.12.02:231][  0]LogMemory: Virtual Memory: 4432.94 MB used, 134217728.00 MB total
[2021.05.31-22.12.02:579][  0]LogD3D11RHI: Found D3D11 adapter 0: NVIDIA GeForce RTX 2080 (Feature Level 11_0)
[2021.05.31-22.12.02:579][  0]LogD3D11RHI: Adapter has 8010MB of dedicated video memory, 0MB of dedicated system memory, and 8119MB of shared system memory, 2 output[s]
[2021.05.31-22.12.02:654][  0]LogD3D11RHI: Found D3D11 adapter 1: Intel(R) UHD Graphics 630 (Feature Level 11_0)
[2021.05.31-22.12.02:654][  0]LogD3D11RHI: Adapter has 128MB of dedicated video memory, 0MB of dedicated system memory, and 8119MB of shared system memory, 0 output[s]
[2021.05.31-22.12.02:659][  0]LogD3D11RHI: Found D3D11 adapter 2: Microsoft Basic Render Driver (Feature Level 11_0)
[2021.05.31-22.12.02:659][  0]LogD3D11RHI: Adapter has 0MB of dedicated video memory, 0MB of dedicated system memory, and 8119MB of shared system memory, 0 output[s]
[2021.05.31-22.12.02:659][  0]LogD3D11RHI: Chosen D3D11 Adapter Id = 0
[2021.05.31-22.12.02:674][  0]LogRHI: Texture pool is 1361 MB (70% of 1945 MB)
[2021.05.31-22.12.02:905][  0]LogD3D11RHI: Async texture creation enabled
[2021.05.31-22.12.03:257][  0]LogTextLocalizationManager: The requested culture ('ja_JP') has no localization data; parent culture's ('ja') localization data will be used.
[2021.05.31-22.12.03:389][  0]LogTextLocalizationManager:Warning: Loading localization resources contain conflicting entries for (Namespace:UICommands, Key:Save_ToolTip):
Resource: (C:/Program Files/Epic Games/UE_4.7/Engine/Content/Localization/Editor/ja/Editor.locres) Hash: (-29098895) String: (現行レベルをディスクに保存)
Resource: (C:/Program Files/Epic Games/UE_4.7/Engine/Content/Localization/Engine/ja/Engine.locres) Hash: (-1280300587) String: (選択データをvlogファイルに保存)
[2021.05.31-22.12.03:389][  0]LogTextLocalizationManager:Warning: Loading localization resources contain conflicting entries for (Namespace:ContentBrowser, Key:ImportAssetToolTip):
Resource: (C:/Program Files/Epic Games/UE_4.7/Engine/Content/Localization/Editor/ja/Editor.locres) Hash: (-630476809) String: ({0} にインポート...)
Resource: (C:/Program Files/Epic Games/UE_4.7/Engine/Content/Localization/Editor/ja/Editor.locres) Hash: (1271782899) String: (このフォルダへファイルからアセットをインポート)
[2021.05.31-22.12.03:550][  0]LogContentStreaming: Texture pool size is 0.000000MB
[2021.05.31-22.12.09:208][  0]LogTargetPlatformManager:Display: Building Assets For Windows
[2021.05.31-22.12.10:562][  0]LogTargetPlatformManager:Display: Building Assets For Windows
[2021.05.31-22.12.10:752][  0]LogDerivedDataCache:Display: Max Cache Size: 512 MB
[2021.05.31-22.12.10:827][  0]LogDerivedDataCache: Loaded boot cache 0.07s 39MB C:/Users/magi1/AppData/Local/UnrealEngine/4.7/DerivedDataCache/Boot.ddc.
[2021.05.31-22.12.10:827][  0]LogDerivedDataCache:Display: Loaded Boot cache: C:/Users/magi1/AppData/Local/UnrealEngine/4.7/DerivedDataCache/Boot.ddc
[2021.05.31-22.12.10:828][  0]LogDerivedDataCache: FDerivedDataBackendGraph:  Pak pak cache file ../../../../../../Users/magi1/Documents/PaperNinja_FirstTime/PaperNinja/DerivedDataCache/DDC.ddp not found, will not use a pak cache.
[2021.05.31-22.12.10:828][  0]LogDerivedDataCache: Unable to find inner node Pak for hierarchical cache Hierarchy.
[2021.05.31-22.12.11:093][  0]LogDerivedDataCache:Display: Pak cache opened for reading ../../../Engine/DerivedDataCache/Compressed.ddp.
[2021.05.31-22.12.11:108][  0]LogDerivedDataCache: Using Local data cache path C:/Users/magi1/AppData/Local/UnrealEngine/Common/DerivedDataCache: Writable
[2021.05.31-22.12.12:351][  0]LogMeshUtilities: No automatic mesh reduction module available
[2021.05.31-22.12.12:351][  0]LogMeshUtilities: No automatic mesh merging module available
[2021.05.31-22.12.13:450][  0]LogInit: WinSock: version 1.1 (2.2), MaxSocks=32767, MaxUdp=65467
[2021.05.31-22.12.13:734][  0]LogSlate:Warning: Failed to load font data from '../../../Engine/Content/Slate/Fonts/Roboto-Italic.ttf'
[2021.05.31-22.12.17:183][  0]UdpMessaging: Initializing bridge on interface 0.0.0.0:0 to multicast group 230.0.0.1:6666.
[2021.05.31-22.12.17:799][  0]SourceControl: 情報 ソースコントロールは無効です
[2021.05.31-22.12.17:799][  0]SourceControl: 情報 ソースコントロールは無効です
[2021.05.31-22.12.17:799][  0]SourceControl: 情報 ソースコントロールは無効です
[2021.05.31-22.12.17:799][  0]LogSourceControl: RunCommandInternalRaw: 'git version'
[2021.05.31-22.12.17:799][  0]LogSourceControl: RunCommandInternalRaw: ExecProcess ReturnCode=2 OutResults=''
[2021.05.31-22.12.17:830][  0]SourceControl: 情報 ソースコントロールは無効です
[2021.05.31-22.12.18:497][  0]LogObj: 24232 objects as part of root set at end of initial load.
[2021.05.31-22.12.18:497][  0]LogUObjectAllocator: 5137168 out of 0 bytes used by permanent object pool.
[2021.05.31-22.12.18:738][  0]LogEngine: Initializing Engine...
[2021.05.31-22.12.21:125][  0]LogInit: XAudio2 using 'スピーカー (Realtek(R) Audio)' : 2 channels at 48 kHz using 32 bits per sample (channel mask 0x3)
[2021.05.31-22.12.21:182][  0]LogInit: FAudioDevice initialized.
[2021.05.31-22.12.21:343][  0]LogAIModule: Creating AISystem for world NewWorld
[2021.05.31-22.12.21:382][  0]LogDerivedDataCache: Saved boot cache 0.03s 39MB C:/Users/magi1/AppData/Local/UnrealEngine/4.7/DerivedDataCache/Boot.ddc.
[2021.05.31-22.12.21:387][  0]LogInit: Texture streaming: Enabled
[2021.05.31-22.12.21:649][  0]LogAnalytics: Creating configured Analytics provider AnalyticsET
[2021.05.31-22.12.21:649][  0]LogAnalytics: ET APIKey = Rocket.Release. APIServer = http://et2.epicgames.com/ET2/. AppVersion = 4.7.6-2513093+++depot+UE4-Releases+4.7
[2021.05.31-22.12.21:649][  0]LogAnalytics: ET APIKey = Rocket.Release. DataRouterUploadURL = https://datarouter-public-service-gamedev.ol.epicgames.net/datarouter/api/v1/public/data. AppVersion = 4.7.6-2513093+++depot+UE4-Releases+4.7
[2021.05.31-22.12.21:649][  0]LogAnalytics: SetUserId 144e59504b07e7078f7f9fbff0f199ea|e89bcdc3dddd40638ff112a71cef8e67|badf8662-73b2-480e-8b08-9b9fdfc993be
[2021.05.31-22.12.21:650][  0]LogAnalytics: AnalyticsET::StartSession [Rocket.Release]
[2021.05.31-22.12.21:760][  0]LogInit: Transaction tracking system initialized
[2021.05.31-22.12.22:429][  0]BlueprintLog: New page: エディタの読み込み
[2021.05.31-22.12.22:527][  0]LogAssetRegistry: FAssetRegistry took 0.0135 seconds to start up
[2021.05.31-22.12.22:528][  0]LogDirectoryWatcher:Warning: Failed to begin reading directory changes for ../../../Engine/Plugins/Experimental/CharacterAI/Content/. Error: 0
[2021.05.31-22.12.24:016][  0]LogTargetPlatformManager:Display: Building Assets For Windows
[2021.05.31-22.12.24:787][  0]LogTargetPlatformManager:Display: Building Assets For Windows
[2021.05.31-22.12.25:699][  0]LogSlate:Warning: Failed to load font data from '../../../Engine/Content/Editor/Slate/Fonts/Roboto-Regular.ttf'
[2021.05.31-22.12.25:701][  0]LogSlate:Warning: Failed to load font data from '../../../Engine/Content/Editor/Slate/Fonts/Roboto-Bold.ttf'
[2021.05.31-22.12.25:719][  0]LogConsoleResponse:Display: 
[2021.05.31-22.12.26:122][  0]LogCook:Display: Done creating registry. It took  0.00s.
[2021.05.31-22.12.26:658][  0]SourceControl: 情報 ソースコントロールは無効です
[2021.05.31-22.12.26:661][  0]Cmd: MAP LOAD FILE="../../../../../../Users/magi1/Documents/PaperNinja_FirstTime/PaperNinja/Content/StarterContent/Maps/Minimal_Default.umap" TEMPLATE=0 SHOWPROGRESS=1 FEATURELEVEL=3
[2021.05.31-22.12.26:665][  0]LightingResults: New page: ライティングのビルド
[2021.05.31-22.12.26:714][  0]MapCheck: New page: マップをチェック
[2021.05.31-22.12.26:714][  0]LightingResults: New page: <何も選択されていません>
[2021.05.31-22.12.26:734][  0]LogParticles: Destroying 0 GPU particle simulations for FXSystem 0x000001F29D8E8EA0
[2021.05.31-22.12.28:871][  0]LogEditorServer: Finished looking for orphan Actors (0.000 secs)
[2021.05.31-22.12.28:893][  0]LogAIModule: Creating AISystem for world Minimal_Default
[2021.05.31-22.12.28:895][  0]Cmd: MAP CHECKDEP
[2021.05.31-22.12.28:896][  0]MapCheck: New page: Minimal_Default - 2021/06/01 16:12:28
[2021.05.31-22.12.29:164][  0]MapCheck: 情報 マップチェックが完了: 0 エラー、 0 警告、完了に 268.681ミリ秒かかりました。
[2021.05.31-22.12.29:164][  0]LogFileHelpers: Loading map 'Minimal_Default' took 2.504
[2021.05.31-22.12.29:537][  0]LogCollectionManager: Loaded 0 collections in 0.004759 seconds
[2021.05.31-22.12.29:559][  0]LogContentBrowser: Native class hierarchy populated in 0.0205 seconds. Added 1696 classes and 261 folders.
[2021.05.31-22.12.29:694][  0]LogContentBrowser: Native class hierarchy updated for 'SceneOutliner' in 0.0067 seconds. Added 1 classes and 2 folders.
[2021.05.31-22.12.29:785][  0]LogContentBrowser: Native class hierarchy updated for 'WorldBrowser' in 0.0067 seconds. Added 1 classes and 3 folders.
[2021.05.31-22.12.30:081][  0]LogCrashTracker: Crashtracker disabled due to settings.
[2021.05.31-22.12.30:091][  0]LogSlate:Warning: Failed to load font data from 'Veranda'
[2021.05.31-22.12.30:115][  0]LogUObjectGlobals:Warning: オブジェクト 'Class なし.' が見つかりませんでした
[2021.05.31-22.12.30:159][  0]LogLoad: Full Startup: 32.77 seconds (BP compile: 0.23 seconds)
[2021.05.31-22.12.30:957][  0]LogRenderer:Warning: Reallocating scene render targets to support 32x32 (Frame:2).
[2021.05.31-22.12.31:187][  0]LogRenderer:Warning: Reallocating scene render targets to support 1200x576 (Frame:4).
[2021.05.31-22.12.31:259][  1]LogContentBrowser:Verbose: The content browser source was changed by the sources view to '/Game/Materials'
[2021.05.31-22.12.34:264][ 10]LogAssetRegistry: Asset discovery search completed in 11.7503 seconds
[2021.05.31-22.12.39:049][ 24]LogMaterial: Missing cached shader map for material M_PP_Default, compiling. 
[2021.05.31-22.12.39:112][ 24]LogActorComponent: UnregisterComponent: (/Engine/Transient.SkeletalMeshComponent_0) Not registered. Aborting.
[2021.05.31-22.12.39:288][ 24]LogActorComponent: UnregisterComponent: (/Engine/Transient.SkeletalMeshComponent_0) Not registered. Aborting.
[2021.05.31-22.12.39:288][ 24]LogActorComponent: RegisterComponentWithWorld: (/Engine/Transient.MaterialEditorMeshComponent_0) Already registered. Aborting.
[2021.05.31-22.12.39:288][ 24]LogActorComponent: UnregisterComponent: (/Engine/Transient.SkeletalMeshComponent_0) Not registered. Aborting.
[2021.05.31-22.12.39:288][ 24]LogActorComponent: RegisterComponentWithWorld: (/Engine/Transient.MaterialEditorMeshComponent_0) Already registered. Aborting.
[2021.05.31-22.12.39:303][ 24]LogMaterial: Missing cached shader map for material M_PP_Default, compiling. 
[2021.05.31-22.12.39:307][ 24]LogMaterial: 0.000180 seconds spent updating 1 materials, 1 interfaces, 0 instances, 0 with static permutations.
[2021.05.31-22.12.39:335][ 24]LogMaterial: Missing cached shader map for material FMatExpressionPreview MaterialExpressionMultiply_1, compiling. 
[2021.05.31-22.12.39:340][ 24]LogMaterial: Missing cached shader map for material FMatExpressionPreview MaterialExpressionMultiply_2, compiling. 
[2021.05.31-22.12.39:343][ 24]LogMaterial: Missing cached shader map for material FMatExpressionPreview MaterialExpressionMultiply_3, compiling. 
[2021.05.31-22.12.39:348][ 24]LogMaterial: Missing cached shader map for material FMatExpressionPreview MaterialExpressionMultiply_4, compiling. 
[2021.05.31-22.12.41:366][108]MaterialEditorStats: 情報 Base pass shader without light map: 34 instructions
[2021.05.31-22.12.41:367][108]MaterialEditorStats: 情報 Vertex shader: 33 instructions
[2021.05.31-22.12.41:367][108]MaterialEditorStats: 情報 Texture samplers: 2/16
[2021.05.31-22.12.44:755][301]LogContentBrowser:Verbose: The content browser source was changed by the sources view to '/Game/Maps'
[2021.05.31-22.12.46:126][383]LogContentBrowser:Verbose: The content browser source was changed by the sources view to '/Game/Maps/Stage01'
[2021.05.31-22.14.51:088][861]LogContentBrowser:Verbose: The content browser source was changed by the sources view to '/Game/Architecture'
[2021.05.31-22.14.52:592][946]LogContentBrowser:Verbose: The content browser source was changed by the sources view to '/Game/Architecture/Textures'
[2021.05.31-22.14.54:538][ 49]LogContentBrowser:Verbose: The content browser source was changed by the sources view to '/Game/Architecture/Materials'
[2021.05.31-22.15.03:694][574]LogContentBrowser:Verbose: The content browser source was changed by the sources view to '/Game/Architecture/Materials'
[2021.05.31-22.15.25:277][855]LogMaterial: Missing cached shader map for material M_ENV_Base, compiling. 
[2021.05.31-22.15.25:332][855]LogActorComponent: UnregisterComponent: (/Engine/Transient.SkeletalMeshComponent_1) Not registered. Aborting.
[2021.05.31-22.15.25:469][855]LogActorComponent: UnregisterComponent: (/Engine/Transient.SkeletalMeshComponent_1) Not registered. Aborting.
[2021.05.31-22.15.25:469][855]LogActorComponent: RegisterComponentWithWorld: (/Engine/Transient.MaterialEditorMeshComponent_1) Already registered. Aborting.
[2021.05.31-22.15.25:469][855]LogActorComponent: UnregisterComponent: (/Engine/Transient.SkeletalMeshComponent_1) Not registered. Aborting.
[2021.05.31-22.15.25:469][855]LogActorComponent: RegisterComponentWithWorld: (/Engine/Transient.MaterialEditorMeshComponent_1) Already registered. Aborting.
[2021.05.31-22.15.25:476][855]LogMaterial: Missing cached shader map for material M_ENV_Base, compiling. 
[2021.05.31-22.15.25:486][855]LogMaterial: 0.000174 seconds spent updating 1 materials, 1 interfaces, 0 instances, 0 with static permutations.
[2021.05.31-22.15.27:608][970]MaterialEditorStats: 情報 Base pass shader with only dynamic lighting: 29 instructions
[2021.05.31-22.15.27:608][970]MaterialEditorStats: 情報 Vertex shader: 31 instructions
[2021.05.31-22.15.27:608][970]MaterialEditorStats: 情報 Texture samplers: 0/16
[2021.05.31-22.17.43:533][932]LogMaterial: Missing cached shader map for material M_ENV_Base, compiling. 
[2021.05.31-22.17.43:543][932]LogMaterial: 0.000122 seconds spent updating 1 materials, 1 interfaces, 0 instances, 0 with static permutations.
[2021.05.31-22.17.43:544][932]LogMaterial: Missing cached shader map for material FMatExpressionPreview MaterialExpressionTextureSample_0, compiling. 
[2021.05.31-22.17.45:770][ 57]MaterialEditorStats: 情報 Base pass shader with only dynamic lighting: 29 instructions
[2021.05.31-22.17.45:771][ 57]MaterialEditorStats: 情報 Vertex shader: 31 instructions
[2021.05.31-22.17.45:771][ 57]MaterialEditorStats: 情報 Texture samplers: 0/16
[2021.05.31-22.17.58:361][791]LogTexture:Display: テクスチャをビルド中: T_White_D (AutoDXT)
[2021.05.31-22.17.58:373][791]LogMaterial: Missing cached shader map for material M_ENV_Base, compiling. 
[2021.05.31-22.17.58:383][791]LogMaterial: 0.000199 seconds spent updating 1 materials, 1 interfaces, 0 instances, 0 with static permutations.
[2021.05.31-22.17.58:415][791]LogMaterial: Missing cached shader map for material FMatExpressionPreview MaterialExpressionTextureSample_0, compiling. 
[2021.05.31-22.17.59:193][833]MaterialEditorStats: 情報 Base pass shader with only dynamic lighting: 29 instructions
[2021.05.31-22.17.59:193][833]MaterialEditorStats: 情報 Vertex shader: 31 instructions
[2021.05.31-22.17.59:193][833]MaterialEditorStats: 情報 Texture samplers: 0/16
[2021.05.31-22.18.11:106][543]LogMaterial: Missing cached shader map for material M_ENV_Base, compiling. 
[2021.05.31-22.18.11:115][543]LogMaterial: 0.000178 seconds spent updating 1 materials, 1 interfaces, 0 instances, 0 with static permutations.
[2021.05.31-22.18.11:144][543]LogMaterial: Missing cached shader map for material FMatExpressionPreview MaterialExpressionTextureSample_0, compiling. 
[2021.05.31-22.18.11:941][587]MaterialEditorStats: 情報 Base pass shader with only dynamic lighting: 30 instructions
[2021.05.31-22.18.11:941][587]MaterialEditorStats: 情報 Vertex shader: 33 instructions
[2021.05.31-22.18.11:942][587]MaterialEditorStats: 情報 Texture samplers: 1/16
[2021.05.31-22.18.19:333][ 19]LogMaterial: Missing cached shader map for material M_ENV_Base, compiling. 
[2021.05.31-22.18.19:343][ 19]LogMaterial: 0.000187 seconds spent updating 1 materials, 1 interfaces, 0 instances, 0 with static permutations.
[2021.05.31-22.18.20:129][ 64]MaterialEditorStats: 情報 Base pass shader with only dynamic lighting: 30 instructions
[2021.05.31-22.18.20:129][ 64]MaterialEditorStats: 情報 Vertex shader: 33 instructions
[2021.05.31-22.18.20:129][ 64]MaterialEditorStats: 情報 Texture samplers: 1/16
[2021.05.31-22.18.22:905][230]LogMaterial: Missing cached shader map for material M_ENV_Base, compiling. 
[2021.05.31-22.18.22:914][230]LogMaterial: 0.000175 seconds spent updating 1 materials, 1 interfaces, 0 instances, 0 with static permutations.
[2021.05.31-22.18.23:681][276]MaterialEditorStats: 情報 Base pass shader with only dynamic lighting: 30 instructions
[2021.05.31-22.18.23:681][276]MaterialEditorStats: 情報 Vertex shader: 33 instructions
[2021.05.31-22.18.23:681][276]MaterialEditorStats: 情報 Texture samplers: 1/16
[2021.05.31-22.18.29:992][651]LogMaterial: Missing cached shader map for material M_ENV_Base, compiling. 
[2021.05.31-22.18.30:002][651]LogMaterial: 0.000195 seconds spent updating 1 materials, 1 interfaces, 0 instances, 0 with static permutations.
[2021.05.31-22.18.30:799][697]MaterialEditorStats: 情報 Base pass shader with only dynamic lighting: 30 instructions
[2021.05.31-22.18.30:800][697]MaterialEditorStats: 情報 Vertex shader: 33 instructions
[2021.05.31-22.18.30:800][697]MaterialEditorStats: 情報 Texture samplers: 1/16
[2021.05.31-22.18.45:532][560]LogMaterial: Missing cached shader map for material M_ENV_Base, compiling. 
[2021.05.31-22.18.45:542][560]LogMaterial: 0.000211 seconds spent updating 1 materials, 1 interfaces, 0 instances, 0 with static permutations.
[2021.05.31-22.18.45:543][560]LogMaterial: Missing cached shader map for material FMatExpressionPreview MaterialExpressionTextureSample_1, compiling. 
[2021.05.31-22.18.46:343][603]MaterialEditorStats: 情報 Base pass shader with only dynamic lighting: 30 instructions
[2021.05.31-22.18.46:343][603]MaterialEditorStats: 情報 Vertex shader: 33 instructions
[2021.05.31-22.18.46:343][603]MaterialEditorStats: 情報 Texture samplers: 1/16
[2021.05.31-22.19.05:850][748]LogTexture:Display: テクスチャをビルド中: T_Cardboard02_N (BC5)
[2021.05.31-22.19.05:863][748]LogMaterial: Missing cached shader map for material M_ENV_Base, compiling. 
[2021.05.31-22.19.05:873][748]LogMaterial: 0.000183 seconds spent updating 1 materials, 1 interfaces, 0 instances, 0 with static permutations.
[2021.05.31-22.19.05:903][748]LogMaterial: Missing cached shader map for material FMatExpressionPreview MaterialExpressionTextureSample_1, compiling. 
[2021.05.31-22.19.07:404][831]MaterialEditorStats: 情報 Base pass shader with only dynamic lighting: 30 instructions
[2021.05.31-22.19.07:404][831]MaterialEditorStats: 情報 Vertex shader: 33 instructions
[2021.05.31-22.19.07:404][831]MaterialEditorStats: 情報 Texture samplers: 1/16
[2021.05.31-22.19.08:676][904]LogMaterial: Missing cached shader map for material M_ENV_Base, compiling. 
[2021.05.31-22.19.08:686][904]LogMaterial: 0.000229 seconds spent updating 1 materials, 1 interfaces, 0 instances, 0 with static permutations.
[2021.05.31-22.19.08:711][904]LogMaterial: Missing cached shader map for material FMatExpressionPreview MaterialExpressionTextureSample_1, compiling. 
[2021.05.31-22.19.09:522][948]MaterialEditorStats: 情報 Base pass shader with only dynamic lighting: 45 instructions
[2021.05.31-22.19.09:522][948]MaterialEditorStats: 情報 Vertex shader: 33 instructions
[2021.05.31-22.19.09:523][948]MaterialEditorStats: 情報 Texture samplers: 2/16
[2021.05.31-22.19.16:048][336]LogMaterialEditor: Applying material M_ENV_Base
[2021.05.31-22.19.19:339][336]LogMaterial: Missing cached shader map for material M_ENV_Base, compiling. 
[2021.05.31-22.19.19:374][336]LogMaterial: 0.000224 seconds spent updating 1 materials, 1 interfaces, 0 instances, 0 with static permutations.
[2021.05.31-22.19.19:446][336]LogMaterial: Missing cached shader map for material M_ENV_Base, compiling. 
[2021.05.31-22.19.19:495][336]LogMaterial: Missing cached shader map for material M_ENV_Base, compiling. 
[2021.05.31-22.19.19:523][336]LogMaterial: 0.011506 seconds spent updating 1 materials, 1 interfaces, 0 instances, 0 with static permutations.
[2021.05.31-22.19.21:008][420]LogMaterialEditor: Saving and Compiling material M_ENV_Base
[2021.05.31-22.19.24:411][420]LogMaterial: Missing cached shader map for material M_ENV_Base, compiling. 
[2021.05.31-22.19.24:446][420]LogMaterial: 0.000217 seconds spent updating 1 materials, 1 interfaces, 0 instances, 0 with static permutations.
[2021.05.31-22.19.24:507][420]LogMaterial: Missing cached shader map for material M_ENV_Base, compiling. 
[2021.05.31-22.19.24:552][420]LogMaterial: Missing cached shader map for material M_ENV_Base, compiling. 
[2021.05.31-22.19.24:579][420]LogMaterial: 0.009614 seconds spent updating 1 materials, 1 interfaces, 0 instances, 0 with static permutations.
[2021.05.31-22.19.28:239][420]LogSavePackage: Save=879.342102ms
[2021.05.31-22.19.28:239][420]LogSavePackage: Moving '../../../../../../Users/magi1/Documents/PaperNinja_FirstTime/PaperNinja/Saved/M_ENV_Base52ED6E9647C6DB1727D9F0B0D1B3952C.tmp' to '../../../../../../Users/magi1/Documents/PaperNinja_FirstTime/PaperNinja/Content/Architecture/Materials/M_ENV_Base.uasset'
[2021.05.31-22.19.28:261][420]MaterialEditorStats: 情報 Base pass shader with only dynamic lighting: 65 instructions
[2021.05.31-22.19.28:261][420]MaterialEditorStats: 情報 Vertex shader: 33 instructions
[2021.05.31-22.19.28:262][420]MaterialEditorStats: 情報 Texture samplers: 5/16
[2021.05.31-22.19.55:979][371]LogMaterial: Missing cached shader map for material M_ENV_Base, compiling. 
[2021.05.31-22.19.55:989][371]LogMaterial: 0.000223 seconds spent updating 1 materials, 1 interfaces, 0 instances, 0 with static permutations.
[2021.05.31-22.19.55:990][371]LogMaterial: Missing cached shader map for material FMatExpressionPreview MaterialExpressionTextureSampleParameter2D_0, compiling. 
[2021.05.31-22.19.56:000][371]LogMaterial: Missing cached shader map for material FMatExpressionPreview MaterialExpressionTextureSampleParameter2D_0, compiling. 
[2021.05.31-22.19.56:040][371]LogMaterial: Missing cached shader map for material M_ENV_Base, compiling. 
[2021.05.31-22.19.56:052][371]LogMaterial: 0.000164 seconds spent updating 1 materials, 1 interfaces, 0 instances, 0 with static permutations.
[2021.05.31-22.19.56:080][371]LogMaterial: Missing cached shader map for material FMatExpressionPreview MaterialExpressionTextureSampleParameter2D_0, compiling. 
[2021.05.31-22.19.58:602][502]MaterialEditorStats: 情報 Base pass shader with only dynamic lighting: 45 instructions
[2021.05.31-22.19.58:602][502]MaterialEditorStats: 情報 Vertex shader: 33 instructions
[2021.05.31-22.19.58:602][502]MaterialEditorStats: 情報 Texture samplers: 2/16
[2021.05.31-22.20.10:075][187]LogMaterialEditor: Applying material M_ENV_Base
[2021.05.31-22.20.13:305][187]LogMaterial: Missing cached shader map for material M_ENV_Base, compiling. 
[2021.05.31-22.20.13:340][187]LogMaterial: 0.000189 seconds spent updating 1 materials, 1 interfaces, 0 instances, 0 with static permutations.
[2021.05.31-22.20.13:405][187]LogMaterial: Missing cached shader map for material M_ENV_Base, compiling. 
[2021.05.31-22.20.13:454][187]LogMaterial: Missing cached shader map for material M_ENV_Base, compiling. 
[2021.05.31-22.20.13:485][187]LogMaterial: 0.010832 seconds spent updating 1 materials, 1 interfaces, 0 instances, 0 with static permutations.
[2021.05.31-22.20.16:482][366]MaterialEditorStats: 情報 Base pass shader with only dynamic lighting: 65 instructions
[2021.05.31-22.20.16:482][366]MaterialEditorStats: 情報 Vertex shader: 33 instructions
[2021.05.31-22.20.16:482][366]MaterialEditorStats: 情報 Texture samplers: 5/16
[2021.05.31-22.22.25:074][949]LogMaterial: Missing cached shader map for material M_ENV_Base, compiling. 
[2021.05.31-22.22.25:084][949]LogMaterial: 0.000177 seconds spent updating 1 materials, 1 interfaces, 0 instances, 0 with static permutations.
[2021.05.31-22.22.25:109][949]LogMaterial: Missing cached shader map for material FMatExpressionPreview MaterialExpressionTextureSampleParameter2D_0, compiling. 
[2021.05.31-22.22.27:331][ 59]MaterialEditorStats: 情報 Base pass shader with only dynamic lighting: 45 instructions
[2021.05.31-22.22.27:331][ 59]MaterialEditorStats: 情報 Vertex shader: 33 instructions
[2021.05.31-22.22.27:331][ 59]MaterialEditorStats: 情報 Texture samplers: 2/16
[2021.05.31-22.22.35:029][502]LogFileHelpers: Editor autosave (incl. sublevels) for '/Game/StarterContent/Maps/Minimal_Default' took 0.029
[2021.05.31-22.22.35:088][502]OBJ SavePackage: Generating thumbnails for [1] asset(s) in package [/Game/Architecture/Materials/M_ENV_Base] ([1] browsable assets)...
[2021.05.31-22.22.35:134][502]OBJ SavePackage:     Rendered thumbnail for [Material /Game/Architecture/Materials/M_ENV_Base.M_ENV_Base]
[2021.05.31-22.22.35:134][502]OBJ SavePackage: Finished generating thumbnails for package [/Game/Architecture/Materials/M_ENV_Base]
[2021.05.31-22.22.36:435][502]LogSavePackage: Save=1046.516968ms
[2021.05.31-22.22.36:445][502]LogSavePackage: Moving '../../../../../../Users/magi1/Documents/PaperNinja_FirstTime/PaperNinja/Saved/M_ENV_Base_Auto13D1B45924EE9ED04FDA5EAAAE27B2BE6.tmp' to '../../../../../../Users/magi1/Documents/PaperNinja_FirstTime/PaperNinja/Saved/Autosaves/Game/Architecture/Materials/M_ENV_Base_Auto1.uasset'
[2021.05.31-22.22.36:473][502]LogFileHelpers: Auto-saving content packages took 1.444
[2021.05.31-22.22.44:843][999]LogMaterial: Missing cached shader map for material M_ENV_Base, compiling. 
[2021.05.31-22.22.44:852][999]LogMaterial: 0.000246 seconds spent updating 1 materials, 1 interfaces, 0 instances, 0 with static permutations.
[2021.05.31-22.22.44:872][999]LogMaterial: Missing cached shader map for material M_ENV_Base, compiling. 
[2021.05.31-22.22.44:883][999]LogMaterial: 0.000147 seconds spent updating 1 materials, 1 interfaces, 0 instances, 0 with static permutations.
[2021.05.31-22.22.45:983][ 60]MaterialEditorStats: 情報 Base pass shader with only dynamic lighting: 47 instructions
[2021.05.31-22.22.45:983][ 60]MaterialEditorStats: 情報 Vertex shader: 33 instructions
[2021.05.31-22.22.45:983][ 60]MaterialEditorStats: 情報 Texture samplers: 2/16
[2021.05.31-22.23.27:939][189]LogWindows:Error: Windows GetLastError: この操作を正しく終了しました。 (0)
[2021.05.31-22.23.27:939][189]LogCrashTracker: 


[2021.05.31-22.23.41:668][189]LogCrashTracker: 


[2021.05.31-22.23.41:668][189]LogWindows: === Critical error: ===
Assertion failed: !bIsChangingText [File:D:\BuildFarm\buildmachine_++depot+UE4-Releases+4.7\Engine\Source\Runtime\Slate\Private\Widgets\Input\SEditableText.cpp] [Line: 556] 



KERNELBASE.dll!UnknownFunction (0x00007ffef05d4b89) + 0 bytes [UnknownFile:0]
UE4Editor-Core.dll!FOutputDeviceWindowsError::Serialize() (0x00007ffe6f2e8074) + 0 bytes [d:\buildfarm\buildmachine_++depot+ue4-releases+4.7\engine\source\runtime\core\private\windows\windowsplatformoutputdevices.cpp:95]
UE4Editor-Core.dll!FOutputDevice::Logf__VA() (0x00007ffe6f167878) + 159 bytes [d:\buildfarm\buildmachine_++depot+ue4-releases+4.7\engine\source\runtime\core\private\misc\outputdevice.cpp:144]
UE4Editor-Core.dll!FDebug::AssertFailed() (0x00007ffe6f148b17) + 62 bytes [d:\buildfarm\buildmachine_++depot+ue4-releases+4.7\engine\source\runtime\core\private\misc\outputdevice.cpp:224]
UE4Editor-Slate.dll!SEditableText::StartChangingText() (0x00007ffe6ac970da) + 0 bytes [d:\buildfarm\buildmachine_++depot+ue4-releases+4.7\engine\source\runtime\slate\private\widgets\input\seditabletext.cpp:560]
UE4Editor-Slate.dll!FTextEditHelper::OnKeyChar() (0x00007ffe6abbb49d) + 32 bytes [d:\buildfarm\buildmachine_++depot+ue4-releases+4.7\engine\source\runtime\slate\private\framework\text\textedithelper.cpp:86]
UE4Editor-Slate.dll!SEditableText::OnKeyChar() (0x00007ffe6ac7ad23) + 77 bytes [d:\buildfarm\buildmachine_++depot+ue4-releases+4.7\engine\source\runtime\slate\private\widgets\input\seditabletext.cpp:1622]
UE4Editor-Slate.dll!<lambda_f4267d5369f6530713340915266300fb>::operator()() (0x00007ffe6aa9de22) + 38 bytes [d:\buildfarm\buildmachine_++depot+ue4-releases+4.7\engine\source\runtime\slate\private\framework\application\slateapplication.cpp:3504]
UE4Editor-Slate.dll!FEventRouter::Route<FReply,FEventRouter::FBubblePolicy,FCharacterEvent,<lambda_f4267d5369f6530713340915266300fb> >() (0x00007ffe6aa56c9d) + 29 bytes [d:\buildfarm\buildmachine_++depot+ue4-releases+4.7\engine\source\runtime\slate\private\framework\application\slateapplication.cpp:202]
UE4Editor-Slate.dll!FEventRouter::RouteAlongFocusPath<FEventRouter::FBubblePolicy,<lambda_f4267d5369f6530713340915266300fb>,FCharacterEvent>() (0x00007ffe6aa58ace) + 34 bytes [d:\buildfarm\buildmachine_++depot+ue4-releases+4.7\engine\source\runtime\slate\private\framework\application\slateapplication.cpp:184]
UE4Editor-Slate.dll!FSlateApplication::ProcessKeyCharEvent() (0x00007ffe6ab03a74) + 150 bytes [d:\buildfarm\buildmachine_++depot+ue4-releases+4.7\engine\source\runtime\slate\private\framework\application\slateapplication.cpp:3505]
UE4Editor-Slate.dll!FSlateApplication::OnKeyChar() (0x00007ffe6aaf3633) + 14 bytes [d:\buildfarm\buildmachine_++depot+ue4-releases+4.7\engine\source\runtime\slate\private\framework\application\slateapplication.cpp:3485]
UE4Editor-Core.dll!FWindowsApplication::ProcessDeferredMessage() (0x00007ffe6f243008) + 0 bytes [d:\buildfarm\buildmachine_++depot+ue4-releases+4.7\engine\source\runtime\core\private\windows\windowsapplication.cpp:1149]
UE4Editor-Core.dll!FWindowsApplication::DeferMessage() (0x00007ffe6f235d2e) + 74 bytes [d:\buildfarm\buildmachine_++depot+ue4-releases+4.7\engine\source\runtime\core\private\windows\windowsapplication.cpp:1669]
UE4Editor-Core.dll!FWindowsApplication::ProcessMessage() (0x00007ffe6f244d50) + 41 bytes [d:\buildfarm\buildmachine_++depot+ue4-releases+4.7\engine\source\runtime\core\private\windows\windowsapplication.cpp:742]
UE4Editor-Core.dll!FWindowsApplication::AppWndProc() (0x00007ffe6f233192) + 0 bytes [d:\buildfarm\buildmachine_++depot+ue4-releases+4.7\engine\source\runtime\core\private\windows\windowsapplication.cpp:604]
USER32.dll!UnknownFunction (0x00007ffef268e858) + 0 bytes [UnknownFile:0]
USER32.dll!UnknownFunction (0x00007ffef268e299) + 0 bytes [UnknownFile:0]
UE4Editor-Core.dll!FWindowsPlatformMisc::PumpMessages() (0x00007ffe6f2e3ec6) + 48 bytes [d:\buildfarm\buildmachine_++depot+ue4-releases+4.7\engine\source\runtime\core\private\windows\windowsplatformmisc.cpp:774]
UE4Editor.exe!FEngineLoop::Tick() (0x00007ff765ab00a9) + 8 bytes [d:\buildfarm\buildmachine_++depot+ue4-releases+4.7\engine\source\runtime\launch\private\launchengineloop.cpp:2233]
UE4Editor.exe!GuardedMain() (0x00007ff765aa267c) + 0 bytes [d:\buildfarm\buildmachine_++depot+ue4-releases+4.7\engine\source\runtime\launch\private\launch.cpp:142]
UE4Editor.exe!GuardedMainWrapper() (0x00007ff765aa26ea) + 5 bytes [d:\buildfarm\buildmachine_++depot+ue4-releases+4.7\engine\source\runtime\launch\private\windows\launchwindows.cpp:126]
UE4Editor.exe!WinMain() (0x00007ff765ab2219) + 17 bytes [d:\buildfarm\buildmachine_++depot+ue4-releases+4.7\engine\source\runtime\launch\private\windows\launchwindows.cpp:202]
UE4Editor.exe!__tmainCRTStartup() (0x00007ff765ab3159) + 21 bytes [f:\dd\vctools\crt\crtw32\dllstuff\crtexe.c:618]
KERNEL32.DLL!UnknownFunction (0x00007ffef2527034) + 0 bytes [UnknownFile:0]
ntdll.dll!UnknownFunction (0x00007ffef2c82651) + 0 bytes [UnknownFile:0]
ntdll.dll!UnknownFunction (0x00007ffef2c82651) + 0 bytes [UnknownFile:0]


[2021.05.31-22.23.41:900][189]LogExit: Executing StaticShutdownAfterError
[2021.05.31-22.23.41:916][189]LogWindows: FPlatformMisc::RequestExit(1)
[2021.05.31-22.23.41:916][189]Log file closed, 06/01/21 07:23:41
