Log file open, 06/05/21 12:16:58
LogInit:Display: Running engine for game: PaperNinja
LogInit: Version: 4.7.6-2513093+++depot+UE4-Releases+4.7
LogInit: API Version: 2455222
LogInit: Compiled (64-bit): Apr 15 2015 12:09:54
LogInit: Compiled with Visual C++: 18.00.21005.01
LogInit: Build Configuration: Development
LogInit: Branch Name: ++depot+UE4-Releases+4.7
LogInit: Command line:  
LogInit: Base directory: C:/Program Files/Epic Games/UE_4.7/Engine/Binaries/Win64/
LogInit: Rocket: 1
[2021.06.05-03.16.58:159][  0]LogTaskGraph: Started task graph with 3 named threads and 8 total threads.
[2021.06.05-03.16.58:238][  0]LogOnline:Warning: No default platform service specified for OnlineSubsystem
[2021.06.05-03.16.58:254][  0]LogInit: Presizing for 0 objects not considered by GC, pre-allocating 0 bytes.
[2021.06.05-03.16.58:261][  0]LogInit: Object subsystem initialized
[2021.06.05-03.16.58:262][  0]LogConsoleResponse:Warning: Skipping Unknown console variable: 'TranslucentSortAxis = (X=0.000000,Y=-1.000000,Z=0.000000)'
[2021.06.05-03.16.58:262][  0]LogConsoleResponse:Warning:   Found in ini file 'C:/Users/magi1/Documents/PaperNinja_FirstTime/PaperNinja/Saved/Config/Windows/Engine.ini', in section '[/Script/Engine.RendererSettings]'
[2021.06.05-03.16.58:262][  0]LogConsoleResponse:Warning: Skipping Unknown console variable: 'UIScaleRule = ShortestSide'
[2021.06.05-03.16.58:262][  0]LogConsoleResponse:Warning:   Found in ini file 'C:/Users/magi1/Documents/PaperNinja_FirstTime/PaperNinja/Saved/Config/Windows/Engine.ini', in section '[/Script/Engine.RendererSettings]'
[2021.06.05-03.16.58:262][  0]LogConsoleResponse:Warning: Skipping Unknown console variable: 'UIScaleCurve = (EditorCurveData=(Keys=),ExternalCurve=None)'
[2021.06.05-03.16.58:262][  0]LogConsoleResponse:Warning:   Found in ini file 'C:/Users/magi1/Documents/PaperNinja_FirstTime/PaperNinja/Saved/Config/Windows/Engine.ini', in section '[/Script/Engine.RendererSettings]'
[2021.06.05-03.16.58:263][  0]LogInit: Selected Device Profile: [Windows]
[2021.06.05-03.16.58:263][  0]LogInit: Applying CVar settings loaded from the selected device profile: [Windows]
[2021.06.05-03.16.58:268][  0]LogInit: Computer: DESKTOP-QG331CQ
[2021.06.05-03.16.58:268][  0]LogInit: User: magi1
[2021.06.05-03.16.58:268][  0]LogInit: CPU Page size=4096, Cores=6
[2021.06.05-03.16.58:268][  0]LogInit: High frequency timer resolution =10.000000 MHz
[2021.06.05-03.16.58:268][  0]LogMemory: Memory total: Physical=15.9GB (16GB approx) Virtual=131072.0GB
[2021.06.05-03.16.58:269][  0]LogMemory: Platform Memory Stats for Windows
[2021.06.05-03.16.58:269][  0]LogMemory: Process Physical Memory: 49.93 MB used, 49.93 MB peak
[2021.06.05-03.16.58:269][  0]LogMemory: Process Virtual Memory: 26.81 MB used, 26.82 MB peak
[2021.06.05-03.16.58:269][  0]LogMemory: Physical Memory: 7091.29 MB used, 16239.85 MB total
[2021.06.05-03.16.58:269][  0]LogMemory: Virtual Memory: 4432.94 MB used, 134217728.00 MB total
[2021.06.05-03.16.58:408][  0]LogD3D11RHI: Found D3D11 adapter 0: NVIDIA GeForce RTX 2080 (Feature Level 11_0)
[2021.06.05-03.16.58:408][  0]LogD3D11RHI: Adapter has 8010MB of dedicated video memory, 0MB of dedicated system memory, and 8119MB of shared system memory, 2 output[s]
[2021.06.05-03.16.58:439][  0]LogD3D11RHI: Found D3D11 adapter 1: Intel(R) UHD Graphics 630 (Feature Level 11_0)
[2021.06.05-03.16.58:439][  0]LogD3D11RHI: Adapter has 128MB of dedicated video memory, 0MB of dedicated system memory, and 8119MB of shared system memory, 0 output[s]
[2021.06.05-03.16.58:441][  0]LogD3D11RHI: Found D3D11 adapter 2: Microsoft Basic Render Driver (Feature Level 11_0)
[2021.06.05-03.16.58:441][  0]LogD3D11RHI: Adapter has 0MB of dedicated video memory, 0MB of dedicated system memory, and 8119MB of shared system memory, 0 output[s]
[2021.06.05-03.16.58:441][  0]LogD3D11RHI: Chosen D3D11 Adapter Id = 0
[2021.06.05-03.16.58:447][  0]LogRHI: Texture pool is 1361 MB (70% of 1945 MB)
[2021.06.05-03.16.58:526][  0]LogD3D11RHI: Async texture creation enabled
[2021.06.05-03.16.58:593][  0]LogTextLocalizationManager: The requested culture ('ja_JP') has no localization data; parent culture's ('ja') localization data will be used.
[2021.06.05-03.16.58:642][  0]LogTextLocalizationManager:Warning: Loading localization resources contain conflicting entries for (Namespace:UICommands, Key:Save_ToolTip):
Resource: (C:/Program Files/Epic Games/UE_4.7/Engine/Content/Localization/Editor/ja/Editor.locres) Hash: (-29098895) String: (現行レベルをディスクに保存)
Resource: (C:/Program Files/Epic Games/UE_4.7/Engine/Content/Localization/Engine/ja/Engine.locres) Hash: (-1280300587) String: (選択データをvlogファイルに保存)
[2021.06.05-03.16.58:642][  0]LogTextLocalizationManager:Warning: Loading localization resources contain conflicting entries for (Namespace:ContentBrowser, Key:ImportAssetToolTip):
Resource: (C:/Program Files/Epic Games/UE_4.7/Engine/Content/Localization/Editor/ja/Editor.locres) Hash: (-630476809) String: ({0} にインポート...)
Resource: (C:/Program Files/Epic Games/UE_4.7/Engine/Content/Localization/Editor/ja/Editor.locres) Hash: (1271782899) String: (このフォルダへファイルからアセットをインポート)
[2021.06.05-03.16.58:703][  0]LogContentStreaming: Texture pool size is 0.000000MB
[2021.06.05-03.17.00:635][  0]LogTargetPlatformManager:Display: Building Assets For Windows
[2021.06.05-03.17.01:086][  0]LogTargetPlatformManager:Display: Building Assets For Windows
[2021.06.05-03.17.01:148][  0]LogDerivedDataCache:Display: Max Cache Size: 512 MB
[2021.06.05-03.17.01:173][  0]LogDerivedDataCache: Loaded boot cache 0.03s 39MB C:/Users/magi1/AppData/Local/UnrealEngine/4.7/DerivedDataCache/Boot.ddc.
[2021.06.05-03.17.01:173][  0]LogDerivedDataCache:Display: Loaded Boot cache: C:/Users/magi1/AppData/Local/UnrealEngine/4.7/DerivedDataCache/Boot.ddc
[2021.06.05-03.17.01:173][  0]LogDerivedDataCache: FDerivedDataBackendGraph:  Pak pak cache file ../../../../../../Users/magi1/Documents/PaperNinja_FirstTime/PaperNinja/DerivedDataCache/DDC.ddp not found, will not use a pak cache.
[2021.06.05-03.17.01:173][  0]LogDerivedDataCache: Unable to find inner node Pak for hierarchical cache Hierarchy.
[2021.06.05-03.17.01:272][  0]LogDerivedDataCache:Display: Pak cache opened for reading ../../../Engine/DerivedDataCache/Compressed.ddp.
[2021.06.05-03.17.01:285][  0]LogDerivedDataCache: Using Local data cache path C:/Users/magi1/AppData/Local/UnrealEngine/Common/DerivedDataCache: Writable
[2021.06.05-03.17.01:515][  0]LogMeshUtilities: No automatic mesh reduction module available
[2021.06.05-03.17.01:515][  0]LogMeshUtilities: No automatic mesh merging module available
[2021.06.05-03.17.01:814][  0]LogInit: WinSock: version 1.1 (2.2), MaxSocks=32767, MaxUdp=65467
[2021.06.05-03.17.01:902][  0]LogSlate:Warning: Failed to load font data from '../../../Engine/Content/Slate/Fonts/Roboto-Italic.ttf'
[2021.06.05-03.17.02:608][  0]UdpMessaging: Initializing bridge on interface 0.0.0.0:0 to multicast group 230.0.0.1:6666.
[2021.06.05-03.17.02:825][  0]SourceControl: 情報 ソースコントロールは無効です
[2021.06.05-03.17.02:825][  0]SourceControl: 情報 ソースコントロールは無効です
[2021.06.05-03.17.02:825][  0]SourceControl: 情報 ソースコントロールは無効です
[2021.06.05-03.17.02:825][  0]LogSourceControl: RunCommandInternalRaw: 'git version'
[2021.06.05-03.17.02:825][  0]LogSourceControl: RunCommandInternalRaw: ExecProcess ReturnCode=2 OutResults=''
[2021.06.05-03.17.02:836][  0]SourceControl: 情報 ソースコントロールは無効です
[2021.06.05-03.17.03:036][  0]LogObj: 24232 objects as part of root set at end of initial load.
[2021.06.05-03.17.03:036][  0]LogUObjectAllocator: 5137168 out of 0 bytes used by permanent object pool.
[2021.06.05-03.17.03:105][  0]LogEngine: Initializing Engine...
[2021.06.05-03.17.05:265][  0]LogInit: XAudio2 using 'スピーカー (Realtek(R) Audio)' : 2 channels at 48 kHz using 32 bits per sample (channel mask 0x3)
[2021.06.05-03.17.05:287][  0]LogInit: FAudioDevice initialized.
[2021.06.05-03.17.05:328][  0]LogAIModule: Creating AISystem for world NewWorld
[2021.06.05-03.17.05:343][  0]LogDerivedDataCache: Saved boot cache 0.01s 39MB C:/Users/magi1/AppData/Local/UnrealEngine/4.7/DerivedDataCache/Boot.ddc.
[2021.06.05-03.17.05:345][  0]LogInit: Texture streaming: Enabled
[2021.06.05-03.17.05:424][  0]LogAnalytics: Creating configured Analytics provider AnalyticsET
[2021.06.05-03.17.05:424][  0]LogAnalytics: ET APIKey = Rocket.Release. APIServer = http://et2.epicgames.com/ET2/. AppVersion = 4.7.6-2513093+++depot+UE4-Releases+4.7
[2021.06.05-03.17.05:424][  0]LogAnalytics: ET APIKey = Rocket.Release. DataRouterUploadURL = https://datarouter-public-service-gamedev.ol.epicgames.net/datarouter/api/v1/public/data. AppVersion = 4.7.6-2513093+++depot+UE4-Releases+4.7
[2021.06.05-03.17.05:424][  0]LogAnalytics: SetUserId 144e59504b07e7078f7f9fbff0f199ea|e89bcdc3dddd40638ff112a71cef8e67|badf8662-73b2-480e-8b08-9b9fdfc993be
[2021.06.05-03.17.05:424][  0]LogAnalytics: AnalyticsET::StartSession [Rocket.Release]
[2021.06.05-03.17.05:462][  0]LogInit: Transaction tracking system initialized
[2021.06.05-03.17.05:659][  0]BlueprintLog: New page: エディタの読み込み
[2021.06.05-03.17.05:701][  0]LogAssetRegistry: FAssetRegistry took 0.0108 seconds to start up
[2021.06.05-03.17.05:701][  0]LogDirectoryWatcher:Warning: Failed to begin reading directory changes for ../../../Engine/Plugins/Experimental/CharacterAI/Content/. Error: 0
[2021.06.05-03.17.06:185][  0]LogTargetPlatformManager:Display: Building Assets For Windows
[2021.06.05-03.17.06:463][  0]LogTargetPlatformManager:Display: Building Assets For Windows
[2021.06.05-03.17.06:744][  0]LogSlate:Warning: Failed to load font data from '../../../Engine/Content/Editor/Slate/Fonts/Roboto-Regular.ttf'
[2021.06.05-03.17.06:745][  0]LogSlate:Warning: Failed to load font data from '../../../Engine/Content/Editor/Slate/Fonts/Roboto-Bold.ttf'
[2021.06.05-03.17.06:748][  0]LogConsoleResponse:Display: 
[2021.06.05-03.17.06:862][  0]LogCook:Display: Done creating registry. It took  0.00s.
[2021.06.05-03.17.07:018][  0]SourceControl: 情報 ソースコントロールは無効です
[2021.06.05-03.17.07:018][  0]Cmd: MAP LOAD FILE="../../../../../../Users/magi1/Documents/PaperNinja_FirstTime/PaperNinja/Content/StarterContent/Maps/Minimal_Default.umap" TEMPLATE=0 SHOWPROGRESS=1 FEATURELEVEL=3
[2021.06.05-03.17.07:019][  0]LightingResults: New page: ライティングのビルド
[2021.06.05-03.17.07:033][  0]MapCheck: New page: マップをチェック
[2021.06.05-03.17.07:033][  0]LightingResults: New page: <何も選択されていません>
[2021.06.05-03.17.07:037][  0]LogParticles: Destroying 0 GPU particle simulations for FXSystem 0x0000014F33748EA0
[2021.06.05-03.17.07:711][  0]LogEditorServer: Finished looking for orphan Actors (0.000 secs)
[2021.06.05-03.17.07:720][  0]LogAIModule: Creating AISystem for world Minimal_Default
[2021.06.05-03.17.07:721][  0]Cmd: MAP CHECKDEP
[2021.06.05-03.17.07:721][  0]MapCheck: New page: Minimal_Default - 2021/06/05 21:17:07
[2021.06.05-03.17.07:816][  0]MapCheck: 情報 マップチェックが完了: 0 エラー、 0 警告、完了に 94.562ミリ秒かかりました。
[2021.06.05-03.17.07:816][  0]LogFileHelpers: Loading map 'Minimal_Default' took 0.797
[2021.06.05-03.17.07:944][  0]LogCollectionManager: Loaded 0 collections in 0.001866 seconds
[2021.06.05-03.17.07:952][  0]LogContentBrowser: Native class hierarchy populated in 0.0073 seconds. Added 1696 classes and 261 folders.
[2021.06.05-03.17.07:991][  0]LogContentBrowser: Native class hierarchy updated for 'SceneOutliner' in 0.0024 seconds. Added 1 classes and 2 folders.
[2021.06.05-03.17.08:011][  0]LogContentBrowser: Native class hierarchy updated for 'WorldBrowser' in 0.0024 seconds. Added 1 classes and 3 folders.
[2021.06.05-03.17.08:074][  0]LogCrashTracker: Crashtracker disabled due to settings.
[2021.06.05-03.17.08:075][  0]LogSlate:Warning: Failed to load font data from 'Veranda'
[2021.06.05-03.17.08:085][  0]LogUObjectGlobals:Warning: オブジェクト 'Class なし.' が見つかりませんでした
[2021.06.05-03.17.08:117][  0]LogLoad: Full Startup: 12.87 seconds (BP compile: 0.07 seconds)
[2021.06.05-03.17.08:531][  0]LogContentBrowser:Verbose: The content browser source was changed by the sources view to '/Game/Particles'
[2021.06.05-03.17.08:633][  0]LogRenderer:Warning: Reallocating scene render targets to support 32x32 (Frame:2).
[2021.06.05-03.17.08:732][  0]LogRenderer:Warning: Reallocating scene render targets to support 1200x576 (Frame:5).
[2021.06.05-03.17.09:792][  4]LogAssetRegistry: Asset discovery search completed in 4.1018 seconds
[2021.06.05-03.17.15:473][147]LogContentBrowser:Verbose: The content browser source was changed by the sources view to '/Game/Particles/Materials'
[2021.06.05-03.17.27:054][826]BlueprintLog: New page: PNShurikenActor をコンパイル
[2021.06.05-03.17.27:137][826]BlueprintEditorCompileResults: 情報 [0031.89] PNShurikenActor のコンパイルに成功しました！  [ 82 ミリ秒]
[2021.06.05-03.17.27:978][871]Cmd: OBJ SAVEPACKAGE PACKAGE="/Game/Blueprints/PNShurikenActor" FILE="../../../../../../Users/magi1/Documents/PaperNinja_FirstTime/PaperNinja/Content/Blueprints/PNShurikenActor.uasset" SILENT=true
[2021.06.05-03.17.28:435][871]LogSavePackage: Save=335.068512ms
[2021.06.05-03.17.28:435][871]LogSavePackage: Moving '../../../../../../Users/magi1/Documents/PaperNinja_FirstTime/PaperNinja/Saved/PNShurikenActorD08161A245C3DC62B86152A57CC82394.tmp' to '../../../../../../Users/magi1/Documents/PaperNinja_FirstTime/PaperNinja/Content/Blueprints/PNShurikenActor.uasset'
[2021.06.05-03.17.46:173][907]BlueprintLog: New page: PNShurikenActor をコンパイル
[2021.06.05-03.17.46:235][907]LogActorComponent: UnregisterComponent: (/Engine/Transient.RotatingMovementComponent_0) Not registered. Aborting.
[2021.06.05-03.17.46:250][907]BlueprintEditorCompileResults: 情報 [0051.00] PNShurikenActor のコンパイルに成功しました！  [ 76 ミリ秒]
[2021.06.05-03.17.47:032][950]Cmd: OBJ SAVEPACKAGE PACKAGE="/Game/Blueprints/PNShurikenActor" FILE="../../../../../../Users/magi1/Documents/PaperNinja_FirstTime/PaperNinja/Content/Blueprints/PNShurikenActor.uasset" SILENT=true
[2021.06.05-03.17.47:466][950]LogSavePackage: Save=331.251099ms
[2021.06.05-03.17.47:466][950]LogSavePackage: Moving '../../../../../../Users/magi1/Documents/PaperNinja_FirstTime/PaperNinja/Saved/PNShurikenActor540660B748CCDA21F6DE9EBA5210C64C.tmp' to '../../../../../../Users/magi1/Documents/PaperNinja_FirstTime/PaperNinja/Content/Blueprints/PNShurikenActor.uasset'
[2021.06.05-03.17.50:321][117]LogContentBrowser:Verbose: The content browser source was changed by the sources view to '/Game/Architecture'
[2021.06.05-03.17.51:153][166]LogContentBrowser:Verbose: The content browser source was changed by the sources view to '/Game/Blueprints'
[2021.06.05-03.17.52:261][230]LogContentBrowser:Verbose: The content browser source was changed by the sources view to '/Game/Materials'
[2021.06.05-03.17.53:161][284]LogContentBrowser:Verbose: The content browser source was changed by the sources view to '/Game/Architecture'
[2021.06.05-03.17.53:776][320]LogContentBrowser:Verbose: The content browser source was changed by the sources view to '/Game/Animations'
[2021.06.05-03.17.54:377][355]LogContentBrowser:Verbose: The content browser source was changed by the sources view to '/Game/Audio'
[2021.06.05-03.17.55:001][389]LogContentBrowser:Verbose: The content browser source was changed by the sources view to '/Game/Characters'
[2021.06.05-03.17.55:874][441]LogContentBrowser:Verbose: The content browser source was changed by the sources view to '/Game/Maps'
[2021.06.05-03.17.56:774][495]LogContentBrowser:Verbose: The content browser source was changed by the sources view to '/Game/Maps/Test'
[2021.06.05-03.18.04:376][937]LogParticles:Warning: InitializeSystem called on an unregistered component. Template=/Game/Particles/PS_FireBall.PS_FireBall Component=/Game/Maps/Test/Test_Movement_Projectile.Test_Movement_Projectile:PersistentLevel.PNProj_Fireball_C_1.ParticleSystem
[2021.06.05-03.18.04:377][937]LogParticles:Warning: InitializeSystem called on an unregistered component. Template=/Game/Particles/PS_FireBall.PS_FireBall Component=/Game/Maps/Test/Test_Movement_Projectile.Test_Movement_Projectile:PersistentLevel.PNProj_Fireball_C_1.ParticleSystem
[2021.06.05-03.18.04:383][937]LogActorComponent: UnregisterComponent: (/Engine/Transient.RotatingMovementComponent_0) Not registered. Aborting.
[2021.06.05-03.18.04:399][937]Cmd: MAP LOAD FILE="../../../../../../Users/magi1/Documents/PaperNinja_FirstTime/PaperNinja/Content/Maps/Test/Test_Movement_Projectile.umap" TEMPLATE=0 SHOWPROGRESS=1 FEATURELEVEL=3
[2021.06.05-03.18.04:399][937]LightingResults: New page: ライティングのビルド
[2021.06.05-03.18.04:427][937]LoadErrors: New page: マップをロード中: Test_Movement_Projectile.umap
[2021.06.05-03.18.04:428][937]MapCheck: New page: マップをチェック
[2021.06.05-03.18.04:428][937]LightingResults: New page: <何も選択されていません>
[2021.06.05-03.18.04:437][937]LogParticles: Destroying 0 GPU particle simulations for FXSystem 0x0000014F2A7B07C0
[2021.06.05-03.18.04:466][937]LogEditorServer: Finished looking for orphan Actors (0.000 secs)
[2021.06.05-03.18.04:468][937]LogAIModule: Creating AISystem for world Test_Movement_Projectile
[2021.06.05-03.18.04:512][937]Cmd: MAP CHECKDEP
[2021.06.05-03.18.04:512][937]MapCheck: New page: Test_Movement_Projectile - 2021/06/05 21:18:04
[2021.06.05-03.18.04:630][937]MapCheck: 情報 マップチェックが完了: 0 エラー、 0 警告、完了に 117.763ミリ秒かかりました。
[2021.06.05-03.18.04:631][937]LogFileHelpers: Loading map 'Test_Movement_Projectile' took 0.234
[2021.06.05-03.18.05:626][988]LogActorComponent: UnregisterComponent: (/Engine/Transient.RotatingMovementComponent_0) Not registered. Aborting.
[2021.06.05-03.18.05:639][988]Cmd: MAP LOAD FILE="../../../../../../Users/magi1/Documents/PaperNinja_FirstTime/PaperNinja/Content/Maps/Test/Test_Movement_Rotating.umap" TEMPLATE=0 SHOWPROGRESS=1 FEATURELEVEL=3
[2021.06.05-03.18.05:639][988]LightingResults: New page: ライティングのビルド
[2021.06.05-03.18.05:667][988]LoadErrors: New page: マップをロード中: Test_Movement_Rotating.umap
[2021.06.05-03.18.05:668][988]MapCheck: New page: マップをチェック
[2021.06.05-03.18.05:668][988]LightingResults: New page: <何も選択されていません>
[2021.06.05-03.18.05:676][988]LogParticles: Destroying 0 GPU particle simulations for FXSystem 0x0000014F2B140A40
[2021.06.05-03.18.05:711][988]LogEditorServer: Finished looking for orphan Actors (0.000 secs)
[2021.06.05-03.18.05:715][988]LogAIModule: Creating AISystem for world Test_Movement_Rotating
[2021.06.05-03.18.05:759][988]Cmd: MAP CHECKDEP
[2021.06.05-03.18.05:759][988]MapCheck: New page: Test_Movement_Rotating - 2021/06/05 21:18:05
[2021.06.05-03.18.05:878][988]MapCheck: 情報 マップチェックが完了: 0 エラー、 0 警告、完了に 118.088ミリ秒かかりました。
[2021.06.05-03.18.05:879][988]LogFileHelpers: Loading map 'Test_Movement_Rotating' took 0.242
[2021.06.05-03.18.07:476][ 79]LogActorComponent: UnregisterComponent: (/Engine/Transient.RotatingMovementComponent_0) Not registered. Aborting.
[2021.06.05-03.18.07:476][ 79]LogActorComponent: UnregisterComponent: (/Engine/Transient.RotatingMovementComponent_1) Not registered. Aborting.
[2021.06.05-03.18.07:489][ 79]Cmd: MAP LOAD FILE="../../../../../../Users/magi1/Documents/PaperNinja_FirstTime/PaperNinja/Content/Maps/Test/Test_Movement_Actor.umap" TEMPLATE=0 SHOWPROGRESS=1 FEATURELEVEL=3
[2021.06.05-03.18.07:489][ 79]LightingResults: New page: ライティングのビルド
[2021.06.05-03.18.07:518][ 79]LoadErrors: New page: マップをロード中: Test_Movement_Actor.umap
[2021.06.05-03.18.07:519][ 79]MapCheck: New page: マップをチェック
[2021.06.05-03.18.07:519][ 79]LightingResults: New page: <何も選択されていません>
[2021.06.05-03.18.07:566][ 79]LogParticles: Destroying 0 GPU particle simulations for FXSystem 0x0000014F607A1E40
[2021.06.05-03.18.07:566][ 79]LogEditorServer: Finished looking for orphan Actors (0.000 secs)
[2021.06.05-03.18.07:569][ 79]LogAIModule: Creating AISystem for world Test_Movement_Actor
[2021.06.05-03.18.07:614][ 79]Cmd: MAP CHECKDEP
[2021.06.05-03.18.07:614][ 79]MapCheck: New page: Test_Movement_Actor - 2021/06/05 21:18:07
[2021.06.05-03.18.07:729][ 79]MapCheck: 情報 マップチェックが完了: 0 エラー、 0 警告、完了に 114.652ミリ秒かかりました。
[2021.06.05-03.18.07:730][ 79]LogFileHelpers: Loading map 'Test_Movement_Actor' took 0.243
[2021.06.05-03.18.09:524][182]LogPlayLevel: PIE:  No blueprints needed recompiling
[2021.06.05-03.18.09:524][182]PIE: New page: PIEセッション: Test_Movement_Actor (2021/06/05 21:18:09)
[2021.06.05-03.18.09:527][182]LogPlayLevel: PIE: StaticDuplicateObject took: (0.002692s)
[2021.06.05-03.18.09:528][182]LogPlayLevel: PIE: World Init took: (0.000373s)
[2021.06.05-03.18.09:528][182]LogPlayLevel: PIE: Created PIE world by copying editor world from /Game/Maps/Test/Test_Movement_Actor.Test_Movement_Actor to /Game/Maps/Test/UEDPIE_0_Test_Movement_Actor.Test_Movement_Actor (0.003181s)
[2021.06.05-03.18.10:909][182]LogWorld: Game class is 'PNGameMode_C'
[2021.06.05-03.18.10:912][182]LogAIModule: Creating AISystem for world Test_Movement_Actor
[2021.06.05-03.18.10:915][182]LogWorld: Bringing World /Game/Maps/Test/UEDPIE_0_Test_Movement_Actor.Test_Movement_Actor up for play (max tick rate 60) at 2021.06.05-12.18.10
[2021.06.05-03.18.10:916][182]LogWorld: Bringing up level for play took: 0.003232
[2021.06.05-03.18.10:933][182]PIE: 情報 /Game/Maps/Test/UEDPIE_0_Test_Movement_Actor 0.422のPIE開始時間
[2021.06.05-03.18.10:955][182]LogRenderer:Warning: Reallocating scene render targets to support 1296x760 (Frame:1303).
[2021.06.05-03.18.11:007][184]LogBlueprintUserMessages: Died!
[2021.06.05-03.18.13:541][333]LogActorComponent: UnregisterComponent: (/Engine/Transient.RotatingMovementComponent_0) Not registered. Aborting.
[2021.06.05-03.18.13:541][333]LogActorComponent: UnregisterComponent: (/Engine/Transient.RotatingMovementComponent_2) Not registered. Aborting.
[2021.06.05-03.18.13:564][333]LogParticles: Destroying 0 GPU particle simulations for FXSystem 0x0000014F2B1437E0
[2021.06.05-03.18.35:930][664]LogPlayLevel: PIE:  No blueprints needed recompiling
[2021.06.05-03.18.35:930][664]PIE: New page: PIEセッション: Test_Movement_Actor (2021/06/05 21:18:35)
[2021.06.05-03.18.35:934][664]LogPlayLevel: PIE: StaticDuplicateObject took: (0.002929s)
[2021.06.05-03.18.35:934][664]LogPlayLevel: PIE: World Init took: (0.000356s)
[2021.06.05-03.18.35:934][664]LogPlayLevel: PIE: Created PIE world by copying editor world from /Game/Maps/Test/Test_Movement_Actor.Test_Movement_Actor to /Game/Maps/Test/UEDPIE_0_Test_Movement_Actor.Test_Movement_Actor (0.003397s)
[2021.06.05-03.18.35:980][664]LogWorld: Game class is 'PNGameMode_C'
[2021.06.05-03.18.35:983][664]LogAIModule: Creating AISystem for world Test_Movement_Actor
[2021.06.05-03.18.35:987][664]LogWorld: Bringing World /Game/Maps/Test/UEDPIE_0_Test_Movement_Actor.Test_Movement_Actor up for play (max tick rate 60) at 2021.06.05-12.18.35
[2021.06.05-03.18.35:988][664]LogWorld: Bringing up level for play took: 0.004442
[2021.06.05-03.18.36:018][664]PIE: 情報 /Game/Maps/Test/UEDPIE_0_Test_Movement_Actor -0.492のPIE開始時間
[2021.06.05-03.18.37:149][730]LogBlueprintUserMessages: Died!
[2021.06.05-03.18.41:896][  9]LogParticles: Destroying 0 GPU particle simulations for FXSystem 0x0000014F62F5F740
[2021.06.05-03.18.41:896][  9]LogActorComponent: ReregisterComponent: (/Game/Maps/Test/Test_Movement_Actor.Test_Movement_Actor:PersistentLevel.PNShurikenActor_C_1.TRASH_AudioComponent_21) Not currently registered. Aborting.
[2021.06.05-03.20.40:803][117]BlueprintLog: New page: PNShurikenActor をコンパイル
[2021.06.05-03.20.40:897][117]BlueprintEditorCompileResults: 情報 [0225.65] PNShurikenActor のコンパイルに成功しました！  [ 94 ミリ秒]
[2021.06.05-03.20.41:659][159]Cmd: OBJ SAVEPACKAGE PACKAGE="/Game/Blueprints/PNShurikenActor" FILE="../../../../../../Users/magi1/Documents/PaperNinja_FirstTime/PaperNinja/Content/Blueprints/PNShurikenActor.uasset" SILENT=true
[2021.06.05-03.20.42:102][159]LogSavePackage: Save=340.218292ms
[2021.06.05-03.20.42:102][159]LogSavePackage: Moving '../../../../../../Users/magi1/Documents/PaperNinja_FirstTime/PaperNinja/Saved/PNShurikenActorC2BA843045C7B3331A3DD98688E26375.tmp' to '../../../../../../Users/magi1/Documents/PaperNinja_FirstTime/PaperNinja/Content/Blueprints/PNShurikenActor.uasset'
[2021.06.05-03.20.47:818][500]LogPlayLevel: PIE:  No blueprints needed recompiling
[2021.06.05-03.20.47:818][500]PIE: New page: PIEセッション: Test_Movement_Actor (2021/06/05 21:20:47)
[2021.06.05-03.20.47:821][500]LogPlayLevel: PIE: StaticDuplicateObject took: (0.003105s)
[2021.06.05-03.20.47:822][500]LogPlayLevel: PIE: World Init took: (0.000342s)
[2021.06.05-03.20.47:822][500]LogPlayLevel: PIE: Created PIE world by copying editor world from /Game/Maps/Test/Test_Movement_Actor.Test_Movement_Actor to /Game/Maps/Test/UEDPIE_0_Test_Movement_Actor.Test_Movement_Actor (0.003552s)
[2021.06.05-03.20.47:871][500]LogWorld: Game class is 'PNGameMode_C'
[2021.06.05-03.20.47:874][500]LogAIModule: Creating AISystem for world Test_Movement_Actor
[2021.06.05-03.20.47:877][500]LogWorld: Bringing World /Game/Maps/Test/UEDPIE_0_Test_Movement_Actor.Test_Movement_Actor up for play (max tick rate 60) at 2021.06.05-12.20.47
[2021.06.05-03.20.47:877][500]LogWorld: Bringing up level for play took: 0.003545
[2021.06.05-03.20.47:903][500]PIE: 情報 /Game/Maps/Test/UEDPIE_0_Test_Movement_Actor -0.607のPIE開始時間
[2021.06.05-03.20.52:645][778]LogActorComponent: UnregisterComponent: (/Engine/Transient.RotatingMovementComponent_0) Not registered. Aborting.
[2021.06.05-03.20.52:658][778]LogParticles: Destroying 0 GPU particle simulations for FXSystem 0x0000014F62FCC4A0
[2021.06.05-03.20.52:666][778]LogActorComponent: ReregisterComponent: (/Game/Maps/Test/Test_Movement_Actor.Test_Movement_Actor:PersistentLevel.PNShurikenActor_C_1.TRASH_AudioComponent_21) Not currently registered. Aborting.
[2021.06.05-03.21.14:639][ 92]LogPlayLevel: PIE:  No blueprints needed recompiling
[2021.06.05-03.21.14:639][ 92]PIE: New page: PIEセッション: Test_Movement_Actor (2021/06/05 21:21:14)
[2021.06.05-03.21.14:642][ 92]LogPlayLevel: PIE: StaticDuplicateObject took: (0.003453s)
[2021.06.05-03.21.14:643][ 92]LogPlayLevel: PIE: World Init took: (0.000612s)
[2021.06.05-03.21.14:643][ 92]LogPlayLevel: PIE: Created PIE world by copying editor world from /Game/Maps/Test/Test_Movement_Actor.Test_Movement_Actor to /Game/Maps/Test/UEDPIE_0_Test_Movement_Actor.Test_Movement_Actor (0.004276s)
[2021.06.05-03.21.14:689][ 92]LogWorld: Game class is 'PNGameMode_C'
[2021.06.05-03.21.14:691][ 92]LogAIModule: Creating AISystem for world Test_Movement_Actor
[2021.06.05-03.21.14:694][ 92]LogWorld: Bringing World /Game/Maps/Test/UEDPIE_0_Test_Movement_Actor.Test_Movement_Actor up for play (max tick rate 60) at 2021.06.05-12.21.14
[2021.06.05-03.21.14:695][ 92]LogWorld: Bringing up level for play took: 0.003677
[2021.06.05-03.21.14:719][ 92]PIE: 情報 /Game/Maps/Test/UEDPIE_0_Test_Movement_Actor 0.209のPIE開始時間
[2021.06.05-03.21.21:152][470]LogParticles: Destroying 0 GPU particle simulations for FXSystem 0x0000014F5FD851C0
[2021.06.05-03.21.21:153][470]LogActorComponent: ReregisterComponent: (/Game/Maps/Test/Test_Movement_Actor.Test_Movement_Actor:PersistentLevel.PNShurikenActor_C_1.TRASH_AudioComponent_21) Not currently registered. Aborting.
[2021.06.05-03.21.21:153][470]LogActorComponent: ReregisterComponent: (/Game/Maps/Test/Test_Movement_Actor.Test_Movement_Actor:PersistentLevel.PNShurikenActor_C_1.TRASH_AudioComponent_20) Not currently registered. Aborting.
[2021.06.05-03.23.54:073][830]BlueprintLog: New page: PNShurikenActor をコンパイル
[2021.06.05-03.23.54:200][830]BlueprintEditorCompileResults: 情報 [0418.95] PNShurikenActor のコンパイルに成功しました！  [ 126 ミリ秒]
[2021.06.05-03.23.54:643][852]Cmd: OBJ SAVEPACKAGE PACKAGE="/Game/Blueprints/PNShurikenActor" FILE="../../../../../../Users/magi1/Documents/PaperNinja_FirstTime/PaperNinja/Content/Blueprints/PNShurikenActor.uasset" SILENT=true
[2021.06.05-03.23.55:073][852]LogSavePackage: Save=330.468903ms
[2021.06.05-03.23.55:073][852]LogSavePackage: Moving '../../../../../../Users/magi1/Documents/PaperNinja_FirstTime/PaperNinja/Saved/PNShurikenActor285552244217FE064AEE83AA0A84427A.tmp' to '../../../../../../Users/magi1/Documents/PaperNinja_FirstTime/PaperNinja/Content/Blueprints/PNShurikenActor.uasset'
[2021.06.05-03.23.57:296][981]LogPlayLevel: PIE:  No blueprints needed recompiling
[2021.06.05-03.23.57:296][981]PIE: New page: PIEセッション: Test_Movement_Actor (2021/06/05 21:23:57)
[2021.06.05-03.23.57:299][981]LogPlayLevel: PIE: StaticDuplicateObject took: (0.002524s)
[2021.06.05-03.23.57:299][981]LogPlayLevel: PIE: World Init took: (0.000385s)
[2021.06.05-03.23.57:299][981]LogPlayLevel: PIE: Created PIE world by copying editor world from /Game/Maps/Test/Test_Movement_Actor.Test_Movement_Actor to /Game/Maps/Test/UEDPIE_0_Test_Movement_Actor.Test_Movement_Actor (0.003015s)
[2021.06.05-03.23.57:345][981]LogWorld: Game class is 'PNGameMode_C'
[2021.06.05-03.23.57:348][981]LogAIModule: Creating AISystem for world Test_Movement_Actor
[2021.06.05-03.23.57:351][981]LogWorld: Bringing World /Game/Maps/Test/UEDPIE_0_Test_Movement_Actor.Test_Movement_Actor up for play (max tick rate 60) at 2021.06.05-12.23.57
[2021.06.05-03.23.57:352][981]LogWorld: Bringing up level for play took: 0.003897
[2021.06.05-03.23.57:375][981]PIE: 情報 /Game/Maps/Test/UEDPIE_0_Test_Movement_Actor 0.865のPIE開始時間
[2021.06.05-03.24.08:235][626]LogActorComponent: UnregisterComponent: (/Engine/Transient.RotatingMovementComponent_0) Not registered. Aborting.
[2021.06.05-03.24.08:249][626]LogParticles: Destroying 0 GPU particle simulations for FXSystem 0x0000014F45B065C0
[2021.06.05-03.24.08:257][626]LogActorComponent: ReregisterComponent: (/Game/Maps/Test/Test_Movement_Actor.Test_Movement_Actor:PersistentLevel.PNShurikenActor_C_1.TRASH_AudioComponent_24) Not currently registered. Aborting.
[2021.06.05-03.24.08:257][626]LogActorComponent: ReregisterComponent: (/Game/Maps/Test/Test_Movement_Actor.Test_Movement_Actor:PersistentLevel.PNShurikenActor_C_1.TRASH_AudioComponent_21) Not currently registered. Aborting.
[2021.06.05-03.24.08:257][626]LogActorComponent: ReregisterComponent: (/Game/Maps/Test/Test_Movement_Actor.Test_Movement_Actor:PersistentLevel.PNShurikenActor_C_1.TRASH_AudioComponent_20) Not currently registered. Aborting.
[2021.06.05-03.24.51:347][200]Cmd: DELETE
[2021.06.05-03.24.51:347][200]Cmd: ACTOR DELETE
[2021.06.05-03.24.51:348][200]LogEditorActor: Deleted Actor: PNShurikenActor_C
[2021.06.05-03.24.51:362][200]LogEditorActor: Deleted 1 Actors (0.015 secs)
[2021.06.05-03.26.03:853][527]LogScript:Warning: Accessed None 'CallFunc_TryGetPawnOwner_ReturnValue'
	PNAnimBP_Ninja_C /Engine/Transient.CharacterMesh0:PNAnimBP_Ninja_C_5
	Function /Game/Animations/PNAnimBP_Ninja.PNAnimBP_Ninja_C:ExecuteUbergraph_PNAnimBP_Ninja:02BB
[2021.06.05-03.26.03:853][527]LogScript:Warning: Accessed None 'K2Node_DynamicCast_AsPNPlayer_Pawn'
	PNAnimBP_Ninja_C /Engine/Transient.CharacterMesh0:PNAnimBP_Ninja_C_5
	Function /Game/Animations/PNAnimBP_Ninja.PNAnimBP_Ninja_C:ExecuteUbergraph_PNAnimBP_Ninja:03B5
[2021.06.05-03.26.03:853][527]LogScript:Warning: Accessed None 'CallFunc_TryGetPawnOwner_ReturnValue'
	PNAnimBP_Ninja_C /Engine/Transient.CharacterMesh0:PNAnimBP_Ninja_C_5
	Function /Game/Animations/PNAnimBP_Ninja.PNAnimBP_Ninja_C:ExecuteUbergraph_PNAnimBP_Ninja:02BB
[2021.06.05-03.26.03:853][527]LogScript:Warning: Accessed None 'K2Node_DynamicCast_AsPNPlayer_Pawn'
	PNAnimBP_Ninja_C /Engine/Transient.CharacterMesh0:PNAnimBP_Ninja_C_5
	Function /Game/Animations/PNAnimBP_Ninja.PNAnimBP_Ninja_C:ExecuteUbergraph_PNAnimBP_Ninja:03B5
[2021.06.05-03.26.28:213][979]LogUnrealMath: Expression Error : No value recognized
[2021.06.05-03.26.28:213][979]LogUnrealMath: Expression Error : Error in expression
[2021.06.05-03.27.07:144][ 24]LogActorComponent: UnregisterComponent: (/Engine/Transient.RotatingMovementComponent_0) Not registered. Aborting.
[2021.06.05-03.27.07:144][ 24]LogActorComponent: UnregisterComponent: (/Engine/Transient.CharMoveComp) Not registered. Aborting.
[2021.06.05-03.27.07:144][ 24]LogActorComponent: UnregisterComponent: (/Engine/Transient.RotatingMovementComponent_3) Not registered. Aborting.
[2021.06.05-03.27.07:144][ 24]LogActorComponent: UnregisterComponent: (/Engine/Transient.MovementComponent0) Not registered. Aborting.
[2021.06.05-03.27.07:290][ 24]LogSavePackage: Save=34.242100ms
[2021.06.05-03.27.07:290][ 24]LogSavePackage: Moving '../../../../../../Users/magi1/Documents/PaperNinja_FirstTime/PaperNinja/Saved/Test_Movement_Actor9C6D9D40496F6EB7870133A644ADAF2D.tmp' to '../../../../../../Users/magi1/Documents/PaperNinja_FirstTime/PaperNinja/Content/Maps/Test/Test_Movement_Actor.umap'
[2021.06.05-03.27.20:743][816]LogScript:Warning: Accessed None 'CallFunc_TryGetPawnOwner_ReturnValue'
	PNAnimBP_Ninja_C /Engine/Transient.CharacterMesh0:PNAnimBP_Ninja_C_6
	Function /Game/Animations/PNAnimBP_Ninja.PNAnimBP_Ninja_C:ExecuteUbergraph_PNAnimBP_Ninja:02BB
[2021.06.05-03.27.20:743][816]LogScript:Warning: Accessed None 'K2Node_DynamicCast_AsPNPlayer_Pawn'
	PNAnimBP_Ninja_C /Engine/Transient.CharacterMesh0:PNAnimBP_Ninja_C_6
	Function /Game/Animations/PNAnimBP_Ninja.PNAnimBP_Ninja_C:ExecuteUbergraph_PNAnimBP_Ninja:03B5
[2021.06.05-03.27.20:743][816]LogScript:Warning: Accessed None 'CallFunc_TryGetPawnOwner_ReturnValue'
	PNAnimBP_Ninja_C /Engine/Transient.CharacterMesh0:PNAnimBP_Ninja_C_6
	Function /Game/Animations/PNAnimBP_Ninja.PNAnimBP_Ninja_C:ExecuteUbergraph_PNAnimBP_Ninja:02BB
[2021.06.05-03.27.20:743][816]LogScript:Warning: Accessed None 'K2Node_DynamicCast_AsPNPlayer_Pawn'
	PNAnimBP_Ninja_C /Engine/Transient.CharacterMesh0:PNAnimBP_Ninja_C_6
	Function /Game/Animations/PNAnimBP_Ninja.PNAnimBP_Ninja_C:ExecuteUbergraph_PNAnimBP_Ninja:03B5
[2021.06.05-03.27.24:202][ 13]BlueprintLog: New page: Test_Movement_Actor をコンパイル
[2021.06.05-03.27.24:227][ 13]LogActorComponent: UnregisterComponent: (/Engine/Transient.RotatingMovementComponent_0) Not registered. Aborting.
[2021.06.05-03.27.24:227][ 13]LogActorComponent: UnregisterComponent: (/Engine/Transient.CharMoveComp) Not registered. Aborting.
[2021.06.05-03.27.24:228][ 13]LogActorComponent: UnregisterComponent: (/Engine/Transient.RotatingMovementComponent_4) Not registered. Aborting.
[2021.06.05-03.27.24:240][ 13]BlueprintEditorCompileResults: 情報 [0628.99] Test_Movement_Actor のコンパイルに成功しました！  [ 38 ミリ秒]
[2021.06.05-03.29.06:427][ 66]BlueprintLog: New page: Test_Movement_Actor をコンパイル
[2021.06.05-03.29.06:475][ 66]BlueprintEditorCompileResults: 情報 [0731.22] Test_Movement_Actor のコンパイルに成功しました！  [ 48 ミリ秒]
[2021.06.05-03.29.09:133][226]BlueprintLog: New page: Test_Movement_Actor をコンパイル
[2021.06.05-03.29.09:181][226]BlueprintEditorCompileResults: 情報 [0733.93] Test_Movement_Actor のコンパイルに成功しました！  [ 47 ミリ秒]
[2021.06.05-03.29.16:317][651]BlueprintLog: New page: PIE以前の自動再コンパイル
[2021.06.05-03.29.16:318][651]LogPlayLevel: [PIE] Compiling Test_Movement_Actor before PIE...
[2021.06.05-03.29.16:365][651]LogPlayLevel: PIE:  Blueprint regeneration took 48 ms (1 blueprints)
[2021.06.05-03.29.16:365][651]PIE: New page: PIEセッション: Test_Movement_Actor (2021/06/05 21:29:16)
[2021.06.05-03.29.16:368][651]LogBlueprint:Warning: FMemberReference::ResolveMember (GetTransform) bSelfContext == true, but no scope supplied!
[2021.06.05-03.29.16:368][651]LogBlueprint:Warning: FMemberReference::ResolveMember (GetTransform) bSelfContext == true, but no scope supplied!
[2021.06.05-03.29.16:370][651]LogPlayLevel: PIE: StaticDuplicateObject took: (0.004219s)
[2021.06.05-03.29.16:370][651]LogPlayLevel: PIE: World Init took: (0.000404s)
[2021.06.05-03.29.16:371][651]LogPlayLevel: PIE: Created PIE world by copying editor world from /Game/Maps/Test/Test_Movement_Actor.Test_Movement_Actor to /Game/Maps/Test/UEDPIE_0_Test_Movement_Actor.Test_Movement_Actor (0.004750s)
[2021.06.05-03.29.16:418][651]LogWorld: Game class is 'PNGameMode_C'
[2021.06.05-03.29.16:421][651]LogAIModule: Creating AISystem for world Test_Movement_Actor
[2021.06.05-03.29.16:425][651]LogWorld: Bringing World /Game/Maps/Test/UEDPIE_0_Test_Movement_Actor.Test_Movement_Actor up for play (max tick rate 60) at 2021.06.05-12.29.16
[2021.06.05-03.29.16:426][651]LogWorld: Bringing up level for play took: 0.003994
[2021.06.05-03.29.16:464][651]PIE: 情報 /Game/Maps/Test/UEDPIE_0_Test_Movement_Actor -0.046のPIE開始時間
[2021.06.05-03.29.18:467][769]LogBlueprintUserMessages: Died!
[2021.06.05-03.29.19:729][839]LogParticles: Destroying 0 GPU particle simulations for FXSystem 0x0000014F02918220
[2021.06.05-03.29.47:928][526]BlueprintLog: New page: PNShurikenActor をコンパイル
[2021.06.05-03.29.48:010][526]BlueprintEditorCompileResults: 情報 [0772.76] PNShurikenActor のコンパイルに成功しました！  [ 82 ミリ秒]
[2021.06.05-03.32.33:819][473]BlueprintLog: New page: Test_Movement_Actor をコンパイル
[2021.06.05-03.32.33:869][473]BlueprintEditorCompileResults: 情報 [0938.62] Test_Movement_Actor のコンパイルに成功しました！  [ 50 ミリ秒]
[2021.06.05-03.37.08:441][ 66]LogSavePackage: Save=86.112801ms
[2021.06.05-03.37.08:441][ 66]LogSavePackage: Moving '../../../../../../Users/magi1/Documents/PaperNinja_FirstTime/PaperNinja/Saved/Test_Movement_Actor_Auto1406A0CA64FA1DB390646B4A1D7A87120.tmp' to '../../../../../../Users/magi1/Documents/PaperNinja_FirstTime/PaperNinja/Saved/Autosaves/Game/Maps/Test/Test_Movement_Actor_Auto1.umap'
[2021.06.05-03.37.08:454][ 66]LogFileHelpers: Editor autosave (incl. sublevels) for '/Game/Maps/Test/Test_Movement_Actor' took 0.263
[2021.06.05-03.37.08:454][ 66]LogFileHelpers: Editor autosave (incl. sublevels) for all levels took 0.263
[2021.06.05-03.37.08:491][ 66]OBJ SavePackage: Generating thumbnails for [1] asset(s) in package [/Game/Blueprints/PNShurikenActor] ([1] browsable assets)...
[2021.06.05-03.37.08:510][ 66]OBJ SavePackage:     Rendered thumbnail for [Blueprint /Game/Blueprints/PNShurikenActor.PNShurikenActor]
[2021.06.05-03.37.08:510][ 66]OBJ SavePackage: Finished generating thumbnails for package [/Game/Blueprints/PNShurikenActor]
[2021.06.05-03.37.09:057][ 66]LogSavePackage: Save=428.972992ms
[2021.06.05-03.37.09:058][ 66]LogSavePackage: Moving '../../../../../../Users/magi1/Documents/PaperNinja_FirstTime/PaperNinja/Saved/PNShurikenActor_Auto1617E218145B0992FA3E6588E5F0E5598.tmp' to '../../../../../../Users/magi1/Documents/PaperNinja_FirstTime/PaperNinja/Saved/Autosaves/Game/Blueprints/PNShurikenActor_Auto1.uasset'
[2021.06.05-03.37.09:065][ 66]LogFileHelpers: Auto-saving content packages took 0.612
[2021.06.05-04.05.39:295][650]LogSynthBenchmark:Display: FSynthBenchmark (V0.95):  requested WorkScale=1.00
[2021.06.05-04.05.39:295][650]LogSynthBenchmark:Display: ===============
[2021.06.05-04.05.39:295][650]LogSynthBenchmark:Display: Main Processor:
[2021.06.05-04.05.39:329][650]LogSynthBenchmark:Display:          ... 0.016546 s/Run 'RayIntersect'
[2021.06.05-04.05.39:329][650]LogSynthBenchmark:Display:          ... 0.017354 s/Run 'Fractal'
[2021.06.05-04.05.39:329][650]LogSynthBenchmark:Display: 
[2021.06.05-04.05.39:329][650]LogSynthBenchmark:Display:   CompiledTarget_x_Bits: 64
[2021.06.05-04.05.39:329][650]LogSynthBenchmark:Display:   UE_BUILD_SHIPPING: 0
[2021.06.05-04.05.39:329][650]LogSynthBenchmark:Display:   UE_BUILD_TEST: 0
[2021.06.05-04.05.39:329][650]LogSynthBenchmark:Display:   UE_BUILD_DEBUG: 0
[2021.06.05-04.05.39:329][650]LogSynthBenchmark:Display:   TotalPhysicalGBRam: 16
[2021.06.05-04.05.39:329][650]LogSynthBenchmark:Display:   NumberOfCores (physical): 6
[2021.06.05-04.05.39:329][650]LogSynthBenchmark:Display:   NumberOfCores (logical): 12
[2021.06.05-04.05.39:329][650]LogSynthBenchmark:Display:   CPU Perf Index 0: 154.8
[2021.06.05-04.05.39:329][650]LogSynthBenchmark:Display:   CPU Perf Index 1: 164.8
[2021.06.05-04.05.39:329][650]LogSynthBenchmark:Display:  
[2021.06.05-04.05.39:329][650]LogSynthBenchmark:Display: Graphics:
[2021.06.05-04.05.39:329][650]LogSynthBenchmark:Display:   Adapter Name: 'NVIDIA GeForce RTX 2080'
[2021.06.05-04.05.39:329][650]LogSynthBenchmark:Display:   (On Optimus the name might be wrong, memory should be ok)
[2021.06.05-04.05.39:329][650]LogSynthBenchmark:Display:   Vendor Id: 0x10de
[2021.06.05-04.05.39:329][650]LogSynthBenchmark:Display:   GPU Memory: 8010/0/8120 MB
[2021.06.05-04.05.39:350][650]LogSynthBenchmark:Display:   GPU first test: 0.01s
[2021.06.05-04.05.39:350][650]LogSynthBenchmark:Display:          ... 1.321 GigaPix/s, Confidence=89% 'ALUHeavyNoise' (likely to be very inaccurate)
[2021.06.05-04.05.39:350][650]LogSynthBenchmark:Display:          ... 1.140 GigaPix/s, Confidence=100% 'TexHeavy' (likely to be very inaccurate)
[2021.06.05-04.05.39:350][650]LogSynthBenchmark:Display:          ... 0.910 GigaPix/s, Confidence=100% 'DepTexHeavy' (likely to be very inaccurate)
[2021.06.05-04.05.39:350][650]LogSynthBenchmark:Display:          ... 2.180 GigaPix/s, Confidence=89% 'FillOnly' (likely to be very inaccurate)
[2021.06.05-04.05.39:350][650]LogSynthBenchmark:Display:          ... 0.152 GigaPix/s, Confidence=89% 'Bandwidth' (likely to be very inaccurate)
[2021.06.05-04.05.39:392][650]LogSynthBenchmark:Display:   GPU second test: 0.04s
[2021.06.05-04.05.39:392][650]LogSynthBenchmark:Display:          ... 3.800 GigaPix/s, Confidence=100% 'ALUHeavyNoise' (likely to be inaccurate)
[2021.06.05-04.05.39:392][650]LogSynthBenchmark:Display:          ... 2.909 GigaPix/s, Confidence=100% 'TexHeavy' (likely to be inaccurate)
[2021.06.05-04.05.39:392][650]LogSynthBenchmark:Display:          ... 2.585 GigaPix/s, Confidence=100% 'DepTexHeavy' (likely to be inaccurate)
[2021.06.05-04.05.39:392][650]LogSynthBenchmark:Display:          ... 12.965 GigaPix/s, Confidence=100% 'FillOnly' (likely to be inaccurate)
[2021.06.05-04.05.39:392][650]LogSynthBenchmark:Display:          ... 0.261 GigaPix/s, Confidence=100% 'Bandwidth' (likely to be inaccurate)
[2021.06.05-04.05.39:578][650]LogSynthBenchmark:Display:   GPU third test: 0.18s
[2021.06.05-04.05.39:578][650]LogSynthBenchmark:Display:          ... 18.984 GigaPix/s, Confidence=30% 'ALUHeavyNoise'
[2021.06.05-04.05.39:578][650]LogSynthBenchmark:Display:          ... 14.900 GigaPix/s, Confidence=30% 'TexHeavy'
[2021.06.05-04.05.39:578][650]LogSynthBenchmark:Display:          ... 12.653 GigaPix/s, Confidence=30% 'DepTexHeavy'
[2021.06.05-04.05.39:578][650]LogSynthBenchmark:Display:          ... 73.184 GigaPix/s, Confidence=30% 'FillOnly'
[2021.06.05-04.05.39:578][650]LogSynthBenchmark:Display:          ... 0.979 GigaPix/s, Confidence=30% 'Bandwidth'
[2021.06.05-04.05.39:578][650]LogSynthBenchmark:Display: 
[2021.06.05-04.05.39:578][650]LogSynthBenchmark:Display:   GPU Perf Index 0: 412.6
[2021.06.05-04.05.39:578][650]LogSynthBenchmark:Display:   GPU Perf Index 1: 200.1
[2021.06.05-04.05.39:578][650]LogSynthBenchmark:Display:   GPU Perf Index 2: 328.9
[2021.06.05-04.05.39:578][650]LogSynthBenchmark:Display:   GPU Perf Index 3: 287.4
[2021.06.05-04.05.39:578][650]LogSynthBenchmark:Display:   GPU Perf Index 4: 91.3
[2021.06.05-04.05.39:578][650]LogSynthBenchmark:Display:   CPUIndex: 154.8
[2021.06.05-04.05.39:578][650]LogSynthBenchmark:Display:   GPUIndex: 412.6
[2021.06.05-04.05.39:578][650]LogSynthBenchmark:Display: 
[2021.06.05-04.05.39:578][650]LogSynthBenchmark:Display:          ... Total Time: 0.282565 sec
[2021.06.05-04.05.39:578][650]LogConsoleManager:Warning: Console variable 'r.Streaming.PoolSize' wasn't set (Priority Code < Scalability)
[2021.06.05-04.05.39:578][650]LogConsoleManager:Warning: Console variable 'r.MaterialQualityLevel' wasn't set (Priority Console < Scalability)
[2021.06.05-04.05.39:583][650]LogConsoleManager:Warning: Console variable 'r.Streaming.PoolSize' wasn't set (Priority Code < Scalability)
[2021.06.05-04.05.39:583][650]LogConsoleManager:Warning: Console variable 'r.MaterialQualityLevel' wasn't set (Priority Console < Scalability)
[2021.06.05-04.13.03:232][217]LogActorComponent: UnregisterComponent: (/Engine/Transient.RotatingMovementComponent_0) Not registered. Aborting.
[2021.06.05-04.13.03:503][217]LogSavePackage: Save=83.238403ms
[2021.06.05-04.13.03:503][217]LogSavePackage: Moving '../../../../../../Users/magi1/Documents/PaperNinja_FirstTime/PaperNinja/Saved/Test_Movement_Actor_Auto2F94AAB1743D25A4720F02E84A91C5173.tmp' to '../../../../../../Users/magi1/Documents/PaperNinja_FirstTime/PaperNinja/Saved/Autosaves/Game/Maps/Test/Test_Movement_Actor_Auto2.umap'
[2021.06.05-04.13.03:514][217]LogFileHelpers: Editor autosave (incl. sublevels) for '/Game/Maps/Test/Test_Movement_Actor' took 0.282
[2021.06.05-04.13.03:514][217]LogFileHelpers: Editor autosave (incl. sublevels) for all levels took 0.282
[2021.06.05-04.13.25:440][531]BlueprintLog: New page: Test_Movement_Actor をコンパイル
[2021.06.05-04.13.25:485][531]BlueprintEditorCompileResults: 情報 [3392.73] Test_Movement_Actor のコンパイルに成功しました！  [ 45 ミリ秒]
[2021.06.05-04.13.28:159][667]LogActorComponent: UnregisterComponent: (/Engine/Transient.RotatingMovementComponent_0) Not registered. Aborting.
[2021.06.05-04.13.29:561][667]Cmd: OBJ SAVEPACKAGE PACKAGE="/Game/Blueprints/PNShurikenActor" FILE="../../../../../../Users/magi1/Documents/PaperNinja_FirstTime/PaperNinja/Content/Blueprints/PNShurikenActor.uasset" SILENT=true
[2021.06.05-04.13.29:732][667]LogSavePackage: Save=63.481300ms
[2021.06.05-04.13.29:732][667]LogSavePackage: Moving '../../../../../../Users/magi1/Documents/PaperNinja_FirstTime/PaperNinja/Saved/PNShurikenActor662A4AD54B60D4BEDB3F2F91C62BB99E.tmp' to '../../../../../../Users/magi1/Documents/PaperNinja_FirstTime/PaperNinja/Content/Blueprints/PNShurikenActor.uasset'
[2021.06.05-04.13.30:075][667]LogSavePackage: Save=88.399200ms
[2021.06.05-04.13.30:075][667]LogSavePackage: Moving '../../../../../../Users/magi1/Documents/PaperNinja_FirstTime/PaperNinja/Saved/Test_Movement_Actor4ADC110442C7DF97790F0BBC27954D4B.tmp' to '../../../../../../Users/magi1/Documents/PaperNinja_FirstTime/PaperNinja/Content/Maps/Test/Test_Movement_Actor.umap'
[2021.06.05-04.13.30:125][667]LogFileHelpers: Saving map 'Test_Movement_Actor' took 0.386
[2021.06.05-04.13.30:527][690]BlueprintLog: New page: PIE以前の自動再コンパイル
[2021.06.05-04.13.30:528][690]LogPlayLevel: [PIE] Compiling Test_Movement_Actor before PIE...
[2021.06.05-04.13.30:577][690]LogPlayLevel: PIE:  Blueprint regeneration took 50 ms (1 blueprints)
[2021.06.05-04.13.30:577][690]PIE: New page: PIEセッション: Test_Movement_Actor (2021/06/05 22:13:30)
[2021.06.05-04.13.30:581][690]LogBlueprint:Warning: FMemberReference::ResolveMember (GetTransform) bSelfContext == true, but no scope supplied!
[2021.06.05-04.13.30:581][690]LogBlueprint:Warning: FMemberReference::ResolveMember (GetTransform) bSelfContext == true, but no scope supplied!
[2021.06.05-04.13.30:587][690]LogPlayLevel: PIE: StaticDuplicateObject took: (0.009959s)
[2021.06.05-04.13.30:588][690]LogPlayLevel: PIE: World Init took: (0.000410s)
[2021.06.05-04.13.30:588][690]LogPlayLevel: PIE: Created PIE world by copying editor world from /Game/Maps/Test/Test_Movement_Actor.Test_Movement_Actor to /Game/Maps/Test/UEDPIE_0_Test_Movement_Actor.Test_Movement_Actor (0.010479s)
[2021.06.05-04.13.30:639][690]LogWorld: Game class is 'PNGameMode_C'
[2021.06.05-04.13.30:642][690]LogAIModule: Creating AISystem for world Test_Movement_Actor
[2021.06.05-04.13.30:645][690]LogWorld: Bringing World /Game/Maps/Test/UEDPIE_0_Test_Movement_Actor.Test_Movement_Actor up for play (max tick rate 60) at 2021.06.05-13.13.30
[2021.06.05-04.13.30:646][690]LogWorld: Bringing up level for play took: 0.003512
[2021.06.05-04.13.30:680][690]PIE: 情報 /Game/Maps/Test/UEDPIE_0_Test_Movement_Actor 0.66のPIE開始時間
[2021.06.05-04.13.32:213][774]LogParticles: Destroying 0 GPU particle simulations for FXSystem 0x0000014F62D0A8E0
[2021.06.05-04.13.52:652][996]BlueprintLog: New page: Test_Movement_Actor をコンパイル
[2021.06.05-04.13.52:697][996]BlueprintEditorCompileResults: 情報 [3419.94] Test_Movement_Actor のコンパイルに成功しました！  [ 45 ミリ秒]
[2021.06.05-04.14.11:511][ 38]LogSavePackage: Save=82.987701ms
[2021.06.05-04.14.11:511][ 38]LogSavePackage: Moving '../../../../../../Users/magi1/Documents/PaperNinja_FirstTime/PaperNinja/Saved/Test_Movement_ActorD0352F0546CF606343B2529DB003102C.tmp' to '../../../../../../Users/magi1/Documents/PaperNinja_FirstTime/PaperNinja/Content/Maps/Test/Test_Movement_Actor.umap'
[2021.06.05-04.14.11:558][ 38]LogFileHelpers: Saving map 'Test_Movement_Actor' took 0.380
[2021.06.05-04.14.16:653][344]LogContentBrowser:Verbose: The content browser source was changed by the sources view to '/Game/Blueprints'
[2021.06.05-04.14.16:736][346]LogScript:Warning: Accessed None 'CallFunc_TryGetPawnOwner_ReturnValue'
	PNAnimBP_Ninja_C /Engine/Transient.CharacterMesh0:PNAnimBP_Ninja_C_9
	Function /Game/Animations/PNAnimBP_Ninja.PNAnimBP_Ninja_C:ExecuteUbergraph_PNAnimBP_Ninja:02BB
[2021.06.05-04.14.16:736][346]LogScript:Warning: Accessed None 'K2Node_DynamicCast_AsPNPlayer_Pawn'
	PNAnimBP_Ninja_C /Engine/Transient.CharacterMesh0:PNAnimBP_Ninja_C_9
	Function /Game/Animations/PNAnimBP_Ninja.PNAnimBP_Ninja_C:ExecuteUbergraph_PNAnimBP_Ninja:03B5
[2021.06.05-04.14.16:736][346]LogScript:Warning: Accessed None 'CallFunc_TryGetPawnOwner_ReturnValue'
	PNAnimBP_Ninja_C /Engine/Transient.CharacterMesh0:PNAnimBP_Ninja_C_9
	Function /Game/Animations/PNAnimBP_Ninja.PNAnimBP_Ninja_C:ExecuteUbergraph_PNAnimBP_Ninja:02BB
[2021.06.05-04.14.16:736][346]LogScript:Warning: Accessed None 'K2Node_DynamicCast_AsPNPlayer_Pawn'
	PNAnimBP_Ninja_C /Engine/Transient.CharacterMesh0:PNAnimBP_Ninja_C_9
	Function /Game/Animations/PNAnimBP_Ninja.PNAnimBP_Ninja_C:ExecuteUbergraph_PNAnimBP_Ninja:03B5
[2021.06.05-04.14.53:993][572]LogActorComponent: UnregisterComponent: (/Engine/Transient.RotatingMovementComponent_0) Not registered. Aborting.
[2021.06.05-04.14.53:993][572]LogActorComponent: UnregisterComponent: (/Engine/Transient.CharMoveComp) Not registered. Aborting.
[2021.06.05-04.14.53:993][572]LogActorComponent: UnregisterComponent: (/Engine/Transient.RotatingMovementComponent_5) Not registered. Aborting.
[2021.06.05-04.14.54:231][572]LogContentBrowser:Verbose: The content browser source was changed by the sources view to 'None'
[2021.06.05-04.14.54:231][572]LogContentBrowser:Verbose: The content browser source was changed by the sources view to '/Game/Blueprints'
[2021.06.05-04.14.54:243][572]LogScript:Warning: Accessed None 'CallFunc_TryGetPawnOwner_ReturnValue'
	PNAnimBP_Ninja_C /Engine/Transient.CharacterMesh0:PNAnimBP_Ninja_C_10
	Function /Game/Animations/PNAnimBP_Ninja.PNAnimBP_Ninja_C:ExecuteUbergraph_PNAnimBP_Ninja:02BB
[2021.06.05-04.14.54:243][572]LogScript:Warning: Accessed None 'K2Node_DynamicCast_AsPNPlayer_Pawn'
	PNAnimBP_Ninja_C /Engine/Transient.CharacterMesh0:PNAnimBP_Ninja_C_10
	Function /Game/Animations/PNAnimBP_Ninja.PNAnimBP_Ninja_C:ExecuteUbergraph_PNAnimBP_Ninja:03B5
[2021.06.05-04.14.54:243][572]LogScript:Warning: Accessed None 'CallFunc_TryGetPawnOwner_ReturnValue'
	PNAnimBP_Ninja_C /Engine/Transient.CharacterMesh0:PNAnimBP_Ninja_C_10
	Function /Game/Animations/PNAnimBP_Ninja.PNAnimBP_Ninja_C:ExecuteUbergraph_PNAnimBP_Ninja:02BB
[2021.06.05-04.14.54:243][572]LogScript:Warning: Accessed None 'K2Node_DynamicCast_AsPNPlayer_Pawn'
	PNAnimBP_Ninja_C /Engine/Transient.CharacterMesh0:PNAnimBP_Ninja_C_10
	Function /Game/Animations/PNAnimBP_Ninja.PNAnimBP_Ninja_C:ExecuteUbergraph_PNAnimBP_Ninja:03B5
[2021.06.05-04.14.55:565][647]LogRenderer:Warning: Reallocating scene render targets to support 1296x904 (Frame:24134).
[2021.06.05-04.16.04:908][707]LogSlate:Warning: Prevented a slow task dialog from being summoned while a context menu was open
[2021.06.05-04.16.20:773][646]BlueprintLog: New page: PNSawner_Shuriken をコンパイル
[2021.06.05-04.16.20:832][646]LogActorComponent: UnregisterComponent: (/Engine/Transient.RotatingMovementComponent_0) Not registered. Aborting.
[2021.06.05-04.16.20:832][646]LogActorComponent: UnregisterComponent: (/Engine/Transient.CharMoveComp) Not registered. Aborting.
[2021.06.05-04.16.20:832][646]LogActorComponent: UnregisterComponent: (/Engine/Transient.RotatingMovementComponent_6) Not registered. Aborting.
[2021.06.05-04.16.20:850][646]BlueprintEditorCompileResults: 情報 [3568.09] PNSawner_Shuriken のコンパイルに成功しました！  [ 77 ミリ秒]
[2021.06.05-04.16.21:343][673]Cmd: OBJ SAVEPACKAGE PACKAGE="/Game/Blueprints/PNSawner_Shuriken" FILE="../../../../../../Users/magi1/Documents/PaperNinja_FirstTime/PaperNinja/Content/Blueprints/PNSawner_Shuriken.uasset" SILENT=true
[2021.06.05-04.16.21:365][673]LogSavePackage: Save=17.775600ms
[2021.06.05-04.16.21:365][673]LogSavePackage: Moving '../../../../../../Users/magi1/Documents/PaperNinja_FirstTime/PaperNinja/Saved/PNSawner_ShurikenEF880DA24135453E84B925AD7641E65B.tmp' to '../../../../../../Users/magi1/Documents/PaperNinja_FirstTime/PaperNinja/Content/Blueprints/PNSawner_Shuriken.uasset'
[2021.06.05-04.17.17:085][983]BlueprintLog: New page: PNSawner_Shuriken をコンパイル
[2021.06.05-04.17.17:145][983]BlueprintEditorCompileResults: 情報 [3624.38] PNSawner_Shuriken のコンパイルに成功しました！  [ 60 ミリ秒]
[2021.06.05-04.17.18:066][ 36]Cmd: OBJ SAVEPACKAGE PACKAGE="/Game/Blueprints/PNSawner_Shuriken" FILE="../../../../../../Users/magi1/Documents/PaperNinja_FirstTime/PaperNinja/Content/Blueprints/PNSawner_Shuriken.uasset" SILENT=true
[2021.06.05-04.17.18:190][ 36]LogSavePackage: Save=21.804399ms
[2021.06.05-04.17.18:190][ 36]LogSavePackage: Moving '../../../../../../Users/magi1/Documents/PaperNinja_FirstTime/PaperNinja/Saved/PNSawner_ShurikenDDE0C5E0499724DD3099F182E7551424.tmp' to '../../../../../../Users/magi1/Documents/PaperNinja_FirstTime/PaperNinja/Content/Blueprints/PNSawner_Shuriken.uasset'
[2021.06.05-04.18.34:296][ 56]BlueprintLog: New page: PNSawner_Shuriken をコンパイル
[2021.06.05-04.18.34:358][ 56]BlueprintEditorCompileResults: 情報 [3701.60] PNSawner_Shuriken のコンパイルに成功しました！  [ 61 ミリ秒]
[2021.06.05-04.18.35:251][107]Cmd: OBJ SAVEPACKAGE PACKAGE="/Game/Blueprints/PNSawner_Shuriken" FILE="../../../../../../Users/magi1/Documents/PaperNinja_FirstTime/PaperNinja/Content/Blueprints/PNSawner_Shuriken.uasset" SILENT=true
[2021.06.05-04.18.35:379][107]LogSavePackage: Save=26.397800ms
[2021.06.05-04.18.35:379][107]LogSavePackage: Moving '../../../../../../Users/magi1/Documents/PaperNinja_FirstTime/PaperNinja/Saved/PNSawner_Shuriken340B09804028FB5077AE07ACE68363BF.tmp' to '../../../../../../Users/magi1/Documents/PaperNinja_FirstTime/PaperNinja/Content/Blueprints/PNSawner_Shuriken.uasset'
[2021.06.05-04.18.37:082][207]BlueprintLog: New page: PIE以前の自動再コンパイル
[2021.06.05-04.18.37:083][207]LogPlayLevel: [PIE] Compiling Test_Movement_Actor before PIE...
[2021.06.05-04.18.37:122][207]LogActorComponent: UnregisterComponent: (/Engine/Transient.RotatingMovementComponent_0) Not registered. Aborting.
[2021.06.05-04.18.37:136][207]LogPlayLevel: PIE:  Blueprint regeneration took 54 ms (1 blueprints)
[2021.06.05-04.18.37:136][207]PIE: New page: PIEセッション: Test_Movement_Actor (2021/06/05 22:18:37)
[2021.06.05-04.18.37:140][207]LogBlueprint:Warning: FMemberReference::ResolveMember (GetTransform) bSelfContext == true, but no scope supplied!
[2021.06.05-04.18.37:140][207]LogBlueprint:Warning: FMemberReference::ResolveMember (GetTransform) bSelfContext == true, but no scope supplied!
[2021.06.05-04.18.37:141][207]LogPlayLevel: PIE: StaticDuplicateObject took: (0.004559s)
[2021.06.05-04.18.37:142][207]LogPlayLevel: PIE: World Init took: (0.000403s)
[2021.06.05-04.18.37:142][207]LogPlayLevel: PIE: Created PIE world by copying editor world from /Game/Maps/Test/Test_Movement_Actor.Test_Movement_Actor to /Game/Maps/Test/UEDPIE_0_Test_Movement_Actor.Test_Movement_Actor (0.005090s)
[2021.06.05-04.18.37:191][207]LogWorld: Game class is 'PNGameMode_C'
[2021.06.05-04.18.37:195][207]LogAIModule: Creating AISystem for world Test_Movement_Actor
[2021.06.05-04.18.37:198][207]LogWorld: Bringing World /Game/Maps/Test/UEDPIE_0_Test_Movement_Actor.Test_Movement_Actor up for play (max tick rate 60) at 2021.06.05-13.18.37
[2021.06.05-04.18.37:198][207]LogWorld: Bringing up level for play took: 0.004233
[2021.06.05-04.18.37:233][207]PIE: 情報 /Game/Maps/Test/UEDPIE_0_Test_Movement_Actor -0.787のPIE開始時間
[2021.06.05-04.18.46:673][759]LogParticles: Destroying 0 GPU particle simulations for FXSystem 0x0000014F39F1F6A0
[2021.06.05-04.20.10:286][723]BlueprintLog: New page: PNSawner_Shuriken をコンパイル
[2021.06.05-04.20.10:375][723]BlueprintEditorCompileResults: 情報 [3797.61] PNSawner_Shuriken のコンパイルに成功しました！  [ 88 ミリ秒]
[2021.06.05-04.20.23:672][515]LogScript:Warning: Accessed None 'CallFunc_TryGetPawnOwner_ReturnValue'
	PNAnimBP_Ninja_C /Engine/Transient.CharacterMesh0:PNAnimBP_Ninja_C_12
	Function /Game/Animations/PNAnimBP_Ninja.PNAnimBP_Ninja_C:ExecuteUbergraph_PNAnimBP_Ninja:02BB
[2021.06.05-04.20.23:672][515]LogScript:Warning: Accessed None 'K2Node_DynamicCast_AsPNPlayer_Pawn'
	PNAnimBP_Ninja_C /Engine/Transient.CharacterMesh0:PNAnimBP_Ninja_C_12
	Function /Game/Animations/PNAnimBP_Ninja.PNAnimBP_Ninja_C:ExecuteUbergraph_PNAnimBP_Ninja:03B5
[2021.06.05-04.20.23:672][515]LogScript:Warning: Accessed None 'CallFunc_TryGetPawnOwner_ReturnValue'
	PNAnimBP_Ninja_C /Engine/Transient.CharacterMesh0:PNAnimBP_Ninja_C_12
	Function /Game/Animations/PNAnimBP_Ninja.PNAnimBP_Ninja_C:ExecuteUbergraph_PNAnimBP_Ninja:02BB
[2021.06.05-04.20.23:672][515]LogScript:Warning: Accessed None 'K2Node_DynamicCast_AsPNPlayer_Pawn'
	PNAnimBP_Ninja_C /Engine/Transient.CharacterMesh0:PNAnimBP_Ninja_C_12
	Function /Game/Animations/PNAnimBP_Ninja.PNAnimBP_Ninja_C:ExecuteUbergraph_PNAnimBP_Ninja:03B5
[2021.06.05-04.20.24:135][543]LogActorComponent: UnregisterComponent: (/Engine/Transient.RotatingMovementComponent_0) Not registered. Aborting.
[2021.06.05-04.20.24:135][543]LogActorComponent: UnregisterComponent: (/Engine/Transient.CharMoveComp) Not registered. Aborting.
[2021.06.05-04.20.24:135][543]LogActorComponent: UnregisterComponent: (/Engine/Transient.RotatingMovementComponent_7) Not registered. Aborting.
[2021.06.05-04.20.25:118][543]Cmd: OBJ SAVEPACKAGE PACKAGE="/Game/Blueprints/PNSawner_Shuriken" FILE="../../../../../../Users/magi1/Documents/PaperNinja_FirstTime/PaperNinja/Content/Blueprints/PNSawner_Shuriken.uasset" SILENT=true
[2021.06.05-04.20.25:252][543]LogSavePackage: Save=30.500900ms
[2021.06.05-04.20.25:252][543]LogSavePackage: Moving '../../../../../../Users/magi1/Documents/PaperNinja_FirstTime/PaperNinja/Saved/PNSawner_Shuriken1E4048D94A90DCC97E09B1B9F6E756CD.tmp' to '../../../../../../Users/magi1/Documents/PaperNinja_FirstTime/PaperNinja/Content/Blueprints/PNSawner_Shuriken.uasset'
[2021.06.05-04.20.25:405][543]LogActorComponent: UnregisterComponent: (/Engine/Transient.RotatingMovementComponent_0) Not registered. Aborting.
[2021.06.05-04.20.25:604][543]LogSavePackage: Save=85.250397ms
[2021.06.05-04.20.25:604][543]LogSavePackage: Moving '../../../../../../Users/magi1/Documents/PaperNinja_FirstTime/PaperNinja/Saved/Test_Movement_ActorC916C75F4176CFBE9D7C36B1CB9FD133.tmp' to '../../../../../../Users/magi1/Documents/PaperNinja_FirstTime/PaperNinja/Content/Maps/Test/Test_Movement_Actor.umap'
[2021.06.05-04.20.25:657][543]LogFileHelpers: Saving map 'Test_Movement_Actor' took 0.398
[2021.06.05-04.20.25:669][543]LogScript:Warning: Accessed None 'CallFunc_TryGetPawnOwner_ReturnValue'
	PNAnimBP_Ninja_C /Engine/Transient.CharacterMesh0:PNAnimBP_Ninja_C_13
	Function /Game/Animations/PNAnimBP_Ninja.PNAnimBP_Ninja_C:ExecuteUbergraph_PNAnimBP_Ninja:02BB
[2021.06.05-04.20.25:669][543]LogScript:Warning: Accessed None 'K2Node_DynamicCast_AsPNPlayer_Pawn'
	PNAnimBP_Ninja_C /Engine/Transient.CharacterMesh0:PNAnimBP_Ninja_C_13
	Function /Game/Animations/PNAnimBP_Ninja.PNAnimBP_Ninja_C:ExecuteUbergraph_PNAnimBP_Ninja:03B5
[2021.06.05-04.20.25:669][543]LogScript:Warning: Accessed None 'CallFunc_TryGetPawnOwner_ReturnValue'
	PNAnimBP_Ninja_C /Engine/Transient.CharacterMesh0:PNAnimBP_Ninja_C_13
	Function /Game/Animations/PNAnimBP_Ninja.PNAnimBP_Ninja_C:ExecuteUbergraph_PNAnimBP_Ninja:02BB
[2021.06.05-04.20.25:669][543]LogScript:Warning: Accessed None 'K2Node_DynamicCast_AsPNPlayer_Pawn'
	PNAnimBP_Ninja_C /Engine/Transient.CharacterMesh0:PNAnimBP_Ninja_C_13
	Function /Game/Animations/PNAnimBP_Ninja.PNAnimBP_Ninja_C:ExecuteUbergraph_PNAnimBP_Ninja:03B5
[2021.06.05-04.20.44:556][677]LogContentBrowser:Verbose: The content browser source was changed by the sources view to '/Game/AI'
[2021.06.05-04.20.45:231][716]LogContentBrowser:Verbose: The content browser source was changed by the sources view to '/Game'
[2021.06.05-04.20.47:981][871]LogContentBrowser:Verbose: The content browser source was changed by the sources view to '/Game'
[2021.06.05-04.21.08:316][ 89]LogContentBrowser:Verbose: The content browser source was changed by the sources view to '/Game/EditorResources'
[2021.06.05-04.21.24:401][467]LogFactory: FactoryCreateBinary: Texture with TextureFactory (0 0 ../../../../../../Users/magi1/Documents/独学/Unreal Engine 4 で極めるゲーム開発/PaperNinja_Resource/PaperNinja_Resource/EditorResources/PNEditorIcon_Shuriken.png)
[2021.06.05-04.21.24:408][467]0.000009 seconds to analyze Texture2D /Game/EditorResources/PNEditorIcon_Shuriken.PNEditorIcon_Shuriken

[2021.06.05-04.21.24:409][467]LogTexture:Display: テクスチャをビルド中: PNEditorIcon_Shuriken (AutoDXT)
[2021.06.05-04.21.24:457][467]LogContentBrowser:Verbose: The content browser source was changed by the sources view to 'None'
[2021.06.05-04.21.24:457][467]LogContentBrowser:Verbose: The content browser source was changed by the sources view to '/Game/EditorResources'
[2021.06.05-04.21.26:559][592]LogActorComponent: UnregisterComponent: (/Engine/Transient.RotatingMovementComponent_0) Not registered. Aborting.
[2021.06.05-04.21.26:559][592]LogActorComponent: UnregisterComponent: (/Engine/Transient.CharMoveComp) Not registered. Aborting.
[2021.06.05-04.21.26:560][592]LogActorComponent: UnregisterComponent: (/Engine/Transient.RotatingMovementComponent_8) Not registered. Aborting.
[2021.06.05-04.21.27:901][592]LogSavePackage: Save=108.785400ms
[2021.06.05-04.21.27:901][592]LogSavePackage: Moving '../../../../../../Users/magi1/Documents/PaperNinja_FirstTime/PaperNinja/Saved/PNEditorIcon_Shuriken8026D4A840A3EF868922DD8AA80A26C2.tmp' to '../../../../../../Users/magi1/Documents/PaperNinja_FirstTime/PaperNinja/Content/EditorResources/PNEditorIcon_Shuriken.uasset'
[2021.06.05-04.21.32:344][854]LogContentBrowser: Native class hierarchy updated for 'TextureEditor' in 0.0039 seconds. Added 1 classes and 2 folders.
[2021.06.05-04.21.42:705][458]LogTexture:Display: テクスチャをビルド中: PNEditorIcon_Shuriken (BGRA8)
[2021.06.05-04.21.42:715][458]LogMaterial: 0.002864 seconds spent updating 0 materials, 0 interfaces, 0 instances, 0 with static permutations.
[2021.06.05-04.21.44:354][542]LogSavePackage: Save=55.361401ms
[2021.06.05-04.21.44:354][542]LogSavePackage: Moving '../../../../../../Users/magi1/Documents/PaperNinja_FirstTime/PaperNinja/Saved/PNEditorIcon_ShurikenDE7328E5423F4B31B5835BA7B26E3841.tmp' to '../../../../../../Users/magi1/Documents/PaperNinja_FirstTime/PaperNinja/Content/EditorResources/PNEditorIcon_Shuriken.uasset'
[2021.06.05-04.21.49:268][835]LogContentBrowser:Verbose: The content browser source was changed by the sources view to '/Game/Blueprints'
[2021.06.05-04.21.49:344][837]LogScript:Warning: Accessed None 'CallFunc_TryGetPawnOwner_ReturnValue'
	PNAnimBP_Ninja_C /Engine/Transient.CharacterMesh0:PNAnimBP_Ninja_C_14
	Function /Game/Animations/PNAnimBP_Ninja.PNAnimBP_Ninja_C:ExecuteUbergraph_PNAnimBP_Ninja:02BB
[2021.06.05-04.21.49:344][837]LogScript:Warning: Accessed None 'K2Node_DynamicCast_AsPNPlayer_Pawn'
	PNAnimBP_Ninja_C /Engine/Transient.CharacterMesh0:PNAnimBP_Ninja_C_14
	Function /Game/Animations/PNAnimBP_Ninja.PNAnimBP_Ninja_C:ExecuteUbergraph_PNAnimBP_Ninja:03B5
[2021.06.05-04.21.49:344][837]LogScript:Warning: Accessed None 'CallFunc_TryGetPawnOwner_ReturnValue'
	PNAnimBP_Ninja_C /Engine/Transient.CharacterMesh0:PNAnimBP_Ninja_C_14
	Function /Game/Animations/PNAnimBP_Ninja.PNAnimBP_Ninja_C:ExecuteUbergraph_PNAnimBP_Ninja:02BB
[2021.06.05-04.21.49:344][837]LogScript:Warning: Accessed None 'K2Node_DynamicCast_AsPNPlayer_Pawn'
	PNAnimBP_Ninja_C /Engine/Transient.CharacterMesh0:PNAnimBP_Ninja_C_14
	Function /Game/Animations/PNAnimBP_Ninja.PNAnimBP_Ninja_C:ExecuteUbergraph_PNAnimBP_Ninja:03B5
[2021.06.05-04.22.44:605][134]BlueprintLog: New page: PNSawner_Shuriken をコンパイル
[2021.06.05-04.22.44:685][134]LogActorComponent: UnregisterComponent: (/Engine/Transient.RotatingMovementComponent_0) Not registered. Aborting.
[2021.06.05-04.22.44:685][134]LogActorComponent: UnregisterComponent: (/Engine/Transient.CharMoveComp) Not registered. Aborting.
[2021.06.05-04.22.44:685][134]LogActorComponent: UnregisterComponent: (/Engine/Transient.RotatingMovementComponent_9) Not registered. Aborting.
[2021.06.05-04.22.44:703][134]BlueprintEditorCompileResults: 情報 [3951.94] PNSawner_Shuriken のコンパイルに成功しました！  [ 98 ミリ秒]
[2021.06.05-04.22.45:663][189]Cmd: OBJ SAVEPACKAGE PACKAGE="/Game/Blueprints/PNSawner_Shuriken" FILE="../../../../../../Users/magi1/Documents/PaperNinja_FirstTime/PaperNinja/Content/Blueprints/PNSawner_Shuriken.uasset" SILENT=true
[2021.06.05-04.22.45:793][189]LogSavePackage: Save=28.032101ms
[2021.06.05-04.22.45:793][189]LogSavePackage: Moving '../../../../../../Users/magi1/Documents/PaperNinja_FirstTime/PaperNinja/Saved/PNSawner_ShurikenCB9E2C794745CD0E0A06EA826F43BED5.tmp' to '../../../../../../Users/magi1/Documents/PaperNinja_FirstTime/PaperNinja/Content/Blueprints/PNSawner_Shuriken.uasset'
[2021.06.05-04.22.51:512][530]LogEditorViewport: Clicking on Actor (LMB): BP_Sky_Sphere_C (Sky Sphere)
[2021.06.05-04.22.52:404][582]LogScript:Warning: Accessed None 'CallFunc_TryGetPawnOwner_ReturnValue'
	PNAnimBP_Ninja_C /Engine/Transient.CharacterMesh0:PNAnimBP_Ninja_C_15
	Function /Game/Animations/PNAnimBP_Ninja.PNAnimBP_Ninja_C:ExecuteUbergraph_PNAnimBP_Ninja:02BB
[2021.06.05-04.22.52:404][582]LogScript:Warning: Accessed None 'K2Node_DynamicCast_AsPNPlayer_Pawn'
	PNAnimBP_Ninja_C /Engine/Transient.CharacterMesh0:PNAnimBP_Ninja_C_15
	Function /Game/Animations/PNAnimBP_Ninja.PNAnimBP_Ninja_C:ExecuteUbergraph_PNAnimBP_Ninja:03B5
[2021.06.05-04.22.52:404][582]LogScript:Warning: Accessed None 'CallFunc_TryGetPawnOwner_ReturnValue'
	PNAnimBP_Ninja_C /Engine/Transient.CharacterMesh0:PNAnimBP_Ninja_C_15
	Function /Game/Animations/PNAnimBP_Ninja.PNAnimBP_Ninja_C:ExecuteUbergraph_PNAnimBP_Ninja:02BB
[2021.06.05-04.22.52:404][582]LogScript:Warning: Accessed None 'K2Node_DynamicCast_AsPNPlayer_Pawn'
	PNAnimBP_Ninja_C /Engine/Transient.CharacterMesh0:PNAnimBP_Ninja_C_15
	Function /Game/Animations/PNAnimBP_Ninja.PNAnimBP_Ninja_C:ExecuteUbergraph_PNAnimBP_Ninja:03B5
[2021.06.05-04.22.52:833][608]LogActorComponent: UnregisterComponent: (/Engine/Transient.RotatingMovementComponent_0) Not registered. Aborting.
[2021.06.05-04.22.52:833][608]LogActorComponent: UnregisterComponent: (/Engine/Transient.RotatingMovementComponent_10) Not registered. Aborting.
[2021.06.05-04.22.52:833][608]LogActorComponent: UnregisterComponent: (/Engine/Transient.CharMoveComp) Not registered. Aborting.
[2021.06.05-04.22.53:735][608]LogScript:Warning: Accessed None 'CallFunc_TryGetPawnOwner_ReturnValue'
	PNAnimBP_Ninja_C /Engine/Transient.CharacterMesh0:PNAnimBP_Ninja_C_16
	Function /Game/Animations/PNAnimBP_Ninja.PNAnimBP_Ninja_C:ExecuteUbergraph_PNAnimBP_Ninja:02BB
[2021.06.05-04.22.53:735][608]LogScript:Warning: Accessed None 'K2Node_DynamicCast_AsPNPlayer_Pawn'
	PNAnimBP_Ninja_C /Engine/Transient.CharacterMesh0:PNAnimBP_Ninja_C_16
	Function /Game/Animations/PNAnimBP_Ninja.PNAnimBP_Ninja_C:ExecuteUbergraph_PNAnimBP_Ninja:03B5
[2021.06.05-04.22.53:735][608]LogScript:Warning: Accessed None 'CallFunc_TryGetPawnOwner_ReturnValue'
	PNAnimBP_Ninja_C /Engine/Transient.CharacterMesh0:PNAnimBP_Ninja_C_16
	Function /Game/Animations/PNAnimBP_Ninja.PNAnimBP_Ninja_C:ExecuteUbergraph_PNAnimBP_Ninja:02BB
[2021.06.05-04.22.53:735][608]LogScript:Warning: Accessed None 'K2Node_DynamicCast_AsPNPlayer_Pawn'
	PNAnimBP_Ninja_C /Engine/Transient.CharacterMesh0:PNAnimBP_Ninja_C_16
	Function /Game/Animations/PNAnimBP_Ninja.PNAnimBP_Ninja_C:ExecuteUbergraph_PNAnimBP_Ninja:03B5
[2021.06.05-04.22.53:927][608]LogActorComponent: UnregisterComponent: (/Engine/Transient.RotatingMovementComponent_0) Not registered. Aborting.
[2021.06.05-04.22.53:927][608]LogActorComponent: UnregisterComponent: (/Engine/Transient.CharMoveComp) Not registered. Aborting.
[2021.06.05-04.22.54:126][608]LogSavePackage: Save=83.503899ms
[2021.06.05-04.22.54:126][608]LogSavePackage: Moving '../../../../../../Users/magi1/Documents/PaperNinja_FirstTime/PaperNinja/Saved/Test_Movement_Actor07116A7041699D0AE97AFFB74690D9D5.tmp' to '../../../../../../Users/magi1/Documents/PaperNinja_FirstTime/PaperNinja/Content/Maps/Test/Test_Movement_Actor.umap'
[2021.06.05-04.22.54:176][608]LogFileHelpers: Saving map 'Test_Movement_Actor' took 0.392
[2021.06.05-04.22.57:231][791]LogActorComponent: UnregisterComponent: (/Engine/Transient.RotatingMovementComponent_0) Not registered. Aborting.
[2021.06.05-04.22.57:824][792]Cmd: QUIT_EDITOR
[2021.06.05-04.22.58:027][792]LogExit: Preparing to exit.
[2021.06.05-04.22.58:579][792]LogExit: Editor shut down
[2021.06.05-04.22.58:579][792]LogExit: Transaction tracking system shut down
[2021.06.05-04.22.58:580][792]LogParticles: Destroying 0 GPU particle simulations for FXSystem 0x0000014F3CD065C0
[2021.06.05-04.22.58:580][792]LogParticles: Destroying 0 GPU particle simulations for FXSystem 0x0000014F3D3E1C60
[2021.06.05-04.22.58:580][792]LogParticles: Destroying 0 GPU particle simulations for FXSystem 0x0000014F3D3E0B80
[2021.06.05-04.22.58:580][792]LogParticles: Destroying 0 GPU particle simulations for FXSystem 0x0000014F2B0A2DE0
[2021.06.05-04.22.58:581][792]LogParticles: Destroying 0 GPU particle simulations for FXSystem 0x0000014F2888D440
[2021.06.05-04.22.58:583][792]LogParticles: Destroying 0 GPU particle simulations for FXSystem 0x0000014F62F13D80
[2021.06.05-04.22.58:687][792]LogParticles: Destroying 0 GPU particle simulations for FXSystem 0x0000014F45A1D4E0
[2021.06.05-04.22.58:687][792]LogParticles: Destroying 0 GPU particle simulations for FXSystem 0x0000014F2B37EFC0
[2021.06.05-04.22.58:687][792]LogExit: Object subsystem successfully closed.
[2021.06.05-04.22.58:776][792]LogModuleManager: Shutting down and abandoning module TextureEditor (180)
[2021.06.05-04.22.58:776][792]LogModuleManager: Shutting down and abandoning module SynthBenchmark (179)
[2021.06.05-04.22.58:776][792]LogModuleManager: Shutting down and abandoning module CrashTracker (178)
[2021.06.05-04.22.58:776][792]LogModuleManager: Shutting down and abandoning module SuperSearch (177)
[2021.06.05-04.22.58:776][792]LogModuleManager: Shutting down and abandoning module WorldBrowser (176)
[2021.06.05-04.22.58:777][792]LogModuleManager: Shutting down and abandoning module SceneOutliner (175)
[2021.06.05-04.22.58:777][792]LogModuleManager: Shutting down and abandoning module EditorWidgets (174)
[2021.06.05-04.22.58:777][792]LogModuleManager: Shutting down and abandoning module CollectionManager (173)
[2021.06.05-04.22.58:777][792]LogModuleManager: Shutting down and abandoning module StatsViewer (172)
[2021.06.05-04.22.58:777][792]LogModuleManager: Shutting down and abandoning module FoliageEdit (171)
[2021.06.05-04.22.58:777][792]LogModuleManager: Shutting down and abandoning module LandscapeEditor (170)
[2021.06.05-04.22.58:778][792]LogModuleManager: Shutting down and abandoning module MeshPaint (169)
[2021.06.05-04.22.58:778][792]LogModuleManager: Shutting down and abandoning module ActorPickerMode (168)
[2021.06.05-04.22.58:778][792]LogModuleManager: Shutting down and abandoning module GeometryMode (167)
[2021.06.05-04.22.58:778][792]LogModuleManager: Shutting down and abandoning module TextureAlignMode (166)
[2021.06.05-04.22.58:778][792]LogModuleManager: Shutting down and abandoning module BspMode (165)
[2021.06.05-04.22.58:778][792]LogModuleManager: Shutting down and abandoning module PlacementMode (164)
[2021.06.05-04.22.58:778][792]LogModuleManager: Shutting down and abandoning module AutomationWorker (163)
[2021.06.05-04.22.58:778][792]LogModuleManager: Shutting down and abandoning module CharacterAI (162)
[2021.06.05-04.22.58:778][792]LogModuleManager: Shutting down and abandoning module SmartSnapping (161)
[2021.06.05-04.22.58:778][792]LogModuleManager: Shutting down and abandoning module ViewportSnapping (160)
[2021.06.05-04.22.58:778][792]LogModuleManager: Shutting down and abandoning module LogVisualizer (159)
[2021.06.05-04.22.58:779][792]LogModuleManager: Shutting down and abandoning module GameProjectGeneration (158)
[2021.06.05-04.22.58:779][792]LogModuleManager: Shutting down and abandoning module IntroTutorials (157)
[2021.06.05-04.22.58:780][792]LogModuleManager: Shutting down and abandoning module EditorLiveStreaming (156)
[2021.06.05-04.22.58:780][792]LogModuleManager: Shutting down and abandoning module HardwareTargeting (155)
[2021.06.05-04.22.58:780][792]LogModuleManager: Shutting down and abandoning module DeviceProfileEditor (154)
[2021.06.05-04.22.58:780][792]LogModuleManager: Shutting down and abandoning module UndoHistory (153)
[2021.06.05-04.22.58:780][792]LogModuleManager: Shutting down and abandoning module GameplayTagsEditor (152)
[2021.06.05-04.22.58:780][792]LogModuleManager: Shutting down and abandoning module UserFeedback (151)
[2021.06.05-04.22.58:780][792]LogModuleManager: Shutting down and abandoning module XmlParser (150)
[2021.06.05-04.22.58:780][792]LogModuleManager: Shutting down and abandoning module Blutility (149)
[2021.06.05-04.22.58:780][792]LogModuleManager: Shutting down and abandoning module IOSPlatformEditor (148)
[2021.06.05-04.22.58:780][792]LogModuleManager: Shutting down and abandoning module IOSRuntimeSettings (147)
[2021.06.05-04.22.58:780][792]LogModuleManager: Shutting down and abandoning module AndroidDeviceDetection (146)
[2021.06.05-04.22.59:178][792]LogModuleManager: Shutting down and abandoning module AndroidPlatformEditor (145)
[2021.06.05-04.22.59:178][792]LogModuleManager: Shutting down and abandoning module AndroidRuntimeSettings (144)
[2021.06.05-04.22.59:178][792]LogModuleManager: Shutting down and abandoning module ProjectTargetPlatformEditor (143)
[2021.06.05-04.22.59:178][792]LogModuleManager: Shutting down and abandoning module ProjectSettingsViewer (142)
[2021.06.05-04.22.59:178][792]LogModuleManager: Shutting down and abandoning module InputBindingEditor (141)
[2021.06.05-04.22.59:180][792]LogModuleManager: Shutting down and abandoning module EditorSettingsViewer (140)
[2021.06.05-04.22.59:180][792]LogModuleManager: Shutting down and abandoning module SettingsEditor (139)
[2021.06.05-04.22.59:180][792]LogModuleManager: Shutting down and abandoning module ProjectLauncher (138)
[2021.06.05-04.22.59:180][792]LogModuleManager: Shutting down and abandoning module SessionFrontend (137)
[2021.06.05-04.22.59:181][792]LogModuleManager: Shutting down and abandoning module ProfilerClient (136)
[2021.06.05-04.22.59:181][792]LogModuleManager: Shutting down and abandoning module TargetDeviceServices (135)
[2021.06.05-04.22.59:181][792]LogModuleManager: Shutting down and abandoning module DeviceManager (134)
[2021.06.05-04.22.59:181][792]LogModuleManager: Shutting down and abandoning module AutomationController (133)
[2021.06.05-04.22.59:181][792]LogModuleManager: Shutting down and abandoning module AutomationWindow (132)
[2021.06.05-04.22.59:181][792]LogModuleManager: Shutting down and abandoning module Layers (131)
[2021.06.05-04.22.59:181][792]LogModuleManager: Shutting down and abandoning module ComponentVisualizers (130)
[2021.06.05-04.22.59:181][792]LogModuleManager: Shutting down and abandoning module DetailCustomizations (129)
[2021.06.05-04.22.59:182][792]LogModuleManager: Shutting down and abandoning module PackagesDialog (128)
[2021.06.05-04.22.59:182][792]LogModuleManager: Shutting down and abandoning module AssetRegistry (127)
[2021.06.05-04.22.59:220][792]LogModuleManager: Shutting down and abandoning module Persona (126)
[2021.06.05-04.22.59:221][792]LogModuleManager: Shutting down and abandoning module SlateReflector (125)
[2021.06.05-04.22.59:222][792]LogModuleManager: Shutting down and abandoning module LevelEditor (124)
[2021.06.05-04.22.59:223][792]LogModuleManager: Shutting down and abandoning module Kismet (123)
[2021.06.05-04.22.59:223][792]LogModuleManager: Shutting down and abandoning module GraphEditor (122)
[2021.06.05-04.22.59:223][792]LogModuleManager: Shutting down and abandoning module ClassViewer (121)
[2021.06.05-04.22.59:223][792]LogModuleManager: Shutting down and abandoning module Toolbox (120)
[2021.06.05-04.22.59:223][792]LogModuleManager: Shutting down and abandoning module ModuleUI (119)
[2021.06.05-04.22.59:223][792]LogModuleManager: Shutting down and abandoning module MovieSceneTools (118)
[2021.06.05-04.22.59:223][792]LogModuleManager: Shutting down and abandoning module OutputLog (117)
[2021.06.05-04.22.59:223][792]LogModuleManager: Shutting down and abandoning module GammaUI (116)
[2021.06.05-04.22.59:223][792]LogModuleManager: Shutting down and abandoning module Documentation (115)
[2021.06.05-04.22.59:223][792]LogModuleManager: Shutting down and abandoning module GameLiveStreaming (114)
[2021.06.05-04.22.59:223][792]LogModuleManager: Shutting down and abandoning module StreamingPauseRendering (113)
[2021.06.05-04.22.59:223][792]LogModuleManager: Shutting down and abandoning module HTTP (112)
[2021.06.05-04.22.59:224][792]LogModuleManager: Shutting down and abandoning module AnalyticsET (111)
[2021.06.05-04.22.59:224][792]LogModuleManager: Shutting down and abandoning module Analytics (110)
[2021.06.05-04.22.59:224][792]LogModuleManager: Shutting down and abandoning module AITestSuite (109)
[2021.06.05-04.22.59:224][792]LogModuleManager: Shutting down and abandoning module GameplayDebugger (108)
[2021.06.05-04.22.59:224][792]LogModuleManager: Shutting down and abandoning module AIModule (107)
[2021.06.05-04.22.59:224][792]LogModuleManager: Shutting down and abandoning module ProfilerService (106)
[2021.06.05-04.22.59:465][792]LogModuleManager: Shutting down and abandoning module TaskGraph (105)
[2021.06.05-04.22.59:466][792]LogModuleManager: Shutting down and abandoning module SlateRemote (104)
[2021.06.05-04.22.59:466][792]LogModuleManager: Shutting down and abandoning module ScriptEditorPlugin (103)
[2021.06.05-04.22.59:466][792]LogModuleManager: Shutting down and abandoning module CustomMeshComponent (102)
[2021.06.05-04.22.59:466][792]LogModuleManager: Shutting down and abandoning module CableComponent (101)
[2021.06.05-04.22.59:466][792]LogModuleManager: Shutting down and abandoning module MessagingDebugger (100)
[2021.06.05-04.22.59:468][792]LogModuleManager: Shutting down and abandoning module MediaPlayerEditor (99)
[2021.06.05-04.22.59:468][792]LogModuleManager: Shutting down and abandoning module SpeedTreeImporter (98)
[2021.06.05-04.22.59:468][792]LogModuleManager: Shutting down and abandoning module PluginsEditor (97)
[2021.06.05-04.22.59:468][792]LogModuleManager: Shutting down and abandoning module MainFrame (96)
[2021.06.05-04.22.59:468][792]LogModuleManager: Shutting down and abandoning module EpicSurvey (95)
[2021.06.05-04.22.59:469][792]LogModuleManager: Shutting down and abandoning module DesktopPlatform (94)
[2021.06.05-04.22.59:469][792]LogModuleManager: Shutting down and abandoning module DirectoryWatcher (93)
[2021.06.05-04.22.59:469][792]LogModuleManager: Shutting down and abandoning module HotReload (92)
[2021.06.05-04.22.59:469][792]LogModuleManager: Shutting down and abandoning module VisualStudioSourceCodeAccess (91)
[2021.06.05-04.22.59:469][792]LogModuleManager: Shutting down and abandoning module UObjectPlugin (90)
[2021.06.05-04.22.59:469][792]LogModuleManager: Shutting down and abandoning module SubversionSourceControl (89)
[2021.06.05-04.22.59:469][792]LogModuleManager: Shutting down and abandoning module PerforceSourceControl (88)
[2021.06.05-04.22.59:471][792]LogModuleManager: Shutting down and abandoning module SourceControl (87)
[2021.06.05-04.22.59:471][792]LogModuleManager: Shutting down and abandoning module GitSourceControl (86)
[2021.06.05-04.22.59:471][792]LogModuleManager: Shutting down and abandoning module BlankPlugin (85)
[2021.06.05-04.22.59:471][792]LogModuleManager: Shutting down and abandoning module PaperTiledImporter (84)
[2021.06.05-04.22.59:471][792]LogModuleManager: Shutting down and abandoning module PaperJsonImporter (83)
[2021.06.05-04.22.59:471][792]LogModuleManager: Shutting down and abandoning module ContentBrowser (82)
[2021.06.05-04.22.59:472][792]LogModuleManager: Shutting down and abandoning module Paper2DEditor (81)
[2021.06.05-04.22.59:473][792]LogModuleManager: Shutting down and abandoning module ScriptPlugin (80)
[2021.06.05-04.22.59:473][792]LogModuleManager: Shutting down and abandoning module UdpMessaging (79)
[2021.06.05-04.22.59:574][792]LogModuleManager: Shutting down and abandoning module Paper2D (78)
[2021.06.05-04.22.59:574][792]LogModuleManager: Shutting down and abandoning module WindowsMoviePlayer (77)
[2021.06.05-04.22.59:576][792]LogModuleManager: Shutting down and abandoning module Media (76)
[2021.06.05-04.22.59:576][792]LogModuleManager: Shutting down and abandoning module WmfMedia (75)
[2021.06.05-04.22.59:578][792]LogModuleManager: Shutting down and abandoning module OnlineBlueprintSupport (74)
[2021.06.05-04.22.59:578][792]LogModuleManager: Shutting down and abandoning module PropertyEditor (73)
[2021.06.05-04.22.59:578][792]LogModuleManager: Shutting down and abandoning module BehaviorTreeEditor (72)
[2021.06.05-04.22.59:580][792]LogModuleManager: Shutting down and abandoning module FunctionalTesting (71)
[2021.06.05-04.22.59:580][792]LogModuleManager: Shutting down and abandoning module CollisionAnalyzer (70)
[2021.06.05-04.22.59:581][792]LogModuleManager: Shutting down and abandoning module WorkspaceMenuStructure (69)
[2021.06.05-04.22.59:581][792]LogModuleManager: Shutting down and abandoning module MessageLog (68)
[2021.06.05-04.22.59:581][792]LogModuleManager: Shutting down and abandoning module Sequencer (67)
[2021.06.05-04.22.59:582][792]LogModuleManager: Shutting down and abandoning module AssetTools (66)
[2021.06.05-04.22.59:583][792]LogModuleManager: Shutting down and abandoning module UMGEditor (65)
[2021.06.05-04.22.59:585][792]LogModuleManager: Shutting down and abandoning module UMG (64)
[2021.06.05-04.22.59:585][792]LogModuleManager: Shutting down and abandoning module Slate (63)
[2021.06.05-04.22.59:585][792]LogModuleManager: Shutting down and abandoning module EditorStyle (62)
[2021.06.05-04.22.59:589][792]LogModuleManager: Shutting down and abandoning module SessionServices (61)
[2021.06.05-04.22.59:589][792]LogModuleManager: Shutting down and abandoning module SourceCodeAccess (60)
[2021.06.05-04.22.59:589][792]LogModuleManager: Shutting down and abandoning module HeadMountedDisplay (59)
[2021.06.05-04.22.59:589][792]LogModuleManager: Shutting down and abandoning module XAudio2 (58)
[2021.06.05-04.22.59:589][792]LogModuleManager: Shutting down and abandoning module Networking (56)
[2021.06.05-04.22.59:589][792]LogModuleManager: Shutting down and abandoning module Core (55)
[2021.06.05-04.22.59:589][792]LogModuleManager: Shutting down and abandoning module KismetCompiler (54)
[2021.06.05-04.22.59:589][792]LogModuleManager: Shutting down and abandoning module PhysXFormats (53)
[2021.06.05-04.22.59:589][792]LogModuleManager: Shutting down and abandoning module MeshUtilities (52)
[2021.06.05-04.22.59:589][792]LogModuleManager: Shutting down and abandoning module DerivedDataCache (51)
[2021.06.05-04.22.59:632][792]LogDerivedDataCache: Shutdown
[2021.06.05-04.22.59:632][792]LogModuleManager: Shutting down and abandoning module ShaderFormatOpenGL (50)
[2021.06.05-04.22.59:632][792]LogModuleManager: Shutting down and abandoning module ShaderFormatD3D (49)
[2021.06.05-04.22.59:632][792]LogModuleManager: Shutting down and abandoning module MetalShaderFormat (48)
[2021.06.05-04.22.59:632][792]LogModuleManager: Shutting down and abandoning module TextureFormatUncompressed (47)
[2021.06.05-04.22.59:632][792]LogModuleManager: Shutting down and abandoning module TextureFormatPVR (46)
[2021.06.05-04.22.59:632][792]LogModuleManager: Shutting down and abandoning module TextureFormatIntelISPCTexComp (45)
[2021.06.05-04.22.59:632][792]LogModuleManager: Shutting down and abandoning module TextureFormatDXT (44)
[2021.06.05-04.22.59:632][792]LogModuleManager: Shutting down and abandoning module ImageWrapper (43)
[2021.06.05-04.22.59:632][792]LogModuleManager: Shutting down and abandoning module TextureFormatASTC (42)
[2021.06.05-04.22.59:632][792]LogModuleManager: Shutting down and abandoning module TextureFormatAndroid (41)
[2021.06.05-04.22.59:632][792]LogModuleManager: Shutting down and abandoning module AudioFormatOpus (40)
[2021.06.05-04.22.59:632][792]LogModuleManager: Shutting down and abandoning module AudioFormatOgg (39)
[2021.06.05-04.22.59:632][792]LogModuleManager: Shutting down and abandoning module AudioFormatADPCM (38)
[2021.06.05-04.22.59:632][792]LogModuleManager: Shutting down and abandoning module LinuxTargetPlatform (37)
[2021.06.05-04.22.59:632][792]LogModuleManager: Shutting down and abandoning module LinuxServerTargetPlatform (36)
[2021.06.05-04.22.59:632][792]LogModuleManager: Shutting down and abandoning module LinuxNoEditorTargetPlatform (35)
[2021.06.05-04.22.59:632][792]LogModuleManager: Shutting down and abandoning module Messaging (34)
[2021.06.05-04.22.59:632][792]LogModuleManager: Shutting down and abandoning module IOSTargetPlatform (33)
[2021.06.05-04.22.59:632][792]LogModuleManager: Shutting down and abandoning module HTML5TargetPlatform (32)
[2021.06.05-04.22.59:632][792]LogModuleManager: Shutting down and abandoning module Android_PVRTCTargetPlatform (31)
[2021.06.05-04.22.59:632][792]LogModuleManager: Shutting down and abandoning module Android_ETC2TargetPlatform (30)
[2021.06.05-04.22.59:632][792]LogModuleManager: Shutting down and abandoning module Android_ETC1TargetPlatform (29)
[2021.06.05-04.22.59:632][792]LogModuleManager: Shutting down and abandoning module Android_ES31TargetPlatform (28)
[2021.06.05-04.22.59:632][792]LogModuleManager: Shutting down and abandoning module Android_DXTTargetPlatform (27)
[2021.06.05-04.22.59:632][792]LogModuleManager: Shutting down and abandoning module Android_ATCTargetPlatform (26)
[2021.06.05-04.22.59:632][792]LogModuleManager: Shutting down and abandoning module AndroidTargetPlatform (25)
[2021.06.05-04.22.59:632][792]LogModuleManager: Shutting down and abandoning module WindowsTargetPlatform (24)
[2021.06.05-04.22.59:632][792]LogModuleManager: Shutting down and abandoning module WindowsServerTargetPlatform (23)
[2021.06.05-04.22.59:632][792]LogModuleManager: Shutting down and abandoning module WindowsNoEditorTargetPlatform (22)
[2021.06.05-04.22.59:632][792]LogModuleManager: Shutting down and abandoning module WindowsClientTargetPlatform (21)
[2021.06.05-04.22.59:632][792]LogModuleManager: Shutting down and abandoning module TargetPlatform (20)
[2021.06.05-04.22.59:632][792]LogModuleManager: Shutting down and abandoning module InputCore (19)
[2021.06.05-04.22.59:632][792]LogModuleManager: Shutting down and abandoning module Settings (18)
[2021.06.05-04.22.59:632][792]LogModuleManager: Shutting down and abandoning module OnlineSubsystem (16)
[2021.06.05-04.22.59:632][792]LogModuleManager: Shutting down and abandoning module OculusRift (15)
[2021.06.05-04.22.59:632][792]LogModuleManager: Shutting down and abandoning module ExampleDeviceProfileSelector (14)
[2021.06.05-04.22.59:632][792]LogModuleManager: Shutting down and abandoning module TextureCompressor (13)
[2021.06.05-04.22.59:632][792]LogModuleManager: Shutting down and abandoning module ShaderCore (12)
[2021.06.05-04.22.59:632][792]LogModuleManager: Shutting down and abandoning module Landscape (11)
[2021.06.05-04.22.59:632][792]LogModuleManager: Shutting down and abandoning module SlateRHIRenderer (10)
[2021.06.05-04.22.59:639][792]LogModuleManager: Shutting down and abandoning module OpenGLDrv (9)
[2021.06.05-04.22.59:639][792]LogModuleManager: Shutting down and abandoning module D3D11RHI (8)
[2021.06.05-04.22.59:639][792]LogModuleManager: Shutting down and abandoning module Renderer (7)
[2021.06.05-04.22.59:639][792]LogModuleManager: Shutting down and abandoning module Engine (6)
[2021.06.05-04.22.59:639][792]LogModuleManager: Shutting down and abandoning module CoreUObject (5)
[2021.06.05-04.22.59:639][792]LogModuleManager: Shutting down and abandoning module NetworkFile (4)
[2021.06.05-04.22.59:639][792]LogModuleManager: Shutting down and abandoning module StreamingFile (3)
[2021.06.05-04.22.59:639][792]LogModuleManager: Shutting down and abandoning module SandboxFile (2)
[2021.06.05-04.22.59:639][792]LogModuleManager: Shutting down and abandoning module PakFile (1)
[2021.06.05-04.22.59:641][792]LogExit: Exiting.
[2021.06.05-04.22.59:665][792]Log file closed, 06/05/21 13:22:59
