Log file open, 06/03/21 20:25:53
LogInit:Display: Running engine for game: PaperNinja
LogInit: Version: 4.7.6-2513093+++depot+UE4-Releases+4.7
LogInit: API Version: 2455222
LogInit: Compiled (64-bit): Apr 15 2015 12:09:54
LogInit: Compiled with Visual C++: 18.00.21005.01
LogInit: Build Configuration: Development
LogInit: Branch Name: ++depot+UE4-Releases+4.7
LogInit: Command line:  
LogInit: Base directory: C:/Program Files/Epic Games/UE_4.7/Engine/Binaries/Win64/
LogInit: Rocket: 1
[2021.06.03-11.25.53:614][  0]LogTaskGraph: Started task graph with 3 named threads and 8 total threads.
[2021.06.03-11.25.53:701][  0]LogOnline:Warning: No default platform service specified for OnlineSubsystem
[2021.06.03-11.25.53:735][  0]LogInit: Presizing for 0 objects not considered by GC, pre-allocating 0 bytes.
[2021.06.03-11.25.53:760][  0]LogInit: Object subsystem initialized
[2021.06.03-11.25.53:778][  0]LogConsoleResponse:Warning: Skipping Unknown console variable: 'TranslucentSortAxis = (X=0.000000,Y=-1.000000,Z=0.000000)'
[2021.06.03-11.25.53:778][  0]LogConsoleResponse:Warning:   Found in ini file 'C:/Users/magi1/Documents/PaperNinja_FirstTime/PaperNinja/Saved/Config/Windows/Engine.ini', in section '[/Script/Engine.RendererSettings]'
[2021.06.03-11.25.53:778][  0]LogConsoleResponse:Warning: Skipping Unknown console variable: 'UIScaleRule = ShortestSide'
[2021.06.03-11.25.53:778][  0]LogConsoleResponse:Warning:   Found in ini file 'C:/Users/magi1/Documents/PaperNinja_FirstTime/PaperNinja/Saved/Config/Windows/Engine.ini', in section '[/Script/Engine.RendererSettings]'
[2021.06.03-11.25.53:778][  0]LogConsoleResponse:Warning: Skipping Unknown console variable: 'UIScaleCurve = (EditorCurveData=(Keys=),ExternalCurve=None)'
[2021.06.03-11.25.53:778][  0]LogConsoleResponse:Warning:   Found in ini file 'C:/Users/magi1/Documents/PaperNinja_FirstTime/PaperNinja/Saved/Config/Windows/Engine.ini', in section '[/Script/Engine.RendererSettings]'
[2021.06.03-11.25.53:797][  0]LogInit: Selected Device Profile: [Windows]
[2021.06.03-11.25.53:798][  0]LogInit: Applying CVar settings loaded from the selected device profile: [Windows]
[2021.06.03-11.25.53:820][  0]LogInit: Computer: DESKTOP-QG331CQ
[2021.06.03-11.25.53:820][  0]LogInit: User: magi1
[2021.06.03-11.25.53:820][  0]LogInit: CPU Page size=4096, Cores=6
[2021.06.03-11.25.53:820][  0]LogInit: High frequency timer resolution =10.000000 MHz
[2021.06.03-11.25.53:821][  0]LogMemory: Memory total: Physical=15.9GB (16GB approx) Virtual=131072.0GB
[2021.06.03-11.25.53:821][  0]LogMemory: Platform Memory Stats for Windows
[2021.06.03-11.25.53:821][  0]LogMemory: Process Physical Memory: 49.59 MB used, 49.60 MB peak
[2021.06.03-11.25.53:821][  0]LogMemory: Process Virtual Memory: 26.64 MB used, 26.65 MB peak
[2021.06.03-11.25.53:821][  0]LogMemory: Physical Memory: 4585.56 MB used, 16239.85 MB total
[2021.06.03-11.25.53:821][  0]LogMemory: Virtual Memory: 4432.94 MB used, 134217728.00 MB total
[2021.06.03-11.25.54:020][  0]LogD3D11RHI: Found D3D11 adapter 0: NVIDIA GeForce RTX 2080 (Feature Level 11_0)
[2021.06.03-11.25.54:020][  0]LogD3D11RHI: Adapter has 8010MB of dedicated video memory, 0MB of dedicated system memory, and 8119MB of shared system memory, 2 output[s]
[2021.06.03-11.25.54:050][  0]LogD3D11RHI: Found D3D11 adapter 1: Intel(R) UHD Graphics 630 (Feature Level 11_0)
[2021.06.03-11.25.54:050][  0]LogD3D11RHI: Adapter has 128MB of dedicated video memory, 0MB of dedicated system memory, and 8119MB of shared system memory, 0 output[s]
[2021.06.03-11.25.54:052][  0]LogD3D11RHI: Found D3D11 adapter 2: Microsoft Basic Render Driver (Feature Level 11_0)
[2021.06.03-11.25.54:052][  0]LogD3D11RHI: Adapter has 0MB of dedicated video memory, 0MB of dedicated system memory, and 8119MB of shared system memory, 0 output[s]
[2021.06.03-11.25.54:052][  0]LogD3D11RHI: Chosen D3D11 Adapter Id = 0
[2021.06.03-11.25.54:061][  0]LogRHI: Texture pool is 1361 MB (70% of 1945 MB)
[2021.06.03-11.25.54:184][  0]LogD3D11RHI: Async texture creation enabled
[2021.06.03-11.25.54:387][  0]LogTextLocalizationManager: The requested culture ('ja_JP') has no localization data; parent culture's ('ja') localization data will be used.
[2021.06.03-11.25.54:475][  0]LogTextLocalizationManager:Warning: Loading localization resources contain conflicting entries for (Namespace:UICommands, Key:Save_ToolTip):
Resource: (C:/Program Files/Epic Games/UE_4.7/Engine/Content/Localization/Editor/ja/Editor.locres) Hash: (-29098895) String: (現行レベルをディスクに保存)
Resource: (C:/Program Files/Epic Games/UE_4.7/Engine/Content/Localization/Engine/ja/Engine.locres) Hash: (-1280300587) String: (選択データをvlogファイルに保存)
[2021.06.03-11.25.54:475][  0]LogTextLocalizationManager:Warning: Loading localization resources contain conflicting entries for (Namespace:ContentBrowser, Key:ImportAssetToolTip):
Resource: (C:/Program Files/Epic Games/UE_4.7/Engine/Content/Localization/Editor/ja/Editor.locres) Hash: (-630476809) String: ({0} にインポート...)
Resource: (C:/Program Files/Epic Games/UE_4.7/Engine/Content/Localization/Editor/ja/Editor.locres) Hash: (1271782899) String: (このフォルダへファイルからアセットをインポート)
[2021.06.03-11.25.54:597][  0]LogContentStreaming: Texture pool size is 0.000000MB
[2021.06.03-11.25.57:632][  0]LogTargetPlatformManager:Display: Building Assets For Windows
[2021.06.03-11.25.58:288][  0]LogTargetPlatformManager:Display: Building Assets For Windows
[2021.06.03-11.25.58:362][  0]LogDerivedDataCache:Display: Max Cache Size: 512 MB
[2021.06.03-11.25.58:406][  0]LogDerivedDataCache: Loaded boot cache 0.04s 39MB C:/Users/magi1/AppData/Local/UnrealEngine/4.7/DerivedDataCache/Boot.ddc.
[2021.06.03-11.25.58:406][  0]LogDerivedDataCache:Display: Loaded Boot cache: C:/Users/magi1/AppData/Local/UnrealEngine/4.7/DerivedDataCache/Boot.ddc
[2021.06.03-11.25.58:406][  0]LogDerivedDataCache: FDerivedDataBackendGraph:  Pak pak cache file ../../../../../../Users/magi1/Documents/PaperNinja_FirstTime/PaperNinja/DerivedDataCache/DDC.ddp not found, will not use a pak cache.
[2021.06.03-11.25.58:406][  0]LogDerivedDataCache: Unable to find inner node Pak for hierarchical cache Hierarchy.
[2021.06.03-11.25.58:519][  0]LogDerivedDataCache:Display: Pak cache opened for reading ../../../Engine/DerivedDataCache/Compressed.ddp.
[2021.06.03-11.25.58:531][  0]LogDerivedDataCache: Using Local data cache path C:/Users/magi1/AppData/Local/UnrealEngine/Common/DerivedDataCache: Writable
[2021.06.03-11.25.59:247][  0]LogMeshUtilities: No automatic mesh reduction module available
[2021.06.03-11.25.59:247][  0]LogMeshUtilities: No automatic mesh merging module available
[2021.06.03-11.25.59:847][  0]LogInit: WinSock: version 1.1 (2.2), MaxSocks=32767, MaxUdp=65467
[2021.06.03-11.25.59:955][  0]LogSlate:Warning: Failed to load font data from '../../../Engine/Content/Slate/Fonts/Roboto-Italic.ttf'
[2021.06.03-11.26.01:501][  0]UdpMessaging: Initializing bridge on interface 0.0.0.0:0 to multicast group 230.0.0.1:6666.
[2021.06.03-11.26.01:804][  0]SourceControl: 情報 ソースコントロールは無効です
[2021.06.03-11.26.01:804][  0]SourceControl: 情報 ソースコントロールは無効です
[2021.06.03-11.26.01:804][  0]SourceControl: 情報 ソースコントロールは無効です
[2021.06.03-11.26.01:804][  0]LogSourceControl: RunCommandInternalRaw: 'git version'
[2021.06.03-11.26.01:804][  0]LogSourceControl: RunCommandInternalRaw: ExecProcess ReturnCode=2 OutResults=''
[2021.06.03-11.26.01:816][  0]SourceControl: 情報 ソースコントロールは無効です
[2021.06.03-11.26.02:133][  0]LogObj: 24232 objects as part of root set at end of initial load.
[2021.06.03-11.26.02:133][  0]LogUObjectAllocator: 5137176 out of 0 bytes used by permanent object pool.
[2021.06.03-11.26.02:318][  0]LogEngine: Initializing Engine...
[2021.06.03-11.26.04:513][  0]LogInit: XAudio2 using 'スピーカー (Realtek(R) Audio)' : 2 channels at 48 kHz using 32 bits per sample (channel mask 0x3)
[2021.06.03-11.26.04:572][  0]LogInit: FAudioDevice initialized.
[2021.06.03-11.26.04:652][  0]LogAIModule: Creating AISystem for world NewWorld
[2021.06.03-11.26.04:672][  0]LogDerivedDataCache: Saved boot cache 0.01s 39MB C:/Users/magi1/AppData/Local/UnrealEngine/4.7/DerivedDataCache/Boot.ddc.
[2021.06.03-11.26.04:674][  0]LogInit: Texture streaming: Enabled
[2021.06.03-11.26.04:819][  0]LogAnalytics: Creating configured Analytics provider AnalyticsET
[2021.06.03-11.26.04:819][  0]LogAnalytics: ET APIKey = Rocket.Release. APIServer = http://et2.epicgames.com/ET2/. AppVersion = 4.7.6-2513093+++depot+UE4-Releases+4.7
[2021.06.03-11.26.04:819][  0]LogAnalytics: ET APIKey = Rocket.Release. DataRouterUploadURL = https://datarouter-public-service-gamedev.ol.epicgames.net/datarouter/api/v1/public/data. AppVersion = 4.7.6-2513093+++depot+UE4-Releases+4.7
[2021.06.03-11.26.04:819][  0]LogAnalytics: SetUserId 144e59504b07e7078f7f9fbff0f199ea|e89bcdc3dddd40638ff112a71cef8e67|badf8662-73b2-480e-8b08-9b9fdfc993be
[2021.06.03-11.26.04:820][  0]LogAnalytics: AnalyticsET::StartSession [Rocket.Release]
[2021.06.03-11.26.04:866][  0]LogInit: Transaction tracking system initialized
[2021.06.03-11.26.05:195][  0]BlueprintLog: New page: エディタの読み込み
[2021.06.03-11.26.05:249][  0]LogAssetRegistry: FAssetRegistry took 0.0120 seconds to start up
[2021.06.03-11.26.05:249][  0]LogDirectoryWatcher:Warning: Failed to begin reading directory changes for ../../../Engine/Plugins/Experimental/CharacterAI/Content/. Error: 0
[2021.06.03-11.26.05:799][  0]LogTargetPlatformManager:Display: Building Assets For Windows
[2021.06.03-11.26.06:102][  0]LogTargetPlatformManager:Display: Building Assets For Windows
[2021.06.03-11.26.06:459][  0]LogSlate:Warning: Failed to load font data from '../../../Engine/Content/Editor/Slate/Fonts/Roboto-Regular.ttf'
[2021.06.03-11.26.06:460][  0]LogSlate:Warning: Failed to load font data from '../../../Engine/Content/Editor/Slate/Fonts/Roboto-Bold.ttf'
[2021.06.03-11.26.06:467][  0]LogConsoleResponse:Display: 
[2021.06.03-11.26.06:620][  0]LogCook:Display: Done creating registry. It took  0.00s.
[2021.06.03-11.26.06:853][  0]SourceControl: 情報 ソースコントロールは無効です
[2021.06.03-11.26.13:920][  0]Cmd: MAP LOAD FILE="../../../../../../Users/magi1/Documents/PaperNinja_FirstTime/PaperNinja/Content/StarterContent/Maps/Minimal_Default.umap" TEMPLATE=0 SHOWPROGRESS=1 FEATURELEVEL=3
[2021.06.03-11.26.13:921][  0]LightingResults: New page: ライティングのビルド
[2021.06.03-11.26.13:941][  0]MapCheck: New page: マップをチェック
[2021.06.03-11.26.13:941][  0]LightingResults: New page: <何も選択されていません>
[2021.06.03-11.26.13:955][  0]LogParticles: Destroying 0 GPU particle simulations for FXSystem 0x0000026CCFA90EA0
[2021.06.03-11.26.14:756][  0]LogEditorServer: Finished looking for orphan Actors (0.000 secs)
[2021.06.03-11.26.14:766][  0]LogAIModule: Creating AISystem for world Minimal_Default
[2021.06.03-11.26.14:767][  0]Cmd: MAP CHECKDEP
[2021.06.03-11.26.14:767][  0]MapCheck: New page: Minimal_Default - 2021/06/04 5:26:14
[2021.06.03-11.26.14:857][  0]MapCheck: 情報 マップチェックが完了: 0 エラー、 0 警告、完了に 91.151ミリ秒かかりました。
[2021.06.03-11.26.14:857][  0]LogFileHelpers: Loading map 'Minimal_Default' took 0.939
[2021.06.03-11.26.14:984][  0]LogStats:Warning: MetaData mismatch. Did you assign a stat to two groups? New //STATGROUP_Threads//SplashScreenThread///Thread_594_0///////STATCAT_Advanced//// old //STATGROUP_Threads//SplashScreenThread///Thread_383c_0///////STATCAT_Advanced////
[2021.06.03-11.26.14:984][  0]LogCollectionManager: Loaded 0 collections in 0.001735 seconds
[2021.06.03-11.26.14:995][  0]LogContentBrowser: Native class hierarchy populated in 0.0099 seconds. Added 1696 classes and 261 folders.
[2021.06.03-11.26.15:049][  0]LogContentBrowser: Native class hierarchy updated for 'SceneOutliner' in 0.0021 seconds. Added 1 classes and 2 folders.
[2021.06.03-11.26.15:091][  0]LogContentBrowser: Native class hierarchy updated for 'WorldBrowser' in 0.0022 seconds. Added 1 classes and 3 folders.
[2021.06.03-11.26.15:237][  0]LogCrashTracker: Crashtracker disabled due to settings.
[2021.06.03-11.26.15:243][  0]LogSlate:Warning: Failed to load font data from 'Veranda'
[2021.06.03-11.26.15:252][  0]LogUObjectGlobals:Warning: オブジェクト 'Class なし.' が見つかりませんでした
[2021.06.03-11.26.15:284][  0]LogLoad: Full Startup: 24.80 seconds (BP compile: 0.09 seconds)
[2021.06.03-11.26.15:327][  0]LogContentBrowser:Verbose: The content browser source was changed by the sources view to '/Game/Blueprints'
[2021.06.03-11.26.15:459][  0]LogRenderer:Warning: Reallocating scene render targets to support 32x32 (Frame:2).
[2021.06.03-11.26.15:566][  0]LogRenderer:Warning: Reallocating scene render targets to support 1200x576 (Frame:5).
[2021.06.03-11.26.15:721][  4]LogAssetRegistry: Asset discovery search completed in 10.4849 seconds
[2021.06.03-11.26.17:448][106]LogContentBrowser:Verbose: The content browser source was changed by the sources view to '/Game/Animations'
[2021.06.03-11.26.18:283][155]LogContentBrowser:Verbose: The content browser source was changed by the sources view to '/Game/Blueprints'
[2021.06.03-11.26.18:971][193]LogContentBrowser:Verbose: The content browser source was changed by the sources view to '/Game/Characters'
[2021.06.03-11.26.19:461][222]LogContentBrowser:Verbose: The content browser source was changed by the sources view to '/Game/Maps'
[2021.06.03-11.26.20:511][285]LogContentBrowser:Verbose: The content browser source was changed by the sources view to '/Game/Maps/Stage01'
[2021.06.03-11.26.21:800][357]Cmd: MAP LOAD FILE="../../../../../../Users/magi1/Documents/PaperNinja_FirstTime/PaperNinja/Content/Maps/Stage01/PNStage01_Top.umap" TEMPLATE=0 SHOWPROGRESS=1 FEATURELEVEL=3
[2021.06.03-11.26.21:800][357]LightingResults: New page: ライティングのビルド
[2021.06.03-11.26.21:827][357]LoadErrors: New page: マップをロード中: PNStage01_Top.umap
[2021.06.03-11.26.21:829][357]MapCheck: New page: マップをチェック
[2021.06.03-11.26.21:829][357]LightingResults: New page: <何も選択されていません>
[2021.06.03-11.26.21:835][357]LogParticles: Destroying 0 GPU particle simulations for FXSystem 0x0000026CD331FD80
[2021.06.03-11.26.24:325][357]LogEditorServer: Finished looking for orphan Actors (0.000 secs)
[2021.06.03-11.26.24:326][357]LogAIModule: Creating AISystem for world PNStage01_Top
[2021.06.03-11.26.24:367][357]Cmd: MAP CHECKDEP
[2021.06.03-11.26.24:367][357]MapCheck: New page: PNStage01_Top - 2021/06/04 5:26:24
[2021.06.03-11.26.24:494][357]MapCheck: 情報 マップチェックが完了: 0 エラー、 0 警告、完了に 126.293ミリ秒かかりました。
[2021.06.03-11.26.24:524][357]LogFileHelpers: Loading map 'PNStage01_Top' took 2.727
[2021.06.03-11.27.15:004][ 21]LogEditorViewport: Clicking on Actor (LMB): StaticMeshActor (Cube)
[2021.06.03-11.27.16:317][ 96]Cmd: DELETE
[2021.06.03-11.27.16:317][ 96]Cmd: ACTOR DELETE
[2021.06.03-11.27.16:325][ 96]LogEditorActor: Deleted Actor: StaticMeshActor
[2021.06.03-11.27.16:356][ 96]LogEditorActor: Deleted 1 Actors (0.034 secs)
[2021.06.03-11.27.24:749][591]Cmd: BRUSH ADD SELECTNEWBRUSH
[2021.06.03-11.29.06:900][  1]Cmd: BRUSH ADD SELECTNEWBRUSH
[2021.06.03-11.30.26:212][752]LogEditorViewport: Clicking on Actor (LMB): BP_Sky_Sphere_C (BP_Sky_Sphere)
[2021.06.03-11.30.26:212][752]LogEditorSelectUtils:Warning: SelectActor: The requested operation could not be completed because the level is locked. (BP_Sky_Sphere)
[2021.06.03-11.30.28:579][892]Cmd: BRUSH ADD SELECTNEWBRUSH
[2021.06.03-11.31.12:283][505]LogEditorViewport: Clicking on Actor (LMB): BP_Sky_Sphere_C (BP_Sky_Sphere)
[2021.06.03-11.31.12:283][505]LogEditorSelectUtils:Warning: SelectActor: The requested operation could not be completed because the level is locked. (BP_Sky_Sphere)
[2021.06.03-11.31.14:633][644]Cmd: BRUSH ADD SELECTNEWBRUSH
[2021.06.03-11.32.55:982][708]Cmd: BRUSH ADD SELECTNEWBRUSH
[2021.06.03-11.34.08:084][ 20]Cmd: BRUSH ADD SELECTNEWBRUSH
[2021.06.03-11.35.19:159][265]Cmd: BRUSH ADD SELECTNEWBRUSH
[2021.06.03-11.36.04:268][943]LogSavePackage: Save=28.640100ms
[2021.06.03-11.36.04:268][943]LogSavePackage: Moving '../../../../../../Users/magi1/Documents/PaperNinja_FirstTime/PaperNinja/Saved/PNStage01_BGE18DA5544CF6E9BB317939BA46872C17.tmp' to '../../../../../../Users/magi1/Documents/PaperNinja_FirstTime/PaperNinja/Content/Maps/Stage01/PNStage01_BG.umap'
[2021.06.03-11.36.18:144][774]MapCheck: New page: マップをチェック
[2021.06.03-11.36.18:166][774]Cmd: MAP REBUILD ALLVISIBLE
[2021.06.03-11.36.18:166][774]LogEditorServer: Rebuildmap Clear paths rebuilt
[2021.06.03-11.36.18:346][774]LightingResults: New page: ライティングのビルド - 2021/06/04 5:36:18
[2021.06.03-11.36.25:883][774]LogStaticLightingSystem: Running Lightmass w/ ImmediateImport mode ENABLED
[2021.06.03-11.36.25:883][774]LogStaticLightingSystem: Running Lightmass w/ ImmediateProcess mode ENABLED
[2021.06.03-11.36.25:883][774]LogStaticLightingSystem: Running Lightmass w/ Sorting mode ENABLED
[2021.06.03-11.36.25:883][774]LogStaticLightingSystem: Running Lightmass w/ Mapping paddings ENABLED
[2021.06.03-11.36.25:883][774]LogStaticLightingSystem: Running Lightmass w/ Mapping debug paddings DISABLED
[2021.06.03-11.36.26:004][774]LogEditorBuildUtils: Build time 0:00:07
[2021.06.03-11.36.31:576][794]Job is a success!
[2021.06.03-11.36.32:607][795]LogTexture:Display: テクスチャをビルド中: SkyOcclusion0_1 (AutoDXT)
[2021.06.03-11.36.32:664][795]LogTexture:Display: テクスチャをビルド中: LQ_Lightmap_0_6 (DXT1)
[2021.06.03-11.36.32:669][795]LogTexture:Display: テクスチャをビルド中: HQ_Lightmap0_6 (AutoDXT)
[2021.06.03-11.36.32:669][795]LogTexture:Display: テクスチャをビルド中: SkyOcclusion0_6 (AutoDXT)
[2021.06.03-11.36.32:672][795]LogTexture:Display: テクスチャをビルド中: LQ_Lightmap_0_5 (DXT1)
[2021.06.03-11.36.32:678][795]LogTexture:Display: テクスチャをビルド中: HQ_Lightmap0_5 (AutoDXT)
[2021.06.03-11.36.32:698][795]LogTexture:Display: テクスチャをビルド中: SkyOcclusion0_5 (AutoDXT)
[2021.06.03-11.36.32:711][795]LogTexture:Display: テクスチャをビルド中: LQ_Lightmap_0_4 (DXT1)
[2021.06.03-11.36.32:815][795]LogTexture:Display: テクスチャをビルド中: HQ_Lightmap0_4 (AutoDXT)
[2021.06.03-11.36.33:027][795]LogTexture:Display: テクスチャをビルド中: SkyOcclusion0_4 (AutoDXT)
[2021.06.03-11.36.33:113][795]LogTexture:Display: テクスチャをビルド中: LQ_Lightmap_0_3 (DXT1)
[2021.06.03-11.36.33:189][795]LogTexture:Display: テクスチャをビルド中: HQ_Lightmap0_3 (AutoDXT)
[2021.06.03-11.36.33:384][795]LogTexture:Display: テクスチャをビルド中: SkyOcclusion0_3 (AutoDXT)
[2021.06.03-11.36.33:452][795]LogTexture:Display: テクスチャをビルド中: LQ_Lightmap_0_2 (DXT1)
[2021.06.03-11.36.33:523][795]LogTexture:Display: テクスチャをビルド中: HQ_Lightmap0_2 (AutoDXT)
[2021.06.03-11.36.33:624][795]LogTexture:Display: テクスチャをビルド中: SkyOcclusion0_2 (AutoDXT)
[2021.06.03-11.36.33:676][795]LogTexture:Display: テクスチャをビルド中: LQ_Lightmap_0_1 (DXT1)
[2021.06.03-11.36.33:730][795]LogTexture:Display: テクスチャをビルド中: HQ_Lightmap0_1 (AutoDXT)
[2021.06.03-11.36.34:136][795]LogTexture:Display: テクスチャをビルド中: ShadowMapTexture2D_0 (BGRA8)
[2021.06.03-11.36.34:214][795]LogTexture:Display: テクスチャをビルド中: ShadowMapTexture2D_1 (BGRA8)
[2021.06.03-11.36.34:272][795]Lightmass on DESKTOP-QG331CQ: 7.30 sec total, 97 ms importing, 29 ms setup, 743 ms photons, 6.36 sec processing, 0 ms extra exporting [282/282 mappings]. Threads: 1:09 min total, 33.6 sec processing.
[2021.06.03-11.36.34:307][795]LogStaticLightingSystem: Illumination: 15.6 sec (1.84 sec encoding lightmaps)
[2021.06.03-11.36.34:307][795]LogStaticLightingSystem: Lightmap texture memory:  5.4 MB (2.8 MB streaming, 2.7 MB non-streaming), 12 textures
[2021.06.03-11.36.34:307][795]LogStaticLightingSystem: Shadowmap texture memory: 10.7 MB (0.0 MB streaming, 10.7 MB non-streaming), 2 textures
[2021.06.03-11.36.34:887][796]Cmd: MAP CHECK NOTIFYRESULTS
[2021.06.03-11.36.34:887][796]MapCheck: New page: PNStage01_Top - 2021/06/04 5:36:34
[2021.06.03-11.36.35:051][796]MapCheck: 情報 マップチェックが完了: 0 エラー、 0 警告、完了に 163.019ミリ秒かかりました。
[2021.06.03-11.36.53:084][852]LogContentBrowser:Verbose: The content browser source was changed by the sources view to '/Game/Blueprints'
[2021.06.03-11.36.53:151][854]LogScript:Warning: Accessed None 'CallFunc_TryGetPawnOwner_ReturnValue'
	PNAnimBP_Ninja_C /Engine/Transient.CharacterMesh0:PNAnimBP_Ninja_C_0
	Function /Game/Animations/PNAnimBP_Ninja.PNAnimBP_Ninja_C:ExecuteUbergraph_PNAnimBP_Ninja:02BB
[2021.06.03-11.36.53:151][854]LogScript:Warning: Accessed None 'K2Node_DynamicCast_AsPNPlayer_Pawn'
	PNAnimBP_Ninja_C /Engine/Transient.CharacterMesh0:PNAnimBP_Ninja_C_0
	Function /Game/Animations/PNAnimBP_Ninja.PNAnimBP_Ninja_C:ExecuteUbergraph_PNAnimBP_Ninja:03B5
[2021.06.03-11.36.53:151][854]LogScript:Warning: Accessed None 'CallFunc_TryGetPawnOwner_ReturnValue'
	PNAnimBP_Ninja_C /Engine/Transient.CharacterMesh0:PNAnimBP_Ninja_C_0
	Function /Game/Animations/PNAnimBP_Ninja.PNAnimBP_Ninja_C:ExecuteUbergraph_PNAnimBP_Ninja:02BB
[2021.06.03-11.36.53:151][854]LogScript:Warning: Accessed None 'K2Node_DynamicCast_AsPNPlayer_Pawn'
	PNAnimBP_Ninja_C /Engine/Transient.CharacterMesh0:PNAnimBP_Ninja_C_0
	Function /Game/Animations/PNAnimBP_Ninja.PNAnimBP_Ninja_C:ExecuteUbergraph_PNAnimBP_Ninja:03B5
[2021.06.03-11.36.53:152][854]LogScript:Warning: Accessed None 'CallFunc_TryGetPawnOwner_ReturnValue'
	PNAnimBP_Rabbit_C /Engine/Transient.SkeletalMeshComponent_0:PNAnimBP_Rabbit_C_1
	Function /Game/Animations/PNAnimBP_Rabbit.PNAnimBP_Rabbit_C:ExecuteUbergraph_PNAnimBP_Rabbit:0291
[2021.06.03-11.36.53:152][854]LogScript:Warning: Accessed None 'K2Node_DynamicCast_AsPNPawn_Rabbit'
	PNAnimBP_Rabbit_C /Engine/Transient.SkeletalMeshComponent_0:PNAnimBP_Rabbit_C_1
	Function /Game/Animations/PNAnimBP_Rabbit.PNAnimBP_Rabbit_C:ExecuteUbergraph_PNAnimBP_Rabbit:0353
[2021.06.03-11.36.53:152][854]LogScript:Warning: Accessed None 'CallFunc_TryGetPawnOwner_ReturnValue'
	PNAnimBP_Rabbit_C /Engine/Transient.SkeletalMeshComponent_0:PNAnimBP_Rabbit_C_1
	Function /Game/Animations/PNAnimBP_Rabbit.PNAnimBP_Rabbit_C:ExecuteUbergraph_PNAnimBP_Rabbit:0291
[2021.06.03-11.36.53:152][854]LogScript:Warning: Accessed None 'K2Node_DynamicCast_AsPNPawn_Rabbit'
	PNAnimBP_Rabbit_C /Engine/Transient.SkeletalMeshComponent_0:PNAnimBP_Rabbit_C_1
	Function /Game/Animations/PNAnimBP_Rabbit.PNAnimBP_Rabbit_C:ExecuteUbergraph_PNAnimBP_Rabbit:0353
[2021.06.03-11.36.53:641][874]LogTexture:Warning: Failed to stream mip data from the derived data cache for /Game/Maps/Stage01/PNStage01_SM.HQ_Lightmap1_2. Streaming mips will be recached.
[2021.06.03-11.36.53:657][874]LogTexture:Display: テクスチャをビルド中: HQ_Lightmap1_2 (AutoDXT)
[2021.06.03-11.36.53:839][874]LogTexture:Warning: Failed to stream mip data from the derived data cache for /Game/Maps/Stage01/PNStage01_SM.HQ_Lightmap1_3. Streaming mips will be recached.
[2021.06.03-11.36.53:854][874]LogTexture:Display: テクスチャをビルド中: HQ_Lightmap1_3 (AutoDXT)
[2021.06.03-11.36.54:476][900]LogContentBrowser:Verbose: The content browser source was changed by the sources view to '/Game/Characters'
[2021.06.03-11.36.56:079][996]LogContentBrowser:Verbose: The content browser source was changed by the sources view to '/Game/Animations'
[2021.06.03-11.36.56:136][998]LogScript:Warning: Accessed None 'CallFunc_TryGetPawnOwner_ReturnValue'
	PNAnimBP_Rabbit_C /Engine/Transient.World_7:PersistentLevel.SkeletalMeshActor_3.SkeletalMeshComponent0.PNAnimBP_Rabbit_C_2
	Function /Game/Animations/PNAnimBP_Rabbit.PNAnimBP_Rabbit_C:ExecuteUbergraph_PNAnimBP_Rabbit:0291
[2021.06.03-11.36.56:136][998]LogScript:Warning: Accessed None 'K2Node_DynamicCast_AsPNPawn_Rabbit'
	PNAnimBP_Rabbit_C /Engine/Transient.World_7:PersistentLevel.SkeletalMeshActor_3.SkeletalMeshComponent0.PNAnimBP_Rabbit_C_2
	Function /Game/Animations/PNAnimBP_Rabbit.PNAnimBP_Rabbit_C:ExecuteUbergraph_PNAnimBP_Rabbit:0353
[2021.06.03-11.36.56:136][998]LogScript:Warning: Accessed None 'CallFunc_TryGetPawnOwner_ReturnValue'
	PNAnimBP_Ninja_C /Engine/Transient.World_7:PersistentLevel.SkeletalMeshActor_3.SkeletalMeshComponent0.PNAnimBP_Ninja_C_1
	Function /Game/Animations/PNAnimBP_Ninja.PNAnimBP_Ninja_C:ExecuteUbergraph_PNAnimBP_Ninja:02BB
[2021.06.03-11.36.56:136][998]LogScript:Warning: Accessed None 'K2Node_DynamicCast_AsPNPlayer_Pawn'
	PNAnimBP_Ninja_C /Engine/Transient.World_7:PersistentLevel.SkeletalMeshActor_3.SkeletalMeshComponent0.PNAnimBP_Ninja_C_1
	Function /Game/Animations/PNAnimBP_Ninja.PNAnimBP_Ninja_C:ExecuteUbergraph_PNAnimBP_Ninja:03B5
[2021.06.03-11.36.56:218][  3]LogScript:Warning: Accessed None 'CallFunc_TryGetPawnOwner_ReturnValue'
	PNAnimBP_Rabbit_C /Engine/Transient.World_7:PersistentLevel.SkeletalMeshActor_3.SkeletalMeshComponent0.PNAnimBP_Rabbit_C_3
	Function /Game/Animations/PNAnimBP_Rabbit.PNAnimBP_Rabbit_C:ExecuteUbergraph_PNAnimBP_Rabbit:0291
[2021.06.03-11.36.56:218][  3]LogScript:Warning: Accessed None 'K2Node_DynamicCast_AsPNPawn_Rabbit'
	PNAnimBP_Rabbit_C /Engine/Transient.World_7:PersistentLevel.SkeletalMeshActor_3.SkeletalMeshComponent0.PNAnimBP_Rabbit_C_3
	Function /Game/Animations/PNAnimBP_Rabbit.PNAnimBP_Rabbit_C:ExecuteUbergraph_PNAnimBP_Rabbit:0353
[2021.06.03-11.36.56:218][  3]LogScript:Warning: Accessed None 'CallFunc_TryGetPawnOwner_ReturnValue'
	PNAnimBP_Ninja_C /Engine/Transient.World_7:PersistentLevel.SkeletalMeshActor_3.SkeletalMeshComponent0.PNAnimBP_Ninja_C_2
	Function /Game/Animations/PNAnimBP_Ninja.PNAnimBP_Ninja_C:ExecuteUbergraph_PNAnimBP_Ninja:02BB
[2021.06.03-11.36.56:218][  3]LogScript:Warning: Accessed None 'K2Node_DynamicCast_AsPNPlayer_Pawn'
	PNAnimBP_Ninja_C /Engine/Transient.World_7:PersistentLevel.SkeletalMeshActor_3.SkeletalMeshComponent0.PNAnimBP_Ninja_C_2
	Function /Game/Animations/PNAnimBP_Ninja.PNAnimBP_Ninja_C:ExecuteUbergraph_PNAnimBP_Ninja:03B5
[2021.06.03-11.36.56:302][  8]LogScript:Warning: Accessed None 'CallFunc_TryGetPawnOwner_ReturnValue'
	PNAnimBP_Rabbit_C /Engine/Transient.World_7:PersistentLevel.SkeletalMeshActor_3.SkeletalMeshComponent0.PNAnimBP_Rabbit_C_4
	Function /Game/Animations/PNAnimBP_Rabbit.PNAnimBP_Rabbit_C:ExecuteUbergraph_PNAnimBP_Rabbit:0291
[2021.06.03-11.36.56:302][  8]LogScript:Warning: Accessed None 'K2Node_DynamicCast_AsPNPawn_Rabbit'
	PNAnimBP_Rabbit_C /Engine/Transient.World_7:PersistentLevel.SkeletalMeshActor_3.SkeletalMeshComponent0.PNAnimBP_Rabbit_C_4
	Function /Game/Animations/PNAnimBP_Rabbit.PNAnimBP_Rabbit_C:ExecuteUbergraph_PNAnimBP_Rabbit:0353
[2021.06.03-11.36.56:302][  8]LogScript:Warning: Accessed None 'CallFunc_TryGetPawnOwner_ReturnValue'
	PNAnimBP_Ninja_C /Engine/Transient.World_7:PersistentLevel.SkeletalMeshActor_3.SkeletalMeshComponent0.PNAnimBP_Ninja_C_3
	Function /Game/Animations/PNAnimBP_Ninja.PNAnimBP_Ninja_C:ExecuteUbergraph_PNAnimBP_Ninja:02BB
[2021.06.03-11.36.56:302][  8]LogScript:Warning: Accessed None 'K2Node_DynamicCast_AsPNPlayer_Pawn'
	PNAnimBP_Ninja_C /Engine/Transient.World_7:PersistentLevel.SkeletalMeshActor_3.SkeletalMeshComponent0.PNAnimBP_Ninja_C_3
	Function /Game/Animations/PNAnimBP_Ninja.PNAnimBP_Ninja_C:ExecuteUbergraph_PNAnimBP_Ninja:03B5
[2021.06.03-11.36.56:386][ 13]LogScript:Warning: Accessed None 'CallFunc_TryGetPawnOwner_ReturnValue'
	PNAnimBP_Rabbit_C /Engine/Transient.World_7:PersistentLevel.SkeletalMeshActor_3.SkeletalMeshComponent0.PNAnimBP_Rabbit_C_5
	Function /Game/Animations/PNAnimBP_Rabbit.PNAnimBP_Rabbit_C:ExecuteUbergraph_PNAnimBP_Rabbit:0291
[2021.06.03-11.36.56:386][ 13]LogScript:Warning: Accessed None 'K2Node_DynamicCast_AsPNPawn_Rabbit'
	PNAnimBP_Rabbit_C /Engine/Transient.World_7:PersistentLevel.SkeletalMeshActor_3.SkeletalMeshComponent0.PNAnimBP_Rabbit_C_5
	Function /Game/Animations/PNAnimBP_Rabbit.PNAnimBP_Rabbit_C:ExecuteUbergraph_PNAnimBP_Rabbit:0353
[2021.06.03-11.36.56:386][ 13]LogScript:Warning: Accessed None 'CallFunc_TryGetPawnOwner_ReturnValue'
	PNAnimBP_Ninja_C /Engine/Transient.World_7:PersistentLevel.SkeletalMeshActor_3.SkeletalMeshComponent0.PNAnimBP_Ninja_C_4
	Function /Game/Animations/PNAnimBP_Ninja.PNAnimBP_Ninja_C:ExecuteUbergraph_PNAnimBP_Ninja:02BB
[2021.06.03-11.36.56:386][ 13]LogScript:Warning: Accessed None 'K2Node_DynamicCast_AsPNPlayer_Pawn'
	PNAnimBP_Ninja_C /Engine/Transient.World_7:PersistentLevel.SkeletalMeshActor_3.SkeletalMeshComponent0.PNAnimBP_Ninja_C_4
	Function /Game/Animations/PNAnimBP_Ninja.PNAnimBP_Ninja_C:ExecuteUbergraph_PNAnimBP_Ninja:03B5
[2021.06.03-11.36.56:468][ 18]LogScript:Warning: Accessed None 'CallFunc_TryGetPawnOwner_ReturnValue'
	PNAnimBP_Rabbit_C /Engine/Transient.World_7:PersistentLevel.SkeletalMeshActor_3.SkeletalMeshComponent0.PNAnimBP_Rabbit_C_6
	Function /Game/Animations/PNAnimBP_Rabbit.PNAnimBP_Rabbit_C:ExecuteUbergraph_PNAnimBP_Rabbit:0291
[2021.06.03-11.36.56:468][ 18]LogScript:Warning: Accessed None 'K2Node_DynamicCast_AsPNPawn_Rabbit'
	PNAnimBP_Rabbit_C /Engine/Transient.World_7:PersistentLevel.SkeletalMeshActor_3.SkeletalMeshComponent0.PNAnimBP_Rabbit_C_6
	Function /Game/Animations/PNAnimBP_Rabbit.PNAnimBP_Rabbit_C:ExecuteUbergraph_PNAnimBP_Rabbit:0353
[2021.06.03-11.36.56:468][ 18]LogScript:Warning: Accessed None 'CallFunc_TryGetPawnOwner_ReturnValue'
	PNAnimBP_Ninja_C /Engine/Transient.World_7:PersistentLevel.SkeletalMeshActor_3.SkeletalMeshComponent0.PNAnimBP_Ninja_C_5
	Function /Game/Animations/PNAnimBP_Ninja.PNAnimBP_Ninja_C:ExecuteUbergraph_PNAnimBP_Ninja:02BB
[2021.06.03-11.36.56:468][ 18]LogScript:Warning: Accessed None 'K2Node_DynamicCast_AsPNPlayer_Pawn'
	PNAnimBP_Ninja_C /Engine/Transient.World_7:PersistentLevel.SkeletalMeshActor_3.SkeletalMeshComponent0.PNAnimBP_Ninja_C_5
	Function /Game/Animations/PNAnimBP_Ninja.PNAnimBP_Ninja_C:ExecuteUbergraph_PNAnimBP_Ninja:03B5
[2021.06.03-11.36.56:631][ 28]LogContentBrowser:Verbose: The content browser source was changed by the sources view to '/Game/Architecture'
[2021.06.03-11.36.58:145][118]LogContentBrowser:Verbose: The content browser source was changed by the sources view to '/Game/Architecture/Materials'
[2021.06.03-11.37.11:161][892]LogMaterial: Missing cached shader map for material M_ENV_Base, compiling. 
[2021.06.03-11.37.11:197][892]LogActorComponent: UnregisterComponent: (/Engine/Transient.SkeletalMeshComponent_1) Not registered. Aborting.
[2021.06.03-11.37.11:275][892]LogActorComponent: UnregisterComponent: (/Engine/Transient.SkeletalMeshComponent_1) Not registered. Aborting.
[2021.06.03-11.37.11:275][892]LogActorComponent: RegisterComponentWithWorld: (/Engine/Transient.MaterialEditorMeshComponent_0) Already registered. Aborting.
[2021.06.03-11.37.11:275][892]LogActorComponent: UnregisterComponent: (/Engine/Transient.SkeletalMeshComponent_1) Not registered. Aborting.
[2021.06.03-11.37.11:275][892]LogActorComponent: RegisterComponentWithWorld: (/Engine/Transient.MaterialEditorMeshComponent_0) Already registered. Aborting.
[2021.06.03-11.37.11:284][892]LogMaterial: Missing cached shader map for material M_ENV_Base, compiling. 
[2021.06.03-11.37.11:288][892]LogMaterial: 0.000114 seconds spent updating 1 materials, 1 interfaces, 0 instances, 0 with static permutations.
[2021.06.03-11.37.11:316][892]LogMaterial: Missing cached shader map for material FMatExpressionPreview MaterialExpressionTextureSampleParameter2D_0, compiling. 
[2021.06.03-11.37.11:317][892]LogMaterial: Missing cached shader map for material FMatExpressionPreview MaterialExpressionTextureSampleParameter2D_1, compiling. 
[2021.06.03-11.37.11:319][892]LogMaterial: Missing cached shader map for material FMatExpressionPreview MaterialExpressionTextureSample_0, compiling. 
[2021.06.03-11.37.11:322][892]LogMaterial: Missing cached shader map for material FMatExpressionPreview MaterialExpressionConstant3Vector_0, compiling. 
[2021.06.03-11.37.11:834][913]LogTexture:Warning: Failed to stream mip data from the derived data cache for /Game/Maps/Stage01/PNStage01_GM.HQ_Lightmap1_1. Streaming mips will be recached.
[2021.06.03-11.37.11:837][913]LogTexture:Display: テクスチャをビルド中: HQ_Lightmap1_1 (AutoDXT)
[2021.06.03-11.37.12:387][945]MaterialEditorStats: 情報 Base pass shader with static lighting: 90 instructions
[2021.06.03-11.37.12:387][945]MaterialEditorStats: 情報 Base pass shader with only dynamic lighting: 59 instructions
[2021.06.03-11.37.12:387][945]MaterialEditorStats: 情報 Vertex shader: 34 instructions
[2021.06.03-11.37.12:387][945]MaterialEditorStats: 情報 Texture samplers: 5/16
[2021.06.03-11.37.24:070][639]LogContentBrowser:Verbose: The content browser source was changed by the sources view to '/Game/Architecture/Materials'
[2021.06.03-11.37.38:793][520]LogActorComponent: UnregisterComponent: (/Engine/Transient.CharMoveComp) Not registered. Aborting.
[2021.06.03-11.37.38:794][520]LogActorComponent: UnregisterComponent: (/Engine/Transient.CharacterMovementComponent_0) Not registered. Aborting.
[2021.06.03-11.37.40:238][520]LogSavePackage: Save=301.375885ms
[2021.06.03-11.37.40:238][520]LogSavePackage: Moving '../../../../../../Users/magi1/Documents/PaperNinja_FirstTime/PaperNinja/Saved/MI_TatamiE835F479415EE05D9ADEC19CAE539B09.tmp' to '../../../../../../Users/magi1/Documents/PaperNinja_FirstTime/PaperNinja/Content/Architecture/Materials/MI_Tatami.uasset'
[2021.06.03-11.37.40:597][520]LogSavePackage: Save=120.621300ms
[2021.06.03-11.37.40:597][520]LogSavePackage: Moving '../../../../../../Users/magi1/Documents/PaperNinja_FirstTime/PaperNinja/Saved/PNStage01_BGBC67AA3E4C526B8ACB9D919FB79113D2.tmp' to '../../../../../../Users/magi1/Documents/PaperNinja_FirstTime/PaperNinja/Content/Maps/Stage01/PNStage01_BG.umap'
[2021.06.03-11.37.40:601][520]LogFileHelpers: Saving map 'PNStage01_BG' took 0.354
[2021.06.03-11.37.40:980][520]LogSavePackage: Save=140.761002ms
[2021.06.03-11.37.40:980][520]LogSavePackage: Moving '../../../../../../Users/magi1/Documents/PaperNinja_FirstTime/PaperNinja/Saved/PNStage01_GM2D7539E540D7F11E8C39EEBF7D6C27E6.tmp' to '../../../../../../Users/magi1/Documents/PaperNinja_FirstTime/PaperNinja/Content/Maps/Stage01/PNStage01_GM.umap'
[2021.06.03-11.37.40:984][520]LogFileHelpers: Saving map 'PNStage01_GM' took 0.381
[2021.06.03-11.37.41:561][520]LogSavePackage: Save=346.417206ms
[2021.06.03-11.37.41:561][520]LogSavePackage: Moving '../../../../../../Users/magi1/Documents/PaperNinja_FirstTime/PaperNinja/Saved/PNStage01_Light646A9B8C4FF915BDA80AC1AAFD638599.tmp' to '../../../../../../Users/magi1/Documents/PaperNinja_FirstTime/PaperNinja/Content/Maps/Stage01/PNStage01_Light.umap'
[2021.06.03-11.37.41:565][520]LogFileHelpers: Saving map 'PNStage01_Light' took 0.578
[2021.06.03-11.37.42:173][520]LogSavePackage: Save=373.538391ms
[2021.06.03-11.37.42:173][520]LogSavePackage: Moving '../../../../../../Users/magi1/Documents/PaperNinja_FirstTime/PaperNinja/Saved/PNStage01_SM20BBA8C0414B298C8A4903AFF71FC774.tmp' to '../../../../../../Users/magi1/Documents/PaperNinja_FirstTime/PaperNinja/Content/Maps/Stage01/PNStage01_SM.umap'
[2021.06.03-11.37.42:178][520]LogFileHelpers: Saving map 'PNStage01_SM' took 0.610
[2021.06.03-11.37.42:429][520]LogSavePackage: Save=17.313101ms
[2021.06.03-11.37.42:429][520]LogSavePackage: Moving '../../../../../../Users/magi1/Documents/PaperNinja_FirstTime/PaperNinja/Saved/PNStage01_Top8A28A9A34B5D7E58864C0BB38D6BDAC3.tmp' to '../../../../../../Users/magi1/Documents/PaperNinja_FirstTime/PaperNinja/Content/Maps/Stage01/PNStage01_Top.umap'
[2021.06.03-11.37.42:470][520]LogFileHelpers: Saving map 'PNStage01_Top' took 0.289
[2021.06.03-11.37.52:987][142]LogActorComponent: UnregisterComponent: (/Engine/Transient.SkeletalMeshComponent_2) Not registered. Aborting.
[2021.06.03-11.37.53:017][142]LogActorComponent: UnregisterComponent: (/Engine/Transient.SkeletalMeshComponent_2) Not registered. Aborting.
[2021.06.03-11.37.53:017][142]LogActorComponent: RegisterComponentWithWorld: (/Engine/Transient.MaterialEditorMeshComponent_1) Already registered. Aborting.
[2021.06.03-11.37.53:062][142]LogRenderer:Warning: Reallocating scene render targets to support 1392x928 (Frame:39268).
[2021.06.03-11.38.12:769][313]LogTexture:Display: テクスチャをビルド中: T_Tatami_Loop_D (AutoDXT)
[2021.06.03-11.39.25:511][ 85]LogSavePackage: Save=208.859604ms
[2021.06.03-11.39.25:511][ 85]LogSavePackage: Moving '../../../../../../Users/magi1/Documents/PaperNinja_FirstTime/PaperNinja/Saved/MI_Tatami9BA885CA4A03C57B46ACA78C793A42CD.tmp' to '../../../../../../Users/magi1/Documents/PaperNinja_FirstTime/PaperNinja/Content/Architecture/Materials/MI_Tatami.uasset'
[2021.06.03-11.39.28:669][268]LogScript:Warning: Accessed None 'CallFunc_TryGetPawnOwner_ReturnValue'
	PNAnimBP_Rabbit_C /Engine/Transient.CharacterMesh0:PNAnimBP_Rabbit_C_7
	Function /Game/Animations/PNAnimBP_Rabbit.PNAnimBP_Rabbit_C:ExecuteUbergraph_PNAnimBP_Rabbit:0291
[2021.06.03-11.39.28:669][268]LogScript:Warning: Accessed None 'K2Node_DynamicCast_AsPNPawn_Rabbit'
	PNAnimBP_Rabbit_C /Engine/Transient.CharacterMesh0:PNAnimBP_Rabbit_C_7
	Function /Game/Animations/PNAnimBP_Rabbit.PNAnimBP_Rabbit_C:ExecuteUbergraph_PNAnimBP_Rabbit:0353
[2021.06.03-11.39.28:670][268]LogScript:Warning: Accessed None 'CallFunc_TryGetPawnOwner_ReturnValue'
	PNAnimBP_Rabbit_C /Engine/Transient.CharacterMesh0:PNAnimBP_Rabbit_C_7
	Function /Game/Animations/PNAnimBP_Rabbit.PNAnimBP_Rabbit_C:ExecuteUbergraph_PNAnimBP_Rabbit:0291
[2021.06.03-11.39.28:670][268]LogScript:Warning: Accessed None 'K2Node_DynamicCast_AsPNPawn_Rabbit'
	PNAnimBP_Rabbit_C /Engine/Transient.CharacterMesh0:PNAnimBP_Rabbit_C_7
	Function /Game/Animations/PNAnimBP_Rabbit.PNAnimBP_Rabbit_C:ExecuteUbergraph_PNAnimBP_Rabbit:0353
[2021.06.03-11.39.28:671][268]LogScript:Warning: Accessed None 'CallFunc_TryGetPawnOwner_ReturnValue'
	PNAnimBP_Rabbit_C /Engine/Transient.World_7:PersistentLevel.SkeletalMeshActor_3.SkeletalMeshComponent0.PNAnimBP_Rabbit_C_8
	Function /Game/Animations/PNAnimBP_Rabbit.PNAnimBP_Rabbit_C:ExecuteUbergraph_PNAnimBP_Rabbit:0291
[2021.06.03-11.39.28:671][268]LogScript:Warning: Accessed None 'K2Node_DynamicCast_AsPNPawn_Rabbit'
	PNAnimBP_Rabbit_C /Engine/Transient.World_7:PersistentLevel.SkeletalMeshActor_3.SkeletalMeshComponent0.PNAnimBP_Rabbit_C_8
	Function /Game/Animations/PNAnimBP_Rabbit.PNAnimBP_Rabbit_C:ExecuteUbergraph_PNAnimBP_Rabbit:0353
[2021.06.03-11.39.49:875][417]Cmd: TRANSACTION UNDO
[2021.06.03-11.39.49:875][417]LogEditorTransaction: Undo 複数のアクタを作成
[2021.06.03-11.39.49:885][417]LogActorComponent: ~FComponentReregisterContext: (/Game/Maps/Stage01/PNStage01_BG.PNStage01_BG:PersistentLevel.ModelComponent_1019) Component already registered.
[2021.06.03-11.39.49:901][417]LogMaterial: Missing cached shader map for material M_ENV_Base, compiling. 
[2021.06.03-11.39.49:906][417]LogMaterial: 0.000145 seconds spent updating 1 materials, 1 interfaces, 0 instances, 0 with static permutations.
[2021.06.03-11.39.50:858][462]MaterialEditorStats: 情報 Base pass shader with static lighting: 90 instructions
[2021.06.03-11.39.50:858][462]MaterialEditorStats: 情報 Base pass shader with only dynamic lighting: 59 instructions
[2021.06.03-11.39.50:858][462]MaterialEditorStats: 情報 Vertex shader: 34 instructions
[2021.06.03-11.39.50:858][462]MaterialEditorStats: 情報 Texture samplers: 5/16
[2021.06.03-11.39.52:552][560]LogScript:Warning: Accessed None 'CallFunc_TryGetPawnOwner_ReturnValue'
	PNAnimBP_Rabbit_C /Engine/Transient.World_7:PersistentLevel.SkeletalMeshActor_3.SkeletalMeshComponent0.PNAnimBP_Rabbit_C_9
	Function /Game/Animations/PNAnimBP_Rabbit.PNAnimBP_Rabbit_C:ExecuteUbergraph_PNAnimBP_Rabbit:0291
[2021.06.03-11.39.52:552][560]LogScript:Warning: Accessed None 'K2Node_DynamicCast_AsPNPawn_Rabbit'
	PNAnimBP_Rabbit_C /Engine/Transient.World_7:PersistentLevel.SkeletalMeshActor_3.SkeletalMeshComponent0.PNAnimBP_Rabbit_C_9
	Function /Game/Animations/PNAnimBP_Rabbit.PNAnimBP_Rabbit_C:ExecuteUbergraph_PNAnimBP_Rabbit:0353
[2021.06.03-11.40.09:620][334]Cmd: POLY TEXSCALE  UU=0.250000 VV=0.250000
[2021.06.03-11.40.11:451][437]Cmd: POLY TEXSCALE  UU=0.250000 VV=0.250000
[2021.06.03-11.40.16:880][760]LogActorComponent: UnregisterComponent: (/Engine/Transient.CharMoveComp) Not registered. Aborting.
[2021.06.03-11.40.17:093][760]LogSavePackage: Save=122.760002ms
[2021.06.03-11.40.17:093][760]LogSavePackage: Moving '../../../../../../Users/magi1/Documents/PaperNinja_FirstTime/PaperNinja/Saved/PNStage01_BGA6562C444053914C33ACB5ABF179124B.tmp' to '../../../../../../Users/magi1/Documents/PaperNinja_FirstTime/PaperNinja/Content/Maps/Stage01/PNStage01_BG.umap'
[2021.06.03-11.40.19:750][846]LogSavePackage: Save=4.405500ms
[2021.06.03-11.40.19:750][846]LogSavePackage: Moving '../../../../../../Users/magi1/Documents/PaperNinja_FirstTime/PaperNinja/Saved/MI_Tatami5693B60E455197AD7BB1CCB94566DFCC.tmp' to '../../../../../../Users/magi1/Documents/PaperNinja_FirstTime/PaperNinja/Content/Architecture/Materials/MI_Tatami.uasset'
[2021.06.03-11.42.24:721][690]LogSavePackage: Save=344.358612ms
[2021.06.03-11.42.24:721][690]LogSavePackage: Moving '../../../../../../Users/magi1/Documents/PaperNinja_FirstTime/PaperNinja/Saved/PNStage01_Light86A38CF540623D48679F7A80F4B84654.tmp' to '../../../../../../Users/magi1/Documents/PaperNinja_FirstTime/PaperNinja/Content/Maps/Stage01/PNStage01_Light.umap'
[2021.06.03-11.45.36:796][539]MapCheck: New page: マップをチェック
[2021.06.03-11.45.36:812][539]Cmd: MAP REBUILD ALLVISIBLE
[2021.06.03-11.45.36:812][539]LogEditorServer: Rebuildmap Clear paths rebuilt
[2021.06.03-11.45.36:982][539]LightingResults: New page: ライティングのビルド - 2021/06/04 5:45:36
[2021.06.03-11.45.41:582][539]LogStaticLightingSystem: Running Lightmass w/ ImmediateImport mode ENABLED
[2021.06.03-11.45.41:582][539]LogStaticLightingSystem: Running Lightmass w/ ImmediateProcess mode ENABLED
[2021.06.03-11.45.41:582][539]LogStaticLightingSystem: Running Lightmass w/ Sorting mode ENABLED
[2021.06.03-11.45.41:582][539]LogStaticLightingSystem: Running Lightmass w/ Mapping paddings ENABLED
[2021.06.03-11.45.41:582][539]LogStaticLightingSystem: Running Lightmass w/ Mapping debug paddings DISABLED
[2021.06.03-11.45.41:663][539]LogEditorBuildUtils: Build time 0:00:04
[2021.06.03-11.45.46:744][821]Job is a success!
[2021.06.03-11.45.47:379][822]LogTexture:Display: テクスチャをビルド中: SkyOcclusion0_1 (AutoDXT)
[2021.06.03-11.45.47:456][822]LogTexture:Display: テクスチャをビルド中: LQ_Lightmap_1_6 (DXT1)
[2021.06.03-11.45.47:459][822]LogTexture:Display: テクスチャをビルド中: HQ_Lightmap1_6 (AutoDXT)
[2021.06.03-11.45.47:460][822]LogTexture:Display: テクスチャをビルド中: SkyOcclusion1_6 (AutoDXT)
[2021.06.03-11.45.47:461][822]LogTexture:Display: テクスチャをビルド中: LQ_Lightmap_1_5 (DXT1)
[2021.06.03-11.45.47:469][822]LogTexture:Display: テクスチャをビルド中: HQ_Lightmap1_5 (AutoDXT)
[2021.06.03-11.45.47:484][822]LogTexture:Display: テクスチャをビルド中: SkyOcclusion1_5 (AutoDXT)
[2021.06.03-11.45.47:498][822]LogTexture:Display: テクスチャをビルド中: LQ_Lightmap_1_4 (DXT1)
[2021.06.03-11.45.47:581][822]LogTexture:Display: テクスチャをビルド中: HQ_Lightmap1_4 (AutoDXT)
[2021.06.03-11.45.47:732][822]LogTexture:Display: テクスチャをビルド中: SkyOcclusion1_4 (AutoDXT)
[2021.06.03-11.45.47:812][822]LogTexture:Display: テクスチャをビルド中: LQ_Lightmap_1_3 (DXT1)
[2021.06.03-11.45.47:884][822]LogTexture:Display: テクスチャをビルド中: HQ_Lightmap1_3 (AutoDXT)
[2021.06.03-11.45.48:029][822]LogTexture:Display: テクスチャをビルド中: SkyOcclusion1_3 (AutoDXT)
[2021.06.03-11.45.48:091][822]LogTexture:Display: テクスチャをビルド中: LQ_Lightmap_0_2 (DXT1)
[2021.06.03-11.45.48:149][822]LogTexture:Display: テクスチャをビルド中: HQ_Lightmap0_2 (AutoDXT)
[2021.06.03-11.45.48:207][822]LogTexture:Display: テクスチャをビルド中: SkyOcclusion0_2 (AutoDXT)
[2021.06.03-11.45.48:257][822]LogTexture:Display: テクスチャをビルド中: LQ_Lightmap_0_1 (DXT1)
[2021.06.03-11.45.48:305][822]LogTexture:Display: テクスチャをビルド中: HQ_Lightmap0_1 (AutoDXT)
[2021.06.03-11.45.48:679][822]LogTexture:Display: テクスチャをビルド中: ShadowMapTexture2D_2 (BGRA8)
[2021.06.03-11.45.48:751][822]LogTexture:Display: テクスチャをビルド中: ShadowMapTexture2D_3 (BGRA8)
[2021.06.03-11.45.48:769][822]Lightmass on DESKTOP-QG331CQ: 6.64 sec total, 93 ms importing, 32 ms setup, 744 ms photons, 5.72 sec processing, 0 ms extra exporting [282/282 mappings]. Threads: 1:02 min total, 35.4 sec processing.
[2021.06.03-11.45.48:817][822]LogStaticLightingSystem: Illumination: 11.8 sec (1.59 sec encoding lightmaps)
[2021.06.03-11.45.48:817][822]LogStaticLightingSystem: Lightmap texture memory:  5.4 MB (2.8 MB streaming, 2.7 MB non-streaming), 12 textures
[2021.06.03-11.45.48:817][822]LogStaticLightingSystem: Shadowmap texture memory: 21.4 MB (0.0 MB streaming, 21.3 MB non-streaming), 4 textures
[2021.06.03-11.45.49:593][823]Cmd: MAP CHECK NOTIFYRESULTS
[2021.06.03-11.45.49:593][823]MapCheck: New page: PNStage01_Top - 2021/06/04 5:45:49
[2021.06.03-11.45.49:736][823]MapCheck: 情報 マップチェックが完了: 0 エラー、 0 警告、完了に 142.122ミリ秒かかりました。
[2021.06.03-11.47.58:563][306]MapCheck: New page: マップをチェック
[2021.06.03-11.47.58:575][306]Cmd: MAP REBUILD ALLVISIBLE
[2021.06.03-11.47.58:575][306]LogEditorServer: Rebuildmap Clear paths rebuilt
[2021.06.03-11.47.58:748][306]LightingResults: New page: ライティングのビルド - 2021/06/04 5:47:58
[2021.06.03-11.48.03:336][306]LogStaticLightingSystem: Running Lightmass w/ ImmediateImport mode ENABLED
[2021.06.03-11.48.03:336][306]LogStaticLightingSystem: Running Lightmass w/ ImmediateProcess mode ENABLED
[2021.06.03-11.48.03:336][306]LogStaticLightingSystem: Running Lightmass w/ Sorting mode ENABLED
[2021.06.03-11.48.03:336][306]LogStaticLightingSystem: Running Lightmass w/ Mapping paddings ENABLED
[2021.06.03-11.48.03:336][306]LogStaticLightingSystem: Running Lightmass w/ Mapping debug paddings DISABLED
[2021.06.03-11.48.03:416][306]LogEditorBuildUtils: Build time 0:00:04
[2021.06.03-11.48.08:234][553]Job is a success!
[2021.06.03-11.48.08:897][554]LogTexture:Display: テクスチャをビルド中: SkyOcclusion0_1 (AutoDXT)
[2021.06.03-11.48.08:978][554]LogTexture:Display: テクスチャをビルド中: LQ_Lightmap_0_6 (DXT1)
[2021.06.03-11.48.08:980][554]LogTexture:Display: テクスチャをビルド中: HQ_Lightmap0_6 (AutoDXT)
[2021.06.03-11.48.08:983][554]LogTexture:Display: テクスチャをビルド中: SkyOcclusion0_6 (AutoDXT)
[2021.06.03-11.48.08:985][554]LogTexture:Display: テクスチャをビルド中: LQ_Lightmap_0_5 (DXT1)
[2021.06.03-11.48.08:990][554]LogTexture:Display: テクスチャをビルド中: HQ_Lightmap0_5 (AutoDXT)
[2021.06.03-11.48.09:004][554]LogTexture:Display: テクスチャをビルド中: SkyOcclusion0_5 (AutoDXT)
[2021.06.03-11.48.09:017][554]LogTexture:Display: テクスチャをビルド中: LQ_Lightmap_0_4 (DXT1)
[2021.06.03-11.48.09:076][554]LogTexture:Display: テクスチャをビルド中: HQ_Lightmap0_4 (AutoDXT)
[2021.06.03-11.48.09:192][554]LogTexture:Display: テクスチャをビルド中: SkyOcclusion0_4 (AutoDXT)
[2021.06.03-11.48.09:274][554]LogTexture:Display: テクスチャをビルド中: LQ_Lightmap_0_3 (DXT1)
[2021.06.03-11.48.09:321][554]LogTexture:Display: テクスチャをビルド中: HQ_Lightmap0_3 (AutoDXT)
[2021.06.03-11.48.09:443][554]LogTexture:Display: テクスチャをビルド中: SkyOcclusion0_3 (AutoDXT)
[2021.06.03-11.48.09:507][554]LogTexture:Display: テクスチャをビルド中: LQ_Lightmap_0_2 (DXT1)
[2021.06.03-11.48.09:543][554]LogTexture:Display: テクスチャをビルド中: HQ_Lightmap0_2 (AutoDXT)
[2021.06.03-11.48.09:582][554]LogTexture:Display: テクスチャをビルド中: SkyOcclusion0_2 (AutoDXT)
[2021.06.03-11.48.09:651][554]LogTexture:Display: テクスチャをビルド中: LQ_Lightmap_0_1 (DXT1)
[2021.06.03-11.48.09:696][554]LogTexture:Display: テクスチャをビルド中: HQ_Lightmap0_1 (AutoDXT)
[2021.06.03-11.48.09:785][554]Lightmass on DESKTOP-QG331CQ: 5.95 sec total, 101 ms importing, 30 ms setup, 733 ms photons, 5.02 sec processing, 0 ms extra exporting [282/282 mappings]. Threads: 54.4 sec total, 31.9 sec processing.
[2021.06.03-11.48.09:879][554]LogStaticLightingSystem: Illumination: 11.0 sec (1.08 sec encoding lightmaps)
[2021.06.03-11.48.09:879][554]LogStaticLightingSystem: Lightmap texture memory:  5.4 MB (2.8 MB streaming, 2.7 MB non-streaming), 12 textures
[2021.06.03-11.48.09:879][554]LogStaticLightingSystem: Shadowmap texture memory: 21.4 MB (0.0 MB streaming, 21.3 MB non-streaming), 4 textures
[2021.06.03-11.48.15:347][555]Cmd: MAP CHECK NOTIFYRESULTS
[2021.06.03-11.48.15:347][555]MapCheck: New page: PNStage01_Top - 2021/06/04 5:48:15
[2021.06.03-11.48.15:496][555]MapCheck: 情報 マップチェックが完了: 0 エラー、 0 警告、完了に 149.212ミリ秒かかりました。
[2021.06.03-11.48.16:618][615]LogEditorSelectUtils:Warning: SelectActor: The requested operation could not be completed because the level is locked. (Floor)
[2021.06.03-11.48.18:961][754]LogTexture:Warning: Failed to stream mip data from the derived data cache for /Game/Maps/Stage01/PNStage01_SM.HQ_Lightmap1_3. Streaming mips will be recached.
[2021.06.03-11.48.18:964][754]LogTexture:Display: テクスチャをビルド中: HQ_Lightmap1_3 (AutoDXT)
[2021.06.03-11.48.19:080][754]LogTexture:Warning: Failed to stream mip data from the derived data cache for /Game/Maps/Stage01/PNStage01_GM.HQ_Lightmap1_5. Streaming mips will be recached.
[2021.06.03-11.48.19:081][754]LogTexture:Display: テクスチャをビルド中: HQ_Lightmap1_5 (AutoDXT)
[2021.06.03-11.48.19:101][754]LogTexture:Warning: Failed to stream mip data from the derived data cache for /Game/Maps/Stage01/PNStage01_SM.HQ_Lightmap1_4. Streaming mips will be recached.
[2021.06.03-11.48.19:102][754]LogTexture:Display: テクスチャをビルド中: HQ_Lightmap1_4 (AutoDXT)
[2021.06.03-11.48.34:536][669]MapCheck: New page: マップをチェック
[2021.06.03-11.48.34:552][669]LightingResults: New page: ライティングのビルド - 2021/06/04 5:48:34
[2021.06.03-11.48.39:143][669]LogStaticLightingSystem: Running Lightmass w/ ImmediateImport mode ENABLED
[2021.06.03-11.48.39:143][669]LogStaticLightingSystem: Running Lightmass w/ ImmediateProcess mode ENABLED
[2021.06.03-11.48.39:143][669]LogStaticLightingSystem: Running Lightmass w/ Sorting mode ENABLED
[2021.06.03-11.48.39:143][669]LogStaticLightingSystem: Running Lightmass w/ Mapping paddings ENABLED
[2021.06.03-11.48.39:143][669]LogStaticLightingSystem: Running Lightmass w/ Mapping debug paddings DISABLED
[2021.06.03-11.48.39:214][669]LogEditorBuildUtils: Build time 0:00:04
[2021.06.03-11.48.43:902][684]Job is a success!
[2021.06.03-11.48.44:905][685]LogTexture:Display: テクスチャをビルド中: SkyOcclusion1_1 (AutoDXT)
[2021.06.03-11.48.44:959][685]LogTexture:Display: テクスチャをビルド中: LQ_Lightmap_1_6 (DXT1)
[2021.06.03-11.48.44:962][685]LogTexture:Display: テクスチャをビルド中: HQ_Lightmap1_6 (AutoDXT)
[2021.06.03-11.48.44:966][685]LogTexture:Display: テクスチャをビルド中: SkyOcclusion1_6 (AutoDXT)
[2021.06.03-11.48.44:967][685]LogTexture:Display: テクスチャをビルド中: LQ_Lightmap_1_5 (DXT1)
[2021.06.03-11.48.44:972][685]LogTexture:Display: テクスチャをビルド中: HQ_Lightmap1_5 (AutoDXT)
[2021.06.03-11.48.44:988][685]LogTexture:Display: テクスチャをビルド中: SkyOcclusion1_5 (AutoDXT)
[2021.06.03-11.48.45:002][685]LogTexture:Display: テクスチャをビルド中: LQ_Lightmap_1_4 (DXT1)
[2021.06.03-11.48.45:062][685]LogTexture:Display: テクスチャをビルド中: HQ_Lightmap1_4 (AutoDXT)
[2021.06.03-11.48.45:186][685]LogTexture:Display: テクスチャをビルド中: SkyOcclusion1_4 (AutoDXT)
[2021.06.03-11.48.45:257][685]LogTexture:Display: テクスチャをビルド中: LQ_Lightmap_1_3 (DXT1)
[2021.06.03-11.48.45:303][685]LogTexture:Display: テクスチャをビルド中: HQ_Lightmap1_3 (AutoDXT)
[2021.06.03-11.48.45:424][685]LogTexture:Display: テクスチャをビルド中: SkyOcclusion1_3 (AutoDXT)
[2021.06.03-11.48.45:484][685]LogTexture:Display: テクスチャをビルド中: LQ_Lightmap_1_2 (DXT1)
[2021.06.03-11.48.45:519][685]LogTexture:Display: テクスチャをビルド中: HQ_Lightmap1_2 (AutoDXT)
[2021.06.03-11.48.45:559][685]LogTexture:Display: テクスチャをビルド中: SkyOcclusion1_2 (AutoDXT)
[2021.06.03-11.48.45:611][685]LogTexture:Display: テクスチャをビルド中: LQ_Lightmap_1_1 (DXT1)
[2021.06.03-11.48.45:646][685]LogTexture:Display: テクスチャをビルド中: HQ_Lightmap1_1 (AutoDXT)
[2021.06.03-11.48.45:729][685]Lightmass on DESKTOP-QG331CQ: 6.14 sec total, 84 ms importing, 29 ms setup, 760 ms photons, 5.21 sec processing, 0 ms extra exporting [282/282 mappings]. Threads: 56.5 sec total, 29.4 sec processing.
[2021.06.03-11.48.45:762][685]LogStaticLightingSystem: Illumination: 10.8 sec (1.02 sec encoding lightmaps)
[2021.06.03-11.48.45:762][685]LogStaticLightingSystem: Lightmap texture memory:  5.4 MB (2.8 MB streaming, 2.7 MB non-streaming), 12 textures
[2021.06.03-11.48.45:762][685]LogStaticLightingSystem: Shadowmap texture memory: 21.4 MB (0.0 MB streaming, 21.3 MB non-streaming), 4 textures
[2021.06.03-11.48.51:151][686]Cmd: MAP CHECK NOTIFYRESULTS
[2021.06.03-11.48.51:151][686]MapCheck: New page: PNStage01_Top - 2021/06/04 5:48:51
[2021.06.03-11.48.51:337][686]MapCheck: 情報 マップチェックが完了: 0 エラー、 0 警告、完了に 185.445ミリ秒かかりました。
[2021.06.03-11.48.59:633][859]LogTexture:Warning: Failed to stream mip data from the derived data cache for /Game/Maps/Stage01/PNStage01_SM.HQ_Lightmap0_4. Streaming mips will be recached.
[2021.06.03-11.48.59:635][859]LogTexture:Display: テクスチャをビルド中: HQ_Lightmap0_4 (AutoDXT)
[2021.06.03-11.49.01:652][974]LogTexture:Warning: Failed to stream mip data from the derived data cache for /Game/Maps/Stage01/PNStage01_GM.HQ_Lightmap0_5. Streaming mips will be recached.
[2021.06.03-11.49.01:654][974]LogTexture:Display: テクスチャをビルド中: HQ_Lightmap0_5 (AutoDXT)
[2021.06.03-11.49.01:905][989]LogTexture:Warning: Failed to stream mip data from the derived data cache for /Game/Maps/Stage01/PNStage01_SM.HQ_Lightmap0_3. Streaming mips will be recached.
[2021.06.03-11.49.01:908][989]LogTexture:Display: テクスチャをビルド中: HQ_Lightmap0_3 (AutoDXT)
[2021.06.03-11.49.44:373][522]LogMaterial: Missing cached shader map for material M_ENV_Base, compiling. 
[2021.06.03-11.49.44:388][522]LogMaterial: 0.000190 seconds spent updating 1 materials, 1 interfaces, 0 instances, 0 with static permutations.
[2021.06.03-11.49.44:440][522]LogMaterial: Missing cached shader map for material M_ENV_Base, compiling. 
[2021.06.03-11.49.44:485][522]LogMaterial: Missing cached shader map for material M_ENV_Base, compiling. 
[2021.06.03-11.49.44:509][522]LogMaterial: 0.007742 seconds spent updating 1 materials, 1 interfaces, 3 instances, 0 with static permutations.
[2021.06.03-11.49.44:530][522]LogParticles: Destroying 0 GPU particle simulations for FXSystem 0x0000026CC9E787C0
[2021.06.03-11.49.47:047][522]LogSavePackage: Save=304.468292ms
[2021.06.03-11.49.47:047][522]LogSavePackage: Moving '../../../../../../Users/magi1/Documents/PaperNinja_FirstTime/PaperNinja/Saved/M_ENV_Base7A471283474EFEC821CA55B4C3DD4695.tmp' to '../../../../../../Users/magi1/Documents/PaperNinja_FirstTime/PaperNinja/Content/Architecture/Materials/M_ENV_Base.uasset'
[2021.06.03-11.49.47:386][522]LogSavePackage: Save=98.066002ms
[2021.06.03-11.49.47:386][522]LogSavePackage: Moving '../../../../../../Users/magi1/Documents/PaperNinja_FirstTime/PaperNinja/Saved/PNStage01_BG2F8A0438431EC8CF06D52D87A36F80A0.tmp' to '../../../../../../Users/magi1/Documents/PaperNinja_FirstTime/PaperNinja/Content/Maps/Stage01/PNStage01_BG.umap'
[2021.06.03-11.49.47:391][522]LogFileHelpers: Saving map 'PNStage01_BG' took 0.337
[2021.06.03-11.49.47:753][522]LogSavePackage: Save=125.422600ms
[2021.06.03-11.49.47:753][522]LogSavePackage: Moving '../../../../../../Users/magi1/Documents/PaperNinja_FirstTime/PaperNinja/Saved/PNStage01_GM200EC9BC43E36EE82CE18E99D6DB19CA.tmp' to '../../../../../../Users/magi1/Documents/PaperNinja_FirstTime/PaperNinja/Content/Maps/Stage01/PNStage01_GM.umap'
[2021.06.03-11.49.47:758][522]LogFileHelpers: Saving map 'PNStage01_GM' took 0.365
[2021.06.03-11.49.48:395][522]LogSavePackage: Save=400.172302ms
[2021.06.03-11.49.48:395][522]LogSavePackage: Moving '../../../../../../Users/magi1/Documents/PaperNinja_FirstTime/PaperNinja/Saved/PNStage01_Light6D5BD5444A5D3E9B4E6F828B8D21C330.tmp' to '../../../../../../Users/magi1/Documents/PaperNinja_FirstTime/PaperNinja/Content/Maps/Stage01/PNStage01_Light.umap'
[2021.06.03-11.49.48:399][522]LogFileHelpers: Saving map 'PNStage01_Light' took 0.639
[2021.06.03-11.49.48:923][522]LogSavePackage: Save=284.294800ms
[2021.06.03-11.49.48:923][522]LogSavePackage: Moving '../../../../../../Users/magi1/Documents/PaperNinja_FirstTime/PaperNinja/Saved/PNStage01_SM5B9043BD4B2E5C31767BD6BFF6B49B66.tmp' to '../../../../../../Users/magi1/Documents/PaperNinja_FirstTime/PaperNinja/Content/Maps/Stage01/PNStage01_SM.umap'
[2021.06.03-11.49.48:928][522]LogFileHelpers: Saving map 'PNStage01_SM' took 0.526
[2021.06.03-11.49.49:187][522]LogSavePackage: Save=17.536200ms
[2021.06.03-11.49.49:187][522]LogSavePackage: Moving '../../../../../../Users/magi1/Documents/PaperNinja_FirstTime/PaperNinja/Saved/PNStage01_TopB7796DC7434933C9D26B32B6D89BD11B.tmp' to '../../../../../../Users/magi1/Documents/PaperNinja_FirstTime/PaperNinja/Content/Maps/Stage01/PNStage01_Top.umap'
[2021.06.03-11.49.49:229][522]LogFileHelpers: Saving map 'PNStage01_Top' took 0.298
[2021.06.03-11.49.49:845][523]Cmd: QUIT_EDITOR
[2021.06.03-11.49.50:031][523]LogExit: Preparing to exit.
[2021.06.03-11.49.50:258][523]LogExit: Editor shut down
[2021.06.03-11.49.50:258][523]LogExit: Transaction tracking system shut down
[2021.06.03-11.49.50:259][523]LogParticles: Destroying 0 GPU particle simulations for FXSystem 0x0000026CC40D9300
[2021.06.03-11.49.50:260][523]LogParticles: Destroying 0 GPU particle simulations for FXSystem 0x0000026CD92F9300
[2021.06.03-11.49.50:260][523]LogParticles: Destroying 0 GPU particle simulations for FXSystem 0x0000026CD9367600
[2021.06.03-11.49.50:260][523]LogParticles: Destroying 0 GPU particle simulations for FXSystem 0x0000026CD3751800
[2021.06.03-11.49.50:260][523]LogParticles: Destroying 0 GPU particle simulations for FXSystem 0x0000026CF3ECD3A0
[2021.06.03-11.49.50:260][523]LogParticles: Destroying 0 GPU particle simulations for FXSystem 0x0000026CDA125300
[2021.06.03-11.49.50:267][523]LogParticles: Destroying 0 GPU particle simulations for FXSystem 0x0000026CF3ECD940
[2021.06.03-11.49.50:267][523]LogParticles: Destroying 0 GPU particle simulations for FXSystem 0x0000026CF3ECFD80
[2021.06.03-11.49.50:267][523]LogParticles: Destroying 0 GPU particle simulations for FXSystem 0x0000026CF3ECDB20
[2021.06.03-11.49.50:306][523]LogParticles: Destroying 0 GPU particle simulations for FXSystem 0x0000026CF49609A0
[2021.06.03-11.49.50:306][523]LogExit: Object subsystem successfully closed.
[2021.06.03-11.49.50:358][523]LogModuleManager: Shutting down and abandoning module MaterialEditor (179)
[2021.06.03-11.49.50:358][523]LogModuleManager: Shutting down and abandoning module CrashTracker (178)
[2021.06.03-11.49.50:358][523]LogModuleManager: Shutting down and abandoning module SuperSearch (177)
[2021.06.03-11.49.50:358][523]LogModuleManager: Shutting down and abandoning module WorldBrowser (176)
[2021.06.03-11.49.50:359][523]LogModuleManager: Shutting down and abandoning module SceneOutliner (175)
[2021.06.03-11.49.50:359][523]LogModuleManager: Shutting down and abandoning module EditorWidgets (174)
[2021.06.03-11.49.50:359][523]LogModuleManager: Shutting down and abandoning module CollectionManager (173)
[2021.06.03-11.49.50:359][523]LogModuleManager: Shutting down and abandoning module StatsViewer (172)
[2021.06.03-11.49.50:359][523]LogModuleManager: Shutting down and abandoning module FoliageEdit (171)
[2021.06.03-11.49.50:359][523]LogModuleManager: Shutting down and abandoning module LandscapeEditor (170)
[2021.06.03-11.49.50:359][523]LogModuleManager: Shutting down and abandoning module MeshPaint (169)
[2021.06.03-11.49.50:359][523]LogModuleManager: Shutting down and abandoning module ActorPickerMode (168)
[2021.06.03-11.49.50:359][523]LogModuleManager: Shutting down and abandoning module GeometryMode (167)
[2021.06.03-11.49.50:359][523]LogModuleManager: Shutting down and abandoning module TextureAlignMode (166)
[2021.06.03-11.49.50:359][523]LogModuleManager: Shutting down and abandoning module BspMode (165)
[2021.06.03-11.49.50:359][523]LogModuleManager: Shutting down and abandoning module PlacementMode (164)
[2021.06.03-11.49.50:359][523]LogModuleManager: Shutting down and abandoning module AutomationWorker (163)
[2021.06.03-11.49.50:359][523]LogModuleManager: Shutting down and abandoning module CharacterAI (162)
[2021.06.03-11.49.50:359][523]LogModuleManager: Shutting down and abandoning module SmartSnapping (161)
[2021.06.03-11.49.50:359][523]LogModuleManager: Shutting down and abandoning module ViewportSnapping (160)
[2021.06.03-11.49.50:359][523]LogModuleManager: Shutting down and abandoning module LogVisualizer (159)
[2021.06.03-11.49.50:359][523]LogModuleManager: Shutting down and abandoning module GameProjectGeneration (158)
[2021.06.03-11.49.50:359][523]LogModuleManager: Shutting down and abandoning module IntroTutorials (157)
[2021.06.03-11.49.50:359][523]LogModuleManager: Shutting down and abandoning module EditorLiveStreaming (156)
[2021.06.03-11.49.50:359][523]LogModuleManager: Shutting down and abandoning module HardwareTargeting (155)
[2021.06.03-11.49.50:359][523]LogModuleManager: Shutting down and abandoning module DeviceProfileEditor (154)
[2021.06.03-11.49.50:359][523]LogModuleManager: Shutting down and abandoning module UndoHistory (153)
[2021.06.03-11.49.50:359][523]LogModuleManager: Shutting down and abandoning module GameplayTagsEditor (152)
[2021.06.03-11.49.50:359][523]LogModuleManager: Shutting down and abandoning module UserFeedback (151)
[2021.06.03-11.49.50:359][523]LogModuleManager: Shutting down and abandoning module XmlParser (150)
[2021.06.03-11.49.50:359][523]LogModuleManager: Shutting down and abandoning module Blutility (149)
[2021.06.03-11.49.50:359][523]LogModuleManager: Shutting down and abandoning module IOSPlatformEditor (148)
[2021.06.03-11.49.50:359][523]LogModuleManager: Shutting down and abandoning module IOSRuntimeSettings (147)
[2021.06.03-11.49.50:359][523]LogModuleManager: Shutting down and abandoning module AndroidDeviceDetection (146)
[2021.06.03-11.49.50:911][523]LogModuleManager: Shutting down and abandoning module AndroidPlatformEditor (145)
[2021.06.03-11.49.50:911][523]LogModuleManager: Shutting down and abandoning module AndroidRuntimeSettings (144)
[2021.06.03-11.49.50:911][523]LogModuleManager: Shutting down and abandoning module ProjectTargetPlatformEditor (143)
[2021.06.03-11.49.50:911][523]LogModuleManager: Shutting down and abandoning module ProjectSettingsViewer (142)
[2021.06.03-11.49.50:911][523]LogModuleManager: Shutting down and abandoning module InputBindingEditor (141)
[2021.06.03-11.49.50:911][523]LogModuleManager: Shutting down and abandoning module EditorSettingsViewer (140)
[2021.06.03-11.49.50:911][523]LogModuleManager: Shutting down and abandoning module SettingsEditor (139)
[2021.06.03-11.49.50:911][523]LogModuleManager: Shutting down and abandoning module ProjectLauncher (138)
[2021.06.03-11.49.50:911][523]LogModuleManager: Shutting down and abandoning module SessionFrontend (137)
[2021.06.03-11.49.50:911][523]LogModuleManager: Shutting down and abandoning module ProfilerClient (136)
[2021.06.03-11.49.50:911][523]LogModuleManager: Shutting down and abandoning module TargetDeviceServices (135)
[2021.06.03-11.49.50:911][523]LogModuleManager: Shutting down and abandoning module DeviceManager (134)
[2021.06.03-11.49.50:911][523]LogModuleManager: Shutting down and abandoning module AutomationController (133)
[2021.06.03-11.49.50:911][523]LogModuleManager: Shutting down and abandoning module AutomationWindow (132)
[2021.06.03-11.49.50:911][523]LogModuleManager: Shutting down and abandoning module Layers (131)
[2021.06.03-11.49.50:911][523]LogModuleManager: Shutting down and abandoning module ComponentVisualizers (130)
[2021.06.03-11.49.50:911][523]LogModuleManager: Shutting down and abandoning module DetailCustomizations (129)
[2021.06.03-11.49.50:911][523]LogModuleManager: Shutting down and abandoning module PackagesDialog (128)
[2021.06.03-11.49.50:911][523]LogModuleManager: Shutting down and abandoning module AssetRegistry (127)
[2021.06.03-11.49.51:021][523]LogModuleManager: Shutting down and abandoning module Persona (126)
[2021.06.03-11.49.51:021][523]LogModuleManager: Shutting down and abandoning module SlateReflector (125)
[2021.06.03-11.49.51:021][523]LogModuleManager: Shutting down and abandoning module LevelEditor (124)
[2021.06.03-11.49.51:022][523]LogModuleManager: Shutting down and abandoning module Kismet (123)
[2021.06.03-11.49.51:022][523]LogModuleManager: Shutting down and abandoning module GraphEditor (122)
[2021.06.03-11.49.51:022][523]LogModuleManager: Shutting down and abandoning module ClassViewer (121)
[2021.06.03-11.49.51:022][523]LogModuleManager: Shutting down and abandoning module Toolbox (120)
[2021.06.03-11.49.51:022][523]LogModuleManager: Shutting down and abandoning module ModuleUI (119)
[2021.06.03-11.49.51:022][523]LogModuleManager: Shutting down and abandoning module MovieSceneTools (118)
[2021.06.03-11.49.51:022][523]LogModuleManager: Shutting down and abandoning module OutputLog (117)
[2021.06.03-11.49.51:022][523]LogModuleManager: Shutting down and abandoning module GammaUI (116)
[2021.06.03-11.49.51:022][523]LogModuleManager: Shutting down and abandoning module Documentation (115)
[2021.06.03-11.49.51:022][523]LogModuleManager: Shutting down and abandoning module GameLiveStreaming (114)
[2021.06.03-11.49.51:022][523]LogModuleManager: Shutting down and abandoning module StreamingPauseRendering (113)
[2021.06.03-11.49.51:022][523]LogModuleManager: Shutting down and abandoning module HTTP (112)
[2021.06.03-11.49.51:022][523]LogModuleManager: Shutting down and abandoning module AnalyticsET (111)
[2021.06.03-11.49.51:022][523]LogModuleManager: Shutting down and abandoning module Analytics (110)
[2021.06.03-11.49.51:022][523]LogModuleManager: Shutting down and abandoning module AITestSuite (109)
[2021.06.03-11.49.51:022][523]LogModuleManager: Shutting down and abandoning module GameplayDebugger (108)
[2021.06.03-11.49.51:022][523]LogModuleManager: Shutting down and abandoning module AIModule (107)
[2021.06.03-11.49.51:022][523]LogModuleManager: Shutting down and abandoning module ProfilerService (106)
[2021.06.03-11.49.51:062][523]LogModuleManager: Shutting down and abandoning module TaskGraph (105)
[2021.06.03-11.49.51:062][523]LogModuleManager: Shutting down and abandoning module SlateRemote (104)
[2021.06.03-11.49.51:062][523]LogModuleManager: Shutting down and abandoning module ScriptEditorPlugin (103)
[2021.06.03-11.49.51:062][523]LogModuleManager: Shutting down and abandoning module CustomMeshComponent (102)
[2021.06.03-11.49.51:062][523]LogModuleManager: Shutting down and abandoning module CableComponent (101)
[2021.06.03-11.49.51:062][523]LogModuleManager: Shutting down and abandoning module MessagingDebugger (100)
[2021.06.03-11.49.51:062][523]LogModuleManager: Shutting down and abandoning module MediaPlayerEditor (99)
[2021.06.03-11.49.51:062][523]LogModuleManager: Shutting down and abandoning module SpeedTreeImporter (98)
[2021.06.03-11.49.51:062][523]LogModuleManager: Shutting down and abandoning module PluginsEditor (97)
[2021.06.03-11.49.51:062][523]LogModuleManager: Shutting down and abandoning module MainFrame (96)
[2021.06.03-11.49.51:062][523]LogModuleManager: Shutting down and abandoning module EpicSurvey (95)
[2021.06.03-11.49.51:062][523]LogModuleManager: Shutting down and abandoning module DesktopPlatform (94)
[2021.06.03-11.49.51:062][523]LogModuleManager: Shutting down and abandoning module DirectoryWatcher (93)
[2021.06.03-11.49.51:063][523]LogModuleManager: Shutting down and abandoning module HotReload (92)
[2021.06.03-11.49.51:063][523]LogModuleManager: Shutting down and abandoning module VisualStudioSourceCodeAccess (91)
[2021.06.03-11.49.51:063][523]LogModuleManager: Shutting down and abandoning module UObjectPlugin (90)
[2021.06.03-11.49.51:063][523]LogModuleManager: Shutting down and abandoning module SubversionSourceControl (89)
[2021.06.03-11.49.51:063][523]LogModuleManager: Shutting down and abandoning module PerforceSourceControl (88)
[2021.06.03-11.49.51:063][523]LogModuleManager: Shutting down and abandoning module SourceControl (87)
[2021.06.03-11.49.51:063][523]LogModuleManager: Shutting down and abandoning module GitSourceControl (86)
[2021.06.03-11.49.51:063][523]LogModuleManager: Shutting down and abandoning module BlankPlugin (85)
[2021.06.03-11.49.51:063][523]LogModuleManager: Shutting down and abandoning module PaperTiledImporter (84)
[2021.06.03-11.49.51:063][523]LogModuleManager: Shutting down and abandoning module PaperJsonImporter (83)
[2021.06.03-11.49.51:063][523]LogModuleManager: Shutting down and abandoning module ContentBrowser (82)
[2021.06.03-11.49.51:064][523]LogModuleManager: Shutting down and abandoning module Paper2DEditor (81)
[2021.06.03-11.49.51:064][523]LogModuleManager: Shutting down and abandoning module ScriptPlugin (80)
[2021.06.03-11.49.51:064][523]LogModuleManager: Shutting down and abandoning module UdpMessaging (79)
[2021.06.03-11.49.51:165][523]LogModuleManager: Shutting down and abandoning module Paper2D (78)
[2021.06.03-11.49.51:165][523]LogModuleManager: Shutting down and abandoning module WindowsMoviePlayer (77)
[2021.06.03-11.49.51:165][523]LogModuleManager: Shutting down and abandoning module Media (76)
[2021.06.03-11.49.51:165][523]LogModuleManager: Shutting down and abandoning module WmfMedia (75)
[2021.06.03-11.49.51:165][523]LogModuleManager: Shutting down and abandoning module OnlineBlueprintSupport (74)
[2021.06.03-11.49.51:165][523]LogModuleManager: Shutting down and abandoning module PropertyEditor (73)
[2021.06.03-11.49.51:165][523]LogModuleManager: Shutting down and abandoning module BehaviorTreeEditor (72)
[2021.06.03-11.49.51:165][523]LogModuleManager: Shutting down and abandoning module FunctionalTesting (71)
[2021.06.03-11.49.51:165][523]LogModuleManager: Shutting down and abandoning module CollisionAnalyzer (70)
[2021.06.03-11.49.51:165][523]LogModuleManager: Shutting down and abandoning module WorkspaceMenuStructure (69)
[2021.06.03-11.49.51:165][523]LogModuleManager: Shutting down and abandoning module MessageLog (68)
[2021.06.03-11.49.51:165][523]LogModuleManager: Shutting down and abandoning module Sequencer (67)
[2021.06.03-11.49.51:166][523]LogModuleManager: Shutting down and abandoning module AssetTools (66)
[2021.06.03-11.49.51:166][523]LogModuleManager: Shutting down and abandoning module UMGEditor (65)
[2021.06.03-11.49.51:166][523]LogModuleManager: Shutting down and abandoning module UMG (64)
[2021.06.03-11.49.51:166][523]LogModuleManager: Shutting down and abandoning module Slate (63)
[2021.06.03-11.49.51:166][523]LogModuleManager: Shutting down and abandoning module EditorStyle (62)
[2021.06.03-11.49.51:170][523]LogModuleManager: Shutting down and abandoning module SessionServices (61)
[2021.06.03-11.49.51:170][523]LogModuleManager: Shutting down and abandoning module SourceCodeAccess (60)
[2021.06.03-11.49.51:170][523]LogModuleManager: Shutting down and abandoning module HeadMountedDisplay (59)
[2021.06.03-11.49.51:170][523]LogModuleManager: Shutting down and abandoning module XAudio2 (58)
[2021.06.03-11.49.51:170][523]LogModuleManager: Shutting down and abandoning module Networking (56)
[2021.06.03-11.49.51:170][523]LogModuleManager: Shutting down and abandoning module Core (55)
[2021.06.03-11.49.51:170][523]LogModuleManager: Shutting down and abandoning module KismetCompiler (54)
[2021.06.03-11.49.51:170][523]LogModuleManager: Shutting down and abandoning module PhysXFormats (53)
[2021.06.03-11.49.51:170][523]LogModuleManager: Shutting down and abandoning module MeshUtilities (52)
[2021.06.03-11.49.51:170][523]LogModuleManager: Shutting down and abandoning module DerivedDataCache (51)
[2021.06.03-11.49.51:180][523]LogDerivedDataCache: Shutdown
[2021.06.03-11.49.51:180][523]LogModuleManager: Shutting down and abandoning module ShaderFormatOpenGL (50)
[2021.06.03-11.49.51:180][523]LogModuleManager: Shutting down and abandoning module ShaderFormatD3D (49)
[2021.06.03-11.49.51:180][523]LogModuleManager: Shutting down and abandoning module MetalShaderFormat (48)
[2021.06.03-11.49.51:180][523]LogModuleManager: Shutting down and abandoning module TextureFormatUncompressed (47)
[2021.06.03-11.49.51:180][523]LogModuleManager: Shutting down and abandoning module TextureFormatPVR (46)
[2021.06.03-11.49.51:180][523]LogModuleManager: Shutting down and abandoning module TextureFormatIntelISPCTexComp (45)
[2021.06.03-11.49.51:180][523]LogModuleManager: Shutting down and abandoning module TextureFormatDXT (44)
[2021.06.03-11.49.51:180][523]LogModuleManager: Shutting down and abandoning module ImageWrapper (43)
[2021.06.03-11.49.51:180][523]LogModuleManager: Shutting down and abandoning module TextureFormatASTC (42)
[2021.06.03-11.49.51:180][523]LogModuleManager: Shutting down and abandoning module TextureFormatAndroid (41)
[2021.06.03-11.49.51:180][523]LogModuleManager: Shutting down and abandoning module AudioFormatOpus (40)
[2021.06.03-11.49.51:180][523]LogModuleManager: Shutting down and abandoning module AudioFormatOgg (39)
[2021.06.03-11.49.51:180][523]LogModuleManager: Shutting down and abandoning module AudioFormatADPCM (38)
[2021.06.03-11.49.51:180][523]LogModuleManager: Shutting down and abandoning module LinuxTargetPlatform (37)
[2021.06.03-11.49.51:180][523]LogModuleManager: Shutting down and abandoning module LinuxServerTargetPlatform (36)
[2021.06.03-11.49.51:180][523]LogModuleManager: Shutting down and abandoning module LinuxNoEditorTargetPlatform (35)
[2021.06.03-11.49.51:180][523]LogModuleManager: Shutting down and abandoning module Messaging (34)
[2021.06.03-11.49.51:180][523]LogModuleManager: Shutting down and abandoning module IOSTargetPlatform (33)
[2021.06.03-11.49.51:180][523]LogModuleManager: Shutting down and abandoning module HTML5TargetPlatform (32)
[2021.06.03-11.49.51:180][523]LogModuleManager: Shutting down and abandoning module Android_PVRTCTargetPlatform (31)
[2021.06.03-11.49.51:180][523]LogModuleManager: Shutting down and abandoning module Android_ETC2TargetPlatform (30)
[2021.06.03-11.49.51:180][523]LogModuleManager: Shutting down and abandoning module Android_ETC1TargetPlatform (29)
[2021.06.03-11.49.51:180][523]LogModuleManager: Shutting down and abandoning module Android_ES31TargetPlatform (28)
[2021.06.03-11.49.51:180][523]LogModuleManager: Shutting down and abandoning module Android_DXTTargetPlatform (27)
[2021.06.03-11.49.51:180][523]LogModuleManager: Shutting down and abandoning module Android_ATCTargetPlatform (26)
[2021.06.03-11.49.51:180][523]LogModuleManager: Shutting down and abandoning module AndroidTargetPlatform (25)
[2021.06.03-11.49.51:180][523]LogModuleManager: Shutting down and abandoning module WindowsTargetPlatform (24)
[2021.06.03-11.49.51:180][523]LogModuleManager: Shutting down and abandoning module WindowsServerTargetPlatform (23)
[2021.06.03-11.49.51:180][523]LogModuleManager: Shutting down and abandoning module WindowsNoEditorTargetPlatform (22)
[2021.06.03-11.49.51:180][523]LogModuleManager: Shutting down and abandoning module WindowsClientTargetPlatform (21)
[2021.06.03-11.49.51:180][523]LogModuleManager: Shutting down and abandoning module TargetPlatform (20)
[2021.06.03-11.49.51:180][523]LogModuleManager: Shutting down and abandoning module InputCore (19)
[2021.06.03-11.49.51:180][523]LogModuleManager: Shutting down and abandoning module Settings (18)
[2021.06.03-11.49.51:180][523]LogModuleManager: Shutting down and abandoning module OnlineSubsystem (16)
[2021.06.03-11.49.51:180][523]LogModuleManager: Shutting down and abandoning module OculusRift (15)
[2021.06.03-11.49.51:180][523]LogModuleManager: Shutting down and abandoning module ExampleDeviceProfileSelector (14)
[2021.06.03-11.49.51:180][523]LogModuleManager: Shutting down and abandoning module TextureCompressor (13)
[2021.06.03-11.49.51:180][523]LogModuleManager: Shutting down and abandoning module ShaderCore (12)
[2021.06.03-11.49.51:180][523]LogModuleManager: Shutting down and abandoning module Landscape (11)
[2021.06.03-11.49.51:180][523]LogModuleManager: Shutting down and abandoning module SlateRHIRenderer (10)
[2021.06.03-11.49.51:185][523]LogModuleManager: Shutting down and abandoning module OpenGLDrv (9)
[2021.06.03-11.49.51:185][523]LogModuleManager: Shutting down and abandoning module D3D11RHI (8)
[2021.06.03-11.49.51:185][523]LogModuleManager: Shutting down and abandoning module Renderer (7)
[2021.06.03-11.49.51:185][523]LogModuleManager: Shutting down and abandoning module Engine (6)
[2021.06.03-11.49.51:185][523]LogModuleManager: Shutting down and abandoning module CoreUObject (5)
[2021.06.03-11.49.51:185][523]LogModuleManager: Shutting down and abandoning module NetworkFile (4)
[2021.06.03-11.49.51:185][523]LogModuleManager: Shutting down and abandoning module StreamingFile (3)
[2021.06.03-11.49.51:185][523]LogModuleManager: Shutting down and abandoning module SandboxFile (2)
[2021.06.03-11.49.51:185][523]LogModuleManager: Shutting down and abandoning module PakFile (1)
[2021.06.03-11.49.51:186][523]LogExit: Exiting.
[2021.06.03-11.49.51:190][523]Log file closed, 06/03/21 20:49:51
