Log file open, 05/20/21 15:51:49
LogInit:Display: Running engine for game: PaperNinja
LogInit: Version: 4.7.6-2513093+++depot+UE4-Releases+4.7
LogInit: API Version: 2455222
LogInit: Compiled (64-bit): Apr 15 2015 12:09:54
LogInit: Compiled with Visual C++: 18.00.21005.01
LogInit: Build Configuration: Development
LogInit: Branch Name: ++depot+UE4-Releases+4.7
LogInit: Command line:  
LogInit: Base directory: C:/Program Files/Epic Games/UE_4.7/Engine/Binaries/Win64/
LogInit: Rocket: 1
[2021.05.20-06.51.49:997][  0]LogTaskGraph: Started task graph with 3 named threads and 8 total threads.
[2021.05.20-06.51.50:104][  0]LogOnline:Warning: No default platform service specified for OnlineSubsystem
[2021.05.20-06.51.50:157][  0]LogInit: Presizing for 0 objects not considered by GC, pre-allocating 0 bytes.
[2021.05.20-06.51.50:190][  0]LogInit: Object subsystem initialized
[2021.05.20-06.51.50:206][  0]LogConsoleResponse:Warning: Skipping Unknown console variable: 'TranslucentSortAxis = (X=0.000000,Y=-1.000000,Z=0.000000)'
[2021.05.20-06.51.50:206][  0]LogConsoleResponse:Warning:   Found in ini file 'C:/Users/magi1/Documents/PaperNinja_FirstTime/PaperNinja/Saved/Config/Windows/Engine.ini', in section '[/Script/Engine.RendererSettings]'
[2021.05.20-06.51.50:206][  0]LogConsoleResponse:Warning: Skipping Unknown console variable: 'UIScaleRule = ShortestSide'
[2021.05.20-06.51.50:206][  0]LogConsoleResponse:Warning:   Found in ini file 'C:/Users/magi1/Documents/PaperNinja_FirstTime/PaperNinja/Saved/Config/Windows/Engine.ini', in section '[/Script/Engine.RendererSettings]'
[2021.05.20-06.51.50:206][  0]LogConsoleResponse:Warning: Skipping Unknown console variable: 'UIScaleCurve = (EditorCurveData=(Keys=),ExternalCurve=None)'
[2021.05.20-06.51.50:206][  0]LogConsoleResponse:Warning:   Found in ini file 'C:/Users/magi1/Documents/PaperNinja_FirstTime/PaperNinja/Saved/Config/Windows/Engine.ini', in section '[/Script/Engine.RendererSettings]'
[2021.05.20-06.51.50:214][  0]LogInit: Selected Device Profile: [Windows]
[2021.05.20-06.51.50:215][  0]LogInit: Applying CVar settings loaded from the selected device profile: [Windows]
[2021.05.20-06.51.50:236][  0]LogInit: Computer: DESKTOP-QG331CQ
[2021.05.20-06.51.50:236][  0]LogInit: User: magi1
[2021.05.20-06.51.50:236][  0]LogInit: CPU Page size=4096, Cores=6
[2021.05.20-06.51.50:236][  0]LogInit: High frequency timer resolution =10.000000 MHz
[2021.05.20-06.51.50:236][  0]LogMemory: Memory total: Physical=15.9GB (16GB approx) Virtual=131072.0GB
[2021.05.20-06.51.50:237][  0]LogMemory: Platform Memory Stats for Windows
[2021.05.20-06.51.50:237][  0]LogMemory: Process Physical Memory: 49.84 MB used, 49.85 MB peak
[2021.05.20-06.51.50:237][  0]LogMemory: Process Virtual Memory: 28.88 MB used, 28.88 MB peak
[2021.05.20-06.51.50:237][  0]LogMemory: Physical Memory: 7951.14 MB used, 16239.85 MB total
[2021.05.20-06.51.50:237][  0]LogMemory: Virtual Memory: 4435.00 MB used, 134217728.00 MB total
[2021.05.20-06.51.50:582][  0]LogD3D11RHI: Found D3D11 adapter 0: NVIDIA GeForce RTX 2080 (Feature Level 11_0)
[2021.05.20-06.51.50:582][  0]LogD3D11RHI: Adapter has 8010MB of dedicated video memory, 0MB of dedicated system memory, and 8119MB of shared system memory, 2 output[s]
[2021.05.20-06.51.50:656][  0]LogD3D11RHI: Found D3D11 adapter 1: Intel(R) UHD Graphics 630 (Feature Level 11_0)
[2021.05.20-06.51.50:656][  0]LogD3D11RHI: Adapter has 128MB of dedicated video memory, 0MB of dedicated system memory, and 8119MB of shared system memory, 0 output[s]
[2021.05.20-06.51.50:661][  0]LogD3D11RHI: Found D3D11 adapter 2: Microsoft Basic Render Driver (Feature Level 11_0)
[2021.05.20-06.51.50:661][  0]LogD3D11RHI: Adapter has 0MB of dedicated video memory, 0MB of dedicated system memory, and 8119MB of shared system memory, 0 output[s]
[2021.05.20-06.51.50:661][  0]LogD3D11RHI: Chosen D3D11 Adapter Id = 0
[2021.05.20-06.51.50:677][  0]LogRHI: Texture pool is 1361 MB (70% of 1945 MB)
[2021.05.20-06.51.50:910][  0]LogD3D11RHI: Async texture creation enabled
[2021.05.20-06.51.51:214][  0]LogTextLocalizationManager: The requested culture ('ja_JP') has no localization data; parent culture's ('ja') localization data will be used.
[2021.05.20-06.51.51:357][  0]LogTextLocalizationManager:Warning: Loading localization resources contain conflicting entries for (Namespace:UICommands, Key:Save_ToolTip):
Resource: (C:/Program Files/Epic Games/UE_4.7/Engine/Content/Localization/Editor/ja/Editor.locres) Hash: (-29098895) String: (現行レベルをディスクに保存)
Resource: (C:/Program Files/Epic Games/UE_4.7/Engine/Content/Localization/Engine/ja/Engine.locres) Hash: (-1280300587) String: (選択データをvlogファイルに保存)
[2021.05.20-06.51.51:357][  0]LogTextLocalizationManager:Warning: Loading localization resources contain conflicting entries for (Namespace:ContentBrowser, Key:ImportAssetToolTip):
Resource: (C:/Program Files/Epic Games/UE_4.7/Engine/Content/Localization/Editor/ja/Editor.locres) Hash: (-630476809) String: ({0} にインポート...)
Resource: (C:/Program Files/Epic Games/UE_4.7/Engine/Content/Localization/Editor/ja/Editor.locres) Hash: (1271782899) String: (このフォルダへファイルからアセットをインポート)
[2021.05.20-06.51.51:525][  0]LogContentStreaming: Texture pool size is 0.000000MB
[2021.05.20-06.51.57:293][  0]LogTargetPlatformManager:Display: Building Assets For Windows
[2021.05.20-06.51.58:633][  0]LogTargetPlatformManager:Display: Building Assets For Windows
[2021.05.20-06.51.58:812][  0]LogDerivedDataCache:Display: Max Cache Size: 512 MB
[2021.05.20-06.51.58:887][  0]LogDerivedDataCache: Loaded boot cache 0.07s 39MB C:/Users/magi1/AppData/Local/UnrealEngine/4.7/DerivedDataCache/Boot.ddc.
[2021.05.20-06.51.58:887][  0]LogDerivedDataCache:Display: Loaded Boot cache: C:/Users/magi1/AppData/Local/UnrealEngine/4.7/DerivedDataCache/Boot.ddc
[2021.05.20-06.51.58:888][  0]LogDerivedDataCache: FDerivedDataBackendGraph:  Pak pak cache file ../../../../../../Users/magi1/Documents/PaperNinja_FirstTime/PaperNinja/DerivedDataCache/DDC.ddp not found, will not use a pak cache.
[2021.05.20-06.51.58:888][  0]LogDerivedDataCache: Unable to find inner node Pak for hierarchical cache Hierarchy.
[2021.05.20-06.51.59:163][  0]LogDerivedDataCache:Display: Pak cache opened for reading ../../../Engine/DerivedDataCache/Compressed.ddp.
[2021.05.20-06.51.59:177][  0]LogDerivedDataCache: Using Local data cache path C:/Users/magi1/AppData/Local/UnrealEngine/Common/DerivedDataCache: Writable
[2021.05.20-06.52.00:266][  0]LogMeshUtilities: No automatic mesh reduction module available
[2021.05.20-06.52.00:266][  0]LogMeshUtilities: No automatic mesh merging module available
[2021.05.20-06.52.01:393][  0]LogInit: WinSock: version 1.1 (2.2), MaxSocks=32767, MaxUdp=65467
[2021.05.20-06.52.01:664][  0]LogSlate:Warning: Failed to load font data from '../../../Engine/Content/Slate/Fonts/Roboto-Italic.ttf'
[2021.05.20-06.52.04:968][  0]UdpMessaging: Initializing bridge on interface 0.0.0.0:0 to multicast group 230.0.0.1:6666.
[2021.05.20-06.52.05:563][  0]SourceControl: 情報 ソースコントロールは無効です
[2021.05.20-06.52.05:563][  0]SourceControl: 情報 ソースコントロールは無効です
[2021.05.20-06.52.05:563][  0]SourceControl: 情報 ソースコントロールは無効です
[2021.05.20-06.52.05:564][  0]LogSourceControl: RunCommandInternalRaw: 'git version'
[2021.05.20-06.52.05:564][  0]LogSourceControl: RunCommandInternalRaw: ExecProcess ReturnCode=2 OutResults=''
[2021.05.20-06.52.05:594][  0]SourceControl: 情報 ソースコントロールは無効です
[2021.05.20-06.52.06:249][  0]LogObj: 24232 objects as part of root set at end of initial load.
[2021.05.20-06.52.06:249][  0]LogUObjectAllocator: 5137176 out of 0 bytes used by permanent object pool.
[2021.05.20-06.52.06:489][  0]LogEngine: Initializing Engine...
[2021.05.20-06.52.08:902][  0]LogInit: XAudio2 using 'スピーカー (Realtek(R) Audio)' : 2 channels at 48 kHz using 32 bits per sample (channel mask 0x3)
[2021.05.20-06.52.08:970][  0]LogInit: FAudioDevice initialized.
[2021.05.20-06.52.09:152][  0]LogAIModule: Creating AISystem for world NewWorld
[2021.05.20-06.52.09:202][  0]LogDerivedDataCache: Saved boot cache 0.04s 39MB C:/Users/magi1/AppData/Local/UnrealEngine/4.7/DerivedDataCache/Boot.ddc.
[2021.05.20-06.52.09:208][  0]LogInit: Texture streaming: Enabled
[2021.05.20-06.52.09:472][  0]LogAnalytics: Creating configured Analytics provider AnalyticsET
[2021.05.20-06.52.09:472][  0]LogAnalytics: ET APIKey = Rocket.Release. APIServer = http://et2.epicgames.com/ET2/. AppVersion = 4.7.6-2513093+++depot+UE4-Releases+4.7
[2021.05.20-06.52.09:472][  0]LogAnalytics: ET APIKey = Rocket.Release. DataRouterUploadURL = https://datarouter-public-service-gamedev.ol.epicgames.net/datarouter/api/v1/public/data. AppVersion = 4.7.6-2513093+++depot+UE4-Releases+4.7
[2021.05.20-06.52.09:473][  0]LogAnalytics: SetUserId 144e59504b07e7078f7f9fbff0f199ea|e89bcdc3dddd40638ff112a71cef8e67|badf8662-73b2-480e-8b08-9b9fdfc993be
[2021.05.20-06.52.09:474][  0]LogAnalytics: AnalyticsET::StartSession [Rocket.Release]
[2021.05.20-06.52.09:585][  0]LogInit: Transaction tracking system initialized
[2021.05.20-06.52.10:323][  0]BlueprintLog: New page: エディタの読み込み
[2021.05.20-06.52.10:419][  0]LogAssetRegistry: FAssetRegistry took 0.0133 seconds to start up
[2021.05.20-06.52.10:420][  0]LogDirectoryWatcher:Warning: Failed to begin reading directory changes for ../../../Engine/Plugins/Experimental/CharacterAI/Content/. Error: 0
[2021.05.20-06.52.11:995][  0]LogTargetPlatformManager:Display: Building Assets For Windows
[2021.05.20-06.52.12:834][  0]LogTargetPlatformManager:Display: Building Assets For Windows
[2021.05.20-06.52.13:764][  0]LogSlate:Warning: Failed to load font data from '../../../Engine/Content/Editor/Slate/Fonts/Roboto-Regular.ttf'
[2021.05.20-06.52.13:765][  0]LogSlate:Warning: Failed to load font data from '../../../Engine/Content/Editor/Slate/Fonts/Roboto-Bold.ttf'
[2021.05.20-06.52.13:784][  0]LogConsoleResponse:Display: 
[2021.05.20-06.52.14:206][  0]LogCook:Display: Done creating registry. It took  0.00s.
[2021.05.20-06.52.14:746][  0]SourceControl: 情報 ソースコントロールは無効です
[2021.05.20-06.52.14:749][  0]Cmd: MAP LOAD FILE="../../../../../../Users/magi1/Documents/PaperNinja_FirstTime/PaperNinja/Content/StarterContent/Maps/Minimal_Default.umap" TEMPLATE=0 SHOWPROGRESS=1 FEATURELEVEL=3
[2021.05.20-06.52.14:752][  0]LightingResults: New page: ライティングのビルド
[2021.05.20-06.52.14:803][  0]MapCheck: New page: マップをチェック
[2021.05.20-06.52.14:803][  0]LightingResults: New page: <何も選択されていません>
[2021.05.20-06.52.14:832][  0]LogParticles: Destroying 0 GPU particle simulations for FXSystem 0x00000231C5340E00
[2021.05.20-06.52.17:029][  0]LogEditorServer: Finished looking for orphan Actors (0.000 secs)
[2021.05.20-06.52.17:070][  0]LogAIModule: Creating AISystem for world Minimal_Default
[2021.05.20-06.52.17:075][  0]Cmd: MAP CHECKDEP
[2021.05.20-06.52.17:076][  0]MapCheck: New page: Minimal_Default - 2021/05/21 0:52:17
[2021.05.20-06.52.17:351][  0]MapCheck: 情報 マップチェックが完了: 0 エラー、 0 警告、完了に 275.533ミリ秒かかりました。
[2021.05.20-06.52.17:353][  0]LogFileHelpers: Loading map 'Minimal_Default' took 2.606
[2021.05.20-06.52.17:798][  0]LogCollectionManager: Loaded 0 collections in 0.004659 seconds
[2021.05.20-06.52.17:823][  0]LogContentBrowser: Native class hierarchy populated in 0.0239 seconds. Added 1696 classes and 261 folders.
[2021.05.20-06.52.17:959][  0]LogContentBrowser: Native class hierarchy updated for 'SceneOutliner' in 0.0067 seconds. Added 1 classes and 2 folders.
[2021.05.20-06.52.18:042][  0]LogContentBrowser: Native class hierarchy updated for 'WorldBrowser' in 0.0068 seconds. Added 1 classes and 3 folders.
[2021.05.20-06.52.18:359][  0]LogCrashTracker: Crashtracker disabled due to settings.
[2021.05.20-06.52.18:369][  0]LogSlate:Warning: Failed to load font data from 'Veranda'
[2021.05.20-06.52.18:401][  0]LogUObjectGlobals:Warning: オブジェクト 'Class なし.' が見つかりませんでした
[2021.05.20-06.52.18:446][  0]LogLoad: Full Startup: 32.99 seconds (BP compile: 0.24 seconds)
[2021.05.20-06.52.18:970][  0]LogContentBrowser:Verbose: The content browser source was changed by the sources view to '/Game/Maps/Stage01'
[2021.05.20-06.52.19:283][  0]LogRenderer:Warning: Reallocating scene render targets to support 32x32 (Frame:2).
[2021.05.20-06.52.19:571][  0]LogRenderer:Warning: Reallocating scene render targets to support 1200x576 (Frame:3).
[2021.05.20-06.52.22:659][ 10]LogAssetRegistry: Asset discovery search completed in 12.2542 seconds
[2021.05.20-06.52.25:361][ 29]Cmd: MAP LOAD FILE="../../../../../../Users/magi1/Documents/PaperNinja_FirstTime/PaperNinja/Content/Maps/Stage01/PNStage01_Top.umap" TEMPLATE=0 SHOWPROGRESS=1 FEATURELEVEL=3
[2021.05.20-06.52.25:362][ 29]LightingResults: New page: ライティングのビルド
[2021.05.20-06.52.25:449][ 29]LoadErrors: New page: マップをロード中: PNStage01_Top.umap
[2021.05.20-06.52.25:454][ 29]MapCheck: New page: マップをチェック
[2021.05.20-06.52.25:454][ 29]LightingResults: New page: <何も選択されていません>
[2021.05.20-06.52.25:469][ 29]LogParticles: Destroying 0 GPU particle simulations for FXSystem 0x00000231BC1107C0
[2021.05.20-06.52.28:713][ 29]LogEditorServer: Finished looking for orphan Actors (0.000 secs)
[2021.05.20-06.52.28:717][ 29]LogAIModule: Creating AISystem for world PNStage01_Top
[2021.05.20-06.52.28:807][ 29]Cmd: MAP CHECKDEP
[2021.05.20-06.52.28:807][ 29]MapCheck: New page: PNStage01_Top - 2021/05/21 0:52:28
[2021.05.20-06.52.29:163][ 29]MapCheck: 情報 マップチェックが完了: 0 エラー、 0 警告、完了に 355.474ミリ秒かかりました。
[2021.05.20-06.52.29:166][ 29]LogFileHelpers: Loading map 'PNStage01_Top' took 3.810
[2021.05.20-06.52.29:869][ 58]BlueprintLog: New page: PIE以前の自動再コンパイル
[2021.05.20-06.52.29:869][ 58]LogPlayLevel: [PIE] Compiling PNStage01_GM before PIE...
[2021.05.20-06.52.30:030][ 58]LogPlayLevel: PIE:  Blueprint regeneration took 160 ms (1 blueprints)
[2021.05.20-06.52.30:032][ 58]PIE: New page: PIEセッション: PNStage01_Top (2021/05/21 0:52:30)
[2021.05.20-06.52.30:034][ 58]LogPlayLevel: PIE: StaticDuplicateObject took: (0.001884s)
[2021.05.20-06.52.30:035][ 58]LogPlayLevel: PIE: World Init took: (0.000829s)
[2021.05.20-06.52.30:035][ 58]LogPlayLevel: PIE: Created PIE world by copying editor world from /Game/Maps/Stage01/PNStage01_Top.PNStage01_Top to /Game/Maps/Stage01/UEDPIE_0_PNStage01_Top.PNStage01_Top (0.002970s)
[2021.05.20-06.52.30:156][ 58]LogWorld: PIE: Copying PIE streaming level from /Game/Maps/Stage01/PNStage01_GM.PNStage01_GM to /Game/Maps/Stage01/UEDPIE_0_PNStage01_GM.PNStage01_GM. OwningWorld: /Game/Maps/Stage01/UEDPIE_0_PNStage01_Top.PNStage01_Top
[2021.05.20-06.52.30:199][ 58]LogWorld: PIE: Copying PIE streaming level from /Game/Maps/Stage01/PNStage01_SM.PNStage01_SM to /Game/Maps/Stage01/UEDPIE_0_PNStage01_SM.PNStage01_SM. OwningWorld: /Game/Maps/Stage01/UEDPIE_0_PNStage01_Top.PNStage01_Top
[2021.05.20-06.52.30:621][ 58]LogWorld: Game class is 'PNGameMode_C'
[2021.05.20-06.52.30:646][ 58]LogAIModule: Creating AISystem for world PNStage01_Top
[2021.05.20-06.52.30:649][ 58]LogWorld:Warning: *** WARNING - PATHS MAY NOT BE VALID ***
[2021.05.20-06.52.30:649][ 58]LogWorld: Bringing World /Game/Maps/Stage01/UEDPIE_0_PNStage01_Top.PNStage01_Top up for play (max tick rate 60) at 2021.05.20-15.52.30
[2021.05.20-06.52.30:662][ 58]LogWorld: Bringing up level for play took: 0.015007
[2021.05.20-06.52.30:732][ 58]PIE: 情報 /Game/Maps/Stage01/UEDPIE_0_PNStage01_Top -0.063のPIE開始時間
[2021.05.20-06.52.30:775][ 58]LogRenderer:Warning: Reallocating scene render targets to support 1296x760 (Frame:37).
[2021.05.20-06.53.20:114][652]LogBlueprintUserMessages: Goal
[2021.05.20-06.53.33:238][325]LogParticles: Destroying 0 GPU particle simulations for FXSystem 0x00000231BB98E5C0
[2021.05.20-06.53.35:626][404]Cmd: QUIT_EDITOR
[2021.05.20-06.53.36:171][404]LogExit: Preparing to exit.
[2021.05.20-06.53.37:160][404]LogExit: Editor shut down
[2021.05.20-06.53.37:160][404]LogExit: Transaction tracking system shut down
[2021.05.20-06.53.37:162][404]LogParticles: Destroying 0 GPU particle simulations for FXSystem 0x00000231CC776FC0
[2021.05.20-06.53.37:162][404]LogParticles: Destroying 0 GPU particle simulations for FXSystem 0x00000231CCBE76A0
[2021.05.20-06.53.37:162][404]LogParticles: Destroying 0 GPU particle simulations for FXSystem 0x00000231B9FDB240
[2021.05.20-06.53.37:282][404]LogExit: Object subsystem successfully closed.
[2021.05.20-06.53.37:450][404]LogModuleManager: Shutting down and abandoning module CrashTracker (178)
[2021.05.20-06.53.37:451][404]LogModuleManager: Shutting down and abandoning module SuperSearch (177)
[2021.05.20-06.53.37:451][404]LogModuleManager: Shutting down and abandoning module WorldBrowser (176)
[2021.05.20-06.53.37:452][404]LogModuleManager: Shutting down and abandoning module SceneOutliner (175)
[2021.05.20-06.53.37:452][404]LogModuleManager: Shutting down and abandoning module EditorWidgets (174)
[2021.05.20-06.53.37:452][404]LogModuleManager: Shutting down and abandoning module CollectionManager (173)
[2021.05.20-06.53.37:452][404]LogModuleManager: Shutting down and abandoning module StatsViewer (172)
[2021.05.20-06.53.37:453][404]LogModuleManager: Shutting down and abandoning module FoliageEdit (171)
[2021.05.20-06.53.37:453][404]LogModuleManager: Shutting down and abandoning module LandscapeEditor (170)
[2021.05.20-06.53.37:455][404]LogModuleManager: Shutting down and abandoning module MeshPaint (169)
[2021.05.20-06.53.37:455][404]LogModuleManager: Shutting down and abandoning module ActorPickerMode (168)
[2021.05.20-06.53.37:455][404]LogModuleManager: Shutting down and abandoning module GeometryMode (167)
[2021.05.20-06.53.37:455][404]LogModuleManager: Shutting down and abandoning module TextureAlignMode (166)
[2021.05.20-06.53.37:455][404]LogModuleManager: Shutting down and abandoning module BspMode (165)
[2021.05.20-06.53.37:455][404]LogModuleManager: Shutting down and abandoning module PlacementMode (164)
[2021.05.20-06.53.37:455][404]LogModuleManager: Shutting down and abandoning module AutomationWorker (163)
[2021.05.20-06.53.37:455][404]LogModuleManager: Shutting down and abandoning module CharacterAI (162)
[2021.05.20-06.53.37:455][404]LogModuleManager: Shutting down and abandoning module SmartSnapping (161)
[2021.05.20-06.53.37:455][404]LogModuleManager: Shutting down and abandoning module ViewportSnapping (160)
[2021.05.20-06.53.37:455][404]LogModuleManager: Shutting down and abandoning module LogVisualizer (159)
[2021.05.20-06.53.37:456][404]LogModuleManager: Shutting down and abandoning module GameProjectGeneration (158)
[2021.05.20-06.53.37:456][404]LogModuleManager: Shutting down and abandoning module IntroTutorials (157)
[2021.05.20-06.53.37:460][404]LogModuleManager: Shutting down and abandoning module EditorLiveStreaming (156)
[2021.05.20-06.53.37:460][404]LogModuleManager: Shutting down and abandoning module HardwareTargeting (155)
[2021.05.20-06.53.37:460][404]LogModuleManager: Shutting down and abandoning module DeviceProfileEditor (154)
[2021.05.20-06.53.37:460][404]LogModuleManager: Shutting down and abandoning module UndoHistory (153)
[2021.05.20-06.53.37:460][404]LogModuleManager: Shutting down and abandoning module GameplayTagsEditor (152)
[2021.05.20-06.53.37:461][404]LogModuleManager: Shutting down and abandoning module UserFeedback (151)
[2021.05.20-06.53.37:461][404]LogModuleManager: Shutting down and abandoning module XmlParser (150)
[2021.05.20-06.53.37:461][404]LogModuleManager: Shutting down and abandoning module Blutility (149)
[2021.05.20-06.53.37:461][404]LogModuleManager: Shutting down and abandoning module IOSPlatformEditor (148)
[2021.05.20-06.53.37:461][404]LogModuleManager: Shutting down and abandoning module IOSRuntimeSettings (147)
[2021.05.20-06.53.37:461][404]LogModuleManager: Shutting down and abandoning module AndroidDeviceDetection (146)
[2021.05.20-06.53.38:158][404]LogModuleManager: Shutting down and abandoning module AndroidPlatformEditor (145)
[2021.05.20-06.53.38:158][404]LogModuleManager: Shutting down and abandoning module AndroidRuntimeSettings (144)
[2021.05.20-06.53.38:158][404]LogModuleManager: Shutting down and abandoning module ProjectTargetPlatformEditor (143)
[2021.05.20-06.53.38:158][404]LogModuleManager: Shutting down and abandoning module ProjectSettingsViewer (142)
[2021.05.20-06.53.38:158][404]LogModuleManager: Shutting down and abandoning module InputBindingEditor (141)
[2021.05.20-06.53.38:159][404]LogModuleManager: Shutting down and abandoning module EditorSettingsViewer (140)
[2021.05.20-06.53.38:159][404]LogModuleManager: Shutting down and abandoning module SettingsEditor (139)
[2021.05.20-06.53.38:159][404]LogModuleManager: Shutting down and abandoning module ProjectLauncher (138)
[2021.05.20-06.53.38:159][404]LogModuleManager: Shutting down and abandoning module SessionFrontend (137)
[2021.05.20-06.53.38:160][404]LogModuleManager: Shutting down and abandoning module ProfilerClient (136)
[2021.05.20-06.53.38:160][404]LogModuleManager: Shutting down and abandoning module TargetDeviceServices (135)
[2021.05.20-06.53.38:160][404]LogModuleManager: Shutting down and abandoning module DeviceManager (134)
[2021.05.20-06.53.38:161][404]LogModuleManager: Shutting down and abandoning module AutomationController (133)
[2021.05.20-06.53.38:161][404]LogModuleManager: Shutting down and abandoning module AutomationWindow (132)
[2021.05.20-06.53.38:161][404]LogModuleManager: Shutting down and abandoning module Layers (131)
[2021.05.20-06.53.38:161][404]LogModuleManager: Shutting down and abandoning module ComponentVisualizers (130)
[2021.05.20-06.53.38:161][404]LogModuleManager: Shutting down and abandoning module DetailCustomizations (129)
[2021.05.20-06.53.38:163][404]LogModuleManager: Shutting down and abandoning module PackagesDialog (128)
[2021.05.20-06.53.38:164][404]LogModuleManager: Shutting down and abandoning module AssetRegistry (127)
[2021.05.20-06.53.38:254][404]LogModuleManager: Shutting down and abandoning module Persona (126)
[2021.05.20-06.53.38:256][404]LogModuleManager: Shutting down and abandoning module SlateReflector (125)
[2021.05.20-06.53.38:257][404]LogModuleManager: Shutting down and abandoning module LevelEditor (124)
[2021.05.20-06.53.38:259][404]LogModuleManager: Shutting down and abandoning module Kismet (123)
[2021.05.20-06.53.38:259][404]LogModuleManager: Shutting down and abandoning module GraphEditor (122)
[2021.05.20-06.53.38:262][404]LogModuleManager: Shutting down and abandoning module ClassViewer (121)
[2021.05.20-06.53.38:262][404]LogModuleManager: Shutting down and abandoning module Toolbox (120)
[2021.05.20-06.53.38:262][404]LogModuleManager: Shutting down and abandoning module ModuleUI (119)
[2021.05.20-06.53.38:263][404]LogModuleManager: Shutting down and abandoning module MovieSceneTools (118)
[2021.05.20-06.53.38:263][404]LogModuleManager: Shutting down and abandoning module OutputLog (117)
[2021.05.20-06.53.38:263][404]LogModuleManager: Shutting down and abandoning module GammaUI (116)
[2021.05.20-06.53.38:264][404]LogModuleManager: Shutting down and abandoning module Documentation (115)
[2021.05.20-06.53.38:264][404]LogModuleManager: Shutting down and abandoning module GameLiveStreaming (114)
[2021.05.20-06.53.38:264][404]LogModuleManager: Shutting down and abandoning module StreamingPauseRendering (113)
[2021.05.20-06.53.38:264][404]LogModuleManager: Shutting down and abandoning module HTTP (112)
[2021.05.20-06.53.38:264][404]LogModuleManager: Shutting down and abandoning module AnalyticsET (111)
[2021.05.20-06.53.38:264][404]LogModuleManager: Shutting down and abandoning module Analytics (110)
[2021.05.20-06.53.38:264][404]LogModuleManager: Shutting down and abandoning module AITestSuite (109)
[2021.05.20-06.53.38:264][404]LogModuleManager: Shutting down and abandoning module GameplayDebugger (108)
[2021.05.20-06.53.38:264][404]LogModuleManager: Shutting down and abandoning module AIModule (107)
[2021.05.20-06.53.38:265][404]LogModuleManager: Shutting down and abandoning module ProfilerService (106)
[2021.05.20-06.53.38:508][404]LogModuleManager: Shutting down and abandoning module TaskGraph (105)
[2021.05.20-06.53.38:511][404]LogModuleManager: Shutting down and abandoning module SlateRemote (104)
[2021.05.20-06.53.38:511][404]LogModuleManager: Shutting down and abandoning module ScriptEditorPlugin (103)
[2021.05.20-06.53.38:511][404]LogModuleManager: Shutting down and abandoning module CustomMeshComponent (102)
[2021.05.20-06.53.38:511][404]LogModuleManager: Shutting down and abandoning module CableComponent (101)
[2021.05.20-06.53.38:511][404]LogModuleManager: Shutting down and abandoning module MessagingDebugger (100)
[2021.05.20-06.53.38:513][404]LogModuleManager: Shutting down and abandoning module MediaPlayerEditor (99)
[2021.05.20-06.53.38:514][404]LogModuleManager: Shutting down and abandoning module SpeedTreeImporter (98)
[2021.05.20-06.53.38:514][404]LogModuleManager: Shutting down and abandoning module PluginsEditor (97)
[2021.05.20-06.53.38:514][404]LogModuleManager: Shutting down and abandoning module MainFrame (96)
[2021.05.20-06.53.38:514][404]LogModuleManager: Shutting down and abandoning module EpicSurvey (95)
[2021.05.20-06.53.38:515][404]LogModuleManager: Shutting down and abandoning module DesktopPlatform (94)
[2021.05.20-06.53.38:515][404]LogModuleManager: Shutting down and abandoning module DirectoryWatcher (93)
[2021.05.20-06.53.38:515][404]LogModuleManager: Shutting down and abandoning module HotReload (92)
[2021.05.20-06.53.38:515][404]LogModuleManager: Shutting down and abandoning module VisualStudioSourceCodeAccess (91)
[2021.05.20-06.53.38:515][404]LogModuleManager: Shutting down and abandoning module UObjectPlugin (90)
[2021.05.20-06.53.38:515][404]LogModuleManager: Shutting down and abandoning module SubversionSourceControl (89)
[2021.05.20-06.53.38:516][404]LogModuleManager: Shutting down and abandoning module PerforceSourceControl (88)
[2021.05.20-06.53.38:518][404]LogModuleManager: Shutting down and abandoning module SourceControl (87)
[2021.05.20-06.53.38:518][404]LogModuleManager: Shutting down and abandoning module GitSourceControl (86)
[2021.05.20-06.53.38:518][404]LogModuleManager: Shutting down and abandoning module BlankPlugin (85)
[2021.05.20-06.53.38:518][404]LogModuleManager: Shutting down and abandoning module PaperTiledImporter (84)
[2021.05.20-06.53.38:518][404]LogModuleManager: Shutting down and abandoning module PaperJsonImporter (83)
[2021.05.20-06.53.38:518][404]LogModuleManager: Shutting down and abandoning module ContentBrowser (82)
[2021.05.20-06.53.38:519][404]LogModuleManager: Shutting down and abandoning module Paper2DEditor (81)
[2021.05.20-06.53.38:521][404]LogModuleManager: Shutting down and abandoning module ScriptPlugin (80)
[2021.05.20-06.53.38:521][404]LogModuleManager: Shutting down and abandoning module UdpMessaging (79)
[2021.05.20-06.53.38:622][404]LogModuleManager: Shutting down and abandoning module Paper2D (78)
[2021.05.20-06.53.38:623][404]LogModuleManager: Shutting down and abandoning module WindowsMoviePlayer (77)
[2021.05.20-06.53.38:627][404]LogModuleManager: Shutting down and abandoning module Media (76)
[2021.05.20-06.53.38:627][404]LogModuleManager: Shutting down and abandoning module WmfMedia (75)
[2021.05.20-06.53.38:628][404]LogModuleManager: Shutting down and abandoning module OnlineBlueprintSupport (74)
[2021.05.20-06.53.38:629][404]LogModuleManager: Shutting down and abandoning module PropertyEditor (73)
[2021.05.20-06.53.38:629][404]LogModuleManager: Shutting down and abandoning module BehaviorTreeEditor (72)
[2021.05.20-06.53.38:630][404]LogModuleManager: Shutting down and abandoning module FunctionalTesting (71)
[2021.05.20-06.53.38:631][404]LogModuleManager: Shutting down and abandoning module CollisionAnalyzer (70)
[2021.05.20-06.53.38:632][404]LogModuleManager: Shutting down and abandoning module WorkspaceMenuStructure (69)
[2021.05.20-06.53.38:632][404]LogModuleManager: Shutting down and abandoning module MessageLog (68)
[2021.05.20-06.53.38:632][404]LogModuleManager: Shutting down and abandoning module Sequencer (67)
[2021.05.20-06.53.38:635][404]LogModuleManager: Shutting down and abandoning module AssetTools (66)
[2021.05.20-06.53.38:637][404]LogModuleManager: Shutting down and abandoning module UMGEditor (65)
[2021.05.20-06.53.38:638][404]LogModuleManager: Shutting down and abandoning module UMG (64)
[2021.05.20-06.53.38:638][404]LogModuleManager: Shutting down and abandoning module Slate (63)
[2021.05.20-06.53.38:638][404]LogModuleManager: Shutting down and abandoning module EditorStyle (62)
[2021.05.20-06.53.38:649][404]LogModuleManager: Shutting down and abandoning module SessionServices (61)
[2021.05.20-06.53.38:649][404]LogModuleManager: Shutting down and abandoning module SourceCodeAccess (60)
[2021.05.20-06.53.38:649][404]LogModuleManager: Shutting down and abandoning module HeadMountedDisplay (59)
[2021.05.20-06.53.38:649][404]LogModuleManager: Shutting down and abandoning module XAudio2 (58)
[2021.05.20-06.53.38:649][404]LogModuleManager: Shutting down and abandoning module Networking (56)
[2021.05.20-06.53.38:649][404]LogModuleManager: Shutting down and abandoning module Core (55)
[2021.05.20-06.53.38:649][404]LogModuleManager: Shutting down and abandoning module KismetCompiler (54)
[2021.05.20-06.53.38:649][404]LogModuleManager: Shutting down and abandoning module PhysXFormats (53)
[2021.05.20-06.53.38:650][404]LogModuleManager: Shutting down and abandoning module MeshUtilities (52)
[2021.05.20-06.53.38:651][404]LogModuleManager: Shutting down and abandoning module DerivedDataCache (51)
[2021.05.20-06.53.38:776][404]LogDerivedDataCache: Shutdown
[2021.05.20-06.53.38:776][404]LogModuleManager: Shutting down and abandoning module ShaderFormatOpenGL (50)
[2021.05.20-06.53.38:777][404]LogModuleManager: Shutting down and abandoning module ShaderFormatD3D (49)
[2021.05.20-06.53.38:777][404]LogModuleManager: Shutting down and abandoning module MetalShaderFormat (48)
[2021.05.20-06.53.38:777][404]LogModuleManager: Shutting down and abandoning module TextureFormatUncompressed (47)
[2021.05.20-06.53.38:777][404]LogModuleManager: Shutting down and abandoning module TextureFormatPVR (46)
[2021.05.20-06.53.38:777][404]LogModuleManager: Shutting down and abandoning module TextureFormatIntelISPCTexComp (45)
[2021.05.20-06.53.38:778][404]LogModuleManager: Shutting down and abandoning module TextureFormatDXT (44)
[2021.05.20-06.53.38:778][404]LogModuleManager: Shutting down and abandoning module ImageWrapper (43)
[2021.05.20-06.53.38:778][404]LogModuleManager: Shutting down and abandoning module TextureFormatASTC (42)
[2021.05.20-06.53.38:778][404]LogModuleManager: Shutting down and abandoning module TextureFormatAndroid (41)
[2021.05.20-06.53.38:778][404]LogModuleManager: Shutting down and abandoning module AudioFormatOpus (40)
[2021.05.20-06.53.38:778][404]LogModuleManager: Shutting down and abandoning module AudioFormatOgg (39)
[2021.05.20-06.53.38:778][404]LogModuleManager: Shutting down and abandoning module AudioFormatADPCM (38)
[2021.05.20-06.53.38:778][404]LogModuleManager: Shutting down and abandoning module LinuxTargetPlatform (37)
[2021.05.20-06.53.38:778][404]LogModuleManager: Shutting down and abandoning module LinuxServerTargetPlatform (36)
[2021.05.20-06.53.38:778][404]LogModuleManager: Shutting down and abandoning module LinuxNoEditorTargetPlatform (35)
[2021.05.20-06.53.38:778][404]LogModuleManager: Shutting down and abandoning module Messaging (34)
[2021.05.20-06.53.38:778][404]LogModuleManager: Shutting down and abandoning module IOSTargetPlatform (33)
[2021.05.20-06.53.38:778][404]LogModuleManager: Shutting down and abandoning module HTML5TargetPlatform (32)
[2021.05.20-06.53.38:778][404]LogModuleManager: Shutting down and abandoning module Android_PVRTCTargetPlatform (31)
[2021.05.20-06.53.38:778][404]LogModuleManager: Shutting down and abandoning module Android_ETC2TargetPlatform (30)
[2021.05.20-06.53.38:778][404]LogModuleManager: Shutting down and abandoning module Android_ETC1TargetPlatform (29)
[2021.05.20-06.53.38:778][404]LogModuleManager: Shutting down and abandoning module Android_ES31TargetPlatform (28)
[2021.05.20-06.53.38:778][404]LogModuleManager: Shutting down and abandoning module Android_DXTTargetPlatform (27)
[2021.05.20-06.53.38:778][404]LogModuleManager: Shutting down and abandoning module Android_ATCTargetPlatform (26)
[2021.05.20-06.53.38:778][404]LogModuleManager: Shutting down and abandoning module AndroidTargetPlatform (25)
[2021.05.20-06.53.38:778][404]LogModuleManager: Shutting down and abandoning module WindowsTargetPlatform (24)
[2021.05.20-06.53.38:778][404]LogModuleManager: Shutting down and abandoning module WindowsServerTargetPlatform (23)
[2021.05.20-06.53.38:778][404]LogModuleManager: Shutting down and abandoning module WindowsNoEditorTargetPlatform (22)
[2021.05.20-06.53.38:778][404]LogModuleManager: Shutting down and abandoning module WindowsClientTargetPlatform (21)
[2021.05.20-06.53.38:778][404]LogModuleManager: Shutting down and abandoning module TargetPlatform (20)
[2021.05.20-06.53.38:778][404]LogModuleManager: Shutting down and abandoning module InputCore (19)
[2021.05.20-06.53.38:778][404]LogModuleManager: Shutting down and abandoning module Settings (18)
[2021.05.20-06.53.38:778][404]LogModuleManager: Shutting down and abandoning module OnlineSubsystem (16)
[2021.05.20-06.53.38:778][404]LogModuleManager: Shutting down and abandoning module OculusRift (15)
[2021.05.20-06.53.38:778][404]LogModuleManager: Shutting down and abandoning module ExampleDeviceProfileSelector (14)
[2021.05.20-06.53.38:778][404]LogModuleManager: Shutting down and abandoning module TextureCompressor (13)
[2021.05.20-06.53.38:779][404]LogModuleManager: Shutting down and abandoning module ShaderCore (12)
[2021.05.20-06.53.38:779][404]LogModuleManager: Shutting down and abandoning module Landscape (11)
[2021.05.20-06.53.38:779][404]LogModuleManager: Shutting down and abandoning module SlateRHIRenderer (10)
[2021.05.20-06.53.38:783][404]LogModuleManager: Shutting down and abandoning module OpenGLDrv (9)
[2021.05.20-06.53.38:783][404]LogModuleManager: Shutting down and abandoning module D3D11RHI (8)
[2021.05.20-06.53.38:783][404]LogModuleManager: Shutting down and abandoning module Renderer (7)
[2021.05.20-06.53.38:783][404]LogModuleManager: Shutting down and abandoning module Engine (6)
[2021.05.20-06.53.38:783][404]LogModuleManager: Shutting down and abandoning module CoreUObject (5)
[2021.05.20-06.53.38:783][404]LogModuleManager: Shutting down and abandoning module NetworkFile (4)
[2021.05.20-06.53.38:783][404]LogModuleManager: Shutting down and abandoning module StreamingFile (3)
[2021.05.20-06.53.38:783][404]LogModuleManager: Shutting down and abandoning module SandboxFile (2)
[2021.05.20-06.53.38:783][404]LogModuleManager: Shutting down and abandoning module PakFile (1)
[2021.05.20-06.53.38:785][404]LogExit: Exiting.
[2021.05.20-06.53.38:794][404]Log file closed, 05/20/21 15:53:38
