Log file open, 06/05/21 09:57:48
LogInit:Display: Running engine for game: PaperNinja
LogInit: Version: 4.7.6-2513093+++depot+UE4-Releases+4.7
LogInit: API Version: 2455222
LogInit: Compiled (64-bit): Apr 15 2015 12:09:54
LogInit: Compiled with Visual C++: 18.00.21005.01
LogInit: Build Configuration: Development
LogInit: Branch Name: ++depot+UE4-Releases+4.7
LogInit: Command line:  
LogInit: Base directory: C:/Program Files/Epic Games/UE_4.7/Engine/Binaries/Win64/
LogInit: Rocket: 1
[2021.06.05-00.57.48:072][  0]LogTaskGraph: Started task graph with 3 named threads and 8 total threads.
[2021.06.05-00.57.48:149][  0]LogOnline:Warning: No default platform service specified for OnlineSubsystem
[2021.06.05-00.57.48:164][  0]LogInit: Presizing for 0 objects not considered by GC, pre-allocating 0 bytes.
[2021.06.05-00.57.48:171][  0]LogInit: Object subsystem initialized
[2021.06.05-00.57.48:172][  0]LogConsoleResponse:Warning: Skipping Unknown console variable: 'TranslucentSortAxis = (X=0.000000,Y=-1.000000,Z=0.000000)'
[2021.06.05-00.57.48:172][  0]LogConsoleResponse:Warning:   Found in ini file 'C:/Users/magi1/Documents/PaperNinja_FirstTime/PaperNinja/Saved/Config/Windows/Engine.ini', in section '[/Script/Engine.RendererSettings]'
[2021.06.05-00.57.48:172][  0]LogConsoleResponse:Warning: Skipping Unknown console variable: 'UIScaleRule = ShortestSide'
[2021.06.05-00.57.48:172][  0]LogConsoleResponse:Warning:   Found in ini file 'C:/Users/magi1/Documents/PaperNinja_FirstTime/PaperNinja/Saved/Config/Windows/Engine.ini', in section '[/Script/Engine.RendererSettings]'
[2021.06.05-00.57.48:172][  0]LogConsoleResponse:Warning: Skipping Unknown console variable: 'UIScaleCurve = (EditorCurveData=(Keys=),ExternalCurve=None)'
[2021.06.05-00.57.48:172][  0]LogConsoleResponse:Warning:   Found in ini file 'C:/Users/magi1/Documents/PaperNinja_FirstTime/PaperNinja/Saved/Config/Windows/Engine.ini', in section '[/Script/Engine.RendererSettings]'
[2021.06.05-00.57.48:173][  0]LogInit: Selected Device Profile: [Windows]
[2021.06.05-00.57.48:173][  0]LogInit: Applying CVar settings loaded from the selected device profile: [Windows]
[2021.06.05-00.57.48:178][  0]LogInit: Computer: DESKTOP-QG331CQ
[2021.06.05-00.57.48:178][  0]LogInit: User: magi1
[2021.06.05-00.57.48:178][  0]LogInit: CPU Page size=4096, Cores=6
[2021.06.05-00.57.48:178][  0]LogInit: High frequency timer resolution =10.000000 MHz
[2021.06.05-00.57.48:178][  0]LogMemory: Memory total: Physical=15.9GB (16GB approx) Virtual=131072.0GB
[2021.06.05-00.57.48:179][  0]LogMemory: Platform Memory Stats for Windows
[2021.06.05-00.57.48:179][  0]LogMemory: Process Physical Memory: 49.91 MB used, 49.91 MB peak
[2021.06.05-00.57.48:179][  0]LogMemory: Process Virtual Memory: 26.82 MB used, 26.82 MB peak
[2021.06.05-00.57.48:179][  0]LogMemory: Physical Memory: 6623.72 MB used, 16239.85 MB total
[2021.06.05-00.57.48:179][  0]LogMemory: Virtual Memory: 4432.94 MB used, 134217728.00 MB total
[2021.06.05-00.57.48:317][  0]LogD3D11RHI: Found D3D11 adapter 0: NVIDIA GeForce RTX 2080 (Feature Level 11_0)
[2021.06.05-00.57.48:317][  0]LogD3D11RHI: Adapter has 8010MB of dedicated video memory, 0MB of dedicated system memory, and 8119MB of shared system memory, 2 output[s]
[2021.06.05-00.57.48:346][  0]LogD3D11RHI: Found D3D11 adapter 1: Intel(R) UHD Graphics 630 (Feature Level 11_0)
[2021.06.05-00.57.48:346][  0]LogD3D11RHI: Adapter has 128MB of dedicated video memory, 0MB of dedicated system memory, and 8119MB of shared system memory, 0 output[s]
[2021.06.05-00.57.48:349][  0]LogD3D11RHI: Found D3D11 adapter 2: Microsoft Basic Render Driver (Feature Level 11_0)
[2021.06.05-00.57.48:349][  0]LogD3D11RHI: Adapter has 0MB of dedicated video memory, 0MB of dedicated system memory, and 8119MB of shared system memory, 0 output[s]
[2021.06.05-00.57.48:349][  0]LogD3D11RHI: Chosen D3D11 Adapter Id = 0
[2021.06.05-00.57.48:354][  0]LogRHI: Texture pool is 1361 MB (70% of 1945 MB)
[2021.06.05-00.57.48:438][  0]LogD3D11RHI: Async texture creation enabled
[2021.06.05-00.57.48:507][  0]LogTextLocalizationManager: The requested culture ('ja_JP') has no localization data; parent culture's ('ja') localization data will be used.
[2021.06.05-00.57.48:561][  0]LogTextLocalizationManager:Warning: Loading localization resources contain conflicting entries for (Namespace:UICommands, Key:Save_ToolTip):
Resource: (C:/Program Files/Epic Games/UE_4.7/Engine/Content/Localization/Editor/ja/Editor.locres) Hash: (-29098895) String: (現行レベルをディスクに保存)
Resource: (C:/Program Files/Epic Games/UE_4.7/Engine/Content/Localization/Engine/ja/Engine.locres) Hash: (-1280300587) String: (選択データをvlogファイルに保存)
[2021.06.05-00.57.48:561][  0]LogTextLocalizationManager:Warning: Loading localization resources contain conflicting entries for (Namespace:ContentBrowser, Key:ImportAssetToolTip):
Resource: (C:/Program Files/Epic Games/UE_4.7/Engine/Content/Localization/Editor/ja/Editor.locres) Hash: (-630476809) String: ({0} にインポート...)
Resource: (C:/Program Files/Epic Games/UE_4.7/Engine/Content/Localization/Editor/ja/Editor.locres) Hash: (1271782899) String: (このフォルダへファイルからアセットをインポート)
[2021.06.05-00.57.48:632][  0]LogContentStreaming: Texture pool size is 0.000000MB
[2021.06.05-00.57.50:559][  0]LogTargetPlatformManager:Display: Building Assets For Windows
[2021.06.05-00.57.51:026][  0]LogTargetPlatformManager:Display: Building Assets For Windows
[2021.06.05-00.57.51:087][  0]LogDerivedDataCache:Display: Max Cache Size: 512 MB
[2021.06.05-00.57.51:110][  0]LogDerivedDataCache: Loaded boot cache 0.02s 39MB C:/Users/magi1/AppData/Local/UnrealEngine/4.7/DerivedDataCache/Boot.ddc.
[2021.06.05-00.57.51:110][  0]LogDerivedDataCache:Display: Loaded Boot cache: C:/Users/magi1/AppData/Local/UnrealEngine/4.7/DerivedDataCache/Boot.ddc
[2021.06.05-00.57.51:110][  0]LogDerivedDataCache: FDerivedDataBackendGraph:  Pak pak cache file ../../../../../../Users/magi1/Documents/PaperNinja_FirstTime/PaperNinja/DerivedDataCache/DDC.ddp not found, will not use a pak cache.
[2021.06.05-00.57.51:110][  0]LogDerivedDataCache: Unable to find inner node Pak for hierarchical cache Hierarchy.
[2021.06.05-00.57.51:203][  0]LogDerivedDataCache:Display: Pak cache opened for reading ../../../Engine/DerivedDataCache/Compressed.ddp.
[2021.06.05-00.57.51:215][  0]LogDerivedDataCache: Using Local data cache path C:/Users/magi1/AppData/Local/UnrealEngine/Common/DerivedDataCache: Writable
[2021.06.05-00.57.51:430][  0]LogMeshUtilities: No automatic mesh reduction module available
[2021.06.05-00.57.51:430][  0]LogMeshUtilities: No automatic mesh merging module available
[2021.06.05-00.57.51:739][  0]LogInit: WinSock: version 1.1 (2.2), MaxSocks=32767, MaxUdp=65467
[2021.06.05-00.57.51:828][  0]LogSlate:Warning: Failed to load font data from '../../../Engine/Content/Slate/Fonts/Roboto-Italic.ttf'
[2021.06.05-00.57.52:520][  0]UdpMessaging: Initializing bridge on interface 0.0.0.0:0 to multicast group 230.0.0.1:6666.
[2021.06.05-00.57.52:738][  0]SourceControl: 情報 ソースコントロールは無効です
[2021.06.05-00.57.52:738][  0]SourceControl: 情報 ソースコントロールは無効です
[2021.06.05-00.57.52:738][  0]SourceControl: 情報 ソースコントロールは無効です
[2021.06.05-00.57.52:738][  0]LogSourceControl: RunCommandInternalRaw: 'git version'
[2021.06.05-00.57.52:738][  0]LogSourceControl: RunCommandInternalRaw: ExecProcess ReturnCode=2 OutResults=''
[2021.06.05-00.57.52:747][  0]SourceControl: 情報 ソースコントロールは無効です
[2021.06.05-00.57.52:945][  0]LogObj: 24232 objects as part of root set at end of initial load.
[2021.06.05-00.57.52:945][  0]LogUObjectAllocator: 5137168 out of 0 bytes used by permanent object pool.
[2021.06.05-00.57.53:013][  0]LogEngine: Initializing Engine...
[2021.06.05-00.57.55:179][  0]LogInit: XAudio2 using 'スピーカー (Realtek(R) Audio)' : 2 channels at 48 kHz using 32 bits per sample (channel mask 0x3)
[2021.06.05-00.57.55:229][  0]LogInit: FAudioDevice initialized.
[2021.06.05-00.57.55:273][  0]LogAIModule: Creating AISystem for world NewWorld
[2021.06.05-00.57.55:290][  0]LogDerivedDataCache: Saved boot cache 0.02s 39MB C:/Users/magi1/AppData/Local/UnrealEngine/4.7/DerivedDataCache/Boot.ddc.
[2021.06.05-00.57.55:292][  0]LogInit: Texture streaming: Enabled
[2021.06.05-00.57.55:371][  0]LogAnalytics: Creating configured Analytics provider AnalyticsET
[2021.06.05-00.57.55:371][  0]LogAnalytics: ET APIKey = Rocket.Release. APIServer = http://et2.epicgames.com/ET2/. AppVersion = 4.7.6-2513093+++depot+UE4-Releases+4.7
[2021.06.05-00.57.55:371][  0]LogAnalytics: ET APIKey = Rocket.Release. DataRouterUploadURL = https://datarouter-public-service-gamedev.ol.epicgames.net/datarouter/api/v1/public/data. AppVersion = 4.7.6-2513093+++depot+UE4-Releases+4.7
[2021.06.05-00.57.55:371][  0]LogAnalytics: SetUserId 144e59504b07e7078f7f9fbff0f199ea|e89bcdc3dddd40638ff112a71cef8e67|badf8662-73b2-480e-8b08-9b9fdfc993be
[2021.06.05-00.57.55:371][  0]LogAnalytics: AnalyticsET::StartSession [Rocket.Release]
[2021.06.05-00.57.55:409][  0]LogInit: Transaction tracking system initialized
[2021.06.05-00.57.55:616][  0]BlueprintLog: New page: エディタの読み込み
[2021.06.05-00.57.55:659][  0]LogAssetRegistry: FAssetRegistry took 0.0111 seconds to start up
[2021.06.05-00.57.55:659][  0]LogDirectoryWatcher:Warning: Failed to begin reading directory changes for ../../../Engine/Plugins/Experimental/CharacterAI/Content/. Error: 0
[2021.06.05-00.57.56:150][  0]LogTargetPlatformManager:Display: Building Assets For Windows
[2021.06.05-00.57.56:459][  0]LogTargetPlatformManager:Display: Building Assets For Windows
[2021.06.05-00.57.56:738][  0]LogSlate:Warning: Failed to load font data from '../../../Engine/Content/Editor/Slate/Fonts/Roboto-Regular.ttf'
[2021.06.05-00.57.56:739][  0]LogSlate:Warning: Failed to load font data from '../../../Engine/Content/Editor/Slate/Fonts/Roboto-Bold.ttf'
[2021.06.05-00.57.56:743][  0]LogConsoleResponse:Display: 
[2021.06.05-00.57.56:861][  0]LogCook:Display: Done creating registry. It took  0.00s.
[2021.06.05-00.57.57:019][  0]SourceControl: 情報 ソースコントロールは無効です
[2021.06.05-00.57.57:019][  0]Cmd: MAP LOAD FILE="../../../../../../Users/magi1/Documents/PaperNinja_FirstTime/PaperNinja/Content/StarterContent/Maps/Minimal_Default.umap" TEMPLATE=0 SHOWPROGRESS=1 FEATURELEVEL=3
[2021.06.05-00.57.57:019][  0]LightingResults: New page: ライティングのビルド
[2021.06.05-00.57.57:033][  0]MapCheck: New page: マップをチェック
[2021.06.05-00.57.57:033][  0]LightingResults: New page: <何も選択されていません>
[2021.06.05-00.57.57:038][  0]LogParticles: Destroying 0 GPU particle simulations for FXSystem 0x00000250FD520EA0
[2021.06.05-00.57.57:733][  0]LogEditorServer: Finished looking for orphan Actors (0.000 secs)
[2021.06.05-00.57.57:741][  0]LogAIModule: Creating AISystem for world Minimal_Default
[2021.06.05-00.57.57:742][  0]Cmd: MAP CHECKDEP
[2021.06.05-00.57.57:742][  0]MapCheck: New page: Minimal_Default - 2021/06/05 18:57:57
[2021.06.05-00.57.57:839][  0]MapCheck: 情報 マップチェックが完了: 0 エラー、 0 警告、完了に 96.89ミリ秒かかりました。
[2021.06.05-00.57.57:839][  0]LogFileHelpers: Loading map 'Minimal_Default' took 0.821
[2021.06.05-00.57.57:967][  0]LogCollectionManager: Loaded 0 collections in 0.001684 seconds
[2021.06.05-00.57.57:975][  0]LogContentBrowser: Native class hierarchy populated in 0.0068 seconds. Added 1696 classes and 261 folders.
[2021.06.05-00.57.58:014][  0]LogContentBrowser: Native class hierarchy updated for 'SceneOutliner' in 0.0024 seconds. Added 1 classes and 2 folders.
[2021.06.05-00.57.58:036][  0]LogContentBrowser: Native class hierarchy updated for 'WorldBrowser' in 0.0026 seconds. Added 1 classes and 3 folders.
[2021.06.05-00.57.58:102][  0]LogCrashTracker: Crashtracker disabled due to settings.
[2021.06.05-00.57.58:103][  0]LogSlate:Warning: Failed to load font data from 'Veranda'
[2021.06.05-00.57.58:112][  0]LogUObjectGlobals:Warning: オブジェクト 'Class なし.' が見つかりませんでした
[2021.06.05-00.57.58:143][  0]LogLoad: Full Startup: 12.95 seconds (BP compile: 0.07 seconds)
[2021.06.05-00.57.58:550][  0]LogContentBrowser:Verbose: The content browser source was changed by the sources view to '/Game/Maps/Stage01'
[2021.06.05-00.57.58:653][  0]LogRenderer:Warning: Reallocating scene render targets to support 32x32 (Frame:2).
[2021.06.05-00.57.58:752][  0]LogRenderer:Warning: Reallocating scene render targets to support 1200x576 (Frame:5).
[2021.06.05-00.57.59:499][  3]LogAssetRegistry: Asset discovery search completed in 3.8515 seconds
[2021.06.05-01.03.28:815][991]LogContentBrowser:Verbose: The content browser source was changed by the sources view to 'None'
[2021.06.05-01.03.30:400][ 79]LogContentBrowser:Verbose: The content browser source was changed by the sources view to '/Game/Props'
[2021.06.05-01.03.34:823][340]LogContentBrowser:Verbose: The content browser source was changed by the sources view to '/Game/Props/Textures'
[2021.06.05-01.05.29:319][204]LogTexture:Display: テクスチャをビルド中: T_Gear_D (AutoDXT)
[2021.06.05-01.05.31:246][307]LogContentBrowser:Verbose: The content browser source was changed by the sources view to '/Game/Props/Textures'
[2021.06.05-01.05.44:580][102]LogMaterial: Missing cached shader map for material M_Gear, compiling. 
[2021.06.05-01.05.50:876][466]Cmd: OBJ SAVEPACKAGE PACKAGE="/Game/Props/Materials/M_Gear" FILE="../../../../../../Users/magi1/Documents/PaperNinja_FirstTime/PaperNinja/Content/Props/Materials/M_Gear.uasset" SILENT=true
[2021.06.05-01.05.51:083][466]LogSavePackage: Save=205.182999ms
[2021.06.05-01.05.51:083][466]LogSavePackage: Moving '../../../../../../Users/magi1/Documents/PaperNinja_FirstTime/PaperNinja/Saved/M_GearB7D592104FCFC7BD2123FC8944AE7949.tmp' to '../../../../../../Users/magi1/Documents/PaperNinja_FirstTime/PaperNinja/Content/Props/Materials/M_Gear.uasset'
[2021.06.05-01.05.57:458][844]LogTexture:Display: テクスチャをビルド中: T_GearShaft_D (AutoDXT)
[2021.06.05-01.05.59:917][984]LogContentBrowser:Verbose: The content browser source was changed by the sources view to '/Game/Props/Textures'
[2021.06.05-01.06.09:981][583]LogMaterial: Missing cached shader map for material _GearShaft, compiling. 
[2021.06.05-01.06.13:965][809]Cmd: OBJ SAVEPACKAGE PACKAGE="/Game/Props/Materials/_GearShaft" FILE="../../../../../../Users/magi1/Documents/PaperNinja_FirstTime/PaperNinja/Content/Props/Materials/_GearShaft.uasset" SILENT=true
[2021.06.05-01.06.14:213][809]LogSavePackage: Save=244.972702ms
[2021.06.05-01.06.14:213][809]LogSavePackage: Moving '../../../../../../Users/magi1/Documents/PaperNinja_FirstTime/PaperNinja/Saved/_GearShaft5787AA0C479748D7561313B4D1F8D61C.tmp' to '../../../../../../Users/magi1/Documents/PaperNinja_FirstTime/PaperNinja/Content/Props/Materials/_GearShaft.uasset'
[2021.06.05-01.06.15:392][876]LogContentBrowser:Verbose: The content browser source was changed by the sources view to '/Game/Props'
[2021.06.05-01.06.17:400][945]Cmd: OBJ SAVEPACKAGE PACKAGE="/Game/Props/Textures/_GearShaft" FILE="../../../../../../Users/magi1/Documents/PaperNinja_FirstTime/PaperNinja/Content/Props/Textures/_GearShaft.uasset" SILENT=true
[2021.06.05-01.06.17:406][945]LogSavePackage: Save=2.474100ms
[2021.06.05-01.06.17:406][945]LogSavePackage: Moving '../../../../../../Users/magi1/Documents/PaperNinja_FirstTime/PaperNinja/Saved/_GearShaft34E698A148244C896965A1BD4EF072CC.tmp' to '../../../../../../Users/magi1/Documents/PaperNinja_FirstTime/PaperNinja/Content/Props/Textures/_GearShaft.uasset'
[2021.06.05-01.06.17:416][945]Cmd: OBJ SAVEPACKAGE PACKAGE="/Game/Props/Textures/M_Gear" FILE="../../../../../../Users/magi1/Documents/PaperNinja_FirstTime/PaperNinja/Content/Props/Textures/M_Gear.uasset" SILENT=true
[2021.06.05-01.06.17:422][945]LogSavePackage: Save=2.491700ms
[2021.06.05-01.06.17:422][945]LogSavePackage: Moving '../../../../../../Users/magi1/Documents/PaperNinja_FirstTime/PaperNinja/Saved/M_GearA6525F38444B4969E963689C8E8BEC1B.tmp' to '../../../../../../Users/magi1/Documents/PaperNinja_FirstTime/PaperNinja/Content/Props/Textures/M_Gear.uasset'
[2021.06.05-01.06.24:113][346]LogStaticMesh: スタティックメッシュ SM_Gear をビルド中...
[2021.06.05-01.06.24:158][346]LogStaticMesh: Built static mesh [48.635502ms] /Game/Props/SM_Gear.SM_Gear
[2021.06.05-01.06.24:269][346]LogContentBrowser:Verbose: The content browser source was changed by the sources view to '/Game/Blueprints'
[2021.06.05-01.06.24:334][346]LogRenderer:Warning: Reallocating scene render targets to support 1432x576 (Frame:10035).
[2021.06.05-01.06.36:587][ 64]Cmd: OBJ SAVEPACKAGE PACKAGE="/Game/Props/SM_Gear" FILE="../../../../../../Users/magi1/Documents/PaperNinja_FirstTime/PaperNinja/Content/Props/SM_Gear.uasset" SILENT=true
[2021.06.05-01.06.36:974][ 64]LogSavePackage: Save=263.456696ms
[2021.06.05-01.06.36:974][ 64]LogSavePackage: Moving '../../../../../../Users/magi1/Documents/PaperNinja_FirstTime/PaperNinja/Saved/SM_GearDE4B4A264A23F6A5F93689A3573C62D9.tmp' to '../../../../../../Users/magi1/Documents/PaperNinja_FirstTime/PaperNinja/Content/Props/SM_Gear.uasset'
[2021.06.05-01.06.41:275][322]LogStaticMesh: スタティックメッシュ SM_GearShaft をビルド中...
[2021.06.05-01.06.41:316][322]LogStaticMesh: Built static mesh [40.578602ms] /Game/Props/SM_GearShaft.SM_GearShaft
[2021.06.05-01.06.41:439][322]LogRenderer:Warning: Reallocating scene render targets to support 1432x928 (Frame:10476).
[2021.06.05-01.06.59:961][414]LogContentBrowser:Verbose: The content browser source was changed by the sources view to '/Game/Props/Materials'
[2021.06.05-01.07.10:978][ 55]Cmd: OBJ SAVEPACKAGE PACKAGE="/Game/Props/Materials/M_GearShaft" FILE="../../../../../../Users/magi1/Documents/PaperNinja_FirstTime/PaperNinja/Content/Props/Materials/M_GearShaft.uasset" SILENT=true
[2021.06.05-01.07.11:224][ 55]LogSavePackage: Save=243.923706ms
[2021.06.05-01.07.11:224][ 55]LogSavePackage: Moving '../../../../../../Users/magi1/Documents/PaperNinja_FirstTime/PaperNinja/Saved/M_GearShaft84FD75BF4B1145F32B1F298FF92CB3D4.tmp' to '../../../../../../Users/magi1/Documents/PaperNinja_FirstTime/PaperNinja/Content/Props/Materials/M_GearShaft.uasset'
[2021.06.05-01.07.23:547][771]Cmd: OBJ SAVEPACKAGE PACKAGE="/Game/Props/SM_GearShaft" FILE="../../../../../../Users/magi1/Documents/PaperNinja_FirstTime/PaperNinja/Content/Props/SM_GearShaft.uasset" SILENT=true
[2021.06.05-01.07.23:891][771]LogSavePackage: Save=249.132401ms
[2021.06.05-01.07.23:891][771]LogSavePackage: Moving '../../../../../../Users/magi1/Documents/PaperNinja_FirstTime/PaperNinja/Saved/SM_GearShaft2F2F0EF04C8DE0AB03DBCA8F48A5ADC3.tmp' to '../../../../../../Users/magi1/Documents/PaperNinja_FirstTime/PaperNinja/Content/Props/SM_GearShaft.uasset'
[2021.06.05-01.07.32:553][280]LogContentBrowser:Verbose: The content browser source was changed by the sources view to '/Game/Blueprints'
[2021.06.05-01.07.33:368][327]LogContentBrowser:Verbose: The content browser source was changed by the sources view to '/Game/Characters'
[2021.06.05-01.07.33:847][355]LogContentBrowser:Verbose: The content browser source was changed by the sources view to '/Game/Maps'
[2021.06.05-01.07.35:114][431]LogContentBrowser:Verbose: The content browser source was changed by the sources view to '/Game/Maps/Test'
[2021.06.05-01.08.10:081][456]Cmd: MAP LOAD FILE="../../../Engine/Content/Maps/Templates/Template_Default.umap" TEMPLATE=1 SHOWPROGRESS=1 FEATURELEVEL=3
[2021.06.05-01.08.10:122][456]LightingResults: New page: ライティングのビルド
[2021.06.05-01.08.10:164][456]LoadErrors: New page: マップをロード中: Template_Default.umap
[2021.06.05-01.08.10:164][456]MapCheck: New page: マップをチェック
[2021.06.05-01.08.10:164][456]LightingResults: New page: <何も選択されていません>
[2021.06.05-01.08.10:171][456]LogParticles: Destroying 0 GPU particle simulations for FXSystem 0x00000250F5CA9760
[2021.06.05-01.08.10:171][456]LogParticles: Destroying 0 GPU particle simulations for FXSystem 0x00000250F3D79300
[2021.06.05-01.08.10:171][456]LogParticles: Destroying 0 GPU particle simulations for FXSystem 0x00000250F44147C0
[2021.06.05-01.08.10:228][456]LogEditorServer: Finished looking for orphan Actors (0.000 secs)
[2021.06.05-01.08.10:232][456]LogAIModule: Creating AISystem for world Untitled_1
[2021.06.05-01.08.10:241][456]Cmd: MAP CHECKDEP
[2021.06.05-01.08.10:242][456]MapCheck: New page: Untitled_1 - 2021/06/05 19:08:10
[2021.06.05-01.08.10:342][456]MapCheck: 情報 マップチェックが完了: 0 エラー、 0 警告、完了に 101.136ミリ秒かかりました。
[2021.06.05-01.08.10:342][456]LogFileHelpers: Loading map 'Template_Default' took 0.263
[2021.06.05-01.08.35:421][585]LogSavePackage: Save=19.974400ms
[2021.06.05-01.08.35:421][585]LogSavePackage: Moving '../../../../../../Users/magi1/Documents/PaperNinja_FirstTime/PaperNinja/Saved/Test_Movement_RotatingCCE345E843500E6A9D866D8505CCA7B0.tmp' to '../../../../../../Users/magi1/Documents/PaperNinja_FirstTime/PaperNinja/Content/Maps/Test/Test_Movement_Rotating.umap'
[2021.06.05-01.08.35:466][585]LogFileHelpers: Saving map 'Test_Movement_Rotating' took 0.432
[2021.06.05-01.08.40:039][860]LogContentBrowser:Verbose: The content browser source was changed by the sources view to '/Game/Characters'
[2021.06.05-01.08.40:705][900]LogContentBrowser:Verbose: The content browser source was changed by the sources view to '/Game/Particles'
[2021.06.05-01.08.41:406][942]LogContentBrowser:Verbose: The content browser source was changed by the sources view to '/Game/Props'
[2021.06.05-01.08.42:591][ 11]LogActorFactory: Actor Factory created SM_GearShaft
[2021.06.05-01.08.43:661][ 75]LogActorFactory: Actor Factory created SM_GearShaft
[2021.06.05-01.09.28:090][134]LogContentBrowser:Verbose: The content browser source was changed by the sources view to '/Game/Blueprints'
[2021.06.05-01.09.28:105][134]LogContentBrowser:Verbose: The content browser source was changed by the sources view to 'None'
[2021.06.05-01.09.28:105][134]LogContentBrowser:Verbose: The content browser source was changed by the sources view to '/Game/Blueprints'
[2021.06.05-01.09.32:448][390]LogContentBrowser:Verbose: The content browser source was changed by the sources view to '/Game/Audio'
[2021.06.05-01.09.33:188][430]LogContentBrowser:Verbose: The content browser source was changed by the sources view to '/Game/Animations'
[2021.06.05-01.09.33:811][466]LogContentBrowser:Verbose: The content browser source was changed by the sources view to '/Game/Blueprints'
[2021.06.05-01.12.22:875][560]LogUObjectGlobals:Warning: オブジェクト 'Object なし.' が見つかりませんでした
[2021.06.05-01.12.22:875][560]LogUObjectGlobals:Warning: オブジェクト 'Object なし.' が見つかりませんでした
[2021.06.05-01.12.22:876][560]LogUObjectGlobals:Warning: オブジェクト 'Object なし.' が見つかりませんでした
[2021.06.05-01.12.25:314][704]LogUObjectGlobals:Warning: オブジェクト 'Object なし.' が見つかりませんでした
[2021.06.05-01.12.25:348][705]LogUObjectGlobals:Warning: オブジェクト 'Object なし.' が見つかりませんでした
[2021.06.05-01.12.25:362][706]LogUObjectGlobals:Warning: オブジェクト 'Object なし.' が見つかりませんでした
[2021.06.05-01.12.25:378][707]LogUObjectGlobals:Warning: オブジェクト 'Object なし.' が見つかりませんでした
[2021.06.05-01.12.25:395][708]LogUObjectGlobals:Warning: オブジェクト 'Object なし.' が見つかりませんでした
[2021.06.05-01.12.25:412][709]LogUObjectGlobals:Warning: オブジェクト 'Object なし.' が見つかりませんでした
[2021.06.05-01.12.25:429][710]LogUObjectGlobals:Warning: オブジェクト 'Object なし.' が見つかりませんでした
[2021.06.05-01.12.25:445][711]LogUObjectGlobals:Warning: オブジェクト 'Object なし.' が見つかりませんでした
[2021.06.05-01.12.25:462][712]LogUObjectGlobals:Warning: オブジェクト 'Object なし.' が見つかりませんでした
[2021.06.05-01.12.25:479][713]LogUObjectGlobals:Warning: オブジェクト 'Object なし.' が見つかりませんでした
[2021.06.05-01.12.25:496][714]LogUObjectGlobals:Warning: オブジェクト 'Object なし.' が見つかりませんでした
[2021.06.05-01.12.25:512][715]LogUObjectGlobals:Warning: オブジェクト 'Object なし.' が見つかりませんでした
[2021.06.05-01.12.25:528][716]LogUObjectGlobals:Warning: オブジェクト 'Object なし.' が見つかりませんでした
[2021.06.05-01.12.25:561][717]LogUObjectGlobals:Warning: オブジェクト 'Object なし.' が見つかりませんでした
[2021.06.05-01.12.25:595][718]LogUObjectGlobals:Warning: オブジェクト 'Object なし.' が見つかりませんでした
[2021.06.05-01.12.25:612][719]LogUObjectGlobals:Warning: オブジェクト 'Object なし.' が見つかりませんでした
[2021.06.05-01.12.25:627][720]LogUObjectGlobals:Warning: オブジェクト 'Object なし.' が見つかりませんでした
[2021.06.05-01.12.25:644][721]LogUObjectGlobals:Warning: オブジェクト 'Object なし.' が見つかりませんでした
[2021.06.05-01.12.25:663][722]LogUObjectGlobals:Warning: オブジェクト 'Object なし.' が見つかりませんでした
[2021.06.05-01.12.25:678][723]LogUObjectGlobals:Warning: オブジェクト 'Object なし.' が見つかりませんでした
[2021.06.05-01.12.25:696][724]LogUObjectGlobals:Warning: オブジェクト 'Object なし.' が見つかりませんでした
[2021.06.05-01.12.25:712][725]LogUObjectGlobals:Warning: オブジェクト 'Object なし.' が見つかりませんでした
[2021.06.05-01.12.25:728][726]LogUObjectGlobals:Warning: オブジェクト 'Object なし.' が見つかりませんでした
[2021.06.05-01.12.25:740][727]LogUObjectGlobals:Warning: オブジェクト 'Object なし.' が見つかりませんでした
[2021.06.05-01.12.25:743][727]LogUObjectGlobals:Warning: オブジェクト 'Object なし.' が見つかりませんでした
[2021.06.05-01.12.25:743][727]LogUObjectGlobals:Warning: オブジェクト 'Object なし.' が見つかりませんでした
[2021.06.05-01.12.25:744][727]LogUObjectGlobals:Warning: オブジェクト 'Object なし.' が見つかりませんでした
[2021.06.05-01.12.25:745][727]LogUObjectGlobals:Warning: オブジェクト 'Object なし.' が見つかりませんでした
[2021.06.05-01.12.25:745][727]LogUObjectGlobals:Warning: オブジェクト 'Object なし.' が見つかりませんでした
[2021.06.05-01.12.25:746][727]LogUObjectGlobals:Warning: オブジェクト 'Object なし.' が見つかりませんでした
[2021.06.05-01.12.25:750][727]LogUObjectGlobals:Warning: オブジェクト 'Object なし.' が見つかりませんでした
[2021.06.05-01.12.25:757][728]LogUObjectGlobals:Warning: オブジェクト 'Object なし.' が見つかりませんでした
[2021.06.05-01.12.25:757][728]LogUObjectGlobals:Warning: オブジェクト 'Object なし.' が見つかりませんでした
[2021.06.05-01.12.25:758][728]LogUObjectGlobals:Warning: オブジェクト 'Object なし.' が見つかりませんでした
[2021.06.05-01.12.25:763][728]LogUObjectGlobals:Warning: オブジェクト 'Object なし.' が見つかりませんでした
[2021.06.05-01.12.25:773][729]LogUObjectGlobals:Warning: オブジェクト 'Object なし.' が見つかりませんでした
[2021.06.05-01.12.25:774][729]LogUObjectGlobals:Warning: オブジェクト 'Object なし.' が見つかりませんでした
[2021.06.05-01.12.25:775][729]LogUObjectGlobals:Warning: オブジェクト 'Object なし.' が見つかりませんでした
[2021.06.05-01.12.25:779][729]LogUObjectGlobals:Warning: オブジェクト 'Object なし.' が見つかりませんでした
[2021.06.05-01.12.25:790][730]LogUObjectGlobals:Warning: オブジェクト 'Object なし.' が見つかりませんでした
[2021.06.05-01.12.25:791][730]LogUObjectGlobals:Warning: オブジェクト 'Object なし.' が見つかりませんでした
[2021.06.05-01.12.25:792][730]LogUObjectGlobals:Warning: オブジェクト 'Object なし.' が見つかりませんでした
[2021.06.05-01.12.25:796][730]LogUObjectGlobals:Warning: オブジェクト 'Object なし.' が見つかりませんでした
[2021.06.05-01.12.25:807][731]LogUObjectGlobals:Warning: オブジェクト 'Object なし.' が見つかりませんでした
[2021.06.05-01.12.25:807][731]LogUObjectGlobals:Warning: オブジェクト 'Object なし.' が見つかりませんでした
[2021.06.05-01.12.25:808][731]LogUObjectGlobals:Warning: オブジェクト 'Object なし.' が見つかりませんでした
[2021.06.05-01.12.25:813][731]LogUObjectGlobals:Warning: オブジェクト 'Object なし.' が見つかりませんでした
[2021.06.05-01.12.25:830][732]LogUObjectGlobals:Warning: オブジェクト 'Object なし.' が見つかりませんでした
[2021.06.05-01.12.25:845][733]LogUObjectGlobals:Warning: オブジェクト 'Object なし.' が見つかりませんでした
[2021.06.05-01.12.25:861][734]LogUObjectGlobals:Warning: オブジェクト 'Object なし.' が見つかりませんでした
[2021.06.05-01.12.25:878][735]LogUObjectGlobals:Warning: オブジェクト 'Object なし.' が見つかりませんでした
[2021.06.05-01.12.25:895][736]LogUObjectGlobals:Warning: オブジェクト 'Object なし.' が見つかりませんでした
[2021.06.05-01.12.25:910][737]LogUObjectGlobals:Warning: オブジェクト 'Object なし.' が見つかりませんでした
[2021.06.05-01.12.25:928][738]LogUObjectGlobals:Warning: オブジェクト 'Object なし.' が見つかりませんでした
[2021.06.05-01.12.25:944][739]LogUObjectGlobals:Warning: オブジェクト 'Object なし.' が見つかりませんでした
[2021.06.05-01.12.25:963][740]LogUObjectGlobals:Warning: オブジェクト 'Object なし.' が見つかりませんでした
[2021.06.05-01.12.25:978][741]LogUObjectGlobals:Warning: オブジェクト 'Object なし.' が見つかりませんでした
[2021.06.05-01.12.25:994][742]LogUObjectGlobals:Warning: オブジェクト 'Object なし.' が見つかりませんでした
[2021.06.05-01.12.26:011][743]LogUObjectGlobals:Warning: オブジェクト 'Object なし.' が見つかりませんでした
[2021.06.05-01.12.26:027][744]LogUObjectGlobals:Warning: オブジェクト 'Object なし.' が見つかりませんでした
[2021.06.05-01.12.26:044][745]LogUObjectGlobals:Warning: オブジェクト 'Object なし.' が見つかりませんでした
[2021.06.05-01.12.26:060][746]LogUObjectGlobals:Warning: オブジェクト 'Object なし.' が見つかりませんでした
[2021.06.05-01.12.26:077][747]LogUObjectGlobals:Warning: オブジェクト 'Object なし.' が見つかりませんでした
[2021.06.05-01.12.26:094][748]LogUObjectGlobals:Warning: オブジェクト 'Object なし.' が見つかりませんでした
[2021.06.05-01.12.26:112][749]LogUObjectGlobals:Warning: オブジェクト 'Object なし.' が見つかりませんでした
[2021.06.05-01.12.26:128][750]LogUObjectGlobals:Warning: オブジェクト 'Object なし.' が見つかりませんでした
[2021.06.05-01.12.26:145][751]LogUObjectGlobals:Warning: オブジェクト 'Object なし.' が見つかりませんでした
[2021.06.05-01.12.26:161][752]LogUObjectGlobals:Warning: オブジェクト 'Object なし.' が見つかりませんでした
[2021.06.05-01.12.26:177][753]LogUObjectGlobals:Warning: オブジェクト 'Object なし.' が見つかりませんでした
[2021.06.05-01.12.26:194][754]LogUObjectGlobals:Warning: オブジェクト 'Object なし.' が見つかりませんでした
[2021.06.05-01.12.26:211][755]LogUObjectGlobals:Warning: オブジェクト 'Object なし.' が見つかりませんでした
[2021.06.05-01.12.26:227][756]LogUObjectGlobals:Warning: オブジェクト 'Object なし.' が見つかりませんでした
[2021.06.05-01.12.26:244][757]LogUObjectGlobals:Warning: オブジェクト 'Object なし.' が見つかりませんでした
[2021.06.05-01.12.26:261][758]LogUObjectGlobals:Warning: オブジェクト 'Object なし.' が見つかりませんでした
[2021.06.05-01.12.26:282][759]LogUObjectGlobals:Warning: オブジェクト 'Object なし.' が見つかりませんでした
[2021.06.05-01.12.26:296][760]LogUObjectGlobals:Warning: オブジェクト 'Object なし.' が見つかりませんでした
[2021.06.05-01.12.26:312][761]LogUObjectGlobals:Warning: オブジェクト 'Object なし.' が見つかりませんでした
[2021.06.05-01.12.26:329][762]LogUObjectGlobals:Warning: オブジェクト 'Object なし.' が見つかりませんでした
[2021.06.05-01.12.26:346][763]LogUObjectGlobals:Warning: オブジェクト 'Object なし.' が見つかりませんでした
[2021.06.05-01.12.26:363][764]LogUObjectGlobals:Warning: オブジェクト 'Object なし.' が見つかりませんでした
[2021.06.05-01.12.26:380][765]LogUObjectGlobals:Warning: オブジェクト 'Object なし.' が見つかりませんでした
[2021.06.05-01.12.26:397][766]LogUObjectGlobals:Warning: オブジェクト 'Object なし.' が見つかりませんでした
[2021.06.05-01.12.26:413][767]LogUObjectGlobals:Warning: オブジェクト 'Object なし.' が見つかりませんでした
[2021.06.05-01.12.26:430][768]LogUObjectGlobals:Warning: オブジェクト 'Object なし.' が見つかりませんでした
[2021.06.05-01.12.26:446][769]LogUObjectGlobals:Warning: オブジェクト 'Object なし.' が見つかりませんでした
[2021.06.05-01.12.26:463][770]LogUObjectGlobals:Warning: オブジェクト 'Object なし.' が見つかりませんでした
[2021.06.05-01.12.26:480][771]LogUObjectGlobals:Warning: オブジェクト 'Object なし.' が見つかりませんでした
[2021.06.05-01.12.26:497][772]LogUObjectGlobals:Warning: オブジェクト 'Object なし.' が見つかりませんでした
[2021.06.05-01.12.26:513][773]LogUObjectGlobals:Warning: オブジェクト 'Object なし.' が見つかりませんでした
[2021.06.05-01.12.26:530][774]LogUObjectGlobals:Warning: オブジェクト 'Object なし.' が見つかりませんでした
[2021.06.05-01.12.26:546][775]LogUObjectGlobals:Warning: オブジェクト 'Object なし.' が見つかりませんでした
[2021.06.05-01.12.26:563][776]LogUObjectGlobals:Warning: オブジェクト 'Object なし.' が見つかりませんでした
[2021.06.05-01.12.26:583][777]LogUObjectGlobals:Warning: オブジェクト 'Object なし.' が見つかりませんでした
[2021.06.05-01.12.26:597][778]LogUObjectGlobals:Warning: オブジェクト 'Object なし.' が見つかりませんでした
[2021.06.05-01.12.26:613][779]LogUObjectGlobals:Warning: オブジェクト 'Object なし.' が見つかりませんでした
[2021.06.05-01.12.26:629][780]LogUObjectGlobals:Warning: オブジェクト 'Object なし.' が見つかりませんでした
[2021.06.05-01.12.26:646][781]LogUObjectGlobals:Warning: オブジェクト 'Object なし.' が見つかりませんでした
[2021.06.05-01.12.26:662][782]LogUObjectGlobals:Warning: オブジェクト 'Object なし.' が見つかりませんでした
[2021.06.05-01.12.26:679][783]LogUObjectGlobals:Warning: オブジェクト 'Object なし.' が見つかりませんでした
[2021.06.05-01.12.49:975][177]LogUObjectGlobals:Warning: オブジェクト 'Object なし.' が見つかりませんでした
[2021.06.05-01.12.50:005][178]LogUObjectGlobals:Warning: オブジェクト 'Object なし.' が見つかりませんでした
[2021.06.05-01.12.50:020][179]LogUObjectGlobals:Warning: オブジェクト 'Object なし.' が見つかりませんでした
[2021.06.05-01.12.50:036][180]LogUObjectGlobals:Warning: オブジェクト 'Object なし.' が見つかりませんでした
[2021.06.05-01.12.50:053][181]LogUObjectGlobals:Warning: オブジェクト 'Object なし.' が見つかりませんでした
[2021.06.05-01.12.50:070][182]LogUObjectGlobals:Warning: オブジェクト 'Object なし.' が見つかりませんでした
[2021.06.05-01.12.50:087][183]LogUObjectGlobals:Warning: オブジェクト 'Object なし.' が見つかりませんでした
[2021.06.05-01.12.50:103][184]LogUObjectGlobals:Warning: オブジェクト 'Object なし.' が見つかりませんでした
[2021.06.05-01.12.50:120][185]LogUObjectGlobals:Warning: オブジェクト 'Object なし.' が見つかりませんでした
[2021.06.05-01.12.50:137][186]LogUObjectGlobals:Warning: オブジェクト 'Object なし.' が見つかりませんでした
[2021.06.05-01.12.50:153][187]LogUObjectGlobals:Warning: オブジェクト 'Object なし.' が見つかりませんでした
[2021.06.05-01.12.50:169][188]LogUObjectGlobals:Warning: オブジェクト 'Object なし.' が見つかりませんでした
[2021.06.05-01.12.50:187][189]LogUObjectGlobals:Warning: オブジェクト 'Object なし.' が見つかりませんでした
[2021.06.05-01.12.50:203][190]LogUObjectGlobals:Warning: オブジェクト 'Object なし.' が見つかりませんでした
[2021.06.05-01.12.50:220][191]LogUObjectGlobals:Warning: オブジェクト 'Object なし.' が見つかりませんでした
[2021.06.05-01.12.50:236][192]LogUObjectGlobals:Warning: オブジェクト 'Object なし.' が見つかりませんでした
[2021.06.05-01.12.50:253][193]LogUObjectGlobals:Warning: オブジェクト 'Object なし.' が見つかりませんでした
[2021.06.05-01.12.50:270][194]LogUObjectGlobals:Warning: オブジェクト 'Object なし.' が見つかりませんでした
[2021.06.05-01.12.50:287][195]LogUObjectGlobals:Warning: オブジェクト 'Object なし.' が見つかりませんでした
[2021.06.05-01.12.50:303][196]LogUObjectGlobals:Warning: オブジェクト 'Object なし.' が見つかりませんでした
[2021.06.05-01.12.50:320][197]LogUObjectGlobals:Warning: オブジェクト 'Object なし.' が見つかりませんでした
[2021.06.05-01.12.50:336][198]LogUObjectGlobals:Warning: オブジェクト 'Object なし.' が見つかりませんでした
[2021.06.05-01.12.50:353][199]LogUObjectGlobals:Warning: オブジェクト 'Object なし.' が見つかりませんでした
[2021.06.05-01.12.50:370][200]LogUObjectGlobals:Warning: オブジェクト 'Object なし.' が見つかりませんでした
[2021.06.05-01.12.50:389][201]LogUObjectGlobals:Warning: オブジェクト 'Object なし.' が見つかりませんでした
[2021.06.05-01.12.50:404][202]LogUObjectGlobals:Warning: オブジェクト 'Object なし.' が見つかりませんでした
[2021.06.05-01.12.50:420][203]LogUObjectGlobals:Warning: オブジェクト 'Object なし.' が見つかりませんでした
[2021.06.05-01.12.50:438][204]LogUObjectGlobals:Warning: オブジェクト 'Object なし.' が見つかりませんでした
[2021.06.05-01.12.50:453][205]LogUObjectGlobals:Warning: オブジェクト 'Object なし.' が見つかりませんでした
[2021.06.05-01.12.50:470][206]LogUObjectGlobals:Warning: オブジェクト 'Object なし.' が見つかりませんでした
[2021.06.05-01.12.50:487][207]LogUObjectGlobals:Warning: オブジェクト 'Object なし.' が見つかりませんでした
[2021.06.05-01.12.50:500][208]LogUObjectGlobals:Warning: オブジェクト 'Object なし.' が見つかりませんでした
[2021.06.05-01.12.50:503][208]LogUObjectGlobals:Warning: オブジェクト 'Object なし.' が見つかりませんでした
[2021.06.05-01.12.50:503][208]LogUObjectGlobals:Warning: オブジェクト 'Object なし.' が見つかりませんでした
[2021.06.05-01.12.50:504][208]LogUObjectGlobals:Warning: オブジェクト 'Object なし.' が見つかりませんでした
[2021.06.05-01.12.50:505][208]LogUObjectGlobals:Warning: オブジェクト 'Object なし.' が見つかりませんでした
[2021.06.05-01.12.50:505][208]LogUObjectGlobals:Warning: オブジェクト 'Object なし.' が見つかりませんでした
[2021.06.05-01.12.50:507][208]LogUObjectGlobals:Warning: オブジェクト 'Object なし.' が見つかりませんでした
[2021.06.05-01.12.50:513][208]LogUObjectGlobals:Warning: オブジェクト 'Object なし.' が見つかりませんでした
[2021.06.05-01.12.50:516][209]LogUObjectGlobals:Warning: オブジェクト 'Object なし.' が見つかりませんでした
[2021.06.05-01.12.50:517][209]LogUObjectGlobals:Warning: オブジェクト 'Object なし.' が見つかりませんでした
[2021.06.05-01.12.50:518][209]LogUObjectGlobals:Warning: オブジェクト 'Object なし.' が見つかりませんでした
[2021.06.05-01.12.50:519][209]LogUObjectGlobals:Warning: オブジェクト 'Object なし.' が見つかりませんでした
[2021.06.05-01.12.50:520][209]LogUObjectGlobals:Warning: オブジェクト 'Object なし.' が見つかりませんでした
[2021.06.05-01.12.50:521][209]LogUObjectGlobals:Warning: オブジェクト 'Object なし.' が見つかりませんでした
[2021.06.05-01.12.50:526][209]LogUObjectGlobals:Warning: オブジェクト 'Object なし.' が見つかりませんでした
[2021.06.05-01.12.50:533][210]LogUObjectGlobals:Warning: オブジェクト 'Object なし.' が見つかりませんでした
[2021.06.05-01.12.50:534][210]LogUObjectGlobals:Warning: オブジェクト 'Object なし.' が見つかりませんでした
[2021.06.05-01.12.50:535][210]LogUObjectGlobals:Warning: オブジェクト 'Object なし.' が見つかりませんでした
[2021.06.05-01.12.50:540][210]LogUObjectGlobals:Warning: オブジェクト 'Object なし.' が見つかりませんでした
[2021.06.05-01.12.50:557][211]LogUObjectGlobals:Warning: オブジェクト 'Object なし.' が見つかりませんでした
[2021.06.05-01.12.50:571][212]LogUObjectGlobals:Warning: オブジェクト 'Object なし.' が見つかりませんでした
[2021.06.05-01.12.50:587][213]LogUObjectGlobals:Warning: オブジェクト 'Object なし.' が見つかりませんでした
[2021.06.05-01.12.50:603][214]LogUObjectGlobals:Warning: オブジェクト 'Object なし.' が見つかりませんでした
[2021.06.05-01.12.50:620][215]LogUObjectGlobals:Warning: オブジェクト 'Object なし.' が見つかりませんでした
[2021.06.05-01.12.50:636][216]LogUObjectGlobals:Warning: オブジェクト 'Object なし.' が見つかりませんでした
[2021.06.05-01.12.50:653][217]LogUObjectGlobals:Warning: オブジェクト 'Object なし.' が見つかりませんでした
[2021.06.05-01.12.50:669][218]LogUObjectGlobals:Warning: オブジェクト 'Object なし.' が見つかりませんでした
[2021.06.05-01.12.50:686][219]LogUObjectGlobals:Warning: オブジェクト 'Object なし.' が見つかりませんでした
[2021.06.05-01.12.50:703][220]LogUObjectGlobals:Warning: オブジェクト 'Object なし.' が見つかりませんでした
[2021.06.05-01.12.50:720][221]LogUObjectGlobals:Warning: オブジェクト 'Object なし.' が見つかりませんでした
[2021.06.05-01.12.50:737][222]LogUObjectGlobals:Warning: オブジェクト 'Object なし.' が見つかりませんでした
[2021.06.05-01.12.50:754][223]LogUObjectGlobals:Warning: オブジェクト 'Object なし.' が見つかりませんでした
[2021.06.05-01.12.50:770][224]LogUObjectGlobals:Warning: オブジェクト 'Object なし.' が見つかりませんでした
[2021.06.05-01.12.50:787][225]LogUObjectGlobals:Warning: オブジェクト 'Object なし.' が見つかりませんでした
[2021.06.05-01.12.50:803][226]LogUObjectGlobals:Warning: オブジェクト 'Object なし.' が見つかりませんでした
[2021.06.05-01.12.50:820][227]LogUObjectGlobals:Warning: オブジェクト 'Object なし.' が見つかりませんでした
[2021.06.05-01.12.50:836][228]LogUObjectGlobals:Warning: オブジェクト 'Object なし.' が見つかりませんでした
[2021.06.05-01.12.50:853][229]LogUObjectGlobals:Warning: オブジェクト 'Object なし.' が見つかりませんでした
[2021.06.05-01.12.50:870][230]LogUObjectGlobals:Warning: オブジェクト 'Object なし.' が見つかりませんでした
[2021.06.05-01.12.50:886][231]LogUObjectGlobals:Warning: オブジェクト 'Object なし.' が見つかりませんでした
[2021.06.05-01.12.50:903][232]LogUObjectGlobals:Warning: オブジェクト 'Object なし.' が見つかりませんでした
[2021.06.05-01.12.50:920][233]LogUObjectGlobals:Warning: オブジェクト 'Object なし.' が見つかりませんでした
[2021.06.05-01.12.50:936][234]LogUObjectGlobals:Warning: オブジェクト 'Object なし.' が見つかりませんでした
[2021.06.05-01.12.50:953][235]LogUObjectGlobals:Warning: オブジェクト 'Object なし.' が見つかりませんでした
[2021.06.05-01.12.50:970][236]LogUObjectGlobals:Warning: オブジェクト 'Object なし.' が見つかりませんでした
[2021.06.05-01.12.50:987][237]LogUObjectGlobals:Warning: オブジェクト 'Object なし.' が見つかりませんでした
[2021.06.05-01.13.03:941][ 10]BlueprintLog: New page: PNGearActor をコンパイル
[2021.06.05-01.13.04:023][ 10]BlueprintEditorCompileResults: 情報 [0918.83] PNGearActor のコンパイルに成功しました！  [ 80 ミリ秒]
[2021.06.05-01.13.12:317][502]LogPlayLevel: PIE:  No blueprints needed recompiling
[2021.06.05-01.13.12:317][502]PIE: New page: PIEセッション: Test_Movement_Rotating (2021/06/05 19:13:12)
[2021.06.05-01.13.12:318][502]LogPlayLevel: PIE: StaticDuplicateObject took: (0.001088s)
[2021.06.05-01.13.12:319][502]LogPlayLevel: PIE: World Init took: (0.000699s)
[2021.06.05-01.13.12:319][502]LogPlayLevel: PIE: Created PIE world by copying editor world from /Game/Maps/Test/Test_Movement_Rotating.Test_Movement_Rotating to /Game/Maps/Test/UEDPIE_0_Test_Movement_Rotating.Test_Movement_Rotating (0.001998s)
[2021.06.05-01.13.13:710][502]LogWorld: Game class is 'PNGameMode_C'
[2021.06.05-01.13.13:719][502]LogAIModule: Creating AISystem for world Test_Movement_Rotating
[2021.06.05-01.13.13:722][502]LogWorld: Bringing World /Game/Maps/Test/UEDPIE_0_Test_Movement_Rotating.Test_Movement_Rotating up for play (max tick rate 60) at 2021.06.05-10.13.13
[2021.06.05-01.13.13:722][502]LogWorld: Bringing up level for play took: 0.002792
[2021.06.05-01.13.13:740][502]PIE: 情報 /Game/Maps/Test/UEDPIE_0_Test_Movement_Rotating 1.229のPIE開始時間
[2021.06.05-01.13.13:759][502]LogScript:Warning: Accessed None 'CallFunc_TryGetPawnOwner_ReturnValue'
	PNAnimBP_Ninja_C /Engine/Transient.CharacterMesh0:PNAnimBP_Ninja_C_1
	Function /Game/Animations/PNAnimBP_Ninja.PNAnimBP_Ninja_C:ExecuteUbergraph_PNAnimBP_Ninja:02BB
[2021.06.05-01.13.13:759][502]LogScript:Warning: Accessed None 'K2Node_DynamicCast_AsPNPlayer_Pawn'
	PNAnimBP_Ninja_C /Engine/Transient.CharacterMesh0:PNAnimBP_Ninja_C_1
	Function /Game/Animations/PNAnimBP_Ninja.PNAnimBP_Ninja_C:ExecuteUbergraph_PNAnimBP_Ninja:03B5
[2021.06.05-01.13.13:759][502]LogScript:Warning: Accessed None 'CallFunc_TryGetPawnOwner_ReturnValue'
	PNAnimBP_Ninja_C /Engine/Transient.CharacterMesh0:PNAnimBP_Ninja_C_1
	Function /Game/Animations/PNAnimBP_Ninja.PNAnimBP_Ninja_C:ExecuteUbergraph_PNAnimBP_Ninja:02BB
[2021.06.05-01.13.13:759][502]LogScript:Warning: Accessed None 'K2Node_DynamicCast_AsPNPlayer_Pawn'
	PNAnimBP_Ninja_C /Engine/Transient.CharacterMesh0:PNAnimBP_Ninja_C_1
	Function /Game/Animations/PNAnimBP_Ninja.PNAnimBP_Ninja_C:ExecuteUbergraph_PNAnimBP_Ninja:03B5
[2021.06.05-01.13.18:154][760]LogActorComponent: UnregisterComponent: (/Engine/Transient.CharMoveComp) Not registered. Aborting.
[2021.06.05-01.13.18:171][760]LogParticles: Destroying 0 GPU particle simulations for FXSystem 0x00000250F4479F80
[2021.06.05-01.13.34:388][536]LogSavePackage:Warning: 
Referencers of StaticMeshComponent /Game/Blueprints/PNGearActor.PNGearActor_C:StaticMeshComponent_36:
[2021.06.05-01.13.34:464][536]EditorErrors: New page: 出力値を保存
[2021.06.05-01.13.34:464][536]EditorErrors:Warning: 警告 Can't save ../../../../../../Users/magi1/Documents/PaperNinja_FirstTime/PaperNinja/Content/Maps/Test/Test_Movement_Rotating.umap: Graph is linked to external private object (unknown culprit) (unknown property ref)
[2021.06.05-01.13.38:427][768]LogScript:Warning: Accessed None 'CallFunc_TryGetPawnOwner_ReturnValue'
	PNAnimBP_Ninja_C /Engine/Transient.CharacterMesh0:PNAnimBP_Ninja_C_2
	Function /Game/Animations/PNAnimBP_Ninja.PNAnimBP_Ninja_C:ExecuteUbergraph_PNAnimBP_Ninja:02BB
[2021.06.05-01.13.38:427][768]LogScript:Warning: Accessed None 'K2Node_DynamicCast_AsPNPlayer_Pawn'
	PNAnimBP_Ninja_C /Engine/Transient.CharacterMesh0:PNAnimBP_Ninja_C_2
	Function /Game/Animations/PNAnimBP_Ninja.PNAnimBP_Ninja_C:ExecuteUbergraph_PNAnimBP_Ninja:03B5
[2021.06.05-01.13.38:427][768]LogScript:Warning: Accessed None 'CallFunc_TryGetPawnOwner_ReturnValue'
	PNAnimBP_Ninja_C /Engine/Transient.CharacterMesh0:PNAnimBP_Ninja_C_2
	Function /Game/Animations/PNAnimBP_Ninja.PNAnimBP_Ninja_C:ExecuteUbergraph_PNAnimBP_Ninja:02BB
[2021.06.05-01.13.38:427][768]LogScript:Warning: Accessed None 'K2Node_DynamicCast_AsPNPlayer_Pawn'
	PNAnimBP_Ninja_C /Engine/Transient.CharacterMesh0:PNAnimBP_Ninja_C_2
	Function /Game/Animations/PNAnimBP_Ninja.PNAnimBP_Ninja_C:ExecuteUbergraph_PNAnimBP_Ninja:03B5
[2021.06.05-01.13.39:621][836]Cmd: OBJ SAVEPACKAGE PACKAGE="/Game/Blueprints/PNGearActor" FILE="../../../../../../Users/magi1/Documents/PaperNinja_FirstTime/PaperNinja/Content/Blueprints/PNGearActor.uasset" SILENT=true
[2021.06.05-01.13.39:862][836]LogSavePackage: Save=239.602905ms
[2021.06.05-01.13.39:862][836]LogSavePackage: Moving '../../../../../../Users/magi1/Documents/PaperNinja_FirstTime/PaperNinja/Saved/PNGearActor1EB272AC4D5B6C5A3F1598AF4D8FAB7F.tmp' to '../../../../../../Users/magi1/Documents/PaperNinja_FirstTime/PaperNinja/Content/Blueprints/PNGearActor.uasset'
[2021.06.05-01.13.42:274][978]LogActorComponent: UnregisterComponent: (/Engine/Transient.CharMoveComp) Not registered. Aborting.
[2021.06.05-01.14.01:152][978]LogSavePackage:Warning: 
Referencers of StaticMeshComponent /Game/Blueprints/PNGearActor.PNGearActor_C:StaticMeshComponent_36:
[2021.06.05-01.14.01:222][978]EditorErrors: New page: 出力値を保存
[2021.06.05-01.14.01:222][978]EditorErrors:Warning: 警告 Can't save ../../../../../../Users/magi1/Documents/PaperNinja_FirstTime/PaperNinja/Content/Maps/Test/Test_Movement_Rotating.umap: Graph is linked to external private object (unknown culprit) (unknown property ref)
[2021.06.05-01.14.08:918][397]Cmd: DELETE
[2021.06.05-01.14.08:918][397]Cmd: ACTOR DELETE
[2021.06.05-01.14.08:919][397]LogEditorActor: Deleted Actor: PNGearActor_C
[2021.06.05-01.14.08:932][397]LogEditorActor: Deleted 1 Actors (0.014 secs)
[2021.06.05-01.14.10:898][505]LogSavePackage: Save=27.840599ms
[2021.06.05-01.14.10:898][505]LogSavePackage: Moving '../../../../../../Users/magi1/Documents/PaperNinja_FirstTime/PaperNinja/Saved/Test_Movement_RotatingBF6A7A2F487B20370F7F60B76B07B902.tmp' to '../../../../../../Users/magi1/Documents/PaperNinja_FirstTime/PaperNinja/Content/Maps/Test/Test_Movement_Rotating.umap'
[2021.06.05-01.14.11:975][567]LogScript:Warning: Accessed None 'CallFunc_TryGetPawnOwner_ReturnValue'
	PNAnimBP_Ninja_C /Engine/Transient.CharacterMesh0:PNAnimBP_Ninja_C_3
	Function /Game/Animations/PNAnimBP_Ninja.PNAnimBP_Ninja_C:ExecuteUbergraph_PNAnimBP_Ninja:02BB
[2021.06.05-01.14.11:975][567]LogScript:Warning: Accessed None 'K2Node_DynamicCast_AsPNPlayer_Pawn'
	PNAnimBP_Ninja_C /Engine/Transient.CharacterMesh0:PNAnimBP_Ninja_C_3
	Function /Game/Animations/PNAnimBP_Ninja.PNAnimBP_Ninja_C:ExecuteUbergraph_PNAnimBP_Ninja:03B5
[2021.06.05-01.14.11:975][567]LogScript:Warning: Accessed None 'CallFunc_TryGetPawnOwner_ReturnValue'
	PNAnimBP_Ninja_C /Engine/Transient.CharacterMesh0:PNAnimBP_Ninja_C_3
	Function /Game/Animations/PNAnimBP_Ninja.PNAnimBP_Ninja_C:ExecuteUbergraph_PNAnimBP_Ninja:02BB
[2021.06.05-01.14.11:975][567]LogScript:Warning: Accessed None 'K2Node_DynamicCast_AsPNPlayer_Pawn'
	PNAnimBP_Ninja_C /Engine/Transient.CharacterMesh0:PNAnimBP_Ninja_C_3
	Function /Game/Animations/PNAnimBP_Ninja.PNAnimBP_Ninja_C:ExecuteUbergraph_PNAnimBP_Ninja:03B5
[2021.06.05-01.14.19:097][985]LogActorComponent: UnregisterComponent: (/Engine/Transient.CharMoveComp) Not registered. Aborting.
[2021.06.05-01.14.21:240][985]LogSavePackage:Warning: 
Referencers of StaticMeshComponent /Game/Blueprints/PNGearActor.PNGearActor_C:StaticMeshComponent_36:
[2021.06.05-01.14.21:279][985]EditorErrors: New page: 出力値を保存
[2021.06.05-01.14.21:279][985]EditorErrors:Warning: 警告 Can't save ../../../../../../Users/magi1/Documents/PaperNinja_FirstTime/PaperNinja/Content/Maps/Test/Test_Movement_Rotating.umap: Graph is linked to external private object (unknown culprit) (unknown property ref)
[2021.06.05-01.14.34:026][744]Cmd: OBJ SAVEPACKAGE PACKAGE="/Game/Blueprints/PNGearActor" FILE="../../../../../../Users/magi1/Documents/PaperNinja_FirstTime/PaperNinja/Content/Blueprints/PNGearActor.uasset" SILENT=true
[2021.06.05-01.14.34:135][744]LogSavePackage: Save=15.911600ms
[2021.06.05-01.14.34:135][744]LogSavePackage: Moving '../../../../../../Users/magi1/Documents/PaperNinja_FirstTime/PaperNinja/Saved/PNGearActor2CEF896642D3E086CEB5FAA28BF45310.tmp' to '../../../../../../Users/magi1/Documents/PaperNinja_FirstTime/PaperNinja/Content/Blueprints/PNGearActor.uasset'
[2021.06.05-01.14.42:713][119]LogSavePackage:Warning: 
Referencers of StaticMeshComponent /Game/Blueprints/PNGearActor.PNGearActor_C:StaticMeshComponent_36:
[2021.06.05-01.14.42:750][119]EditorErrors: New page: 出力値を保存
[2021.06.05-01.14.42:750][119]EditorErrors:Warning: 警告 Can't save ../../../../../../Users/magi1/Documents/PaperNinja_FirstTime/PaperNinja/Content/Maps/Test/Test_Movement_Rotating.umap: Graph is linked to external private object (unknown culprit) (unknown property ref)
[2021.06.05-01.14.42:789][119]LogFileHelpers: Saving map 'Test_Movement_Rotating' took 1.175
[2021.06.05-01.14.47:568][119]LogSavePackage:Warning: 
Referencers of StaticMeshComponent /Game/Blueprints/PNGearActor.PNGearActor_C:StaticMeshComponent_36:
[2021.06.05-01.14.47:633][119]EditorErrors: New page: 出力値を保存
[2021.06.05-01.14.47:634][119]EditorErrors:Warning: 警告 Can't save ../../../../../../Users/magi1/Documents/PaperNinja_FirstTime/PaperNinja/Content/Maps/Test/Test_Movement_Rotating.umap: Graph is linked to external private object (unknown culprit) (unknown property ref)
[2021.06.05-01.14.47:639][119]LogFileHelpers: Saving map 'Test_Movement_Rotating' took 3.741
[2021.06.05-01.14.50:116][120]Cmd: QUIT_EDITOR
[2021.06.05-01.14.50:312][120]LogExit: Preparing to exit.
[2021.06.05-01.14.51:028][120]LogExit: Editor shut down
[2021.06.05-01.14.51:028][120]LogExit: Transaction tracking system shut down
[2021.06.05-01.14.51:029][120]LogParticles: Destroying 0 GPU particle simulations for FXSystem 0x00000250A06D9D00
[2021.06.05-01.14.51:029][120]LogParticles: Destroying 0 GPU particle simulations for FXSystem 0x000002508428E5C0
[2021.06.05-01.14.51:029][120]LogParticles: Destroying 0 GPU particle simulations for FXSystem 0x000002508520E0C0
[2021.06.05-01.14.51:029][120]LogParticles: Destroying 0 GPU particle simulations for FXSystem 0x000002508520CFE0
[2021.06.05-01.14.51:029][120]LogParticles: Destroying 0 GPU particle simulations for FXSystem 0x00000250F447B740
[2021.06.05-01.14.51:029][120]LogParticles: Destroying 0 GPU particle simulations for FXSystem 0x000002508ACFAA20
[2021.06.05-01.14.51:081][120]LogExit: Object subsystem successfully closed.
[2021.06.05-01.14.51:137][120]LogModuleManager: Shutting down and abandoning module NewLevelDialog (180)
[2021.06.05-01.14.51:137][120]LogModuleManager: Shutting down and abandoning module StaticMeshEditor (179)
[2021.06.05-01.14.51:137][120]LogModuleManager: Shutting down and abandoning module CrashTracker (178)
[2021.06.05-01.14.51:137][120]LogModuleManager: Shutting down and abandoning module SuperSearch (177)
[2021.06.05-01.14.51:137][120]LogModuleManager: Shutting down and abandoning module WorldBrowser (176)
[2021.06.05-01.14.51:137][120]LogModuleManager: Shutting down and abandoning module SceneOutliner (175)
[2021.06.05-01.14.51:137][120]LogModuleManager: Shutting down and abandoning module EditorWidgets (174)
[2021.06.05-01.14.51:137][120]LogModuleManager: Shutting down and abandoning module CollectionManager (173)
[2021.06.05-01.14.51:137][120]LogModuleManager: Shutting down and abandoning module StatsViewer (172)
[2021.06.05-01.14.51:137][120]LogModuleManager: Shutting down and abandoning module FoliageEdit (171)
[2021.06.05-01.14.51:137][120]LogModuleManager: Shutting down and abandoning module LandscapeEditor (170)
[2021.06.05-01.14.51:137][120]LogModuleManager: Shutting down and abandoning module MeshPaint (169)
[2021.06.05-01.14.51:137][120]LogModuleManager: Shutting down and abandoning module ActorPickerMode (168)
[2021.06.05-01.14.51:137][120]LogModuleManager: Shutting down and abandoning module GeometryMode (167)
[2021.06.05-01.14.51:137][120]LogModuleManager: Shutting down and abandoning module TextureAlignMode (166)
[2021.06.05-01.14.51:137][120]LogModuleManager: Shutting down and abandoning module BspMode (165)
[2021.06.05-01.14.51:137][120]LogModuleManager: Shutting down and abandoning module PlacementMode (164)
[2021.06.05-01.14.51:137][120]LogModuleManager: Shutting down and abandoning module AutomationWorker (163)
[2021.06.05-01.14.51:137][120]LogModuleManager: Shutting down and abandoning module CharacterAI (162)
[2021.06.05-01.14.51:137][120]LogModuleManager: Shutting down and abandoning module SmartSnapping (161)
[2021.06.05-01.14.51:137][120]LogModuleManager: Shutting down and abandoning module ViewportSnapping (160)
[2021.06.05-01.14.51:137][120]LogModuleManager: Shutting down and abandoning module LogVisualizer (159)
[2021.06.05-01.14.51:137][120]LogModuleManager: Shutting down and abandoning module GameProjectGeneration (158)
[2021.06.05-01.14.51:137][120]LogModuleManager: Shutting down and abandoning module IntroTutorials (157)
[2021.06.05-01.14.51:137][120]LogModuleManager: Shutting down and abandoning module EditorLiveStreaming (156)
[2021.06.05-01.14.51:137][120]LogModuleManager: Shutting down and abandoning module HardwareTargeting (155)
[2021.06.05-01.14.51:137][120]LogModuleManager: Shutting down and abandoning module DeviceProfileEditor (154)
[2021.06.05-01.14.51:137][120]LogModuleManager: Shutting down and abandoning module UndoHistory (153)
[2021.06.05-01.14.51:137][120]LogModuleManager: Shutting down and abandoning module GameplayTagsEditor (152)
[2021.06.05-01.14.51:137][120]LogModuleManager: Shutting down and abandoning module UserFeedback (151)
[2021.06.05-01.14.51:137][120]LogModuleManager: Shutting down and abandoning module XmlParser (150)
[2021.06.05-01.14.51:137][120]LogModuleManager: Shutting down and abandoning module Blutility (149)
[2021.06.05-01.14.51:137][120]LogModuleManager: Shutting down and abandoning module IOSPlatformEditor (148)
[2021.06.05-01.14.51:137][120]LogModuleManager: Shutting down and abandoning module IOSRuntimeSettings (147)
[2021.06.05-01.14.51:137][120]LogModuleManager: Shutting down and abandoning module AndroidDeviceDetection (146)
[2021.06.05-01.14.52:020][120]LogModuleManager: Shutting down and abandoning module AndroidPlatformEditor (145)
[2021.06.05-01.14.52:020][120]LogModuleManager: Shutting down and abandoning module AndroidRuntimeSettings (144)
[2021.06.05-01.14.52:020][120]LogModuleManager: Shutting down and abandoning module ProjectTargetPlatformEditor (143)
[2021.06.05-01.14.52:020][120]LogModuleManager: Shutting down and abandoning module ProjectSettingsViewer (142)
[2021.06.05-01.14.52:020][120]LogModuleManager: Shutting down and abandoning module InputBindingEditor (141)
[2021.06.05-01.14.52:020][120]LogModuleManager: Shutting down and abandoning module EditorSettingsViewer (140)
[2021.06.05-01.14.52:020][120]LogModuleManager: Shutting down and abandoning module SettingsEditor (139)
[2021.06.05-01.14.52:020][120]LogModuleManager: Shutting down and abandoning module ProjectLauncher (138)
[2021.06.05-01.14.52:020][120]LogModuleManager: Shutting down and abandoning module SessionFrontend (137)
[2021.06.05-01.14.52:020][120]LogModuleManager: Shutting down and abandoning module ProfilerClient (136)
[2021.06.05-01.14.52:020][120]LogModuleManager: Shutting down and abandoning module TargetDeviceServices (135)
[2021.06.05-01.14.52:020][120]LogModuleManager: Shutting down and abandoning module DeviceManager (134)
[2021.06.05-01.14.52:021][120]LogModuleManager: Shutting down and abandoning module AutomationController (133)
[2021.06.05-01.14.52:021][120]LogModuleManager: Shutting down and abandoning module AutomationWindow (132)
[2021.06.05-01.14.52:021][120]LogModuleManager: Shutting down and abandoning module Layers (131)
[2021.06.05-01.14.52:021][120]LogModuleManager: Shutting down and abandoning module ComponentVisualizers (130)
[2021.06.05-01.14.52:021][120]LogModuleManager: Shutting down and abandoning module DetailCustomizations (129)
[2021.06.05-01.14.52:021][120]LogModuleManager: Shutting down and abandoning module PackagesDialog (128)
[2021.06.05-01.14.52:021][120]LogModuleManager: Shutting down and abandoning module AssetRegistry (127)
[2021.06.05-01.14.52:063][120]LogModuleManager: Shutting down and abandoning module Persona (126)
[2021.06.05-01.14.52:063][120]LogModuleManager: Shutting down and abandoning module SlateReflector (125)
[2021.06.05-01.14.52:063][120]LogModuleManager: Shutting down and abandoning module LevelEditor (124)
[2021.06.05-01.14.52:064][120]LogModuleManager: Shutting down and abandoning module Kismet (123)
[2021.06.05-01.14.52:064][120]LogModuleManager: Shutting down and abandoning module GraphEditor (122)
[2021.06.05-01.14.52:064][120]LogModuleManager: Shutting down and abandoning module ClassViewer (121)
[2021.06.05-01.14.52:064][120]LogModuleManager: Shutting down and abandoning module Toolbox (120)
[2021.06.05-01.14.52:064][120]LogModuleManager: Shutting down and abandoning module ModuleUI (119)
[2021.06.05-01.14.52:064][120]LogModuleManager: Shutting down and abandoning module MovieSceneTools (118)
[2021.06.05-01.14.52:064][120]LogModuleManager: Shutting down and abandoning module OutputLog (117)
[2021.06.05-01.14.52:064][120]LogModuleManager: Shutting down and abandoning module GammaUI (116)
[2021.06.05-01.14.52:064][120]LogModuleManager: Shutting down and abandoning module Documentation (115)
[2021.06.05-01.14.52:064][120]LogModuleManager: Shutting down and abandoning module GameLiveStreaming (114)
[2021.06.05-01.14.52:064][120]LogModuleManager: Shutting down and abandoning module StreamingPauseRendering (113)
[2021.06.05-01.14.52:064][120]LogModuleManager: Shutting down and abandoning module HTTP (112)
[2021.06.05-01.14.52:064][120]LogModuleManager: Shutting down and abandoning module AnalyticsET (111)
[2021.06.05-01.14.52:065][120]LogModuleManager: Shutting down and abandoning module Analytics (110)
[2021.06.05-01.14.52:065][120]LogModuleManager: Shutting down and abandoning module AITestSuite (109)
[2021.06.05-01.14.52:065][120]LogModuleManager: Shutting down and abandoning module GameplayDebugger (108)
[2021.06.05-01.14.52:065][120]LogModuleManager: Shutting down and abandoning module AIModule (107)
[2021.06.05-01.14.52:065][120]LogModuleManager: Shutting down and abandoning module ProfilerService (106)
[2021.06.05-01.14.52:252][120]LogModuleManager: Shutting down and abandoning module TaskGraph (105)
[2021.06.05-01.14.52:252][120]LogModuleManager: Shutting down and abandoning module SlateRemote (104)
[2021.06.05-01.14.52:252][120]LogModuleManager: Shutting down and abandoning module ScriptEditorPlugin (103)
[2021.06.05-01.14.52:252][120]LogModuleManager: Shutting down and abandoning module CustomMeshComponent (102)
[2021.06.05-01.14.52:252][120]LogModuleManager: Shutting down and abandoning module CableComponent (101)
[2021.06.05-01.14.52:252][120]LogModuleManager: Shutting down and abandoning module MessagingDebugger (100)
[2021.06.05-01.14.52:252][120]LogModuleManager: Shutting down and abandoning module MediaPlayerEditor (99)
[2021.06.05-01.14.52:252][120]LogModuleManager: Shutting down and abandoning module SpeedTreeImporter (98)
[2021.06.05-01.14.52:252][120]LogModuleManager: Shutting down and abandoning module PluginsEditor (97)
[2021.06.05-01.14.52:252][120]LogModuleManager: Shutting down and abandoning module MainFrame (96)
[2021.06.05-01.14.52:252][120]LogModuleManager: Shutting down and abandoning module EpicSurvey (95)
[2021.06.05-01.14.52:252][120]LogModuleManager: Shutting down and abandoning module DesktopPlatform (94)
[2021.06.05-01.14.52:252][120]LogModuleManager: Shutting down and abandoning module DirectoryWatcher (93)
[2021.06.05-01.14.52:252][120]LogModuleManager: Shutting down and abandoning module HotReload (92)
[2021.06.05-01.14.52:252][120]LogModuleManager: Shutting down and abandoning module VisualStudioSourceCodeAccess (91)
[2021.06.05-01.14.52:252][120]LogModuleManager: Shutting down and abandoning module UObjectPlugin (90)
[2021.06.05-01.14.52:252][120]LogModuleManager: Shutting down and abandoning module SubversionSourceControl (89)
[2021.06.05-01.14.52:252][120]LogModuleManager: Shutting down and abandoning module PerforceSourceControl (88)
[2021.06.05-01.14.52:252][120]LogModuleManager: Shutting down and abandoning module SourceControl (87)
[2021.06.05-01.14.52:252][120]LogModuleManager: Shutting down and abandoning module GitSourceControl (86)
[2021.06.05-01.14.52:252][120]LogModuleManager: Shutting down and abandoning module BlankPlugin (85)
[2021.06.05-01.14.52:252][120]LogModuleManager: Shutting down and abandoning module PaperTiledImporter (84)
[2021.06.05-01.14.52:252][120]LogModuleManager: Shutting down and abandoning module PaperJsonImporter (83)
[2021.06.05-01.14.52:252][120]LogModuleManager: Shutting down and abandoning module ContentBrowser (82)
[2021.06.05-01.14.52:253][120]LogModuleManager: Shutting down and abandoning module Paper2DEditor (81)
[2021.06.05-01.14.52:253][120]LogModuleManager: Shutting down and abandoning module ScriptPlugin (80)
[2021.06.05-01.14.52:253][120]LogModuleManager: Shutting down and abandoning module UdpMessaging (79)
[2021.06.05-01.14.52:354][120]LogModuleManager: Shutting down and abandoning module Paper2D (78)
[2021.06.05-01.14.52:354][120]LogModuleManager: Shutting down and abandoning module WindowsMoviePlayer (77)
[2021.06.05-01.14.52:355][120]LogModuleManager: Shutting down and abandoning module Media (76)
[2021.06.05-01.14.52:355][120]LogModuleManager: Shutting down and abandoning module WmfMedia (75)
[2021.06.05-01.14.52:356][120]LogModuleManager: Shutting down and abandoning module OnlineBlueprintSupport (74)
[2021.06.05-01.14.52:356][120]LogModuleManager: Shutting down and abandoning module PropertyEditor (73)
[2021.06.05-01.14.52:356][120]LogModuleManager: Shutting down and abandoning module BehaviorTreeEditor (72)
[2021.06.05-01.14.52:356][120]LogModuleManager: Shutting down and abandoning module FunctionalTesting (71)
[2021.06.05-01.14.52:356][120]LogModuleManager: Shutting down and abandoning module CollisionAnalyzer (70)
[2021.06.05-01.14.52:356][120]LogModuleManager: Shutting down and abandoning module WorkspaceMenuStructure (69)
[2021.06.05-01.14.52:356][120]LogModuleManager: Shutting down and abandoning module MessageLog (68)
[2021.06.05-01.14.52:356][120]LogModuleManager: Shutting down and abandoning module Sequencer (67)
[2021.06.05-01.14.52:356][120]LogModuleManager: Shutting down and abandoning module AssetTools (66)
[2021.06.05-01.14.52:356][120]LogModuleManager: Shutting down and abandoning module UMGEditor (65)
[2021.06.05-01.14.52:356][120]LogModuleManager: Shutting down and abandoning module UMG (64)
[2021.06.05-01.14.52:356][120]LogModuleManager: Shutting down and abandoning module Slate (63)
[2021.06.05-01.14.52:356][120]LogModuleManager: Shutting down and abandoning module EditorStyle (62)
[2021.06.05-01.14.52:360][120]LogModuleManager: Shutting down and abandoning module SessionServices (61)
[2021.06.05-01.14.52:360][120]LogModuleManager: Shutting down and abandoning module SourceCodeAccess (60)
[2021.06.05-01.14.52:360][120]LogModuleManager: Shutting down and abandoning module HeadMountedDisplay (59)
[2021.06.05-01.14.52:360][120]LogModuleManager: Shutting down and abandoning module XAudio2 (58)
[2021.06.05-01.14.52:360][120]LogModuleManager: Shutting down and abandoning module Networking (56)
[2021.06.05-01.14.52:361][120]LogModuleManager: Shutting down and abandoning module Core (55)
[2021.06.05-01.14.52:361][120]LogModuleManager: Shutting down and abandoning module KismetCompiler (54)
[2021.06.05-01.14.52:361][120]LogModuleManager: Shutting down and abandoning module PhysXFormats (53)
[2021.06.05-01.14.52:361][120]LogModuleManager: Shutting down and abandoning module MeshUtilities (52)
[2021.06.05-01.14.52:361][120]LogModuleManager: Shutting down and abandoning module DerivedDataCache (51)
[2021.06.05-01.14.52:395][120]LogDerivedDataCache: Shutdown
[2021.06.05-01.14.52:395][120]LogModuleManager: Shutting down and abandoning module ShaderFormatOpenGL (50)
[2021.06.05-01.14.52:395][120]LogModuleManager: Shutting down and abandoning module ShaderFormatD3D (49)
[2021.06.05-01.14.52:395][120]LogModuleManager: Shutting down and abandoning module MetalShaderFormat (48)
[2021.06.05-01.14.52:395][120]LogModuleManager: Shutting down and abandoning module TextureFormatUncompressed (47)
[2021.06.05-01.14.52:395][120]LogModuleManager: Shutting down and abandoning module TextureFormatPVR (46)
[2021.06.05-01.14.52:395][120]LogModuleManager: Shutting down and abandoning module TextureFormatIntelISPCTexComp (45)
[2021.06.05-01.14.52:395][120]LogModuleManager: Shutting down and abandoning module TextureFormatDXT (44)
[2021.06.05-01.14.52:395][120]LogModuleManager: Shutting down and abandoning module ImageWrapper (43)
[2021.06.05-01.14.52:395][120]LogModuleManager: Shutting down and abandoning module TextureFormatASTC (42)
[2021.06.05-01.14.52:395][120]LogModuleManager: Shutting down and abandoning module TextureFormatAndroid (41)
[2021.06.05-01.14.52:395][120]LogModuleManager: Shutting down and abandoning module AudioFormatOpus (40)
[2021.06.05-01.14.52:395][120]LogModuleManager: Shutting down and abandoning module AudioFormatOgg (39)
[2021.06.05-01.14.52:395][120]LogModuleManager: Shutting down and abandoning module AudioFormatADPCM (38)
[2021.06.05-01.14.52:395][120]LogModuleManager: Shutting down and abandoning module LinuxTargetPlatform (37)
[2021.06.05-01.14.52:395][120]LogModuleManager: Shutting down and abandoning module LinuxServerTargetPlatform (36)
[2021.06.05-01.14.52:395][120]LogModuleManager: Shutting down and abandoning module LinuxNoEditorTargetPlatform (35)
[2021.06.05-01.14.52:395][120]LogModuleManager: Shutting down and abandoning module Messaging (34)
[2021.06.05-01.14.52:395][120]LogModuleManager: Shutting down and abandoning module IOSTargetPlatform (33)
[2021.06.05-01.14.52:395][120]LogModuleManager: Shutting down and abandoning module HTML5TargetPlatform (32)
[2021.06.05-01.14.52:395][120]LogModuleManager: Shutting down and abandoning module Android_PVRTCTargetPlatform (31)
[2021.06.05-01.14.52:395][120]LogModuleManager: Shutting down and abandoning module Android_ETC2TargetPlatform (30)
[2021.06.05-01.14.52:395][120]LogModuleManager: Shutting down and abandoning module Android_ETC1TargetPlatform (29)
[2021.06.05-01.14.52:395][120]LogModuleManager: Shutting down and abandoning module Android_ES31TargetPlatform (28)
[2021.06.05-01.14.52:395][120]LogModuleManager: Shutting down and abandoning module Android_DXTTargetPlatform (27)
[2021.06.05-01.14.52:395][120]LogModuleManager: Shutting down and abandoning module Android_ATCTargetPlatform (26)
[2021.06.05-01.14.52:395][120]LogModuleManager: Shutting down and abandoning module AndroidTargetPlatform (25)
[2021.06.05-01.14.52:395][120]LogModuleManager: Shutting down and abandoning module WindowsTargetPlatform (24)
[2021.06.05-01.14.52:395][120]LogModuleManager: Shutting down and abandoning module WindowsServerTargetPlatform (23)
[2021.06.05-01.14.52:395][120]LogModuleManager: Shutting down and abandoning module WindowsNoEditorTargetPlatform (22)
[2021.06.05-01.14.52:395][120]LogModuleManager: Shutting down and abandoning module WindowsClientTargetPlatform (21)
[2021.06.05-01.14.52:395][120]LogModuleManager: Shutting down and abandoning module TargetPlatform (20)
[2021.06.05-01.14.52:395][120]LogModuleManager: Shutting down and abandoning module InputCore (19)
[2021.06.05-01.14.52:395][120]LogModuleManager: Shutting down and abandoning module Settings (18)
[2021.06.05-01.14.52:395][120]LogModuleManager: Shutting down and abandoning module OnlineSubsystem (16)
[2021.06.05-01.14.52:395][120]LogModuleManager: Shutting down and abandoning module OculusRift (15)
[2021.06.05-01.14.52:395][120]LogModuleManager: Shutting down and abandoning module ExampleDeviceProfileSelector (14)
[2021.06.05-01.14.52:395][120]LogModuleManager: Shutting down and abandoning module TextureCompressor (13)
[2021.06.05-01.14.52:395][120]LogModuleManager: Shutting down and abandoning module ShaderCore (12)
[2021.06.05-01.14.52:395][120]LogModuleManager: Shutting down and abandoning module Landscape (11)
[2021.06.05-01.14.52:395][120]LogModuleManager: Shutting down and abandoning module SlateRHIRenderer (10)
[2021.06.05-01.14.52:397][120]LogModuleManager: Shutting down and abandoning module OpenGLDrv (9)
[2021.06.05-01.14.52:397][120]LogModuleManager: Shutting down and abandoning module D3D11RHI (8)
[2021.06.05-01.14.52:397][120]LogModuleManager: Shutting down and abandoning module Renderer (7)
[2021.06.05-01.14.52:397][120]LogModuleManager: Shutting down and abandoning module Engine (6)
[2021.06.05-01.14.52:397][120]LogModuleManager: Shutting down and abandoning module CoreUObject (5)
[2021.06.05-01.14.52:397][120]LogModuleManager: Shutting down and abandoning module NetworkFile (4)
[2021.06.05-01.14.52:397][120]LogModuleManager: Shutting down and abandoning module StreamingFile (3)
[2021.06.05-01.14.52:397][120]LogModuleManager: Shutting down and abandoning module SandboxFile (2)
[2021.06.05-01.14.52:397][120]LogModuleManager: Shutting down and abandoning module PakFile (1)
[2021.06.05-01.14.52:398][120]LogExit: Exiting.
[2021.06.05-01.14.52:423][120]Log file closed, 06/05/21 10:14:52
