Log file open, 05/07/21 20:50:19
LogInit:Display: Running engine for game: PaperNinja
LogInit: Version: 4.7.6-2513093+++depot+UE4-Releases+4.7
LogInit: API Version: 2455222
LogInit: Compiled (64-bit): Apr 15 2015 12:09:54
LogInit: Compiled with Visual C++: 18.00.21005.01
LogInit: Build Configuration: Development
LogInit: Branch Name: ++depot+UE4-Releases+4.7
LogInit: Command line:  
LogInit: Base directory: C:/Program Files/Epic Games/UE_4.7/Engine/Binaries/Win64/
LogInit: Rocket: 1
[2021.05.07-11.50.19:349][  0]LogTaskGraph: Started task graph with 3 named threads and 8 total threads.
[2021.05.07-11.50.19:447][  0]LogOnline:Warning: No default platform service specified for OnlineSubsystem
[2021.05.07-11.50.19:501][  0]LogInit: Presizing for 0 objects not considered by GC, pre-allocating 0 bytes.
[2021.05.07-11.50.19:619][  0]LogInit: Object subsystem initialized
[2021.05.07-11.50.19:677][  0]LogConsoleResponse:Warning: Skipping Unknown console variable: 'TranslucentSortAxis = (X=0.000000,Y=-1.000000,Z=0.000000)'
[2021.05.07-11.50.19:677][  0]LogConsoleResponse:Warning:   Found in ini file 'C:/Users/magi1/Documents/UE4_PaperNinja_FirstTime/PaperNinja/Saved/Config/Windows/Engine.ini', in section '[/Script/Engine.RendererSettings]'
[2021.05.07-11.50.19:677][  0]LogConsoleResponse:Warning: Skipping Unknown console variable: 'UIScaleRule = ShortestSide'
[2021.05.07-11.50.19:677][  0]LogConsoleResponse:Warning:   Found in ini file 'C:/Users/magi1/Documents/UE4_PaperNinja_FirstTime/PaperNinja/Saved/Config/Windows/Engine.ini', in section '[/Script/Engine.RendererSettings]'
[2021.05.07-11.50.19:677][  0]LogConsoleResponse:Warning: Skipping Unknown console variable: 'UIScaleCurve = (EditorCurveData=(Keys=),ExternalCurve=None)'
[2021.05.07-11.50.19:677][  0]LogConsoleResponse:Warning:   Found in ini file 'C:/Users/magi1/Documents/UE4_PaperNinja_FirstTime/PaperNinja/Saved/Config/Windows/Engine.ini', in section '[/Script/Engine.RendererSettings]'
[2021.05.07-11.50.19:704][  0]LogInit: Selected Device Profile: [Windows]
[2021.05.07-11.50.19:704][  0]LogInit: Applying CVar settings loaded from the selected device profile: [Windows]
[2021.05.07-11.50.19:780][  0]LogInit: Computer: DESKTOP-1JEPUCH
[2021.05.07-11.50.19:780][  0]LogInit: User: magi1
[2021.05.07-11.50.19:780][  0]LogInit: CPU Page size=4096, Cores=8
[2021.05.07-11.50.19:780][  0]LogInit: High frequency timer resolution =10.000000 MHz
[2021.05.07-11.50.19:780][  0]LogMemory: Memory total: Physical=15.8GB (16GB approx) Virtual=131072.0GB
[2021.05.07-11.50.19:780][  0]LogMemory: Platform Memory Stats for Windows
[2021.05.07-11.50.19:780][  0]LogMemory: Process Physical Memory: 50.75 MB used, 50.75 MB peak
[2021.05.07-11.50.19:780][  0]LogMemory: Process Virtual Memory: 27.07 MB used, 27.07 MB peak
[2021.05.07-11.50.19:780][  0]LogMemory: Physical Memory: 6913.70 MB used, 16190.91 MB total
[2021.05.07-11.50.19:780][  0]LogMemory: Virtual Memory: 4432.88 MB used, 134217728.00 MB total
[2021.05.07-11.50.19:928][  0]LogD3D11RHI: Found D3D11 adapter 0: NVIDIA GeForce GT 1030 (Feature Level 11_0)
[2021.05.07-11.50.19:928][  0]LogD3D11RHI: Adapter has 1982MB of dedicated video memory, 0MB of dedicated system memory, and 8095MB of shared system memory, 1 output[s]
[2021.05.07-11.50.19:954][  0]LogD3D11RHI: Found D3D11 adapter 1: Intel(R) UHD Graphics 630 (Feature Level 11_0)
[2021.05.07-11.50.19:954][  0]LogD3D11RHI: Adapter has 128MB of dedicated video memory, 0MB of dedicated system memory, and 8095MB of shared system memory, 1 output[s]
[2021.05.07-11.50.19:956][  0]LogD3D11RHI: Found D3D11 adapter 2: Microsoft Basic Render Driver (Feature Level 11_0)
[2021.05.07-11.50.19:956][  0]LogD3D11RHI: Adapter has 0MB of dedicated video memory, 0MB of dedicated system memory, and 8095MB of shared system memory, 0 output[s]
[2021.05.07-11.50.19:956][  0]LogD3D11RHI: Chosen D3D11 Adapter Id = 0
[2021.05.07-11.50.19:962][  0]LogRHI: Texture pool is 1361 MB (70% of 1945 MB)
[2021.05.07-11.50.20:032][  0]LogD3D11RHI: Async texture creation enabled
[2021.05.07-11.50.21:422][  0]LogTextLocalizationManager:Warning: Loading localization resources contain conflicting entries for (Namespace:UICommands, Key:Save_ToolTip):
Resource: (C:/Program Files/Epic Games/UE_4.7/Engine/Content/Localization/Editor/ja/Editor.locres) Hash: (-29098895) String: (現行レベルをディスクに保存)
Resource: (C:/Program Files/Epic Games/UE_4.7/Engine/Content/Localization/Engine/ja/Engine.locres) Hash: (-1280300587) String: (選択データをvlogファイルに保存)
[2021.05.07-11.50.21:422][  0]LogTextLocalizationManager:Warning: Loading localization resources contain conflicting entries for (Namespace:ContentBrowser, Key:ImportAssetToolTip):
Resource: (C:/Program Files/Epic Games/UE_4.7/Engine/Content/Localization/Editor/ja/Editor.locres) Hash: (-630476809) String: ({0} にインポート...)
Resource: (C:/Program Files/Epic Games/UE_4.7/Engine/Content/Localization/Editor/ja/Editor.locres) Hash: (1271782899) String: (このフォルダへファイルからアセットをインポート)
[2021.05.07-11.50.21:493][  0]LogContentStreaming: Texture pool size is 0.000000MB
[2021.05.07-11.50.25:703][  0]LogTargetPlatformManager:Display: Building Assets For Windows
[2021.05.07-11.50.26:362][  0]LogTargetPlatformManager:Display: Building Assets For Windows
[2021.05.07-11.50.26:459][  0]LogDerivedDataCache:Display: Max Cache Size: 512 MB
[2021.05.07-11.50.26:835][  0]LogDerivedDataCache: Loaded boot cache 0.37s 39MB C:/Users/magi1/AppData/Local/UnrealEngine/4.7/DerivedDataCache/Boot.ddc.
[2021.05.07-11.50.26:835][  0]LogDerivedDataCache:Display: Loaded Boot cache: C:/Users/magi1/AppData/Local/UnrealEngine/4.7/DerivedDataCache/Boot.ddc
[2021.05.07-11.50.26:835][  0]LogDerivedDataCache: FDerivedDataBackendGraph:  Pak pak cache file ../../../../../../Users/magi1/Documents/UE4_PaperNinja_FirstTime/PaperNinja/DerivedDataCache/DDC.ddp not found, will not use a pak cache.
[2021.05.07-11.50.26:835][  0]LogDerivedDataCache: Unable to find inner node Pak for hierarchical cache Hierarchy.
[2021.05.07-11.50.26:993][  0]LogDerivedDataCache:Display: Pak cache opened for reading ../../../Engine/DerivedDataCache/Compressed.ddp.
[2021.05.07-11.50.27:006][  0]LogDerivedDataCache: Using Local data cache path C:/Users/magi1/AppData/Local/UnrealEngine/Common/DerivedDataCache: Writable
[2021.05.07-11.50.31:638][  0]LogMeshUtilities: No automatic mesh reduction module available
[2021.05.07-11.50.31:638][  0]LogMeshUtilities: No automatic mesh merging module available
[2021.05.07-11.50.34:851][  0]LogInit: WinSock: version 1.1 (2.2), MaxSocks=32767, MaxUdp=65467
[2021.05.07-11.50.35:164][  0]LogSlate:Warning: Failed to load font data from '../../../Engine/Content/Slate/Fonts/Roboto-Italic.ttf'
[2021.05.07-11.50.45:071][  0]UdpMessaging: Initializing bridge on interface 0.0.0.0:0 to multicast group 230.0.0.1:6666.
[2021.05.07-11.50.45:858][  0]SourceControl: 情報 ソースコントロールは無効です
[2021.05.07-11.50.45:858][  0]SourceControl: 情報 ソースコントロールは無効です
[2021.05.07-11.50.45:858][  0]SourceControl: 情報 ソースコントロールは無効です
[2021.05.07-11.50.45:859][  0]LogSourceControl: RunCommandInternalRaw: 'git version'
[2021.05.07-11.50.45:859][  0]LogSourceControl: RunCommandInternalRaw: ExecProcess ReturnCode=2 OutResults=''
[2021.05.07-11.50.45:867][  0]SourceControl: 情報 ソースコントロールは無効です
[2021.05.07-11.50.46:620][  0]LogObj: 24232 objects as part of root set at end of initial load.
[2021.05.07-11.50.46:620][  0]LogUObjectAllocator: 5137176 out of 0 bytes used by permanent object pool.
[2021.05.07-11.50.46:946][  0]LogEngine: Initializing Engine...
[2021.05.07-11.50.49:589][  0]LogInit: XAudio2 using 'LCD-MF211X (インテル(R) ディスプレイ用オーディオ)' : 2 channels at 48 kHz using 16 bits per sample (channel mask 0x3)
[2021.05.07-11.50.49:631][  0]LogInit: FAudioDevice initialized.
[2021.05.07-11.50.49:916][  0]LogAIModule: Creating AISystem for world NewWorld
[2021.05.07-11.50.49:931][  0]LogDerivedDataCache: Saved boot cache 0.01s 39MB C:/Users/magi1/AppData/Local/UnrealEngine/4.7/DerivedDataCache/Boot.ddc.
[2021.05.07-11.50.49:933][  0]LogInit: Texture streaming: Enabled
[2021.05.07-11.50.50:575][  0]LogAnalytics: Creating configured Analytics provider AnalyticsET
[2021.05.07-11.50.50:575][  0]LogAnalytics: ET APIKey = Rocket.Release. APIServer = http://et2.epicgames.com/ET2/. AppVersion = 4.7.6-2513093+++depot+UE4-Releases+4.7
[2021.05.07-11.50.50:575][  0]LogAnalytics: ET APIKey = Rocket.Release. DataRouterUploadURL = https://datarouter-public-service-gamedev.ol.epicgames.net/datarouter/api/v1/public/data. AppVersion = 4.7.6-2513093+++depot+UE4-Releases+4.7
[2021.05.07-11.50.50:575][  0]LogAnalytics: SetUserId 4ca6cdb54b49a3828a3729827b452fbf|26e104a70cca4c039c47e7f62a1294d8|c0658f8d-0b33-4962-a1a3-653c16369ce8
[2021.05.07-11.50.50:575][  0]LogAnalytics: AnalyticsET::StartSession [Rocket.Release]
[2021.05.07-11.50.50:671][  0]LogInit: Transaction tracking system initialized
[2021.05.07-11.50.51:369][  0]BlueprintLog: New page: エディタの読み込み
[2021.05.07-11.50.51:498][  0]LogAssetRegistry: FAssetRegistry took 0.0194 seconds to start up
[2021.05.07-11.50.51:498][  0]LogDirectoryWatcher:Warning: Failed to begin reading directory changes for ../../../Engine/Plugins/Experimental/CharacterAI/Content/. Error: 0
[2021.05.07-11.50.52:272][  0]LogTargetPlatformManager:Display: Building Assets For Windows
[2021.05.07-11.50.52:544][  0]LogTargetPlatformManager:Display: Building Assets For Windows
[2021.05.07-11.50.53:223][  0]LogSlate:Warning: Failed to load font data from '../../../Engine/Content/Editor/Slate/Fonts/Roboto-Regular.ttf'
[2021.05.07-11.50.53:223][  0]LogSlate:Warning: Failed to load font data from '../../../Engine/Content/Editor/Slate/Fonts/Roboto-Bold.ttf'
[2021.05.07-11.50.53:301][  0]LogConsoleResponse:Display: 
[2021.05.07-11.50.54:358][  0]LogCook:Display: Done creating registry. It took  0.00s.
[2021.05.07-11.50.55:056][  0]SourceControl: 情報 ソースコントロールは無効です
[2021.05.07-11.50.55:080][  0]Cmd: MAP LOAD FILE="../../../../../../Users/magi1/Documents/UE4_PaperNinja_FirstTime/PaperNinja/Content/StarterContent/Maps/Minimal_Default.umap" TEMPLATE=0 SHOWPROGRESS=1 FEATURELEVEL=3
[2021.05.07-11.50.55:112][  0]LightingResults: New page: ライティングのビルド
[2021.05.07-11.50.55:274][  0]MapCheck: New page: マップをチェック
[2021.05.07-11.50.55:274][  0]LightingResults: New page: <何も選択されていません>
[2021.05.07-11.50.55:421][  0]LogParticles: Destroying 0 GPU particle simulations for FXSystem 0x000001CB6CA08EA0
[2021.05.07-11.50.59:290][  0]LogEditorServer: Finished looking for orphan Actors (0.000 secs)
[2021.05.07-11.50.59:305][  0]LogAIModule: Creating AISystem for world Minimal_Default
[2021.05.07-11.50.59:322][  0]Cmd: MAP CHECKDEP
[2021.05.07-11.50.59:322][  0]MapCheck: New page: Minimal_Default - 2021/05/08 5:50:59
[2021.05.07-11.50.59:428][  0]MapCheck: 情報 マップチェックが完了: 0 エラー、 0 警告、完了に 107.082ミリ秒かかりました。
[2021.05.07-11.50.59:428][  0]LogFileHelpers: Loading map 'Minimal_Default' took 4.359
[2021.05.07-11.51.00:510][  0]LogCollectionManager: Loaded 0 collections in 0.000891 seconds
[2021.05.07-11.51.00:539][  0]LogContentBrowser: Native class hierarchy populated in 0.0285 seconds. Added 1696 classes and 261 folders.
[2021.05.07-11.51.00:722][  0]LogContentBrowser: Native class hierarchy updated for 'SceneOutliner' in 0.0022 seconds. Added 1 classes and 2 folders.
[2021.05.07-11.51.00:856][  0]LogContentBrowser: Native class hierarchy updated for 'WorldBrowser' in 0.0021 seconds. Added 1 classes and 3 folders.
[2021.05.07-11.51.01:552][  0]LogCrashTracker: Crashtracker disabled due to settings.
[2021.05.07-11.51.01:594][  0]LogSlate:Warning: Failed to load font data from 'Veranda'
[2021.05.07-11.51.01:643][  0]LogUObjectGlobals:Warning: オブジェクト 'Class なし.' が見つかりませんでした
[2021.05.07-11.51.01:726][  0]LogLoad: Full Startup: 45.61 seconds (BP compile: 0.30 seconds)
[2021.05.07-11.51.02:152][  0]LogContentBrowser:Verbose: The content browser source was changed by the sources view to '/Game/Blueprints'
[2021.05.07-11.51.02:536][  0]LogRenderer:Warning: Reallocating scene render targets to support 32x32 (Frame:2).
[2021.05.07-11.51.02:647][  0]LogRenderer:Warning: Reallocating scene render targets to support 1200x576 (Frame:3).
[2021.05.07-11.51.03:376][  3]LogAssetRegistry: Asset discovery search completed in 11.8973 seconds
[2021.05.07-12.00.14:962][666]LogContentBrowser:Verbose: The content browser source was changed by the sources view to '/Game/Maps/Test'
[2021.05.07-12.00.16:480][755]Cmd: MAP LOAD FILE="../../../../../../Users/magi1/Documents/UE4_PaperNinja_FirstTime/PaperNinja/Content/Maps/Test/Test_Player_Movement.umap" TEMPLATE=0 SHOWPROGRESS=1 FEATURELEVEL=3
[2021.05.07-12.00.16:480][755]LightingResults: New page: ライティングのビルド
[2021.05.07-12.00.16:504][755]LoadErrors: New page: マップをロード中: Test_Player_Movement.umap
[2021.05.07-12.00.16:514][755]MapCheck: New page: マップをチェック
[2021.05.07-12.00.16:514][755]LightingResults: New page: <何も選択されていません>
[2021.05.07-12.00.16:532][755]LogParticles: Destroying 0 GPU particle simulations for FXSystem 0x000001CB634DBE20
[2021.05.07-12.00.16:579][755]LogEditorServer: Finished looking for orphan Actors (0.000 secs)
[2021.05.07-12.00.16:582][755]LogAIModule: Creating AISystem for world Test_Player_Movement
[2021.05.07-12.00.16:604][755]Cmd: MAP CHECKDEP
[2021.05.07-12.00.16:604][755]MapCheck: New page: Test_Player_Movement - 2021/05/08 6:00:16
[2021.05.07-12.00.16:693][755]MapCheck: 情報 マップチェックが完了: 0 エラー、 0 警告、完了に 89.228ミリ秒かかりました。
[2021.05.07-12.00.16:693][755]LogFileHelpers: Loading map 'Test_Player_Movement' took 0.215
[2021.05.07-12.00.38:006][304]LogContentBrowser:Verbose: The content browser source was changed by the sources view to '/Game/Blueprints'
[2021.05.07-12.01.37:092][878]BlueprintLog: New page: PNPlayerPawn をコンパイル
[2021.05.07-12.01.37:165][878]BlueprintEditorCompileResults: 情報 [0681.05] PNPlayerPawn のコンパイルに成功しました！  [ 74 ミリ秒]
[2021.05.07-12.01.42:275][461]LogPlayLevel: PIE:  No blueprints needed recompiling
[2021.05.07-12.01.42:275][461]PIE: New page: PIEセッション: Test_Player_Movement (2021/05/08 6:01:42)
[2021.05.07-12.01.42:277][461]LogPlayLevel: PIE: StaticDuplicateObject took: (0.001904s)
[2021.05.07-12.01.42:277][461]LogPlayLevel: PIE: World Init took: (0.000333s)
[2021.05.07-12.01.42:277][461]LogPlayLevel: PIE: Created PIE world by copying editor world from /Game/Maps/Test/Test_Player_Movement.Test_Player_Movement to /Game/Maps/Test/UEDPIE_0_Test_Player_Movement.Test_Player_Movement (0.002340s)
[2021.05.07-12.01.42:368][461]LogWorld: Game class is 'PNGameMode_C'
[2021.05.07-12.01.42:451][461]LogAIModule: Creating AISystem for world Test_Player_Movement
[2021.05.07-12.01.42:462][461]LogWorld: Bringing World /Game/Maps/Test/UEDPIE_0_Test_Player_Movement.Test_Player_Movement up for play (max tick rate 0) at 2021.05.07-21.01.42
[2021.05.07-12.01.42:465][461]LogWorld: Bringing up level for play took: 0.012043
[2021.05.07-12.01.42:516][461]PIE: 情報 /Game/Maps/Test/UEDPIE_0_Test_Player_Movement 1.115のPIE開始時間
[2021.05.07-12.01.49:765][320]LogActorComponent: UnregisterComponent: (/Engine/Transient.CharMoveComp) Not registered. Aborting.
[2021.05.07-12.01.49:773][320]LogParticles: Destroying 0 GPU particle simulations for FXSystem 0x000001CB1BF0BC40
[2021.05.07-12.02.03:573][961]Cmd: OBJ SAVEPACKAGE PACKAGE="/Game/Blueprints/PNPlayerPawn" FILE="../../../../../../Users/magi1/Documents/UE4_PaperNinja_FirstTime/PaperNinja/Content/Blueprints/PNPlayerPawn.uasset" SILENT=true
[2021.05.07-12.02.03:879][961]LogSavePackage: Save=289.082886ms
[2021.05.07-12.02.03:880][961]LogSavePackage: Moving '../../../../../../Users/magi1/Documents/UE4_PaperNinja_FirstTime/PaperNinja/Saved/PNPlayerPawn2269A8E94DC81BC62E7F7F808A33A4C1.tmp' to '../../../../../../Users/magi1/Documents/UE4_PaperNinja_FirstTime/PaperNinja/Content/Blueprints/PNPlayerPawn.uasset'
[2021.05.07-12.02.48:316][194]LogUObjectGlobals:Warning: オブジェクト 'Object なし.' が見つかりませんでした
[2021.05.07-12.03.21:108][887]BlueprintLog: New page: PNPlayerPawn をコンパイル
[2021.05.07-12.03.21:147][887]LogActorComponent: UnregisterComponent: (/Engine/Transient.CharMoveComp) Not registered. Aborting.
[2021.05.07-12.03.21:261][887]BlueprintEditorCompileResults: 情報 [0785.15] PNPlayerPawn のコンパイルに成功しました！  [ 152 ミリ秒]
[2021.05.07-12.03.25:254][355]Cmd: OBJ SAVEPACKAGE PACKAGE="/Game/Blueprints/PNPlayerPawn" FILE="../../../../../../Users/magi1/Documents/UE4_PaperNinja_FirstTime/PaperNinja/Content/Blueprints/PNPlayerPawn.uasset" SILENT=true
[2021.05.07-12.03.25:559][355]LogSavePackage: Save=293.937988ms
[2021.05.07-12.03.25:559][355]LogSavePackage: Moving '../../../../../../Users/magi1/Documents/UE4_PaperNinja_FirstTime/PaperNinja/Saved/PNPlayerPawn23D0D7DB40CEADE72AAA4288218213EC.tmp' to '../../../../../../Users/magi1/Documents/UE4_PaperNinja_FirstTime/PaperNinja/Content/Blueprints/PNPlayerPawn.uasset'
[2021.05.07-12.03.26:287][434]LogPlayLevel: PIE:  No blueprints needed recompiling
[2021.05.07-12.03.26:287][434]PIE: New page: PIEセッション: Test_Player_Movement (2021/05/08 6:03:26)
[2021.05.07-12.03.26:289][434]LogPlayLevel: PIE: StaticDuplicateObject took: (0.002037s)
[2021.05.07-12.03.26:290][434]LogPlayLevel: PIE: World Init took: (0.000341s)
[2021.05.07-12.03.26:290][434]LogPlayLevel: PIE: Created PIE world by copying editor world from /Game/Maps/Test/Test_Player_Movement.Test_Player_Movement to /Game/Maps/Test/UEDPIE_0_Test_Player_Movement.Test_Player_Movement (0.002475s)
[2021.05.07-12.03.26:330][434]LogWorld: Game class is 'PNGameMode_C'
[2021.05.07-12.03.26:332][434]LogAIModule: Creating AISystem for world Test_Player_Movement
[2021.05.07-12.03.26:334][434]LogWorld: Bringing World /Game/Maps/Test/UEDPIE_0_Test_Player_Movement.Test_Player_Movement up for play (max tick rate 0) at 2021.05.07-21.03.26
[2021.05.07-12.03.26:335][434]LogWorld: Bringing up level for play took: 0.002553
[2021.05.07-12.03.26:345][434]PIE: 情報 /Game/Maps/Test/UEDPIE_0_Test_Player_Movement 0.945のPIE開始時間
[2021.05.07-12.03.26:352][434]LogRenderer:Warning: Reallocating scene render targets to support 1296x760 (Frame:51350).
[2021.05.07-12.03.34:061][263]LogActorComponent: UnregisterComponent: (/Engine/Transient.CharMoveComp) Not registered. Aborting.
[2021.05.07-12.03.34:077][263]LogParticles: Destroying 0 GPU particle simulations for FXSystem 0x000001CB1EE5A480
[2021.05.07-12.03.43:916][370]BlueprintLog: New page: PNPlayerPawn をコンパイル
[2021.05.07-12.03.43:968][370]BlueprintEditorCompileResults: 情報 [0807.85] PNPlayerPawn のコンパイルに成功しました！  [ 51 ミリ秒]
[2021.05.07-12.03.45:432][537]Cmd: OBJ SAVEPACKAGE PACKAGE="/Game/Blueprints/PNPlayerPawn" FILE="../../../../../../Users/magi1/Documents/UE4_PaperNinja_FirstTime/PaperNinja/Content/Blueprints/PNPlayerPawn.uasset" SILENT=true
[2021.05.07-12.03.45:731][537]LogSavePackage: Save=287.074402ms
[2021.05.07-12.03.45:731][537]LogSavePackage: Moving '../../../../../../Users/magi1/Documents/UE4_PaperNinja_FirstTime/PaperNinja/Saved/PNPlayerPawn1DABEE6947BAC614642E2696D1E92535.tmp' to '../../../../../../Users/magi1/Documents/UE4_PaperNinja_FirstTime/PaperNinja/Content/Blueprints/PNPlayerPawn.uasset'
[2021.05.07-12.03.46:166][587]LogPlayLevel: PIE:  No blueprints needed recompiling
[2021.05.07-12.03.46:166][587]PIE: New page: PIEセッション: Test_Player_Movement (2021/05/08 6:03:46)
[2021.05.07-12.03.46:168][587]LogPlayLevel: PIE: StaticDuplicateObject took: (0.002061s)
[2021.05.07-12.03.46:169][587]LogPlayLevel: PIE: World Init took: (0.000371s)
[2021.05.07-12.03.46:169][587]LogPlayLevel: PIE: Created PIE world by copying editor world from /Game/Maps/Test/Test_Player_Movement.Test_Player_Movement to /Game/Maps/Test/UEDPIE_0_Test_Player_Movement.Test_Player_Movement (0.002530s)
[2021.05.07-12.03.46:206][587]LogWorld: Game class is 'PNGameMode_C'
[2021.05.07-12.03.46:207][587]LogAIModule: Creating AISystem for world Test_Player_Movement
[2021.05.07-12.03.46:210][587]LogWorld: Bringing World /Game/Maps/Test/UEDPIE_0_Test_Player_Movement.Test_Player_Movement up for play (max tick rate 0) at 2021.05.07-21.03.46
[2021.05.07-12.03.46:210][587]LogWorld: Bringing up level for play took: 0.002574
[2021.05.07-12.03.46:221][587]PIE: 情報 /Game/Maps/Test/UEDPIE_0_Test_Player_Movement 0.821のPIE開始時間
[2021.05.07-12.03.55:737][617]LogActorComponent: UnregisterComponent: (/Engine/Transient.CharMoveComp) Not registered. Aborting.
[2021.05.07-12.03.55:753][617]LogParticles: Destroying 0 GPU particle simulations for FXSystem 0x000001CB1D06DB20
[2021.05.07-12.06.49:989][931]BlueprintLog: New page: PNPlayerPawn をコンパイル
[2021.05.07-12.06.50:045][931]BlueprintEditorCompileResults: 情報 [0993.93] PNPlayerPawn のコンパイルに成功しました！  [ 56 ミリ秒]
[2021.05.07-12.06.52:128][173]Cmd: OBJ SAVEPACKAGE PACKAGE="/Game/Blueprints/PNPlayerPawn" FILE="../../../../../../Users/magi1/Documents/UE4_PaperNinja_FirstTime/PaperNinja/Content/Blueprints/PNPlayerPawn.uasset" SILENT=true
[2021.05.07-12.06.52:435][173]LogSavePackage: Save=295.782990ms
[2021.05.07-12.06.52:435][173]LogSavePackage: Moving '../../../../../../Users/magi1/Documents/UE4_PaperNinja_FirstTime/PaperNinja/Saved/PNPlayerPawn9236749148B14178CB3F8AAD6301DD7E.tmp' to '../../../../../../Users/magi1/Documents/UE4_PaperNinja_FirstTime/PaperNinja/Content/Blueprints/PNPlayerPawn.uasset'
[2021.05.07-12.06.53:294][274]LogPlayLevel: PIE:  No blueprints needed recompiling
[2021.05.07-12.06.53:294][274]PIE: New page: PIEセッション: Test_Player_Movement (2021/05/08 6:06:53)
[2021.05.07-12.06.53:296][274]LogPlayLevel: PIE: StaticDuplicateObject took: (0.001906s)
[2021.05.07-12.06.53:296][274]LogPlayLevel: PIE: World Init took: (0.000365s)
[2021.05.07-12.06.53:297][274]LogPlayLevel: PIE: Created PIE world by copying editor world from /Game/Maps/Test/Test_Player_Movement.Test_Player_Movement to /Game/Maps/Test/UEDPIE_0_Test_Player_Movement.Test_Player_Movement (0.002372s)
[2021.05.07-12.06.53:342][274]LogWorld: Game class is 'PNGameMode_C'
[2021.05.07-12.06.53:345][274]LogAIModule: Creating AISystem for world Test_Player_Movement
[2021.05.07-12.06.53:347][274]LogWorld: Bringing World /Game/Maps/Test/UEDPIE_0_Test_Player_Movement.Test_Player_Movement up for play (max tick rate 0) at 2021.05.07-21.06.53
[2021.05.07-12.06.53:347][274]LogWorld: Bringing up level for play took: 0.002576
[2021.05.07-12.06.53:359][274]PIE: 情報 /Game/Maps/Test/UEDPIE_0_Test_Player_Movement -0.042のPIE開始時間
[2021.05.07-12.07.14:538][632]LogActorComponent: UnregisterComponent: (/Engine/Transient.CharMoveComp) Not registered. Aborting.
[2021.05.07-12.07.14:545][632]LogParticles: Destroying 0 GPU particle simulations for FXSystem 0x000001CB1BC81B20
[2021.05.07-12.11.09:781][383]LogFileHelpers: Editor autosave (incl. sublevels) for '/Game/Maps/Test/Test_Player_Movement' took 0.010
[2021.05.07-12.11.09:818][383]OBJ SavePackage: Generating thumbnails for [1] asset(s) in package [/Game/Blueprints/PNPlayerPawn] ([1] browsable assets)...
[2021.05.07-12.11.09:844][383]OBJ SavePackage:     Rendered thumbnail for [Blueprint /Game/Blueprints/PNPlayerPawn.PNPlayerPawn]
[2021.05.07-12.11.09:844][383]OBJ SavePackage: Finished generating thumbnails for package [/Game/Blueprints/PNPlayerPawn]
[2021.05.07-12.11.10:216][383]LogSavePackage: Save=355.603912ms
[2021.05.07-12.11.10:216][383]LogSavePackage: Moving '../../../../../../Users/magi1/Documents/UE4_PaperNinja_FirstTime/PaperNinja/Saved/PNPlayerPawn_Auto19201DE814382C2ABF61E10BAE2D29840.tmp' to '../../../../../../Users/magi1/Documents/UE4_PaperNinja_FirstTime/PaperNinja/Saved/Autosaves/Game/Blueprints/PNPlayerPawn_Auto1.uasset'
[2021.05.07-12.11.10:225][383]LogFileHelpers: Auto-saving content packages took 0.444
[2021.05.07-12.11.12:103][602]BlueprintLog: New page: PNPlayerPawn をコンパイル
[2021.05.07-12.11.12:155][602]LogActorComponent: UnregisterComponent: (/Engine/Transient.CharMoveComp) Not registered. Aborting.
[2021.05.07-12.11.12:167][602]BlueprintEditorCompileResults: 情報 [1256.05] PNPlayerPawn のコンパイルに成功しました！  [ 64 ミリ秒]
[2021.05.07-12.11.13:804][789]Cmd: OBJ SAVEPACKAGE PACKAGE="/Game/Blueprints/PNPlayerPawn" FILE="../../../../../../Users/magi1/Documents/UE4_PaperNinja_FirstTime/PaperNinja/Content/Blueprints/PNPlayerPawn.uasset" SILENT=true
[2021.05.07-12.11.14:160][789]LogSavePackage: Save=343.979095ms
[2021.05.07-12.11.14:160][789]LogSavePackage: Moving '../../../../../../Users/magi1/Documents/UE4_PaperNinja_FirstTime/PaperNinja/Saved/PNPlayerPawn7D8126CE43D51AE3B9B6E7B0C6746C1E.tmp' to '../../../../../../Users/magi1/Documents/UE4_PaperNinja_FirstTime/PaperNinja/Content/Blueprints/PNPlayerPawn.uasset'
[2021.05.07-12.11.15:736][976]LogPlayLevel: PIE:  No blueprints needed recompiling
[2021.05.07-12.11.15:737][976]PIE: New page: PIEセッション: Test_Player_Movement (2021/05/08 6:11:15)
[2021.05.07-12.11.15:739][976]LogPlayLevel: PIE: StaticDuplicateObject took: (0.001916s)
[2021.05.07-12.11.15:739][976]LogPlayLevel: PIE: World Init took: (0.000364s)
[2021.05.07-12.11.15:739][976]LogPlayLevel: PIE: Created PIE world by copying editor world from /Game/Maps/Test/Test_Player_Movement.Test_Player_Movement to /Game/Maps/Test/UEDPIE_0_Test_Player_Movement.Test_Player_Movement (0.002380s)
[2021.05.07-12.11.15:780][976]LogWorld: Game class is 'PNGameMode_C'
[2021.05.07-12.11.15:782][976]LogAIModule: Creating AISystem for world Test_Player_Movement
[2021.05.07-12.11.15:786][976]LogWorld: Bringing World /Game/Maps/Test/UEDPIE_0_Test_Player_Movement.Test_Player_Movement up for play (max tick rate 0) at 2021.05.07-21.11.15
[2021.05.07-12.11.15:786][976]LogWorld: Bringing up level for play took: 0.003953
[2021.05.07-12.11.15:804][976]PIE: 情報 /Game/Maps/Test/UEDPIE_0_Test_Player_Movement 0.404のPIE開始時間
[2021.05.07-12.12.14:840][565]LogActorComponent: UnregisterComponent: (/Engine/Transient.CharMoveComp) Not registered. Aborting.
[2021.05.07-12.12.14:850][565]LogParticles: Destroying 0 GPU particle simulations for FXSystem 0x000001CB64B637E0
[2021.05.07-12.18.08:289][160]BlueprintLog: New page: PNPlayerPawn をコンパイル
[2021.05.07-12.18.08:357][160]BlueprintEditorCompileResults: 情報 [1672.24] PNPlayerPawn のコンパイルに成功しました！  [ 68 ミリ秒]
[2021.05.07-12.18.09:204][257]LogPlayLevel: PIE:  No blueprints needed recompiling
[2021.05.07-12.18.09:204][257]PIE: New page: PIEセッション: Test_Player_Movement (2021/05/08 6:18:09)
[2021.05.07-12.18.09:206][257]LogPlayLevel: PIE: StaticDuplicateObject took: (0.002003s)
[2021.05.07-12.18.09:207][257]LogPlayLevel: PIE: World Init took: (0.000379s)
[2021.05.07-12.18.09:207][257]LogPlayLevel: PIE: Created PIE world by copying editor world from /Game/Maps/Test/Test_Player_Movement.Test_Player_Movement to /Game/Maps/Test/UEDPIE_0_Test_Player_Movement.Test_Player_Movement (0.002483s)
[2021.05.07-12.18.09:249][257]LogWorld: Game class is 'PNGameMode_C'
[2021.05.07-12.18.09:251][257]LogAIModule: Creating AISystem for world Test_Player_Movement
[2021.05.07-12.18.09:253][257]LogWorld: Bringing World /Game/Maps/Test/UEDPIE_0_Test_Player_Movement.Test_Player_Movement up for play (max tick rate 0) at 2021.05.07-21.18.09
[2021.05.07-12.18.09:254][257]LogWorld: Bringing up level for play took: 0.002560
[2021.05.07-12.18.09:270][257]PIE: 情報 /Game/Maps/Test/UEDPIE_0_Test_Player_Movement -0.131のPIE開始時間
[2021.05.07-12.18.14:091][752]LogParticles: Destroying 0 GPU particle simulations for FXSystem 0x000001CB23F1ECA0
[2021.05.07-12.19.08:770][217]Cmd: OBJ SAVEPACKAGE PACKAGE="/Game/Blueprints/PNPlayerPawn" FILE="../../../../../../Users/magi1/Documents/UE4_PaperNinja_FirstTime/PaperNinja/Content/Blueprints/PNPlayerPawn.uasset" SILENT=true
[2021.05.07-12.19.09:096][217]LogSavePackage: Save=313.349213ms
[2021.05.07-12.19.09:096][217]LogSavePackage: Moving '../../../../../../Users/magi1/Documents/UE4_PaperNinja_FirstTime/PaperNinja/Saved/PNPlayerPawnC3486A3B474CDAC07057FB84B5D40C7D.tmp' to '../../../../../../Users/magi1/Documents/UE4_PaperNinja_FirstTime/PaperNinja/Content/Blueprints/PNPlayerPawn.uasset'
[2021.05.07-12.19.58:859][ 29]LogRenderer:Warning: Reallocating scene render targets to support 1296x904 (Frame:63026).
[2021.05.07-12.20.30:540][731]BlueprintLog: New page: PNPlayerCameraManager をコンパイル
[2021.05.07-12.20.30:593][731]LogActorComponent: UnregisterComponent: (/Engine/Transient.CharMoveComp) Not registered. Aborting.
[2021.05.07-12.20.30:606][731]BlueprintEditorCompileResults: 情報 [1814.49] PNPlayerCameraManager のコンパイルに成功しました！  [ 64 ミリ秒]
[2021.05.07-12.20.35:354][238]LogPlayLevel: PIE:  No blueprints needed recompiling
[2021.05.07-12.20.35:354][238]PIE: New page: PIEセッション: Test_Player_Movement (2021/05/08 6:20:35)
[2021.05.07-12.20.35:357][238]LogPlayLevel: PIE: StaticDuplicateObject took: (0.002295s)
[2021.05.07-12.20.35:357][238]LogPlayLevel: PIE: World Init took: (0.000420s)
[2021.05.07-12.20.35:357][238]LogPlayLevel: PIE: Created PIE world by copying editor world from /Game/Maps/Test/Test_Player_Movement.Test_Player_Movement to /Game/Maps/Test/UEDPIE_0_Test_Player_Movement.Test_Player_Movement (0.002821s)
[2021.05.07-12.20.35:403][238]LogWorld: Game class is 'PNGameMode_C'
[2021.05.07-12.20.35:406][238]LogAIModule: Creating AISystem for world Test_Player_Movement
[2021.05.07-12.20.35:410][238]LogWorld: Bringing World /Game/Maps/Test/UEDPIE_0_Test_Player_Movement.Test_Player_Movement up for play (max tick rate 0) at 2021.05.07-21.20.35
[2021.05.07-12.20.35:410][238]LogWorld: Bringing up level for play took: 0.004276
[2021.05.07-12.20.35:424][238]PIE: 情報 /Game/Maps/Test/UEDPIE_0_Test_Player_Movement 0.024のPIE開始時間
[2021.05.07-12.20.39:124][635]LogParticles: Destroying 0 GPU particle simulations for FXSystem 0x000001CB3B9D2980
[2021.05.07-12.20.44:697][254]LogActorComponent: UnregisterComponent: (/Engine/Transient.CharMoveComp) Not registered. Aborting.
[2021.05.07-12.20.47:349][254]LogSavePackage: Save=14.003400ms
[2021.05.07-12.20.47:349][254]LogSavePackage: Moving '../../../../../../Users/magi1/Documents/UE4_PaperNinja_FirstTime/PaperNinja/Saved/PNPlayerCameraManagerE924B60243225A196E50FFA1F45C4810.tmp' to '../../../../../../Users/magi1/Documents/UE4_PaperNinja_FirstTime/PaperNinja/Content/Blueprints/PNPlayerCameraManager.uasset'
[2021.05.07-12.20.47:383][254]LogSavePackage: Save=12.746100ms
[2021.05.07-12.20.47:383][254]LogSavePackage: Moving '../../../../../../Users/magi1/Documents/UE4_PaperNinja_FirstTime/PaperNinja/Saved/PNPLayerController14C9551D4539678F44E2A1AC0481E62C.tmp' to '../../../../../../Users/magi1/Documents/UE4_PaperNinja_FirstTime/PaperNinja/Content/Blueprints/PNPLayerController.uasset'
[2021.05.07-12.20.48:109][339]LogActorComponent: UnregisterComponent: (/Engine/Transient.CharMoveComp) Not registered. Aborting.
[2021.05.07-12.20.48:662][340]Cmd: QUIT_EDITOR
[2021.05.07-12.20.48:886][340]LogExit: Preparing to exit.
[2021.05.07-12.20.50:175][340]LogExit: Editor shut down
[2021.05.07-12.20.50:175][340]LogExit: Transaction tracking system shut down
[2021.05.07-12.20.50:176][340]LogParticles: Destroying 0 GPU particle simulations for FXSystem 0x000001CB63EE2480
[2021.05.07-12.20.50:176][340]LogParticles: Destroying 0 GPU particle simulations for FXSystem 0x000001CB6AF2C720
[2021.05.07-12.20.50:176][340]LogParticles: Destroying 0 GPU particle simulations for FXSystem 0x000001CB6A4D7060
[2021.05.07-12.20.50:176][340]LogParticles: Destroying 0 GPU particle simulations for FXSystem 0x000001CB6A28CFE0
[2021.05.07-12.20.50:176][340]LogParticles: Destroying 0 GPU particle simulations for FXSystem 0x000001CB6A345940
[2021.05.07-12.20.50:178][340]LogParticles: Destroying 0 GPU particle simulations for FXSystem 0x000001CB3B9D18A0
[2021.05.07-12.20.50:365][340]LogParticles: Destroying 0 GPU particle simulations for FXSystem 0x000001CB1D06FEC0
[2021.05.07-12.20.50:365][340]LogExit: Object subsystem successfully closed.
[2021.05.07-12.20.50:505][340]LogModuleManager: Shutting down and abandoning module ExternalImagePicker (179)
[2021.05.07-12.20.50:505][340]LogModuleManager: Shutting down and abandoning module CrashTracker (178)
[2021.05.07-12.20.50:505][340]LogModuleManager: Shutting down and abandoning module SuperSearch (177)
[2021.05.07-12.20.50:505][340]LogModuleManager: Shutting down and abandoning module WorldBrowser (176)
[2021.05.07-12.20.50:505][340]LogModuleManager: Shutting down and abandoning module SceneOutliner (175)
[2021.05.07-12.20.50:506][340]LogModuleManager: Shutting down and abandoning module EditorWidgets (174)
[2021.05.07-12.20.50:506][340]LogModuleManager: Shutting down and abandoning module CollectionManager (173)
[2021.05.07-12.20.50:506][340]LogModuleManager: Shutting down and abandoning module StatsViewer (172)
[2021.05.07-12.20.50:506][340]LogModuleManager: Shutting down and abandoning module FoliageEdit (171)
[2021.05.07-12.20.50:506][340]LogModuleManager: Shutting down and abandoning module LandscapeEditor (170)
[2021.05.07-12.20.50:518][340]LogModuleManager: Shutting down and abandoning module MeshPaint (169)
[2021.05.07-12.20.50:518][340]LogModuleManager: Shutting down and abandoning module ActorPickerMode (168)
[2021.05.07-12.20.50:518][340]LogModuleManager: Shutting down and abandoning module GeometryMode (167)
[2021.05.07-12.20.50:518][340]LogModuleManager: Shutting down and abandoning module TextureAlignMode (166)
[2021.05.07-12.20.50:518][340]LogModuleManager: Shutting down and abandoning module BspMode (165)
[2021.05.07-12.20.50:518][340]LogModuleManager: Shutting down and abandoning module PlacementMode (164)
[2021.05.07-12.20.50:518][340]LogModuleManager: Shutting down and abandoning module AutomationWorker (163)
[2021.05.07-12.20.50:519][340]LogModuleManager: Shutting down and abandoning module CharacterAI (162)
[2021.05.07-12.20.50:519][340]LogModuleManager: Shutting down and abandoning module SmartSnapping (161)
[2021.05.07-12.20.50:519][340]LogModuleManager: Shutting down and abandoning module ViewportSnapping (160)
[2021.05.07-12.20.50:519][340]LogModuleManager: Shutting down and abandoning module LogVisualizer (159)
[2021.05.07-12.20.50:519][340]LogModuleManager: Shutting down and abandoning module GameProjectGeneration (158)
[2021.05.07-12.20.50:534][340]LogModuleManager: Shutting down and abandoning module IntroTutorials (157)
[2021.05.07-12.20.50:534][340]LogModuleManager: Shutting down and abandoning module EditorLiveStreaming (156)
[2021.05.07-12.20.50:534][340]LogModuleManager: Shutting down and abandoning module HardwareTargeting (155)
[2021.05.07-12.20.50:534][340]LogModuleManager: Shutting down and abandoning module DeviceProfileEditor (154)
[2021.05.07-12.20.50:534][340]LogModuleManager: Shutting down and abandoning module UndoHistory (153)
[2021.05.07-12.20.50:534][340]LogModuleManager: Shutting down and abandoning module GameplayTagsEditor (152)
[2021.05.07-12.20.50:534][340]LogModuleManager: Shutting down and abandoning module UserFeedback (151)
[2021.05.07-12.20.50:534][340]LogModuleManager: Shutting down and abandoning module XmlParser (150)
[2021.05.07-12.20.50:534][340]LogModuleManager: Shutting down and abandoning module Blutility (149)
[2021.05.07-12.20.50:534][340]LogModuleManager: Shutting down and abandoning module IOSPlatformEditor (148)
[2021.05.07-12.20.50:534][340]LogModuleManager: Shutting down and abandoning module IOSRuntimeSettings (147)
[2021.05.07-12.20.50:534][340]LogModuleManager: Shutting down and abandoning module AndroidDeviceDetection (146)
[2021.05.07-12.20.50:605][340]LogModuleManager: Shutting down and abandoning module AndroidPlatformEditor (145)
[2021.05.07-12.20.50:605][340]LogModuleManager: Shutting down and abandoning module AndroidRuntimeSettings (144)
[2021.05.07-12.20.50:605][340]LogModuleManager: Shutting down and abandoning module ProjectTargetPlatformEditor (143)
[2021.05.07-12.20.50:605][340]LogModuleManager: Shutting down and abandoning module ProjectSettingsViewer (142)
[2021.05.07-12.20.50:605][340]LogModuleManager: Shutting down and abandoning module InputBindingEditor (141)
[2021.05.07-12.20.50:606][340]LogModuleManager: Shutting down and abandoning module EditorSettingsViewer (140)
[2021.05.07-12.20.50:606][340]LogModuleManager: Shutting down and abandoning module SettingsEditor (139)
[2021.05.07-12.20.50:606][340]LogModuleManager: Shutting down and abandoning module ProjectLauncher (138)
[2021.05.07-12.20.50:606][340]LogModuleManager: Shutting down and abandoning module SessionFrontend (137)
[2021.05.07-12.20.50:606][340]LogModuleManager: Shutting down and abandoning module ProfilerClient (136)
[2021.05.07-12.20.50:619][340]LogModuleManager: Shutting down and abandoning module TargetDeviceServices (135)
[2021.05.07-12.20.50:619][340]LogModuleManager: Shutting down and abandoning module DeviceManager (134)
[2021.05.07-12.20.50:619][340]LogModuleManager: Shutting down and abandoning module AutomationController (133)
[2021.05.07-12.20.50:619][340]LogModuleManager: Shutting down and abandoning module AutomationWindow (132)
[2021.05.07-12.20.50:627][340]LogModuleManager: Shutting down and abandoning module Layers (131)
[2021.05.07-12.20.50:627][340]LogModuleManager: Shutting down and abandoning module ComponentVisualizers (130)
[2021.05.07-12.20.50:627][340]LogModuleManager: Shutting down and abandoning module DetailCustomizations (129)
[2021.05.07-12.20.50:627][340]LogModuleManager: Shutting down and abandoning module PackagesDialog (128)
[2021.05.07-12.20.50:627][340]LogModuleManager: Shutting down and abandoning module AssetRegistry (127)
[2021.05.07-12.20.50:653][340]LogModuleManager: Shutting down and abandoning module Persona (126)
[2021.05.07-12.20.50:668][340]LogModuleManager: Shutting down and abandoning module SlateReflector (125)
[2021.05.07-12.20.50:679][340]LogModuleManager: Shutting down and abandoning module LevelEditor (124)
[2021.05.07-12.20.50:680][340]LogModuleManager: Shutting down and abandoning module Kismet (123)
[2021.05.07-12.20.50:680][340]LogModuleManager: Shutting down and abandoning module GraphEditor (122)
[2021.05.07-12.20.50:680][340]LogModuleManager: Shutting down and abandoning module ClassViewer (121)
[2021.05.07-12.20.50:680][340]LogModuleManager: Shutting down and abandoning module Toolbox (120)
[2021.05.07-12.20.50:680][340]LogModuleManager: Shutting down and abandoning module ModuleUI (119)
[2021.05.07-12.20.50:689][340]LogModuleManager: Shutting down and abandoning module MovieSceneTools (118)
[2021.05.07-12.20.50:698][340]LogModuleManager: Shutting down and abandoning module OutputLog (117)
[2021.05.07-12.20.50:698][340]LogModuleManager: Shutting down and abandoning module GammaUI (116)
[2021.05.07-12.20.50:709][340]LogModuleManager: Shutting down and abandoning module Documentation (115)
[2021.05.07-12.20.50:709][340]LogModuleManager: Shutting down and abandoning module GameLiveStreaming (114)
[2021.05.07-12.20.50:709][340]LogModuleManager: Shutting down and abandoning module StreamingPauseRendering (113)
[2021.05.07-12.20.50:709][340]LogModuleManager: Shutting down and abandoning module HTTP (112)
[2021.05.07-12.20.50:709][340]LogModuleManager: Shutting down and abandoning module AnalyticsET (111)
[2021.05.07-12.20.50:709][340]LogModuleManager: Shutting down and abandoning module Analytics (110)
[2021.05.07-12.20.50:709][340]LogModuleManager: Shutting down and abandoning module AITestSuite (109)
[2021.05.07-12.20.50:709][340]LogModuleManager: Shutting down and abandoning module GameplayDebugger (108)
[2021.05.07-12.20.50:709][340]LogModuleManager: Shutting down and abandoning module AIModule (107)
[2021.05.07-12.20.50:709][340]LogModuleManager: Shutting down and abandoning module ProfilerService (106)
[2021.05.07-12.20.50:822][340]LogModuleManager: Shutting down and abandoning module TaskGraph (105)
[2021.05.07-12.20.50:830][340]LogModuleManager: Shutting down and abandoning module SlateRemote (104)
[2021.05.07-12.20.50:830][340]LogModuleManager: Shutting down and abandoning module ScriptEditorPlugin (103)
[2021.05.07-12.20.50:830][340]LogModuleManager: Shutting down and abandoning module CustomMeshComponent (102)
[2021.05.07-12.20.50:830][340]LogModuleManager: Shutting down and abandoning module CableComponent (101)
[2021.05.07-12.20.50:830][340]LogModuleManager: Shutting down and abandoning module MessagingDebugger (100)
[2021.05.07-12.20.50:846][340]LogModuleManager: Shutting down and abandoning module MediaPlayerEditor (99)
[2021.05.07-12.20.50:846][340]LogModuleManager: Shutting down and abandoning module SpeedTreeImporter (98)
[2021.05.07-12.20.50:846][340]LogModuleManager: Shutting down and abandoning module PluginsEditor (97)
[2021.05.07-12.20.50:846][340]LogModuleManager: Shutting down and abandoning module MainFrame (96)
[2021.05.07-12.20.50:846][340]LogModuleManager: Shutting down and abandoning module EpicSurvey (95)
[2021.05.07-12.20.50:846][340]LogModuleManager: Shutting down and abandoning module DesktopPlatform (94)
[2021.05.07-12.20.50:847][340]LogModuleManager: Shutting down and abandoning module DirectoryWatcher (93)
[2021.05.07-12.20.50:847][340]LogModuleManager: Shutting down and abandoning module HotReload (92)
[2021.05.07-12.20.50:847][340]LogModuleManager: Shutting down and abandoning module VisualStudioSourceCodeAccess (91)
[2021.05.07-12.20.50:847][340]LogModuleManager: Shutting down and abandoning module UObjectPlugin (90)
[2021.05.07-12.20.50:847][340]LogModuleManager: Shutting down and abandoning module SubversionSourceControl (89)
[2021.05.07-12.20.50:847][340]LogModuleManager: Shutting down and abandoning module PerforceSourceControl (88)
[2021.05.07-12.20.50:858][340]LogModuleManager: Shutting down and abandoning module SourceControl (87)
[2021.05.07-12.20.50:858][340]LogModuleManager: Shutting down and abandoning module GitSourceControl (86)
[2021.05.07-12.20.50:858][340]LogModuleManager: Shutting down and abandoning module BlankPlugin (85)
[2021.05.07-12.20.50:858][340]LogModuleManager: Shutting down and abandoning module PaperTiledImporter (84)
[2021.05.07-12.20.50:858][340]LogModuleManager: Shutting down and abandoning module PaperJsonImporter (83)
[2021.05.07-12.20.50:858][340]LogModuleManager: Shutting down and abandoning module ContentBrowser (82)
[2021.05.07-12.20.50:858][340]LogModuleManager: Shutting down and abandoning module Paper2DEditor (81)
[2021.05.07-12.20.50:858][340]LogModuleManager: Shutting down and abandoning module ScriptPlugin (80)
[2021.05.07-12.20.50:868][340]LogModuleManager: Shutting down and abandoning module UdpMessaging (79)
[2021.05.07-12.20.50:968][340]LogModuleManager: Shutting down and abandoning module Paper2D (78)
[2021.05.07-12.20.50:968][340]LogModuleManager: Shutting down and abandoning module WindowsMoviePlayer (77)
[2021.05.07-12.20.50:969][340]LogModuleManager: Shutting down and abandoning module Media (76)
[2021.05.07-12.20.50:969][340]LogModuleManager: Shutting down and abandoning module WmfMedia (75)
[2021.05.07-12.20.50:970][340]LogModuleManager: Shutting down and abandoning module OnlineBlueprintSupport (74)
[2021.05.07-12.20.50:970][340]LogModuleManager: Shutting down and abandoning module PropertyEditor (73)
[2021.05.07-12.20.50:970][340]LogModuleManager: Shutting down and abandoning module BehaviorTreeEditor (72)
[2021.05.07-12.20.50:979][340]LogModuleManager: Shutting down and abandoning module FunctionalTesting (71)
[2021.05.07-12.20.50:979][340]LogModuleManager: Shutting down and abandoning module CollisionAnalyzer (70)
[2021.05.07-12.20.50:995][340]LogModuleManager: Shutting down and abandoning module WorkspaceMenuStructure (69)
[2021.05.07-12.20.50:995][340]LogModuleManager: Shutting down and abandoning module MessageLog (68)
[2021.05.07-12.20.50:995][340]LogModuleManager: Shutting down and abandoning module Sequencer (67)
[2021.05.07-12.20.50:995][340]LogModuleManager: Shutting down and abandoning module AssetTools (66)
[2021.05.07-12.20.51:004][340]LogModuleManager: Shutting down and abandoning module UMGEditor (65)
[2021.05.07-12.20.51:018][340]LogModuleManager: Shutting down and abandoning module UMG (64)
[2021.05.07-12.20.51:027][340]LogModuleManager: Shutting down and abandoning module Slate (63)
[2021.05.07-12.20.51:027][340]LogModuleManager: Shutting down and abandoning module EditorStyle (62)
[2021.05.07-12.20.51:030][340]LogModuleManager: Shutting down and abandoning module SessionServices (61)
[2021.05.07-12.20.51:030][340]LogModuleManager: Shutting down and abandoning module SourceCodeAccess (60)
[2021.05.07-12.20.51:030][340]LogModuleManager: Shutting down and abandoning module HeadMountedDisplay (59)
[2021.05.07-12.20.51:030][340]LogModuleManager: Shutting down and abandoning module XAudio2 (58)
[2021.05.07-12.20.51:030][340]LogModuleManager: Shutting down and abandoning module Networking (56)
[2021.05.07-12.20.51:030][340]LogModuleManager: Shutting down and abandoning module Core (55)
[2021.05.07-12.20.51:030][340]LogModuleManager: Shutting down and abandoning module KismetCompiler (54)
[2021.05.07-12.20.51:030][340]LogModuleManager: Shutting down and abandoning module PhysXFormats (53)
[2021.05.07-12.20.51:030][340]LogModuleManager: Shutting down and abandoning module MeshUtilities (52)
[2021.05.07-12.20.51:040][340]LogModuleManager: Shutting down and abandoning module DerivedDataCache (51)
[2021.05.07-12.20.51:044][340]LogDerivedDataCache: Shutdown
[2021.05.07-12.20.51:044][340]LogModuleManager: Shutting down and abandoning module ShaderFormatOpenGL (50)
[2021.05.07-12.20.51:056][340]LogModuleManager: Shutting down and abandoning module ShaderFormatD3D (49)
[2021.05.07-12.20.51:056][340]LogModuleManager: Shutting down and abandoning module MetalShaderFormat (48)
[2021.05.07-12.20.51:062][340]LogModuleManager: Shutting down and abandoning module TextureFormatUncompressed (47)
[2021.05.07-12.20.51:062][340]LogModuleManager: Shutting down and abandoning module TextureFormatPVR (46)
[2021.05.07-12.20.51:062][340]LogModuleManager: Shutting down and abandoning module TextureFormatIntelISPCTexComp (45)
[2021.05.07-12.20.51:062][340]LogModuleManager: Shutting down and abandoning module TextureFormatDXT (44)
[2021.05.07-12.20.51:062][340]LogModuleManager: Shutting down and abandoning module ImageWrapper (43)
[2021.05.07-12.20.51:062][340]LogModuleManager: Shutting down and abandoning module TextureFormatASTC (42)
[2021.05.07-12.20.51:062][340]LogModuleManager: Shutting down and abandoning module TextureFormatAndroid (41)
[2021.05.07-12.20.51:062][340]LogModuleManager: Shutting down and abandoning module AudioFormatOpus (40)
[2021.05.07-12.20.51:062][340]LogModuleManager: Shutting down and abandoning module AudioFormatOgg (39)
[2021.05.07-12.20.51:062][340]LogModuleManager: Shutting down and abandoning module AudioFormatADPCM (38)
[2021.05.07-12.20.51:062][340]LogModuleManager: Shutting down and abandoning module LinuxTargetPlatform (37)
[2021.05.07-12.20.51:062][340]LogModuleManager: Shutting down and abandoning module LinuxServerTargetPlatform (36)
[2021.05.07-12.20.51:062][340]LogModuleManager: Shutting down and abandoning module LinuxNoEditorTargetPlatform (35)
[2021.05.07-12.20.51:062][340]LogModuleManager: Shutting down and abandoning module Messaging (34)
[2021.05.07-12.20.51:062][340]LogModuleManager: Shutting down and abandoning module IOSTargetPlatform (33)
[2021.05.07-12.20.51:062][340]LogModuleManager: Shutting down and abandoning module HTML5TargetPlatform (32)
[2021.05.07-12.20.51:062][340]LogModuleManager: Shutting down and abandoning module Android_PVRTCTargetPlatform (31)
[2021.05.07-12.20.51:062][340]LogModuleManager: Shutting down and abandoning module Android_ETC2TargetPlatform (30)
[2021.05.07-12.20.51:062][340]LogModuleManager: Shutting down and abandoning module Android_ETC1TargetPlatform (29)
[2021.05.07-12.20.51:062][340]LogModuleManager: Shutting down and abandoning module Android_ES31TargetPlatform (28)
[2021.05.07-12.20.51:062][340]LogModuleManager: Shutting down and abandoning module Android_DXTTargetPlatform (27)
[2021.05.07-12.20.51:062][340]LogModuleManager: Shutting down and abandoning module Android_ATCTargetPlatform (26)
[2021.05.07-12.20.51:062][340]LogModuleManager: Shutting down and abandoning module AndroidTargetPlatform (25)
[2021.05.07-12.20.51:062][340]LogModuleManager: Shutting down and abandoning module WindowsTargetPlatform (24)
[2021.05.07-12.20.51:062][340]LogModuleManager: Shutting down and abandoning module WindowsServerTargetPlatform (23)
[2021.05.07-12.20.51:062][340]LogModuleManager: Shutting down and abandoning module WindowsNoEditorTargetPlatform (22)
[2021.05.07-12.20.51:062][340]LogModuleManager: Shutting down and abandoning module WindowsClientTargetPlatform (21)
[2021.05.07-12.20.51:062][340]LogModuleManager: Shutting down and abandoning module TargetPlatform (20)
[2021.05.07-12.20.51:062][340]LogModuleManager: Shutting down and abandoning module InputCore (19)
[2021.05.07-12.20.51:062][340]LogModuleManager: Shutting down and abandoning module Settings (18)
[2021.05.07-12.20.51:062][340]LogModuleManager: Shutting down and abandoning module OnlineSubsystem (16)
[2021.05.07-12.20.51:062][340]LogModuleManager: Shutting down and abandoning module OculusRift (15)
[2021.05.07-12.20.51:062][340]LogModuleManager: Shutting down and abandoning module ExampleDeviceProfileSelector (14)
[2021.05.07-12.20.51:062][340]LogModuleManager: Shutting down and abandoning module TextureCompressor (13)
[2021.05.07-12.20.51:062][340]LogModuleManager: Shutting down and abandoning module ShaderCore (12)
[2021.05.07-12.20.51:062][340]LogModuleManager: Shutting down and abandoning module Landscape (11)
[2021.05.07-12.20.51:062][340]LogModuleManager: Shutting down and abandoning module SlateRHIRenderer (10)
[2021.05.07-12.20.51:064][340]LogModuleManager: Shutting down and abandoning module OpenGLDrv (9)
[2021.05.07-12.20.51:064][340]LogModuleManager: Shutting down and abandoning module D3D11RHI (8)
[2021.05.07-12.20.51:064][340]LogModuleManager: Shutting down and abandoning module Renderer (7)
[2021.05.07-12.20.51:064][340]LogModuleManager: Shutting down and abandoning module Engine (6)
[2021.05.07-12.20.51:064][340]LogModuleManager: Shutting down and abandoning module CoreUObject (5)
[2021.05.07-12.20.51:064][340]LogModuleManager: Shutting down and abandoning module NetworkFile (4)
[2021.05.07-12.20.51:064][340]LogModuleManager: Shutting down and abandoning module StreamingFile (3)
[2021.05.07-12.20.51:064][340]LogModuleManager: Shutting down and abandoning module SandboxFile (2)
[2021.05.07-12.20.51:064][340]LogModuleManager: Shutting down and abandoning module PakFile (1)
[2021.05.07-12.20.51:065][340]LogExit: Exiting.
[2021.05.07-12.20.51:069][340]Log file closed, 05/07/21 21:20:51
