Log file open, 05/20/21 21:36:29
LogInit:Display: Running engine for game: PaperNinja
LogInit: Version: 4.7.6-2513093+++depot+UE4-Releases+4.7
LogInit: API Version: 2455222
LogInit: Compiled (64-bit): Apr 15 2015 12:09:54
LogInit: Compiled with Visual C++: 18.00.21005.01
LogInit: Build Configuration: Development
LogInit: Branch Name: ++depot+UE4-Releases+4.7
LogInit: Command line:  
LogInit: Base directory: C:/Program Files/Epic Games/UE_4.7/Engine/Binaries/Win64/
LogInit: Rocket: 1
[2021.05.20-12.36.29:272][  0]LogTaskGraph: Started task graph with 3 named threads and 8 total threads.
[2021.05.20-12.36.29:378][  0]LogOnline:Warning: No default platform service specified for OnlineSubsystem
[2021.05.20-12.36.29:421][  0]LogInit: Presizing for 0 objects not considered by GC, pre-allocating 0 bytes.
[2021.05.20-12.36.29:439][  0]LogInit: Object subsystem initialized
[2021.05.20-12.36.29:443][  0]LogConsoleResponse:Warning: Skipping Unknown console variable: 'TranslucentSortAxis = (X=0.000000,Y=-1.000000,Z=0.000000)'
[2021.05.20-12.36.29:443][  0]LogConsoleResponse:Warning:   Found in ini file 'C:/Users/magi1/Documents/PaperNinja_FirstTime/PaperNinja/Saved/Config/Windows/Engine.ini', in section '[/Script/Engine.RendererSettings]'
[2021.05.20-12.36.29:443][  0]LogConsoleResponse:Warning: Skipping Unknown console variable: 'UIScaleRule = ShortestSide'
[2021.05.20-12.36.29:443][  0]LogConsoleResponse:Warning:   Found in ini file 'C:/Users/magi1/Documents/PaperNinja_FirstTime/PaperNinja/Saved/Config/Windows/Engine.ini', in section '[/Script/Engine.RendererSettings]'
[2021.05.20-12.36.29:443][  0]LogConsoleResponse:Warning: Skipping Unknown console variable: 'UIScaleCurve = (EditorCurveData=(Keys=),ExternalCurve=None)'
[2021.05.20-12.36.29:443][  0]LogConsoleResponse:Warning:   Found in ini file 'C:/Users/magi1/Documents/PaperNinja_FirstTime/PaperNinja/Saved/Config/Windows/Engine.ini', in section '[/Script/Engine.RendererSettings]'
[2021.05.20-12.36.29:444][  0]LogInit: Selected Device Profile: [Windows]
[2021.05.20-12.36.29:444][  0]LogInit: Applying CVar settings loaded from the selected device profile: [Windows]
[2021.05.20-12.36.29:459][  0]LogInit: Computer: DESKTOP-QG331CQ
[2021.05.20-12.36.29:459][  0]LogInit: User: magi1
[2021.05.20-12.36.29:459][  0]LogInit: CPU Page size=4096, Cores=6
[2021.05.20-12.36.29:460][  0]LogInit: High frequency timer resolution =10.000000 MHz
[2021.05.20-12.36.29:460][  0]LogMemory: Memory total: Physical=15.9GB (16GB approx) Virtual=131072.0GB
[2021.05.20-12.36.29:460][  0]LogMemory: Platform Memory Stats for Windows
[2021.05.20-12.36.29:460][  0]LogMemory: Process Physical Memory: 49.99 MB used, 49.99 MB peak
[2021.05.20-12.36.29:460][  0]LogMemory: Process Virtual Memory: 28.84 MB used, 28.84 MB peak
[2021.05.20-12.36.29:460][  0]LogMemory: Physical Memory: 7215.81 MB used, 16239.85 MB total
[2021.05.20-12.36.29:460][  0]LogMemory: Virtual Memory: 4435.00 MB used, 134217728.00 MB total
[2021.05.20-12.36.29:774][  0]LogD3D11RHI: Found D3D11 adapter 0: NVIDIA GeForce RTX 2080 (Feature Level 11_0)
[2021.05.20-12.36.29:774][  0]LogD3D11RHI: Adapter has 8010MB of dedicated video memory, 0MB of dedicated system memory, and 8119MB of shared system memory, 2 output[s]
[2021.05.20-12.36.29:847][  0]LogD3D11RHI: Found D3D11 adapter 1: Intel(R) UHD Graphics 630 (Feature Level 11_0)
[2021.05.20-12.36.29:847][  0]LogD3D11RHI: Adapter has 128MB of dedicated video memory, 0MB of dedicated system memory, and 8119MB of shared system memory, 0 output[s]
[2021.05.20-12.36.29:852][  0]LogD3D11RHI: Found D3D11 adapter 2: Microsoft Basic Render Driver (Feature Level 11_0)
[2021.05.20-12.36.29:852][  0]LogD3D11RHI: Adapter has 0MB of dedicated video memory, 0MB of dedicated system memory, and 8119MB of shared system memory, 0 output[s]
[2021.05.20-12.36.29:852][  0]LogD3D11RHI: Chosen D3D11 Adapter Id = 0
[2021.05.20-12.36.29:867][  0]LogRHI: Texture pool is 1361 MB (70% of 1945 MB)
[2021.05.20-12.36.30:076][  0]LogD3D11RHI: Async texture creation enabled
[2021.05.20-12.36.30:228][  0]LogTextLocalizationManager: The requested culture ('ja_JP') has no localization data; parent culture's ('ja') localization data will be used.
[2021.05.20-12.36.30:362][  0]LogTextLocalizationManager:Warning: Loading localization resources contain conflicting entries for (Namespace:UICommands, Key:Save_ToolTip):
Resource: (C:/Program Files/Epic Games/UE_4.7/Engine/Content/Localization/Editor/ja/Editor.locres) Hash: (-29098895) String: (現行レベルをディスクに保存)
Resource: (C:/Program Files/Epic Games/UE_4.7/Engine/Content/Localization/Engine/ja/Engine.locres) Hash: (-1280300587) String: (選択データをvlogファイルに保存)
[2021.05.20-12.36.30:363][  0]LogTextLocalizationManager:Warning: Loading localization resources contain conflicting entries for (Namespace:ContentBrowser, Key:ImportAssetToolTip):
Resource: (C:/Program Files/Epic Games/UE_4.7/Engine/Content/Localization/Editor/ja/Editor.locres) Hash: (-630476809) String: ({0} にインポート...)
Resource: (C:/Program Files/Epic Games/UE_4.7/Engine/Content/Localization/Editor/ja/Editor.locres) Hash: (1271782899) String: (このフォルダへファイルからアセットをインポート)
[2021.05.20-12.36.30:525][  0]LogContentStreaming: Texture pool size is 0.000000MB
[2021.05.20-12.36.36:074][  0]LogTargetPlatformManager:Display: Building Assets For Windows
[2021.05.20-12.36.37:420][  0]LogTargetPlatformManager:Display: Building Assets For Windows
[2021.05.20-12.36.37:590][  0]LogDerivedDataCache:Display: Max Cache Size: 512 MB
[2021.05.20-12.36.37:648][  0]LogDerivedDataCache: Loaded boot cache 0.06s 39MB C:/Users/magi1/AppData/Local/UnrealEngine/4.7/DerivedDataCache/Boot.ddc.
[2021.05.20-12.36.37:648][  0]LogDerivedDataCache:Display: Loaded Boot cache: C:/Users/magi1/AppData/Local/UnrealEngine/4.7/DerivedDataCache/Boot.ddc
[2021.05.20-12.36.37:649][  0]LogDerivedDataCache: FDerivedDataBackendGraph:  Pak pak cache file ../../../../../../Users/magi1/Documents/PaperNinja_FirstTime/PaperNinja/DerivedDataCache/DDC.ddp not found, will not use a pak cache.
[2021.05.20-12.36.37:649][  0]LogDerivedDataCache: Unable to find inner node Pak for hierarchical cache Hierarchy.
[2021.05.20-12.36.37:907][  0]LogDerivedDataCache:Display: Pak cache opened for reading ../../../Engine/DerivedDataCache/Compressed.ddp.
[2021.05.20-12.36.37:922][  0]LogDerivedDataCache: Using Local data cache path C:/Users/magi1/AppData/Local/UnrealEngine/Common/DerivedDataCache: Writable
[2021.05.20-12.36.38:520][  0]LogMeshUtilities: No automatic mesh reduction module available
[2021.05.20-12.36.38:520][  0]LogMeshUtilities: No automatic mesh merging module available
[2021.05.20-12.36.39:315][  0]LogInit: WinSock: version 1.1 (2.2), MaxSocks=32767, MaxUdp=65467
[2021.05.20-12.36.39:565][  0]LogSlate:Warning: Failed to load font data from '../../../Engine/Content/Slate/Fonts/Roboto-Italic.ttf'
[2021.05.20-12.36.41:455][  0]UdpMessaging: Initializing bridge on interface 0.0.0.0:0 to multicast group 230.0.0.1:6666.
[2021.05.20-12.36.41:956][  0]SourceControl: 情報 ソースコントロールは無効です
[2021.05.20-12.36.41:956][  0]SourceControl: 情報 ソースコントロールは無効です
[2021.05.20-12.36.41:957][  0]SourceControl: 情報 ソースコントロールは無効です
[2021.05.20-12.36.41:957][  0]LogSourceControl: RunCommandInternalRaw: 'git version'
[2021.05.20-12.36.41:957][  0]LogSourceControl: RunCommandInternalRaw: ExecProcess ReturnCode=2 OutResults=''
[2021.05.20-12.36.41:986][  0]SourceControl: 情報 ソースコントロールは無効です
[2021.05.20-12.36.42:555][  0]LogObj: 24232 objects as part of root set at end of initial load.
[2021.05.20-12.36.42:555][  0]LogUObjectAllocator: 5137176 out of 0 bytes used by permanent object pool.
[2021.05.20-12.36.42:732][  0]LogEngine: Initializing Engine...
[2021.05.20-12.36.45:068][  0]LogInit: XAudio2 using 'スピーカー (Realtek(R) Audio)' : 2 channels at 48 kHz using 32 bits per sample (channel mask 0x3)
[2021.05.20-12.36.45:124][  0]LogInit: FAudioDevice initialized.
[2021.05.20-12.36.45:236][  0]LogAIModule: Creating AISystem for world NewWorld
[2021.05.20-12.36.45:274][  0]LogDerivedDataCache: Saved boot cache 0.04s 39MB C:/Users/magi1/AppData/Local/UnrealEngine/4.7/DerivedDataCache/Boot.ddc.
[2021.05.20-12.36.45:279][  0]LogInit: Texture streaming: Enabled
[2021.05.20-12.36.45:499][  0]LogAnalytics: Creating configured Analytics provider AnalyticsET
[2021.05.20-12.36.45:499][  0]LogAnalytics: ET APIKey = Rocket.Release. APIServer = http://et2.epicgames.com/ET2/. AppVersion = 4.7.6-2513093+++depot+UE4-Releases+4.7
[2021.05.20-12.36.45:499][  0]LogAnalytics: ET APIKey = Rocket.Release. DataRouterUploadURL = https://datarouter-public-service-gamedev.ol.epicgames.net/datarouter/api/v1/public/data. AppVersion = 4.7.6-2513093+++depot+UE4-Releases+4.7
[2021.05.20-12.36.45:499][  0]LogAnalytics: SetUserId 144e59504b07e7078f7f9fbff0f199ea|e89bcdc3dddd40638ff112a71cef8e67|badf8662-73b2-480e-8b08-9b9fdfc993be
[2021.05.20-12.36.45:500][  0]LogAnalytics: AnalyticsET::StartSession [Rocket.Release]
[2021.05.20-12.36.45:595][  0]LogInit: Transaction tracking system initialized
[2021.05.20-12.36.46:122][  0]BlueprintLog: New page: エディタの読み込み
[2021.05.20-12.36.46:212][  0]LogAssetRegistry: FAssetRegistry took 0.0116 seconds to start up
[2021.05.20-12.36.46:213][  0]LogDirectoryWatcher:Warning: Failed to begin reading directory changes for ../../../Engine/Plugins/Experimental/CharacterAI/Content/. Error: 0
[2021.05.20-12.36.47:599][  0]LogTargetPlatformManager:Display: Building Assets For Windows
[2021.05.20-12.36.48:335][  0]LogTargetPlatformManager:Display: Building Assets For Windows
[2021.05.20-12.36.49:072][  0]LogSlate:Warning: Failed to load font data from '../../../Engine/Content/Editor/Slate/Fonts/Roboto-Regular.ttf'
[2021.05.20-12.36.49:073][  0]LogSlate:Warning: Failed to load font data from '../../../Engine/Content/Editor/Slate/Fonts/Roboto-Bold.ttf'
[2021.05.20-12.36.49:084][  0]LogConsoleResponse:Display: 
[2021.05.20-12.36.49:382][  0]LogCook:Display: Done creating registry. It took  0.00s.
[2021.05.20-12.36.49:812][  0]SourceControl: 情報 ソースコントロールは無効です
[2021.05.20-12.36.49:812][  0]Cmd: MAP LOAD FILE="../../../../../../Users/magi1/Documents/PaperNinja_FirstTime/PaperNinja/Content/StarterContent/Maps/Minimal_Default.umap" TEMPLATE=0 SHOWPROGRESS=1 FEATURELEVEL=3
[2021.05.20-12.36.49:814][  0]LightingResults: New page: ライティングのビルド
[2021.05.20-12.36.49:850][  0]MapCheck: New page: マップをチェック
[2021.05.20-12.36.49:850][  0]LightingResults: New page: <何も選択されていません>
[2021.05.20-12.36.49:861][  0]LogParticles: Destroying 0 GPU particle simulations for FXSystem 0x000001727E4A0E00
[2021.05.20-12.36.51:775][  0]LogEditorServer: Finished looking for orphan Actors (0.000 secs)
[2021.05.20-12.36.51:810][  0]LogAIModule: Creating AISystem for world Minimal_Default
[2021.05.20-12.36.51:812][  0]Cmd: MAP CHECKDEP
[2021.05.20-12.36.51:812][  0]MapCheck: New page: Minimal_Default - 2021/05/21 6:36:51
[2021.05.20-12.36.52:076][  0]MapCheck: 情報 マップチェックが完了: 0 エラー、 0 警告、完了に 262.993ミリ秒かかりました。
[2021.05.20-12.36.52:076][  0]LogFileHelpers: Loading map 'Minimal_Default' took 2.263
[2021.05.20-12.36.52:346][  0]LogCollectionManager: Loaded 0 collections in 0.004691 seconds
[2021.05.20-12.36.52:364][  0]LogContentBrowser: Native class hierarchy populated in 0.0181 seconds. Added 1696 classes and 261 folders.
[2021.05.20-12.36.52:471][  0]LogContentBrowser: Native class hierarchy updated for 'SceneOutliner' in 0.0065 seconds. Added 1 classes and 2 folders.
[2021.05.20-12.36.52:528][  0]LogContentBrowser: Native class hierarchy updated for 'WorldBrowser' in 0.0072 seconds. Added 1 classes and 3 folders.
[2021.05.20-12.36.52:703][  0]LogCrashTracker: Crashtracker disabled due to settings.
[2021.05.20-12.36.52:706][  0]LogSlate:Warning: Failed to load font data from 'Veranda'
[2021.05.20-12.36.52:727][  0]LogUObjectGlobals:Warning: オブジェクト 'Class なし.' が見つかりませんでした
[2021.05.20-12.36.52:767][  0]LogLoad: Full Startup: 27.92 seconds (BP compile: 0.19 seconds)
[2021.05.20-12.36.53:276][  0]LogContentBrowser:Verbose: The content browser source was changed by the sources view to '/Game/Maps/Stage01'
[2021.05.20-12.36.53:510][  0]LogRenderer:Warning: Reallocating scene render targets to support 32x32 (Frame:2).
[2021.05.20-12.36.53:730][  0]LogRenderer:Warning: Reallocating scene render targets to support 1200x576 (Frame:3).
[2021.05.20-12.36.56:426][  8]LogContentBrowser:Verbose: The content browser source was changed by the sources view to '/Game/Blueprints'
[2021.05.20-12.37.00:892][  8]LogSkeletalMesh: InitArticulated: Bodies already created (/Engine/Transient.DebugSkelMeshComponent_0) - call TermArticulated first.
[2021.05.20-12.37.01:101][  8]LogActorComponent: RegisterComponentWithWorld: (/Engine/Transient.DebugSkelMeshComponent_0) Already registered. Aborting.
[2021.05.20-12.37.02:622][ 24]LogAssetRegistry: Asset discovery search completed in 16.4219 seconds
[2021.05.20-12.37.30:796][545]BlueprintLog: New page: PNSwitchActor をコンパイル
[2021.05.20-12.37.31:033][545]BlueprintEditorCompileResults: 情報 [0066.19] PNSwitchActor のコンパイルに成功しました！  [ 235 ミリ秒]
[2021.05.20-12.37.32:720][626]Cmd: OBJ SAVEPACKAGE PACKAGE="/Game/Blueprints/PNSwitchActor" FILE="../../../../../../Users/magi1/Documents/PaperNinja_FirstTime/PaperNinja/Content/Blueprints/PNSwitchActor.uasset" SILENT=true
[2021.05.20-12.37.33:742][626]LogSavePackage: Save=917.853699ms
[2021.05.20-12.37.33:742][626]LogSavePackage: Moving '../../../../../../Users/magi1/Documents/PaperNinja_FirstTime/PaperNinja/Saved/PNSwitchActor0A4ED9CE4023905A1CADFBB0CFD43EDC.tmp' to '../../../../../../Users/magi1/Documents/PaperNinja_FirstTime/PaperNinja/Content/Blueprints/PNSwitchActor.uasset'
[2021.05.20-12.37.37:224][844]LogWindows:Error: Windows GetLastError: この操作を正しく終了しました。 (0)
[2021.05.20-12.37.37:224][844]LogCrashTracker: 


[2021.05.20-12.37.44:961][844]LogCrashTracker: 


[2021.05.20-12.37.44:961][844]LogWindows: === Critical error: ===
Assertion failed: !bIsChangingText [File:D:\BuildFarm\buildmachine_++depot+UE4-Releases+4.7\Engine\Source\Runtime\Slate\Private\Widgets\Input\SEditableText.cpp] [Line: 556] 



KERNELBASE.dll!UnknownFunction (0x00007ffa6eb94b89) + 0 bytes [UnknownFile:0]
UE4Editor-Core.dll!FOutputDeviceWindowsError::Serialize() (0x00007ff9fb828074) + 0 bytes [d:\buildfarm\buildmachine_++depot+ue4-releases+4.7\engine\source\runtime\core\private\windows\windowsplatformoutputdevices.cpp:95]
UE4Editor-Core.dll!FOutputDevice::Logf__VA() (0x00007ff9fb6a7878) + 159 bytes [d:\buildfarm\buildmachine_++depot+ue4-releases+4.7\engine\source\runtime\core\private\misc\outputdevice.cpp:144]
UE4Editor-Core.dll!FDebug::AssertFailed() (0x00007ff9fb688b17) + 62 bytes [d:\buildfarm\buildmachine_++depot+ue4-releases+4.7\engine\source\runtime\core\private\misc\outputdevice.cpp:224]
UE4Editor-Slate.dll!SEditableText::StartChangingText() (0x00007ff9fb2c70da) + 0 bytes [d:\buildfarm\buildmachine_++depot+ue4-releases+4.7\engine\source\runtime\slate\private\widgets\input\seditabletext.cpp:560]
UE4Editor-Slate.dll!FTextEditHelper::OnKeyChar() (0x00007ff9fb1eb49d) + 32 bytes [d:\buildfarm\buildmachine_++depot+ue4-releases+4.7\engine\source\runtime\slate\private\framework\text\textedithelper.cpp:86]
UE4Editor-Slate.dll!SEditableText::OnKeyChar() (0x00007ff9fb2aad23) + 77 bytes [d:\buildfarm\buildmachine_++depot+ue4-releases+4.7\engine\source\runtime\slate\private\widgets\input\seditabletext.cpp:1622]
UE4Editor-Slate.dll!<lambda_f4267d5369f6530713340915266300fb>::operator()() (0x00007ff9fb0cde22) + 38 bytes [d:\buildfarm\buildmachine_++depot+ue4-releases+4.7\engine\source\runtime\slate\private\framework\application\slateapplication.cpp:3504]
UE4Editor-Slate.dll!FEventRouter::Route<FReply,FEventRouter::FBubblePolicy,FCharacterEvent,<lambda_f4267d5369f6530713340915266300fb> >() (0x00007ff9fb086c9d) + 29 bytes [d:\buildfarm\buildmachine_++depot+ue4-releases+4.7\engine\source\runtime\slate\private\framework\application\slateapplication.cpp:202]
UE4Editor-Slate.dll!FEventRouter::RouteAlongFocusPath<FEventRouter::FBubblePolicy,<lambda_f4267d5369f6530713340915266300fb>,FCharacterEvent>() (0x00007ff9fb088ace) + 34 bytes [d:\buildfarm\buildmachine_++depot+ue4-releases+4.7\engine\source\runtime\slate\private\framework\application\slateapplication.cpp:184]
UE4Editor-Slate.dll!FSlateApplication::ProcessKeyCharEvent() (0x00007ff9fb133a74) + 150 bytes [d:\buildfarm\buildmachine_++depot+ue4-releases+4.7\engine\source\runtime\slate\private\framework\application\slateapplication.cpp:3505]
UE4Editor-Slate.dll!FSlateApplication::OnKeyChar() (0x00007ff9fb123633) + 14 bytes [d:\buildfarm\buildmachine_++depot+ue4-releases+4.7\engine\source\runtime\slate\private\framework\application\slateapplication.cpp:3485]
UE4Editor-Core.dll!FWindowsApplication::ProcessDeferredMessage() (0x00007ff9fb783008) + 0 bytes [d:\buildfarm\buildmachine_++depot+ue4-releases+4.7\engine\source\runtime\core\private\windows\windowsapplication.cpp:1149]
UE4Editor-Core.dll!FWindowsApplication::DeferMessage() (0x00007ff9fb775d2e) + 74 bytes [d:\buildfarm\buildmachine_++depot+ue4-releases+4.7\engine\source\runtime\core\private\windows\windowsapplication.cpp:1669]
UE4Editor-Core.dll!FWindowsApplication::ProcessMessage() (0x00007ff9fb784d50) + 41 bytes [d:\buildfarm\buildmachine_++depot+ue4-releases+4.7\engine\source\runtime\core\private\windows\windowsapplication.cpp:742]
UE4Editor-Core.dll!FWindowsApplication::AppWndProc() (0x00007ff9fb773192) + 0 bytes [d:\buildfarm\buildmachine_++depot+ue4-releases+4.7\engine\source\runtime\core\private\windows\windowsapplication.cpp:604]
USER32.dll!UnknownFunction (0x00007ffa70c9e858) + 0 bytes [UnknownFile:0]
USER32.dll!UnknownFunction (0x00007ffa70c9e299) + 0 bytes [UnknownFile:0]
UE4Editor-Core.dll!FWindowsPlatformMisc::PumpMessages() (0x00007ff9fb823ec6) + 48 bytes [d:\buildfarm\buildmachine_++depot+ue4-releases+4.7\engine\source\runtime\core\private\windows\windowsplatformmisc.cpp:774]
UE4Editor.exe!FEngineLoop::Tick() (0x00007ff6c3cb00a9) + 8 bytes [d:\buildfarm\buildmachine_++depot+ue4-releases+4.7\engine\source\runtime\launch\private\launchengineloop.cpp:2233]
UE4Editor.exe!GuardedMain() (0x00007ff6c3ca267c) + 0 bytes [d:\buildfarm\buildmachine_++depot+ue4-releases+4.7\engine\source\runtime\launch\private\launch.cpp:142]
UE4Editor.exe!GuardedMainWrapper() (0x00007ff6c3ca26ea) + 5 bytes [d:\buildfarm\buildmachine_++depot+ue4-releases+4.7\engine\source\runtime\launch\private\windows\launchwindows.cpp:126]
UE4Editor.exe!WinMain() (0x00007ff6c3cb2219) + 17 bytes [d:\buildfarm\buildmachine_++depot+ue4-releases+4.7\engine\source\runtime\launch\private\windows\launchwindows.cpp:202]
UE4Editor.exe!__tmainCRTStartup() (0x00007ff6c3cb3159) + 21 bytes [f:\dd\vctools\crt\crtw32\dllstuff\crtexe.c:618]
KERNEL32.DLL!UnknownFunction (0x00007ffa70ee7034) + 0 bytes [UnknownFile:0]
ntdll.dll!UnknownFunction (0x00007ffa710c2651) + 0 bytes [UnknownFile:0]
ntdll.dll!UnknownFunction (0x00007ffa710c2651) + 0 bytes [UnknownFile:0]


[2021.05.20-12.37.45:187][844]LogExit: Executing StaticShutdownAfterError
[2021.05.20-12.37.45:195][844]LogWindows: FPlatformMisc::RequestExit(1)
[2021.05.20-12.37.45:195][844]Log file closed, 05/20/21 21:37:45
