Log file open, 05/16/21 19:41:14
LogInit:Display: Running engine for game: PaperNinja
LogInit: Version: 4.7.6-2513093+++depot+UE4-Releases+4.7
LogInit: API Version: 2455222
LogInit: Compiled (64-bit): Apr 15 2015 12:09:54
LogInit: Compiled with Visual C++: 18.00.21005.01
LogInit: Build Configuration: Development
LogInit: Branch Name: ++depot+UE4-Releases+4.7
LogInit: Command line:  
LogInit: Base directory: C:/Program Files/Epic Games/UE_4.7/Engine/Binaries/Win64/
LogInit: Rocket: 1
[2021.05.16-10.41.14:368][  0]LogTaskGraph: Started task graph with 3 named threads and 8 total threads.
[2021.05.16-10.41.14:446][  0]LogOnline:Warning: No default platform service specified for OnlineSubsystem
[2021.05.16-10.41.14:460][  0]LogInit: Presizing for 0 objects not considered by GC, pre-allocating 0 bytes.
[2021.05.16-10.41.14:467][  0]LogInit: Object subsystem initialized
[2021.05.16-10.41.14:468][  0]LogConsoleResponse:Warning: Skipping Unknown console variable: 'TranslucentSortAxis = (X=0.000000,Y=-1.000000,Z=0.000000)'
[2021.05.16-10.41.14:468][  0]LogConsoleResponse:Warning:   Found in ini file 'C:/Users/magi1/Documents/PaperNinja_FirstTime/PaperNinja/Saved/Config/Windows/Engine.ini', in section '[/Script/Engine.RendererSettings]'
[2021.05.16-10.41.14:468][  0]LogConsoleResponse:Warning: Skipping Unknown console variable: 'UIScaleRule = ShortestSide'
[2021.05.16-10.41.14:468][  0]LogConsoleResponse:Warning:   Found in ini file 'C:/Users/magi1/Documents/PaperNinja_FirstTime/PaperNinja/Saved/Config/Windows/Engine.ini', in section '[/Script/Engine.RendererSettings]'
[2021.05.16-10.41.14:468][  0]LogConsoleResponse:Warning: Skipping Unknown console variable: 'UIScaleCurve = (EditorCurveData=(Keys=),ExternalCurve=None)'
[2021.05.16-10.41.14:468][  0]LogConsoleResponse:Warning:   Found in ini file 'C:/Users/magi1/Documents/PaperNinja_FirstTime/PaperNinja/Saved/Config/Windows/Engine.ini', in section '[/Script/Engine.RendererSettings]'
[2021.05.16-10.41.14:468][  0]LogInit: Selected Device Profile: [Windows]
[2021.05.16-10.41.14:468][  0]LogInit: Applying CVar settings loaded from the selected device profile: [Windows]
[2021.05.16-10.41.14:474][  0]LogInit: Computer: DESKTOP-QG331CQ
[2021.05.16-10.41.14:474][  0]LogInit: User: magi1
[2021.05.16-10.41.14:474][  0]LogInit: CPU Page size=4096, Cores=6
[2021.05.16-10.41.14:474][  0]LogInit: High frequency timer resolution =10.000000 MHz
[2021.05.16-10.41.14:474][  0]LogMemory: Memory total: Physical=15.9GB (16GB approx) Virtual=131072.0GB
[2021.05.16-10.41.14:474][  0]LogMemory: Platform Memory Stats for Windows
[2021.05.16-10.41.14:474][  0]LogMemory: Process Physical Memory: 49.69 MB used, 49.69 MB peak
[2021.05.16-10.41.14:474][  0]LogMemory: Process Virtual Memory: 24.82 MB used, 24.83 MB peak
[2021.05.16-10.41.14:474][  0]LogMemory: Physical Memory: 6303.62 MB used, 16239.85 MB total
[2021.05.16-10.41.14:474][  0]LogMemory: Virtual Memory: 4431.00 MB used, 134217728.00 MB total
[2021.05.16-10.41.14:607][  0]LogD3D11RHI: Found D3D11 adapter 0: NVIDIA GeForce RTX 2080 (Feature Level 11_0)
[2021.05.16-10.41.14:607][  0]LogD3D11RHI: Adapter has 8010MB of dedicated video memory, 0MB of dedicated system memory, and 8119MB of shared system memory, 2 output[s]
[2021.05.16-10.41.14:636][  0]LogD3D11RHI: Found D3D11 adapter 1: Intel(R) UHD Graphics 630 (Feature Level 11_0)
[2021.05.16-10.41.14:636][  0]LogD3D11RHI: Adapter has 128MB of dedicated video memory, 0MB of dedicated system memory, and 8119MB of shared system memory, 0 output[s]
[2021.05.16-10.41.14:637][  0]LogD3D11RHI: Found D3D11 adapter 2: Microsoft Basic Render Driver (Feature Level 11_0)
[2021.05.16-10.41.14:637][  0]LogD3D11RHI: Adapter has 0MB of dedicated video memory, 0MB of dedicated system memory, and 8119MB of shared system memory, 0 output[s]
[2021.05.16-10.41.14:637][  0]LogD3D11RHI: Chosen D3D11 Adapter Id = 0
[2021.05.16-10.41.14:642][  0]LogRHI: Texture pool is 1361 MB (70% of 1945 MB)
[2021.05.16-10.41.14:721][  0]LogD3D11RHI: Async texture creation enabled
[2021.05.16-10.41.14:788][  0]LogTextLocalizationManager: The requested culture ('ja_JP') has no localization data; parent culture's ('ja') localization data will be used.
[2021.05.16-10.41.14:836][  0]LogTextLocalizationManager:Warning: Loading localization resources contain conflicting entries for (Namespace:UICommands, Key:Save_ToolTip):
Resource: (C:/Program Files/Epic Games/UE_4.7/Engine/Content/Localization/Editor/ja/Editor.locres) Hash: (-29098895) String: (現行レベルをディスクに保存)
Resource: (C:/Program Files/Epic Games/UE_4.7/Engine/Content/Localization/Engine/ja/Engine.locres) Hash: (-1280300587) String: (選択データをvlogファイルに保存)
[2021.05.16-10.41.14:836][  0]LogTextLocalizationManager:Warning: Loading localization resources contain conflicting entries for (Namespace:ContentBrowser, Key:ImportAssetToolTip):
Resource: (C:/Program Files/Epic Games/UE_4.7/Engine/Content/Localization/Editor/ja/Editor.locres) Hash: (-630476809) String: ({0} にインポート...)
Resource: (C:/Program Files/Epic Games/UE_4.7/Engine/Content/Localization/Editor/ja/Editor.locres) Hash: (1271782899) String: (このフォルダへファイルからアセットをインポート)
[2021.05.16-10.41.14:893][  0]LogContentStreaming: Texture pool size is 0.000000MB
[2021.05.16-10.41.16:739][  0]LogTargetPlatformManager:Display: Building Assets For Windows
[2021.05.16-10.41.17:216][  0]LogTargetPlatformManager:Display: Building Assets For Windows
[2021.05.16-10.41.17:276][  0]LogDerivedDataCache:Display: Max Cache Size: 512 MB
[2021.05.16-10.41.17:299][  0]LogDerivedDataCache: Loaded boot cache 0.02s 39MB C:/Users/magi1/AppData/Local/UnrealEngine/4.7/DerivedDataCache/Boot.ddc.
[2021.05.16-10.41.17:299][  0]LogDerivedDataCache:Display: Loaded Boot cache: C:/Users/magi1/AppData/Local/UnrealEngine/4.7/DerivedDataCache/Boot.ddc
[2021.05.16-10.41.17:299][  0]LogDerivedDataCache: FDerivedDataBackendGraph:  Pak pak cache file ../../../../../../Users/magi1/Documents/PaperNinja_FirstTime/PaperNinja/DerivedDataCache/DDC.ddp not found, will not use a pak cache.
[2021.05.16-10.41.17:299][  0]LogDerivedDataCache: Unable to find inner node Pak for hierarchical cache Hierarchy.
[2021.05.16-10.41.17:391][  0]LogDerivedDataCache:Display: Pak cache opened for reading ../../../Engine/DerivedDataCache/Compressed.ddp.
[2021.05.16-10.41.17:403][  0]LogDerivedDataCache: Using Local data cache path C:/Users/magi1/AppData/Local/UnrealEngine/Common/DerivedDataCache: Writable
[2021.05.16-10.41.17:615][  0]LogMeshUtilities: No automatic mesh reduction module available
[2021.05.16-10.41.17:615][  0]LogMeshUtilities: No automatic mesh merging module available
[2021.05.16-10.41.17:904][  0]LogInit: WinSock: version 1.1 (2.2), MaxSocks=32767, MaxUdp=65467
[2021.05.16-10.41.17:990][  0]LogSlate:Warning: Failed to load font data from '../../../Engine/Content/Slate/Fonts/Roboto-Italic.ttf'
[2021.05.16-10.41.18:653][  0]UdpMessaging: Initializing bridge on interface 0.0.0.0:0 to multicast group 230.0.0.1:6666.
[2021.05.16-10.41.18:870][  0]SourceControl: 情報 ソースコントロールは無効です
[2021.05.16-10.41.18:870][  0]SourceControl: 情報 ソースコントロールは無効です
[2021.05.16-10.41.18:870][  0]SourceControl: 情報 ソースコントロールは無効です
[2021.05.16-10.41.18:870][  0]LogSourceControl: RunCommandInternalRaw: 'git version'
[2021.05.16-10.41.18:870][  0]LogSourceControl: RunCommandInternalRaw: ExecProcess ReturnCode=2 OutResults=''
[2021.05.16-10.41.18:881][  0]SourceControl: 情報 ソースコントロールは無効です
[2021.05.16-10.41.19:076][  0]LogObj: 24232 objects as part of root set at end of initial load.
[2021.05.16-10.41.19:076][  0]LogUObjectAllocator: 5137176 out of 0 bytes used by permanent object pool.
[2021.05.16-10.41.19:146][  0]LogEngine: Initializing Engine...
[2021.05.16-10.41.21:298][  0]LogInit: XAudio2 using 'スピーカー (Realtek(R) Audio)' : 2 channels at 48 kHz using 32 bits per sample (channel mask 0x3)
[2021.05.16-10.41.21:348][  0]LogInit: FAudioDevice initialized.
[2021.05.16-10.41.21:388][  0]LogAIModule: Creating AISystem for world NewWorld
[2021.05.16-10.41.21:403][  0]LogDerivedDataCache: Saved boot cache 0.01s 39MB C:/Users/magi1/AppData/Local/UnrealEngine/4.7/DerivedDataCache/Boot.ddc.
[2021.05.16-10.41.21:405][  0]LogInit: Texture streaming: Enabled
[2021.05.16-10.41.21:485][  0]LogAnalytics: Creating configured Analytics provider AnalyticsET
[2021.05.16-10.41.21:485][  0]LogAnalytics: ET APIKey = Rocket.Release. APIServer = http://et2.epicgames.com/ET2/. AppVersion = 4.7.6-2513093+++depot+UE4-Releases+4.7
[2021.05.16-10.41.21:485][  0]LogAnalytics: ET APIKey = Rocket.Release. DataRouterUploadURL = https://datarouter-public-service-gamedev.ol.epicgames.net/datarouter/api/v1/public/data. AppVersion = 4.7.6-2513093+++depot+UE4-Releases+4.7
[2021.05.16-10.41.21:485][  0]LogAnalytics: SetUserId 144e59504b07e7078f7f9fbff0f199ea|e89bcdc3dddd40638ff112a71cef8e67|badf8662-73b2-480e-8b08-9b9fdfc993be
[2021.05.16-10.41.21:485][  0]LogAnalytics: AnalyticsET::StartSession [Rocket.Release]
[2021.05.16-10.41.21:519][  0]LogInit: Transaction tracking system initialized
[2021.05.16-10.41.21:734][  0]BlueprintLog: New page: エディタの読み込み
[2021.05.16-10.41.21:776][  0]LogAssetRegistry: FAssetRegistry took 0.0113 seconds to start up
[2021.05.16-10.41.21:776][  0]LogDirectoryWatcher:Warning: Failed to begin reading directory changes for ../../../Engine/Plugins/Experimental/CharacterAI/Content/. Error: 0
[2021.05.16-10.41.22:282][  0]LogTargetPlatformManager:Display: Building Assets For Windows
[2021.05.16-10.41.22:602][  0]LogTargetPlatformManager:Display: Building Assets For Windows
[2021.05.16-10.41.22:894][  0]LogSlate:Warning: Failed to load font data from '../../../Engine/Content/Editor/Slate/Fonts/Roboto-Regular.ttf'
[2021.05.16-10.41.22:894][  0]LogSlate:Warning: Failed to load font data from '../../../Engine/Content/Editor/Slate/Fonts/Roboto-Bold.ttf'
[2021.05.16-10.41.22:898][  0]LogConsoleResponse:Display: 
[2021.05.16-10.41.23:019][  0]LogCook:Display: Done creating registry. It took  0.00s.
[2021.05.16-10.41.23:178][  0]SourceControl: 情報 ソースコントロールは無効です
[2021.05.16-10.41.23:178][  0]Cmd: MAP LOAD FILE="../../../../../../Users/magi1/Documents/PaperNinja_FirstTime/PaperNinja/Content/StarterContent/Maps/Minimal_Default.umap" TEMPLATE=0 SHOWPROGRESS=1 FEATURELEVEL=3
[2021.05.16-10.41.23:179][  0]LightingResults: New page: ライティングのビルド
[2021.05.16-10.41.23:192][  0]MapCheck: New page: マップをチェック
[2021.05.16-10.41.23:192][  0]LightingResults: New page: <何も選択されていません>
[2021.05.16-10.41.23:198][  0]LogParticles: Destroying 0 GPU particle simulations for FXSystem 0x0000018AE0CB0E00
[2021.05.16-10.41.23:930][  0]LogEditorServer: Finished looking for orphan Actors (0.000 secs)
[2021.05.16-10.41.23:944][  0]LogAIModule: Creating AISystem for world Minimal_Default
[2021.05.16-10.41.23:945][  0]Cmd: MAP CHECKDEP
[2021.05.16-10.41.23:945][  0]MapCheck: New page: Minimal_Default - 2021/05/17 4:41:23
[2021.05.16-10.41.24:042][  0]MapCheck: 情報 マップチェックが完了: 0 エラー、 0 警告、完了に 96.436ミリ秒かかりました。
[2021.05.16-10.41.24:042][  0]LogFileHelpers: Loading map 'Minimal_Default' took 0.863
[2021.05.16-10.41.24:167][  0]LogCollectionManager: Loaded 0 collections in 0.001917 seconds
[2021.05.16-10.41.24:175][  0]LogContentBrowser: Native class hierarchy populated in 0.0077 seconds. Added 1696 classes and 261 folders.
[2021.05.16-10.41.24:229][  0]LogContentBrowser: Native class hierarchy updated for 'SceneOutliner' in 0.0043 seconds. Added 1 classes and 2 folders.
[2021.05.16-10.41.24:256][  0]LogContentBrowser: Native class hierarchy updated for 'WorldBrowser' in 0.0029 seconds. Added 1 classes and 3 folders.
[2021.05.16-10.41.24:331][  0]LogCrashTracker: Crashtracker disabled due to settings.
[2021.05.16-10.41.24:333][  0]LogSlate:Warning: Failed to load font data from 'Veranda'
[2021.05.16-10.41.24:343][  0]LogUObjectGlobals:Warning: オブジェクト 'Class なし.' が見つかりませんでした
[2021.05.16-10.41.24:374][  0]LogLoad: Full Startup: 12.90 seconds (BP compile: 0.07 seconds)
[2021.05.16-10.41.24:770][  0]LogContentBrowser:Verbose: The content browser source was changed by the sources view to '/Game/Blueprints'
[2021.05.16-10.41.24:869][  0]LogRenderer:Warning: Reallocating scene render targets to support 32x32 (Frame:2).
[2021.05.16-10.41.24:958][  0]LogRenderer:Warning: Reallocating scene render targets to support 1200x576 (Frame:3).
[2021.05.16-10.41.25:723][  3]LogAssetRegistry: Asset discovery search completed in 3.9586 seconds
[2021.05.16-10.41.32:757][ 27]LogContentBrowser:Verbose: The content browser source was changed by the sources view to '/Game/Maps'
[2021.05.16-10.41.33:607][ 78]LogContentBrowser:Verbose: The content browser source was changed by the sources view to '/Game/Maps/Test'
[2021.05.16-10.41.40:774][508]LogContentBrowser:Verbose: The content browser source was changed by the sources view to '/Game/Blueprints'
[2021.05.16-10.41.42:414][566]LogContentBrowser:Verbose: The content browser source was changed by the sources view to '/Game/Blueprints'
[2021.05.16-10.41.47:157][837]LogContentBrowser:Verbose: The content browser source was changed by the sources view to '/Game/Maps/Test'
[2021.05.16-10.41.50:686][ 44]Cmd: MAP LOAD FILE="../../../../../../Users/magi1/Documents/PaperNinja_FirstTime/PaperNinja/Content/Maps/Test/Test_Event_Gate.umap" TEMPLATE=0 SHOWPROGRESS=1 FEATURELEVEL=3
[2021.05.16-10.41.50:687][ 44]LightingResults: New page: ライティングのビルド
[2021.05.16-10.41.50:713][ 44]LoadErrors: New page: マップをロード中: Test_Event_Gate.umap
[2021.05.16-10.41.50:713][ 44]MapCheck: New page: マップをチェック
[2021.05.16-10.41.50:713][ 44]LightingResults: New page: <何も選択されていません>
[2021.05.16-10.41.50:722][ 44]LogParticles: Destroying 0 GPU particle simulations for FXSystem 0x0000018AD75847C0
[2021.05.16-10.41.50:747][ 44]LogEditorServer: Finished looking for orphan Actors (0.000 secs)
[2021.05.16-10.41.50:750][ 44]LogAIModule: Creating AISystem for world Test_Event_Gate
[2021.05.16-10.41.50:779][ 44]Cmd: MAP CHECKDEP
[2021.05.16-10.41.50:779][ 44]MapCheck: New page: Test_Event_Gate - 2021/05/17 4:41:50
[2021.05.16-10.41.50:884][ 44]MapCheck: 情報 マップチェックが完了: 0 エラー、 0 警告、完了に 104.471ミリ秒かかりました。
[2021.05.16-10.41.50:885][ 44]LogFileHelpers: Loading map 'Test_Event_Gate' took 0.200
[2021.05.16-10.41.53:137][179]LogContentBrowser:Verbose: The content browser source was changed by the sources view to '/Game/Blueprints'
[2021.05.16-10.42.00:643][615]LogSavePackage: Save=27.914101ms
[2021.05.16-10.42.00:643][615]LogSavePackage: Moving '../../../../../../Users/magi1/Documents/PaperNinja_FirstTime/PaperNinja/Saved/Test_Event_Gate5C9284324CA9E81815A8D296BE12B5E5.tmp' to '../../../../../../Users/magi1/Documents/PaperNinja_FirstTime/PaperNinja/Content/Maps/Test/Test_Event_Gate.umap'
[2021.05.16-10.42.23:572][963]BlueprintLog: New page: Test_Event_Gate をコンパイル
[2021.05.16-10.42.23:594][963]LogActorComponent: UnregisterComponent: (/Engine/Transient.CharMoveComp) Not registered. Aborting.
[2021.05.16-10.42.23:607][963]BlueprintEditorCompileResults: 情報 [0072.13] Test_Event_Gate のコンパイルに成功しました！  [ 35 ミリ秒]
[2021.05.16-10.42.51:526][604]BlueprintLog: New page: Test_Event_Gate をコンパイル
[2021.05.16-10.42.51:566][604]BlueprintEditorCompileResults: 情報 [0100.09] Test_Event_Gate のコンパイルに成功しました！  [ 39 ミリ秒]
[2021.05.16-10.42.54:374][773]LogActorComponent: UnregisterComponent: (/Engine/Transient.CharMoveComp) Not registered. Aborting.
[2021.05.16-10.42.55:713][773]LogActorComponent: UnregisterComponent: (/Engine/Transient.CharMoveComp) Not registered. Aborting.
[2021.05.16-10.42.55:818][773]LogSavePackage: Save=70.590202ms
[2021.05.16-10.42.55:818][773]LogSavePackage: Moving '../../../../../../Users/magi1/Documents/PaperNinja_FirstTime/PaperNinja/Saved/Test_Event_Gate529151AD4677DC44FF942B8B5ABA6B86.tmp' to '../../../../../../Users/magi1/Documents/PaperNinja_FirstTime/PaperNinja/Content/Maps/Test/Test_Event_Gate.umap'
[2021.05.16-10.42.55:849][773]LogFileHelpers: Saving map 'Test_Event_Gate' took 0.257
[2021.05.16-10.43.26:621][591]BlueprintLog: New page: Test_Event_Gate をコンパイル
[2021.05.16-10.43.26:664][591]BlueprintEditorCompileResults: 情報 [0135.19] Test_Event_Gate のコンパイルに成功しました！  [ 42 ミリ秒]
[2021.05.16-10.43.28:511][696]LogActorComponent: UnregisterComponent: (/Engine/Transient.CharMoveComp) Not registered. Aborting.
[2021.05.16-10.43.30:018][696]LogActorComponent: UnregisterComponent: (/Engine/Transient.CharMoveComp) Not registered. Aborting.
[2021.05.16-10.43.30:132][696]LogSavePackage: Save=78.574600ms
[2021.05.16-10.43.30:132][696]LogSavePackage: Moving '../../../../../../Users/magi1/Documents/PaperNinja_FirstTime/PaperNinja/Saved/Test_Event_GateA918834D41352E3E37A52C9ACA57E262.tmp' to '../../../../../../Users/magi1/Documents/PaperNinja_FirstTime/PaperNinja/Content/Maps/Test/Test_Event_Gate.umap'
[2021.05.16-10.43.30:162][696]LogFileHelpers: Saving map 'Test_Event_Gate' took 0.264
[2021.05.16-10.43.34:216][938]BlueprintLog: New page: PIE以前の自動再コンパイル
[2021.05.16-10.43.34:218][938]LogPlayLevel: [PIE] Compiling Test_Event_Gate before PIE...
[2021.05.16-10.43.34:263][938]LogPlayLevel: PIE:  Blueprint regeneration took 46 ms (1 blueprints)
[2021.05.16-10.43.34:263][938]PIE: New page: PIEセッション: Test_Event_Gate (2021/05/17 4:43:34)
[2021.05.16-10.43.34:267][938]LogPlayLevel: PIE: StaticDuplicateObject took: (0.003421s)
[2021.05.16-10.43.34:267][938]LogPlayLevel: PIE: World Init took: (0.000333s)
[2021.05.16-10.43.34:267][938]LogPlayLevel: PIE: Created PIE world by copying editor world from /Game/Maps/Test/Test_Event_Gate.Test_Event_Gate to /Game/Maps/Test/UEDPIE_0_Test_Event_Gate.Test_Event_Gate (0.003858s)
[2021.05.16-10.43.34:318][938]LogWorld: Game class is 'PNGameMode_C'
[2021.05.16-10.43.34:321][938]LogAIModule: Creating AISystem for world Test_Event_Gate
[2021.05.16-10.43.34:324][938]LogWorld: Bringing World /Game/Maps/Test/UEDPIE_0_Test_Event_Gate.Test_Event_Gate up for play (max tick rate 60) at 2021.05.16-19.43.34
[2021.05.16-10.43.34:324][938]LogWorld: Bringing up level for play took: 0.002496
[2021.05.16-10.43.34:327][938]PIE: 情報 /Game/Maps/Test/UEDPIE_0_Test_Event_Gate 1.018のPIE開始時間
[2021.05.16-10.43.41:280][351]LogParticles: Destroying 0 GPU particle simulations for FXSystem 0x0000018A8F1E5300
[2021.05.16-10.43.44:312][532]BlueprintLog: New page: PIE以前の自動再コンパイル
[2021.05.16-10.43.44:313][532]LogPlayLevel: [PIE] Compiling Test_Event_Gate before PIE...
[2021.05.16-10.43.44:358][532]LogPlayLevel: PIE:  Blueprint regeneration took 46 ms (1 blueprints)
[2021.05.16-10.43.44:359][532]PIE: New page: PIEセッション: Test_Event_Gate (2021/05/17 4:43:44)
[2021.05.16-10.43.44:363][532]LogPlayLevel: PIE: StaticDuplicateObject took: (0.003914s)
[2021.05.16-10.43.44:364][532]LogPlayLevel: PIE: World Init took: (0.000911s)
[2021.05.16-10.43.44:364][532]LogPlayLevel: PIE: Created PIE world by copying editor world from /Game/Maps/Test/Test_Event_Gate.Test_Event_Gate to /Game/Maps/Test/UEDPIE_0_Test_Event_Gate.Test_Event_Gate (0.004984s)
[2021.05.16-10.43.44:408][532]LogWorld: Game class is 'PNGameMode_C'
[2021.05.16-10.43.44:411][532]LogAIModule: Creating AISystem for world Test_Event_Gate
[2021.05.16-10.43.44:414][532]LogWorld: Bringing World /Game/Maps/Test/UEDPIE_0_Test_Event_Gate.Test_Event_Gate up for play (max tick rate 60) at 2021.05.16-19.43.44
[2021.05.16-10.43.44:414][532]LogWorld: Bringing up level for play took: 0.003300
[2021.05.16-10.43.44:422][532]PIE: 情報 /Game/Maps/Test/UEDPIE_0_Test_Event_Gate -0.887のPIE開始時間
[2021.05.16-10.43.44:442][532]LogRenderer:Warning: Reallocating scene render targets to support 1296x760 (Frame:2733).
[2021.05.16-10.43.47:966][736]LogParticles: Destroying 0 GPU particle simulations for FXSystem 0x0000018A8BC94220
[2021.05.16-10.43.58:405][359]BlueprintLog: New page: PIE以前の自動再コンパイル
[2021.05.16-10.43.58:406][359]LogPlayLevel: [PIE] Compiling Test_Event_Gate before PIE...
[2021.05.16-10.43.58:452][359]LogPlayLevel: PIE:  Blueprint regeneration took 47 ms (1 blueprints)
[2021.05.16-10.43.58:452][359]PIE: New page: PIEセッション: Test_Event_Gate (2021/05/17 4:43:58)
[2021.05.16-10.43.58:456][359]LogPlayLevel: PIE: StaticDuplicateObject took: (0.003498s)
[2021.05.16-10.43.58:456][359]LogPlayLevel: PIE: World Init took: (0.000499s)
[2021.05.16-10.43.58:456][359]LogPlayLevel: PIE: Created PIE world by copying editor world from /Game/Maps/Test/Test_Event_Gate.Test_Event_Gate to /Game/Maps/Test/UEDPIE_0_Test_Event_Gate.Test_Event_Gate (0.004134s)
[2021.05.16-10.43.58:492][359]LogWorld: Game class is 'PNGameMode_C'
[2021.05.16-10.43.58:495][359]LogAIModule: Creating AISystem for world Test_Event_Gate
[2021.05.16-10.43.58:497][359]LogWorld: Bringing World /Game/Maps/Test/UEDPIE_0_Test_Event_Gate.Test_Event_Gate up for play (max tick rate 60) at 2021.05.16-19.43.58
[2021.05.16-10.43.58:498][359]LogWorld: Bringing up level for play took: 0.002659
[2021.05.16-10.43.58:500][359]PIE: 情報 /Game/Maps/Test/UEDPIE_0_Test_Event_Gate -0.809のPIE開始時間
[2021.05.16-10.44.09:056][990]LogParticles: Destroying 0 GPU particle simulations for FXSystem 0x0000018A8BC96AC0
[2021.05.16-10.46.01:073][682]LogRenderer:Warning: Reallocating scene render targets to support 1296x904 (Frame:8582).
[2021.05.16-10.46.18:742][739]LogActorComponent: UnregisterComponent: (/Engine/Transient.CharMoveComp) Not registered. Aborting.
[2021.05.16-10.47.04:797][486]BlueprintLog: New page: PNSwitchActor をコンパイル
[2021.05.16-10.47.04:865][486]BlueprintEditorCompileResults: 情報 [0353.39] PNSwitchActor のコンパイルに成功しました！  [ 67 ミリ秒]
[2021.05.16-10.47.05:474][519]Cmd: OBJ SAVEPACKAGE PACKAGE="/Game/Blueprints/PNSwitchActor" FILE="../../../../../../Users/magi1/Documents/PaperNinja_FirstTime/PaperNinja/Content/Blueprints/PNSwitchActor.uasset" SILENT=true
[2021.05.16-10.47.05:814][519]LogSavePackage: Save=312.116089ms
[2021.05.16-10.47.05:814][519]LogSavePackage: Moving '../../../../../../Users/magi1/Documents/PaperNinja_FirstTime/PaperNinja/Saved/PNSwitchActor6E7BFC2B42CE4B2A618BDD89815587A7.tmp' to '../../../../../../Users/magi1/Documents/PaperNinja_FirstTime/PaperNinja/Content/Blueprints/PNSwitchActor.uasset'
[2021.05.16-10.47.33:780][190]LogEditorTransaction: Undo コンポーネントを修正
[2021.05.16-10.47.33:806][190]LogActorComponent: UnregisterComponent: (/Engine/Transient.CharMoveComp) Not registered. Aborting.
[2021.05.16-10.47.35:396][275]BlueprintLog: New page: PNSwitchActor をコンパイル
[2021.05.16-10.47.35:459][275]BlueprintEditorCompileResults: 情報 [0383.98] PNSwitchActor のコンパイルに成功しました！  [ 62 ミリ秒]
[2021.05.16-10.47.48:649][ 61]LogActorComponent: UnregisterComponent: (/Engine/Transient.CharMoveComp) Not registered. Aborting.
[2021.05.16-10.47.49:947][ 61]Cmd: OBJ SAVEPACKAGE PACKAGE="/Game/Blueprints/PNGateActor" FILE="../../../../../../Users/magi1/Documents/PaperNinja_FirstTime/PaperNinja/Content/Blueprints/PNGateActor.uasset" SILENT=true
[2021.05.16-10.47.50:314][ 61]LogSavePackage: Save=335.970886ms
[2021.05.16-10.47.50:314][ 61]LogSavePackage: Moving '../../../../../../Users/magi1/Documents/PaperNinja_FirstTime/PaperNinja/Saved/PNGateActor9987302A4CAEFB1E0141EE9D16379377.tmp' to '../../../../../../Users/magi1/Documents/PaperNinja_FirstTime/PaperNinja/Content/Blueprints/PNGateActor.uasset'
[2021.05.16-10.47.50:334][ 61]Cmd: OBJ SAVEPACKAGE PACKAGE="/Game/Blueprints/PNSwitchActor" FILE="../../../../../../Users/magi1/Documents/PaperNinja_FirstTime/PaperNinja/Content/Blueprints/PNSwitchActor.uasset" SILENT=true
[2021.05.16-10.47.50:672][ 61]LogSavePackage: Save=311.867004ms
[2021.05.16-10.47.50:672][ 61]LogSavePackage: Moving '../../../../../../Users/magi1/Documents/PaperNinja_FirstTime/PaperNinja/Saved/PNSwitchActorCD35302749D5722C6095A2B63A075C84.tmp' to '../../../../../../Users/magi1/Documents/PaperNinja_FirstTime/PaperNinja/Content/Blueprints/PNSwitchActor.uasset'
[2021.05.16-10.47.50:791][ 61]LogActorComponent: UnregisterComponent: (/Engine/Transient.CharMoveComp) Not registered. Aborting.
[2021.05.16-10.47.50:901][ 61]LogSavePackage: Save=73.844101ms
[2021.05.16-10.47.50:901][ 61]LogSavePackage: Moving '../../../../../../Users/magi1/Documents/PaperNinja_FirstTime/PaperNinja/Saved/Test_Event_GateB79D28684FDC09BC16DBC7A2A04E48BF.tmp' to '../../../../../../Users/magi1/Documents/PaperNinja_FirstTime/PaperNinja/Content/Maps/Test/Test_Event_Gate.umap'
[2021.05.16-10.47.50:932][ 61]LogFileHelpers: Saving map 'Test_Event_Gate' took 0.254
[2021.05.16-10.48.13:650][414]LogContentBrowser:Verbose: The content browser source was changed by the sources view to '/Game/Maps/Test'
[2021.05.16-10.48.15:009][491]LogActorComponent: UnregisterComponent: (/Engine/Transient.CharMoveComp) Not registered. Aborting.
[2021.05.16-10.48.15:023][491]Cmd: MAP LOAD FILE="../../../../../../Users/magi1/Documents/PaperNinja_FirstTime/PaperNinja/Content/Maps/Test/Test_Event_Switch.umap" TEMPLATE=0 SHOWPROGRESS=1 FEATURELEVEL=3
[2021.05.16-10.48.15:023][491]LightingResults: New page: ライティングのビルド
[2021.05.16-10.48.15:049][491]LoadErrors: New page: マップをロード中: Test_Event_Switch.umap
[2021.05.16-10.48.15:071][491]MapCheck: New page: マップをチェック
[2021.05.16-10.48.15:071][491]LightingResults: New page: <何も選択されていません>
[2021.05.16-10.48.15:081][491]LogParticles: Destroying 0 GPU particle simulations for FXSystem 0x0000018AE3A81120
[2021.05.16-10.48.15:081][491]LogParticles: Destroying 0 GPU particle simulations for FXSystem 0x0000018AC5C37CE0
[2021.05.16-10.48.15:113][491]LogEditorServer: Finished looking for orphan Actors (0.000 secs)
[2021.05.16-10.48.15:116][491]LogAIModule: Creating AISystem for world Test_Event_Switch
[2021.05.16-10.48.15:145][491]Cmd: MAP CHECKDEP
[2021.05.16-10.48.15:146][491]MapCheck: New page: Test_Event_Switch - 2021/05/17 4:48:15
[2021.05.16-10.48.15:255][491]MapCheck: 情報 マップチェックが完了: 0 エラー、 0 警告、完了に 108.829ミリ秒かかりました。
[2021.05.16-10.48.15:256][491]LogFileHelpers: Loading map 'Test_Event_Switch' took 0.234
[2021.05.16-10.48.17:041][598]BlueprintLog: New page: PNGateActor をコンパイル
[2021.05.16-10.48.17:090][598]LogActorComponent: UnregisterComponent: (/Engine/Transient.CharMoveComp) Not registered. Aborting.
[2021.05.16-10.48.17:108][598]BlueprintEditorCompileResults: 情報 [0425.63] PNGateActor のコンパイルに成功しました！  [ 68 ミリ秒]
[2021.05.16-10.48.19:646][750]LogEditorViewport: Clicking on Actor (LMB): PNSwitchActor_C (PNSwitchActor)
[2021.05.16-10.48.20:931][827]LogEditorViewport: Clicking on Actor (context menu): PNSwitchActor_C (PNSwitchActor)
[2021.05.16-10.48.51:027][591]BlueprintLog: New page: Test_Event_Switch をコンパイル
[2021.05.16-10.48.51:068][591]BlueprintEditorCompileResults: 情報 [0459.59] Test_Event_Switch のコンパイルに成功しました！  [ 41 ミリ秒]
[2021.05.16-10.48.54:857][737]LogSavePackage: Save=70.757202ms
[2021.05.16-10.48.54:857][737]LogSavePackage: Moving '../../../../../../Users/magi1/Documents/PaperNinja_FirstTime/PaperNinja/Saved/Test_Event_Switch910BF8FE47B218A4DCF72CBC643C1D74.tmp' to '../../../../../../Users/magi1/Documents/PaperNinja_FirstTime/PaperNinja/Content/Maps/Test/Test_Event_Switch.umap'
[2021.05.16-10.48.54:888][737]LogFileHelpers: Saving map 'Test_Event_Switch' took 0.265
[2021.05.16-10.48.55:602][779]BlueprintLog: New page: PIE以前の自動再コンパイル
[2021.05.16-10.48.55:604][779]LogPlayLevel: [PIE] Compiling Test_Event_Switch before PIE...
[2021.05.16-10.48.55:646][779]LogPlayLevel: PIE:  Blueprint regeneration took 43 ms (1 blueprints)
[2021.05.16-10.48.55:646][779]PIE: New page: PIEセッション: Test_Event_Switch (2021/05/17 4:48:55)
[2021.05.16-10.48.55:650][779]LogPlayLevel: PIE: StaticDuplicateObject took: (0.003844s)
[2021.05.16-10.48.55:651][779]LogPlayLevel: PIE: World Init took: (0.001083s)
[2021.05.16-10.48.55:652][779]LogPlayLevel: PIE: Created PIE world by copying editor world from /Game/Maps/Test/Test_Event_Switch.Test_Event_Switch to /Game/Maps/Test/UEDPIE_0_Test_Event_Switch.Test_Event_Switch (0.005118s)
[2021.05.16-10.48.55:688][779]LogWorld: Game class is 'PNGameMode_C'
[2021.05.16-10.48.55:690][779]LogAIModule: Creating AISystem for world Test_Event_Switch
[2021.05.16-10.48.55:693][779]LogWorld: Bringing World /Game/Maps/Test/UEDPIE_0_Test_Event_Switch.Test_Event_Switch up for play (max tick rate 60) at 2021.05.16-19.48.55
[2021.05.16-10.48.55:693][779]LogWorld: Bringing up level for play took: 0.002761
[2021.05.16-10.48.55:696][779]PIE: 情報 /Game/Maps/Test/UEDPIE_0_Test_Event_Switch 0.386のPIE開始時間
[2021.05.16-10.49.03:891][271]LogBlueprintUserMessages: Hello
[2021.05.16-10.49.05:039][337]LogParticles: Destroying 0 GPU particle simulations for FXSystem 0x0000018A8F1E60C0
[2021.05.16-10.50.14:706][506]LogContentBrowser:Verbose: The content browser source was changed by the sources view to '/Game/Characters'
[2021.05.16-10.50.15:305][542]LogContentBrowser:Verbose: The content browser source was changed by the sources view to '/Game/Blueprints'
[2021.05.16-10.50.34:332][669]LogEditorViewport: Clicking on Actor (context menu): PNSwitchActor_C (PNSwitchActor)
[2021.05.16-10.51.31:823][ 52]LogWindows:Error: Windows GetLastError: この操作を正しく終了しました。 (0)
[2021.05.16-10.51.31:823][ 52]LogCrashTracker: 


[2021.05.16-10.51.34:717][ 52]LogCrashTracker: 


[2021.05.16-10.51.34:717][ 52]LogWindows: === Critical error: ===
Assertion failed: !bIsChangingText [File:D:\BuildFarm\buildmachine_++depot+UE4-Releases+4.7\Engine\Source\Runtime\Slate\Private\Widgets\Input\SEditableText.cpp] [Line: 556] 



KERNELBASE.dll!UnknownFunction (0x00007ffa6eb94b89) + 0 bytes [UnknownFile:0]
UE4Editor-Core.dll!FOutputDeviceWindowsError::Serialize() (0x00007ffa0a4c8074) + 0 bytes [d:\buildfarm\buildmachine_++depot+ue4-releases+4.7\engine\source\runtime\core\private\windows\windowsplatformoutputdevices.cpp:95]
UE4Editor-Core.dll!FOutputDevice::Logf__VA() (0x00007ffa0a347878) + 159 bytes [d:\buildfarm\buildmachine_++depot+ue4-releases+4.7\engine\source\runtime\core\private\misc\outputdevice.cpp:144]
UE4Editor-Core.dll!FDebug::AssertFailed() (0x00007ffa0a328b17) + 62 bytes [d:\buildfarm\buildmachine_++depot+ue4-releases+4.7\engine\source\runtime\core\private\misc\outputdevice.cpp:224]
UE4Editor-Slate.dll!SEditableText::StartChangingText() (0x00007ffa09c170da) + 0 bytes [d:\buildfarm\buildmachine_++depot+ue4-releases+4.7\engine\source\runtime\slate\private\widgets\input\seditabletext.cpp:560]
UE4Editor-Slate.dll!FTextEditHelper::OnKeyChar() (0x00007ffa09b3b3ac) + 32 bytes [d:\buildfarm\buildmachine_++depot+ue4-releases+4.7\engine\source\runtime\slate\private\framework\text\textedithelper.cpp:40]
UE4Editor-Slate.dll!SEditableText::OnKeyChar() (0x00007ffa09bfad23) + 77 bytes [d:\buildfarm\buildmachine_++depot+ue4-releases+4.7\engine\source\runtime\slate\private\widgets\input\seditabletext.cpp:1622]
UE4Editor-Slate.dll!<lambda_f4267d5369f6530713340915266300fb>::operator()() (0x00007ffa09a1de22) + 38 bytes [d:\buildfarm\buildmachine_++depot+ue4-releases+4.7\engine\source\runtime\slate\private\framework\application\slateapplication.cpp:3504]
UE4Editor-Slate.dll!FEventRouter::Route<FReply,FEventRouter::FBubblePolicy,FCharacterEvent,<lambda_f4267d5369f6530713340915266300fb> >() (0x00007ffa099d6c9d) + 29 bytes [d:\buildfarm\buildmachine_++depot+ue4-releases+4.7\engine\source\runtime\slate\private\framework\application\slateapplication.cpp:202]
UE4Editor-Slate.dll!FEventRouter::RouteAlongFocusPath<FEventRouter::FBubblePolicy,<lambda_f4267d5369f6530713340915266300fb>,FCharacterEvent>() (0x00007ffa099d8ace) + 34 bytes [d:\buildfarm\buildmachine_++depot+ue4-releases+4.7\engine\source\runtime\slate\private\framework\application\slateapplication.cpp:184]
UE4Editor-Slate.dll!FSlateApplication::ProcessKeyCharEvent() (0x00007ffa09a83a74) + 150 bytes [d:\buildfarm\buildmachine_++depot+ue4-releases+4.7\engine\source\runtime\slate\private\framework\application\slateapplication.cpp:3505]
UE4Editor-Slate.dll!FSlateApplication::OnKeyChar() (0x00007ffa09a73633) + 14 bytes [d:\buildfarm\buildmachine_++depot+ue4-releases+4.7\engine\source\runtime\slate\private\framework\application\slateapplication.cpp:3485]
UE4Editor-Core.dll!FWindowsApplication::ProcessDeferredMessage() (0x00007ffa0a423008) + 0 bytes [d:\buildfarm\buildmachine_++depot+ue4-releases+4.7\engine\source\runtime\core\private\windows\windowsapplication.cpp:1149]
UE4Editor-Core.dll!FWindowsApplication::DeferMessage() (0x00007ffa0a415d2e) + 74 bytes [d:\buildfarm\buildmachine_++depot+ue4-releases+4.7\engine\source\runtime\core\private\windows\windowsapplication.cpp:1669]
UE4Editor-Core.dll!FWindowsApplication::ProcessMessage() (0x00007ffa0a424d50) + 41 bytes [d:\buildfarm\buildmachine_++depot+ue4-releases+4.7\engine\source\runtime\core\private\windows\windowsapplication.cpp:742]
UE4Editor-Core.dll!FWindowsApplication::AppWndProc() (0x00007ffa0a413192) + 0 bytes [d:\buildfarm\buildmachine_++depot+ue4-releases+4.7\engine\source\runtime\core\private\windows\windowsapplication.cpp:604]
USER32.dll!UnknownFunction (0x00007ffa70c9e858) + 0 bytes [UnknownFile:0]
USER32.dll!UnknownFunction (0x00007ffa70c9e299) + 0 bytes [UnknownFile:0]
UE4Editor-Core.dll!FWindowsPlatformMisc::PumpMessages() (0x00007ffa0a4c3ec6) + 48 bytes [d:\buildfarm\buildmachine_++depot+ue4-releases+4.7\engine\source\runtime\core\private\windows\windowsplatformmisc.cpp:774]
UE4Editor.exe!FEngineLoop::Tick() (0x00007ff6a3e800a9) + 8 bytes [d:\buildfarm\buildmachine_++depot+ue4-releases+4.7\engine\source\runtime\launch\private\launchengineloop.cpp:2233]
UE4Editor.exe!GuardedMain() (0x00007ff6a3e7267c) + 0 bytes [d:\buildfarm\buildmachine_++depot+ue4-releases+4.7\engine\source\runtime\launch\private\launch.cpp:142]
UE4Editor.exe!GuardedMainWrapper() (0x00007ff6a3e726ea) + 5 bytes [d:\buildfarm\buildmachine_++depot+ue4-releases+4.7\engine\source\runtime\launch\private\windows\launchwindows.cpp:126]
UE4Editor.exe!WinMain() (0x00007ff6a3e82219) + 17 bytes [d:\buildfarm\buildmachine_++depot+ue4-releases+4.7\engine\source\runtime\launch\private\windows\launchwindows.cpp:202]
UE4Editor.exe!__tmainCRTStartup() (0x00007ff6a3e83159) + 21 bytes [f:\dd\vctools\crt\crtw32\dllstuff\crtexe.c:618]
KERNEL32.DLL!UnknownFunction (0x00007ffa70ee7034) + 0 bytes [UnknownFile:0]
ntdll.dll!UnknownFunction (0x00007ffa710c2651) + 0 bytes [UnknownFile:0]
ntdll.dll!UnknownFunction (0x00007ffa710c2651) + 0 bytes [UnknownFile:0]


[2021.05.16-10.51.34:802][ 52]LogExit: Executing StaticShutdownAfterError
[2021.05.16-10.51.34:805][ 52]LogWindows: FPlatformMisc::RequestExit(1)
[2021.05.16-10.51.34:805][ 52]Log file closed, 05/16/21 19:51:34
