Log file open, 06/05/21 10:41:18
LogInit:Display: Running engine for game: PaperNinja
LogInit: Version: 4.7.6-2513093+++depot+UE4-Releases+4.7
LogInit: API Version: 2455222
LogInit: Compiled (64-bit): Apr 15 2015 12:09:54
LogInit: Compiled with Visual C++: 18.00.21005.01
LogInit: Build Configuration: Development
LogInit: Branch Name: ++depot+UE4-Releases+4.7
LogInit: Command line:  
LogInit: Base directory: C:/Program Files/Epic Games/UE_4.7/Engine/Binaries/Win64/
LogInit: Rocket: 1
[2021.06.05-01.41.18:855][  0]LogTaskGraph: Started task graph with 3 named threads and 8 total threads.
[2021.06.05-01.41.18:932][  0]LogOnline:Warning: No default platform service specified for OnlineSubsystem
[2021.06.05-01.41.18:947][  0]LogInit: Presizing for 0 objects not considered by GC, pre-allocating 0 bytes.
[2021.06.05-01.41.18:954][  0]LogInit: Object subsystem initialized
[2021.06.05-01.41.18:956][  0]LogConsoleResponse:Warning: Skipping Unknown console variable: 'TranslucentSortAxis = (X=0.000000,Y=-1.000000,Z=0.000000)'
[2021.06.05-01.41.18:956][  0]LogConsoleResponse:Warning:   Found in ini file 'C:/Users/magi1/Documents/PaperNinja_FirstTime/PaperNinja/Saved/Config/Windows/Engine.ini', in section '[/Script/Engine.RendererSettings]'
[2021.06.05-01.41.18:956][  0]LogConsoleResponse:Warning: Skipping Unknown console variable: 'UIScaleRule = ShortestSide'
[2021.06.05-01.41.18:956][  0]LogConsoleResponse:Warning:   Found in ini file 'C:/Users/magi1/Documents/PaperNinja_FirstTime/PaperNinja/Saved/Config/Windows/Engine.ini', in section '[/Script/Engine.RendererSettings]'
[2021.06.05-01.41.18:956][  0]LogConsoleResponse:Warning: Skipping Unknown console variable: 'UIScaleCurve = (EditorCurveData=(Keys=),ExternalCurve=None)'
[2021.06.05-01.41.18:956][  0]LogConsoleResponse:Warning:   Found in ini file 'C:/Users/magi1/Documents/PaperNinja_FirstTime/PaperNinja/Saved/Config/Windows/Engine.ini', in section '[/Script/Engine.RendererSettings]'
[2021.06.05-01.41.18:956][  0]LogInit: Selected Device Profile: [Windows]
[2021.06.05-01.41.18:956][  0]LogInit: Applying CVar settings loaded from the selected device profile: [Windows]
[2021.06.05-01.41.18:962][  0]LogInit: Computer: DESKTOP-QG331CQ
[2021.06.05-01.41.18:962][  0]LogInit: User: magi1
[2021.06.05-01.41.18:962][  0]LogInit: CPU Page size=4096, Cores=6
[2021.06.05-01.41.18:962][  0]LogInit: High frequency timer resolution =10.000000 MHz
[2021.06.05-01.41.18:962][  0]LogMemory: Memory total: Physical=15.9GB (16GB approx) Virtual=131072.0GB
[2021.06.05-01.41.18:962][  0]LogMemory: Platform Memory Stats for Windows
[2021.06.05-01.41.18:962][  0]LogMemory: Process Physical Memory: 49.88 MB used, 49.89 MB peak
[2021.06.05-01.41.18:962][  0]LogMemory: Process Virtual Memory: 26.80 MB used, 26.81 MB peak
[2021.06.05-01.41.18:962][  0]LogMemory: Physical Memory: 6914.98 MB used, 16239.85 MB total
[2021.06.05-01.41.18:962][  0]LogMemory: Virtual Memory: 4432.94 MB used, 134217728.00 MB total
[2021.06.05-01.41.19:110][  0]LogD3D11RHI: Found D3D11 adapter 0: NVIDIA GeForce RTX 2080 (Feature Level 11_0)
[2021.06.05-01.41.19:110][  0]LogD3D11RHI: Adapter has 8010MB of dedicated video memory, 0MB of dedicated system memory, and 8119MB of shared system memory, 2 output[s]
[2021.06.05-01.41.19:139][  0]LogD3D11RHI: Found D3D11 adapter 1: Intel(R) UHD Graphics 630 (Feature Level 11_0)
[2021.06.05-01.41.19:139][  0]LogD3D11RHI: Adapter has 128MB of dedicated video memory, 0MB of dedicated system memory, and 8119MB of shared system memory, 0 output[s]
[2021.06.05-01.41.19:141][  0]LogD3D11RHI: Found D3D11 adapter 2: Microsoft Basic Render Driver (Feature Level 11_0)
[2021.06.05-01.41.19:141][  0]LogD3D11RHI: Adapter has 0MB of dedicated video memory, 0MB of dedicated system memory, and 8119MB of shared system memory, 0 output[s]
[2021.06.05-01.41.19:141][  0]LogD3D11RHI: Chosen D3D11 Adapter Id = 0
[2021.06.05-01.41.19:147][  0]LogRHI: Texture pool is 1361 MB (70% of 1945 MB)
[2021.06.05-01.41.19:232][  0]LogD3D11RHI: Async texture creation enabled
[2021.06.05-01.41.19:296][  0]LogTextLocalizationManager: The requested culture ('ja_JP') has no localization data; parent culture's ('ja') localization data will be used.
[2021.06.05-01.41.19:344][  0]LogTextLocalizationManager:Warning: Loading localization resources contain conflicting entries for (Namespace:UICommands, Key:Save_ToolTip):
Resource: (C:/Program Files/Epic Games/UE_4.7/Engine/Content/Localization/Editor/ja/Editor.locres) Hash: (-29098895) String: (現行レベルをディスクに保存)
Resource: (C:/Program Files/Epic Games/UE_4.7/Engine/Content/Localization/Engine/ja/Engine.locres) Hash: (-1280300587) String: (選択データをvlogファイルに保存)
[2021.06.05-01.41.19:344][  0]LogTextLocalizationManager:Warning: Loading localization resources contain conflicting entries for (Namespace:ContentBrowser, Key:ImportAssetToolTip):
Resource: (C:/Program Files/Epic Games/UE_4.7/Engine/Content/Localization/Editor/ja/Editor.locres) Hash: (-630476809) String: ({0} にインポート...)
Resource: (C:/Program Files/Epic Games/UE_4.7/Engine/Content/Localization/Editor/ja/Editor.locres) Hash: (1271782899) String: (このフォルダへファイルからアセットをインポート)
[2021.06.05-01.41.19:409][  0]LogContentStreaming: Texture pool size is 0.000000MB
[2021.06.05-01.41.21:345][  0]LogTargetPlatformManager:Display: Building Assets For Windows
[2021.06.05-01.41.21:809][  0]LogTargetPlatformManager:Display: Building Assets For Windows
[2021.06.05-01.41.21:870][  0]LogDerivedDataCache:Display: Max Cache Size: 512 MB
[2021.06.05-01.41.21:896][  0]LogDerivedDataCache: Loaded boot cache 0.03s 39MB C:/Users/magi1/AppData/Local/UnrealEngine/4.7/DerivedDataCache/Boot.ddc.
[2021.06.05-01.41.21:896][  0]LogDerivedDataCache:Display: Loaded Boot cache: C:/Users/magi1/AppData/Local/UnrealEngine/4.7/DerivedDataCache/Boot.ddc
[2021.06.05-01.41.21:896][  0]LogDerivedDataCache: FDerivedDataBackendGraph:  Pak pak cache file ../../../../../../Users/magi1/Documents/PaperNinja_FirstTime/PaperNinja/DerivedDataCache/DDC.ddp not found, will not use a pak cache.
[2021.06.05-01.41.21:896][  0]LogDerivedDataCache: Unable to find inner node Pak for hierarchical cache Hierarchy.
[2021.06.05-01.41.21:990][  0]LogDerivedDataCache:Display: Pak cache opened for reading ../../../Engine/DerivedDataCache/Compressed.ddp.
[2021.06.05-01.41.22:003][  0]LogDerivedDataCache: Using Local data cache path C:/Users/magi1/AppData/Local/UnrealEngine/Common/DerivedDataCache: Writable
[2021.06.05-01.41.22:221][  0]LogMeshUtilities: No automatic mesh reduction module available
[2021.06.05-01.41.22:221][  0]LogMeshUtilities: No automatic mesh merging module available
[2021.06.05-01.41.22:519][  0]LogInit: WinSock: version 1.1 (2.2), MaxSocks=32767, MaxUdp=65467
[2021.06.05-01.41.22:603][  0]LogSlate:Warning: Failed to load font data from '../../../Engine/Content/Slate/Fonts/Roboto-Italic.ttf'
[2021.06.05-01.41.23:273][  0]UdpMessaging: Initializing bridge on interface 0.0.0.0:0 to multicast group 230.0.0.1:6666.
[2021.06.05-01.41.23:488][  0]SourceControl: 情報 ソースコントロールは無効です
[2021.06.05-01.41.23:488][  0]SourceControl: 情報 ソースコントロールは無効です
[2021.06.05-01.41.23:488][  0]SourceControl: 情報 ソースコントロールは無効です
[2021.06.05-01.41.23:488][  0]LogSourceControl: RunCommandInternalRaw: 'git version'
[2021.06.05-01.41.23:488][  0]LogSourceControl: RunCommandInternalRaw: ExecProcess ReturnCode=2 OutResults=''
[2021.06.05-01.41.23:498][  0]SourceControl: 情報 ソースコントロールは無効です
[2021.06.05-01.41.23:688][  0]LogObj: 24232 objects as part of root set at end of initial load.
[2021.06.05-01.41.23:688][  0]LogUObjectAllocator: 5137168 out of 0 bytes used by permanent object pool.
[2021.06.05-01.41.23:755][  0]LogEngine: Initializing Engine...
[2021.06.05-01.41.25:922][  0]LogInit: XAudio2 using 'スピーカー (Realtek(R) Audio)' : 2 channels at 48 kHz using 32 bits per sample (channel mask 0x3)
[2021.06.05-01.41.26:010][  0]LogInit: FAudioDevice initialized.
[2021.06.05-01.41.26:052][  0]LogAIModule: Creating AISystem for world NewWorld
[2021.06.05-01.41.26:068][  0]LogDerivedDataCache: Saved boot cache 0.01s 39MB C:/Users/magi1/AppData/Local/UnrealEngine/4.7/DerivedDataCache/Boot.ddc.
[2021.06.05-01.41.26:070][  0]LogInit: Texture streaming: Enabled
[2021.06.05-01.41.26:149][  0]LogAnalytics: Creating configured Analytics provider AnalyticsET
[2021.06.05-01.41.26:150][  0]LogAnalytics: ET APIKey = Rocket.Release. APIServer = http://et2.epicgames.com/ET2/. AppVersion = 4.7.6-2513093+++depot+UE4-Releases+4.7
[2021.06.05-01.41.26:150][  0]LogAnalytics: ET APIKey = Rocket.Release. DataRouterUploadURL = https://datarouter-public-service-gamedev.ol.epicgames.net/datarouter/api/v1/public/data. AppVersion = 4.7.6-2513093+++depot+UE4-Releases+4.7
[2021.06.05-01.41.26:150][  0]LogAnalytics: SetUserId 144e59504b07e7078f7f9fbff0f199ea|e89bcdc3dddd40638ff112a71cef8e67|badf8662-73b2-480e-8b08-9b9fdfc993be
[2021.06.05-01.41.26:150][  0]LogAnalytics: AnalyticsET::StartSession [Rocket.Release]
[2021.06.05-01.41.26:187][  0]LogInit: Transaction tracking system initialized
[2021.06.05-01.41.26:399][  0]BlueprintLog: New page: エディタの読み込み
[2021.06.05-01.41.26:440][  0]LogAssetRegistry: FAssetRegistry took 0.0105 seconds to start up
[2021.06.05-01.41.26:440][  0]LogDirectoryWatcher:Warning: Failed to begin reading directory changes for ../../../Engine/Plugins/Experimental/CharacterAI/Content/. Error: 0
[2021.06.05-01.41.26:930][  0]LogTargetPlatformManager:Display: Building Assets For Windows
[2021.06.05-01.41.27:220][  0]LogTargetPlatformManager:Display: Building Assets For Windows
[2021.06.05-01.41.27:505][  0]LogSlate:Warning: Failed to load font data from '../../../Engine/Content/Editor/Slate/Fonts/Roboto-Regular.ttf'
[2021.06.05-01.41.27:505][  0]LogSlate:Warning: Failed to load font data from '../../../Engine/Content/Editor/Slate/Fonts/Roboto-Bold.ttf'
[2021.06.05-01.41.27:509][  0]LogConsoleResponse:Display: 
[2021.06.05-01.41.27:622][  0]LogCook:Display: Done creating registry. It took  0.00s.
[2021.06.05-01.41.27:784][  0]SourceControl: 情報 ソースコントロールは無効です
[2021.06.05-01.41.27:784][  0]Cmd: MAP LOAD FILE="../../../../../../Users/magi1/Documents/PaperNinja_FirstTime/PaperNinja/Content/StarterContent/Maps/Minimal_Default.umap" TEMPLATE=0 SHOWPROGRESS=1 FEATURELEVEL=3
[2021.06.05-01.41.27:785][  0]LightingResults: New page: ライティングのビルド
[2021.06.05-01.41.27:799][  0]MapCheck: New page: マップをチェック
[2021.06.05-01.41.27:799][  0]LightingResults: New page: <何も選択されていません>
[2021.06.05-01.41.27:803][  0]LogParticles: Destroying 0 GPU particle simulations for FXSystem 0x0000023B8ECC0EA0
[2021.06.05-01.41.28:515][  0]LogEditorServer: Finished looking for orphan Actors (0.000 secs)
[2021.06.05-01.41.28:524][  0]LogAIModule: Creating AISystem for world Minimal_Default
[2021.06.05-01.41.28:524][  0]Cmd: MAP CHECKDEP
[2021.06.05-01.41.28:525][  0]MapCheck: New page: Minimal_Default - 2021/06/05 19:41:28
[2021.06.05-01.41.28:621][  0]MapCheck: 情報 マップチェックが完了: 0 エラー、 0 警告、完了に 95.791ミリ秒かかりました。
[2021.06.05-01.41.28:621][  0]LogFileHelpers: Loading map 'Minimal_Default' took 0.837
[2021.06.05-01.41.28:740][  0]LogCollectionManager: Loaded 0 collections in 0.001640 seconds
[2021.06.05-01.41.28:747][  0]LogContentBrowser: Native class hierarchy populated in 0.0068 seconds. Added 1696 classes and 261 folders.
[2021.06.05-01.41.28:785][  0]LogContentBrowser: Native class hierarchy updated for 'SceneOutliner' in 0.0023 seconds. Added 1 classes and 2 folders.
[2021.06.05-01.41.28:805][  0]LogContentBrowser: Native class hierarchy updated for 'WorldBrowser' in 0.0024 seconds. Added 1 classes and 3 folders.
[2021.06.05-01.41.28:869][  0]LogCrashTracker: Crashtracker disabled due to settings.
[2021.06.05-01.41.28:870][  0]LogSlate:Warning: Failed to load font data from 'Veranda'
[2021.06.05-01.41.28:880][  0]LogUObjectGlobals:Warning: オブジェクト 'Class なし.' が見つかりませんでした
[2021.06.05-01.41.28:910][  0]LogLoad: Full Startup: 12.98 seconds (BP compile: 0.07 seconds)
[2021.06.05-01.41.29:321][  0]LogContentBrowser:Verbose: The content browser source was changed by the sources view to '/Game/Blueprints'
[2021.06.05-01.41.29:425][  0]LogRenderer:Warning: Reallocating scene render targets to support 32x32 (Frame:2).
[2021.06.05-01.41.29:524][  0]LogRenderer:Warning: Reallocating scene render targets to support 1200x576 (Frame:5).
[2021.06.05-01.41.30:585][  4]LogAssetRegistry: Asset discovery search completed in 4.1558 seconds
[2021.06.05-01.41.33:581][ 13]LogContentBrowser:Verbose: The content browser source was changed by the sources view to '/Game/Architecture'
[2021.06.05-01.41.35:451][124]LogContentBrowser:Verbose: The content browser source was changed by the sources view to '/Game/Animations'
[2021.06.05-01.41.36:685][197]LogContentBrowser:Verbose: The content browser source was changed by the sources view to '/Game/Props'
[2021.06.05-01.41.38:093][280]LogContentBrowser:Verbose: The content browser source was changed by the sources view to '/Game/StarterContent'
[2021.06.05-01.41.39:360][356]LogContentBrowser:Verbose: The content browser source was changed by the sources view to '/Game/Particles'
[2021.06.05-01.43.50:994][247]LogContentBrowser:Verbose: The content browser source was changed by the sources view to '/Game/Blueprints'
[2021.06.05-01.43.51:712][288]LogContentBrowser:Verbose: The content browser source was changed by the sources view to '/Game/Audio'
[2021.06.05-01.43.52:255][317]LogContentBrowser:Verbose: The content browser source was changed by the sources view to '/Game/Maps'
[2021.06.05-01.43.52:772][348]LogContentBrowser:Verbose: The content browser source was changed by the sources view to '/Game/Materials'
[2021.06.05-01.43.53:322][381]LogContentBrowser:Verbose: The content browser source was changed by the sources view to '/Game/Particles'
[2021.06.05-01.43.55:172][492]LogContentBrowser:Verbose: The content browser source was changed by the sources view to '/Game/Characters'
[2021.06.05-01.43.55:922][537]LogContentBrowser:Verbose: The content browser source was changed by the sources view to '/Game/Audio'
[2021.06.05-01.43.58:194][670]LogContentBrowser:Verbose: The content browser source was changed by the sources view to '/Game/Maps'
[2021.06.05-01.43.59:028][720]LogContentBrowser:Verbose: The content browser source was changed by the sources view to '/Game/Maps/Test'
[2021.06.05-01.44.05:775][ 62]Cmd: MAP LOAD FILE="../../../Engine/Content/Maps/Templates/Template_Default.umap" TEMPLATE=1 SHOWPROGRESS=1 FEATURELEVEL=3
[2021.06.05-01.44.05:813][ 62]LightingResults: New page: ライティングのビルド
[2021.06.05-01.44.05:855][ 62]LoadErrors: New page: マップをロード中: Template_Default.umap
[2021.06.05-01.44.05:856][ 62]MapCheck: New page: マップをチェック
[2021.06.05-01.44.05:856][ 62]LightingResults: New page: <何も選択されていません>
[2021.06.05-01.44.05:863][ 62]LogParticles: Destroying 0 GPU particle simulations for FXSystem 0x0000023B860DC7C0
[2021.06.05-01.44.05:917][ 62]LogEditorServer: Finished looking for orphan Actors (0.000 secs)
[2021.06.05-01.44.05:921][ 62]LogAIModule: Creating AISystem for world Untitled_1
[2021.06.05-01.44.05:933][ 62]Cmd: MAP CHECKDEP
[2021.06.05-01.44.05:933][ 62]MapCheck: New page: Untitled_1 - 2021/06/05 19:44:05
[2021.06.05-01.44.06:030][ 62]MapCheck: 情報 マップチェックが完了: 0 エラー、 0 警告、完了に 97.674ミリ秒かかりました。
[2021.06.05-01.44.06:030][ 62]LogFileHelpers: Loading map 'Template_Default' took 0.258
[2021.06.05-01.44.27:021][122]LogSavePackage: Save=19.946501ms
[2021.06.05-01.44.27:021][122]LogSavePackage: Moving '../../../../../../Users/magi1/Documents/PaperNinja_FirstTime/PaperNinja/Saved/Test_Movement_ProjectileDA6FC36E4930542F1FE96C92A9B72195.tmp' to '../../../../../../Users/magi1/Documents/PaperNinja_FirstTime/PaperNinja/Content/Maps/Test/Test_Movement_Projectile.umap'
[2021.06.05-01.44.27:066][122]LogFileHelpers: Saving map 'Test_Movement_Projectile' took 0.381
[2021.06.05-01.46.12:291][436]LogContentBrowser:Verbose: The content browser source was changed by the sources view to '/Game/Blueprints'
[2021.06.05-01.47.11:171][847]LogContentBrowser:Verbose: The content browser source was changed by the sources view to '/Game/Blueprints'
[2021.06.05-01.48.42:706][291]LogContentBrowser:Verbose: The content browser source was changed by the sources view to '/Game/Blueprints'
[2021.06.05-01.49.42:307][832]LogLinker:Warning: ファイル '/Game/Particles/Textures/T_FX_FireBall_01' が見つかりません
[2021.06.05-01.49.42:307][832]LogLinker:Warning: ../../../../../../Users/magi1/Documents/PaperNinja_FirstTime/PaperNinja/Content/Particles/Materials/M_FX_FireBall.uasset のロード中にアセット '/Game/Particles/Textures/T_FX_FireBall_01'  のファイルが見つかりません
[2021.06.05-01.49.42:307][832]LoadErrors:Error: エラー /Game/Particles/Materials/M_FX_FireBall : アセットのファイルが見つかりません /Game/Particles/Textures/T_FX_FireBall_01
[2021.06.05-01.49.42:307][832]LogLinker:Warning: ファイル '/Game/Particles/Textures/T_FX_FireBall_01' が見つかりません
[2021.06.05-01.49.42:307][832]LogLinker:Warning: ../../../../../../Users/magi1/Documents/PaperNinja_FirstTime/PaperNinja/Content/Particles/Materials/M_FX_FireBall.uasset のロード中にアセット '/Game/Particles/Textures/T_FX_FireBall_01'  のファイルが見つかりません
[2021.06.05-01.49.42:309][832]LogLinker:Warning: ファイル '/Game/Particles/Textures/T_FX_FireBall_02' が見つかりません
[2021.06.05-01.49.42:309][832]LogLinker:Warning: ../../../../../../Users/magi1/Documents/PaperNinja_FirstTime/PaperNinja/Content/Particles/Materials/MI_FX_FireBall02.uasset のロード中にアセット '/Game/Particles/Textures/T_FX_FireBall_02'  のファイルが見つかりません
[2021.06.05-01.49.42:309][832]LoadErrors:Error: エラー /Game/Particles/Materials/MI_FX_FireBall02 : アセットのファイルが見つかりません /Game/Particles/Textures/T_FX_FireBall_02
[2021.06.05-01.49.42:310][832]LogLinker:Warning: ファイル '/Game/Particles/Textures/T_FX_FireBall_02' が見つかりません
[2021.06.05-01.49.42:310][832]LogLinker:Warning: ../../../../../../Users/magi1/Documents/PaperNinja_FirstTime/PaperNinja/Content/Particles/Materials/MI_FX_FireBall02.uasset のロード中にアセット '/Game/Particles/Textures/T_FX_FireBall_02'  のファイルが見つかりません
[2021.06.05-01.49.42:311][832]LogLinker:Warning: ファイル '/Game/Particles/Textures/T_FX_FireBall_04' が見つかりません
[2021.06.05-01.49.42:311][832]LogLinker:Warning: ../../../../../../Users/magi1/Documents/PaperNinja_FirstTime/PaperNinja/Content/Particles/Materials/MI_FX_FireBall04.uasset のロード中にアセット '/Game/Particles/Textures/T_FX_FireBall_04'  のファイルが見つかりません
[2021.06.05-01.49.42:311][832]LoadErrors:Error: エラー /Game/Particles/Materials/MI_FX_FireBall04 : アセットのファイルが見つかりません /Game/Particles/Textures/T_FX_FireBall_04
[2021.06.05-01.49.42:312][832]LogLinker:Warning: ファイル '/Game/Particles/Textures/T_FX_FireBall_04' が見つかりません
[2021.06.05-01.49.42:312][832]LogLinker:Warning: ../../../../../../Users/magi1/Documents/PaperNinja_FirstTime/PaperNinja/Content/Particles/Materials/MI_FX_FireBall04.uasset のロード中にアセット '/Game/Particles/Textures/T_FX_FireBall_04'  のファイルが見つかりません
[2021.06.05-01.49.42:313][832]LogLinker:Warning: ファイル '/Game/Particles/Textures/T_FX_FireBall_05' が見つかりません
[2021.06.05-01.49.42:313][832]LogLinker:Warning: ../../../../../../Users/magi1/Documents/PaperNinja_FirstTime/PaperNinja/Content/Particles/Materials/MI_FX_FireBall05.uasset のロード中にアセット '/Game/Particles/Textures/T_FX_FireBall_05'  のファイルが見つかりません
[2021.06.05-01.49.42:314][832]LoadErrors:Error: エラー /Game/Particles/Materials/MI_FX_FireBall05 : アセットのファイルが見つかりません /Game/Particles/Textures/T_FX_FireBall_05
[2021.06.05-01.49.42:314][832]LogLinker:Warning: ファイル '/Game/Particles/Textures/T_FX_FireBall_05' が見つかりません
[2021.06.05-01.49.42:314][832]LogLinker:Warning: ../../../../../../Users/magi1/Documents/PaperNinja_FirstTime/PaperNinja/Content/Particles/Materials/MI_FX_FireBall05.uasset のロード中にアセット '/Game/Particles/Textures/T_FX_FireBall_05'  のファイルが見つかりません
[2021.06.05-01.49.42:323][832]LogLinker:Warning: ファイル '/Game/Particles/Textures/T_FX_FireBall_02' が見つかりません
[2021.06.05-01.49.42:323][832]LoadErrors: 情報 ロードに失敗しました /Game/Particles/Textures/T_FX_FireBall_02.T_FX_FireBall_02 参照元 MI_FX_FireBall02
[2021.06.05-01.49.42:323][832]LogLinker:Warning: NULL のロード中にアセット '/Game/Particles/Textures/T_FX_FireBall_02'  のファイルが見つかりません
[2021.06.05-01.49.42:323][832]LogLinker:Warning: ファイル '/Game/Particles/Textures/T_FX_FireBall_01' が見つかりません
[2021.06.05-01.49.42:323][832]LoadErrors: 情報 ロードに失敗しました /Game/Particles/Textures/T_FX_FireBall_01.T_FX_FireBall_01 参照元 MaterialExpressionTextureSampleParameter2D_0
[2021.06.05-01.49.42:323][832]LogLinker:Warning: NULL のロード中にアセット '/Game/Particles/Textures/T_FX_FireBall_01'  のファイルが見つかりません
[2021.06.05-01.49.42:324][832]LogLinker:Warning: ファイル '/Game/Particles/Textures/T_FX_FireBall_04' が見つかりません
[2021.06.05-01.49.42:324][832]LoadErrors: 情報 ロードに失敗しました /Game/Particles/Textures/T_FX_FireBall_04.T_FX_FireBall_04 参照元 MI_FX_FireBall04
[2021.06.05-01.49.42:324][832]LogLinker:Warning: NULL のロード中にアセット '/Game/Particles/Textures/T_FX_FireBall_04'  のファイルが見つかりません
[2021.06.05-01.49.42:324][832]LogLinker:Warning: ファイル '/Game/Particles/Textures/T_FX_FireBall_05' が見つかりません
[2021.06.05-01.49.42:324][832]LoadErrors: 情報 ロードに失敗しました /Game/Particles/Textures/T_FX_FireBall_05.T_FX_FireBall_05 参照元 MI_FX_FireBall05
[2021.06.05-01.49.42:324][832]LogLinker:Warning: NULL のロード中にアセット '/Game/Particles/Textures/T_FX_FireBall_05'  のファイルが見つかりません
[2021.06.05-01.49.42:326][832]LogMaterial: Missing cached shader map for material M_FX_FireBall, compiling. 
[2021.06.05-01.49.42:327][832]LogMaterial:Warning: Failed to compile Material /Game/Particles/Materials/M_FX_FireBall.M_FX_FireBall for platform PCD3D_SM5, Default Material will be used in game.
[2021.06.05-01.49.42:327][832]LogMaterial:Warning: 	(Node TextureSampleParameter2D) Param2D> Requires Texture2D
[2021.06.05-01.49.42:333][832]LogTexture:Display: テクスチャをビルド中: ThumbnailTexture (DXT1)
[2021.06.05-01.49.47:400][134]BlueprintLog: New page: PNProj_Fireball をコンパイル
[2021.06.05-01.49.47:440][134]BlueprintEditorCompileResults: 情報 [0511.51] PNProj_Fireball のコンパイルに成功しました！  [ 39 ミリ秒]
[2021.06.05-01.49.51:362][366]LogContentBrowser:Verbose: The content browser source was changed by the sources view to '/Game/Particles'
[2021.06.05-01.49.52:785][445]LogContentBrowser: Native class hierarchy updated for 'Cascade' in 0.0038 seconds. Added 2 classes and 2 folders.
[2021.06.05-01.49.52:809][445]LogPhysics:Warning: PHYSX: ..\..\PhysXExtensions\src\ExtRigidBodyExt.cpp (234) 4 : computeMassAndInertia: Dynamic actor with illegal collision shapes
[2021.06.05-01.49.52:809][445]LogPhysics:Warning: PHYSX: ..\..\PhysXExtensions\src\ExtRigidBodyExt.cpp (283) 4 : PxRigidBodyExt::updateMassAndInertia: Mass and inertia computation failed, setting mass to 1 and inertia to (1,1,1)
[2021.06.05-01.50.31:560][739]LogContentBrowser:Verbose: The content browser source was changed by the sources view to '/Game/Props'
[2021.06.05-01.50.32:247][779]LogContentBrowser:Verbose: The content browser source was changed by the sources view to '/Game/Materials'
[2021.06.05-01.50.33:230][838]LogContentBrowser:Verbose: The content browser source was changed by the sources view to '/Game/Maps'
[2021.06.05-01.50.34:097][890]LogContentBrowser:Verbose: The content browser source was changed by the sources view to '/Game/Characters'
[2021.06.05-01.50.34:780][931]LogContentBrowser:Verbose: The content browser source was changed by the sources view to '/Game/Blueprints'
[2021.06.05-01.50.36:003][  2]LogContentBrowser:Verbose: The content browser source was changed by the sources view to '/Game/Audio'
[2021.06.05-01.50.37:029][ 60]LogContentBrowser:Verbose: The content browser source was changed by the sources view to '/Game/Characters'
[2021.06.05-01.50.37:534][ 90]LogContentBrowser:Verbose: The content browser source was changed by the sources view to '/Game/Maps'
[2021.06.05-01.50.38:018][119]LogContentBrowser:Verbose: The content browser source was changed by the sources view to '/Game/Materials'
[2021.06.05-01.50.38:551][151]LogContentBrowser:Verbose: The content browser source was changed by the sources view to '/Game/Particles'
[2021.06.05-01.50.40:085][243]LogContentBrowser:Verbose: The content browser source was changed by the sources view to '/Game/Particles/Materials'
[2021.06.05-01.50.41:678][335]LogMaterial: Missing cached shader map for material M_FX_FireBall, compiling. 
[2021.06.05-01.50.41:678][335]LogMaterial:Warning: Failed to compile Material /Engine/Transient.M_FX_FireBall for platform PCD3D_SM5, Default Material will be used in game.
[2021.06.05-01.50.41:678][335]LogMaterial:Warning: 	(Node TextureSampleParameter2D) Param2D> Requires Texture2D
[2021.06.05-01.50.41:690][335]LogActorComponent: UnregisterComponent: (/Engine/Transient.SkeletalMeshComponent_0) Not registered. Aborting.
[2021.06.05-01.50.41:747][335]LogActorComponent: UnregisterComponent: (/Engine/Transient.SkeletalMeshComponent_0) Not registered. Aborting.
[2021.06.05-01.50.41:747][335]LogActorComponent: RegisterComponentWithWorld: (/Engine/Transient.MaterialEditorMeshComponent_0) Already registered. Aborting.
[2021.06.05-01.50.41:747][335]LogActorComponent: UnregisterComponent: (/Engine/Transient.SkeletalMeshComponent_0) Not registered. Aborting.
[2021.06.05-01.50.41:747][335]LogActorComponent: RegisterComponentWithWorld: (/Engine/Transient.MaterialEditorMeshComponent_0) Already registered. Aborting.
[2021.06.05-01.50.41:751][335]LogMaterial: Missing cached shader map for material M_FX_FireBall, compiling. 
[2021.06.05-01.50.41:752][335]LogMaterial:Warning: Failed to compile Material /Engine/Transient.M_FX_FireBall for platform PCD3D_SM5, Default Material will be used in game.
[2021.06.05-01.50.41:752][335]LogMaterial:Warning: 	(Node TextureSampleParameter2D) Param2D> Requires Texture2D
[2021.06.05-01.50.41:752][335]LogMaterial: 0.000121 seconds spent updating 1 materials, 1 interfaces, 0 instances, 0 with static permutations.
[2021.06.05-01.50.41:778][335]LogMaterial: Missing cached shader map for material FMatExpressionPreview MaterialExpressionDepthFade_2, compiling. 
[2021.06.05-01.50.41:779][335]LogMaterial: Missing cached shader map for material FMatExpressionPreview MaterialExpressionTextureSampleParameter2D_0, compiling. 
[2021.06.05-01.50.41:783][335]MaterialEditorStats:Error: エラー [SM5] (Node TextureSampleParameter2D) Param2D> Requires Texture2D
[2021.06.05-01.50.46:885][637]LogMaterial: Missing cached shader map for material FMatExpressionPreview MaterialExpressionParticleColor_0, compiling. 
[2021.06.05-01.50.53:252][851]Cmd: OBJ SAVEPACKAGE PACKAGE="/Game/Blueprints/PNProj_Fireball" FILE="../../../../../../Users/magi1/Documents/PaperNinja_FirstTime/PaperNinja/Content/Blueprints/PNProj_Fireball.uasset" SILENT=true
[2021.06.05-01.50.53:269][851]LogSavePackage: Save=13.956400ms
[2021.06.05-01.50.53:269][851]LogSavePackage: Moving '../../../../../../Users/magi1/Documents/PaperNinja_FirstTime/PaperNinja/Saved/PNProj_Fireball8BEB235447D31513D3C9198231D683AC.tmp' to '../../../../../../Users/magi1/Documents/PaperNinja_FirstTime/PaperNinja/Content/Blueprints/PNProj_Fireball.uasset'
[2021.06.05-01.50.53:453][851]LogCascade: Quitting Cascade. FXSystem=0x0000023B87449440
[2021.06.05-01.50.58:924][851]LogMaterial: Missing cached shader map for material M_FX_FireBall, compiling. 
[2021.06.05-01.50.58:924][851]LogMaterial:Warning: Failed to compile Material /Engine/Transient.M_FX_FireBall for platform PCD3D_SM5, Default Material will be used in game.
[2021.06.05-01.50.58:924][851]LogMaterial:Warning: 	(Node TextureSampleParameter2D) Param2D> Requires Texture2D
[2021.06.05-01.50.58:924][851]LogMaterial: 0.000090 seconds spent updating 1 materials, 1 interfaces, 0 instances, 0 with static permutations.
[2021.06.05-01.50.58:967][851]LogMaterial: Missing cached shader map for material M_FX_FireBall, compiling. 
[2021.06.05-01.50.58:968][851]LogMaterial:Warning: Failed to compile Material /Game/Particles/Materials/M_FX_FireBall.M_FX_FireBall for platform PCD3D_SM5, Default Material will be used in game.
[2021.06.05-01.50.58:968][851]LogMaterial:Warning: 	(Node TextureSampleParameter2D) Param2D> Requires Texture2D
[2021.06.05-01.50.58:972][851]LogMaterial: Missing cached shader map for material M_FX_FireBall, compiling. 
[2021.06.05-01.50.58:972][851]LogMaterial:Warning: Failed to compile Material /Game/Particles/Materials/M_FX_FireBall.M_FX_FireBall for platform PCD3D_SM5, Default Material will be used in game.
[2021.06.05-01.50.58:972][851]LogMaterial:Warning: 	(Node TextureSampleParameter2D) Param2D> Requires Texture2D
[2021.06.05-01.50.58:973][851]LogMaterial: 0.000568 seconds spent updating 1 materials, 1 interfaces, 3 instances, 0 with static permutations.
[2021.06.05-01.50.59:453][852]Cmd: QUIT_EDITOR
[2021.06.05-01.50.59:643][852]LogExit: Preparing to exit.
[2021.06.05-01.51.00:561][852]LogExit: Editor shut down
[2021.06.05-01.51.00:562][852]LogParticles: Destroying 0 GPU particle simulations for FXSystem 0x0000023B85852480
[2021.06.05-01.51.00:562][852]LogExit: Transaction tracking system shut down
[2021.06.05-01.51.00:563][852]LogParticles: Destroying 0 GPU particle simulations for FXSystem 0x0000023B858500E0
[2021.06.05-01.51.00:563][852]LogParticles: Destroying 0 GPU particle simulations for FXSystem 0x0000023B9632A5C0
[2021.06.05-01.51.00:563][852]LogParticles: Destroying 0 GPU particle simulations for FXSystem 0x0000023B9712A0C0
[2021.06.05-01.51.00:563][852]LogParticles: Destroying 0 GPU particle simulations for FXSystem 0x0000023B97128FE0
[2021.06.05-01.51.00:563][852]LogParticles: Destroying 0 GPU particle simulations for FXSystem 0x0000023BD708FD80
[2021.06.05-01.51.00:570][852]LogParticles: Destroying 0 GPU particle simulations for FXSystem 0x0000023B87449440
[2021.06.05-01.51.00:570][852]LogParticles: Destroying 0 GPU particle simulations for FXSystem 0x0000023BC81A9C60
[2021.06.05-01.51.00:621][852]LogExit: Object subsystem successfully closed.
[2021.06.05-01.51.00:687][852]LogModuleManager: Shutting down and abandoning module MaterialEditor (182)
[2021.06.05-01.51.00:687][852]LogModuleManager: Shutting down and abandoning module DistCurveEditor (181)
[2021.06.05-01.51.00:687][852]LogModuleManager: Shutting down and abandoning module Cascade (180)
[2021.06.05-01.51.00:687][852]LogModuleManager: Shutting down and abandoning module NewLevelDialog (179)
[2021.06.05-01.51.00:688][852]LogModuleManager: Shutting down and abandoning module CrashTracker (178)
[2021.06.05-01.51.00:688][852]LogModuleManager: Shutting down and abandoning module SuperSearch (177)
[2021.06.05-01.51.00:688][852]LogModuleManager: Shutting down and abandoning module WorldBrowser (176)
[2021.06.05-01.51.00:688][852]LogModuleManager: Shutting down and abandoning module SceneOutliner (175)
[2021.06.05-01.51.00:688][852]LogModuleManager: Shutting down and abandoning module EditorWidgets (174)
[2021.06.05-01.51.00:688][852]LogModuleManager: Shutting down and abandoning module CollectionManager (173)
[2021.06.05-01.51.00:688][852]LogModuleManager: Shutting down and abandoning module StatsViewer (172)
[2021.06.05-01.51.00:688][852]LogModuleManager: Shutting down and abandoning module FoliageEdit (171)
[2021.06.05-01.51.00:688][852]LogModuleManager: Shutting down and abandoning module LandscapeEditor (170)
[2021.06.05-01.51.00:688][852]LogModuleManager: Shutting down and abandoning module MeshPaint (169)
[2021.06.05-01.51.00:688][852]LogModuleManager: Shutting down and abandoning module ActorPickerMode (168)
[2021.06.05-01.51.00:688][852]LogModuleManager: Shutting down and abandoning module GeometryMode (167)
[2021.06.05-01.51.00:688][852]LogModuleManager: Shutting down and abandoning module TextureAlignMode (166)
[2021.06.05-01.51.00:688][852]LogModuleManager: Shutting down and abandoning module BspMode (165)
[2021.06.05-01.51.00:688][852]LogModuleManager: Shutting down and abandoning module PlacementMode (164)
[2021.06.05-01.51.00:688][852]LogModuleManager: Shutting down and abandoning module AutomationWorker (163)
[2021.06.05-01.51.00:688][852]LogModuleManager: Shutting down and abandoning module CharacterAI (162)
[2021.06.05-01.51.00:688][852]LogModuleManager: Shutting down and abandoning module SmartSnapping (161)
[2021.06.05-01.51.00:688][852]LogModuleManager: Shutting down and abandoning module ViewportSnapping (160)
[2021.06.05-01.51.00:688][852]LogModuleManager: Shutting down and abandoning module LogVisualizer (159)
[2021.06.05-01.51.00:689][852]LogModuleManager: Shutting down and abandoning module GameProjectGeneration (158)
[2021.06.05-01.51.00:689][852]LogModuleManager: Shutting down and abandoning module IntroTutorials (157)
[2021.06.05-01.51.00:689][852]LogModuleManager: Shutting down and abandoning module EditorLiveStreaming (156)
[2021.06.05-01.51.00:689][852]LogModuleManager: Shutting down and abandoning module HardwareTargeting (155)
[2021.06.05-01.51.00:689][852]LogModuleManager: Shutting down and abandoning module DeviceProfileEditor (154)
[2021.06.05-01.51.00:689][852]LogModuleManager: Shutting down and abandoning module UndoHistory (153)
[2021.06.05-01.51.00:689][852]LogModuleManager: Shutting down and abandoning module GameplayTagsEditor (152)
[2021.06.05-01.51.00:689][852]LogModuleManager: Shutting down and abandoning module UserFeedback (151)
[2021.06.05-01.51.00:689][852]LogModuleManager: Shutting down and abandoning module XmlParser (150)
[2021.06.05-01.51.00:689][852]LogModuleManager: Shutting down and abandoning module Blutility (149)
[2021.06.05-01.51.00:689][852]LogModuleManager: Shutting down and abandoning module IOSPlatformEditor (148)
[2021.06.05-01.51.00:689][852]LogModuleManager: Shutting down and abandoning module IOSRuntimeSettings (147)
[2021.06.05-01.51.00:689][852]LogModuleManager: Shutting down and abandoning module AndroidDeviceDetection (146)
[2021.06.05-01.51.01:593][852]LogModuleManager: Shutting down and abandoning module AndroidPlatformEditor (145)
[2021.06.05-01.51.01:593][852]LogModuleManager: Shutting down and abandoning module AndroidRuntimeSettings (144)
[2021.06.05-01.51.01:593][852]LogModuleManager: Shutting down and abandoning module ProjectTargetPlatformEditor (143)
[2021.06.05-01.51.01:593][852]LogModuleManager: Shutting down and abandoning module ProjectSettingsViewer (142)
[2021.06.05-01.51.01:593][852]LogModuleManager: Shutting down and abandoning module InputBindingEditor (141)
[2021.06.05-01.51.01:593][852]LogModuleManager: Shutting down and abandoning module EditorSettingsViewer (140)
[2021.06.05-01.51.01:593][852]LogModuleManager: Shutting down and abandoning module SettingsEditor (139)
[2021.06.05-01.51.01:593][852]LogModuleManager: Shutting down and abandoning module ProjectLauncher (138)
[2021.06.05-01.51.01:593][852]LogModuleManager: Shutting down and abandoning module SessionFrontend (137)
[2021.06.05-01.51.01:593][852]LogModuleManager: Shutting down and abandoning module ProfilerClient (136)
[2021.06.05-01.51.01:593][852]LogModuleManager: Shutting down and abandoning module TargetDeviceServices (135)
[2021.06.05-01.51.01:594][852]LogModuleManager: Shutting down and abandoning module DeviceManager (134)
[2021.06.05-01.51.01:594][852]LogModuleManager: Shutting down and abandoning module AutomationController (133)
[2021.06.05-01.51.01:594][852]LogModuleManager: Shutting down and abandoning module AutomationWindow (132)
[2021.06.05-01.51.01:594][852]LogModuleManager: Shutting down and abandoning module Layers (131)
[2021.06.05-01.51.01:594][852]LogModuleManager: Shutting down and abandoning module ComponentVisualizers (130)
[2021.06.05-01.51.01:594][852]LogModuleManager: Shutting down and abandoning module DetailCustomizations (129)
[2021.06.05-01.51.01:594][852]LogModuleManager: Shutting down and abandoning module PackagesDialog (128)
[2021.06.05-01.51.01:594][852]LogModuleManager: Shutting down and abandoning module AssetRegistry (127)
[2021.06.05-01.51.01:643][852]LogModuleManager: Shutting down and abandoning module Persona (126)
[2021.06.05-01.51.01:643][852]LogModuleManager: Shutting down and abandoning module SlateReflector (125)
[2021.06.05-01.51.01:643][852]LogModuleManager: Shutting down and abandoning module LevelEditor (124)
[2021.06.05-01.51.01:644][852]LogModuleManager: Shutting down and abandoning module Kismet (123)
[2021.06.05-01.51.01:644][852]LogModuleManager: Shutting down and abandoning module GraphEditor (122)
[2021.06.05-01.51.01:644][852]LogModuleManager: Shutting down and abandoning module ClassViewer (121)
[2021.06.05-01.51.01:644][852]LogModuleManager: Shutting down and abandoning module Toolbox (120)
[2021.06.05-01.51.01:644][852]LogModuleManager: Shutting down and abandoning module ModuleUI (119)
[2021.06.05-01.51.01:644][852]LogModuleManager: Shutting down and abandoning module MovieSceneTools (118)
[2021.06.05-01.51.01:644][852]LogModuleManager: Shutting down and abandoning module OutputLog (117)
[2021.06.05-01.51.01:644][852]LogModuleManager: Shutting down and abandoning module GammaUI (116)
[2021.06.05-01.51.01:644][852]LogModuleManager: Shutting down and abandoning module Documentation (115)
[2021.06.05-01.51.01:644][852]LogModuleManager: Shutting down and abandoning module GameLiveStreaming (114)
[2021.06.05-01.51.01:644][852]LogModuleManager: Shutting down and abandoning module StreamingPauseRendering (113)
[2021.06.05-01.51.01:644][852]LogModuleManager: Shutting down and abandoning module HTTP (112)
[2021.06.05-01.51.01:644][852]LogModuleManager: Shutting down and abandoning module AnalyticsET (111)
[2021.06.05-01.51.01:644][852]LogModuleManager: Shutting down and abandoning module Analytics (110)
[2021.06.05-01.51.01:644][852]LogModuleManager: Shutting down and abandoning module AITestSuite (109)
[2021.06.05-01.51.01:644][852]LogModuleManager: Shutting down and abandoning module GameplayDebugger (108)
[2021.06.05-01.51.01:644][852]LogModuleManager: Shutting down and abandoning module AIModule (107)
[2021.06.05-01.51.01:644][852]LogModuleManager: Shutting down and abandoning module ProfilerService (106)
[2021.06.05-01.51.01:775][852]LogModuleManager: Shutting down and abandoning module TaskGraph (105)
[2021.06.05-01.51.01:775][852]LogModuleManager: Shutting down and abandoning module SlateRemote (104)
[2021.06.05-01.51.01:775][852]LogModuleManager: Shutting down and abandoning module ScriptEditorPlugin (103)
[2021.06.05-01.51.01:775][852]LogModuleManager: Shutting down and abandoning module CustomMeshComponent (102)
[2021.06.05-01.51.01:775][852]LogModuleManager: Shutting down and abandoning module CableComponent (101)
[2021.06.05-01.51.01:775][852]LogModuleManager: Shutting down and abandoning module MessagingDebugger (100)
[2021.06.05-01.51.01:775][852]LogModuleManager: Shutting down and abandoning module MediaPlayerEditor (99)
[2021.06.05-01.51.01:775][852]LogModuleManager: Shutting down and abandoning module SpeedTreeImporter (98)
[2021.06.05-01.51.01:775][852]LogModuleManager: Shutting down and abandoning module PluginsEditor (97)
[2021.06.05-01.51.01:775][852]LogModuleManager: Shutting down and abandoning module MainFrame (96)
[2021.06.05-01.51.01:775][852]LogModuleManager: Shutting down and abandoning module EpicSurvey (95)
[2021.06.05-01.51.01:775][852]LogModuleManager: Shutting down and abandoning module DesktopPlatform (94)
[2021.06.05-01.51.01:775][852]LogModuleManager: Shutting down and abandoning module DirectoryWatcher (93)
[2021.06.05-01.51.01:775][852]LogModuleManager: Shutting down and abandoning module HotReload (92)
[2021.06.05-01.51.01:775][852]LogModuleManager: Shutting down and abandoning module VisualStudioSourceCodeAccess (91)
[2021.06.05-01.51.01:775][852]LogModuleManager: Shutting down and abandoning module UObjectPlugin (90)
[2021.06.05-01.51.01:775][852]LogModuleManager: Shutting down and abandoning module SubversionSourceControl (89)
[2021.06.05-01.51.01:775][852]LogModuleManager: Shutting down and abandoning module PerforceSourceControl (88)
[2021.06.05-01.51.01:775][852]LogModuleManager: Shutting down and abandoning module SourceControl (87)
[2021.06.05-01.51.01:775][852]LogModuleManager: Shutting down and abandoning module GitSourceControl (86)
[2021.06.05-01.51.01:775][852]LogModuleManager: Shutting down and abandoning module BlankPlugin (85)
[2021.06.05-01.51.01:775][852]LogModuleManager: Shutting down and abandoning module PaperTiledImporter (84)
[2021.06.05-01.51.01:775][852]LogModuleManager: Shutting down and abandoning module PaperJsonImporter (83)
[2021.06.05-01.51.01:775][852]LogModuleManager: Shutting down and abandoning module ContentBrowser (82)
[2021.06.05-01.51.01:775][852]LogModuleManager: Shutting down and abandoning module Paper2DEditor (81)
[2021.06.05-01.51.01:776][852]LogModuleManager: Shutting down and abandoning module ScriptPlugin (80)
[2021.06.05-01.51.01:776][852]LogModuleManager: Shutting down and abandoning module UdpMessaging (79)
[2021.06.05-01.51.01:876][852]LogModuleManager: Shutting down and abandoning module Paper2D (78)
[2021.06.05-01.51.01:876][852]LogModuleManager: Shutting down and abandoning module WindowsMoviePlayer (77)
[2021.06.05-01.51.01:876][852]LogModuleManager: Shutting down and abandoning module Media (76)
[2021.06.05-01.51.01:876][852]LogModuleManager: Shutting down and abandoning module WmfMedia (75)
[2021.06.05-01.51.01:877][852]LogModuleManager: Shutting down and abandoning module OnlineBlueprintSupport (74)
[2021.06.05-01.51.01:877][852]LogModuleManager: Shutting down and abandoning module PropertyEditor (73)
[2021.06.05-01.51.01:877][852]LogModuleManager: Shutting down and abandoning module BehaviorTreeEditor (72)
[2021.06.05-01.51.01:877][852]LogModuleManager: Shutting down and abandoning module FunctionalTesting (71)
[2021.06.05-01.51.01:877][852]LogModuleManager: Shutting down and abandoning module CollisionAnalyzer (70)
[2021.06.05-01.51.01:877][852]LogModuleManager: Shutting down and abandoning module WorkspaceMenuStructure (69)
[2021.06.05-01.51.01:877][852]LogModuleManager: Shutting down and abandoning module MessageLog (68)
[2021.06.05-01.51.01:877][852]LogModuleManager: Shutting down and abandoning module Sequencer (67)
[2021.06.05-01.51.01:877][852]LogModuleManager: Shutting down and abandoning module AssetTools (66)
[2021.06.05-01.51.01:877][852]LogModuleManager: Shutting down and abandoning module UMGEditor (65)
[2021.06.05-01.51.01:877][852]LogModuleManager: Shutting down and abandoning module UMG (64)
[2021.06.05-01.51.01:877][852]LogModuleManager: Shutting down and abandoning module Slate (63)
[2021.06.05-01.51.01:877][852]LogModuleManager: Shutting down and abandoning module EditorStyle (62)
[2021.06.05-01.51.01:883][852]LogModuleManager: Shutting down and abandoning module SessionServices (61)
[2021.06.05-01.51.01:883][852]LogModuleManager: Shutting down and abandoning module SourceCodeAccess (60)
[2021.06.05-01.51.01:883][852]LogModuleManager: Shutting down and abandoning module HeadMountedDisplay (59)
[2021.06.05-01.51.01:883][852]LogModuleManager: Shutting down and abandoning module XAudio2 (58)
[2021.06.05-01.51.01:883][852]LogModuleManager: Shutting down and abandoning module Networking (56)
[2021.06.05-01.51.01:883][852]LogModuleManager: Shutting down and abandoning module Core (55)
[2021.06.05-01.51.01:883][852]LogModuleManager: Shutting down and abandoning module KismetCompiler (54)
[2021.06.05-01.51.01:883][852]LogModuleManager: Shutting down and abandoning module PhysXFormats (53)
[2021.06.05-01.51.01:883][852]LogModuleManager: Shutting down and abandoning module MeshUtilities (52)
[2021.06.05-01.51.01:883][852]LogModuleManager: Shutting down and abandoning module DerivedDataCache (51)
[2021.06.05-01.51.01:932][852]LogDerivedDataCache: Shutdown
[2021.06.05-01.51.01:932][852]LogModuleManager: Shutting down and abandoning module ShaderFormatOpenGL (50)
[2021.06.05-01.51.01:932][852]LogModuleManager: Shutting down and abandoning module ShaderFormatD3D (49)
[2021.06.05-01.51.01:932][852]LogModuleManager: Shutting down and abandoning module MetalShaderFormat (48)
[2021.06.05-01.51.01:932][852]LogModuleManager: Shutting down and abandoning module TextureFormatUncompressed (47)
[2021.06.05-01.51.01:932][852]LogModuleManager: Shutting down and abandoning module TextureFormatPVR (46)
[2021.06.05-01.51.01:932][852]LogModuleManager: Shutting down and abandoning module TextureFormatIntelISPCTexComp (45)
[2021.06.05-01.51.01:932][852]LogModuleManager: Shutting down and abandoning module TextureFormatDXT (44)
[2021.06.05-01.51.01:932][852]LogModuleManager: Shutting down and abandoning module ImageWrapper (43)
[2021.06.05-01.51.01:932][852]LogModuleManager: Shutting down and abandoning module TextureFormatASTC (42)
[2021.06.05-01.51.01:932][852]LogModuleManager: Shutting down and abandoning module TextureFormatAndroid (41)
[2021.06.05-01.51.01:932][852]LogModuleManager: Shutting down and abandoning module AudioFormatOpus (40)
[2021.06.05-01.51.01:932][852]LogModuleManager: Shutting down and abandoning module AudioFormatOgg (39)
[2021.06.05-01.51.01:932][852]LogModuleManager: Shutting down and abandoning module AudioFormatADPCM (38)
[2021.06.05-01.51.01:932][852]LogModuleManager: Shutting down and abandoning module LinuxTargetPlatform (37)
[2021.06.05-01.51.01:933][852]LogModuleManager: Shutting down and abandoning module LinuxServerTargetPlatform (36)
[2021.06.05-01.51.01:933][852]LogModuleManager: Shutting down and abandoning module LinuxNoEditorTargetPlatform (35)
[2021.06.05-01.51.01:933][852]LogModuleManager: Shutting down and abandoning module Messaging (34)
[2021.06.05-01.51.01:933][852]LogModuleManager: Shutting down and abandoning module IOSTargetPlatform (33)
[2021.06.05-01.51.01:933][852]LogModuleManager: Shutting down and abandoning module HTML5TargetPlatform (32)
[2021.06.05-01.51.01:933][852]LogModuleManager: Shutting down and abandoning module Android_PVRTCTargetPlatform (31)
[2021.06.05-01.51.01:933][852]LogModuleManager: Shutting down and abandoning module Android_ETC2TargetPlatform (30)
[2021.06.05-01.51.01:933][852]LogModuleManager: Shutting down and abandoning module Android_ETC1TargetPlatform (29)
[2021.06.05-01.51.01:933][852]LogModuleManager: Shutting down and abandoning module Android_ES31TargetPlatform (28)
[2021.06.05-01.51.01:933][852]LogModuleManager: Shutting down and abandoning module Android_DXTTargetPlatform (27)
[2021.06.05-01.51.01:933][852]LogModuleManager: Shutting down and abandoning module Android_ATCTargetPlatform (26)
[2021.06.05-01.51.01:933][852]LogModuleManager: Shutting down and abandoning module AndroidTargetPlatform (25)
[2021.06.05-01.51.01:933][852]LogModuleManager: Shutting down and abandoning module WindowsTargetPlatform (24)
[2021.06.05-01.51.01:933][852]LogModuleManager: Shutting down and abandoning module WindowsServerTargetPlatform (23)
[2021.06.05-01.51.01:933][852]LogModuleManager: Shutting down and abandoning module WindowsNoEditorTargetPlatform (22)
[2021.06.05-01.51.01:933][852]LogModuleManager: Shutting down and abandoning module WindowsClientTargetPlatform (21)
[2021.06.05-01.51.01:933][852]LogModuleManager: Shutting down and abandoning module TargetPlatform (20)
[2021.06.05-01.51.01:933][852]LogModuleManager: Shutting down and abandoning module InputCore (19)
[2021.06.05-01.51.01:933][852]LogModuleManager: Shutting down and abandoning module Settings (18)
[2021.06.05-01.51.01:933][852]LogModuleManager: Shutting down and abandoning module OnlineSubsystem (16)
[2021.06.05-01.51.01:933][852]LogModuleManager: Shutting down and abandoning module OculusRift (15)
[2021.06.05-01.51.01:933][852]LogModuleManager: Shutting down and abandoning module ExampleDeviceProfileSelector (14)
[2021.06.05-01.51.01:933][852]LogModuleManager: Shutting down and abandoning module TextureCompressor (13)
[2021.06.05-01.51.01:933][852]LogModuleManager: Shutting down and abandoning module ShaderCore (12)
[2021.06.05-01.51.01:933][852]LogModuleManager: Shutting down and abandoning module Landscape (11)
[2021.06.05-01.51.01:933][852]LogModuleManager: Shutting down and abandoning module SlateRHIRenderer (10)
[2021.06.05-01.51.01:938][852]LogModuleManager: Shutting down and abandoning module OpenGLDrv (9)
[2021.06.05-01.51.01:938][852]LogModuleManager: Shutting down and abandoning module D3D11RHI (8)
[2021.06.05-01.51.01:938][852]LogModuleManager: Shutting down and abandoning module Renderer (7)
[2021.06.05-01.51.01:938][852]LogModuleManager: Shutting down and abandoning module Engine (6)
[2021.06.05-01.51.01:938][852]LogModuleManager: Shutting down and abandoning module CoreUObject (5)
[2021.06.05-01.51.01:938][852]LogModuleManager: Shutting down and abandoning module NetworkFile (4)
[2021.06.05-01.51.01:938][852]LogModuleManager: Shutting down and abandoning module StreamingFile (3)
[2021.06.05-01.51.01:938][852]LogModuleManager: Shutting down and abandoning module SandboxFile (2)
[2021.06.05-01.51.01:938][852]LogModuleManager: Shutting down and abandoning module PakFile (1)
[2021.06.05-01.51.01:940][852]LogExit: Exiting.
[2021.06.05-01.51.01:945][852]Log file closed, 06/05/21 10:51:01
