Log file open, 05/16/21 19:51:52
LogInit:Display: Running engine for game: PaperNinja
LogInit: Version: 4.7.6-2513093+++depot+UE4-Releases+4.7
LogInit: API Version: 2455222
LogInit: Compiled (64-bit): Apr 15 2015 12:09:54
LogInit: Compiled with Visual C++: 18.00.21005.01
LogInit: Build Configuration: Development
LogInit: Branch Name: ++depot+UE4-Releases+4.7
LogInit: Command line:  
LogInit: Base directory: C:/Program Files/Epic Games/UE_4.7/Engine/Binaries/Win64/
LogInit: Rocket: 1
[2021.05.16-10.51.52:632][  0]LogTaskGraph: Started task graph with 3 named threads and 8 total threads.
[2021.05.16-10.51.52:707][  0]LogOnline:Warning: No default platform service specified for OnlineSubsystem
[2021.05.16-10.51.52:722][  0]LogInit: Presizing for 0 objects not considered by GC, pre-allocating 0 bytes.
[2021.05.16-10.51.52:729][  0]LogInit: Object subsystem initialized
[2021.05.16-10.51.52:730][  0]LogConsoleResponse:Warning: Skipping Unknown console variable: 'TranslucentSortAxis = (X=0.000000,Y=-1.000000,Z=0.000000)'
[2021.05.16-10.51.52:730][  0]LogConsoleResponse:Warning:   Found in ini file 'C:/Users/magi1/Documents/PaperNinja_FirstTime/PaperNinja/Saved/Config/Windows/Engine.ini', in section '[/Script/Engine.RendererSettings]'
[2021.05.16-10.51.52:730][  0]LogConsoleResponse:Warning: Skipping Unknown console variable: 'UIScaleRule = ShortestSide'
[2021.05.16-10.51.52:730][  0]LogConsoleResponse:Warning:   Found in ini file 'C:/Users/magi1/Documents/PaperNinja_FirstTime/PaperNinja/Saved/Config/Windows/Engine.ini', in section '[/Script/Engine.RendererSettings]'
[2021.05.16-10.51.52:730][  0]LogConsoleResponse:Warning: Skipping Unknown console variable: 'UIScaleCurve = (EditorCurveData=(Keys=),ExternalCurve=None)'
[2021.05.16-10.51.52:730][  0]LogConsoleResponse:Warning:   Found in ini file 'C:/Users/magi1/Documents/PaperNinja_FirstTime/PaperNinja/Saved/Config/Windows/Engine.ini', in section '[/Script/Engine.RendererSettings]'
[2021.05.16-10.51.52:731][  0]LogInit: Selected Device Profile: [Windows]
[2021.05.16-10.51.52:731][  0]LogInit: Applying CVar settings loaded from the selected device profile: [Windows]
[2021.05.16-10.51.52:736][  0]LogInit: Computer: DESKTOP-QG331CQ
[2021.05.16-10.51.52:736][  0]LogInit: User: magi1
[2021.05.16-10.51.52:736][  0]LogInit: CPU Page size=4096, Cores=6
[2021.05.16-10.51.52:736][  0]LogInit: High frequency timer resolution =10.000000 MHz
[2021.05.16-10.51.52:736][  0]LogMemory: Memory total: Physical=15.9GB (16GB approx) Virtual=131072.0GB
[2021.05.16-10.51.52:736][  0]LogMemory: Platform Memory Stats for Windows
[2021.05.16-10.51.52:736][  0]LogMemory: Process Physical Memory: 49.71 MB used, 49.71 MB peak
[2021.05.16-10.51.52:736][  0]LogMemory: Process Virtual Memory: 24.83 MB used, 24.83 MB peak
[2021.05.16-10.51.52:736][  0]LogMemory: Physical Memory: 6407.42 MB used, 16239.85 MB total
[2021.05.16-10.51.52:736][  0]LogMemory: Virtual Memory: 4431.00 MB used, 134217728.00 MB total
[2021.05.16-10.51.52:870][  0]LogD3D11RHI: Found D3D11 adapter 0: NVIDIA GeForce RTX 2080 (Feature Level 11_0)
[2021.05.16-10.51.52:870][  0]LogD3D11RHI: Adapter has 8010MB of dedicated video memory, 0MB of dedicated system memory, and 8119MB of shared system memory, 2 output[s]
[2021.05.16-10.51.52:898][  0]LogD3D11RHI: Found D3D11 adapter 1: Intel(R) UHD Graphics 630 (Feature Level 11_0)
[2021.05.16-10.51.52:898][  0]LogD3D11RHI: Adapter has 128MB of dedicated video memory, 0MB of dedicated system memory, and 8119MB of shared system memory, 0 output[s]
[2021.05.16-10.51.52:900][  0]LogD3D11RHI: Found D3D11 adapter 2: Microsoft Basic Render Driver (Feature Level 11_0)
[2021.05.16-10.51.52:900][  0]LogD3D11RHI: Adapter has 0MB of dedicated video memory, 0MB of dedicated system memory, and 8119MB of shared system memory, 0 output[s]
[2021.05.16-10.51.52:900][  0]LogD3D11RHI: Chosen D3D11 Adapter Id = 0
[2021.05.16-10.51.52:905][  0]LogRHI: Texture pool is 1361 MB (70% of 1945 MB)
[2021.05.16-10.51.52:981][  0]LogD3D11RHI: Async texture creation enabled
[2021.05.16-10.51.53:061][  0]LogTextLocalizationManager: The requested culture ('ja_JP') has no localization data; parent culture's ('ja') localization data will be used.
[2021.05.16-10.51.53:108][  0]LogTextLocalizationManager:Warning: Loading localization resources contain conflicting entries for (Namespace:UICommands, Key:Save_ToolTip):
Resource: (C:/Program Files/Epic Games/UE_4.7/Engine/Content/Localization/Editor/ja/Editor.locres) Hash: (-29098895) String: (現行レベルをディスクに保存)
Resource: (C:/Program Files/Epic Games/UE_4.7/Engine/Content/Localization/Engine/ja/Engine.locres) Hash: (-1280300587) String: (選択データをvlogファイルに保存)
[2021.05.16-10.51.53:108][  0]LogTextLocalizationManager:Warning: Loading localization resources contain conflicting entries for (Namespace:ContentBrowser, Key:ImportAssetToolTip):
Resource: (C:/Program Files/Epic Games/UE_4.7/Engine/Content/Localization/Editor/ja/Editor.locres) Hash: (-630476809) String: ({0} にインポート...)
Resource: (C:/Program Files/Epic Games/UE_4.7/Engine/Content/Localization/Editor/ja/Editor.locres) Hash: (1271782899) String: (このフォルダへファイルからアセットをインポート)
[2021.05.16-10.51.53:167][  0]LogContentStreaming: Texture pool size is 0.000000MB
[2021.05.16-10.51.55:007][  0]LogTargetPlatformManager:Display: Building Assets For Windows
[2021.05.16-10.51.55:449][  0]LogTargetPlatformManager:Display: Building Assets For Windows
[2021.05.16-10.51.55:507][  0]LogDerivedDataCache:Display: Max Cache Size: 512 MB
[2021.05.16-10.51.55:530][  0]LogDerivedDataCache: Loaded boot cache 0.02s 39MB C:/Users/magi1/AppData/Local/UnrealEngine/4.7/DerivedDataCache/Boot.ddc.
[2021.05.16-10.51.55:530][  0]LogDerivedDataCache:Display: Loaded Boot cache: C:/Users/magi1/AppData/Local/UnrealEngine/4.7/DerivedDataCache/Boot.ddc
[2021.05.16-10.51.55:530][  0]LogDerivedDataCache: FDerivedDataBackendGraph:  Pak pak cache file ../../../../../../Users/magi1/Documents/PaperNinja_FirstTime/PaperNinja/DerivedDataCache/DDC.ddp not found, will not use a pak cache.
[2021.05.16-10.51.55:530][  0]LogDerivedDataCache: Unable to find inner node Pak for hierarchical cache Hierarchy.
[2021.05.16-10.51.55:619][  0]LogDerivedDataCache:Display: Pak cache opened for reading ../../../Engine/DerivedDataCache/Compressed.ddp.
[2021.05.16-10.51.55:631][  0]LogDerivedDataCache: Using Local data cache path C:/Users/magi1/AppData/Local/UnrealEngine/Common/DerivedDataCache: Writable
[2021.05.16-10.51.55:839][  0]LogMeshUtilities: No automatic mesh reduction module available
[2021.05.16-10.51.55:839][  0]LogMeshUtilities: No automatic mesh merging module available
[2021.05.16-10.51.56:122][  0]LogInit: WinSock: version 1.1 (2.2), MaxSocks=32767, MaxUdp=65467
[2021.05.16-10.51.56:203][  0]LogSlate:Warning: Failed to load font data from '../../../Engine/Content/Slate/Fonts/Roboto-Italic.ttf'
[2021.05.16-10.51.56:865][  0]UdpMessaging: Initializing bridge on interface 0.0.0.0:0 to multicast group 230.0.0.1:6666.
[2021.05.16-10.51.57:082][  0]SourceControl: 情報 ソースコントロールは無効です
[2021.05.16-10.51.57:082][  0]SourceControl: 情報 ソースコントロールは無効です
[2021.05.16-10.51.57:082][  0]SourceControl: 情報 ソースコントロールは無効です
[2021.05.16-10.51.57:082][  0]LogSourceControl: RunCommandInternalRaw: 'git version'
[2021.05.16-10.51.57:082][  0]LogSourceControl: RunCommandInternalRaw: ExecProcess ReturnCode=2 OutResults=''
[2021.05.16-10.51.57:093][  0]SourceControl: 情報 ソースコントロールは無効です
[2021.05.16-10.51.57:282][  0]LogObj: 24232 objects as part of root set at end of initial load.
[2021.05.16-10.51.57:282][  0]LogUObjectAllocator: 5137176 out of 0 bytes used by permanent object pool.
[2021.05.16-10.51.57:350][  0]LogEngine: Initializing Engine...
[2021.05.16-10.51.59:509][  0]LogInit: XAudio2 using 'スピーカー (Realtek(R) Audio)' : 2 channels at 48 kHz using 32 bits per sample (channel mask 0x3)
[2021.05.16-10.51.59:559][  0]LogInit: FAudioDevice initialized.
[2021.05.16-10.51.59:599][  0]LogAIModule: Creating AISystem for world NewWorld
[2021.05.16-10.51.59:614][  0]LogDerivedDataCache: Saved boot cache 0.01s 39MB C:/Users/magi1/AppData/Local/UnrealEngine/4.7/DerivedDataCache/Boot.ddc.
[2021.05.16-10.51.59:616][  0]LogInit: Texture streaming: Enabled
[2021.05.16-10.51.59:693][  0]LogAnalytics: Creating configured Analytics provider AnalyticsET
[2021.05.16-10.51.59:693][  0]LogAnalytics: ET APIKey = Rocket.Release. APIServer = http://et2.epicgames.com/ET2/. AppVersion = 4.7.6-2513093+++depot+UE4-Releases+4.7
[2021.05.16-10.51.59:693][  0]LogAnalytics: ET APIKey = Rocket.Release. DataRouterUploadURL = https://datarouter-public-service-gamedev.ol.epicgames.net/datarouter/api/v1/public/data. AppVersion = 4.7.6-2513093+++depot+UE4-Releases+4.7
[2021.05.16-10.51.59:693][  0]LogAnalytics: SetUserId 144e59504b07e7078f7f9fbff0f199ea|e89bcdc3dddd40638ff112a71cef8e67|badf8662-73b2-480e-8b08-9b9fdfc993be
[2021.05.16-10.51.59:693][  0]LogAnalytics: AnalyticsET::StartSession [Rocket.Release]
[2021.05.16-10.51.59:727][  0]LogInit: Transaction tracking system initialized
[2021.05.16-10.51.59:928][  0]BlueprintLog: New page: エディタの読み込み
[2021.05.16-10.51.59:970][  0]LogAssetRegistry: FAssetRegistry took 0.0105 seconds to start up
[2021.05.16-10.51.59:970][  0]LogDirectoryWatcher:Warning: Failed to begin reading directory changes for ../../../Engine/Plugins/Experimental/CharacterAI/Content/. Error: 0
[2021.05.16-10.52.00:493][  0]LogTargetPlatformManager:Display: Building Assets For Windows
[2021.05.16-10.52.00:780][  0]LogTargetPlatformManager:Display: Building Assets For Windows
[2021.05.16-10.52.01:061][  0]LogSlate:Warning: Failed to load font data from '../../../Engine/Content/Editor/Slate/Fonts/Roboto-Regular.ttf'
[2021.05.16-10.52.01:061][  0]LogSlate:Warning: Failed to load font data from '../../../Engine/Content/Editor/Slate/Fonts/Roboto-Bold.ttf'
[2021.05.16-10.52.01:065][  0]LogConsoleResponse:Display: 
[2021.05.16-10.52.01:179][  0]LogCook:Display: Done creating registry. It took  0.00s.
[2021.05.16-10.52.01:337][  0]SourceControl: 情報 ソースコントロールは無効です
[2021.05.16-10.52.01:337][  0]Cmd: MAP LOAD FILE="../../../../../../Users/magi1/Documents/PaperNinja_FirstTime/PaperNinja/Content/StarterContent/Maps/Minimal_Default.umap" TEMPLATE=0 SHOWPROGRESS=1 FEATURELEVEL=3
[2021.05.16-10.52.01:337][  0]LightingResults: New page: ライティングのビルド
[2021.05.16-10.52.01:351][  0]MapCheck: New page: マップをチェック
[2021.05.16-10.52.01:351][  0]LightingResults: New page: <何も選択されていません>
[2021.05.16-10.52.01:356][  0]LogParticles: Destroying 0 GPU particle simulations for FXSystem 0x000001D44CBF0E00
[2021.05.16-10.52.02:075][  0]LogEditorServer: Finished looking for orphan Actors (0.000 secs)
[2021.05.16-10.52.02:089][  0]LogAIModule: Creating AISystem for world Minimal_Default
[2021.05.16-10.52.02:090][  0]Cmd: MAP CHECKDEP
[2021.05.16-10.52.02:090][  0]MapCheck: New page: Minimal_Default - 2021/05/17 4:52:02
[2021.05.16-10.52.02:185][  0]MapCheck: 情報 マップチェックが完了: 0 エラー、 0 警告、完了に 95.524ミリ秒かかりました。
[2021.05.16-10.52.02:185][  0]LogFileHelpers: Loading map 'Minimal_Default' took 0.849
[2021.05.16-10.52.02:320][  0]LogCollectionManager: Loaded 0 collections in 0.002045 seconds
[2021.05.16-10.52.02:327][  0]LogContentBrowser: Native class hierarchy populated in 0.0072 seconds. Added 1696 classes and 261 folders.
[2021.05.16-10.52.02:366][  0]LogContentBrowser: Native class hierarchy updated for 'SceneOutliner' in 0.0024 seconds. Added 1 classes and 2 folders.
[2021.05.16-10.52.02:387][  0]LogContentBrowser: Native class hierarchy updated for 'WorldBrowser' in 0.0025 seconds. Added 1 classes and 3 folders.
[2021.05.16-10.52.02:453][  0]LogCrashTracker: Crashtracker disabled due to settings.
[2021.05.16-10.52.02:454][  0]LogSlate:Warning: Failed to load font data from 'Veranda'
[2021.05.16-10.52.02:463][  0]LogUObjectGlobals:Warning: オブジェクト 'Class なし.' が見つかりませんでした
[2021.05.16-10.52.02:492][  0]LogLoad: Full Startup: 12.78 seconds (BP compile: 0.07 seconds)
[2021.05.16-10.52.02:893][  0]LogContentBrowser:Verbose: The content browser source was changed by the sources view to '/Game/Blueprints'
[2021.05.16-10.52.02:991][  0]LogRenderer:Warning: Reallocating scene render targets to support 32x32 (Frame:2).
[2021.05.16-10.52.03:089][  0]LogRenderer:Warning: Reallocating scene render targets to support 1200x576 (Frame:3).
[2021.05.16-10.52.03:846][  3]LogAssetRegistry: Asset discovery search completed in 3.8876 seconds
[2021.05.16-10.52.13:557][447]LogContentBrowser:Verbose: The content browser source was changed by the sources view to '/Game/Maps'
[2021.05.16-10.52.15:290][551]LogContentBrowser:Verbose: The content browser source was changed by the sources view to '/Game/Maps/Test'
[2021.05.16-10.52.24:283][ 73]Cmd: MAP LOAD FILE="../../../../../../Users/magi1/Documents/PaperNinja_FirstTime/PaperNinja/Content/Maps/Test/Test_Event_Switch.umap" TEMPLATE=0 SHOWPROGRESS=1 FEATURELEVEL=3
[2021.05.16-10.52.24:283][ 73]LightingResults: New page: ライティングのビルド
[2021.05.16-10.52.24:309][ 73]LoadErrors: New page: マップをロード中: Test_Event_Switch.umap
[2021.05.16-10.52.24:310][ 73]MapCheck: New page: マップをチェック
[2021.05.16-10.52.24:310][ 73]LightingResults: New page: <何も選択されていません>
[2021.05.16-10.52.24:314][ 73]LogParticles: Destroying 0 GPU particle simulations for FXSystem 0x000001D4414887C0
[2021.05.16-10.52.24:336][ 73]LogEditorServer: Finished looking for orphan Actors (0.000 secs)
[2021.05.16-10.52.24:339][ 73]LogAIModule: Creating AISystem for world Test_Event_Switch
[2021.05.16-10.52.24:368][ 73]Cmd: MAP CHECKDEP
[2021.05.16-10.52.24:368][ 73]MapCheck: New page: Test_Event_Switch - 2021/05/17 4:52:24
[2021.05.16-10.52.24:469][ 73]MapCheck: 情報 マップチェックが完了: 0 エラー、 0 警告、完了に 101.204ミリ秒かかりました。
[2021.05.16-10.52.24:470][ 73]LogFileHelpers: Loading map 'Test_Event_Switch' took 0.189
[2021.05.16-10.52.26:294][182]LogEditorViewport: Clicking on Actor (LMB): PNSwitchActor_C (PNSwitchActor)
[2021.05.16-10.52.26:833][214]LogEditorViewport: Clicking on Actor (context menu): PNSwitchActor_C (PNSwitchActor)
[2021.05.16-10.54.57:450][ 12]BlueprintLog: New page: Test_Event_Switch をコンパイル
[2021.05.16-10.54.57:492][ 12]BlueprintEditorCompileResults: 情報 [0187.78] Test_Event_Switch のコンパイルに成功しました！  [ 41 ミリ秒]
[2021.05.16-10.56.12:009][742]BlueprintLog: New page: Test_Event_Switch をコンパイル
[2021.05.16-10.56.12:051][742]BlueprintEditorCompileResults: 情報 [0262.34] Test_Event_Switch のコンパイルに成功しました！  [ 42 ミリ秒]
[2021.05.16-10.56.17:212][ 37]LogSavePackage: Save=67.530502ms
[2021.05.16-10.56.17:212][ 37]LogSavePackage: Moving '../../../../../../Users/magi1/Documents/PaperNinja_FirstTime/PaperNinja/Saved/Test_Event_Switch1C9F451D4BDC4090BA743ABCB0C142DF.tmp' to '../../../../../../Users/magi1/Documents/PaperNinja_FirstTime/PaperNinja/Content/Maps/Test/Test_Event_Switch.umap'
[2021.05.16-10.56.23:882][425]LogContentBrowser:Verbose: The content browser source was changed by the sources view to '/Game/Blueprints'
[2021.05.16-10.56.41:023][389]LogContentBrowser:Verbose: The content browser source was changed by the sources view to '/Game/Blueprints'
[2021.05.16-10.56.54:420][149]LogContentBrowser:Verbose: The content browser source was changed by the sources view to '/Game/Maps/Stage01'
[2021.05.16-10.56.55:003][184]LogContentBrowser:Verbose: The content browser source was changed by the sources view to '/Game/Blueprints'
[2021.05.16-10.57.11:778][163]BlueprintLog: New page: Test_Event_Switch をコンパイル
[2021.05.16-10.57.11:817][163]BlueprintEditorCompileResults: 情報 [0322.11] Test_Event_Switch のコンパイルに成功しました！  [ 40 ミリ秒]
[2021.05.16-10.58.26:674][100]BlueprintLog: New page: Test_Event_Switch をコンパイル
[2021.05.16-10.58.26:714][100]BlueprintEditorCompileResults: 情報 [0397.00] Test_Event_Switch のコンパイルに成功しました！  [ 39 ミリ秒]
[2021.05.16-11.00.39:611][926]LogEditorViewport: Clicking on Actor (LMB): PNGateActor_C (PNGateActor)
[2021.05.16-11.01.00:509][151]BlueprintLog: New page: Test_Event_Switch をコンパイル
[2021.05.16-11.01.00:550][151]BlueprintEditorCompileResults: 情報 [0550.84] Test_Event_Switch のコンパイルに成功しました！  [ 41 ミリ秒]
[2021.05.16-11.01.02:842][278]LogSavePackage: Save=72.615501ms
[2021.05.16-11.01.02:842][278]LogSavePackage: Moving '../../../../../../Users/magi1/Documents/PaperNinja_FirstTime/PaperNinja/Saved/Test_Event_SwitchDB01B8A94F14F3B369CEA490329F37DE.tmp' to '../../../../../../Users/magi1/Documents/PaperNinja_FirstTime/PaperNinja/Content/Maps/Test/Test_Event_Switch.umap'
[2021.05.16-11.01.07:993][584]BlueprintLog: New page: PIE以前の自動再コンパイル
[2021.05.16-11.01.07:996][584]LogPlayLevel: [PIE] Compiling Test_Event_Switch before PIE...
[2021.05.16-11.01.08:039][584]LogPlayLevel: PIE:  Blueprint regeneration took 47 ms (1 blueprints)
[2021.05.16-11.01.08:039][584]PIE: New page: PIEセッション: Test_Event_Switch (2021/05/17 5:01:08)
[2021.05.16-11.01.08:044][584]LogPlayLevel: PIE: StaticDuplicateObject took: (0.004312s)
[2021.05.16-11.01.08:045][584]LogPlayLevel: PIE: World Init took: (0.000740s)
[2021.05.16-11.01.08:045][584]LogPlayLevel: PIE: Created PIE world by copying editor world from /Game/Maps/Test/Test_Event_Switch.Test_Event_Switch to /Game/Maps/Test/UEDPIE_0_Test_Event_Switch.Test_Event_Switch (0.005165s)
[2021.05.16-11.01.08:293][584]LogWorld: Game class is 'PNGameMode_C'
[2021.05.16-11.01.08:297][584]LogAIModule: Creating AISystem for world Test_Event_Switch
[2021.05.16-11.01.08:299][584]LogWorld: Bringing World /Game/Maps/Test/UEDPIE_0_Test_Event_Switch.Test_Event_Switch up for play (max tick rate 60) at 2021.05.16-20.01.08
[2021.05.16-11.01.08:300][584]LogWorld: Bringing up level for play took: 0.002925
[2021.05.16-11.01.08:303][584]PIE: 情報 /Game/Maps/Test/UEDPIE_0_Test_Event_Switch 0.994のPIE開始時間
[2021.05.16-11.01.37:760][348]LogActorComponent: UnregisterComponent: (/Engine/Transient.CharMoveComp) Not registered. Aborting.
[2021.05.16-11.01.37:771][348]LogParticles: Destroying 0 GPU particle simulations for FXSystem 0x000001D401DA0680
[2021.05.16-11.01.39:978][468]LogContentBrowser:Verbose: The content browser source was changed by the sources view to '/Game/Blueprints'
[2021.05.16-11.02.12:074][369]LogContentBrowser:Verbose: The content browser source was changed by the sources view to '/Game/Maps/Stage01'
[2021.05.16-11.02.13:123][429]LogActorComponent: UnregisterComponent: (/Engine/Transient.CharMoveComp) Not registered. Aborting.
[2021.05.16-11.02.13:137][429]Cmd: MAP LOAD FILE="../../../../../../Users/magi1/Documents/PaperNinja_FirstTime/PaperNinja/Content/Maps/Stage01/PNStage01_Top.umap" TEMPLATE=0 SHOWPROGRESS=1 FEATURELEVEL=3
[2021.05.16-11.02.13:137][429]LightingResults: New page: ライティングのビルド
[2021.05.16-11.02.13:162][429]LoadErrors: New page: マップをロード中: PNStage01_Top.umap
[2021.05.16-11.02.13:252][429]MapCheck: New page: マップをチェック
[2021.05.16-11.02.13:252][429]LightingResults: New page: <何も選択されていません>
[2021.05.16-11.02.13:262][429]LogParticles: Destroying 0 GPU particle simulations for FXSystem 0x000001D46C8E3060
[2021.05.16-11.02.13:262][429]LogParticles: Destroying 0 GPU particle simulations for FXSystem 0x000001D4435F9620
[2021.05.16-11.02.13:688][429]LogEditorServer: Finished looking for orphan Actors (0.000 secs)
[2021.05.16-11.02.13:688][429]LogAIModule: Creating AISystem for world PNStage01_Top
[2021.05.16-11.02.13:718][429]Cmd: MAP CHECKDEP
[2021.05.16-11.02.13:719][429]MapCheck: New page: PNStage01_Top - 2021/05/17 5:02:13
[2021.05.16-11.02.13:849][429]MapCheck: 情報 マップチェックが完了: 0 エラー、 0 警告、完了に 131.195ミリ秒かかりました。
[2021.05.16-11.02.13:850][429]LogFileHelpers: Loading map 'PNStage01_Top' took 0.715
[2021.05.16-11.02.47:092][409]LogContentBrowser:Verbose: The content browser source was changed by the sources view to '/Game/Characters'
[2021.05.16-11.02.47:808][452]LogContentBrowser:Verbose: The content browser source was changed by the sources view to '/Game/Blueprints'
[2021.05.16-11.04.53:509][960]LogEditorViewport: Clicking on Actor (context menu): PNTrapFireActor_C (PNTrapFireActor)
[2021.05.16-11.06.16:447][803]LogEditorViewport: Clicking on Actor (LMB): PNTrapFireActor_C (PNTrapFireActor)
[2021.05.16-11.06.17:160][845]LogEditorViewport: Clicking on Actor (LMB): PNSwitchActor_C (Fusuma01 Switch)
[2021.05.16-11.06.18:006][895]LogEditorViewport: Clicking on Actor (context menu): PNTrapFireActor_C (PNTrapFireActor)
[2021.05.16-11.06.27:220][406]LogEditorViewport: Clicking on Actor (LMB): PNTrapFireActor_C (PNTrapFireActor)
[2021.05.16-11.06.33:367][774]LogEditorViewport: Clicking on Actor (LMB): StaticMeshActor (SM_Floor38)
[2021.05.16-11.06.53:685][970]LogActorComponent: UnregisterComponent: (/Engine/Transient.CharMoveComp) Not registered. Aborting.
[2021.05.16-11.06.54:001][970]LogSavePackage: Save=86.944000ms
[2021.05.16-11.06.54:001][970]LogSavePackage: Moving '../../../../../../Users/magi1/Documents/PaperNinja_FirstTime/PaperNinja/Saved/PNStage01_GM28D0EAEB474102582CC690940421C070.tmp' to '../../../../../../Users/magi1/Documents/PaperNinja_FirstTime/PaperNinja/Content/Maps/Stage01/PNStage01_GM.umap'
[2021.05.16-11.06.54:006][970]LogFileHelpers: Saving map 'PNStage01_GM' took 0.260
[2021.05.16-11.07.45:273][ 34]LogEditorViewport: Clicking on Actor (LMB): PNGateActor_C (PNGateActor)
[2021.05.16-11.08.46:138][596]LogSavePackage: Save=92.006302ms
[2021.05.16-11.08.46:138][596]LogSavePackage: Moving '../../../../../../Users/magi1/Documents/PaperNinja_FirstTime/PaperNinja/Saved/PNStage01_GMBEDFA74446050D66C22AD68EA6E027A5.tmp' to '../../../../../../Users/magi1/Documents/PaperNinja_FirstTime/PaperNinja/Content/Maps/Stage01/PNStage01_GM.umap'
[2021.05.16-11.08.46:142][596]LogFileHelpers: Saving map 'PNStage01_GM' took 0.260
[2021.05.16-11.08.56:160][196]BlueprintLog: New page: PIE以前の自動再コンパイル
[2021.05.16-11.08.56:161][196]LogPlayLevel: [PIE] Compiling PNStage01_GM before PIE...
[2021.05.16-11.08.56:206][196]LogPlayLevel: PIE:  Blueprint regeneration took 45 ms (1 blueprints)
[2021.05.16-11.08.56:206][196]PIE: New page: PIEセッション: PNStage01_Top (2021/05/17 5:08:56)
[2021.05.16-11.08.56:207][196]LogPlayLevel: PIE: StaticDuplicateObject took: (0.000594s)
[2021.05.16-11.08.56:207][196]LogPlayLevel: PIE: World Init took: (0.000413s)
[2021.05.16-11.08.56:207][196]LogPlayLevel: PIE: Created PIE world by copying editor world from /Game/Maps/Stage01/PNStage01_Top.PNStage01_Top to /Game/Maps/Stage01/UEDPIE_0_PNStage01_Top.PNStage01_Top (0.001162s)
[2021.05.16-11.08.56:241][196]LogWorld: Game class is 'PNGameMode_C'
[2021.05.16-11.08.56:248][196]LogWorld: PIE: Copying PIE streaming level from /Game/Maps/Stage01/PNStage01_GM.PNStage01_GM to /Game/Maps/Stage01/UEDPIE_0_PNStage01_GM.PNStage01_GM. OwningWorld: /Game/Maps/Stage01/UEDPIE_0_PNStage01_Top.PNStage01_Top
[2021.05.16-11.08.56:253][196]LogSelection:Warning: PIE object was selected: "PNGateActor_C /Game/Maps/Stage01/UEDPIE_0_PNStage01_GM.PNStage01_GM:PersistentLevel.Fusuma01"
[2021.05.16-11.08.56:261][196]LogWorld: PIE: Copying PIE streaming level from /Game/Maps/Stage01/PNStage01_SM.PNStage01_SM to /Game/Maps/Stage01/UEDPIE_0_PNStage01_SM.PNStage01_SM. OwningWorld: /Game/Maps/Stage01/UEDPIE_0_PNStage01_Top.PNStage01_Top
[2021.05.16-11.08.56:297][196]LogAIModule: Creating AISystem for world PNStage01_Top
[2021.05.16-11.08.56:298][196]LogWorld:Warning: *** WARNING - PATHS MAY NOT BE VALID ***
[2021.05.16-11.08.56:298][196]LogWorld: Bringing World /Game/Maps/Stage01/UEDPIE_0_PNStage01_Top.PNStage01_Top up for play (max tick rate 60) at 2021.05.16-20.08.56
[2021.05.16-11.08.56:300][196]LogWorld: Bringing up level for play took: 0.002365
[2021.05.16-11.08.56:302][196]PIE: 情報 /Game/Maps/Stage01/UEDPIE_0_PNStage01_Top 0.993のPIE開始時間
[2021.05.16-11.09.09:795][  3]LogBlueprintUserMessages: Died!
[2021.05.16-11.09.13:323][210]LogParticles: Destroying 0 GPU particle simulations for FXSystem 0x000001D421322520
[2021.05.16-11.11.13:587][416]LogEditorViewport: Clicking on Actor (LMB): PNGateActor_C (PNGateActor)
[2021.05.16-11.11.24:158][ 50]LogEditorViewport: Clicking on Actor (LMB): PNGateActor_C (PNGateActor2)
[2021.05.16-11.11.45:696][342]LogEditorViewport: Clicking on Actor (LMB): StaticMeshActor (SM_Floor129)
[2021.05.16-11.11.46:931][415]LogEditorViewport: Clicking on Actor (LMB): BP_Sky_Sphere_C (BP_Sky_Sphere)
[2021.05.16-11.13.12:250][478]LogEditorViewport: Clicking on Actor (LMB): PNGateActor_C (Fusuma02)
[2021.05.16-11.13.40:187][131]BlueprintLog: New page: PNStage01_GM をコンパイル
[2021.05.16-11.13.40:223][131]LogActorComponent: UnregisterComponent: (/Engine/Transient.CharMoveComp) Not registered. Aborting.
[2021.05.16-11.13.40:247][131]BlueprintEditorCompileResults: 情報 [1310.54] PNStage01_GM のコンパイルに成功しました！  [ 59 ミリ秒]
[2021.05.16-11.13.41:633][210]LogActorComponent: UnregisterComponent: (/Engine/Transient.CharMoveComp) Not registered. Aborting.
[2021.05.16-11.13.43:554][210]LogSavePackage: Save=114.091301ms
[2021.05.16-11.13.43:554][210]LogSavePackage: Moving '../../../../../../Users/magi1/Documents/PaperNinja_FirstTime/PaperNinja/Saved/PNStage01_GM465005DA4AC154F6A94687A7ECB6A224.tmp' to '../../../../../../Users/magi1/Documents/PaperNinja_FirstTime/PaperNinja/Content/Maps/Stage01/PNStage01_GM.umap'
[2021.05.16-11.13.43:558][210]LogFileHelpers: Saving map 'PNStage01_GM' took 0.295
[2021.05.16-11.14.16:132][162]LogWindows:Error: Windows GetLastError: この操作を正しく終了しました。 (0)
[2021.05.16-11.14.16:132][162]LogCrashTracker: 


[2021.05.16-11.14.19:071][162]LogCrashTracker: 


[2021.05.16-11.14.19:071][162]LogWindows: === Critical error: ===
Assertion failed: !bIsChangingText [File:D:\BuildFarm\buildmachine_++depot+UE4-Releases+4.7\Engine\Source\Runtime\Slate\Private\Widgets\Text\SMultiLineEditableText.cpp] [Line: 559] 



KERNELBASE.dll!UnknownFunction (0x00007ffa6eb94b89) + 0 bytes [UnknownFile:0]
UE4Editor-Core.dll!FOutputDeviceWindowsError::Serialize() (0x00007ffa0a4c8074) + 0 bytes [d:\buildfarm\buildmachine_++depot+ue4-releases+4.7\engine\source\runtime\core\private\windows\windowsplatformoutputdevices.cpp:95]
UE4Editor-Core.dll!FOutputDevice::Logf__VA() (0x00007ffa0a347878) + 159 bytes [d:\buildfarm\buildmachine_++depot+ue4-releases+4.7\engine\source\runtime\core\private\misc\outputdevice.cpp:144]
UE4Editor-Core.dll!FDebug::AssertFailed() (0x00007ffa0a328b17) + 62 bytes [d:\buildfarm\buildmachine_++depot+ue4-releases+4.7\engine\source\runtime\core\private\misc\outputdevice.cpp:224]
UE4Editor-Slate.dll!SMultiLineEditableText::StartChangingText() (0x00007ffa09c45d16) + 0 bytes [d:\buildfarm\buildmachine_++depot+ue4-releases+4.7\engine\source\runtime\slate\private\widgets\text\smultilineeditabletext.cpp:563]
UE4Editor-Slate.dll!FTextEditHelper::OnKeyChar() (0x00007ffa09b3b49d) + 32 bytes [d:\buildfarm\buildmachine_++depot+ue4-releases+4.7\engine\source\runtime\slate\private\framework\text\textedithelper.cpp:86]
UE4Editor-Slate.dll!SMultiLineEditableText::OnKeyChar() (0x00007ffa09c3dba3) + 77 bytes [d:\buildfarm\buildmachine_++depot+ue4-releases+4.7\engine\source\runtime\slate\private\widgets\text\smultilineeditabletext.cpp:2306]
UE4Editor-Slate.dll!<lambda_f4267d5369f6530713340915266300fb>::operator()() (0x00007ffa09a1de22) + 38 bytes [d:\buildfarm\buildmachine_++depot+ue4-releases+4.7\engine\source\runtime\slate\private\framework\application\slateapplication.cpp:3504]
UE4Editor-Slate.dll!FEventRouter::Route<FReply,FEventRouter::FBubblePolicy,FCharacterEvent,<lambda_f4267d5369f6530713340915266300fb> >() (0x00007ffa099d6c9d) + 29 bytes [d:\buildfarm\buildmachine_++depot+ue4-releases+4.7\engine\source\runtime\slate\private\framework\application\slateapplication.cpp:202]
UE4Editor-Slate.dll!FEventRouter::RouteAlongFocusPath<FEventRouter::FBubblePolicy,<lambda_f4267d5369f6530713340915266300fb>,FCharacterEvent>() (0x00007ffa099d8ace) + 34 bytes [d:\buildfarm\buildmachine_++depot+ue4-releases+4.7\engine\source\runtime\slate\private\framework\application\slateapplication.cpp:184]
UE4Editor-Slate.dll!FSlateApplication::ProcessKeyCharEvent() (0x00007ffa09a83a74) + 150 bytes [d:\buildfarm\buildmachine_++depot+ue4-releases+4.7\engine\source\runtime\slate\private\framework\application\slateapplication.cpp:3505]
UE4Editor-Slate.dll!FSlateApplication::OnKeyChar() (0x00007ffa09a73633) + 14 bytes [d:\buildfarm\buildmachine_++depot+ue4-releases+4.7\engine\source\runtime\slate\private\framework\application\slateapplication.cpp:3485]
UE4Editor-Core.dll!FWindowsApplication::ProcessDeferredMessage() (0x00007ffa0a423008) + 0 bytes [d:\buildfarm\buildmachine_++depot+ue4-releases+4.7\engine\source\runtime\core\private\windows\windowsapplication.cpp:1149]
UE4Editor-Core.dll!FWindowsApplication::DeferMessage() (0x00007ffa0a415d2e) + 74 bytes [d:\buildfarm\buildmachine_++depot+ue4-releases+4.7\engine\source\runtime\core\private\windows\windowsapplication.cpp:1669]
UE4Editor-Core.dll!FWindowsApplication::ProcessMessage() (0x00007ffa0a424d50) + 41 bytes [d:\buildfarm\buildmachine_++depot+ue4-releases+4.7\engine\source\runtime\core\private\windows\windowsapplication.cpp:742]
UE4Editor-Core.dll!FWindowsApplication::AppWndProc() (0x00007ffa0a413192) + 0 bytes [d:\buildfarm\buildmachine_++depot+ue4-releases+4.7\engine\source\runtime\core\private\windows\windowsapplication.cpp:604]
USER32.dll!UnknownFunction (0x00007ffa70c9e858) + 0 bytes [UnknownFile:0]
USER32.dll!UnknownFunction (0x00007ffa70c9e299) + 0 bytes [UnknownFile:0]
UE4Editor-Core.dll!FWindowsPlatformMisc::PumpMessages() (0x00007ffa0a4c3ec6) + 48 bytes [d:\buildfarm\buildmachine_++depot+ue4-releases+4.7\engine\source\runtime\core\private\windows\windowsplatformmisc.cpp:774]
UE4Editor.exe!FEngineLoop::Tick() (0x00007ff6a3e800a9) + 8 bytes [d:\buildfarm\buildmachine_++depot+ue4-releases+4.7\engine\source\runtime\launch\private\launchengineloop.cpp:2233]
UE4Editor.exe!GuardedMain() (0x00007ff6a3e7267c) + 0 bytes [d:\buildfarm\buildmachine_++depot+ue4-releases+4.7\engine\source\runtime\launch\private\launch.cpp:142]
UE4Editor.exe!GuardedMainWrapper() (0x00007ff6a3e726ea) + 5 bytes [d:\buildfarm\buildmachine_++depot+ue4-releases+4.7\engine\source\runtime\launch\private\windows\launchwindows.cpp:126]
UE4Editor.exe!WinMain() (0x00007ff6a3e82219) + 17 bytes [d:\buildfarm\buildmachine_++depot+ue4-releases+4.7\engine\source\runtime\launch\private\windows\launchwindows.cpp:202]
UE4Editor.exe!__tmainCRTStartup() (0x00007ff6a3e83159) + 21 bytes [f:\dd\vctools\crt\crtw32\dllstuff\crtexe.c:618]
KERNEL32.DLL!UnknownFunction (0x00007ffa70ee7034) + 0 bytes [UnknownFile:0]
ntdll.dll!UnknownFunction (0x00007ffa710c2651) + 0 bytes [UnknownFile:0]
ntdll.dll!UnknownFunction (0x00007ffa710c2651) + 0 bytes [UnknownFile:0]


[2021.05.16-11.14.19:153][162]LogExit: Executing StaticShutdownAfterError
[2021.05.16-11.14.19:156][162]LogWindows: FPlatformMisc::RequestExit(1)
[2021.05.16-11.14.19:156][162]Log file closed, 05/16/21 20:14:19
