Log file open, 05/10/21 06:36:43
LogInit:Display: Running engine for game: PaperNinja
LogInit: Version: 4.7.6-2513093+++depot+UE4-Releases+4.7
LogInit: API Version: 2455222
LogInit: Compiled (64-bit): Apr 15 2015 12:09:54
LogInit: Compiled with Visual C++: 18.00.21005.01
LogInit: Build Configuration: Development
LogInit: Branch Name: ++depot+UE4-Releases+4.7
LogInit: Command line:  
LogInit: Base directory: C:/Program Files/Epic Games/UE_4.7/Engine/Binaries/Win64/
LogInit: Rocket: 1
[2021.05.09-21.36.43:215][  0]LogTaskGraph: Started task graph with 3 named threads and 8 total threads.
[2021.05.09-21.36.43:355][  0]LogOnline:Warning: No default platform service specified for OnlineSubsystem
[2021.05.09-21.36.43:430][  0]LogInit: Presizing for 0 objects not considered by GC, pre-allocating 0 bytes.
[2021.05.09-21.36.43:466][  0]LogInit: Object subsystem initialized
[2021.05.09-21.36.43:486][  0]LogConsoleResponse:Warning: Skipping Unknown console variable: 'TranslucentSortAxis = (X=0.000000,Y=-1.000000,Z=0.000000)'
[2021.05.09-21.36.43:486][  0]LogConsoleResponse:Warning:   Found in ini file 'C:/Users/magi1/Documents/PaperNinja_FirstTime/PaperNinja/Saved/Config/Windows/Engine.ini', in section '[/Script/Engine.RendererSettings]'
[2021.05.09-21.36.43:486][  0]LogConsoleResponse:Warning: Skipping Unknown console variable: 'UIScaleRule = ShortestSide'
[2021.05.09-21.36.43:486][  0]LogConsoleResponse:Warning:   Found in ini file 'C:/Users/magi1/Documents/PaperNinja_FirstTime/PaperNinja/Saved/Config/Windows/Engine.ini', in section '[/Script/Engine.RendererSettings]'
[2021.05.09-21.36.43:486][  0]LogConsoleResponse:Warning: Skipping Unknown console variable: 'UIScaleCurve = (EditorCurveData=(Keys=),ExternalCurve=None)'
[2021.05.09-21.36.43:486][  0]LogConsoleResponse:Warning:   Found in ini file 'C:/Users/magi1/Documents/PaperNinja_FirstTime/PaperNinja/Saved/Config/Windows/Engine.ini', in section '[/Script/Engine.RendererSettings]'
[2021.05.09-21.36.43:495][  0]LogInit: Selected Device Profile: [Windows]
[2021.05.09-21.36.43:496][  0]LogInit: Applying CVar settings loaded from the selected device profile: [Windows]
[2021.05.09-21.36.43:517][  0]LogInit: Computer: DESKTOP-QG331CQ
[2021.05.09-21.36.43:517][  0]LogInit: User: magi1
[2021.05.09-21.36.43:517][  0]LogInit: CPU Page size=4096, Cores=6
[2021.05.09-21.36.43:517][  0]LogInit: High frequency timer resolution =10.000000 MHz
[2021.05.09-21.36.43:518][  0]LogMemory: Memory total: Physical=15.9GB (16GB approx) Virtual=131072.0GB
[2021.05.09-21.36.43:519][  0]LogMemory: Platform Memory Stats for Windows
[2021.05.09-21.36.43:519][  0]LogMemory: Process Physical Memory: 49.95 MB used, 49.95 MB peak
[2021.05.09-21.36.43:519][  0]LogMemory: Process Virtual Memory: 26.71 MB used, 26.71 MB peak
[2021.05.09-21.36.43:519][  0]LogMemory: Physical Memory: 6324.67 MB used, 16239.85 MB total
[2021.05.09-21.36.43:519][  0]LogMemory: Virtual Memory: 4432.94 MB used, 134217728.00 MB total
[2021.05.09-21.36.43:903][  0]LogD3D11RHI: Found D3D11 adapter 0: NVIDIA GeForce RTX 2080 (Feature Level 11_0)
[2021.05.09-21.36.43:903][  0]LogD3D11RHI: Adapter has 8010MB of dedicated video memory, 0MB of dedicated system memory, and 8119MB of shared system memory, 2 output[s]
[2021.05.09-21.36.44:002][  0]LogD3D11RHI: Found D3D11 adapter 1: Intel(R) UHD Graphics 630 (Feature Level 11_0)
[2021.05.09-21.36.44:002][  0]LogD3D11RHI: Adapter has 128MB of dedicated video memory, 0MB of dedicated system memory, and 8119MB of shared system memory, 0 output[s]
[2021.05.09-21.36.44:007][  0]LogD3D11RHI: Found D3D11 adapter 2: Microsoft Basic Render Driver (Feature Level 11_0)
[2021.05.09-21.36.44:007][  0]LogD3D11RHI: Adapter has 0MB of dedicated video memory, 0MB of dedicated system memory, and 8119MB of shared system memory, 0 output[s]
[2021.05.09-21.36.44:007][  0]LogD3D11RHI: Chosen D3D11 Adapter Id = 0
[2021.05.09-21.36.44:023][  0]LogRHI: Texture pool is 1361 MB (70% of 1945 MB)
[2021.05.09-21.36.44:229][  0]LogD3D11RHI: Async texture creation enabled
[2021.05.09-21.36.44:641][  0]LogTextLocalizationManager: The requested culture ('ja_JP') has no localization data; parent culture's ('ja') localization data will be used.
[2021.05.09-21.36.44:768][  0]LogTextLocalizationManager:Warning: Loading localization resources contain conflicting entries for (Namespace:UICommands, Key:Save_ToolTip):
Resource: (C:/Program Files/Epic Games/UE_4.7/Engine/Content/Localization/Editor/ja/Editor.locres) Hash: (-29098895) String: (現行レベルをディスクに保存)
Resource: (C:/Program Files/Epic Games/UE_4.7/Engine/Content/Localization/Engine/ja/Engine.locres) Hash: (-1280300587) String: (選択データをvlogファイルに保存)
[2021.05.09-21.36.44:768][  0]LogTextLocalizationManager:Warning: Loading localization resources contain conflicting entries for (Namespace:ContentBrowser, Key:ImportAssetToolTip):
Resource: (C:/Program Files/Epic Games/UE_4.7/Engine/Content/Localization/Editor/ja/Editor.locres) Hash: (-630476809) String: ({0} にインポート...)
Resource: (C:/Program Files/Epic Games/UE_4.7/Engine/Content/Localization/Editor/ja/Editor.locres) Hash: (1271782899) String: (このフォルダへファイルからアセットをインポート)
[2021.05.09-21.36.44:917][  0]LogContentStreaming: Texture pool size is 0.000000MB
[2021.05.09-21.36.50:307][  0]LogTargetPlatformManager:Display: Building Assets For Windows
[2021.05.09-21.36.51:665][  0]LogTargetPlatformManager:Display: Building Assets For Windows
[2021.05.09-21.36.51:853][  0]LogDerivedDataCache:Display: Max Cache Size: 512 MB
[2021.05.09-21.36.51:927][  0]LogDerivedDataCache: Loaded boot cache 0.07s 39MB C:/Users/magi1/AppData/Local/UnrealEngine/4.7/DerivedDataCache/Boot.ddc.
[2021.05.09-21.36.51:927][  0]LogDerivedDataCache:Display: Loaded Boot cache: C:/Users/magi1/AppData/Local/UnrealEngine/4.7/DerivedDataCache/Boot.ddc
[2021.05.09-21.36.51:927][  0]LogDerivedDataCache: FDerivedDataBackendGraph:  Pak pak cache file ../../../../../../Users/magi1/Documents/PaperNinja_FirstTime/PaperNinja/DerivedDataCache/DDC.ddp not found, will not use a pak cache.
[2021.05.09-21.36.51:927][  0]LogDerivedDataCache: Unable to find inner node Pak for hierarchical cache Hierarchy.
[2021.05.09-21.36.52:202][  0]LogDerivedDataCache:Display: Pak cache opened for reading ../../../Engine/DerivedDataCache/Compressed.ddp.
[2021.05.09-21.36.52:216][  0]LogDerivedDataCache: Using Local data cache path C:/Users/magi1/AppData/Local/UnrealEngine/Common/DerivedDataCache: Writable
[2021.05.09-21.36.53:957][  0]LogMeshUtilities: No automatic mesh reduction module available
[2021.05.09-21.36.53:957][  0]LogMeshUtilities: No automatic mesh merging module available
[2021.05.09-21.36.55:386][  0]LogInit: WinSock: version 1.1 (2.2), MaxSocks=32767, MaxUdp=65467
[2021.05.09-21.36.55:678][  0]LogSlate:Warning: Failed to load font data from '../../../Engine/Content/Slate/Fonts/Roboto-Italic.ttf'
[2021.05.09-21.36.59:028][  0]UdpMessaging: Initializing bridge on interface 0.0.0.0:0 to multicast group 230.0.0.1:6666.
[2021.05.09-21.36.59:772][  0]SourceControl: 情報 ソースコントロールは無効です
[2021.05.09-21.36.59:774][  0]SourceControl: 情報 ソースコントロールは無効です
[2021.05.09-21.36.59:774][  0]SourceControl: 情報 ソースコントロールは無効です
[2021.05.09-21.36.59:774][  0]LogSourceControl: RunCommandInternalRaw: 'git version'
[2021.05.09-21.36.59:775][  0]LogSourceControl: RunCommandInternalRaw: ExecProcess ReturnCode=2 OutResults=''
[2021.05.09-21.36.59:821][  0]SourceControl: 情報 ソースコントロールは無効です
[2021.05.09-21.37.00:646][  0]LogObj: 24232 objects as part of root set at end of initial load.
[2021.05.09-21.37.00:646][  0]LogUObjectAllocator: 5137176 out of 0 bytes used by permanent object pool.
[2021.05.09-21.37.00:900][  0]LogEngine: Initializing Engine...
[2021.05.09-21.37.03:585][  0]LogInit: XAudio2 using 'スピーカー (Realtek(R) Audio)' : 2 channels at 48 kHz using 32 bits per sample (channel mask 0x3)
[2021.05.09-21.37.03:826][  0]LogInit: FAudioDevice initialized.
[2021.05.09-21.37.04:066][  0]LogAIModule: Creating AISystem for world NewWorld
[2021.05.09-21.37.04:100][  0]LogDerivedDataCache: Saved boot cache 0.03s 39MB C:/Users/magi1/AppData/Local/UnrealEngine/4.7/DerivedDataCache/Boot.ddc.
[2021.05.09-21.37.04:105][  0]LogInit: Texture streaming: Enabled
[2021.05.09-21.37.04:366][  0]LogAnalytics: Creating configured Analytics provider AnalyticsET
[2021.05.09-21.37.04:366][  0]LogAnalytics: ET APIKey = Rocket.Release. APIServer = http://et2.epicgames.com/ET2/. AppVersion = 4.7.6-2513093+++depot+UE4-Releases+4.7
[2021.05.09-21.37.04:367][  0]LogAnalytics: ET APIKey = Rocket.Release. DataRouterUploadURL = https://datarouter-public-service-gamedev.ol.epicgames.net/datarouter/api/v1/public/data. AppVersion = 4.7.6-2513093+++depot+UE4-Releases+4.7
[2021.05.09-21.37.04:367][  0]LogAnalytics: SetUserId 144e59504b07e7078f7f9fbff0f199ea|e89bcdc3dddd40638ff112a71cef8e67|badf8662-73b2-480e-8b08-9b9fdfc993be
[2021.05.09-21.37.04:368][  0]LogAnalytics: AnalyticsET::StartSession [Rocket.Release]
[2021.05.09-21.37.04:469][  0]LogInit: Transaction tracking system initialized
[2021.05.09-21.37.05:031][  0]BlueprintLog: New page: エディタの読み込み
[2021.05.09-21.37.05:130][  0]LogAssetRegistry: FAssetRegistry took 0.0140 seconds to start up
[2021.05.09-21.37.05:131][  0]LogDirectoryWatcher:Warning: Failed to begin reading directory changes for ../../../Engine/Plugins/Experimental/CharacterAI/Content/. Error: 0
[2021.05.09-21.37.06:429][  0]LogTargetPlatformManager:Display: Building Assets For Windows
[2021.05.09-21.37.07:217][  0]LogTargetPlatformManager:Display: Building Assets For Windows
[2021.05.09-21.37.08:065][  0]LogSlate:Warning: Failed to load font data from '../../../Engine/Content/Editor/Slate/Fonts/Roboto-Regular.ttf'
[2021.05.09-21.37.08:067][  0]LogSlate:Warning: Failed to load font data from '../../../Engine/Content/Editor/Slate/Fonts/Roboto-Bold.ttf'
[2021.05.09-21.37.08:086][  0]LogConsoleResponse:Display: 
[2021.05.09-21.37.08:498][  0]LogCook:Display: Done creating registry. It took  0.00s.
[2021.05.09-21.37.09:040][  0]SourceControl: 情報 ソースコントロールは無効です
[2021.05.09-21.37.09:043][  0]Cmd: MAP LOAD FILE="../../../../../../Users/magi1/Documents/PaperNinja_FirstTime/PaperNinja/Content/StarterContent/Maps/Minimal_Default.umap" TEMPLATE=0 SHOWPROGRESS=1 FEATURELEVEL=3
[2021.05.09-21.37.09:045][  0]LightingResults: New page: ライティングのビルド
[2021.05.09-21.37.09:089][  0]MapCheck: New page: マップをチェック
[2021.05.09-21.37.09:089][  0]LightingResults: New page: <何も選択されていません>
[2021.05.09-21.37.09:106][  0]LogParticles: Destroying 0 GPU particle simulations for FXSystem 0x0000018BF8840E00
[2021.05.09-21.37.11:544][  0]LogEditorServer: Finished looking for orphan Actors (0.000 secs)
[2021.05.09-21.37.11:591][  0]LogAIModule: Creating AISystem for world Minimal_Default
[2021.05.09-21.37.11:593][  0]Cmd: MAP CHECKDEP
[2021.05.09-21.37.11:593][  0]MapCheck: New page: Minimal_Default - 2021/05/10 15:37:11
[2021.05.09-21.37.11:865][  0]MapCheck: 情報 マップチェックが完了: 0 エラー、 0 警告、完了に 272.051ミリ秒かかりました。
[2021.05.09-21.37.11:870][  0]LogFileHelpers: Loading map 'Minimal_Default' took 2.829
[2021.05.09-21.37.12:305][  0]LogCollectionManager: Loaded 0 collections in 0.004696 seconds
[2021.05.09-21.37.12:326][  0]LogContentBrowser: Native class hierarchy populated in 0.0207 seconds. Added 1696 classes and 261 folders.
[2021.05.09-21.37.12:453][  0]LogContentBrowser: Native class hierarchy updated for 'SceneOutliner' in 0.0069 seconds. Added 1 classes and 2 folders.
[2021.05.09-21.37.12:544][  0]LogContentBrowser: Native class hierarchy updated for 'WorldBrowser' in 0.0071 seconds. Added 1 classes and 3 folders.
[2021.05.09-21.37.12:831][  0]LogCrashTracker: Crashtracker disabled due to settings.
[2021.05.09-21.37.12:839][  0]LogSlate:Warning: Failed to load font data from 'Veranda'
[2021.05.09-21.37.12:863][  0]LogUObjectGlobals:Warning: オブジェクト 'Class なし.' が見つかりませんでした
[2021.05.09-21.37.12:906][  0]LogLoad: Full Startup: 34.16 seconds (BP compile: 0.30 seconds)
[2021.05.09-21.37.13:902][  0]LogRenderer:Warning: Reallocating scene render targets to support 32x32 (Frame:2).
[2021.05.09-21.37.14:175][  0]LogRenderer:Warning: Reallocating scene render targets to support 1200x576 (Frame:3).
[2021.05.09-21.37.14:284][  1]LogContentBrowser:Verbose: The content browser source was changed by the sources view to '/Game/Characters'
[2021.05.09-21.37.18:935][ 15]LogAssetRegistry: Asset discovery search completed in 13.8197 seconds
[2021.05.09-21.40.01:936][536]Cmd: MAP LOAD FILE="../../../Engine/Content/Maps/Templates/Template_Default.umap" TEMPLATE=1 SHOWPROGRESS=1 FEATURELEVEL=3
[2021.05.09-21.40.02:033][536]LightingResults: New page: ライティングのビルド
[2021.05.09-21.40.02:256][536]LoadErrors: New page: マップをロード中: Template_Default.umap
[2021.05.09-21.40.02:264][536]MapCheck: New page: マップをチェック
[2021.05.09-21.40.02:265][536]LightingResults: New page: <何も選択されていません>
[2021.05.09-21.40.02:301][536]LogParticles: Destroying 0 GPU particle simulations for FXSystem 0x0000018BEF8047C0
[2021.05.09-21.40.02:459][536]LogEditorServer: Finished looking for orphan Actors (0.000 secs)
[2021.05.09-21.40.02:472][536]LogAIModule: Creating AISystem for world Untitled_1
[2021.05.09-21.40.02:518][536]Cmd: MAP CHECKDEP
[2021.05.09-21.40.02:518][536]MapCheck: New page: Untitled_1 - 2021/05/10 15:40:02
[2021.05.09-21.40.02:853][536]MapCheck: 情報 マップチェックが完了: 0 エラー、 0 警告、完了に 334.989ミリ秒かかりました。
[2021.05.09-21.40.02:853][536]LogFileHelpers: Loading map 'Template_Default' took 0.923
[2021.05.09-21.40.26:857][697]LogSavePackage: Save=62.875401ms
[2021.05.09-21.40.26:857][697]LogSavePackage: Moving '../../../../../../Users/magi1/Documents/PaperNinja_FirstTime/PaperNinja/Saved/Test_TriggerC0A59599457869D2586E7D9E874E5171.tmp' to '../../../../../../Users/magi1/Documents/PaperNinja_FirstTime/PaperNinja/Content/Maps/Test/Test_Trigger.umap'
[2021.05.09-21.40.26:969][697]LogFileHelpers: Saving map 'Test_Trigger' took 1.143
[2021.05.09-21.40.28:698][750]LogContentBrowser:Verbose: The content browser source was changed by the sources view to '/Game/Maps'
[2021.05.09-21.40.30:232][789]LogContentBrowser:Verbose: The content browser source was changed by the sources view to '/Game/Maps/Test'
[2021.05.09-21.40.36:832][963]LogContentBrowser:Verbose: The content browser source was changed by the sources view to '/Game/Characters'
[2021.05.09-21.40.40:998][ 39]LogContentBrowser:Verbose: The content browser source was changed by the sources view to '/Game/Blueprints'
[2021.05.09-21.40.46:963][ 94]LogContentBrowser:Verbose: The content browser source was changed by the sources view to '/Game/Characters'
[2021.05.09-21.42.34:009][657]BlueprintLog: New page: PNPlayerPawn をコンパイル
[2021.05.09-21.42.34:320][657]BlueprintEditorCompileResults: 情報 [0355.58] PNPlayerPawn のコンパイルに成功しました！  [ 310 ミリ秒]
[2021.05.09-21.42.36:141][718]Cmd: OBJ SAVEPACKAGE PACKAGE="/Game/Blueprints/PNPlayerPawn" FILE="../../../../../../Users/magi1/Documents/PaperNinja_FirstTime/PaperNinja/Content/Blueprints/PNPlayerPawn.uasset" SILENT=true
[2021.05.09-21.42.37:059][718]LogSavePackage: Save=819.816772ms
[2021.05.09-21.42.37:059][718]LogSavePackage: Moving '../../../../../../Users/magi1/Documents/PaperNinja_FirstTime/PaperNinja/Saved/PNPlayerPawnF13CD9DB4DB64B12CA6BC0A4F53AAD0F.tmp' to '../../../../../../Users/magi1/Documents/PaperNinja_FirstTime/PaperNinja/Content/Blueprints/PNPlayerPawn.uasset'
[2021.05.09-21.44.02:987][142]LogEditorViewport: Clicking on Actor (LMB): StaticMeshActor (Floor)
[2021.05.09-21.44.33:340][736]Cmd: DELETE
[2021.05.09-21.44.33:340][736]Cmd: ACTOR DELETE
[2021.05.09-21.44.33:343][736]LogEditorActor: Deleted Actor: TriggerBox
[2021.05.09-21.44.33:345][736]LogEditorActor: Deleted Actor: TriggerBox
[2021.05.09-21.44.33:347][736]LogEditorActor: Deleted Actor: TriggerBox
[2021.05.09-21.44.33:349][736]LogActorComponent: UnregisterComponent: (/Engine/Transient.CharMoveComp) Not registered. Aborting.
[2021.05.09-21.44.33:377][736]LogEditorActor: Deleted 3 Actors (0.035 secs)
[2021.05.09-21.44.41:732][975]LogContentBrowser:Verbose: The content browser source was changed by the sources view to '/Game/StarterContent'
[2021.05.09-21.44.51:498][165]LogContentBrowser:Verbose: The content browser source was changed by the sources view to '/Game/StarterContent/Shapes'
[2021.05.09-21.44.53:657][197]LogContentBrowser:Verbose: The content browser source was changed by the sources view to '/Game/StarterContent/Textures'
[2021.05.09-21.44.56:710][243]LogContentBrowser:Verbose: The content browser source was changed by the sources view to '/Game/StarterContent/Materials'
[2021.05.09-21.44.59:616][310]LogContentBrowser:Verbose: The content browser source was changed by the sources view to '/Game/StarterContent/Maps'
[2021.05.09-21.45.00:722][360]LogContentBrowser:Verbose: The content browser source was changed by the sources view to '/Game/StarterContent/HDRI'
[2021.05.09-21.45.02:147][404]LogContentBrowser:Verbose: The content browser source was changed by the sources view to '/Game/StarterContent/Blueprints'
[2021.05.09-21.45.12:849][623]LogContentBrowser:Verbose: The content browser source was changed by the sources view to '/Game/StarterContent/Particles'
[2021.05.09-21.45.27:750][875]LogTexture:Display: テクスチャをビルド中: T_Fire_SubUV (AutoDXT)
[2021.05.09-21.45.28:090][875]LogTexture:Display: テクスチャをビルド中: T_Fire_Tiled_D (AutoDXT)
[2021.05.09-21.45.28:405][875]LogMaterial: Missing cached shader map for material M_Fire_SubUV, compiling. 
[2021.05.09-21.45.28:544][875]LogTexture:Display: テクスチャをビルド中: T_Water_N (BC5)
[2021.05.09-21.45.29:118][875]LogMaterial: Missing cached shader map for material M_Heat_Distortion, compiling. 
[2021.05.09-21.45.29:140][875]LogMaterial: Missing cached shader map for material M_Radial_Gradient, compiling. 
[2021.05.09-21.45.29:399][875]LogTexture:Display: テクスチャをビルド中: T_Smoke_SubUV (AutoDXT)
[2021.05.09-21.45.32:867][875]LogTexture:Display: テクスチャをビルド中: T_Smoke_Tiled_D (AutoDXT)
[2021.05.09-21.45.32:923][875]LogMaterial: Missing cached shader map for material M_smoke_subUV, compiling. 
[2021.05.09-21.45.33:032][875]LogTexture:Display: テクスチャをビルド中: ThumbnailTexture (DXT1)
[2021.05.09-21.47.14:328][408]Cmd: DELETE
[2021.05.09-21.47.14:328][408]Cmd: ACTOR DELETE
[2021.05.09-21.47.14:330][408]LogEditorActor: Deleted Actor: TriggerBox
[2021.05.09-21.47.14:334][408]LogEditorActor: Deleted Actor: TriggerBox
[2021.05.09-21.47.14:338][408]LogActorComponent: UnregisterComponent: (/Engine/Transient.CharMoveComp) Not registered. Aborting.
[2021.05.09-21.47.14:388][408]LogEditorActor: Deleted 2 Actors (0.060 secs)
[2021.05.09-21.49.43:234][844]BlueprintLog: New page: Test_Trigger をコンパイル
[2021.05.09-21.49.43:368][844]BlueprintEditorCompileResults: 情報 [0784.62] Test_Trigger のコンパイルに成功しました！  [ 133 ミリ秒]
[2021.05.09-21.49.52:212][ 89]LogSavePackage: Save=300.470490ms
[2021.05.09-21.49.52:212][ 89]LogSavePackage: Moving '../../../../../../Users/magi1/Documents/PaperNinja_FirstTime/PaperNinja/Saved/Test_Trigger5D20FAE2438C26B6428D86A972D002E6.tmp' to '../../../../../../Users/magi1/Documents/PaperNinja_FirstTime/PaperNinja/Content/Maps/Test/Test_Trigger.umap'
[2021.05.09-21.49.53:266][117]BlueprintLog: New page: PIE以前の自動再コンパイル
[2021.05.09-21.49.53:272][117]LogPlayLevel: [PIE] Compiling Test_Trigger before PIE...
[2021.05.09-21.49.53:415][117]LogPlayLevel: PIE:  Blueprint regeneration took 149 ms (1 blueprints)
[2021.05.09-21.49.53:415][117]PIE: New page: PIEセッション: Test_Trigger (2021/05/10 15:49:53)
[2021.05.09-21.49.53:424][117]LogPlayLevel: PIE: StaticDuplicateObject took: (0.008049s)
[2021.05.09-21.49.53:425][117]LogPlayLevel: PIE: World Init took: (0.001043s)
[2021.05.09-21.49.53:426][117]LogPlayLevel: PIE: Created PIE world by copying editor world from /Game/Maps/Test/Test_Trigger.Test_Trigger to /Game/Maps/Test/UEDPIE_0_Test_Trigger.Test_Trigger (0.009551s)
[2021.05.09-21.49.53:660][117]LogWorld: Game class is 'PNGameMode_C'
[2021.05.09-21.49.53:675][117]LogAIModule: Creating AISystem for world Test_Trigger
[2021.05.09-21.49.53:687][117]LogWorld: Bringing World /Game/Maps/Test/UEDPIE_0_Test_Trigger.Test_Trigger up for play (max tick rate 60) at 2021.05.10-06.49.53
[2021.05.09-21.49.53:690][117]LogWorld: Bringing up level for play took: 0.013590
[2021.05.09-21.49.53:703][117]PIE: 情報 /Game/Maps/Test/UEDPIE_0_Test_Trigger 0.397のPIE開始時間
[2021.05.09-21.50.03:476][412]LogBlueprintUserMessages: Died!
[2021.05.09-21.50.09:738][600]LogBlueprintUserMessages: Died!
[2021.05.09-21.50.13:573][706]LogParticles: Destroying 0 GPU particle simulations for FXSystem 0x0000018BED9F5940
[2021.05.09-21.51.59:405][835]LogContentBrowser:Verbose: The content browser source was changed by the sources view to 'None'
[2021.05.09-21.51.59:406][835]LogContentBrowser:Verbose: The content browser source was changed by the sources view to '/Game/Blueprints'
[2021.05.09-21.52.03:724][963]LogRenderer:Warning: Reallocating scene render targets to support 1200x904 (Frame:12736).
[2021.05.09-21.53.52:433][215]LogWindows:Error: Windows GetLastError: この操作を正しく終了しました。 (0)
[2021.05.09-21.53.52:441][215]LogCrashTracker: 


[2021.05.09-21.54.09:033][215]LogCrashTracker: 


[2021.05.09-21.54.09:034][215]LogWindows: === Critical error: ===
Assertion failed: !bIsChangingText [File:D:\BuildFarm\buildmachine_++depot+UE4-Releases+4.7\Engine\Source\Runtime\Slate\Private\Widgets\Text\SMultiLineEditableText.cpp] [Line: 559] 



KERNELBASE.dll!UnknownFunction (0x00007fff9ec44b89) + 0 bytes [UnknownFile:0]
UE4Editor-Core.dll!FOutputDeviceWindowsError::Serialize() (0x00007fff1c758074) + 0 bytes [d:\buildfarm\buildmachine_++depot+ue4-releases+4.7\engine\source\runtime\core\private\windows\windowsplatformoutputdevices.cpp:95]
UE4Editor-Core.dll!FOutputDevice::Logf__VA() (0x00007fff1c5d7878) + 159 bytes [d:\buildfarm\buildmachine_++depot+ue4-releases+4.7\engine\source\runtime\core\private\misc\outputdevice.cpp:144]
UE4Editor-Core.dll!FDebug::AssertFailed() (0x00007fff1c5b8b17) + 62 bytes [d:\buildfarm\buildmachine_++depot+ue4-releases+4.7\engine\source\runtime\core\private\misc\outputdevice.cpp:224]
UE4Editor-Slate.dll!SMultiLineEditableText::StartChangingText() (0x00007fff1c225d16) + 0 bytes [d:\buildfarm\buildmachine_++depot+ue4-releases+4.7\engine\source\runtime\slate\private\widgets\text\smultilineeditabletext.cpp:563]
UE4Editor-Slate.dll!FTextEditHelper::OnKeyChar() (0x00007fff1c11b49d) + 32 bytes [d:\buildfarm\buildmachine_++depot+ue4-releases+4.7\engine\source\runtime\slate\private\framework\text\textedithelper.cpp:86]
UE4Editor-Slate.dll!SMultiLineEditableText::OnKeyChar() (0x00007fff1c21dba3) + 77 bytes [d:\buildfarm\buildmachine_++depot+ue4-releases+4.7\engine\source\runtime\slate\private\widgets\text\smultilineeditabletext.cpp:2306]
UE4Editor-Slate.dll!<lambda_f4267d5369f6530713340915266300fb>::operator()() (0x00007fff1bffde22) + 38 bytes [d:\buildfarm\buildmachine_++depot+ue4-releases+4.7\engine\source\runtime\slate\private\framework\application\slateapplication.cpp:3504]
UE4Editor-Slate.dll!FEventRouter::Route<FReply,FEventRouter::FBubblePolicy,FCharacterEvent,<lambda_f4267d5369f6530713340915266300fb> >() (0x00007fff1bfb6c9d) + 29 bytes [d:\buildfarm\buildmachine_++depot+ue4-releases+4.7\engine\source\runtime\slate\private\framework\application\slateapplication.cpp:202]
UE4Editor-Slate.dll!FEventRouter::RouteAlongFocusPath<FEventRouter::FBubblePolicy,<lambda_f4267d5369f6530713340915266300fb>,FCharacterEvent>() (0x00007fff1bfb8ace) + 34 bytes [d:\buildfarm\buildmachine_++depot+ue4-releases+4.7\engine\source\runtime\slate\private\framework\application\slateapplication.cpp:184]
UE4Editor-Slate.dll!FSlateApplication::ProcessKeyCharEvent() (0x00007fff1c063a74) + 150 bytes [d:\buildfarm\buildmachine_++depot+ue4-releases+4.7\engine\source\runtime\slate\private\framework\application\slateapplication.cpp:3505]
UE4Editor-Slate.dll!FSlateApplication::OnKeyChar() (0x00007fff1c053633) + 14 bytes [d:\buildfarm\buildmachine_++depot+ue4-releases+4.7\engine\source\runtime\slate\private\framework\application\slateapplication.cpp:3485]
UE4Editor-Core.dll!FWindowsApplication::ProcessDeferredMessage() (0x00007fff1c6b3008) + 0 bytes [d:\buildfarm\buildmachine_++depot+ue4-releases+4.7\engine\source\runtime\core\private\windows\windowsapplication.cpp:1149]
UE4Editor-Core.dll!FWindowsApplication::DeferMessage() (0x00007fff1c6a5d2e) + 74 bytes [d:\buildfarm\buildmachine_++depot+ue4-releases+4.7\engine\source\runtime\core\private\windows\windowsapplication.cpp:1669]
UE4Editor-Core.dll!FWindowsApplication::ProcessMessage() (0x00007fff1c6b4d50) + 41 bytes [d:\buildfarm\buildmachine_++depot+ue4-releases+4.7\engine\source\runtime\core\private\windows\windowsapplication.cpp:742]
UE4Editor-Core.dll!FWindowsApplication::AppWndProc() (0x00007fff1c6a3192) + 0 bytes [d:\buildfarm\buildmachine_++depot+ue4-releases+4.7\engine\source\runtime\core\private\windows\windowsapplication.cpp:604]
USER32.dll!UnknownFunction (0x00007fff9fede858) + 0 bytes [UnknownFile:0]
USER32.dll!UnknownFunction (0x00007fff9fede299) + 0 bytes [UnknownFile:0]
UE4Editor-Core.dll!FWindowsPlatformMisc::PumpMessages() (0x00007fff1c753ec6) + 48 bytes [d:\buildfarm\buildmachine_++depot+ue4-releases+4.7\engine\source\runtime\core\private\windows\windowsplatformmisc.cpp:774]
UE4Editor.exe!FEngineLoop::Tick() (0x00007ff6669500a9) + 8 bytes [d:\buildfarm\buildmachine_++depot+ue4-releases+4.7\engine\source\runtime\launch\private\launchengineloop.cpp:2233]
UE4Editor.exe!GuardedMain() (0x00007ff66694267c) + 0 bytes [d:\buildfarm\buildmachine_++depot+ue4-releases+4.7\engine\source\runtime\launch\private\launch.cpp:142]
UE4Editor.exe!GuardedMainWrapper() (0x00007ff6669426ea) + 5 bytes [d:\buildfarm\buildmachine_++depot+ue4-releases+4.7\engine\source\runtime\launch\private\windows\launchwindows.cpp:126]
UE4Editor.exe!WinMain() (0x00007ff666952219) + 17 bytes [d:\buildfarm\buildmachine_++depot+ue4-releases+4.7\engine\source\runtime\launch\private\windows\launchwindows.cpp:202]
UE4Editor.exe!__tmainCRTStartup() (0x00007ff666953159) + 21 bytes [f:\dd\vctools\crt\crtw32\dllstuff\crtexe.c:618]
KERNEL32.DLL!UnknownFunction (0x00007fffa0577034) + 0 bytes [UnknownFile:0]
ntdll.dll!UnknownFunction (0x00007fffa14a2651) + 0 bytes [UnknownFile:0]
ntdll.dll!UnknownFunction (0x00007fffa14a2651) + 0 bytes [UnknownFile:0]


[2021.05.09-21.54.09:235][215]LogExit: Executing StaticShutdownAfterError
[2021.05.09-21.54.09:249][215]LogWindows: FPlatformMisc::RequestExit(1)
[2021.05.09-21.54.09:249][215]Log file closed, 05/10/21 06:54:09
