Log file open, 06/06/21 08:45:43
LogInit:Display: Running engine for game: PaperNinja
LogInit: Version: 4.7.6-2513093+++depot+UE4-Releases+4.7
LogInit: API Version: 2455222
LogInit: Compiled (64-bit): Apr 15 2015 12:09:54
LogInit: Compiled with Visual C++: 18.00.21005.01
LogInit: Build Configuration: Development
LogInit: Branch Name: ++depot+UE4-Releases+4.7
LogInit: Command line:  
LogInit: Base directory: C:/Program Files/Epic Games/UE_4.7/Engine/Binaries/Win64/
LogInit: Rocket: 1
[2021.06.05-23.45.43:339][  0]LogTaskGraph: Started task graph with 3 named threads and 8 total threads.
[2021.06.05-23.45.43:423][  0]LogOnline:Warning: No default platform service specified for OnlineSubsystem
[2021.06.05-23.45.43:446][  0]LogInit: Presizing for 0 objects not considered by GC, pre-allocating 0 bytes.
[2021.06.05-23.45.43:453][  0]LogInit: Object subsystem initialized
[2021.06.05-23.45.43:455][  0]LogConsoleResponse:Warning: Skipping Unknown console variable: 'TranslucentSortAxis = (X=0.000000,Y=-1.000000,Z=0.000000)'
[2021.06.05-23.45.43:455][  0]LogConsoleResponse:Warning:   Found in ini file 'C:/Users/magi1/Documents/PaperNinja_FirstTime/PaperNinja/Saved/Config/Windows/Engine.ini', in section '[/Script/Engine.RendererSettings]'
[2021.06.05-23.45.43:455][  0]LogConsoleResponse:Warning: Skipping Unknown console variable: 'UIScaleRule = ShortestSide'
[2021.06.05-23.45.43:455][  0]LogConsoleResponse:Warning:   Found in ini file 'C:/Users/magi1/Documents/PaperNinja_FirstTime/PaperNinja/Saved/Config/Windows/Engine.ini', in section '[/Script/Engine.RendererSettings]'
[2021.06.05-23.45.43:455][  0]LogConsoleResponse:Warning: Skipping Unknown console variable: 'UIScaleCurve = (EditorCurveData=(Keys=),ExternalCurve=None)'
[2021.06.05-23.45.43:455][  0]LogConsoleResponse:Warning:   Found in ini file 'C:/Users/magi1/Documents/PaperNinja_FirstTime/PaperNinja/Saved/Config/Windows/Engine.ini', in section '[/Script/Engine.RendererSettings]'
[2021.06.05-23.45.43:456][  0]LogInit: Selected Device Profile: [Windows]
[2021.06.05-23.45.43:456][  0]LogInit: Applying CVar settings loaded from the selected device profile: [Windows]
[2021.06.05-23.45.43:463][  0]LogInit: Computer: DESKTOP-QG331CQ
[2021.06.05-23.45.43:463][  0]LogInit: User: magi1
[2021.06.05-23.45.43:463][  0]LogInit: CPU Page size=4096, Cores=6
[2021.06.05-23.45.43:463][  0]LogInit: High frequency timer resolution =10.000000 MHz
[2021.06.05-23.45.43:463][  0]LogMemory: Memory total: Physical=15.9GB (16GB approx) Virtual=131072.0GB
[2021.06.05-23.45.43:463][  0]LogMemory: Platform Memory Stats for Windows
[2021.06.05-23.45.43:463][  0]LogMemory: Process Physical Memory: 49.93 MB used, 49.94 MB peak
[2021.06.05-23.45.43:463][  0]LogMemory: Process Virtual Memory: 26.81 MB used, 26.82 MB peak
[2021.06.05-23.45.43:463][  0]LogMemory: Physical Memory: 8610.72 MB used, 16239.85 MB total
[2021.06.05-23.45.43:463][  0]LogMemory: Virtual Memory: 4432.94 MB used, 134217728.00 MB total
[2021.06.05-23.45.43:607][  0]LogD3D11RHI: Found D3D11 adapter 0: NVIDIA GeForce RTX 2080 (Feature Level 11_0)
[2021.06.05-23.45.43:607][  0]LogD3D11RHI: Adapter has 8010MB of dedicated video memory, 0MB of dedicated system memory, and 8119MB of shared system memory, 2 output[s]
[2021.06.05-23.45.43:647][  0]LogD3D11RHI: Found D3D11 adapter 1: Intel(R) UHD Graphics 630 (Feature Level 11_0)
[2021.06.05-23.45.43:647][  0]LogD3D11RHI: Adapter has 128MB of dedicated video memory, 0MB of dedicated system memory, and 8119MB of shared system memory, 0 output[s]
[2021.06.05-23.45.43:650][  0]LogD3D11RHI: Found D3D11 adapter 2: Microsoft Basic Render Driver (Feature Level 11_0)
[2021.06.05-23.45.43:650][  0]LogD3D11RHI: Adapter has 0MB of dedicated video memory, 0MB of dedicated system memory, and 8119MB of shared system memory, 0 output[s]
[2021.06.05-23.45.43:650][  0]LogD3D11RHI: Chosen D3D11 Adapter Id = 0
[2021.06.05-23.45.43:657][  0]LogRHI: Texture pool is 1361 MB (70% of 1945 MB)
[2021.06.05-23.45.43:747][  0]LogD3D11RHI: Async texture creation enabled
[2021.06.05-23.45.43:862][  0]LogTextLocalizationManager: The requested culture ('ja_JP') has no localization data; parent culture's ('ja') localization data will be used.
[2021.06.05-23.45.43:916][  0]LogTextLocalizationManager:Warning: Loading localization resources contain conflicting entries for (Namespace:UICommands, Key:Save_ToolTip):
Resource: (C:/Program Files/Epic Games/UE_4.7/Engine/Content/Localization/Editor/ja/Editor.locres) Hash: (-29098895) String: (現行レベルをディスクに保存)
Resource: (C:/Program Files/Epic Games/UE_4.7/Engine/Content/Localization/Engine/ja/Engine.locres) Hash: (-1280300587) String: (選択データをvlogファイルに保存)
[2021.06.05-23.45.43:916][  0]LogTextLocalizationManager:Warning: Loading localization resources contain conflicting entries for (Namespace:ContentBrowser, Key:ImportAssetToolTip):
Resource: (C:/Program Files/Epic Games/UE_4.7/Engine/Content/Localization/Editor/ja/Editor.locres) Hash: (-630476809) String: ({0} にインポート...)
Resource: (C:/Program Files/Epic Games/UE_4.7/Engine/Content/Localization/Editor/ja/Editor.locres) Hash: (1271782899) String: (このフォルダへファイルからアセットをインポート)
[2021.06.05-23.45.43:988][  0]LogContentStreaming: Texture pool size is 0.000000MB
[2021.06.05-23.45.46:247][  0]LogTargetPlatformManager:Display: Building Assets For Windows
[2021.06.05-23.45.46:837][  0]LogTargetPlatformManager:Display: Building Assets For Windows
[2021.06.05-23.45.46:910][  0]LogDerivedDataCache:Display: Max Cache Size: 512 MB
[2021.06.05-23.45.46:944][  0]LogDerivedDataCache: Loaded boot cache 0.03s 39MB C:/Users/magi1/AppData/Local/UnrealEngine/4.7/DerivedDataCache/Boot.ddc.
[2021.06.05-23.45.46:944][  0]LogDerivedDataCache:Display: Loaded Boot cache: C:/Users/magi1/AppData/Local/UnrealEngine/4.7/DerivedDataCache/Boot.ddc
[2021.06.05-23.45.46:944][  0]LogDerivedDataCache: FDerivedDataBackendGraph:  Pak pak cache file ../../../../../../Users/magi1/Documents/PaperNinja_FirstTime/PaperNinja/DerivedDataCache/DDC.ddp not found, will not use a pak cache.
[2021.06.05-23.45.46:944][  0]LogDerivedDataCache: Unable to find inner node Pak for hierarchical cache Hierarchy.
[2021.06.05-23.45.47:047][  0]LogDerivedDataCache:Display: Pak cache opened for reading ../../../Engine/DerivedDataCache/Compressed.ddp.
[2021.06.05-23.45.47:060][  0]LogDerivedDataCache: Using Local data cache path C:/Users/magi1/AppData/Local/UnrealEngine/Common/DerivedDataCache: Writable
[2021.06.05-23.45.47:346][  0]LogMeshUtilities: No automatic mesh reduction module available
[2021.06.05-23.45.47:346][  0]LogMeshUtilities: No automatic mesh merging module available
[2021.06.05-23.45.47:724][  0]LogInit: WinSock: version 1.1 (2.2), MaxSocks=32767, MaxUdp=65467
[2021.06.05-23.45.47:870][  0]LogSlate:Warning: Failed to load font data from '../../../Engine/Content/Slate/Fonts/Roboto-Italic.ttf'
[2021.06.05-23.45.48:783][  0]UdpMessaging: Initializing bridge on interface 0.0.0.0:0 to multicast group 230.0.0.1:6666.
[2021.06.05-23.45.49:067][  0]SourceControl: 情報 ソースコントロールは無効です
[2021.06.05-23.45.49:067][  0]SourceControl: 情報 ソースコントロールは無効です
[2021.06.05-23.45.49:067][  0]SourceControl: 情報 ソースコントロールは無効です
[2021.06.05-23.45.49:067][  0]LogSourceControl: RunCommandInternalRaw: 'git version'
[2021.06.05-23.45.49:067][  0]LogSourceControl: RunCommandInternalRaw: ExecProcess ReturnCode=2 OutResults=''
[2021.06.05-23.45.49:079][  0]SourceControl: 情報 ソースコントロールは無効です
[2021.06.05-23.45.49:350][  0]LogObj: 24232 objects as part of root set at end of initial load.
[2021.06.05-23.45.49:350][  0]LogUObjectAllocator: 5137176 out of 0 bytes used by permanent object pool.
[2021.06.05-23.45.49:440][  0]LogEngine: Initializing Engine...
[2021.06.05-23.45.51:633][  0]LogInit: XAudio2 using 'LCD-MF211X (NVIDIA High Definition Audio)' : 2 channels at 48 kHz using 16 bits per sample (channel mask 0x3)
[2021.06.05-23.45.51:652][  0]LogInit: FAudioDevice initialized.
[2021.06.05-23.45.51:712][  0]LogAIModule: Creating AISystem for world NewWorld
[2021.06.05-23.45.51:738][  0]LogDerivedDataCache: Saved boot cache 0.02s 39MB C:/Users/magi1/AppData/Local/UnrealEngine/4.7/DerivedDataCache/Boot.ddc.
[2021.06.05-23.45.51:743][  0]LogInit: Texture streaming: Enabled
[2021.06.05-23.45.51:846][  0]LogAnalytics: Creating configured Analytics provider AnalyticsET
[2021.06.05-23.45.51:846][  0]LogAnalytics: ET APIKey = Rocket.Release. APIServer = http://et2.epicgames.com/ET2/. AppVersion = 4.7.6-2513093+++depot+UE4-Releases+4.7
[2021.06.05-23.45.51:846][  0]LogAnalytics: ET APIKey = Rocket.Release. DataRouterUploadURL = https://datarouter-public-service-gamedev.ol.epicgames.net/datarouter/api/v1/public/data. AppVersion = 4.7.6-2513093+++depot+UE4-Releases+4.7
[2021.06.05-23.45.51:846][  0]LogAnalytics: SetUserId 144e59504b07e7078f7f9fbff0f199ea|e89bcdc3dddd40638ff112a71cef8e67|badf8662-73b2-480e-8b08-9b9fdfc993be
[2021.06.05-23.45.51:847][  0]LogAnalytics: AnalyticsET::StartSession [Rocket.Release]
[2021.06.05-23.45.51:918][  0]LogInit: Transaction tracking system initialized
[2021.06.05-23.45.52:204][  0]BlueprintLog: New page: エディタの読み込み
[2021.06.05-23.45.52:258][  0]LogAssetRegistry: FAssetRegistry took 0.0106 seconds to start up
[2021.06.05-23.45.52:258][  0]LogDirectoryWatcher:Warning: Failed to begin reading directory changes for ../../../Engine/Plugins/Experimental/CharacterAI/Content/. Error: 0
[2021.06.05-23.45.52:969][  0]LogTargetPlatformManager:Display: Building Assets For Windows
[2021.06.05-23.45.53:373][  0]LogTargetPlatformManager:Display: Building Assets For Windows
[2021.06.05-23.45.53:782][  0]LogSlate:Warning: Failed to load font data from '../../../Engine/Content/Editor/Slate/Fonts/Roboto-Regular.ttf'
[2021.06.05-23.45.53:782][  0]LogSlate:Warning: Failed to load font data from '../../../Engine/Content/Editor/Slate/Fonts/Roboto-Bold.ttf'
[2021.06.05-23.45.53:788][  0]LogConsoleResponse:Display: 
[2021.06.05-23.45.53:933][  0]LogCook:Display: Done creating registry. It took  0.00s.
[2021.06.05-23.45.54:172][  0]SourceControl: 情報 ソースコントロールは無効です
[2021.06.05-23.45.54:172][  0]Cmd: MAP LOAD FILE="../../../../../../Users/magi1/Documents/PaperNinja_FirstTime/PaperNinja/Content/StarterContent/Maps/Minimal_Default.umap" TEMPLATE=0 SHOWPROGRESS=1 FEATURELEVEL=3
[2021.06.05-23.45.54:177][  0]LightingResults: New page: ライティングのビルド
[2021.06.05-23.45.54:195][  0]MapCheck: New page: マップをチェック
[2021.06.05-23.45.54:195][  0]LightingResults: New page: <何も選択されていません>
[2021.06.05-23.45.54:203][  0]LogParticles: Destroying 0 GPU particle simulations for FXSystem 0x000002546FBB0EA0
[2021.06.05-23.45.55:067][  0]LogEditorServer: Finished looking for orphan Actors (0.000 secs)
[2021.06.05-23.45.55:076][  0]LogAIModule: Creating AISystem for world Minimal_Default
[2021.06.05-23.45.55:077][  0]Cmd: MAP CHECKDEP
[2021.06.05-23.45.55:077][  0]MapCheck: New page: Minimal_Default - 2021/06/06 17:45:55
[2021.06.05-23.45.55:191][  0]MapCheck: 情報 マップチェックが完了: 0 エラー、 0 警告、完了に 114.064ミリ秒かかりました。
[2021.06.05-23.45.55:191][  0]LogFileHelpers: Loading map 'Minimal_Default' took 1.019
[2021.06.05-23.45.55:371][  0]LogCollectionManager: Loaded 0 collections in 0.002447 seconds
[2021.06.05-23.45.55:380][  0]LogContentBrowser: Native class hierarchy populated in 0.0089 seconds. Added 1696 classes and 261 folders.
[2021.06.05-23.45.55:427][  0]LogContentBrowser: Native class hierarchy updated for 'SceneOutliner' in 0.0029 seconds. Added 1 classes and 2 folders.
[2021.06.05-23.45.55:456][  0]LogContentBrowser: Native class hierarchy updated for 'WorldBrowser' in 0.0031 seconds. Added 1 classes and 3 folders.
[2021.06.05-23.45.55:540][  0]LogCrashTracker: Crashtracker disabled due to settings.
[2021.06.05-23.45.55:542][  0]LogSlate:Warning: Failed to load font data from 'Veranda'
[2021.06.05-23.45.55:552][  0]LogUObjectGlobals:Warning: オブジェクト 'Class なし.' が見つかりませんでした
[2021.06.05-23.45.55:584][  0]LogLoad: Full Startup: 15.48 seconds (BP compile: 0.09 seconds)
[2021.06.05-23.45.56:005][  0]LogContentBrowser:Verbose: The content browser source was changed by the sources view to '/Game/Blueprints'
[2021.06.05-23.45.56:125][  0]LogRenderer:Warning: Reallocating scene render targets to support 32x32 (Frame:2).
[2021.06.05-23.45.56:200][  0]LogRenderer:Warning: Reallocating scene render targets to support 1200x576 (Frame:5).
[2021.06.05-23.45.57:664][  5]LogAssetRegistry: Asset discovery search completed in 5.4173 seconds
[2021.06.05-23.45.59:967][ 23]LogContentBrowser:Verbose: The content browser source was changed by the sources view to '/Game/Particles/Materials'
[2021.06.05-23.46.20:800][341]LogWindows:Error: Windows GetLastError: この操作を正しく終了しました。 (0)
[2021.06.05-23.46.20:800][341]LogCrashTracker: 


[2021.06.05-23.46.24:593][341]LogCrashTracker: 


[2021.06.05-23.46.24:593][341]LogWindows: === Critical error: ===
Assertion failed: !bIsChangingText [File:D:\BuildFarm\buildmachine_++depot+UE4-Releases+4.7\Engine\Source\Runtime\Slate\Private\Widgets\Input\SEditableText.cpp] [Line: 556] 



KERNELBASE.dll!UnknownFunction (0x00007ff931e64b89) + 0 bytes [UnknownFile:0]
UE4Editor-Core.dll!FOutputDeviceWindowsError::Serialize() (0x00007ff8c84e8074) + 0 bytes [d:\buildfarm\buildmachine_++depot+ue4-releases+4.7\engine\source\runtime\core\private\windows\windowsplatformoutputdevices.cpp:95]
UE4Editor-Core.dll!FOutputDevice::Logf__VA() (0x00007ff8c8367878) + 159 bytes [d:\buildfarm\buildmachine_++depot+ue4-releases+4.7\engine\source\runtime\core\private\misc\outputdevice.cpp:144]
UE4Editor-Core.dll!FDebug::AssertFailed() (0x00007ff8c8348b17) + 62 bytes [d:\buildfarm\buildmachine_++depot+ue4-releases+4.7\engine\source\runtime\core\private\misc\outputdevice.cpp:224]
UE4Editor-Slate.dll!SEditableText::StartChangingText() (0x00007ff8c1a970da) + 0 bytes [d:\buildfarm\buildmachine_++depot+ue4-releases+4.7\engine\source\runtime\slate\private\widgets\input\seditabletext.cpp:560]
UE4Editor-Slate.dll!FTextEditHelper::OnKeyChar() (0x00007ff8c19bb49d) + 32 bytes [d:\buildfarm\buildmachine_++depot+ue4-releases+4.7\engine\source\runtime\slate\private\framework\text\textedithelper.cpp:86]
UE4Editor-Slate.dll!SEditableText::OnKeyChar() (0x00007ff8c1a7ad23) + 77 bytes [d:\buildfarm\buildmachine_++depot+ue4-releases+4.7\engine\source\runtime\slate\private\widgets\input\seditabletext.cpp:1622]
UE4Editor-Slate.dll!<lambda_f4267d5369f6530713340915266300fb>::operator()() (0x00007ff8c189de22) + 38 bytes [d:\buildfarm\buildmachine_++depot+ue4-releases+4.7\engine\source\runtime\slate\private\framework\application\slateapplication.cpp:3504]
UE4Editor-Slate.dll!FEventRouter::Route<FReply,FEventRouter::FBubblePolicy,FCharacterEvent,<lambda_f4267d5369f6530713340915266300fb> >() (0x00007ff8c1856c9d) + 29 bytes [d:\buildfarm\buildmachine_++depot+ue4-releases+4.7\engine\source\runtime\slate\private\framework\application\slateapplication.cpp:202]
UE4Editor-Slate.dll!FEventRouter::RouteAlongFocusPath<FEventRouter::FBubblePolicy,<lambda_f4267d5369f6530713340915266300fb>,FCharacterEvent>() (0x00007ff8c1858ace) + 34 bytes [d:\buildfarm\buildmachine_++depot+ue4-releases+4.7\engine\source\runtime\slate\private\framework\application\slateapplication.cpp:184]
UE4Editor-Slate.dll!FSlateApplication::ProcessKeyCharEvent() (0x00007ff8c1903a74) + 150 bytes [d:\buildfarm\buildmachine_++depot+ue4-releases+4.7\engine\source\runtime\slate\private\framework\application\slateapplication.cpp:3505]
UE4Editor-Slate.dll!FSlateApplication::OnKeyChar() (0x00007ff8c18f3633) + 14 bytes [d:\buildfarm\buildmachine_++depot+ue4-releases+4.7\engine\source\runtime\slate\private\framework\application\slateapplication.cpp:3485]
UE4Editor-Core.dll!FWindowsApplication::ProcessDeferredMessage() (0x00007ff8c8443008) + 0 bytes [d:\buildfarm\buildmachine_++depot+ue4-releases+4.7\engine\source\runtime\core\private\windows\windowsapplication.cpp:1149]
UE4Editor-Core.dll!FWindowsApplication::DeferMessage() (0x00007ff8c8435d2e) + 74 bytes [d:\buildfarm\buildmachine_++depot+ue4-releases+4.7\engine\source\runtime\core\private\windows\windowsapplication.cpp:1669]
UE4Editor-Core.dll!FWindowsApplication::ProcessMessage() (0x00007ff8c8444d50) + 41 bytes [d:\buildfarm\buildmachine_++depot+ue4-releases+4.7\engine\source\runtime\core\private\windows\windowsapplication.cpp:742]
UE4Editor-Core.dll!FWindowsApplication::AppWndProc() (0x00007ff8c8433192) + 0 bytes [d:\buildfarm\buildmachine_++depot+ue4-releases+4.7\engine\source\runtime\core\private\windows\windowsapplication.cpp:604]
USER32.dll!UnknownFunction (0x00007ff93271e858) + 0 bytes [UnknownFile:0]
USER32.dll!UnknownFunction (0x00007ff93271e299) + 0 bytes [UnknownFile:0]
UE4Editor-Core.dll!FWindowsPlatformMisc::PumpMessages() (0x00007ff8c84e3ec6) + 48 bytes [d:\buildfarm\buildmachine_++depot+ue4-releases+4.7\engine\source\runtime\core\private\windows\windowsplatformmisc.cpp:774]
UE4Editor.exe!FEngineLoop::Tick() (0x00007ff7fd7700a9) + 8 bytes [d:\buildfarm\buildmachine_++depot+ue4-releases+4.7\engine\source\runtime\launch\private\launchengineloop.cpp:2233]
UE4Editor.exe!GuardedMain() (0x00007ff7fd76267c) + 0 bytes [d:\buildfarm\buildmachine_++depot+ue4-releases+4.7\engine\source\runtime\launch\private\launch.cpp:142]
UE4Editor.exe!GuardedMainWrapper() (0x00007ff7fd7626ea) + 5 bytes [d:\buildfarm\buildmachine_++depot+ue4-releases+4.7\engine\source\runtime\launch\private\windows\launchwindows.cpp:126]
UE4Editor.exe!WinMain() (0x00007ff7fd772219) + 17 bytes [d:\buildfarm\buildmachine_++depot+ue4-releases+4.7\engine\source\runtime\launch\private\windows\launchwindows.cpp:202]
UE4Editor.exe!__tmainCRTStartup() (0x00007ff7fd773159) + 21 bytes [f:\dd\vctools\crt\crtw32\dllstuff\crtexe.c:618]
KERNEL32.DLL!UnknownFunction (0x00007ff932667034) + 0 bytes [UnknownFile:0]
ntdll.dll!UnknownFunction (0x00007ff9340e2651) + 0 bytes [UnknownFile:0]
ntdll.dll!UnknownFunction (0x00007ff9340e2651) + 0 bytes [UnknownFile:0]


[2021.06.05-23.46.24:689][341]LogExit: Executing StaticShutdownAfterError
[2021.06.05-23.46.24:692][341]LogWindows: FPlatformMisc::RequestExit(1)
[2021.06.05-23.46.24:692][341]Log file closed, 06/06/21 08:46:24
