Log file open, 05/22/21 15:27:52
LogInit:Display: Running engine for game: PaperNinja
LogInit: Version: 4.7.6-2513093+++depot+UE4-Releases+4.7
LogInit: API Version: 2455222
LogInit: Compiled (64-bit): Apr 15 2015 12:09:54
LogInit: Compiled with Visual C++: 18.00.21005.01
LogInit: Build Configuration: Development
LogInit: Branch Name: ++depot+UE4-Releases+4.7
LogInit: Command line:  
LogInit: Base directory: C:/Program Files/Epic Games/UE_4.7/Engine/Binaries/Win64/
LogInit: Rocket: 1
[2021.05.22-06.27.52:504][  0]LogTaskGraph: Started task graph with 3 named threads and 8 total threads.
[2021.05.22-06.27.52:617][  0]LogOnline:Warning: No default platform service specified for OnlineSubsystem
[2021.05.22-06.27.52:660][  0]LogInit: Presizing for 0 objects not considered by GC, pre-allocating 0 bytes.
[2021.05.22-06.27.52:678][  0]LogInit: Object subsystem initialized
[2021.05.22-06.27.52:682][  0]LogConsoleResponse:Warning: Skipping Unknown console variable: 'TranslucentSortAxis = (X=0.000000,Y=-1.000000,Z=0.000000)'
[2021.05.22-06.27.52:682][  0]LogConsoleResponse:Warning:   Found in ini file 'C:/Users/magi1/Documents/PaperNinja_FirstTime/PaperNinja/Saved/Config/Windows/Engine.ini', in section '[/Script/Engine.RendererSettings]'
[2021.05.22-06.27.52:682][  0]LogConsoleResponse:Warning: Skipping Unknown console variable: 'UIScaleRule = ShortestSide'
[2021.05.22-06.27.52:682][  0]LogConsoleResponse:Warning:   Found in ini file 'C:/Users/magi1/Documents/PaperNinja_FirstTime/PaperNinja/Saved/Config/Windows/Engine.ini', in section '[/Script/Engine.RendererSettings]'
[2021.05.22-06.27.52:682][  0]LogConsoleResponse:Warning: Skipping Unknown console variable: 'UIScaleCurve = (EditorCurveData=(Keys=),ExternalCurve=None)'
[2021.05.22-06.27.52:682][  0]LogConsoleResponse:Warning:   Found in ini file 'C:/Users/magi1/Documents/PaperNinja_FirstTime/PaperNinja/Saved/Config/Windows/Engine.ini', in section '[/Script/Engine.RendererSettings]'
[2021.05.22-06.27.52:683][  0]LogInit: Selected Device Profile: [Windows]
[2021.05.22-06.27.52:683][  0]LogInit: Applying CVar settings loaded from the selected device profile: [Windows]
[2021.05.22-06.27.52:698][  0]LogInit: Computer: DESKTOP-QG331CQ
[2021.05.22-06.27.52:698][  0]LogInit: User: magi1
[2021.05.22-06.27.52:698][  0]LogInit: CPU Page size=4096, Cores=6
[2021.05.22-06.27.52:698][  0]LogInit: High frequency timer resolution =10.000000 MHz
[2021.05.22-06.27.52:699][  0]LogMemory: Memory total: Physical=15.9GB (16GB approx) Virtual=131072.0GB
[2021.05.22-06.27.52:699][  0]LogMemory: Platform Memory Stats for Windows
[2021.05.22-06.27.52:699][  0]LogMemory: Process Physical Memory: 49.97 MB used, 49.98 MB peak
[2021.05.22-06.27.52:699][  0]LogMemory: Process Virtual Memory: 24.91 MB used, 24.91 MB peak
[2021.05.22-06.27.52:699][  0]LogMemory: Physical Memory: 8147.04 MB used, 16239.85 MB total
[2021.05.22-06.27.52:699][  0]LogMemory: Virtual Memory: 4431.00 MB used, 134217728.00 MB total
[2021.05.22-06.27.53:038][  0]LogD3D11RHI: Found D3D11 adapter 0: NVIDIA GeForce RTX 2080 (Feature Level 11_0)
[2021.05.22-06.27.53:038][  0]LogD3D11RHI: Adapter has 8010MB of dedicated video memory, 0MB of dedicated system memory, and 8119MB of shared system memory, 2 output[s]
[2021.05.22-06.27.53:111][  0]LogD3D11RHI: Found D3D11 adapter 1: Intel(R) UHD Graphics 630 (Feature Level 11_0)
[2021.05.22-06.27.53:111][  0]LogD3D11RHI: Adapter has 128MB of dedicated video memory, 0MB of dedicated system memory, and 8119MB of shared system memory, 0 output[s]
[2021.05.22-06.27.53:116][  0]LogD3D11RHI: Found D3D11 adapter 2: Microsoft Basic Render Driver (Feature Level 11_0)
[2021.05.22-06.27.53:116][  0]LogD3D11RHI: Adapter has 0MB of dedicated video memory, 0MB of dedicated system memory, and 8119MB of shared system memory, 0 output[s]
[2021.05.22-06.27.53:116][  0]LogD3D11RHI: Chosen D3D11 Adapter Id = 0
[2021.05.22-06.27.53:131][  0]LogRHI: Texture pool is 1361 MB (70% of 1945 MB)
[2021.05.22-06.27.53:350][  0]LogD3D11RHI: Async texture creation enabled
[2021.05.22-06.27.53:493][  0]LogTextLocalizationManager: The requested culture ('ja_JP') has no localization data; parent culture's ('ja') localization data will be used.
[2021.05.22-06.27.53:625][  0]LogTextLocalizationManager:Warning: Loading localization resources contain conflicting entries for (Namespace:UICommands, Key:Save_ToolTip):
Resource: (C:/Program Files/Epic Games/UE_4.7/Engine/Content/Localization/Editor/ja/Editor.locres) Hash: (-29098895) String: (現行レベルをディスクに保存)
Resource: (C:/Program Files/Epic Games/UE_4.7/Engine/Content/Localization/Engine/ja/Engine.locres) Hash: (-1280300587) String: (選択データをvlogファイルに保存)
[2021.05.22-06.27.53:625][  0]LogTextLocalizationManager:Warning: Loading localization resources contain conflicting entries for (Namespace:ContentBrowser, Key:ImportAssetToolTip):
Resource: (C:/Program Files/Epic Games/UE_4.7/Engine/Content/Localization/Editor/ja/Editor.locres) Hash: (-630476809) String: ({0} にインポート...)
Resource: (C:/Program Files/Epic Games/UE_4.7/Engine/Content/Localization/Editor/ja/Editor.locres) Hash: (1271782899) String: (このフォルダへファイルからアセットをインポート)
[2021.05.22-06.27.53:786][  0]LogContentStreaming: Texture pool size is 0.000000MB
[2021.05.22-06.27.59:073][  0]LogTargetPlatformManager:Display: Building Assets For Windows
[2021.05.22-06.28.00:311][  0]LogTargetPlatformManager:Display: Building Assets For Windows
[2021.05.22-06.28.00:483][  0]LogDerivedDataCache:Display: Max Cache Size: 512 MB
[2021.05.22-06.28.00:538][  0]LogDerivedDataCache: Loaded boot cache 0.05s 39MB C:/Users/magi1/AppData/Local/UnrealEngine/4.7/DerivedDataCache/Boot.ddc.
[2021.05.22-06.28.00:538][  0]LogDerivedDataCache:Display: Loaded Boot cache: C:/Users/magi1/AppData/Local/UnrealEngine/4.7/DerivedDataCache/Boot.ddc
[2021.05.22-06.28.00:538][  0]LogDerivedDataCache: FDerivedDataBackendGraph:  Pak pak cache file ../../../../../../Users/magi1/Documents/PaperNinja_FirstTime/PaperNinja/DerivedDataCache/DDC.ddp not found, will not use a pak cache.
[2021.05.22-06.28.00:538][  0]LogDerivedDataCache: Unable to find inner node Pak for hierarchical cache Hierarchy.
[2021.05.22-06.28.00:794][  0]LogDerivedDataCache:Display: Pak cache opened for reading ../../../Engine/DerivedDataCache/Compressed.ddp.
[2021.05.22-06.28.00:809][  0]LogDerivedDataCache: Using Local data cache path C:/Users/magi1/AppData/Local/UnrealEngine/Common/DerivedDataCache: Writable
[2021.05.22-06.28.01:431][  0]LogMeshUtilities: No automatic mesh reduction module available
[2021.05.22-06.28.01:431][  0]LogMeshUtilities: No automatic mesh merging module available
[2021.05.22-06.28.02:271][  0]LogInit: WinSock: version 1.1 (2.2), MaxSocks=32767, MaxUdp=65467
[2021.05.22-06.28.02:551][  0]LogSlate:Warning: Failed to load font data from '../../../Engine/Content/Slate/Fonts/Roboto-Italic.ttf'
[2021.05.22-06.28.04:433][  0]UdpMessaging: Initializing bridge on interface 0.0.0.0:0 to multicast group 230.0.0.1:6666.
[2021.05.22-06.28.04:948][  0]SourceControl: 情報 ソースコントロールは無効です
[2021.05.22-06.28.04:948][  0]SourceControl: 情報 ソースコントロールは無効です
[2021.05.22-06.28.04:948][  0]SourceControl: 情報 ソースコントロールは無効です
[2021.05.22-06.28.04:948][  0]LogSourceControl: RunCommandInternalRaw: 'git version'
[2021.05.22-06.28.04:949][  0]LogSourceControl: RunCommandInternalRaw: ExecProcess ReturnCode=2 OutResults=''
[2021.05.22-06.28.04:977][  0]SourceControl: 情報 ソースコントロールは無効です
[2021.05.22-06.28.05:538][  0]LogObj: 24232 objects as part of root set at end of initial load.
[2021.05.22-06.28.05:538][  0]LogUObjectAllocator: 5137168 out of 0 bytes used by permanent object pool.
[2021.05.22-06.28.05:713][  0]LogEngine: Initializing Engine...
[2021.05.22-06.28.08:076][  0]LogInit: XAudio2 using 'スピーカー (Realtek(R) Audio)' : 2 channels at 48 kHz using 32 bits per sample (channel mask 0x3)
[2021.05.22-06.28.08:131][  0]LogInit: FAudioDevice initialized.
[2021.05.22-06.28.08:242][  0]LogAIModule: Creating AISystem for world NewWorld
[2021.05.22-06.28.08:278][  0]LogDerivedDataCache: Saved boot cache 0.03s 39MB C:/Users/magi1/AppData/Local/UnrealEngine/4.7/DerivedDataCache/Boot.ddc.
[2021.05.22-06.28.08:283][  0]LogInit: Texture streaming: Enabled
[2021.05.22-06.28.08:504][  0]LogAnalytics: Creating configured Analytics provider AnalyticsET
[2021.05.22-06.28.08:504][  0]LogAnalytics: ET APIKey = Rocket.Release. APIServer = http://et2.epicgames.com/ET2/. AppVersion = 4.7.6-2513093+++depot+UE4-Releases+4.7
[2021.05.22-06.28.08:504][  0]LogAnalytics: ET APIKey = Rocket.Release. DataRouterUploadURL = https://datarouter-public-service-gamedev.ol.epicgames.net/datarouter/api/v1/public/data. AppVersion = 4.7.6-2513093+++depot+UE4-Releases+4.7
[2021.05.22-06.28.08:504][  0]LogAnalytics: SetUserId 144e59504b07e7078f7f9fbff0f199ea|e89bcdc3dddd40638ff112a71cef8e67|badf8662-73b2-480e-8b08-9b9fdfc993be
[2021.05.22-06.28.08:505][  0]LogAnalytics: AnalyticsET::StartSession [Rocket.Release]
[2021.05.22-06.28.08:603][  0]LogInit: Transaction tracking system initialized
[2021.05.22-06.28.09:146][  0]BlueprintLog: New page: エディタの読み込み
[2021.05.22-06.28.09:234][  0]LogAssetRegistry: FAssetRegistry took 0.0114 seconds to start up
[2021.05.22-06.28.09:235][  0]LogDirectoryWatcher:Warning: Failed to begin reading directory changes for ../../../Engine/Plugins/Experimental/CharacterAI/Content/. Error: 0
[2021.05.22-06.28.10:613][  0]LogTargetPlatformManager:Display: Building Assets For Windows
[2021.05.22-06.28.11:398][  0]LogTargetPlatformManager:Display: Building Assets For Windows
[2021.05.22-06.28.12:167][  0]LogSlate:Warning: Failed to load font data from '../../../Engine/Content/Editor/Slate/Fonts/Roboto-Regular.ttf'
[2021.05.22-06.28.12:168][  0]LogSlate:Warning: Failed to load font data from '../../../Engine/Content/Editor/Slate/Fonts/Roboto-Bold.ttf'
[2021.05.22-06.28.12:179][  0]LogConsoleResponse:Display: 
[2021.05.22-06.28.12:521][  0]LogCook:Display: Done creating registry. It took  0.00s.
[2021.05.22-06.28.12:996][  0]SourceControl: 情報 ソースコントロールは無効です
[2021.05.22-06.28.12:996][  0]Cmd: MAP LOAD FILE="../../../../../../Users/magi1/Documents/PaperNinja_FirstTime/PaperNinja/Content/StarterContent/Maps/Minimal_Default.umap" TEMPLATE=0 SHOWPROGRESS=1 FEATURELEVEL=3
[2021.05.22-06.28.12:998][  0]LightingResults: New page: ライティングのビルド
[2021.05.22-06.28.13:040][  0]MapCheck: New page: マップをチェック
[2021.05.22-06.28.13:040][  0]LightingResults: New page: <何も選択されていません>
[2021.05.22-06.28.13:050][  0]LogParticles: Destroying 0 GPU particle simulations for FXSystem 0x000002DDF526CEA0
[2021.05.22-06.28.14:992][  0]LogEditorServer: Finished looking for orphan Actors (0.000 secs)
[2021.05.22-06.28.15:016][  0]LogAIModule: Creating AISystem for world Minimal_Default
[2021.05.22-06.28.15:017][  0]Cmd: MAP CHECKDEP
[2021.05.22-06.28.15:017][  0]MapCheck: New page: Minimal_Default - 2021/05/23 0:28:15
[2021.05.22-06.28.15:286][  0]MapCheck: 情報 マップチェックが完了: 0 エラー、 0 警告、完了に 269.512ミリ秒かかりました。
[2021.05.22-06.28.15:286][  0]LogFileHelpers: Loading map 'Minimal_Default' took 2.291
[2021.05.22-06.28.15:579][  0]LogCollectionManager: Loaded 0 collections in 0.004583 seconds
[2021.05.22-06.28.15:598][  0]LogContentBrowser: Native class hierarchy populated in 0.0179 seconds. Added 1696 classes and 261 folders.
[2021.05.22-06.28.15:702][  0]LogContentBrowser: Native class hierarchy updated for 'SceneOutliner' in 0.0068 seconds. Added 1 classes and 2 folders.
[2021.05.22-06.28.15:759][  0]LogContentBrowser: Native class hierarchy updated for 'WorldBrowser' in 0.0067 seconds. Added 1 classes and 3 folders.
[2021.05.22-06.28.15:933][  0]LogCrashTracker: Crashtracker disabled due to settings.
[2021.05.22-06.28.15:935][  0]LogSlate:Warning: Failed to load font data from 'Veranda'
[2021.05.22-06.28.15:958][  0]LogUObjectGlobals:Warning: オブジェクト 'Class なし.' が見つかりませんでした
[2021.05.22-06.28.16:000][  0]LogLoad: Full Startup: 27.89 seconds (BP compile: 0.19 seconds)
[2021.05.22-06.28.16:508][  0]LogContentBrowser:Verbose: The content browser source was changed by the sources view to '/Game/Maps/Stage01'
[2021.05.22-06.28.16:738][  0]LogRenderer:Warning: Reallocating scene render targets to support 32x32 (Frame:2).
[2021.05.22-06.28.16:946][  0]LogRenderer:Warning: Reallocating scene render targets to support 1200x576 (Frame:3).
[2021.05.22-06.28.20:022][ 10]LogAssetRegistry: Asset discovery search completed in 10.7997 seconds
[2021.05.22-06.28.23:499][ 11]LogContentBrowser:Verbose: The content browser source was changed by the sources view to '/Game/Blueprints'
[2021.05.22-06.28.23:530][ 11]LogContentBrowser:Verbose: The content browser source was changed by the sources view to '/Game/Props'
[2021.05.22-06.28.25:395][ 11]LogActorComponent: RegisterComponentWithWorld: (/Engine/Transient.DebugSkelMeshComponent_0) Already registered. Aborting.
[2021.05.22-06.28.29:711][163]LogContentBrowser:Verbose: The content browser source was changed by the sources view to '/Game/Maps/Test'
[2021.05.22-06.28.31:542][223]Cmd: MAP LOAD FILE="../../../../../../Users/magi1/Documents/PaperNinja_FirstTime/PaperNinja/Content/Maps/Test/Test_Player_Death.umap" TEMPLATE=0 SHOWPROGRESS=1 FEATURELEVEL=3
[2021.05.22-06.28.31:543][223]LightingResults: New page: ライティングのビルド
[2021.05.22-06.28.31:610][223]LoadErrors: New page: マップをロード中: Test_Player_Death.umap
[2021.05.22-06.28.31:612][223]MapCheck: New page: マップをチェック
[2021.05.22-06.28.31:612][223]LightingResults: New page: <何も選択されていません>
[2021.05.22-06.28.31:632][223]LogParticles: Destroying 0 GPU particle simulations for FXSystem 0x000002DDEC5AC7C0
[2021.05.22-06.28.31:703][223]LogEditorServer: Finished looking for orphan Actors (0.000 secs)
[2021.05.22-06.28.31:711][223]LogAIModule: Creating AISystem for world Test_Player_Death
[2021.05.22-06.28.31:806][223]Cmd: MAP CHECKDEP
[2021.05.22-06.28.31:806][223]MapCheck: New page: Test_Player_Death - 2021/05/23 0:28:31
[2021.05.22-06.28.32:122][223]MapCheck: 情報 マップチェックが完了: 0 エラー、 0 警告、完了に 315.511ミリ秒かかりました。
[2021.05.22-06.28.32:125][223]LogFileHelpers: Loading map 'Test_Player_Death' took 0.586
[2021.05.22-06.28.33:343][274]BlueprintLog: New page: PIE以前の自動再コンパイル
[2021.05.22-06.28.33:343][274]LogPlayLevel: [PIE] Compiling Test_Player_Death before PIE...
[2021.05.22-06.28.33:475][274]LogActorComponent: UnregisterComponent: (/Engine/Transient.CharMoveComp) Not registered. Aborting.
[2021.05.22-06.28.33:499][274]LogPlayLevel: PIE:  Blueprint regeneration took 156 ms (1 blueprints)
[2021.05.22-06.28.33:500][274]PIE: New page: PIEセッション: Test_Player_Death (2021/05/23 0:28:33)
[2021.05.22-06.28.33:519][274]LogPlayLevel: PIE: StaticDuplicateObject took: (0.018718s)
[2021.05.22-06.28.33:520][274]LogPlayLevel: PIE: World Init took: (0.000806s)
[2021.05.22-06.28.33:520][274]LogPlayLevel: PIE: Created PIE world by copying editor world from /Game/Maps/Test/Test_Player_Death.Test_Player_Death to /Game/Maps/Test/UEDPIE_0_Test_Player_Death.Test_Player_Death (0.019780s)
[2021.05.22-06.28.33:885][274]LogWorld: Game class is 'PNGameMode_C'
[2021.05.22-06.28.33:891][274]LogAIModule: Creating AISystem for world Test_Player_Death
[2021.05.22-06.28.33:898][274]LogWorld: Bringing World /Game/Maps/Test/UEDPIE_0_Test_Player_Death.Test_Player_Death up for play (max tick rate 60) at 2021.05.22-15.28.33
[2021.05.22-06.28.33:899][274]LogWorld: Bringing up level for play took: 0.007023
[2021.05.22-06.28.33:960][274]PIE: 情報 /Game/Maps/Test/UEDPIE_0_Test_Player_Death 0.809のPIE開始時間
[2021.05.22-06.28.33:996][274]LogRenderer:Warning: Reallocating scene render targets to support 1296x760 (Frame:172).
[2021.05.22-06.28.34:151][279]LogBlueprintUserMessages: 0
[2021.05.22-06.28.34:647][304]LogBlueprintUserMessages: 0
[2021.05.22-06.28.35:159][331]LogBlueprintUserMessages: 0
[2021.05.22-06.28.35:654][357]LogBlueprintUserMessages: 0
[2021.05.22-06.28.35:972][371]LogBlueprintUserMessages: Died!
[2021.05.22-06.28.36:155][377]LogBlueprintUserMessages: 0
[2021.05.22-06.28.36:660][401]LogBlueprintUserMessages: 0
[2021.05.22-06.28.37:148][427]LogBlueprintUserMessages: 0
[2021.05.22-06.28.37:645][453]LogBlueprintUserMessages: 0
[2021.05.22-06.28.37:953][462]LogParticles: Destroying 0 GPU particle simulations for FXSystem 0x000002DDAEF61760
[2021.05.22-06.28.39:360][515]Cmd: MAP LOAD FILE="../../../../../../Users/magi1/Documents/PaperNinja_FirstTime/PaperNinja/Content/Maps/Test/Test_Physics_FallFloor.umap" TEMPLATE=0 SHOWPROGRESS=1 FEATURELEVEL=3
[2021.05.22-06.28.39:361][515]LightingResults: New page: ライティングのビルド
[2021.05.22-06.28.39:431][515]LoadErrors: New page: マップをロード中: Test_Physics_FallFloor.umap
[2021.05.22-06.28.39:433][515]MapCheck: New page: マップをチェック
[2021.05.22-06.28.39:433][515]LightingResults: New page: <何も選択されていません>
[2021.05.22-06.28.39:460][515]LogParticles: Destroying 0 GPU particle simulations for FXSystem 0x000002DD943F0C20
[2021.05.22-06.28.39:534][515]LogEditorServer: Finished looking for orphan Actors (0.000 secs)
[2021.05.22-06.28.39:541][515]LogAIModule: Creating AISystem for world Test_Physics_FallFloor
[2021.05.22-06.28.39:632][515]Cmd: MAP CHECKDEP
[2021.05.22-06.28.39:633][515]MapCheck: New page: Test_Physics_FallFloor - 2021/05/23 0:28:39
[2021.05.22-06.28.39:952][515]MapCheck: 情報 マップチェックが完了: 0 エラー、 0 警告、完了に 319.672ミリ秒かかりました。
[2021.05.22-06.28.39:956][515]LogFileHelpers: Loading map 'Test_Physics_FallFloor' took 0.599
[2021.05.22-06.28.41:616][600]LogPlayLevel: PIE:  No blueprints needed recompiling
[2021.05.22-06.28.41:616][600]PIE: New page: PIEセッション: Test_Physics_FallFloor (2021/05/23 0:28:41)
[2021.05.22-06.28.41:619][600]LogPlayLevel: PIE: StaticDuplicateObject took: (0.002243s)
[2021.05.22-06.28.41:620][600]LogPlayLevel: PIE: World Init took: (0.000864s)
[2021.05.22-06.28.41:620][600]LogPlayLevel: PIE: Created PIE world by copying editor world from /Game/Maps/Test/Test_Physics_FallFloor.Test_Physics_FallFloor to /Game/Maps/Test/UEDPIE_0_Test_Physics_FallFloor.Test_Physics_FallFloor (0.003346s)
[2021.05.22-06.28.41:692][600]LogWorld: Game class is 'PNGameMode_C'
[2021.05.22-06.28.41:698][600]LogAIModule: Creating AISystem for world Test_Physics_FallFloor
[2021.05.22-06.28.41:705][600]LogWorld: Bringing World /Game/Maps/Test/UEDPIE_0_Test_Physics_FallFloor.Test_Physics_FallFloor up for play (max tick rate 60) at 2021.05.22-15.28.41
[2021.05.22-06.28.41:707][600]LogWorld: Bringing up level for play took: 0.008186
[2021.05.22-06.28.41:764][600]PIE: 情報 /Game/Maps/Test/UEDPIE_0_Test_Physics_FallFloor 0.613のPIE開始時間
[2021.05.22-06.28.45:510][799]LogBlueprintUserMessages: 1
[2021.05.22-06.28.45:652][807]LogBlueprintUserMessages: 2
[2021.05.22-06.28.45:811][816]LogBlueprintUserMessages: 3
[2021.05.22-06.28.45:956][824]LogBlueprintUserMessages: 4
[2021.05.22-06.28.46:120][833]LogBlueprintUserMessages: 5
[2021.05.22-06.28.46:252][840]LogBlueprintUserMessages: 6
[2021.05.22-06.28.46:407][848]LogBlueprintUserMessages: 7
[2021.05.22-06.28.46:535][854]LogBlueprintUserMessages: 8
[2021.05.22-06.28.49:736][ 24]LogActorComponent: UnregisterComponent: (/Engine/Transient.CharMoveComp) Not registered. Aborting.
[2021.05.22-06.28.49:772][ 24]LogParticles: Destroying 0 GPU particle simulations for FXSystem 0x000002DDAEDD22A0
[2021.05.22-06.31.23:472][248]LogContentBrowser:Verbose: The content browser source was changed by the sources view to '/Game/Architecture'
[2021.05.22-06.31.23:924][265]LogContentBrowser:Verbose: The content browser source was changed by the sources view to '/Game/Blueprints'
[2021.05.22-06.31.26:417][374]LogContentBrowser:Verbose: The content browser source was changed by the sources view to '/Game/Characters'
[2021.05.22-06.31.27:866][426]LogSkeletalMesh: InitArticulated: Bodies already created (/Engine/Transient.DebugSkelMeshComponent_1) - call TermArticulated first.
[2021.05.22-06.31.27:900][426]LogLinker:Warning: Asset '../../../Engine/Content/Tutorial/SubEditors/PersonaAnimEditorTutorial.uasset' has been saved with empty engine version. The asset will be loaded but may be incompatible.
[2021.05.22-06.31.27:989][427]LogRenderer:Warning: Reallocating scene render targets to support 1296x880 (Frame:2151).
[2021.05.22-06.31.32:457][644]LogContentBrowser: Native class hierarchy updated for 'PhAT' in 0.0067 seconds. Added 1 classes and 2 folders.
[2021.05.22-06.31.32:724][645]LogRenderer:Warning: Reallocating scene render targets to support 1344x904 (Frame:2485).
[2021.05.22-06.31.36:212][812]LogActorComponent: RegisterComponentWithWorld: (/Engine/Transient.DebugSkelMeshComponent_1) Already registered. Aborting.
[2021.05.22-06.33.19:692][700]LogPlayLevel: PIE:  No blueprints needed recompiling
[2021.05.22-06.33.19:692][700]PIE: New page: PIEセッション: Test_Physics_FallFloor (2021/05/23 0:33:19)
[2021.05.22-06.33.19:695][700]LogPlayLevel: PIE: StaticDuplicateObject took: (0.002465s)
[2021.05.22-06.33.19:696][700]LogPlayLevel: PIE: World Init took: (0.000834s)
[2021.05.22-06.33.19:696][700]LogPlayLevel: PIE: Created PIE world by copying editor world from /Game/Maps/Test/Test_Physics_FallFloor.Test_Physics_FallFloor to /Game/Maps/Test/UEDPIE_0_Test_Physics_FallFloor.Test_Physics_FallFloor (0.003552s)
[2021.05.22-06.33.19:776][700]LogWorld: Game class is 'PNGameMode_C'
[2021.05.22-06.33.19:783][700]LogAIModule: Creating AISystem for world Test_Physics_FallFloor
[2021.05.22-06.33.19:790][700]LogWorld: Bringing World /Game/Maps/Test/UEDPIE_0_Test_Physics_FallFloor.Test_Physics_FallFloor up for play (max tick rate 60) at 2021.05.22-15.33.19
[2021.05.22-06.33.19:792][700]LogWorld: Bringing up level for play took: 0.008144
[2021.05.22-06.33.19:891][700]PIE: 情報 /Game/Maps/Test/UEDPIE_0_Test_Physics_FallFloor 0.741のPIE開始時間
[2021.05.22-06.33.29:824][ 61]LogBlueprintUserMessages: 1
[2021.05.22-06.33.30:005][ 68]LogBlueprintUserMessages: 2
[2021.05.22-06.33.30:185][ 75]LogBlueprintUserMessages: 3
[2021.05.22-06.33.30:337][ 81]LogBlueprintUserMessages: 4
[2021.05.22-06.33.39:227][407]LogActorComponent: UnregisterComponent: (/Engine/Transient.CharMoveComp) Not registered. Aborting.
[2021.05.22-06.33.39:228][407]LogActorComponent: UnregisterComponent: (/Engine/Transient.CharacterMovementComponent_0) Not registered. Aborting.
[2021.05.22-06.33.39:261][407]LogParticles: Destroying 0 GPU particle simulations for FXSystem 0x000002DDEBB51120
[2021.05.22-06.33.39:261][407]LogParticles: Destroying 0 GPU particle simulations for FXSystem 0x000002DD9C8B8AE0
[2021.05.22-06.33.39:262][407]LogParticles: Destroying 0 GPU particle simulations for FXSystem 0x000002DD9B8DEA20
[2021.05.22-06.33.39:262][407]LogParticles: Destroying 0 GPU particle simulations for FXSystem 0x000002DD9B8DE3E0
[2021.05.22-06.33.39:262][407]LogParticles: Destroying 0 GPU particle simulations for FXSystem 0x000002DDE9CD0A40
[2021.05.22-06.33.39:263][407]LogParticles: Destroying 0 GPU particle simulations for FXSystem 0x000002DD9A532B60
[2021.05.22-06.33.39:263][407]LogParticles: Destroying 0 GPU particle simulations for FXSystem 0x000002DDB135ED40
[2021.05.22-06.33.39:264][407]LogParticles: Destroying 0 GPU particle simulations for FXSystem 0x000002DDF17CA0C0
[2021.05.22-06.33.39:265][407]LogParticles: Destroying 0 GPU particle simulations for FXSystem 0x000002DDF17C9A80
[2021.05.22-06.38.10:733][341]BlueprintLog: New page: PNPlayerPawn をコンパイル
[2021.05.22-06.38.11:201][341]LogActorComponent: UnregisterComponent: (/Engine/Transient.CharMoveComp) Not registered. Aborting.
[2021.05.22-06.38.11:263][341]BlueprintEditorCompileResults: 情報 [0623.16] PNPlayerPawn のコンパイルに成功しました！  [ 530 ミリ秒]
[2021.05.22-06.38.12:260][384]Cmd: OBJ SAVEPACKAGE PACKAGE="/Game/Blueprints/PNPlayerPawn" FILE="../../../../../../Users/magi1/Documents/PaperNinja_FirstTime/PaperNinja/Content/Blueprints/PNPlayerPawn.uasset" SILENT=true
[2021.05.22-06.38.13:996][384]LogSavePackage: Save=1599.166992ms
[2021.05.22-06.38.13:996][384]LogSavePackage: Moving '../../../../../../Users/magi1/Documents/PaperNinja_FirstTime/PaperNinja/Saved/PNPlayerPawn4E69FA294A9407A17A5926856D78AF18.tmp' to '../../../../../../Users/magi1/Documents/PaperNinja_FirstTime/PaperNinja/Content/Blueprints/PNPlayerPawn.uasset'
[2021.05.22-06.38.17:569][577]LogContentBrowser:Verbose: The content browser source was changed by the sources view to '/Game/Blueprints'
[2021.05.22-06.38.18:354][616]LogContentBrowser:Verbose: The content browser source was changed by the sources view to '/Game/Materials'
[2021.05.22-06.38.18:850][645]LogContentBrowser:Verbose: The content browser source was changed by the sources view to '/Game/Maps/Test'
[2021.05.22-06.38.21:619][730]LogActorComponent: UnregisterComponent: (/Engine/Transient.CharMoveComp) Not registered. Aborting.
[2021.05.22-06.38.21:619][730]LogActorComponent: UnregisterComponent: (/Engine/Transient.CharacterMovementComponent_1) Not registered. Aborting.
[2021.05.22-06.38.21:655][730]Cmd: MAP LOAD FILE="../../../../../../Users/magi1/Documents/PaperNinja_FirstTime/PaperNinja/Content/Maps/Test/Test_Physics_Box.umap" TEMPLATE=0 SHOWPROGRESS=1 FEATURELEVEL=3
[2021.05.22-06.38.21:656][730]LightingResults: New page: ライティングのビルド
[2021.05.22-06.38.21:733][730]LoadErrors: New page: マップをロード中: Test_Physics_Box.umap
[2021.05.22-06.38.21:735][730]MapCheck: New page: マップをチェック
[2021.05.22-06.38.21:735][730]LightingResults: New page: <何も選択されていません>
[2021.05.22-06.38.21:755][730]LogParticles: Destroying 0 GPU particle simulations for FXSystem 0x000002DDAEF63D80
[2021.05.22-06.38.21:829][730]LogEditorServer: Finished looking for orphan Actors (0.000 secs)
[2021.05.22-06.38.21:837][730]LogAIModule: Creating AISystem for world Test_Physics_Box
[2021.05.22-06.38.21:934][730]Cmd: MAP CHECKDEP
[2021.05.22-06.38.21:935][730]MapCheck: New page: Test_Physics_Box - 2021/05/23 0:38:21
[2021.05.22-06.38.22:292][730]MapCheck: 情報 マップチェックが完了: 0 エラー、 0 警告、完了に 356.958ミリ秒かかりました。
[2021.05.22-06.38.22:295][730]LogFileHelpers: Loading map 'Test_Physics_Box' took 0.645
[2021.05.22-06.38.23:013][756]LogTexture:Display: テクスチャをビルド中: HQ_Lightmap0_1 (AutoDXT)
[2021.05.22-06.38.23:019][756]LogTexture:Display: テクスチャをビルド中: HQ_Lightmap1_2 (AutoDXT)
[2021.05.22-06.38.23:021][756]LogTexture:Display: テクスチャをビルド中: LQ_Lightmap_0_1 (DXT1)
[2021.05.22-06.38.23:027][756]LogTexture:Display: テクスチャをビルド中: LQ_Lightmap_1_2 (DXT1)
[2021.05.22-06.38.23:061][756]LogActorComponent: UnregisterComponent: (/Engine/Transient.CharMoveComp) Not registered. Aborting.
[2021.05.22-06.38.23:095][756]Cmd: MAP LOAD FILE="../../../../../../Users/magi1/Documents/PaperNinja_FirstTime/PaperNinja/Content/Maps/Test/Test_Event_Switch.umap" TEMPLATE=0 SHOWPROGRESS=1 FEATURELEVEL=3
[2021.05.22-06.38.23:095][756]LightingResults: New page: ライティングのビルド
[2021.05.22-06.38.23:169][756]LoadErrors: New page: マップをロード中: Test_Event_Switch.umap
[2021.05.22-06.38.23:171][756]MapCheck: New page: マップをチェック
[2021.05.22-06.38.23:171][756]LightingResults: New page: <何も選択されていません>
[2021.05.22-06.38.23:193][756]LogParticles: Destroying 0 GPU particle simulations for FXSystem 0x000002DD9C8B82C0
[2021.05.22-06.38.23:264][756]LogEditorServer: Finished looking for orphan Actors (0.000 secs)
[2021.05.22-06.38.23:269][756]LogAIModule: Creating AISystem for world Test_Event_Switch
[2021.05.22-06.38.23:361][756]Cmd: MAP CHECKDEP
[2021.05.22-06.38.23:361][756]MapCheck: New page: Test_Event_Switch - 2021/05/23 0:38:23
[2021.05.22-06.38.23:707][756]MapCheck: 情報 マップチェックが完了: 0 エラー、 0 警告、完了に 345.877ミリ秒かかりました。
[2021.05.22-06.38.23:710][756]LogFileHelpers: Loading map 'Test_Event_Switch' took 0.620
[2021.05.22-06.38.24:798][800]LogActorComponent: UnregisterComponent: (/Engine/Transient.CharMoveComp) Not registered. Aborting.
[2021.05.22-06.38.24:833][800]Cmd: MAP LOAD FILE="../../../../../../Users/magi1/Documents/PaperNinja_FirstTime/PaperNinja/Content/Maps/Test/Test_Event_Gate.umap" TEMPLATE=0 SHOWPROGRESS=1 FEATURELEVEL=3
[2021.05.22-06.38.24:834][800]LightingResults: New page: ライティングのビルド
[2021.05.22-06.38.24:910][800]LoadErrors: New page: マップをロード中: Test_Event_Gate.umap
[2021.05.22-06.38.24:912][800]MapCheck: New page: マップをチェック
[2021.05.22-06.38.24:912][800]LightingResults: New page: <何も選択されていません>
[2021.05.22-06.38.24:942][800]LogParticles: Destroying 0 GPU particle simulations for FXSystem 0x000002DDAEDD3C40
[2021.05.22-06.38.25:021][800]LogEditorServer: Finished looking for orphan Actors (0.000 secs)
[2021.05.22-06.38.25:028][800]LogAIModule: Creating AISystem for world Test_Event_Gate
[2021.05.22-06.38.25:121][800]Cmd: MAP CHECKDEP
[2021.05.22-06.38.25:121][800]MapCheck: New page: Test_Event_Gate - 2021/05/23 0:38:25
[2021.05.22-06.38.25:458][800]MapCheck: 情報 マップチェックが完了: 0 エラー、 0 警告、完了に 336.856ミリ秒かかりました。
[2021.05.22-06.38.25:461][800]LogFileHelpers: Loading map 'Test_Event_Gate' took 0.632
[2021.05.22-06.38.26:684][858]LogActorComponent: UnregisterComponent: (/Engine/Transient.CharMoveComp) Not registered. Aborting.
[2021.05.22-06.38.26:716][858]Cmd: MAP LOAD FILE="../../../../../../Users/magi1/Documents/PaperNinja_FirstTime/PaperNinja/Content/Maps/Test/Test_Collision_Trace.umap" TEMPLATE=0 SHOWPROGRESS=1 FEATURELEVEL=3
[2021.05.22-06.38.26:716][858]LightingResults: New page: ライティングのビルド
[2021.05.22-06.38.26:790][858]LoadErrors: New page: マップをロード中: Test_Collision_Trace.umap
[2021.05.22-06.38.26:791][858]MapCheck: New page: マップをチェック
[2021.05.22-06.38.26:791][858]LightingResults: New page: <何も選択されていません>
[2021.05.22-06.38.26:813][858]LogParticles: Destroying 0 GPU particle simulations for FXSystem 0x000002DDA2838400
[2021.05.22-06.38.26:876][858]LogEditorServer: Finished looking for orphan Actors (0.000 secs)
[2021.05.22-06.38.26:884][858]LogAIModule: Creating AISystem for world Test_Collision_Trace
[2021.05.22-06.38.26:980][858]Cmd: MAP CHECKDEP
[2021.05.22-06.38.26:980][858]MapCheck: New page: Test_Collision_Trace - 2021/05/23 0:38:26
[2021.05.22-06.38.27:336][858]MapCheck: 情報 マップチェックが完了: 0 エラー、 0 警告、完了に 355.279ミリ秒かかりました。
[2021.05.22-06.38.27:339][858]LogFileHelpers: Loading map 'Test_Collision_Trace' took 0.628
[2021.05.22-06.38.28:027][884]LogActorComponent: UnregisterComponent: (/Engine/Transient.CharMoveComp) Not registered. Aborting.
[2021.05.22-06.38.28:060][884]Cmd: MAP LOAD FILE="../../../../../../Users/magi1/Documents/PaperNinja_FirstTime/PaperNinja/Content/Maps/Test/Test_Physics_FallFloor.umap" TEMPLATE=0 SHOWPROGRESS=1 FEATURELEVEL=3
[2021.05.22-06.38.28:061][884]LightingResults: New page: ライティングのビルド
[2021.05.22-06.38.28:138][884]LoadErrors: New page: マップをロード中: Test_Physics_FallFloor.umap
[2021.05.22-06.38.28:140][884]MapCheck: New page: マップをチェック
[2021.05.22-06.38.28:140][884]LightingResults: New page: <何も選択されていません>
[2021.05.22-06.38.28:162][884]LogParticles: Destroying 0 GPU particle simulations for FXSystem 0x000002DDFC0036A0
[2021.05.22-06.38.28:231][884]LogEditorServer: Finished looking for orphan Actors (0.000 secs)
[2021.05.22-06.38.28:238][884]LogAIModule: Creating AISystem for world Test_Physics_FallFloor
[2021.05.22-06.38.28:351][884]Cmd: MAP CHECKDEP
[2021.05.22-06.38.28:351][884]MapCheck: New page: Test_Physics_FallFloor - 2021/05/23 0:38:28
[2021.05.22-06.38.28:690][884]MapCheck: 情報 マップチェックが完了: 0 エラー、 0 警告、完了に 338.838ミリ秒かかりました。
[2021.05.22-06.38.28:693][884]LogFileHelpers: Loading map 'Test_Physics_FallFloor' took 0.638
[2021.05.22-06.38.29:717][925]LogActorComponent: UnregisterComponent: (/Engine/Transient.CharMoveComp) Not registered. Aborting.
[2021.05.22-06.38.29:747][925]Cmd: MAP LOAD FILE="../../../../../../Users/magi1/Documents/PaperNinja_FirstTime/PaperNinja/Content/Maps/Test/Test_BasicBlueprint.umap" TEMPLATE=0 SHOWPROGRESS=1 FEATURELEVEL=3
[2021.05.22-06.38.29:747][925]LightingResults: New page: ライティングのビルド
[2021.05.22-06.38.29:823][925]LoadErrors: New page: マップをロード中: Test_BasicBlueprint.umap
[2021.05.22-06.38.29:825][925]MapCheck: New page: マップをチェック
[2021.05.22-06.38.29:825][925]LightingResults: New page: <何も選択されていません>
[2021.05.22-06.38.29:846][925]LogParticles: Destroying 0 GPU particle simulations for FXSystem 0x000002DDAEF62520
[2021.05.22-06.38.29:928][925]LogEditorServer: Finished looking for orphan Actors (0.000 secs)
[2021.05.22-06.38.29:935][925]LogAIModule: Creating AISystem for world Test_BasicBlueprint
[2021.05.22-06.38.30:037][925]Cmd: MAP CHECKDEP
[2021.05.22-06.38.30:037][925]MapCheck: New page: Test_BasicBlueprint - 2021/05/23 0:38:30
[2021.05.22-06.38.30:384][925]MapCheck: 情報 マップチェックが完了: 0 エラー、 0 警告、完了に 346.969ミリ秒かかりました。
[2021.05.22-06.38.30:387][925]LogFileHelpers: Loading map 'Test_BasicBlueprint' took 0.645
[2021.05.22-06.38.30:899][948]BlueprintLog: New page: PIE以前の自動再コンパイル
[2021.05.22-06.38.30:905][948]LogPlayLevel: [PIE] Compiling PNPickupCoinActor before PIE...
[2021.05.22-06.38.31:127][948]LogActorComponent: UnregisterComponent: (/Engine/Transient.CharMoveComp) Not registered. Aborting.
[2021.05.22-06.38.31:160][948]LogPlayLevel: [PIE] Compiling PNPickupScrollActor before PIE...
[2021.05.22-06.38.31:286][948]LogPlayLevel: [PIE] Compiling PNGameMode before PIE...
[2021.05.22-06.38.31:427][948]LogPlayLevel: [PIE] Compiling PNPlayerPawn before PIE...
[2021.05.22-06.38.31:931][948]LogPlayLevel: PIE:  Blueprint regeneration took 1031 ms (4 blueprints)
[2021.05.22-06.38.31:931][948]PIE: New page: PIEセッション: Test_BasicBlueprint (2021/05/23 0:38:31)
[2021.05.22-06.38.31:935][948]LogPlayLevel: PIE: StaticDuplicateObject took: (0.003186s)
[2021.05.22-06.38.31:936][948]LogPlayLevel: PIE: World Init took: (0.000825s)
[2021.05.22-06.38.31:936][948]LogPlayLevel: PIE: Created PIE world by copying editor world from /Game/Maps/Test/Test_BasicBlueprint.Test_BasicBlueprint to /Game/Maps/Test/UEDPIE_0_Test_BasicBlueprint.Test_BasicBlueprint (0.004253s)
[2021.05.22-06.38.32:018][948]LogWorld: Game class is 'PNGameMode_C'
[2021.05.22-06.38.32:025][948]LogAIModule: Creating AISystem for world Test_BasicBlueprint
[2021.05.22-06.38.32:033][948]LogWorld: Bringing World /Game/Maps/Test/UEDPIE_0_Test_BasicBlueprint.Test_BasicBlueprint up for play (max tick rate 60) at 2021.05.22-15.38.32
[2021.05.22-06.38.32:035][948]LogWorld: Bringing up level for play took: 0.008842
[2021.05.22-06.38.32:106][948]PIE: 情報 /Game/Maps/Test/UEDPIE_0_Test_BasicBlueprint 0.955のPIE開始時間
[2021.05.22-06.38.36:698][191]LogParticles: Destroying 0 GPU particle simulations for FXSystem 0x000002DDFC002160
[2021.05.22-06.38.37:664][231]Cmd: MAP LOAD FILE="../../../../../../Users/magi1/Documents/PaperNinja_FirstTime/PaperNinja/Content/Maps/Test/Test_Physics_FallFloor.umap" TEMPLATE=0 SHOWPROGRESS=1 FEATURELEVEL=3
[2021.05.22-06.38.37:664][231]LightingResults: New page: ライティングのビルド
[2021.05.22-06.38.37:738][231]LoadErrors: New page: マップをロード中: Test_Physics_FallFloor.umap
[2021.05.22-06.38.37:739][231]MapCheck: New page: マップをチェック
[2021.05.22-06.38.37:739][231]LightingResults: New page: <何も選択されていません>
[2021.05.22-06.38.37:760][231]LogParticles: Destroying 0 GPU particle simulations for FXSystem 0x000002DDFC003CE0
[2021.05.22-06.38.37:823][231]LogEditorServer: Finished looking for orphan Actors (0.000 secs)
[2021.05.22-06.38.37:830][231]LogAIModule: Creating AISystem for world Test_Physics_FallFloor
[2021.05.22-06.38.37:926][231]Cmd: MAP CHECKDEP
[2021.05.22-06.38.37:927][231]MapCheck: New page: Test_Physics_FallFloor - 2021/05/23 0:38:37
[2021.05.22-06.38.38:305][231]MapCheck: 情報 マップチェックが完了: 0 エラー、 0 警告、完了に 378.041ミリ秒かかりました。
[2021.05.22-06.38.38:307][231]LogFileHelpers: Loading map 'Test_Physics_FallFloor' took 0.648
[2021.05.22-06.38.39:205][267]LogActorComponent: UnregisterComponent: (/Engine/Transient.CharMoveComp) Not registered. Aborting.
[2021.05.22-06.38.39:237][267]Cmd: MAP LOAD FILE="../../../../../../Users/magi1/Documents/PaperNinja_FirstTime/PaperNinja/Content/Maps/Test/Test_Physics_Box.umap" TEMPLATE=0 SHOWPROGRESS=1 FEATURELEVEL=3
[2021.05.22-06.38.39:237][267]LightingResults: New page: ライティングのビルド
[2021.05.22-06.38.39:317][267]LoadErrors: New page: マップをロード中: Test_Physics_Box.umap
[2021.05.22-06.38.39:319][267]MapCheck: New page: マップをチェック
[2021.05.22-06.38.39:319][267]LightingResults: New page: <何も選択されていません>
[2021.05.22-06.38.39:401][267]LogParticles: Destroying 0 GPU particle simulations for FXSystem 0x000002DD943F2B60
[2021.05.22-06.38.39:409][267]LogEditorServer: Finished looking for orphan Actors (0.000 secs)
[2021.05.22-06.38.39:417][267]LogAIModule: Creating AISystem for world Test_Physics_Box
[2021.05.22-06.38.39:509][267]Cmd: MAP CHECKDEP
[2021.05.22-06.38.39:509][267]MapCheck: New page: Test_Physics_Box - 2021/05/23 0:38:39
[2021.05.22-06.38.39:849][267]MapCheck: 情報 マップチェックが完了: 0 エラー、 0 警告、完了に 340.617ミリ秒かかりました。
[2021.05.22-06.38.39:853][267]LogFileHelpers: Loading map 'Test_Physics_Box' took 0.620
[2021.05.22-06.38.41:707][342]LogActorComponent: UnregisterComponent: (/Engine/Transient.CharMoveComp) Not registered. Aborting.
[2021.05.22-06.38.41:742][342]Cmd: MAP LOAD FILE="../../../../../../Users/magi1/Documents/PaperNinja_FirstTime/PaperNinja/Content/Maps/Test/Test_Player_Death.umap" TEMPLATE=0 SHOWPROGRESS=1 FEATURELEVEL=3
[2021.05.22-06.38.41:742][342]LightingResults: New page: ライティングのビルド
[2021.05.22-06.38.41:817][342]LoadErrors: New page: マップをロード中: Test_Player_Death.umap
[2021.05.22-06.38.41:819][342]MapCheck: New page: マップをチェック
[2021.05.22-06.38.41:819][342]LightingResults: New page: <何も選択されていません>
[2021.05.22-06.38.41:844][342]LogParticles: Destroying 0 GPU particle simulations for FXSystem 0x000002DD943F1800
[2021.05.22-06.38.41:918][342]LogEditorServer: Finished looking for orphan Actors (0.000 secs)
[2021.05.22-06.38.41:926][342]LogAIModule: Creating AISystem for world Test_Player_Death
[2021.05.22-06.38.42:028][342]Cmd: MAP CHECKDEP
[2021.05.22-06.38.42:028][342]MapCheck: New page: Test_Player_Death - 2021/05/23 0:38:42
[2021.05.22-06.38.42:395][342]MapCheck: 情報 マップチェックが完了: 0 エラー、 0 警告、完了に 366.217ミリ秒かかりました。
[2021.05.22-06.38.42:398][342]LogFileHelpers: Loading map 'Test_Player_Death' took 0.660
[2021.05.22-06.38.43:301][373]LogActorComponent: UnregisterComponent: (/Engine/Transient.CharMoveComp) Not registered. Aborting.
[2021.05.22-06.38.43:337][373]Cmd: MAP LOAD FILE="../../../../../../Users/magi1/Documents/PaperNinja_FirstTime/PaperNinja/Content/Maps/Test/Test_Player_Movement.umap" TEMPLATE=0 SHOWPROGRESS=1 FEATURELEVEL=3
[2021.05.22-06.38.43:337][373]LightingResults: New page: ライティングのビルド
[2021.05.22-06.38.43:413][373]LoadErrors: New page: マップをロード中: Test_Player_Movement.umap
[2021.05.22-06.38.43:415][373]MapCheck: New page: マップをチェック
[2021.05.22-06.38.43:415][373]LightingResults: New page: <何も選択されていません>
[2021.05.22-06.38.43:437][373]LogParticles: Destroying 0 GPU particle simulations for FXSystem 0x000002DDA21CB880
[2021.05.22-06.38.43:507][373]LogEditorServer: Finished looking for orphan Actors (0.000 secs)
[2021.05.22-06.38.43:515][373]LogAIModule: Creating AISystem for world Test_Player_Movement
[2021.05.22-06.38.43:611][373]Cmd: MAP CHECKDEP
[2021.05.22-06.38.43:611][373]MapCheck: New page: Test_Player_Movement - 2021/05/23 0:38:43
[2021.05.22-06.38.43:955][373]MapCheck: 情報 マップチェックが完了: 0 エラー、 0 警告、完了に 344.007ミリ秒かかりました。
[2021.05.22-06.38.43:959][373]LogFileHelpers: Loading map 'Test_Player_Movement' took 0.627
[2021.05.22-06.38.44:501][385]LogActorComponent: UnregisterComponent: (/Engine/Transient.CharMoveComp) Not registered. Aborting.
[2021.05.22-06.38.44:532][385]Cmd: MAP LOAD FILE="../../../../../../Users/magi1/Documents/PaperNinja_FirstTime/PaperNinja/Content/Maps/Test/Test_Event_Switch.umap" TEMPLATE=0 SHOWPROGRESS=1 FEATURELEVEL=3
[2021.05.22-06.38.44:533][385]LightingResults: New page: ライティングのビルド
[2021.05.22-06.38.44:608][385]LoadErrors: New page: マップをロード中: Test_Event_Switch.umap
[2021.05.22-06.38.44:610][385]MapCheck: New page: マップをチェック
[2021.05.22-06.38.44:610][385]LightingResults: New page: <何も選択されていません>
[2021.05.22-06.38.44:630][385]LogParticles: Destroying 0 GPU particle simulations for FXSystem 0x000002DD9DC1D300
[2021.05.22-06.38.44:700][385]LogEditorServer: Finished looking for orphan Actors (0.000 secs)
[2021.05.22-06.38.44:707][385]LogAIModule: Creating AISystem for world Test_Event_Switch
[2021.05.22-06.38.44:800][385]Cmd: MAP CHECKDEP
[2021.05.22-06.38.44:800][385]MapCheck: New page: Test_Event_Switch - 2021/05/23 0:38:44
[2021.05.22-06.38.45:144][385]MapCheck: 情報 マップチェックが完了: 0 エラー、 0 警告、完了に 343.773ミリ秒かかりました。
[2021.05.22-06.38.45:147][385]LogFileHelpers: Loading map 'Test_Event_Switch' took 0.620
[2021.05.22-06.38.45:997][420]LogActorComponent: UnregisterComponent: (/Engine/Transient.CharMoveComp) Not registered. Aborting.
[2021.05.22-06.38.46:031][420]Cmd: MAP LOAD FILE="../../../../../../Users/magi1/Documents/PaperNinja_FirstTime/PaperNinja/Content/Maps/Test/Test_Collision_Trace.umap" TEMPLATE=0 SHOWPROGRESS=1 FEATURELEVEL=3
[2021.05.22-06.38.46:031][420]LightingResults: New page: ライティングのビルド
[2021.05.22-06.38.46:108][420]LoadErrors: New page: マップをロード中: Test_Collision_Trace.umap
[2021.05.22-06.38.46:110][420]MapCheck: New page: マップをチェック
[2021.05.22-06.38.46:110][420]LightingResults: New page: <何も選択されていません>
[2021.05.22-06.38.46:131][420]LogParticles: Destroying 0 GPU particle simulations for FXSystem 0x000002DDAEFA1E40
[2021.05.22-06.38.46:200][420]LogEditorServer: Finished looking for orphan Actors (0.000 secs)
[2021.05.22-06.38.46:208][420]LogAIModule: Creating AISystem for world Test_Collision_Trace
[2021.05.22-06.38.46:299][420]Cmd: MAP CHECKDEP
[2021.05.22-06.38.46:299][420]MapCheck: New page: Test_Collision_Trace - 2021/05/23 0:38:46
[2021.05.22-06.38.46:641][420]MapCheck: 情報 マップチェックが完了: 0 エラー、 0 警告、完了に 341.256ミリ秒かかりました。
[2021.05.22-06.38.46:645][420]LogFileHelpers: Loading map 'Test_Collision_Trace' took 0.619
[2021.05.22-06.38.47:557][466]MapCheck: New page: マップをチェック
[2021.05.22-06.38.47:595][466]Cmd: MAP REBUILD ALLVISIBLE
[2021.05.22-06.38.47:595][466]LogEditorServer: Rebuildmap Clear paths rebuilt
[2021.05.22-06.38.47:694][466]LightingResults: New page: ライティングのビルド - 2021/05/23 0:38:47
[2021.05.22-06.38.56:423][466]LogStaticLightingSystem:Warning: No importance volume found, so the scene bounding box was used.  You can optimize your scene's quality and lighting build times by adding importance volumes.
[2021.05.22-06.38.56:424][466]LogStaticLightingSystem: Running Lightmass w/ ImmediateImport mode ENABLED
[2021.05.22-06.38.56:424][466]LogStaticLightingSystem: Running Lightmass w/ ImmediateProcess mode ENABLED
[2021.05.22-06.38.56:424][466]LogStaticLightingSystem: Running Lightmass w/ Sorting mode ENABLED
[2021.05.22-06.38.56:424][466]LogStaticLightingSystem: Running Lightmass w/ Mapping paddings ENABLED
[2021.05.22-06.38.56:424][466]LogStaticLightingSystem: Running Lightmass w/ Mapping debug paddings DISABLED
[2021.05.22-06.38.56:675][466]LogEditorBuildUtils: Build time 0:00:09
[2021.05.22-06.38.57:139][469]LogActorComponent: UnregisterComponent: (/Engine/Transient.CharMoveComp) Not registered. Aborting.
[2021.05.22-06.38.58:863][476]BlueprintLog: New page: PIE以前の自動再コンパイル
[2021.05.22-06.38.58:868][476]LogPlayLevel: [PIE] Compiling PNPickupCoinActor before PIE...
[2021.05.22-06.38.59:105][476]LogPlayLevel: [PIE] Compiling PNPickupScrollActor before PIE...
[2021.05.22-06.38.59:264][476]LogPlayLevel: [PIE] Compiling PNGameMode before PIE...
[2021.05.22-06.38.59:431][476]LogPlayLevel: [PIE] Compiling PNPlayerPawn before PIE...
[2021.05.22-06.38.59:532][476]Job is a success!
[2021.05.22-06.38.59:955][476]LogPlayLevel: PIE:  Blueprint regeneration took 1091 ms (4 blueprints)
[2021.05.22-06.38.59:955][476]PIE: New page: PIEセッション: Test_Collision_Trace (2021/05/23 0:38:59)
[2021.05.22-06.38.59:959][476]LogPlayLevel: PIE: StaticDuplicateObject took: (0.002989s)
[2021.05.22-06.38.59:960][476]LogPlayLevel: PIE: World Init took: (0.000859s)
[2021.05.22-06.38.59:960][476]LogPlayLevel: PIE: Created PIE world by copying editor world from /Game/Maps/Test/Test_Collision_Trace.Test_Collision_Trace to /Game/Maps/Test/UEDPIE_0_Test_Collision_Trace.Test_Collision_Trace (0.004102s)
[2021.05.22-06.39.00:127][476]LogWorld: Game class is 'PNGameMode_C'
[2021.05.22-06.39.00:135][476]LogAIModule: Creating AISystem for world Test_Collision_Trace
[2021.05.22-06.39.00:149][476]LogWorld: Bringing World /Game/Maps/Test/UEDPIE_0_Test_Collision_Trace.Test_Collision_Trace up for play (max tick rate 60) at 2021.05.22-15.39.00
[2021.05.22-06.39.00:155][476]LogWorld: Bringing up level for play took: 0.019506
[2021.05.22-06.39.00:250][476]PIE: 情報 /Game/Maps/Test/UEDPIE_0_Test_Collision_Trace 1.099のPIE開始時間
[2021.05.22-06.39.04:775][678]LogParticles: Destroying 0 GPU particle simulations for FXSystem 0x000002DD9C8B9440
[2021.05.22-06.39.05:956][735]BlueprintLog: New page: PIE以前の自動再コンパイル
[2021.05.22-06.39.05:962][735]LogPlayLevel: [PIE] Compiling PNPickupCoinActor before PIE...
[2021.05.22-06.39.06:199][735]LogPlayLevel: [PIE] Compiling PNPickupScrollActor before PIE...
[2021.05.22-06.39.06:331][735]LogPlayLevel: [PIE] Compiling PNGameMode before PIE...
[2021.05.22-06.39.06:469][735]LogPlayLevel: [PIE] Compiling PNPlayerPawn before PIE...
[2021.05.22-06.39.06:994][735]LogPlayLevel: PIE:  Blueprint regeneration took 1037 ms (4 blueprints)
[2021.05.22-06.39.06:995][735]PIE: New page: PIEセッション: Test_Collision_Trace (2021/05/23 0:39:06)
[2021.05.22-06.39.06:999][735]LogPlayLevel: PIE: StaticDuplicateObject took: (0.003546s)
[2021.05.22-06.39.07:000][735]LogPlayLevel: PIE: World Init took: (0.000852s)
[2021.05.22-06.39.07:000][735]LogPlayLevel: PIE: Created PIE world by copying editor world from /Game/Maps/Test/Test_Collision_Trace.Test_Collision_Trace to /Game/Maps/Test/UEDPIE_0_Test_Collision_Trace.Test_Collision_Trace (0.004644s)
[2021.05.22-06.39.07:143][735]LogWorld: Game class is 'PNGameMode_C'
[2021.05.22-06.39.07:148][735]LogAIModule: Creating AISystem for world Test_Collision_Trace
[2021.05.22-06.39.07:160][735]LogWorld: Bringing World /Game/Maps/Test/UEDPIE_0_Test_Collision_Trace.Test_Collision_Trace up for play (max tick rate 60) at 2021.05.22-15.39.07
[2021.05.22-06.39.07:167][735]LogWorld: Bringing up level for play took: 0.017531
[2021.05.22-06.39.07:245][735]PIE: 情報 /Game/Maps/Test/UEDPIE_0_Test_Collision_Trace 2.094のPIE開始時間
[2021.05.22-06.39.14:126][107]LogBlueprintUserMessages: Died!
[2021.05.22-06.39.16:156][215]LogParticles: Destroying 0 GPU particle simulations for FXSystem 0x000002DDFC699C60
[2021.05.22-06.39.22:358][552]LogActorComponent: UnregisterComponent: (/Engine/Transient.CharMoveComp) Not registered. Aborting.
[2021.05.22-06.39.24:320][552]LogSavePackage: Save=108.006203ms
[2021.05.22-06.39.24:320][552]LogSavePackage: Moving '../../../../../../Users/magi1/Documents/PaperNinja_FirstTime/PaperNinja/Saved/Test_Collision_Trace9C637C754E23FA884427258A89C849F1.tmp' to '../../../../../../Users/magi1/Documents/PaperNinja_FirstTime/PaperNinja/Content/Maps/Test/Test_Collision_Trace.umap'
[2021.05.22-06.39.24:429][552]LogFileHelpers: Saving map 'Test_Collision_Trace' took 0.738
[2021.05.22-06.39.40:673][169]LogTexture:Display: テクスチャをビルド中: HQ_Lightmap0_1 (AutoDXT)
[2021.05.22-06.39.40:679][169]LogTexture:Display: テクスチャをビルド中: LQ_Lightmap_1_2 (DXT1)
[2021.05.22-06.39.40:679][169]LogTexture:Display: テクスチャをビルド中: HQ_Lightmap1_2 (AutoDXT)
[2021.05.22-06.39.40:681][169]LogTexture:Display: テクスチャをビルド中: LQ_Lightmap_0_1 (DXT1)
[2021.05.22-06.39.40:712][169]LogTexture:Display: テクスチャをビルド中: ShadowMapTexture2D_0 (BGRA8)
[2021.05.22-06.39.40:717][169]LogTexture:Display: テクスチャをビルド中: ShadowMapTexture2D_3 (BGRA8)
[2021.05.22-06.39.40:763][169]Lightmass on DESKTOP-QG331CQ: 42.5 sec total, 182 ms importing, 1 ms setup, 722 ms photons, 41.5 sec processing, 0 ms extra exporting [2/2 mappings]. Threads: 7:36 min total, 438 ms processing.
[2021.05.22-06.39.40:838][169]LogStaticLightingSystem: Illumination: 12.8 sec (59 ms encoding lightmaps)
[2021.05.22-06.39.40:838][169]LogStaticLightingSystem: Lightmap texture memory:  0.1 MB (0.1 MB streaming, 0.0 MB non-streaming), 4 textures
[2021.05.22-06.39.40:838][169]LogStaticLightingSystem: Shadowmap texture memory: 0.2 MB (0.2 MB streaming, 0.0 MB non-streaming), 2 textures
[2021.05.22-06.39.45:463][169]LogEditorViewport: Clicking Background
[2021.05.22-06.39.45:481][169]LogEditorViewport: Clicking on Actor (LMB): BP_Sky_Sphere_C (Sky Sphere)
[2021.05.22-06.39.45:508][169]LogEditorViewport: Clicking on Actor (LMB): BP_Sky_Sphere_C (Sky Sphere)
[2021.05.22-06.39.45:531][169]LogEditorViewport: Clicking on Actor (LMB): BP_Sky_Sphere_C (Sky Sphere)
[2021.05.22-06.39.45:567][170]Cmd: MAP CHECK NOTIFYRESULTS
[2021.05.22-06.39.45:567][170]MapCheck: New page: Test_Collision_Trace - 2021/05/23 0:39:45
[2021.05.22-06.39.45:917][170]MapCheck: 情報 マップチェックが完了: 0 エラー、 0 警告、完了に 349.738ミリ秒かかりました。
[2021.05.22-06.39.53:603][276]Cmd: QUIT_EDITOR
[2021.05.22-06.39.54:099][276]LogExit: Preparing to exit.
[2021.05.22-06.39.54:923][276]LogExit: Editor shut down
[2021.05.22-06.39.54:923][276]LogExit: Transaction tracking system shut down
[2021.05.22-06.39.54:924][276]LogParticles: Destroying 0 GPU particle simulations for FXSystem 0x000002DDEC33BC40
[2021.05.22-06.39.54:925][276]LogParticles: Destroying 0 GPU particle simulations for FXSystem 0x000002DDFC002E80
[2021.05.22-06.39.54:925][276]LogParticles: Destroying 0 GPU particle simulations for FXSystem 0x000002DDFC66B600
[2021.05.22-06.39.54:926][276]LogParticles: Destroying 0 GPU particle simulations for FXSystem 0x000002DDFC69A200
[2021.05.22-06.39.54:926][276]LogParticles: Destroying 0 GPU particle simulations for FXSystem 0x000002DD99F5F9C0
[2021.05.22-06.39.54:929][276]LogParticles: Destroying 0 GPU particle simulations for FXSystem 0x000002DDE9CD0540
[2021.05.22-06.39.54:929][276]LogParticles: Destroying 0 GPU particle simulations for FXSystem 0x000002DDFC698400
[2021.05.22-06.39.55:051][276]LogExit: Object subsystem successfully closed.
[2021.05.22-06.39.55:182][276]LogModuleManager: Shutting down and abandoning module PhAT (180)
[2021.05.22-06.39.55:182][276]LogModuleManager: Shutting down and abandoning module ExternalImagePicker (179)
[2021.05.22-06.39.55:182][276]LogModuleManager: Shutting down and abandoning module CrashTracker (178)
[2021.05.22-06.39.55:182][276]LogModuleManager: Shutting down and abandoning module SuperSearch (177)
[2021.05.22-06.39.55:182][276]LogModuleManager: Shutting down and abandoning module WorldBrowser (176)
[2021.05.22-06.39.55:183][276]LogModuleManager: Shutting down and abandoning module SceneOutliner (175)
[2021.05.22-06.39.55:183][276]LogModuleManager: Shutting down and abandoning module EditorWidgets (174)
[2021.05.22-06.39.55:183][276]LogModuleManager: Shutting down and abandoning module CollectionManager (173)
[2021.05.22-06.39.55:183][276]LogModuleManager: Shutting down and abandoning module StatsViewer (172)
[2021.05.22-06.39.55:183][276]LogModuleManager: Shutting down and abandoning module FoliageEdit (171)
[2021.05.22-06.39.55:183][276]LogModuleManager: Shutting down and abandoning module LandscapeEditor (170)
[2021.05.22-06.39.55:183][276]LogModuleManager: Shutting down and abandoning module MeshPaint (169)
[2021.05.22-06.39.55:183][276]LogModuleManager: Shutting down and abandoning module ActorPickerMode (168)
[2021.05.22-06.39.55:183][276]LogModuleManager: Shutting down and abandoning module GeometryMode (167)
[2021.05.22-06.39.55:183][276]LogModuleManager: Shutting down and abandoning module TextureAlignMode (166)
[2021.05.22-06.39.55:183][276]LogModuleManager: Shutting down and abandoning module BspMode (165)
[2021.05.22-06.39.55:183][276]LogModuleManager: Shutting down and abandoning module PlacementMode (164)
[2021.05.22-06.39.55:183][276]LogModuleManager: Shutting down and abandoning module AutomationWorker (163)
[2021.05.22-06.39.55:183][276]LogModuleManager: Shutting down and abandoning module CharacterAI (162)
[2021.05.22-06.39.55:183][276]LogModuleManager: Shutting down and abandoning module SmartSnapping (161)
[2021.05.22-06.39.55:183][276]LogModuleManager: Shutting down and abandoning module ViewportSnapping (160)
[2021.05.22-06.39.55:183][276]LogModuleManager: Shutting down and abandoning module LogVisualizer (159)
[2021.05.22-06.39.55:184][276]LogModuleManager: Shutting down and abandoning module GameProjectGeneration (158)
[2021.05.22-06.39.55:184][276]LogModuleManager: Shutting down and abandoning module IntroTutorials (157)
[2021.05.22-06.39.55:184][276]LogModuleManager: Shutting down and abandoning module EditorLiveStreaming (156)
[2021.05.22-06.39.55:184][276]LogModuleManager: Shutting down and abandoning module HardwareTargeting (155)
[2021.05.22-06.39.55:184][276]LogModuleManager: Shutting down and abandoning module DeviceProfileEditor (154)
[2021.05.22-06.39.55:184][276]LogModuleManager: Shutting down and abandoning module UndoHistory (153)
[2021.05.22-06.39.55:184][276]LogModuleManager: Shutting down and abandoning module GameplayTagsEditor (152)
[2021.05.22-06.39.55:184][276]LogModuleManager: Shutting down and abandoning module UserFeedback (151)
[2021.05.22-06.39.55:184][276]LogModuleManager: Shutting down and abandoning module XmlParser (150)
[2021.05.22-06.39.55:184][276]LogModuleManager: Shutting down and abandoning module Blutility (149)
[2021.05.22-06.39.55:184][276]LogModuleManager: Shutting down and abandoning module IOSPlatformEditor (148)
[2021.05.22-06.39.55:184][276]LogModuleManager: Shutting down and abandoning module IOSRuntimeSettings (147)
[2021.05.22-06.39.55:184][276]LogModuleManager: Shutting down and abandoning module AndroidDeviceDetection (146)
[2021.05.22-06.39.56:043][276]LogModuleManager: Shutting down and abandoning module AndroidPlatformEditor (145)
[2021.05.22-06.39.56:043][276]LogModuleManager: Shutting down and abandoning module AndroidRuntimeSettings (144)
[2021.05.22-06.39.56:043][276]LogModuleManager: Shutting down and abandoning module ProjectTargetPlatformEditor (143)
[2021.05.22-06.39.56:043][276]LogModuleManager: Shutting down and abandoning module ProjectSettingsViewer (142)
[2021.05.22-06.39.56:043][276]LogModuleManager: Shutting down and abandoning module InputBindingEditor (141)
[2021.05.22-06.39.56:044][276]LogModuleManager: Shutting down and abandoning module EditorSettingsViewer (140)
[2021.05.22-06.39.56:044][276]LogModuleManager: Shutting down and abandoning module SettingsEditor (139)
[2021.05.22-06.39.56:044][276]LogModuleManager: Shutting down and abandoning module ProjectLauncher (138)
[2021.05.22-06.39.56:044][276]LogModuleManager: Shutting down and abandoning module SessionFrontend (137)
[2021.05.22-06.39.56:044][276]LogModuleManager: Shutting down and abandoning module ProfilerClient (136)
[2021.05.22-06.39.56:044][276]LogModuleManager: Shutting down and abandoning module TargetDeviceServices (135)
[2021.05.22-06.39.56:044][276]LogModuleManager: Shutting down and abandoning module DeviceManager (134)
[2021.05.22-06.39.56:044][276]LogModuleManager: Shutting down and abandoning module AutomationController (133)
[2021.05.22-06.39.56:044][276]LogModuleManager: Shutting down and abandoning module AutomationWindow (132)
[2021.05.22-06.39.56:044][276]LogModuleManager: Shutting down and abandoning module Layers (131)
[2021.05.22-06.39.56:044][276]LogModuleManager: Shutting down and abandoning module ComponentVisualizers (130)
[2021.05.22-06.39.56:044][276]LogModuleManager: Shutting down and abandoning module DetailCustomizations (129)
[2021.05.22-06.39.56:044][276]LogModuleManager: Shutting down and abandoning module PackagesDialog (128)
[2021.05.22-06.39.56:045][276]LogModuleManager: Shutting down and abandoning module AssetRegistry (127)
[2021.05.22-06.39.56:134][276]LogModuleManager: Shutting down and abandoning module Persona (126)
[2021.05.22-06.39.56:134][276]LogModuleManager: Shutting down and abandoning module SlateReflector (125)
[2021.05.22-06.39.56:134][276]LogModuleManager: Shutting down and abandoning module LevelEditor (124)
[2021.05.22-06.39.56:136][276]LogModuleManager: Shutting down and abandoning module Kismet (123)
[2021.05.22-06.39.56:136][276]LogModuleManager: Shutting down and abandoning module GraphEditor (122)
[2021.05.22-06.39.56:136][276]LogModuleManager: Shutting down and abandoning module ClassViewer (121)
[2021.05.22-06.39.56:136][276]LogModuleManager: Shutting down and abandoning module Toolbox (120)
[2021.05.22-06.39.56:136][276]LogModuleManager: Shutting down and abandoning module ModuleUI (119)
[2021.05.22-06.39.56:136][276]LogModuleManager: Shutting down and abandoning module MovieSceneTools (118)
[2021.05.22-06.39.56:136][276]LogModuleManager: Shutting down and abandoning module OutputLog (117)
[2021.05.22-06.39.56:137][276]LogModuleManager: Shutting down and abandoning module GammaUI (116)
[2021.05.22-06.39.56:137][276]LogModuleManager: Shutting down and abandoning module Documentation (115)
[2021.05.22-06.39.56:138][276]LogModuleManager: Shutting down and abandoning module GameLiveStreaming (114)
[2021.05.22-06.39.56:138][276]LogModuleManager: Shutting down and abandoning module StreamingPauseRendering (113)
[2021.05.22-06.39.56:138][276]LogModuleManager: Shutting down and abandoning module HTTP (112)
[2021.05.22-06.39.56:138][276]LogModuleManager: Shutting down and abandoning module AnalyticsET (111)
[2021.05.22-06.39.56:138][276]LogModuleManager: Shutting down and abandoning module Analytics (110)
[2021.05.22-06.39.56:138][276]LogModuleManager: Shutting down and abandoning module AITestSuite (109)
[2021.05.22-06.39.56:138][276]LogModuleManager: Shutting down and abandoning module GameplayDebugger (108)
[2021.05.22-06.39.56:138][276]LogModuleManager: Shutting down and abandoning module AIModule (107)
[2021.05.22-06.39.56:138][276]LogModuleManager: Shutting down and abandoning module ProfilerService (106)
[2021.05.22-06.39.56:273][276]LogModuleManager: Shutting down and abandoning module TaskGraph (105)
[2021.05.22-06.39.56:273][276]LogModuleManager: Shutting down and abandoning module SlateRemote (104)
[2021.05.22-06.39.56:273][276]LogModuleManager: Shutting down and abandoning module ScriptEditorPlugin (103)
[2021.05.22-06.39.56:273][276]LogModuleManager: Shutting down and abandoning module CustomMeshComponent (102)
[2021.05.22-06.39.56:273][276]LogModuleManager: Shutting down and abandoning module CableComponent (101)
[2021.05.22-06.39.56:273][276]LogModuleManager: Shutting down and abandoning module MessagingDebugger (100)
[2021.05.22-06.39.56:274][276]LogModuleManager: Shutting down and abandoning module MediaPlayerEditor (99)
[2021.05.22-06.39.56:274][276]LogModuleManager: Shutting down and abandoning module SpeedTreeImporter (98)
[2021.05.22-06.39.56:274][276]LogModuleManager: Shutting down and abandoning module PluginsEditor (97)
[2021.05.22-06.39.56:274][276]LogModuleManager: Shutting down and abandoning module MainFrame (96)
[2021.05.22-06.39.56:274][276]LogModuleManager: Shutting down and abandoning module EpicSurvey (95)
[2021.05.22-06.39.56:274][276]LogModuleManager: Shutting down and abandoning module DesktopPlatform (94)
[2021.05.22-06.39.56:274][276]LogModuleManager: Shutting down and abandoning module DirectoryWatcher (93)
[2021.05.22-06.39.56:274][276]LogModuleManager: Shutting down and abandoning module HotReload (92)
[2021.05.22-06.39.56:274][276]LogModuleManager: Shutting down and abandoning module VisualStudioSourceCodeAccess (91)
[2021.05.22-06.39.56:274][276]LogModuleManager: Shutting down and abandoning module UObjectPlugin (90)
[2021.05.22-06.39.56:274][276]LogModuleManager: Shutting down and abandoning module SubversionSourceControl (89)
[2021.05.22-06.39.56:274][276]LogModuleManager: Shutting down and abandoning module PerforceSourceControl (88)
[2021.05.22-06.39.56:274][276]LogModuleManager: Shutting down and abandoning module SourceControl (87)
[2021.05.22-06.39.56:274][276]LogModuleManager: Shutting down and abandoning module GitSourceControl (86)
[2021.05.22-06.39.56:275][276]LogModuleManager: Shutting down and abandoning module BlankPlugin (85)
[2021.05.22-06.39.56:275][276]LogModuleManager: Shutting down and abandoning module PaperTiledImporter (84)
[2021.05.22-06.39.56:275][276]LogModuleManager: Shutting down and abandoning module PaperJsonImporter (83)
[2021.05.22-06.39.56:275][276]LogModuleManager: Shutting down and abandoning module ContentBrowser (82)
[2021.05.22-06.39.56:276][276]LogModuleManager: Shutting down and abandoning module Paper2DEditor (81)
[2021.05.22-06.39.56:276][276]LogModuleManager: Shutting down and abandoning module ScriptPlugin (80)
[2021.05.22-06.39.56:276][276]LogModuleManager: Shutting down and abandoning module UdpMessaging (79)
[2021.05.22-06.39.56:377][276]LogModuleManager: Shutting down and abandoning module Paper2D (78)
[2021.05.22-06.39.56:377][276]LogModuleManager: Shutting down and abandoning module WindowsMoviePlayer (77)
[2021.05.22-06.39.56:384][276]LogModuleManager: Shutting down and abandoning module Media (76)
[2021.05.22-06.39.56:384][276]LogModuleManager: Shutting down and abandoning module WmfMedia (75)
[2021.05.22-06.39.56:386][276]LogModuleManager: Shutting down and abandoning module OnlineBlueprintSupport (74)
[2021.05.22-06.39.56:386][276]LogModuleManager: Shutting down and abandoning module PropertyEditor (73)
[2021.05.22-06.39.56:386][276]LogModuleManager: Shutting down and abandoning module BehaviorTreeEditor (72)
[2021.05.22-06.39.56:386][276]LogModuleManager: Shutting down and abandoning module FunctionalTesting (71)
[2021.05.22-06.39.56:386][276]LogModuleManager: Shutting down and abandoning module CollisionAnalyzer (70)
[2021.05.22-06.39.56:387][276]LogModuleManager: Shutting down and abandoning module WorkspaceMenuStructure (69)
[2021.05.22-06.39.56:387][276]LogModuleManager: Shutting down and abandoning module MessageLog (68)
[2021.05.22-06.39.56:387][276]LogModuleManager: Shutting down and abandoning module Sequencer (67)
[2021.05.22-06.39.56:387][276]LogModuleManager: Shutting down and abandoning module AssetTools (66)
[2021.05.22-06.39.56:387][276]LogModuleManager: Shutting down and abandoning module UMGEditor (65)
[2021.05.22-06.39.56:387][276]LogModuleManager: Shutting down and abandoning module UMG (64)
[2021.05.22-06.39.56:387][276]LogModuleManager: Shutting down and abandoning module Slate (63)
[2021.05.22-06.39.56:387][276]LogModuleManager: Shutting down and abandoning module EditorStyle (62)
[2021.05.22-06.39.56:401][276]LogModuleManager: Shutting down and abandoning module SessionServices (61)
[2021.05.22-06.39.56:401][276]LogModuleManager: Shutting down and abandoning module SourceCodeAccess (60)
[2021.05.22-06.39.56:401][276]LogModuleManager: Shutting down and abandoning module HeadMountedDisplay (59)
[2021.05.22-06.39.56:401][276]LogModuleManager: Shutting down and abandoning module XAudio2 (58)
[2021.05.22-06.39.56:401][276]LogModuleManager: Shutting down and abandoning module Networking (56)
[2021.05.22-06.39.56:401][276]LogModuleManager: Shutting down and abandoning module Core (55)
[2021.05.22-06.39.56:401][276]LogModuleManager: Shutting down and abandoning module KismetCompiler (54)
[2021.05.22-06.39.56:401][276]LogModuleManager: Shutting down and abandoning module PhysXFormats (53)
[2021.05.22-06.39.56:401][276]LogModuleManager: Shutting down and abandoning module MeshUtilities (52)
[2021.05.22-06.39.56:401][276]LogModuleManager: Shutting down and abandoning module DerivedDataCache (51)
[2021.05.22-06.39.56:442][276]LogDerivedDataCache: Shutdown
[2021.05.22-06.39.56:442][276]LogModuleManager: Shutting down and abandoning module ShaderFormatOpenGL (50)
[2021.05.22-06.39.56:442][276]LogModuleManager: Shutting down and abandoning module ShaderFormatD3D (49)
[2021.05.22-06.39.56:442][276]LogModuleManager: Shutting down and abandoning module MetalShaderFormat (48)
[2021.05.22-06.39.56:442][276]LogModuleManager: Shutting down and abandoning module TextureFormatUncompressed (47)
[2021.05.22-06.39.56:442][276]LogModuleManager: Shutting down and abandoning module TextureFormatPVR (46)
[2021.05.22-06.39.56:442][276]LogModuleManager: Shutting down and abandoning module TextureFormatIntelISPCTexComp (45)
[2021.05.22-06.39.56:442][276]LogModuleManager: Shutting down and abandoning module TextureFormatDXT (44)
[2021.05.22-06.39.56:442][276]LogModuleManager: Shutting down and abandoning module ImageWrapper (43)
[2021.05.22-06.39.56:442][276]LogModuleManager: Shutting down and abandoning module TextureFormatASTC (42)
[2021.05.22-06.39.56:442][276]LogModuleManager: Shutting down and abandoning module TextureFormatAndroid (41)
[2021.05.22-06.39.56:442][276]LogModuleManager: Shutting down and abandoning module AudioFormatOpus (40)
[2021.05.22-06.39.56:442][276]LogModuleManager: Shutting down and abandoning module AudioFormatOgg (39)
[2021.05.22-06.39.56:442][276]LogModuleManager: Shutting down and abandoning module AudioFormatADPCM (38)
[2021.05.22-06.39.56:442][276]LogModuleManager: Shutting down and abandoning module LinuxTargetPlatform (37)
[2021.05.22-06.39.56:443][276]LogModuleManager: Shutting down and abandoning module LinuxServerTargetPlatform (36)
[2021.05.22-06.39.56:443][276]LogModuleManager: Shutting down and abandoning module LinuxNoEditorTargetPlatform (35)
[2021.05.22-06.39.56:443][276]LogModuleManager: Shutting down and abandoning module Messaging (34)
[2021.05.22-06.39.56:443][276]LogModuleManager: Shutting down and abandoning module IOSTargetPlatform (33)
[2021.05.22-06.39.56:443][276]LogModuleManager: Shutting down and abandoning module HTML5TargetPlatform (32)
[2021.05.22-06.39.56:443][276]LogModuleManager: Shutting down and abandoning module Android_PVRTCTargetPlatform (31)
[2021.05.22-06.39.56:443][276]LogModuleManager: Shutting down and abandoning module Android_ETC2TargetPlatform (30)
[2021.05.22-06.39.56:443][276]LogModuleManager: Shutting down and abandoning module Android_ETC1TargetPlatform (29)
[2021.05.22-06.39.56:443][276]LogModuleManager: Shutting down and abandoning module Android_ES31TargetPlatform (28)
[2021.05.22-06.39.56:443][276]LogModuleManager: Shutting down and abandoning module Android_DXTTargetPlatform (27)
[2021.05.22-06.39.56:443][276]LogModuleManager: Shutting down and abandoning module Android_ATCTargetPlatform (26)
[2021.05.22-06.39.56:443][276]LogModuleManager: Shutting down and abandoning module AndroidTargetPlatform (25)
[2021.05.22-06.39.56:443][276]LogModuleManager: Shutting down and abandoning module WindowsTargetPlatform (24)
[2021.05.22-06.39.56:443][276]LogModuleManager: Shutting down and abandoning module WindowsServerTargetPlatform (23)
[2021.05.22-06.39.56:443][276]LogModuleManager: Shutting down and abandoning module WindowsNoEditorTargetPlatform (22)
[2021.05.22-06.39.56:443][276]LogModuleManager: Shutting down and abandoning module WindowsClientTargetPlatform (21)
[2021.05.22-06.39.56:443][276]LogModuleManager: Shutting down and abandoning module TargetPlatform (20)
[2021.05.22-06.39.56:443][276]LogModuleManager: Shutting down and abandoning module InputCore (19)
[2021.05.22-06.39.56:443][276]LogModuleManager: Shutting down and abandoning module Settings (18)
[2021.05.22-06.39.56:443][276]LogModuleManager: Shutting down and abandoning module OnlineSubsystem (16)
[2021.05.22-06.39.56:443][276]LogModuleManager: Shutting down and abandoning module OculusRift (15)
[2021.05.22-06.39.56:443][276]LogModuleManager: Shutting down and abandoning module ExampleDeviceProfileSelector (14)
[2021.05.22-06.39.56:443][276]LogModuleManager: Shutting down and abandoning module TextureCompressor (13)
[2021.05.22-06.39.56:443][276]LogModuleManager: Shutting down and abandoning module ShaderCore (12)
[2021.05.22-06.39.56:443][276]LogModuleManager: Shutting down and abandoning module Landscape (11)
[2021.05.22-06.39.56:443][276]LogModuleManager: Shutting down and abandoning module SlateRHIRenderer (10)
[2021.05.22-06.39.56:451][276]LogModuleManager: Shutting down and abandoning module OpenGLDrv (9)
[2021.05.22-06.39.56:451][276]LogModuleManager: Shutting down and abandoning module D3D11RHI (8)
[2021.05.22-06.39.56:451][276]LogModuleManager: Shutting down and abandoning module Renderer (7)
[2021.05.22-06.39.56:451][276]LogModuleManager: Shutting down and abandoning module Engine (6)
[2021.05.22-06.39.56:451][276]LogModuleManager: Shutting down and abandoning module CoreUObject (5)
[2021.05.22-06.39.56:451][276]LogModuleManager: Shutting down and abandoning module NetworkFile (4)
[2021.05.22-06.39.56:451][276]LogModuleManager: Shutting down and abandoning module StreamingFile (3)
[2021.05.22-06.39.56:451][276]LogModuleManager: Shutting down and abandoning module SandboxFile (2)
[2021.05.22-06.39.56:451][276]LogModuleManager: Shutting down and abandoning module PakFile (1)
[2021.05.22-06.39.56:453][276]LogExit: Exiting.
[2021.05.22-06.39.56:506][276]Log file closed, 05/22/21 15:39:56
