Log file open, 06/13/21 19:43:24
LogInit:Display: Running engine for game: PaperNinja
LogInit: Version: 4.7.6-2513093+++depot+UE4-Releases+4.7
LogInit: API Version: 2455222
LogInit: Compiled (64-bit): Apr 15 2015 12:09:54
LogInit: Compiled with Visual C++: 18.00.21005.01
LogInit: Build Configuration: Development
LogInit: Branch Name: ++depot+UE4-Releases+4.7
LogInit: Command line:  
LogInit: Base directory: C:/Program Files/Epic Games/UE_4.7/Engine/Binaries/Win64/
LogInit: Rocket: 1
[2021.06.13-10.43.24:619][  0]LogTaskGraph: Started task graph with 3 named threads and 8 total threads.
[2021.06.13-10.43.24:695][  0]LogOnline:Warning: No default platform service specified for OnlineSubsystem
[2021.06.13-10.43.24:711][  0]LogInit: Presizing for 0 objects not considered by GC, pre-allocating 0 bytes.
[2021.06.13-10.43.24:717][  0]LogInit: Object subsystem initialized
[2021.06.13-10.43.24:719][  0]LogConsoleResponse:Warning: Skipping Unknown console variable: 'TranslucentSortAxis = (X=0.000000,Y=-1.000000,Z=0.000000)'
[2021.06.13-10.43.24:719][  0]LogConsoleResponse:Warning:   Found in ini file 'C:/Users/magi1/Documents/PaperNinja_FirstTime/PaperNinja/Saved/Config/Windows/Engine.ini', in section '[/Script/Engine.RendererSettings]'
[2021.06.13-10.43.24:719][  0]LogConsoleResponse:Warning: Skipping Unknown console variable: 'UIScaleRule = ShortestSide'
[2021.06.13-10.43.24:719][  0]LogConsoleResponse:Warning:   Found in ini file 'C:/Users/magi1/Documents/PaperNinja_FirstTime/PaperNinja/Saved/Config/Windows/Engine.ini', in section '[/Script/Engine.RendererSettings]'
[2021.06.13-10.43.24:719][  0]LogConsoleResponse:Warning: Skipping Unknown console variable: 'UIScaleCurve = (EditorCurveData=(Keys=),ExternalCurve=None)'
[2021.06.13-10.43.24:719][  0]LogConsoleResponse:Warning:   Found in ini file 'C:/Users/magi1/Documents/PaperNinja_FirstTime/PaperNinja/Saved/Config/Windows/Engine.ini', in section '[/Script/Engine.RendererSettings]'
[2021.06.13-10.43.24:719][  0]LogInit: Selected Device Profile: [Windows]
[2021.06.13-10.43.24:719][  0]LogInit: Applying CVar settings loaded from the selected device profile: [Windows]
[2021.06.13-10.43.24:724][  0]LogInit: Computer: DESKTOP-QG331CQ
[2021.06.13-10.43.24:724][  0]LogInit: User: magi1
[2021.06.13-10.43.24:724][  0]LogInit: CPU Page size=4096, Cores=6
[2021.06.13-10.43.24:724][  0]LogInit: High frequency timer resolution =10.000000 MHz
[2021.06.13-10.43.24:724][  0]LogMemory: Memory total: Physical=15.9GB (16GB approx) Virtual=131072.0GB
[2021.06.13-10.43.24:725][  0]LogMemory: Platform Memory Stats for Windows
[2021.06.13-10.43.24:725][  0]LogMemory: Process Physical Memory: 49.98 MB used, 49.99 MB peak
[2021.06.13-10.43.24:725][  0]LogMemory: Process Virtual Memory: 26.84 MB used, 26.85 MB peak
[2021.06.13-10.43.24:725][  0]LogMemory: Physical Memory: 7176.50 MB used, 16239.85 MB total
[2021.06.13-10.43.24:725][  0]LogMemory: Virtual Memory: 4432.94 MB used, 134217728.00 MB total
[2021.06.13-10.43.24:863][  0]LogD3D11RHI: Found D3D11 adapter 0: NVIDIA GeForce RTX 2080 (Feature Level 11_0)
[2021.06.13-10.43.24:863][  0]LogD3D11RHI: Adapter has 8010MB of dedicated video memory, 0MB of dedicated system memory, and 8119MB of shared system memory, 2 output[s]
[2021.06.13-10.43.24:893][  0]LogD3D11RHI: Found D3D11 adapter 1: Intel(R) UHD Graphics 630 (Feature Level 11_0)
[2021.06.13-10.43.24:893][  0]LogD3D11RHI: Adapter has 128MB of dedicated video memory, 0MB of dedicated system memory, and 8119MB of shared system memory, 0 output[s]
[2021.06.13-10.43.24:895][  0]LogD3D11RHI: Found D3D11 adapter 2: Microsoft Basic Render Driver (Feature Level 11_0)
[2021.06.13-10.43.24:895][  0]LogD3D11RHI: Adapter has 0MB of dedicated video memory, 0MB of dedicated system memory, and 8119MB of shared system memory, 0 output[s]
[2021.06.13-10.43.24:895][  0]LogD3D11RHI: Chosen D3D11 Adapter Id = 0
[2021.06.13-10.43.24:900][  0]LogRHI: Texture pool is 1361 MB (70% of 1945 MB)
[2021.06.13-10.43.24:980][  0]LogD3D11RHI: Async texture creation enabled
[2021.06.13-10.43.25:054][  0]LogTextLocalizationManager: The requested culture ('ja_JP') has no localization data; parent culture's ('ja') localization data will be used.
[2021.06.13-10.43.25:101][  0]LogTextLocalizationManager:Warning: Loading localization resources contain conflicting entries for (Namespace:UICommands, Key:Save_ToolTip):
Resource: (C:/Program Files/Epic Games/UE_4.7/Engine/Content/Localization/Editor/ja/Editor.locres) Hash: (-29098895) String: (現行レベルをディスクに保存)
Resource: (C:/Program Files/Epic Games/UE_4.7/Engine/Content/Localization/Engine/ja/Engine.locres) Hash: (-1280300587) String: (選択データをvlogファイルに保存)
[2021.06.13-10.43.25:101][  0]LogTextLocalizationManager:Warning: Loading localization resources contain conflicting entries for (Namespace:ContentBrowser, Key:ImportAssetToolTip):
Resource: (C:/Program Files/Epic Games/UE_4.7/Engine/Content/Localization/Editor/ja/Editor.locres) Hash: (-630476809) String: ({0} にインポート...)
Resource: (C:/Program Files/Epic Games/UE_4.7/Engine/Content/Localization/Editor/ja/Editor.locres) Hash: (1271782899) String: (このフォルダへファイルからアセットをインポート)
[2021.06.13-10.43.25:160][  0]LogContentStreaming: Texture pool size is 0.000000MB
[2021.06.13-10.43.27:104][  0]LogTargetPlatformManager:Display: Building Assets For Windows
[2021.06.13-10.43.27:571][  0]LogTargetPlatformManager:Display: Building Assets For Windows
[2021.06.13-10.43.27:633][  0]LogDerivedDataCache:Display: Max Cache Size: 512 MB
[2021.06.13-10.43.27:658][  0]LogDerivedDataCache: Loaded boot cache 0.03s 39MB C:/Users/magi1/AppData/Local/UnrealEngine/4.7/DerivedDataCache/Boot.ddc.
[2021.06.13-10.43.27:658][  0]LogDerivedDataCache:Display: Loaded Boot cache: C:/Users/magi1/AppData/Local/UnrealEngine/4.7/DerivedDataCache/Boot.ddc
[2021.06.13-10.43.27:658][  0]LogDerivedDataCache: FDerivedDataBackendGraph:  Pak pak cache file ../../../../../../Users/magi1/Documents/PaperNinja_FirstTime/PaperNinja/DerivedDataCache/DDC.ddp not found, will not use a pak cache.
[2021.06.13-10.43.27:658][  0]LogDerivedDataCache: Unable to find inner node Pak for hierarchical cache Hierarchy.
[2021.06.13-10.43.27:752][  0]LogDerivedDataCache:Display: Pak cache opened for reading ../../../Engine/DerivedDataCache/Compressed.ddp.
[2021.06.13-10.43.27:764][  0]LogDerivedDataCache: Using Local data cache path C:/Users/magi1/AppData/Local/UnrealEngine/Common/DerivedDataCache: Writable
[2021.06.13-10.43.27:988][  0]LogMeshUtilities: No automatic mesh reduction module available
[2021.06.13-10.43.27:988][  0]LogMeshUtilities: No automatic mesh merging module available
[2021.06.13-10.43.28:286][  0]LogInit: WinSock: version 1.1 (2.2), MaxSocks=32767, MaxUdp=65467
[2021.06.13-10.43.28:374][  0]LogSlate:Warning: Failed to load font data from '../../../Engine/Content/Slate/Fonts/Roboto-Italic.ttf'
[2021.06.13-10.43.29:074][  0]UdpMessaging: Initializing bridge on interface 0.0.0.0:0 to multicast group 230.0.0.1:6666.
[2021.06.13-10.43.29:293][  0]SourceControl: 情報 ソースコントロールは無効です
[2021.06.13-10.43.29:293][  0]SourceControl: 情報 ソースコントロールは無効です
[2021.06.13-10.43.29:293][  0]SourceControl: 情報 ソースコントロールは無効です
[2021.06.13-10.43.29:293][  0]LogSourceControl: RunCommandInternalRaw: 'git version'
[2021.06.13-10.43.29:293][  0]LogSourceControl: RunCommandInternalRaw: ExecProcess ReturnCode=2 OutResults=''
[2021.06.13-10.43.29:304][  0]SourceControl: 情報 ソースコントロールは無効です
[2021.06.13-10.43.29:505][  0]LogObj: 24232 objects as part of root set at end of initial load.
[2021.06.13-10.43.29:505][  0]LogUObjectAllocator: 5137168 out of 0 bytes used by permanent object pool.
[2021.06.13-10.43.29:574][  0]LogEngine: Initializing Engine...
[2021.06.13-10.43.31:735][  0]LogInit: XAudio2 using 'スピーカー (Realtek(R) Audio)' : 2 channels at 48 kHz using 32 bits per sample (channel mask 0x3)
[2021.06.13-10.43.31:785][  0]LogInit: FAudioDevice initialized.
[2021.06.13-10.43.31:829][  0]LogAIModule: Creating AISystem for world NewWorld
[2021.06.13-10.43.31:846][  0]LogDerivedDataCache: Saved boot cache 0.02s 39MB C:/Users/magi1/AppData/Local/UnrealEngine/4.7/DerivedDataCache/Boot.ddc.
[2021.06.13-10.43.31:847][  0]LogInit: Texture streaming: Enabled
[2021.06.13-10.43.31:925][  0]LogAnalytics: Creating configured Analytics provider AnalyticsET
[2021.06.13-10.43.31:925][  0]LogAnalytics: ET APIKey = Rocket.Release. APIServer = http://et2.epicgames.com/ET2/. AppVersion = 4.7.6-2513093+++depot+UE4-Releases+4.7
[2021.06.13-10.43.31:925][  0]LogAnalytics: ET APIKey = Rocket.Release. DataRouterUploadURL = https://datarouter-public-service-gamedev.ol.epicgames.net/datarouter/api/v1/public/data. AppVersion = 4.7.6-2513093+++depot+UE4-Releases+4.7
[2021.06.13-10.43.31:926][  0]LogAnalytics: SetUserId 144e59504b07e7078f7f9fbff0f199ea|e89bcdc3dddd40638ff112a71cef8e67|badf8662-73b2-480e-8b08-9b9fdfc993be
[2021.06.13-10.43.31:926][  0]LogAnalytics: AnalyticsET::StartSession [Rocket.Release]
[2021.06.13-10.43.31:962][  0]LogInit: Transaction tracking system initialized
[2021.06.13-10.43.32:172][  0]BlueprintLog: New page: エディタの読み込み
[2021.06.13-10.43.32:216][  0]LogAssetRegistry: FAssetRegistry took 0.0109 seconds to start up
[2021.06.13-10.43.32:217][  0]LogDirectoryWatcher:Warning: Failed to begin reading directory changes for ../../../Engine/Plugins/Experimental/CharacterAI/Content/. Error: 0
[2021.06.13-10.43.32:726][  0]LogTargetPlatformManager:Display: Building Assets For Windows
[2021.06.13-10.43.33:015][  0]LogTargetPlatformManager:Display: Building Assets For Windows
[2021.06.13-10.43.33:297][  0]LogSlate:Warning: Failed to load font data from '../../../Engine/Content/Editor/Slate/Fonts/Roboto-Regular.ttf'
[2021.06.13-10.43.33:297][  0]LogSlate:Warning: Failed to load font data from '../../../Engine/Content/Editor/Slate/Fonts/Roboto-Bold.ttf'
[2021.06.13-10.43.33:301][  0]LogConsoleResponse:Display: 
[2021.06.13-10.43.33:414][  0]LogCook:Display: Done creating registry. It took  0.00s.
[2021.06.13-10.43.33:584][  0]SourceControl: 情報 ソースコントロールは無効です
[2021.06.13-10.43.33:584][  0]Cmd: MAP LOAD FILE="../../../../../../Users/magi1/Documents/PaperNinja_FirstTime/PaperNinja/Content/StarterContent/Maps/Minimal_Default.umap" TEMPLATE=0 SHOWPROGRESS=1 FEATURELEVEL=3
[2021.06.13-10.43.33:584][  0]LightingResults: New page: ライティングのビルド
[2021.06.13-10.43.33:598][  0]MapCheck: New page: マップをチェック
[2021.06.13-10.43.33:598][  0]LightingResults: New page: <何も選択されていません>
[2021.06.13-10.43.33:602][  0]LogParticles: Destroying 0 GPU particle simulations for FXSystem 0x0000025B8A128EA0
[2021.06.13-10.43.34:301][  0]LogEditorServer: Finished looking for orphan Actors (0.000 secs)
[2021.06.13-10.43.34:309][  0]LogAIModule: Creating AISystem for world Minimal_Default
[2021.06.13-10.43.34:310][  0]Cmd: MAP CHECKDEP
[2021.06.13-10.43.34:310][  0]MapCheck: New page: Minimal_Default - 2021/06/14 4:43:34
[2021.06.13-10.43.34:404][  0]MapCheck: 情報 マップチェックが完了: 0 エラー、 0 警告、完了に 94.305ミリ秒かかりました。
[2021.06.13-10.43.34:405][  0]LogFileHelpers: Loading map 'Minimal_Default' took 0.821
[2021.06.13-10.43.34:605][  0]LogCollectionManager: Loaded 0 collections in 0.002191 seconds
[2021.06.13-10.43.34:613][  0]LogContentBrowser: Native class hierarchy populated in 0.0077 seconds. Added 1696 classes and 261 folders.
[2021.06.13-10.43.34:653][  0]LogContentBrowser: Native class hierarchy updated for 'SceneOutliner' in 0.0024 seconds. Added 1 classes and 2 folders.
[2021.06.13-10.43.34:675][  0]LogContentBrowser: Native class hierarchy updated for 'WorldBrowser' in 0.0025 seconds. Added 1 classes and 3 folders.
[2021.06.13-10.43.34:739][  0]LogCrashTracker: Crashtracker disabled due to settings.
[2021.06.13-10.43.34:740][  0]LogSlate:Warning: Failed to load font data from 'Veranda'
[2021.06.13-10.43.34:751][  0]LogUObjectGlobals:Warning: オブジェクト 'Class なし.' が見つかりませんでした
[2021.06.13-10.43.34:781][  0]LogLoad: Full Startup: 13.09 seconds (BP compile: 0.07 seconds)
[2021.06.13-10.43.35:192][  0]LogContentBrowser:Verbose: The content browser source was changed by the sources view to '/Game/Maps/Stage01'
[2021.06.13-10.43.35:284][  0]LogRenderer:Warning: Reallocating scene render targets to support 32x32 (Frame:2).
[2021.06.13-10.43.35:348][  0]LogRenderer:Warning: Reallocating scene render targets to support 1200x576 (Frame:4).
[2021.06.13-10.43.36:136][  3]LogAssetRegistry: Asset discovery search completed in 3.9321 seconds
[2021.06.13-10.43.40:494][ 11]LogContentBrowser:Verbose: The content browser source was changed by the sources view to '/Game/Particles/Materials'
[2021.06.13-10.43.40:519][ 11]LogLinker:Warning: アセット名を解決できません
[2021.06.13-10.43.46:380][241]LogContentBrowser:Verbose: The content browser source was changed by the sources view to '/Game/Maps/Test'
[2021.06.13-10.43.53:718][674]Cmd: MAP LOAD FILE="../../../../../../Users/magi1/Documents/PaperNinja_FirstTime/PaperNinja/Content/Maps/Test/Test_Player_Camera.umap" TEMPLATE=0 SHOWPROGRESS=1 FEATURELEVEL=3
[2021.06.13-10.43.53:718][674]LightingResults: New page: ライティングのビルド
[2021.06.13-10.43.53:742][674]LoadErrors: New page: マップをロード中: Test_Player_Camera.umap
[2021.06.13-10.43.53:743][674]MapCheck: New page: マップをチェック
[2021.06.13-10.43.53:743][674]LightingResults: New page: <何も選択されていません>
[2021.06.13-10.43.53:754][674]LogParticles: Destroying 0 GPU particle simulations for FXSystem 0x0000025B86714540
[2021.06.13-10.43.53:780][674]LogEditorServer: Finished looking for orphan Actors (0.000 secs)
[2021.06.13-10.43.53:784][674]LogAIModule: Creating AISystem for world Test_Player_Camera
[2021.06.13-10.43.53:828][674]Cmd: MAP CHECKDEP
[2021.06.13-10.43.53:828][674]MapCheck: New page: Test_Player_Camera - 2021/06/14 4:43:53
[2021.06.13-10.43.53:940][674]MapCheck: 情報 マップチェックが完了: 0 エラー、 0 警告、完了に 111.599ミリ秒かかりました。
[2021.06.13-10.43.53:941][674]LogFileHelpers: Loading map 'Test_Player_Camera' took 0.224
[2021.06.13-10.43.53:957][674]LogScript:Warning: Accessed None 'CallFunc_TryGetPawnOwner_ReturnValue'
	PNAnimBP_Rabbit_C /Engine/Transient.CharacterMesh0:PNAnimBP_Rabbit_C_1
	Function /Game/Animations/PNAnimBP_Rabbit.PNAnimBP_Rabbit_C:ExecuteUbergraph_PNAnimBP_Rabbit:0291
[2021.06.13-10.43.53:957][674]LogScript:Warning: Accessed None 'K2Node_DynamicCast_AsPNPawn_Rabbit'
	PNAnimBP_Rabbit_C /Engine/Transient.CharacterMesh0:PNAnimBP_Rabbit_C_1
	Function /Game/Animations/PNAnimBP_Rabbit.PNAnimBP_Rabbit_C:ExecuteUbergraph_PNAnimBP_Rabbit:0353
[2021.06.13-10.43.53:957][674]LogScript:Warning: Accessed None 'CallFunc_TryGetPawnOwner_ReturnValue'
	PNAnimBP_Rabbit_C /Engine/Transient.CharacterMesh0:PNAnimBP_Rabbit_C_1
	Function /Game/Animations/PNAnimBP_Rabbit.PNAnimBP_Rabbit_C:ExecuteUbergraph_PNAnimBP_Rabbit:0291
[2021.06.13-10.43.53:957][674]LogScript:Warning: Accessed None 'K2Node_DynamicCast_AsPNPawn_Rabbit'
	PNAnimBP_Rabbit_C /Engine/Transient.CharacterMesh0:PNAnimBP_Rabbit_C_1
	Function /Game/Animations/PNAnimBP_Rabbit.PNAnimBP_Rabbit_C:ExecuteUbergraph_PNAnimBP_Rabbit:0353
[2021.06.13-10.44.01:198][109]LogContentBrowser:Verbose: The content browser source was changed by the sources view to '/Game/EditorResources'
[2021.06.13-10.44.01:816][146]LogContentBrowser:Verbose: The content browser source was changed by the sources view to '/Game/Props'
[2021.06.13-10.44.10:294][649]LogActorFactory: Actor Factory created SM_Bonfire
[2021.06.13-10.44.10:979][690]LogActorFactory: Actor Factory created SM_Bonfire
[2021.06.13-10.44.11:630][727]LogEditorViewport: Clicking on Actor (LMB): StaticMeshActor (Floor)
[2021.06.13-10.44.33:323][ 23]LogContentBrowser:Verbose: The content browser source was changed by the sources view to '/Game/Blueprints'
[2021.06.13-10.44.48:876][944]LogActorComponent: UnregisterComponent: (/Engine/Transient.CharMoveComp) Not registered. Aborting.
[2021.06.13-10.44.49:091][944]LogSavePackage: Save=34.316399ms
[2021.06.13-10.44.49:091][944]LogSavePackage: Moving '../../../../../../Users/magi1/Documents/PaperNinja_FirstTime/PaperNinja/Saved/Test_Player_CameraD44B2024450C0814975F978CE6FEDAF2.tmp' to '../../../../../../Users/magi1/Documents/PaperNinja_FirstTime/PaperNinja/Content/Maps/Test/Test_Player_Camera.umap'
[2021.06.13-10.44.50:115][998]LogScript:Warning: Accessed None 'CallFunc_TryGetPawnOwner_ReturnValue'
	PNAnimBP_Rabbit_C /Engine/Transient.CharacterMesh0:PNAnimBP_Rabbit_C_4
	Function /Game/Animations/PNAnimBP_Rabbit.PNAnimBP_Rabbit_C:ExecuteUbergraph_PNAnimBP_Rabbit:0291
[2021.06.13-10.44.50:115][998]LogScript:Warning: Accessed None 'K2Node_DynamicCast_AsPNPawn_Rabbit'
	PNAnimBP_Rabbit_C /Engine/Transient.CharacterMesh0:PNAnimBP_Rabbit_C_4
	Function /Game/Animations/PNAnimBP_Rabbit.PNAnimBP_Rabbit_C:ExecuteUbergraph_PNAnimBP_Rabbit:0353
[2021.06.13-10.44.50:115][998]LogScript:Warning: Accessed None 'CallFunc_TryGetPawnOwner_ReturnValue'
	PNAnimBP_Rabbit_C /Engine/Transient.CharacterMesh0:PNAnimBP_Rabbit_C_4
	Function /Game/Animations/PNAnimBP_Rabbit.PNAnimBP_Rabbit_C:ExecuteUbergraph_PNAnimBP_Rabbit:0291
[2021.06.13-10.44.50:115][998]LogScript:Warning: Accessed None 'K2Node_DynamicCast_AsPNPawn_Rabbit'
	PNAnimBP_Rabbit_C /Engine/Transient.CharacterMesh0:PNAnimBP_Rabbit_C_4
	Function /Game/Animations/PNAnimBP_Rabbit.PNAnimBP_Rabbit_C:ExecuteUbergraph_PNAnimBP_Rabbit:0353
[2021.06.13-10.44.50:594][ 27]LogActorComponent: UnregisterComponent: (/Engine/Transient.CharMoveComp) Not registered. Aborting.
[2021.06.13-10.44.50:610][ 27]LogScript:Warning: Accessed None 'CallFunc_TryGetPawnOwner_ReturnValue'
	PNAnimBP_Rabbit_C /Engine/Transient.CharacterMesh0:PNAnimBP_Rabbit_C_5
	Function /Game/Animations/PNAnimBP_Rabbit.PNAnimBP_Rabbit_C:ExecuteUbergraph_PNAnimBP_Rabbit:0291
[2021.06.13-10.44.50:610][ 27]LogScript:Warning: Accessed None 'K2Node_DynamicCast_AsPNPawn_Rabbit'
	PNAnimBP_Rabbit_C /Engine/Transient.CharacterMesh0:PNAnimBP_Rabbit_C_5
	Function /Game/Animations/PNAnimBP_Rabbit.PNAnimBP_Rabbit_C:ExecuteUbergraph_PNAnimBP_Rabbit:0353
[2021.06.13-10.44.50:610][ 27]LogScript:Warning: Accessed None 'CallFunc_TryGetPawnOwner_ReturnValue'
	PNAnimBP_Rabbit_C /Engine/Transient.CharacterMesh0:PNAnimBP_Rabbit_C_5
	Function /Game/Animations/PNAnimBP_Rabbit.PNAnimBP_Rabbit_C:ExecuteUbergraph_PNAnimBP_Rabbit:0291
[2021.06.13-10.44.50:610][ 27]LogScript:Warning: Accessed None 'K2Node_DynamicCast_AsPNPawn_Rabbit'
	PNAnimBP_Rabbit_C /Engine/Transient.CharacterMesh0:PNAnimBP_Rabbit_C_5
	Function /Game/Animations/PNAnimBP_Rabbit.PNAnimBP_Rabbit_C:ExecuteUbergraph_PNAnimBP_Rabbit:0353
[2021.06.13-10.44.53:682][143]LogScript:Warning: Accessed None 'CallFunc_TryGetPawnOwner_ReturnValue'
	PNAnimBP_Ninja_C /Engine/Transient.SkeletalMeshComponent_0:PNAnimBP_Ninja_C_0
	Function /Game/Animations/PNAnimBP_Ninja.PNAnimBP_Ninja_C:ExecuteUbergraph_PNAnimBP_Ninja:02BB
[2021.06.13-10.44.53:682][143]LogScript:Warning: Accessed None 'K2Node_DynamicCast_AsPNPlayer_Pawn'
	PNAnimBP_Ninja_C /Engine/Transient.SkeletalMeshComponent_0:PNAnimBP_Ninja_C_0
	Function /Game/Animations/PNAnimBP_Ninja.PNAnimBP_Ninja_C:ExecuteUbergraph_PNAnimBP_Ninja:03B5
[2021.06.13-10.44.53:682][143]LogScript:Warning: Accessed None 'CallFunc_TryGetPawnOwner_ReturnValue'
	PNAnimBP_Ninja_C /Engine/Transient.SkeletalMeshComponent_0:PNAnimBP_Ninja_C_0
	Function /Game/Animations/PNAnimBP_Ninja.PNAnimBP_Ninja_C:ExecuteUbergraph_PNAnimBP_Ninja:02BB
[2021.06.13-10.44.53:682][143]LogScript:Warning: Accessed None 'K2Node_DynamicCast_AsPNPlayer_Pawn'
	PNAnimBP_Ninja_C /Engine/Transient.SkeletalMeshComponent_0:PNAnimBP_Ninja_C_0
	Function /Game/Animations/PNAnimBP_Ninja.PNAnimBP_Ninja_C:ExecuteUbergraph_PNAnimBP_Ninja:03B5
[2021.06.13-10.45.00:048][501]BlueprintLog: New page: Test_Player_Camera をコンパイル
[2021.06.13-10.45.00:076][501]LogActorComponent: UnregisterComponent: (/Engine/Transient.CharMoveComp) Not registered. Aborting.
[2021.06.13-10.45.00:076][501]LogActorComponent: UnregisterComponent: (/Engine/Transient.CharacterMovementComponent_0) Not registered. Aborting.
[2021.06.13-10.45.00:098][501]BlueprintEditorCompileResults: 情報 [0098.41] Test_Player_Camera のコンパイルに成功しました！  [ 49 ミリ秒]
[2021.06.13-10.45.01:979][608]LogScript:Warning: Accessed None 'CallFunc_TryGetPawnOwner_ReturnValue'
	PNAnimBP_Rabbit_C /Engine/Transient.CharacterMesh0:PNAnimBP_Rabbit_C_6
	Function /Game/Animations/PNAnimBP_Rabbit.PNAnimBP_Rabbit_C:ExecuteUbergraph_PNAnimBP_Rabbit:0291
[2021.06.13-10.45.01:979][608]LogScript:Warning: Accessed None 'K2Node_DynamicCast_AsPNPawn_Rabbit'
	PNAnimBP_Rabbit_C /Engine/Transient.CharacterMesh0:PNAnimBP_Rabbit_C_6
	Function /Game/Animations/PNAnimBP_Rabbit.PNAnimBP_Rabbit_C:ExecuteUbergraph_PNAnimBP_Rabbit:0353
[2021.06.13-10.45.01:979][608]LogScript:Warning: Accessed None 'CallFunc_TryGetPawnOwner_ReturnValue'
	PNAnimBP_Rabbit_C /Engine/Transient.CharacterMesh0:PNAnimBP_Rabbit_C_6
	Function /Game/Animations/PNAnimBP_Rabbit.PNAnimBP_Rabbit_C:ExecuteUbergraph_PNAnimBP_Rabbit:0291
[2021.06.13-10.45.01:980][608]LogScript:Warning: Accessed None 'K2Node_DynamicCast_AsPNPawn_Rabbit'
	PNAnimBP_Rabbit_C /Engine/Transient.CharacterMesh0:PNAnimBP_Rabbit_C_6
	Function /Game/Animations/PNAnimBP_Rabbit.PNAnimBP_Rabbit_C:ExecuteUbergraph_PNAnimBP_Rabbit:0353
[2021.06.13-10.45.01:980][608]LogScript:Warning: Accessed None 'CallFunc_TryGetPawnOwner_ReturnValue'
	PNAnimBP_Ninja_C /Engine/Transient.SkeletalMeshComponent_1:PNAnimBP_Ninja_C_1
	Function /Game/Animations/PNAnimBP_Ninja.PNAnimBP_Ninja_C:ExecuteUbergraph_PNAnimBP_Ninja:02BB
[2021.06.13-10.45.01:980][608]LogScript:Warning: Accessed None 'K2Node_DynamicCast_AsPNPlayer_Pawn'
	PNAnimBP_Ninja_C /Engine/Transient.SkeletalMeshComponent_1:PNAnimBP_Ninja_C_1
	Function /Game/Animations/PNAnimBP_Ninja.PNAnimBP_Ninja_C:ExecuteUbergraph_PNAnimBP_Ninja:03B5
[2021.06.13-10.45.01:980][608]LogScript:Warning: Accessed None 'CallFunc_TryGetPawnOwner_ReturnValue'
	PNAnimBP_Ninja_C /Engine/Transient.SkeletalMeshComponent_1:PNAnimBP_Ninja_C_1
	Function /Game/Animations/PNAnimBP_Ninja.PNAnimBP_Ninja_C:ExecuteUbergraph_PNAnimBP_Ninja:02BB
[2021.06.13-10.45.01:980][608]LogScript:Warning: Accessed None 'K2Node_DynamicCast_AsPNPlayer_Pawn'
	PNAnimBP_Ninja_C /Engine/Transient.SkeletalMeshComponent_1:PNAnimBP_Ninja_C_1
	Function /Game/Animations/PNAnimBP_Ninja.PNAnimBP_Ninja_C:ExecuteUbergraph_PNAnimBP_Ninja:03B5
[2021.06.13-10.45.02:274][624]LogActorComponent: UnregisterComponent: (/Engine/Transient.CharMoveComp) Not registered. Aborting.
[2021.06.13-10.45.02:274][624]LogActorComponent: UnregisterComponent: (/Engine/Transient.CharacterMovementComponent_1) Not registered. Aborting.
[2021.06.13-10.45.03:215][624]LogScript:Warning: Accessed None 'CallFunc_TryGetPawnOwner_ReturnValue'
	PNAnimBP_Rabbit_C /Engine/Transient.CharacterMesh0:PNAnimBP_Rabbit_C_7
	Function /Game/Animations/PNAnimBP_Rabbit.PNAnimBP_Rabbit_C:ExecuteUbergraph_PNAnimBP_Rabbit:0291
[2021.06.13-10.45.03:215][624]LogScript:Warning: Accessed None 'K2Node_DynamicCast_AsPNPawn_Rabbit'
	PNAnimBP_Rabbit_C /Engine/Transient.CharacterMesh0:PNAnimBP_Rabbit_C_7
	Function /Game/Animations/PNAnimBP_Rabbit.PNAnimBP_Rabbit_C:ExecuteUbergraph_PNAnimBP_Rabbit:0353
[2021.06.13-10.45.03:215][624]LogScript:Warning: Accessed None 'CallFunc_TryGetPawnOwner_ReturnValue'
	PNAnimBP_Rabbit_C /Engine/Transient.CharacterMesh0:PNAnimBP_Rabbit_C_7
	Function /Game/Animations/PNAnimBP_Rabbit.PNAnimBP_Rabbit_C:ExecuteUbergraph_PNAnimBP_Rabbit:0291
[2021.06.13-10.45.03:215][624]LogScript:Warning: Accessed None 'K2Node_DynamicCast_AsPNPawn_Rabbit'
	PNAnimBP_Rabbit_C /Engine/Transient.CharacterMesh0:PNAnimBP_Rabbit_C_7
	Function /Game/Animations/PNAnimBP_Rabbit.PNAnimBP_Rabbit_C:ExecuteUbergraph_PNAnimBP_Rabbit:0353
[2021.06.13-10.45.03:216][624]LogScript:Warning: Accessed None 'CallFunc_TryGetPawnOwner_ReturnValue'
	PNAnimBP_Ninja_C /Engine/Transient.SkeletalMeshComponent_2:PNAnimBP_Ninja_C_2
	Function /Game/Animations/PNAnimBP_Ninja.PNAnimBP_Ninja_C:ExecuteUbergraph_PNAnimBP_Ninja:02BB
[2021.06.13-10.45.03:216][624]LogScript:Warning: Accessed None 'K2Node_DynamicCast_AsPNPlayer_Pawn'
	PNAnimBP_Ninja_C /Engine/Transient.SkeletalMeshComponent_2:PNAnimBP_Ninja_C_2
	Function /Game/Animations/PNAnimBP_Ninja.PNAnimBP_Ninja_C:ExecuteUbergraph_PNAnimBP_Ninja:03B5
[2021.06.13-10.45.03:216][624]LogScript:Warning: Accessed None 'CallFunc_TryGetPawnOwner_ReturnValue'
	PNAnimBP_Ninja_C /Engine/Transient.SkeletalMeshComponent_2:PNAnimBP_Ninja_C_2
	Function /Game/Animations/PNAnimBP_Ninja.PNAnimBP_Ninja_C:ExecuteUbergraph_PNAnimBP_Ninja:02BB
[2021.06.13-10.45.03:216][624]LogScript:Warning: Accessed None 'K2Node_DynamicCast_AsPNPlayer_Pawn'
	PNAnimBP_Ninja_C /Engine/Transient.SkeletalMeshComponent_2:PNAnimBP_Ninja_C_2
	Function /Game/Animations/PNAnimBP_Ninja.PNAnimBP_Ninja_C:ExecuteUbergraph_PNAnimBP_Ninja:03B5
[2021.06.13-10.45.03:401][624]LogActorComponent: UnregisterComponent: (/Engine/Transient.CharMoveComp) Not registered. Aborting.
[2021.06.13-10.45.03:401][624]LogActorComponent: UnregisterComponent: (/Engine/Transient.CharacterMovementComponent_2) Not registered. Aborting.
[2021.06.13-10.45.03:570][624]LogSavePackage: Save=61.320000ms
[2021.06.13-10.45.03:570][624]LogSavePackage: Moving '../../../../../../Users/magi1/Documents/PaperNinja_FirstTime/PaperNinja/Saved/Test_Player_Camera4C2F745649A48DA6E575A2B0B78D7DEC.tmp' to '../../../../../../Users/magi1/Documents/PaperNinja_FirstTime/PaperNinja/Content/Maps/Test/Test_Player_Camera.umap'
[2021.06.13-10.45.03:617][624]LogFileHelpers: Saving map 'Test_Player_Camera' took 0.355
[2021.06.13-10.45.44:191][964]BlueprintLog: New page: Test_Player_Camera をコンパイル
[2021.06.13-10.45.44:241][964]BlueprintEditorCompileResults: 情報 [0142.55] Test_Player_Camera のコンパイルに成功しました！  [ 49 ミリ秒]
[2021.06.13-10.45.57:937][778]BlueprintLog: New page: Test_Player_Camera をコンパイル
[2021.06.13-10.45.57:980][778]BlueprintEditorCompileResults: 情報 [0156.29] Test_Player_Camera のコンパイルに成功しました！  [ 43 ミリ秒]
[2021.06.13-10.46.06:643][280]BlueprintLog: New page: Test_Player_Camera をコンパイル
[2021.06.13-10.46.06:690][280]BlueprintEditorCompileResults: 情報 [0165.00] Test_Player_Camera のコンパイルに成功しました！  [ 47 ミリ秒]
[2021.06.13-10.46.07:559][328]LogScript:Warning: Accessed None 'CallFunc_TryGetPawnOwner_ReturnValue'
	PNAnimBP_Rabbit_C /Engine/Transient.CharacterMesh0:PNAnimBP_Rabbit_C_8
	Function /Game/Animations/PNAnimBP_Rabbit.PNAnimBP_Rabbit_C:ExecuteUbergraph_PNAnimBP_Rabbit:0291
[2021.06.13-10.46.07:559][328]LogScript:Warning: Accessed None 'K2Node_DynamicCast_AsPNPawn_Rabbit'
	PNAnimBP_Rabbit_C /Engine/Transient.CharacterMesh0:PNAnimBP_Rabbit_C_8
	Function /Game/Animations/PNAnimBP_Rabbit.PNAnimBP_Rabbit_C:ExecuteUbergraph_PNAnimBP_Rabbit:0353
[2021.06.13-10.46.07:559][328]LogScript:Warning: Accessed None 'CallFunc_TryGetPawnOwner_ReturnValue'
	PNAnimBP_Rabbit_C /Engine/Transient.CharacterMesh0:PNAnimBP_Rabbit_C_8
	Function /Game/Animations/PNAnimBP_Rabbit.PNAnimBP_Rabbit_C:ExecuteUbergraph_PNAnimBP_Rabbit:0291
[2021.06.13-10.46.07:559][328]LogScript:Warning: Accessed None 'K2Node_DynamicCast_AsPNPawn_Rabbit'
	PNAnimBP_Rabbit_C /Engine/Transient.CharacterMesh0:PNAnimBP_Rabbit_C_8
	Function /Game/Animations/PNAnimBP_Rabbit.PNAnimBP_Rabbit_C:ExecuteUbergraph_PNAnimBP_Rabbit:0353
[2021.06.13-10.46.07:559][328]LogScript:Warning: Accessed None 'CallFunc_TryGetPawnOwner_ReturnValue'
	PNAnimBP_Ninja_C /Engine/Transient.SkeletalMeshComponent_3:PNAnimBP_Ninja_C_3
	Function /Game/Animations/PNAnimBP_Ninja.PNAnimBP_Ninja_C:ExecuteUbergraph_PNAnimBP_Ninja:02BB
[2021.06.13-10.46.07:560][328]LogScript:Warning: Accessed None 'K2Node_DynamicCast_AsPNPlayer_Pawn'
	PNAnimBP_Ninja_C /Engine/Transient.SkeletalMeshComponent_3:PNAnimBP_Ninja_C_3
	Function /Game/Animations/PNAnimBP_Ninja.PNAnimBP_Ninja_C:ExecuteUbergraph_PNAnimBP_Ninja:03B5
[2021.06.13-10.46.07:560][328]LogScript:Warning: Accessed None 'CallFunc_TryGetPawnOwner_ReturnValue'
	PNAnimBP_Ninja_C /Engine/Transient.SkeletalMeshComponent_3:PNAnimBP_Ninja_C_3
	Function /Game/Animations/PNAnimBP_Ninja.PNAnimBP_Ninja_C:ExecuteUbergraph_PNAnimBP_Ninja:02BB
[2021.06.13-10.46.07:560][328]LogScript:Warning: Accessed None 'K2Node_DynamicCast_AsPNPlayer_Pawn'
	PNAnimBP_Ninja_C /Engine/Transient.SkeletalMeshComponent_3:PNAnimBP_Ninja_C_3
	Function /Game/Animations/PNAnimBP_Ninja.PNAnimBP_Ninja_C:ExecuteUbergraph_PNAnimBP_Ninja:03B5
[2021.06.13-10.46.08:094][358]LogActorComponent: UnregisterComponent: (/Engine/Transient.CharMoveComp) Not registered. Aborting.
[2021.06.13-10.46.08:094][358]LogActorComponent: UnregisterComponent: (/Engine/Transient.CharacterMovementComponent_3) Not registered. Aborting.
[2021.06.13-10.46.09:008][358]LogScript:Warning: Accessed None 'CallFunc_TryGetPawnOwner_ReturnValue'
	PNAnimBP_Rabbit_C /Engine/Transient.CharacterMesh0:PNAnimBP_Rabbit_C_9
	Function /Game/Animations/PNAnimBP_Rabbit.PNAnimBP_Rabbit_C:ExecuteUbergraph_PNAnimBP_Rabbit:0291
[2021.06.13-10.46.09:008][358]LogScript:Warning: Accessed None 'K2Node_DynamicCast_AsPNPawn_Rabbit'
	PNAnimBP_Rabbit_C /Engine/Transient.CharacterMesh0:PNAnimBP_Rabbit_C_9
	Function /Game/Animations/PNAnimBP_Rabbit.PNAnimBP_Rabbit_C:ExecuteUbergraph_PNAnimBP_Rabbit:0353
[2021.06.13-10.46.09:008][358]LogScript:Warning: Accessed None 'CallFunc_TryGetPawnOwner_ReturnValue'
	PNAnimBP_Rabbit_C /Engine/Transient.CharacterMesh0:PNAnimBP_Rabbit_C_9
	Function /Game/Animations/PNAnimBP_Rabbit.PNAnimBP_Rabbit_C:ExecuteUbergraph_PNAnimBP_Rabbit:0291
[2021.06.13-10.46.09:008][358]LogScript:Warning: Accessed None 'K2Node_DynamicCast_AsPNPawn_Rabbit'
	PNAnimBP_Rabbit_C /Engine/Transient.CharacterMesh0:PNAnimBP_Rabbit_C_9
	Function /Game/Animations/PNAnimBP_Rabbit.PNAnimBP_Rabbit_C:ExecuteUbergraph_PNAnimBP_Rabbit:0353
[2021.06.13-10.46.09:009][358]LogScript:Warning: Accessed None 'CallFunc_TryGetPawnOwner_ReturnValue'
	PNAnimBP_Ninja_C /Engine/Transient.SkeletalMeshComponent_4:PNAnimBP_Ninja_C_4
	Function /Game/Animations/PNAnimBP_Ninja.PNAnimBP_Ninja_C:ExecuteUbergraph_PNAnimBP_Ninja:02BB
[2021.06.13-10.46.09:009][358]LogScript:Warning: Accessed None 'K2Node_DynamicCast_AsPNPlayer_Pawn'
	PNAnimBP_Ninja_C /Engine/Transient.SkeletalMeshComponent_4:PNAnimBP_Ninja_C_4
	Function /Game/Animations/PNAnimBP_Ninja.PNAnimBP_Ninja_C:ExecuteUbergraph_PNAnimBP_Ninja:03B5
[2021.06.13-10.46.09:009][358]LogScript:Warning: Accessed None 'CallFunc_TryGetPawnOwner_ReturnValue'
	PNAnimBP_Ninja_C /Engine/Transient.SkeletalMeshComponent_4:PNAnimBP_Ninja_C_4
	Function /Game/Animations/PNAnimBP_Ninja.PNAnimBP_Ninja_C:ExecuteUbergraph_PNAnimBP_Ninja:02BB
[2021.06.13-10.46.09:009][358]LogScript:Warning: Accessed None 'K2Node_DynamicCast_AsPNPlayer_Pawn'
	PNAnimBP_Ninja_C /Engine/Transient.SkeletalMeshComponent_4:PNAnimBP_Ninja_C_4
	Function /Game/Animations/PNAnimBP_Ninja.PNAnimBP_Ninja_C:ExecuteUbergraph_PNAnimBP_Ninja:03B5
[2021.06.13-10.46.09:195][358]LogActorComponent: UnregisterComponent: (/Engine/Transient.CharMoveComp) Not registered. Aborting.
[2021.06.13-10.46.09:195][358]LogActorComponent: UnregisterComponent: (/Engine/Transient.CharacterMovementComponent_4) Not registered. Aborting.
[2021.06.13-10.46.09:386][358]LogSavePackage: Save=84.623802ms
[2021.06.13-10.46.09:386][358]LogSavePackage: Moving '../../../../../../Users/magi1/Documents/PaperNinja_FirstTime/PaperNinja/Saved/Test_Player_Camera5B9E39394A0A6742FC201E8FC2402047.tmp' to '../../../../../../Users/magi1/Documents/PaperNinja_FirstTime/PaperNinja/Content/Maps/Test/Test_Player_Camera.umap'
[2021.06.13-10.46.09:434][358]LogFileHelpers: Saving map 'Test_Player_Camera' took 0.382
[2021.06.13-10.46.23:783][215]BlueprintLog: New page: Test_Player_Camera をコンパイル
[2021.06.13-10.46.23:829][215]BlueprintEditorCompileResults: 情報 [0182.14] Test_Player_Camera のコンパイルに成功しました！  [ 46 ミリ秒]
[2021.06.13-10.46.24:825][270]LogScript:Warning: Accessed None 'CallFunc_TryGetPawnOwner_ReturnValue'
	PNAnimBP_Rabbit_C /Engine/Transient.CharacterMesh0:PNAnimBP_Rabbit_C_10
	Function /Game/Animations/PNAnimBP_Rabbit.PNAnimBP_Rabbit_C:ExecuteUbergraph_PNAnimBP_Rabbit:0291
[2021.06.13-10.46.24:825][270]LogScript:Warning: Accessed None 'K2Node_DynamicCast_AsPNPawn_Rabbit'
	PNAnimBP_Rabbit_C /Engine/Transient.CharacterMesh0:PNAnimBP_Rabbit_C_10
	Function /Game/Animations/PNAnimBP_Rabbit.PNAnimBP_Rabbit_C:ExecuteUbergraph_PNAnimBP_Rabbit:0353
[2021.06.13-10.46.24:825][270]LogScript:Warning: Accessed None 'CallFunc_TryGetPawnOwner_ReturnValue'
	PNAnimBP_Rabbit_C /Engine/Transient.CharacterMesh0:PNAnimBP_Rabbit_C_10
	Function /Game/Animations/PNAnimBP_Rabbit.PNAnimBP_Rabbit_C:ExecuteUbergraph_PNAnimBP_Rabbit:0291
[2021.06.13-10.46.24:826][270]LogScript:Warning: Accessed None 'K2Node_DynamicCast_AsPNPawn_Rabbit'
	PNAnimBP_Rabbit_C /Engine/Transient.CharacterMesh0:PNAnimBP_Rabbit_C_10
	Function /Game/Animations/PNAnimBP_Rabbit.PNAnimBP_Rabbit_C:ExecuteUbergraph_PNAnimBP_Rabbit:0353
[2021.06.13-10.46.24:826][270]LogScript:Warning: Accessed None 'CallFunc_TryGetPawnOwner_ReturnValue'
	PNAnimBP_Ninja_C /Engine/Transient.SkeletalMeshComponent_5:PNAnimBP_Ninja_C_5
	Function /Game/Animations/PNAnimBP_Ninja.PNAnimBP_Ninja_C:ExecuteUbergraph_PNAnimBP_Ninja:02BB
[2021.06.13-10.46.24:826][270]LogScript:Warning: Accessed None 'K2Node_DynamicCast_AsPNPlayer_Pawn'
	PNAnimBP_Ninja_C /Engine/Transient.SkeletalMeshComponent_5:PNAnimBP_Ninja_C_5
	Function /Game/Animations/PNAnimBP_Ninja.PNAnimBP_Ninja_C:ExecuteUbergraph_PNAnimBP_Ninja:03B5
[2021.06.13-10.46.24:826][270]LogScript:Warning: Accessed None 'CallFunc_TryGetPawnOwner_ReturnValue'
	PNAnimBP_Ninja_C /Engine/Transient.SkeletalMeshComponent_5:PNAnimBP_Ninja_C_5
	Function /Game/Animations/PNAnimBP_Ninja.PNAnimBP_Ninja_C:ExecuteUbergraph_PNAnimBP_Ninja:02BB
[2021.06.13-10.46.24:826][270]LogScript:Warning: Accessed None 'K2Node_DynamicCast_AsPNPlayer_Pawn'
	PNAnimBP_Ninja_C /Engine/Transient.SkeletalMeshComponent_5:PNAnimBP_Ninja_C_5
	Function /Game/Animations/PNAnimBP_Ninja.PNAnimBP_Ninja_C:ExecuteUbergraph_PNAnimBP_Ninja:03B5
[2021.06.13-10.46.25:098][285]LogActorComponent: UnregisterComponent: (/Engine/Transient.CharMoveComp) Not registered. Aborting.
[2021.06.13-10.46.25:098][285]LogActorComponent: UnregisterComponent: (/Engine/Transient.CharacterMovementComponent_5) Not registered. Aborting.
[2021.06.13-10.46.26:002][285]LogScript:Warning: Accessed None 'CallFunc_TryGetPawnOwner_ReturnValue'
	PNAnimBP_Rabbit_C /Engine/Transient.CharacterMesh0:PNAnimBP_Rabbit_C_11
	Function /Game/Animations/PNAnimBP_Rabbit.PNAnimBP_Rabbit_C:ExecuteUbergraph_PNAnimBP_Rabbit:0291
[2021.06.13-10.46.26:002][285]LogScript:Warning: Accessed None 'K2Node_DynamicCast_AsPNPawn_Rabbit'
	PNAnimBP_Rabbit_C /Engine/Transient.CharacterMesh0:PNAnimBP_Rabbit_C_11
	Function /Game/Animations/PNAnimBP_Rabbit.PNAnimBP_Rabbit_C:ExecuteUbergraph_PNAnimBP_Rabbit:0353
[2021.06.13-10.46.26:004][285]LogScript:Warning: Accessed None 'CallFunc_TryGetPawnOwner_ReturnValue'
	PNAnimBP_Rabbit_C /Engine/Transient.CharacterMesh0:PNAnimBP_Rabbit_C_11
	Function /Game/Animations/PNAnimBP_Rabbit.PNAnimBP_Rabbit_C:ExecuteUbergraph_PNAnimBP_Rabbit:0291
[2021.06.13-10.46.26:004][285]LogScript:Warning: Accessed None 'K2Node_DynamicCast_AsPNPawn_Rabbit'
	PNAnimBP_Rabbit_C /Engine/Transient.CharacterMesh0:PNAnimBP_Rabbit_C_11
	Function /Game/Animations/PNAnimBP_Rabbit.PNAnimBP_Rabbit_C:ExecuteUbergraph_PNAnimBP_Rabbit:0353
[2021.06.13-10.46.26:004][285]LogScript:Warning: Accessed None 'CallFunc_TryGetPawnOwner_ReturnValue'
	PNAnimBP_Ninja_C /Engine/Transient.SkeletalMeshComponent_6:PNAnimBP_Ninja_C_6
	Function /Game/Animations/PNAnimBP_Ninja.PNAnimBP_Ninja_C:ExecuteUbergraph_PNAnimBP_Ninja:02BB
[2021.06.13-10.46.26:004][285]LogScript:Warning: Accessed None 'K2Node_DynamicCast_AsPNPlayer_Pawn'
	PNAnimBP_Ninja_C /Engine/Transient.SkeletalMeshComponent_6:PNAnimBP_Ninja_C_6
	Function /Game/Animations/PNAnimBP_Ninja.PNAnimBP_Ninja_C:ExecuteUbergraph_PNAnimBP_Ninja:03B5
[2021.06.13-10.46.26:004][285]LogScript:Warning: Accessed None 'CallFunc_TryGetPawnOwner_ReturnValue'
	PNAnimBP_Ninja_C /Engine/Transient.SkeletalMeshComponent_6:PNAnimBP_Ninja_C_6
	Function /Game/Animations/PNAnimBP_Ninja.PNAnimBP_Ninja_C:ExecuteUbergraph_PNAnimBP_Ninja:02BB
[2021.06.13-10.46.26:004][285]LogScript:Warning: Accessed None 'K2Node_DynamicCast_AsPNPlayer_Pawn'
	PNAnimBP_Ninja_C /Engine/Transient.SkeletalMeshComponent_6:PNAnimBP_Ninja_C_6
	Function /Game/Animations/PNAnimBP_Ninja.PNAnimBP_Ninja_C:ExecuteUbergraph_PNAnimBP_Ninja:03B5
[2021.06.13-10.46.26:196][285]LogActorComponent: UnregisterComponent: (/Engine/Transient.CharMoveComp) Not registered. Aborting.
[2021.06.13-10.46.26:196][285]LogActorComponent: UnregisterComponent: (/Engine/Transient.CharacterMovementComponent_6) Not registered. Aborting.
[2021.06.13-10.46.26:387][285]LogSavePackage: Save=84.315102ms
[2021.06.13-10.46.26:387][285]LogSavePackage: Moving '../../../../../../Users/magi1/Documents/PaperNinja_FirstTime/PaperNinja/Saved/Test_Player_Camera287CEEF44C49E2F2225C399EDC383B16.tmp' to '../../../../../../Users/magi1/Documents/PaperNinja_FirstTime/PaperNinja/Content/Maps/Test/Test_Player_Camera.umap'
[2021.06.13-10.46.26:434][285]LogFileHelpers: Saving map 'Test_Player_Camera' took 0.376
[2021.06.13-10.46.32:886][667]LogWindows:Error: Windows GetLastError: この操作を正しく終了しました。 (0)
[2021.06.13-10.46.32:886][667]LogCrashTracker: 


[2021.06.13-10.46.35:812][667]LogCrashTracker: 


[2021.06.13-10.46.35:812][667]LogWindows: === Critical error: ===
Assertion failed: !bIsChangingText [File:D:\BuildFarm\buildmachine_++depot+UE4-Releases+4.7\Engine\Source\Runtime\Slate\Private\Widgets\Input\SEditableText.cpp] [Line: 556] 



KERNELBASE.dll!UnknownFunction (0x00007ff820174b89) + 0 bytes [UnknownFile:0]
UE4Editor-Core.dll!FOutputDeviceWindowsError::Serialize() (0x00007fff9cef8074) + 0 bytes [d:\buildfarm\buildmachine_++depot+ue4-releases+4.7\engine\source\runtime\core\private\windows\windowsplatformoutputdevices.cpp:95]
UE4Editor-Core.dll!FOutputDevice::Logf__VA() (0x00007fff9cd77878) + 159 bytes [d:\buildfarm\buildmachine_++depot+ue4-releases+4.7\engine\source\runtime\core\private\misc\outputdevice.cpp:144]
UE4Editor-Core.dll!FDebug::AssertFailed() (0x00007fff9cd58b17) + 62 bytes [d:\buildfarm\buildmachine_++depot+ue4-releases+4.7\engine\source\runtime\core\private\misc\outputdevice.cpp:224]
UE4Editor-Slate.dll!SEditableText::StartChangingText() (0x00007fff9c9970da) + 0 bytes [d:\buildfarm\buildmachine_++depot+ue4-releases+4.7\engine\source\runtime\slate\private\widgets\input\seditabletext.cpp:560]
UE4Editor-Slate.dll!FTextEditHelper::OnKeyChar() (0x00007fff9c8bb49d) + 32 bytes [d:\buildfarm\buildmachine_++depot+ue4-releases+4.7\engine\source\runtime\slate\private\framework\text\textedithelper.cpp:86]
UE4Editor-Slate.dll!SEditableText::OnKeyChar() (0x00007fff9c97ad23) + 77 bytes [d:\buildfarm\buildmachine_++depot+ue4-releases+4.7\engine\source\runtime\slate\private\widgets\input\seditabletext.cpp:1622]
UE4Editor-Slate.dll!<lambda_f4267d5369f6530713340915266300fb>::operator()() (0x00007fff9c79de22) + 38 bytes [d:\buildfarm\buildmachine_++depot+ue4-releases+4.7\engine\source\runtime\slate\private\framework\application\slateapplication.cpp:3504]
UE4Editor-Slate.dll!FEventRouter::Route<FReply,FEventRouter::FBubblePolicy,FCharacterEvent,<lambda_f4267d5369f6530713340915266300fb> >() (0x00007fff9c756c9d) + 29 bytes [d:\buildfarm\buildmachine_++depot+ue4-releases+4.7\engine\source\runtime\slate\private\framework\application\slateapplication.cpp:202]
UE4Editor-Slate.dll!FEventRouter::RouteAlongFocusPath<FEventRouter::FBubblePolicy,<lambda_f4267d5369f6530713340915266300fb>,FCharacterEvent>() (0x00007fff9c758ace) + 34 bytes [d:\buildfarm\buildmachine_++depot+ue4-releases+4.7\engine\source\runtime\slate\private\framework\application\slateapplication.cpp:184]
UE4Editor-Slate.dll!FSlateApplication::ProcessKeyCharEvent() (0x00007fff9c803a74) + 150 bytes [d:\buildfarm\buildmachine_++depot+ue4-releases+4.7\engine\source\runtime\slate\private\framework\application\slateapplication.cpp:3505]
UE4Editor-Slate.dll!FSlateApplication::OnKeyChar() (0x00007fff9c7f3633) + 14 bytes [d:\buildfarm\buildmachine_++depot+ue4-releases+4.7\engine\source\runtime\slate\private\framework\application\slateapplication.cpp:3485]
UE4Editor-Core.dll!FWindowsApplication::ProcessDeferredMessage() (0x00007fff9ce53008) + 0 bytes [d:\buildfarm\buildmachine_++depot+ue4-releases+4.7\engine\source\runtime\core\private\windows\windowsapplication.cpp:1149]
UE4Editor-Core.dll!FWindowsApplication::DeferMessage() (0x00007fff9ce45d2e) + 74 bytes [d:\buildfarm\buildmachine_++depot+ue4-releases+4.7\engine\source\runtime\core\private\windows\windowsapplication.cpp:1669]
UE4Editor-Core.dll!FWindowsApplication::ProcessMessage() (0x00007fff9ce54d50) + 41 bytes [d:\buildfarm\buildmachine_++depot+ue4-releases+4.7\engine\source\runtime\core\private\windows\windowsapplication.cpp:742]
UE4Editor-Core.dll!FWindowsApplication::AppWndProc() (0x00007fff9ce43192) + 0 bytes [d:\buildfarm\buildmachine_++depot+ue4-releases+4.7\engine\source\runtime\core\private\windows\windowsapplication.cpp:604]
USER32.dll!UnknownFunction (0x00007ff820e7e858) + 0 bytes [UnknownFile:0]
USER32.dll!UnknownFunction (0x00007ff820e7e299) + 0 bytes [UnknownFile:0]
UE4Editor-Core.dll!FWindowsPlatformMisc::PumpMessages() (0x00007fff9cef3ec6) + 48 bytes [d:\buildfarm\buildmachine_++depot+ue4-releases+4.7\engine\source\runtime\core\private\windows\windowsplatformmisc.cpp:774]
UE4Editor.exe!FEngineLoop::Tick() (0x00007ff6544900a9) + 8 bytes [d:\buildfarm\buildmachine_++depot+ue4-releases+4.7\engine\source\runtime\launch\private\launchengineloop.cpp:2233]
UE4Editor.exe!GuardedMain() (0x00007ff65448267c) + 0 bytes [d:\buildfarm\buildmachine_++depot+ue4-releases+4.7\engine\source\runtime\launch\private\launch.cpp:142]
UE4Editor.exe!GuardedMainWrapper() (0x00007ff6544826ea) + 5 bytes [d:\buildfarm\buildmachine_++depot+ue4-releases+4.7\engine\source\runtime\launch\private\windows\launchwindows.cpp:126]
UE4Editor.exe!WinMain() (0x00007ff654492219) + 17 bytes [d:\buildfarm\buildmachine_++depot+ue4-releases+4.7\engine\source\runtime\launch\private\windows\launchwindows.cpp:202]
UE4Editor.exe!__tmainCRTStartup() (0x00007ff654493159) + 21 bytes [f:\dd\vctools\crt\crtw32\dllstuff\crtexe.c:618]
KERNEL32.DLL!UnknownFunction (0x00007ff820a57034) + 0 bytes [UnknownFile:0]
ntdll.dll!UnknownFunction (0x00007ff8228c2651) + 0 bytes [UnknownFile:0]
ntdll.dll!UnknownFunction (0x00007ff8228c2651) + 0 bytes [UnknownFile:0]


[2021.06.13-10.46.35:930][667]LogExit: Executing StaticShutdownAfterError
[2021.06.13-10.46.35:933][667]LogWindows: FPlatformMisc::RequestExit(1)
[2021.06.13-10.46.35:933][667]Log file closed, 06/13/21 19:46:35
