Log file open, 05/10/21 06:58:09
LogInit:Display: Running engine for game: PaperNinja
LogInit: Version: 4.7.6-2513093+++depot+UE4-Releases+4.7
LogInit: API Version: 2455222
LogInit: Compiled (64-bit): Apr 15 2015 12:09:54
LogInit: Compiled with Visual C++: 18.00.21005.01
LogInit: Build Configuration: Development
LogInit: Branch Name: ++depot+UE4-Releases+4.7
LogInit: Command line:  
LogInit: Base directory: C:/Program Files/Epic Games/UE_4.7/Engine/Binaries/Win64/
LogInit: Rocket: 1
[2021.05.09-21.58.09:045][  0]LogTaskGraph: Started task graph with 3 named threads and 8 total threads.
[2021.05.09-21.58.09:179][  0]LogOnline:Warning: No default platform service specified for OnlineSubsystem
[2021.05.09-21.58.09:238][  0]LogInit: Presizing for 0 objects not considered by GC, pre-allocating 0 bytes.
[2021.05.09-21.58.09:256][  0]LogInit: Object subsystem initialized
[2021.05.09-21.58.09:260][  0]LogConsoleResponse:Warning: Skipping Unknown console variable: 'TranslucentSortAxis = (X=0.000000,Y=-1.000000,Z=0.000000)'
[2021.05.09-21.58.09:260][  0]LogConsoleResponse:Warning:   Found in ini file 'C:/Users/magi1/Documents/PaperNinja_FirstTime/PaperNinja/Saved/Config/Windows/Engine.ini', in section '[/Script/Engine.RendererSettings]'
[2021.05.09-21.58.09:260][  0]LogConsoleResponse:Warning: Skipping Unknown console variable: 'UIScaleRule = ShortestSide'
[2021.05.09-21.58.09:260][  0]LogConsoleResponse:Warning:   Found in ini file 'C:/Users/magi1/Documents/PaperNinja_FirstTime/PaperNinja/Saved/Config/Windows/Engine.ini', in section '[/Script/Engine.RendererSettings]'
[2021.05.09-21.58.09:260][  0]LogConsoleResponse:Warning: Skipping Unknown console variable: 'UIScaleCurve = (EditorCurveData=(Keys=),ExternalCurve=None)'
[2021.05.09-21.58.09:260][  0]LogConsoleResponse:Warning:   Found in ini file 'C:/Users/magi1/Documents/PaperNinja_FirstTime/PaperNinja/Saved/Config/Windows/Engine.ini', in section '[/Script/Engine.RendererSettings]'
[2021.05.09-21.58.09:261][  0]LogInit: Selected Device Profile: [Windows]
[2021.05.09-21.58.09:261][  0]LogInit: Applying CVar settings loaded from the selected device profile: [Windows]
[2021.05.09-21.58.09:276][  0]LogInit: Computer: DESKTOP-QG331CQ
[2021.05.09-21.58.09:276][  0]LogInit: User: magi1
[2021.05.09-21.58.09:276][  0]LogInit: CPU Page size=4096, Cores=6
[2021.05.09-21.58.09:276][  0]LogInit: High frequency timer resolution =10.000000 MHz
[2021.05.09-21.58.09:276][  0]LogMemory: Memory total: Physical=15.9GB (16GB approx) Virtual=131072.0GB
[2021.05.09-21.58.09:277][  0]LogMemory: Platform Memory Stats for Windows
[2021.05.09-21.58.09:277][  0]LogMemory: Process Physical Memory: 49.68 MB used, 49.69 MB peak
[2021.05.09-21.58.09:277][  0]LogMemory: Process Virtual Memory: 24.79 MB used, 24.80 MB peak
[2021.05.09-21.58.09:277][  0]LogMemory: Physical Memory: 6210.45 MB used, 16239.85 MB total
[2021.05.09-21.58.09:277][  0]LogMemory: Virtual Memory: 4431.00 MB used, 134217728.00 MB total
[2021.05.09-21.58.09:580][  0]LogD3D11RHI: Found D3D11 adapter 0: NVIDIA GeForce RTX 2080 (Feature Level 11_0)
[2021.05.09-21.58.09:580][  0]LogD3D11RHI: Adapter has 8010MB of dedicated video memory, 0MB of dedicated system memory, and 8119MB of shared system memory, 2 output[s]
[2021.05.09-21.58.09:648][  0]LogD3D11RHI: Found D3D11 adapter 1: Intel(R) UHD Graphics 630 (Feature Level 11_0)
[2021.05.09-21.58.09:648][  0]LogD3D11RHI: Adapter has 128MB of dedicated video memory, 0MB of dedicated system memory, and 8119MB of shared system memory, 0 output[s]
[2021.05.09-21.58.09:653][  0]LogD3D11RHI: Found D3D11 adapter 2: Microsoft Basic Render Driver (Feature Level 11_0)
[2021.05.09-21.58.09:653][  0]LogD3D11RHI: Adapter has 0MB of dedicated video memory, 0MB of dedicated system memory, and 8119MB of shared system memory, 0 output[s]
[2021.05.09-21.58.09:653][  0]LogD3D11RHI: Chosen D3D11 Adapter Id = 0
[2021.05.09-21.58.09:665][  0]LogRHI: Texture pool is 1361 MB (70% of 1945 MB)
[2021.05.09-21.58.09:897][  0]LogD3D11RHI: Async texture creation enabled
[2021.05.09-21.58.10:097][  0]LogTextLocalizationManager: The requested culture ('ja_JP') has no localization data; parent culture's ('ja') localization data will be used.
[2021.05.09-21.58.10:204][  0]LogTextLocalizationManager:Warning: Loading localization resources contain conflicting entries for (Namespace:UICommands, Key:Save_ToolTip):
Resource: (C:/Program Files/Epic Games/UE_4.7/Engine/Content/Localization/Editor/ja/Editor.locres) Hash: (-29098895) String: (現行レベルをディスクに保存)
Resource: (C:/Program Files/Epic Games/UE_4.7/Engine/Content/Localization/Engine/ja/Engine.locres) Hash: (-1280300587) String: (選択データをvlogファイルに保存)
[2021.05.09-21.58.10:204][  0]LogTextLocalizationManager:Warning: Loading localization resources contain conflicting entries for (Namespace:ContentBrowser, Key:ImportAssetToolTip):
Resource: (C:/Program Files/Epic Games/UE_4.7/Engine/Content/Localization/Editor/ja/Editor.locres) Hash: (-630476809) String: ({0} にインポート...)
Resource: (C:/Program Files/Epic Games/UE_4.7/Engine/Content/Localization/Editor/ja/Editor.locres) Hash: (1271782899) String: (このフォルダへファイルからアセットをインポート)
[2021.05.09-21.58.10:337][  0]LogContentStreaming: Texture pool size is 0.000000MB
[2021.05.09-21.58.15:428][  0]LogTargetPlatformManager:Display: Building Assets For Windows
[2021.05.09-21.58.16:769][  0]LogTargetPlatformManager:Display: Building Assets For Windows
[2021.05.09-21.58.16:948][  0]LogDerivedDataCache:Display: Max Cache Size: 512 MB
[2021.05.09-21.58.17:006][  0]LogDerivedDataCache: Loaded boot cache 0.06s 39MB C:/Users/magi1/AppData/Local/UnrealEngine/4.7/DerivedDataCache/Boot.ddc.
[2021.05.09-21.58.17:006][  0]LogDerivedDataCache:Display: Loaded Boot cache: C:/Users/magi1/AppData/Local/UnrealEngine/4.7/DerivedDataCache/Boot.ddc
[2021.05.09-21.58.17:006][  0]LogDerivedDataCache: FDerivedDataBackendGraph:  Pak pak cache file ../../../../../../Users/magi1/Documents/PaperNinja_FirstTime/PaperNinja/DerivedDataCache/DDC.ddp not found, will not use a pak cache.
[2021.05.09-21.58.17:006][  0]LogDerivedDataCache: Unable to find inner node Pak for hierarchical cache Hierarchy.
[2021.05.09-21.58.17:266][  0]LogDerivedDataCache:Display: Pak cache opened for reading ../../../Engine/DerivedDataCache/Compressed.ddp.
[2021.05.09-21.58.17:280][  0]LogDerivedDataCache: Using Local data cache path C:/Users/magi1/AppData/Local/UnrealEngine/Common/DerivedDataCache: Writable
[2021.05.09-21.58.18:071][  0]LogMeshUtilities: No automatic mesh reduction module available
[2021.05.09-21.58.18:071][  0]LogMeshUtilities: No automatic mesh merging module available
[2021.05.09-21.58.19:431][  0]LogInit: WinSock: version 1.1 (2.2), MaxSocks=32767, MaxUdp=65467
[2021.05.09-21.58.19:682][  0]LogSlate:Warning: Failed to load font data from '../../../Engine/Content/Slate/Fonts/Roboto-Italic.ttf'
[2021.05.09-21.58.21:843][  0]UdpMessaging: Initializing bridge on interface 0.0.0.0:0 to multicast group 230.0.0.1:6666.
[2021.05.09-21.58.22:469][  0]SourceControl: 情報 ソースコントロールは無効です
[2021.05.09-21.58.22:469][  0]SourceControl: 情報 ソースコントロールは無効です
[2021.05.09-21.58.22:469][  0]SourceControl: 情報 ソースコントロールは無効です
[2021.05.09-21.58.22:469][  0]LogSourceControl: RunCommandInternalRaw: 'git version'
[2021.05.09-21.58.22:470][  0]LogSourceControl: RunCommandInternalRaw: ExecProcess ReturnCode=2 OutResults=''
[2021.05.09-21.58.22:501][  0]SourceControl: 情報 ソースコントロールは無効です
[2021.05.09-21.58.23:186][  0]LogObj: 24232 objects as part of root set at end of initial load.
[2021.05.09-21.58.23:186][  0]LogUObjectAllocator: 5137168 out of 0 bytes used by permanent object pool.
[2021.05.09-21.58.23:389][  0]LogEngine: Initializing Engine...
[2021.05.09-21.58.25:865][  0]LogInit: XAudio2 using 'スピーカー (Realtek(R) Audio)' : 2 channels at 48 kHz using 32 bits per sample (channel mask 0x3)
[2021.05.09-21.58.26:059][  0]LogInit: FAudioDevice initialized.
[2021.05.09-21.58.26:227][  0]LogAIModule: Creating AISystem for world NewWorld
[2021.05.09-21.58.26:285][  0]LogDerivedDataCache: Saved boot cache 0.06s 39MB C:/Users/magi1/AppData/Local/UnrealEngine/4.7/DerivedDataCache/Boot.ddc.
[2021.05.09-21.58.26:293][  0]LogInit: Texture streaming: Enabled
[2021.05.09-21.58.26:562][  0]LogAnalytics: Creating configured Analytics provider AnalyticsET
[2021.05.09-21.58.26:562][  0]LogAnalytics: ET APIKey = Rocket.Release. APIServer = http://et2.epicgames.com/ET2/. AppVersion = 4.7.6-2513093+++depot+UE4-Releases+4.7
[2021.05.09-21.58.26:562][  0]LogAnalytics: ET APIKey = Rocket.Release. DataRouterUploadURL = https://datarouter-public-service-gamedev.ol.epicgames.net/datarouter/api/v1/public/data. AppVersion = 4.7.6-2513093+++depot+UE4-Releases+4.7
[2021.05.09-21.58.26:562][  0]LogAnalytics: SetUserId 144e59504b07e7078f7f9fbff0f199ea|e89bcdc3dddd40638ff112a71cef8e67|badf8662-73b2-480e-8b08-9b9fdfc993be
[2021.05.09-21.58.26:562][  0]LogAnalytics: AnalyticsET::StartSession [Rocket.Release]
[2021.05.09-21.58.26:653][  0]LogInit: Transaction tracking system initialized
[2021.05.09-21.58.27:169][  0]BlueprintLog: New page: エディタの読み込み
[2021.05.09-21.58.27:259][  0]LogAssetRegistry: FAssetRegistry took 0.0108 seconds to start up
[2021.05.09-21.58.27:260][  0]LogDirectoryWatcher:Warning: Failed to begin reading directory changes for ../../../Engine/Plugins/Experimental/CharacterAI/Content/. Error: 0
[2021.05.09-21.58.28:490][  0]LogTargetPlatformManager:Display: Building Assets For Windows
[2021.05.09-21.58.29:326][  0]LogTargetPlatformManager:Display: Building Assets For Windows
[2021.05.09-21.58.30:070][  0]LogSlate:Warning: Failed to load font data from '../../../Engine/Content/Editor/Slate/Fonts/Roboto-Regular.ttf'
[2021.05.09-21.58.30:071][  0]LogSlate:Warning: Failed to load font data from '../../../Engine/Content/Editor/Slate/Fonts/Roboto-Bold.ttf'
[2021.05.09-21.58.30:082][  0]LogConsoleResponse:Display: 
[2021.05.09-21.58.30:459][  0]LogCook:Display: Done creating registry. It took  0.00s.
[2021.05.09-21.58.30:855][  0]SourceControl: 情報 ソースコントロールは無効です
[2021.05.09-21.58.30:855][  0]Cmd: MAP LOAD FILE="../../../../../../Users/magi1/Documents/PaperNinja_FirstTime/PaperNinja/Content/StarterContent/Maps/Minimal_Default.umap" TEMPLATE=0 SHOWPROGRESS=1 FEATURELEVEL=3
[2021.05.09-21.58.30:857][  0]LightingResults: New page: ライティングのビルド
[2021.05.09-21.58.30:893][  0]MapCheck: New page: マップをチェック
[2021.05.09-21.58.30:893][  0]LightingResults: New page: <何も選択されていません>
[2021.05.09-21.58.30:905][  0]LogParticles: Destroying 0 GPU particle simulations for FXSystem 0x00000125B1E1CE00
[2021.05.09-21.58.32:751][  0]LogEditorServer: Finished looking for orphan Actors (0.000 secs)
[2021.05.09-21.58.32:784][  0]LogAIModule: Creating AISystem for world Minimal_Default
[2021.05.09-21.58.32:786][  0]Cmd: MAP CHECKDEP
[2021.05.09-21.58.32:786][  0]MapCheck: New page: Minimal_Default - 2021/05/10 15:58:32
[2021.05.09-21.58.33:047][  0]MapCheck: 情報 マップチェックが完了: 0 エラー、 0 警告、完了に 261.076ミリ秒かかりました。
[2021.05.09-21.58.33:048][  0]LogFileHelpers: Loading map 'Minimal_Default' took 2.192
[2021.05.09-21.58.33:320][  0]LogCollectionManager: Loaded 0 collections in 0.005180 seconds
[2021.05.09-21.58.33:345][  0]LogContentBrowser: Native class hierarchy populated in 0.0254 seconds. Added 1696 classes and 261 folders.
[2021.05.09-21.58.33:450][  0]LogContentBrowser: Native class hierarchy updated for 'SceneOutliner' in 0.0062 seconds. Added 1 classes and 2 folders.
[2021.05.09-21.58.33:501][  0]LogContentBrowser: Native class hierarchy updated for 'WorldBrowser' in 0.0056 seconds. Added 1 classes and 3 folders.
[2021.05.09-21.58.33:657][  0]LogCrashTracker: Crashtracker disabled due to settings.
[2021.05.09-21.58.33:659][  0]LogSlate:Warning: Failed to load font data from 'Veranda'
[2021.05.09-21.58.33:676][  0]LogUObjectGlobals:Warning: オブジェクト 'Class なし.' が見つかりませんでした
[2021.05.09-21.58.33:715][  0]LogLoad: Full Startup: 29.04 seconds (BP compile: 0.24 seconds)
[2021.05.09-21.58.34:731][  0]LogRenderer:Warning: Reallocating scene render targets to support 32x32 (Frame:2).
[2021.05.09-21.58.34:964][  0]LogRenderer:Warning: Reallocating scene render targets to support 1200x576 (Frame:3).
[2021.05.09-21.58.35:079][  1]LogContentBrowser:Verbose: The content browser source was changed by the sources view to '/Game/Characters'
[2021.05.09-21.58.36:203][ 13]LogAssetRegistry: Asset discovery search completed in 8.9542 seconds
[2021.05.09-21.58.37:762][ 52]LogContentBrowser:Verbose: The content browser source was changed by the sources view to '/Game/Blueprints'
[2021.05.09-21.58.47:289][204]LogContentBrowser:Verbose: The content browser source was changed by the sources view to '/Game/Characters'
[2021.05.09-21.58.49:853][301]LogRenderer:Warning: Reallocating scene render targets to support 1200x616 (Frame:237).
[2021.05.09-21.59.07:812][772]BlueprintLog: New page: PNTrapFireActor をコンパイル
[2021.05.09-21.59.08:021][772]LogParticles: Destroying 0 GPU particle simulations for FXSystem 0x00000125A8FBA340
[2021.05.09-21.59.08:039][772]BlueprintEditorCompileResults: 情報 [0063.36] PNTrapFireActor のコンパイルに成功しました！  [ 226 ミリ秒]
[2021.05.09-21.59.09:416][798]Cmd: OBJ SAVEPACKAGE PACKAGE="/Game/Blueprints/PNTrapFireActor" FILE="../../../../../../Users/magi1/Documents/PaperNinja_FirstTime/PaperNinja/Content/Blueprints/PNTrapFireActor.uasset" SILENT=true
[2021.05.09-21.59.09:547][798]LogSavePackage: Save=39.935200ms
[2021.05.09-21.59.09:547][798]LogSavePackage: Moving '../../../../../../Users/magi1/Documents/PaperNinja_FirstTime/PaperNinja/Saved/PNTrapFireActorB8AC55BF465AC26E6407768FDEDFA390.tmp' to '../../../../../../Users/magi1/Documents/PaperNinja_FirstTime/PaperNinja/Content/Blueprints/PNTrapFireActor.uasset'
[2021.05.09-21.59.35:711][522]BlueprintLog: New page: PNTrapFireActor をコンパイル
[2021.05.09-21.59.35:901][522]BlueprintEditorCompileResults: 情報 [0091.23] PNTrapFireActor のコンパイルに成功しました！  [ 189 ミリ秒]
[2021.05.09-21.59.37:727][585]Cmd: OBJ SAVEPACKAGE PACKAGE="/Game/Blueprints/PNTrapFireActor" FILE="../../../../../../Users/magi1/Documents/PaperNinja_FirstTime/PaperNinja/Content/Blueprints/PNTrapFireActor.uasset" SILENT=true
[2021.05.09-21.59.37:870][585]LogSavePackage: Save=56.144901ms
[2021.05.09-21.59.37:870][585]LogSavePackage: Moving '../../../../../../Users/magi1/Documents/PaperNinja_FirstTime/PaperNinja/Saved/PNTrapFireActor630ECD8F49A6285D9852F3B46B1C5987.tmp' to '../../../../../../Users/magi1/Documents/PaperNinja_FirstTime/PaperNinja/Content/Blueprints/PNTrapFireActor.uasset'
[2021.05.09-22.00.23:767][535]LogWindows:Error: Windows GetLastError: この操作を正しく終了しました。 (0)
[2021.05.09-22.00.23:767][535]LogCrashTracker: 


[2021.05.09-22.00.30:550][535]LogCrashTracker: 


[2021.05.09-22.00.30:551][535]LogWindows: === Critical error: ===
Assertion failed: !bIsChangingText [File:D:\BuildFarm\buildmachine_++depot+UE4-Releases+4.7\Engine\Source\Runtime\Slate\Private\Widgets\Text\SMultiLineEditableText.cpp] [Line: 559] 



KERNELBASE.dll!UnknownFunction (0x00007fff9ec44b89) + 0 bytes [UnknownFile:0]
UE4Editor-Core.dll!FOutputDeviceWindowsError::Serialize() (0x00007fff1c758074) + 0 bytes [d:\buildfarm\buildmachine_++depot+ue4-releases+4.7\engine\source\runtime\core\private\windows\windowsplatformoutputdevices.cpp:95]
UE4Editor-Core.dll!FOutputDevice::Logf__VA() (0x00007fff1c5d7878) + 159 bytes [d:\buildfarm\buildmachine_++depot+ue4-releases+4.7\engine\source\runtime\core\private\misc\outputdevice.cpp:144]
UE4Editor-Core.dll!FDebug::AssertFailed() (0x00007fff1c5b8b17) + 62 bytes [d:\buildfarm\buildmachine_++depot+ue4-releases+4.7\engine\source\runtime\core\private\misc\outputdevice.cpp:224]
UE4Editor-Slate.dll!SMultiLineEditableText::StartChangingText() (0x00007fff1f325d16) + 0 bytes [d:\buildfarm\buildmachine_++depot+ue4-releases+4.7\engine\source\runtime\slate\private\widgets\text\smultilineeditabletext.cpp:563]
UE4Editor-Slate.dll!FTextEditHelper::OnKeyChar() (0x00007fff1f21b49d) + 32 bytes [d:\buildfarm\buildmachine_++depot+ue4-releases+4.7\engine\source\runtime\slate\private\framework\text\textedithelper.cpp:86]
UE4Editor-Slate.dll!SMultiLineEditableText::OnKeyChar() (0x00007fff1f31dba3) + 77 bytes [d:\buildfarm\buildmachine_++depot+ue4-releases+4.7\engine\source\runtime\slate\private\widgets\text\smultilineeditabletext.cpp:2306]
UE4Editor-Slate.dll!<lambda_f4267d5369f6530713340915266300fb>::operator()() (0x00007fff1f0fde22) + 38 bytes [d:\buildfarm\buildmachine_++depot+ue4-releases+4.7\engine\source\runtime\slate\private\framework\application\slateapplication.cpp:3504]
UE4Editor-Slate.dll!FEventRouter::Route<FReply,FEventRouter::FBubblePolicy,FCharacterEvent,<lambda_f4267d5369f6530713340915266300fb> >() (0x00007fff1f0b6c9d) + 29 bytes [d:\buildfarm\buildmachine_++depot+ue4-releases+4.7\engine\source\runtime\slate\private\framework\application\slateapplication.cpp:202]
UE4Editor-Slate.dll!FEventRouter::RouteAlongFocusPath<FEventRouter::FBubblePolicy,<lambda_f4267d5369f6530713340915266300fb>,FCharacterEvent>() (0x00007fff1f0b8ace) + 34 bytes [d:\buildfarm\buildmachine_++depot+ue4-releases+4.7\engine\source\runtime\slate\private\framework\application\slateapplication.cpp:184]
UE4Editor-Slate.dll!FSlateApplication::ProcessKeyCharEvent() (0x00007fff1f163a74) + 150 bytes [d:\buildfarm\buildmachine_++depot+ue4-releases+4.7\engine\source\runtime\slate\private\framework\application\slateapplication.cpp:3505]
UE4Editor-Slate.dll!FSlateApplication::OnKeyChar() (0x00007fff1f153633) + 14 bytes [d:\buildfarm\buildmachine_++depot+ue4-releases+4.7\engine\source\runtime\slate\private\framework\application\slateapplication.cpp:3485]
UE4Editor-Core.dll!FWindowsApplication::ProcessDeferredMessage() (0x00007fff1c6b3008) + 0 bytes [d:\buildfarm\buildmachine_++depot+ue4-releases+4.7\engine\source\runtime\core\private\windows\windowsapplication.cpp:1149]
UE4Editor-Core.dll!FWindowsApplication::DeferMessage() (0x00007fff1c6a5d2e) + 74 bytes [d:\buildfarm\buildmachine_++depot+ue4-releases+4.7\engine\source\runtime\core\private\windows\windowsapplication.cpp:1669]
UE4Editor-Core.dll!FWindowsApplication::ProcessMessage() (0x00007fff1c6b4d50) + 41 bytes [d:\buildfarm\buildmachine_++depot+ue4-releases+4.7\engine\source\runtime\core\private\windows\windowsapplication.cpp:742]
UE4Editor-Core.dll!FWindowsApplication::AppWndProc() (0x00007fff1c6a3192) + 0 bytes [d:\buildfarm\buildmachine_++depot+ue4-releases+4.7\engine\source\runtime\core\private\windows\windowsapplication.cpp:604]
USER32.dll!UnknownFunction (0x00007fff9fede858) + 0 bytes [UnknownFile:0]
USER32.dll!UnknownFunction (0x00007fff9fede299) + 0 bytes [UnknownFile:0]
UE4Editor-Core.dll!FWindowsPlatformMisc::PumpMessages() (0x00007fff1c753ec6) + 48 bytes [d:\buildfarm\buildmachine_++depot+ue4-releases+4.7\engine\source\runtime\core\private\windows\windowsplatformmisc.cpp:774]
UE4Editor.exe!FEngineLoop::Tick() (0x00007ff6669500a9) + 8 bytes [d:\buildfarm\buildmachine_++depot+ue4-releases+4.7\engine\source\runtime\launch\private\launchengineloop.cpp:2233]
UE4Editor.exe!GuardedMain() (0x00007ff66694267c) + 0 bytes [d:\buildfarm\buildmachine_++depot+ue4-releases+4.7\engine\source\runtime\launch\private\launch.cpp:142]
UE4Editor.exe!GuardedMainWrapper() (0x00007ff6669426ea) + 5 bytes [d:\buildfarm\buildmachine_++depot+ue4-releases+4.7\engine\source\runtime\launch\private\windows\launchwindows.cpp:126]
UE4Editor.exe!WinMain() (0x00007ff666952219) + 17 bytes [d:\buildfarm\buildmachine_++depot+ue4-releases+4.7\engine\source\runtime\launch\private\windows\launchwindows.cpp:202]
UE4Editor.exe!__tmainCRTStartup() (0x00007ff666953159) + 21 bytes [f:\dd\vctools\crt\crtw32\dllstuff\crtexe.c:618]
KERNEL32.DLL!UnknownFunction (0x00007fffa0577034) + 0 bytes [UnknownFile:0]
ntdll.dll!UnknownFunction (0x00007fffa14a2651) + 0 bytes [UnknownFile:0]
ntdll.dll!UnknownFunction (0x00007fffa14a2651) + 0 bytes [UnknownFile:0]


[2021.05.09-22.00.30:756][535]LogExit: Executing StaticShutdownAfterError
[2021.05.09-22.00.30:761][535]LogWindows: FPlatformMisc::RequestExit(1)
[2021.05.09-22.00.30:761][535]Log file closed, 05/10/21 07:00:30
