Log file open, 05/20/21 21:37:58
LogInit:Display: Running engine for game: PaperNinja
LogInit: Version: 4.7.6-2513093+++depot+UE4-Releases+4.7
LogInit: API Version: 2455222
LogInit: Compiled (64-bit): Apr 15 2015 12:09:54
LogInit: Compiled with Visual C++: 18.00.21005.01
LogInit: Build Configuration: Development
LogInit: Branch Name: ++depot+UE4-Releases+4.7
LogInit: Command line:  
LogInit: Base directory: C:/Program Files/Epic Games/UE_4.7/Engine/Binaries/Win64/
LogInit: Rocket: 1
[2021.05.20-12.37.58:403][  0]LogTaskGraph: Started task graph with 3 named threads and 8 total threads.
[2021.05.20-12.37.58:505][  0]LogOnline:Warning: No default platform service specified for OnlineSubsystem
[2021.05.20-12.37.58:546][  0]LogInit: Presizing for 0 objects not considered by GC, pre-allocating 0 bytes.
[2021.05.20-12.37.58:564][  0]LogInit: Object subsystem initialized
[2021.05.20-12.37.58:568][  0]LogConsoleResponse:Warning: Skipping Unknown console variable: 'TranslucentSortAxis = (X=0.000000,Y=-1.000000,Z=0.000000)'
[2021.05.20-12.37.58:568][  0]LogConsoleResponse:Warning:   Found in ini file 'C:/Users/magi1/Documents/PaperNinja_FirstTime/PaperNinja/Saved/Config/Windows/Engine.ini', in section '[/Script/Engine.RendererSettings]'
[2021.05.20-12.37.58:568][  0]LogConsoleResponse:Warning: Skipping Unknown console variable: 'UIScaleRule = ShortestSide'
[2021.05.20-12.37.58:568][  0]LogConsoleResponse:Warning:   Found in ini file 'C:/Users/magi1/Documents/PaperNinja_FirstTime/PaperNinja/Saved/Config/Windows/Engine.ini', in section '[/Script/Engine.RendererSettings]'
[2021.05.20-12.37.58:568][  0]LogConsoleResponse:Warning: Skipping Unknown console variable: 'UIScaleCurve = (EditorCurveData=(Keys=),ExternalCurve=None)'
[2021.05.20-12.37.58:568][  0]LogConsoleResponse:Warning:   Found in ini file 'C:/Users/magi1/Documents/PaperNinja_FirstTime/PaperNinja/Saved/Config/Windows/Engine.ini', in section '[/Script/Engine.RendererSettings]'
[2021.05.20-12.37.58:569][  0]LogInit: Selected Device Profile: [Windows]
[2021.05.20-12.37.58:569][  0]LogInit: Applying CVar settings loaded from the selected device profile: [Windows]
[2021.05.20-12.37.58:585][  0]LogInit: Computer: DESKTOP-QG331CQ
[2021.05.20-12.37.58:585][  0]LogInit: User: magi1
[2021.05.20-12.37.58:585][  0]LogInit: CPU Page size=4096, Cores=6
[2021.05.20-12.37.58:585][  0]LogInit: High frequency timer resolution =10.000000 MHz
[2021.05.20-12.37.58:585][  0]LogMemory: Memory total: Physical=15.9GB (16GB approx) Virtual=131072.0GB
[2021.05.20-12.37.58:586][  0]LogMemory: Platform Memory Stats for Windows
[2021.05.20-12.37.58:586][  0]LogMemory: Process Physical Memory: 49.82 MB used, 49.83 MB peak
[2021.05.20-12.37.58:586][  0]LogMemory: Process Virtual Memory: 28.86 MB used, 28.86 MB peak
[2021.05.20-12.37.58:586][  0]LogMemory: Physical Memory: 7259.37 MB used, 16239.85 MB total
[2021.05.20-12.37.58:586][  0]LogMemory: Virtual Memory: 4435.00 MB used, 134217728.00 MB total
[2021.05.20-12.37.58:932][  0]LogD3D11RHI: Found D3D11 adapter 0: NVIDIA GeForce RTX 2080 (Feature Level 11_0)
[2021.05.20-12.37.58:932][  0]LogD3D11RHI: Adapter has 8010MB of dedicated video memory, 0MB of dedicated system memory, and 8119MB of shared system memory, 2 output[s]
[2021.05.20-12.37.59:006][  0]LogD3D11RHI: Found D3D11 adapter 1: Intel(R) UHD Graphics 630 (Feature Level 11_0)
[2021.05.20-12.37.59:006][  0]LogD3D11RHI: Adapter has 128MB of dedicated video memory, 0MB of dedicated system memory, and 8119MB of shared system memory, 0 output[s]
[2021.05.20-12.37.59:012][  0]LogD3D11RHI: Found D3D11 adapter 2: Microsoft Basic Render Driver (Feature Level 11_0)
[2021.05.20-12.37.59:012][  0]LogD3D11RHI: Adapter has 0MB of dedicated video memory, 0MB of dedicated system memory, and 8119MB of shared system memory, 0 output[s]
[2021.05.20-12.37.59:012][  0]LogD3D11RHI: Chosen D3D11 Adapter Id = 0
[2021.05.20-12.37.59:028][  0]LogRHI: Texture pool is 1361 MB (70% of 1945 MB)
[2021.05.20-12.37.59:236][  0]LogD3D11RHI: Async texture creation enabled
[2021.05.20-12.37.59:375][  0]LogTextLocalizationManager: The requested culture ('ja_JP') has no localization data; parent culture's ('ja') localization data will be used.
[2021.05.20-12.37.59:518][  0]LogTextLocalizationManager:Warning: Loading localization resources contain conflicting entries for (Namespace:UICommands, Key:Save_ToolTip):
Resource: (C:/Program Files/Epic Games/UE_4.7/Engine/Content/Localization/Editor/ja/Editor.locres) Hash: (-29098895) String: (現行レベルをディスクに保存)
Resource: (C:/Program Files/Epic Games/UE_4.7/Engine/Content/Localization/Engine/ja/Engine.locres) Hash: (-1280300587) String: (選択データをvlogファイルに保存)
[2021.05.20-12.37.59:518][  0]LogTextLocalizationManager:Warning: Loading localization resources contain conflicting entries for (Namespace:ContentBrowser, Key:ImportAssetToolTip):
Resource: (C:/Program Files/Epic Games/UE_4.7/Engine/Content/Localization/Editor/ja/Editor.locres) Hash: (-630476809) String: ({0} にインポート...)
Resource: (C:/Program Files/Epic Games/UE_4.7/Engine/Content/Localization/Editor/ja/Editor.locres) Hash: (1271782899) String: (このフォルダへファイルからアセットをインポート)
[2021.05.20-12.37.59:686][  0]LogContentStreaming: Texture pool size is 0.000000MB
[2021.05.20-12.38.04:998][  0]LogTargetPlatformManager:Display: Building Assets For Windows
[2021.05.20-12.38.06:265][  0]LogTargetPlatformManager:Display: Building Assets For Windows
[2021.05.20-12.38.06:434][  0]LogDerivedDataCache:Display: Max Cache Size: 512 MB
[2021.05.20-12.38.06:491][  0]LogDerivedDataCache: Loaded boot cache 0.06s 39MB C:/Users/magi1/AppData/Local/UnrealEngine/4.7/DerivedDataCache/Boot.ddc.
[2021.05.20-12.38.06:492][  0]LogDerivedDataCache:Display: Loaded Boot cache: C:/Users/magi1/AppData/Local/UnrealEngine/4.7/DerivedDataCache/Boot.ddc
[2021.05.20-12.38.06:492][  0]LogDerivedDataCache: FDerivedDataBackendGraph:  Pak pak cache file ../../../../../../Users/magi1/Documents/PaperNinja_FirstTime/PaperNinja/DerivedDataCache/DDC.ddp not found, will not use a pak cache.
[2021.05.20-12.38.06:492][  0]LogDerivedDataCache: Unable to find inner node Pak for hierarchical cache Hierarchy.
[2021.05.20-12.38.06:750][  0]LogDerivedDataCache:Display: Pak cache opened for reading ../../../Engine/DerivedDataCache/Compressed.ddp.
[2021.05.20-12.38.06:764][  0]LogDerivedDataCache: Using Local data cache path C:/Users/magi1/AppData/Local/UnrealEngine/Common/DerivedDataCache: Writable
[2021.05.20-12.38.07:362][  0]LogMeshUtilities: No automatic mesh reduction module available
[2021.05.20-12.38.07:362][  0]LogMeshUtilities: No automatic mesh merging module available
[2021.05.20-12.38.08:188][  0]LogInit: WinSock: version 1.1 (2.2), MaxSocks=32767, MaxUdp=65467
[2021.05.20-12.38.08:438][  0]LogSlate:Warning: Failed to load font data from '../../../Engine/Content/Slate/Fonts/Roboto-Italic.ttf'
[2021.05.20-12.38.10:274][  0]UdpMessaging: Initializing bridge on interface 0.0.0.0:0 to multicast group 230.0.0.1:6666.
[2021.05.20-12.38.10:792][  0]SourceControl: 情報 ソースコントロールは無効です
[2021.05.20-12.38.10:792][  0]SourceControl: 情報 ソースコントロールは無効です
[2021.05.20-12.38.10:792][  0]SourceControl: 情報 ソースコントロールは無効です
[2021.05.20-12.38.10:792][  0]LogSourceControl: RunCommandInternalRaw: 'git version'
[2021.05.20-12.38.10:793][  0]LogSourceControl: RunCommandInternalRaw: ExecProcess ReturnCode=2 OutResults=''
[2021.05.20-12.38.10:822][  0]SourceControl: 情報 ソースコントロールは無効です
[2021.05.20-12.38.11:373][  0]LogObj: 24232 objects as part of root set at end of initial load.
[2021.05.20-12.38.11:373][  0]LogUObjectAllocator: 5137176 out of 0 bytes used by permanent object pool.
[2021.05.20-12.38.11:548][  0]LogEngine: Initializing Engine...
[2021.05.20-12.38.13:913][  0]LogInit: XAudio2 using 'スピーカー (Realtek(R) Audio)' : 2 channels at 48 kHz using 32 bits per sample (channel mask 0x3)
[2021.05.20-12.38.13:966][  0]LogInit: FAudioDevice initialized.
[2021.05.20-12.38.14:077][  0]LogAIModule: Creating AISystem for world NewWorld
[2021.05.20-12.38.14:112][  0]LogDerivedDataCache: Saved boot cache 0.03s 39MB C:/Users/magi1/AppData/Local/UnrealEngine/4.7/DerivedDataCache/Boot.ddc.
[2021.05.20-12.38.14:117][  0]LogInit: Texture streaming: Enabled
[2021.05.20-12.38.14:340][  0]LogAnalytics: Creating configured Analytics provider AnalyticsET
[2021.05.20-12.38.14:340][  0]LogAnalytics: ET APIKey = Rocket.Release. APIServer = http://et2.epicgames.com/ET2/. AppVersion = 4.7.6-2513093+++depot+UE4-Releases+4.7
[2021.05.20-12.38.14:340][  0]LogAnalytics: ET APIKey = Rocket.Release. DataRouterUploadURL = https://datarouter-public-service-gamedev.ol.epicgames.net/datarouter/api/v1/public/data. AppVersion = 4.7.6-2513093+++depot+UE4-Releases+4.7
[2021.05.20-12.38.14:340][  0]LogAnalytics: SetUserId 144e59504b07e7078f7f9fbff0f199ea|e89bcdc3dddd40638ff112a71cef8e67|badf8662-73b2-480e-8b08-9b9fdfc993be
[2021.05.20-12.38.14:340][  0]LogAnalytics: AnalyticsET::StartSession [Rocket.Release]
[2021.05.20-12.38.14:435][  0]LogInit: Transaction tracking system initialized
[2021.05.20-12.38.14:961][  0]BlueprintLog: New page: エディタの読み込み
[2021.05.20-12.38.15:050][  0]LogAssetRegistry: FAssetRegistry took 0.0115 seconds to start up
[2021.05.20-12.38.15:051][  0]LogDirectoryWatcher:Warning: Failed to begin reading directory changes for ../../../Engine/Plugins/Experimental/CharacterAI/Content/. Error: 0
[2021.05.20-12.38.16:372][  0]LogTargetPlatformManager:Display: Building Assets For Windows
[2021.05.20-12.38.17:158][  0]LogTargetPlatformManager:Display: Building Assets For Windows
[2021.05.20-12.38.17:942][  0]LogSlate:Warning: Failed to load font data from '../../../Engine/Content/Editor/Slate/Fonts/Roboto-Regular.ttf'
[2021.05.20-12.38.17:943][  0]LogSlate:Warning: Failed to load font data from '../../../Engine/Content/Editor/Slate/Fonts/Roboto-Bold.ttf'
[2021.05.20-12.38.17:957][  0]LogConsoleResponse:Display: 
[2021.05.20-12.38.18:251][  0]LogCook:Display: Done creating registry. It took  0.00s.
[2021.05.20-12.38.18:671][  0]SourceControl: 情報 ソースコントロールは無効です
[2021.05.20-12.38.18:671][  0]Cmd: MAP LOAD FILE="../../../../../../Users/magi1/Documents/PaperNinja_FirstTime/PaperNinja/Content/StarterContent/Maps/Minimal_Default.umap" TEMPLATE=0 SHOWPROGRESS=1 FEATURELEVEL=3
[2021.05.20-12.38.18:672][  0]LightingResults: New page: ライティングのビルド
[2021.05.20-12.38.18:712][  0]MapCheck: New page: マップをチェック
[2021.05.20-12.38.18:712][  0]LightingResults: New page: <何も選択されていません>
[2021.05.20-12.38.18:725][  0]LogParticles: Destroying 0 GPU particle simulations for FXSystem 0x00000293554B0E00
[2021.05.20-12.38.20:621][  0]LogEditorServer: Finished looking for orphan Actors (0.000 secs)
[2021.05.20-12.38.20:655][  0]LogAIModule: Creating AISystem for world Minimal_Default
[2021.05.20-12.38.20:656][  0]Cmd: MAP CHECKDEP
[2021.05.20-12.38.20:656][  0]MapCheck: New page: Minimal_Default - 2021/05/21 6:38:20
[2021.05.20-12.38.20:917][  0]MapCheck: 情報 マップチェックが完了: 0 エラー、 0 警告、完了に 261.458ミリ秒かかりました。
[2021.05.20-12.38.20:918][  0]LogFileHelpers: Loading map 'Minimal_Default' took 2.247
[2021.05.20-12.38.21:197][  0]LogCollectionManager: Loaded 0 collections in 0.004574 seconds
[2021.05.20-12.38.21:215][  0]LogContentBrowser: Native class hierarchy populated in 0.0181 seconds. Added 1696 classes and 261 folders.
[2021.05.20-12.38.21:320][  0]LogContentBrowser: Native class hierarchy updated for 'SceneOutliner' in 0.0067 seconds. Added 1 classes and 2 folders.
[2021.05.20-12.38.21:376][  0]LogContentBrowser: Native class hierarchy updated for 'WorldBrowser' in 0.0067 seconds. Added 1 classes and 3 folders.
[2021.05.20-12.38.21:544][  0]LogCrashTracker: Crashtracker disabled due to settings.
[2021.05.20-12.38.21:546][  0]LogSlate:Warning: Failed to load font data from 'Veranda'
[2021.05.20-12.38.21:567][  0]LogUObjectGlobals:Warning: オブジェクト 'Class なし.' が見つかりませんでした
[2021.05.20-12.38.21:607][  0]LogLoad: Full Startup: 27.58 seconds (BP compile: 0.18 seconds)
[2021.05.20-12.38.22:115][  0]LogContentBrowser:Verbose: The content browser source was changed by the sources view to '/Game/Maps/Stage01'
[2021.05.20-12.38.22:345][  0]LogRenderer:Warning: Reallocating scene render targets to support 32x32 (Frame:2).
[2021.05.20-12.38.22:552][  0]LogRenderer:Warning: Reallocating scene render targets to support 1200x576 (Frame:3).
[2021.05.20-12.38.25:895][ 10]LogContentBrowser:Verbose: The content browser source was changed by the sources view to '/Game/Blueprints'
[2021.05.20-12.38.30:354][ 10]LogSkeletalMesh: InitArticulated: Bodies already created (/Engine/Transient.DebugSkelMeshComponent_0) - call TermArticulated first.
[2021.05.20-12.38.30:572][ 10]LogActorComponent: RegisterComponentWithWorld: (/Engine/Transient.DebugSkelMeshComponent_0) Already registered. Aborting.
[2021.05.20-12.38.31:397][ 10]LogAssetRegistry: Asset discovery search completed in 16.3593 seconds
[2021.05.20-12.39.05:357][  3]BlueprintLog: New page: PNSwitchActor をコンパイル
[2021.05.20-12.39.05:592][  3]BlueprintEditorCompileResults: 情報 [0071.56] PNSwitchActor のコンパイルに成功しました！  [ 235 ミリ秒]
[2021.05.20-12.39.06:244][ 33]Cmd: OBJ SAVEPACKAGE PACKAGE="/Game/Blueprints/PNSwitchActor" FILE="../../../../../../Users/magi1/Documents/PaperNinja_FirstTime/PaperNinja/Content/Blueprints/PNSwitchActor.uasset" SILENT=true
[2021.05.20-12.39.07:285][ 33]LogSavePackage: Save=934.096619ms
[2021.05.20-12.39.07:285][ 33]LogSavePackage: Moving '../../../../../../Users/magi1/Documents/PaperNinja_FirstTime/PaperNinja/Saved/PNSwitchActor9708B5004A5FAD2B233004B07118E728.tmp' to '../../../../../../Users/magi1/Documents/PaperNinja_FirstTime/PaperNinja/Content/Blueprints/PNSwitchActor.uasset'
[2021.05.20-12.39.19:030][590]BlueprintLog: New page: PNSwitchActor をコンパイル
[2021.05.20-12.39.19:245][590]BlueprintEditorCompileResults: 情報 [0085.21] PNSwitchActor のコンパイルに成功しました！  [ 214 ミリ秒]
[2021.05.20-12.39.19:696][609]Cmd: OBJ SAVEPACKAGE PACKAGE="/Game/Blueprints/PNSwitchActor" FILE="../../../../../../Users/magi1/Documents/PaperNinja_FirstTime/PaperNinja/Content/Blueprints/PNSwitchActor.uasset" SILENT=true
[2021.05.20-12.39.20:741][609]LogSavePackage: Save=925.478699ms
[2021.05.20-12.39.20:742][609]LogSavePackage: Moving '../../../../../../Users/magi1/Documents/PaperNinja_FirstTime/PaperNinja/Saved/PNSwitchActor3D286B3A4FBF26B89B81428DA7BAC9C4.tmp' to '../../../../../../Users/magi1/Documents/PaperNinja_FirstTime/PaperNinja/Content/Blueprints/PNSwitchActor.uasset'
[2021.05.20-12.39.25:295][865]LogContentBrowser:Verbose: The content browser source was changed by the sources view to '/Game/Maps/Test'
[2021.05.20-12.39.32:329][186]Cmd: MAP LOAD FILE="../../../../../../Users/magi1/Documents/PaperNinja_FirstTime/PaperNinja/Content/Maps/Test/Test_Physics_FallFloor.umap" TEMPLATE=0 SHOWPROGRESS=1 FEATURELEVEL=3
[2021.05.20-12.39.32:329][186]LightingResults: New page: ライティングのビルド
[2021.05.20-12.39.32:406][186]LoadErrors: New page: マップをロード中: Test_Physics_FallFloor.umap
[2021.05.20-12.39.32:408][186]MapCheck: New page: マップをチェック
[2021.05.20-12.39.32:408][186]LightingResults: New page: <何も選択されていません>
[2021.05.20-12.39.32:430][186]LogParticles: Destroying 0 GPU particle simulations for FXSystem 0x000002934C0207C0
[2021.05.20-12.39.32:500][186]LogEditorServer: Finished looking for orphan Actors (0.000 secs)
[2021.05.20-12.39.32:507][186]LogAIModule: Creating AISystem for world Test_Physics_FallFloor
[2021.05.20-12.39.32:595][186]Cmd: MAP CHECKDEP
[2021.05.20-12.39.32:595][186]MapCheck: New page: Test_Physics_FallFloor - 2021/05/21 6:39:32
[2021.05.20-12.39.32:940][186]MapCheck: 情報 マップチェックが完了: 0 エラー、 0 警告、完了に 345.529ミリ秒かかりました。
[2021.05.20-12.39.32:944][186]LogFileHelpers: Loading map 'Test_Physics_FallFloor' took 0.618
[2021.05.20-12.39.35:170][262]Cmd: MAP LOAD FILE="../../../../../../Users/magi1/Documents/PaperNinja_FirstTime/PaperNinja/Content/Maps/Test/Test_Physics_Box.umap" TEMPLATE=0 SHOWPROGRESS=1 FEATURELEVEL=3
[2021.05.20-12.39.35:170][262]LightingResults: New page: ライティングのビルド
[2021.05.20-12.39.35:247][262]LoadErrors: New page: マップをロード中: Test_Physics_Box.umap
[2021.05.20-12.39.35:249][262]MapCheck: New page: マップをチェック
[2021.05.20-12.39.35:249][262]LightingResults: New page: <何も選択されていません>
[2021.05.20-12.39.35:329][262]LogParticles: Destroying 0 GPU particle simulations for FXSystem 0x000002937D899620
[2021.05.20-12.39.35:334][262]LogEditorServer: Finished looking for orphan Actors (0.000 secs)
[2021.05.20-12.39.35:341][262]LogAIModule: Creating AISystem for world Test_Physics_Box
[2021.05.20-12.39.35:430][262]Cmd: MAP CHECKDEP
[2021.05.20-12.39.35:430][262]MapCheck: New page: Test_Physics_Box - 2021/05/21 6:39:35
[2021.05.20-12.39.35:769][262]MapCheck: 情報 マップチェックが完了: 0 エラー、 0 警告、完了に 338.843ミリ秒かかりました。
[2021.05.20-12.39.35:772][262]LogFileHelpers: Loading map 'Test_Physics_Box' took 0.607
[2021.05.20-12.39.39:102][421]LogEditorViewport: Clicking on Actor (LMB): PNSwitchActor_C (PNSwitchActor)
[2021.05.20-12.40.17:546][232]Cmd: OBJ SAVEPACKAGE PACKAGE="/Game/Blueprints/PNSwitchActor" FILE="../../../../../../Users/magi1/Documents/PaperNinja_FirstTime/PaperNinja/Content/Blueprints/PNSwitchActor.uasset" SILENT=true
[2021.05.20-12.40.17:830][232]LogSavePackage: Save=166.235596ms
[2021.05.20-12.40.17:830][232]LogSavePackage: Moving '../../../../../../Users/magi1/Documents/PaperNinja_FirstTime/PaperNinja/Saved/PNSwitchActor8DF2BB1D4F6AB2C67270409A5AF2358E.tmp' to '../../../../../../Users/magi1/Documents/PaperNinja_FirstTime/PaperNinja/Content/Blueprints/PNSwitchActor.uasset'
[2021.05.20-12.40.25:439][598]BlueprintLog: New page: PNSwitchActor をコンパイル
[2021.05.20-12.40.25:680][598]BlueprintEditorCompileResults: 情報 [0151.65] PNSwitchActor のコンパイルに成功しました！  [ 240 ミリ秒]
[2021.05.20-12.40.27:638][699]Cmd: OBJ SAVEPACKAGE PACKAGE="/Game/Blueprints/PNSwitchActor" FILE="../../../../../../Users/magi1/Documents/PaperNinja_FirstTime/PaperNinja/Content/Blueprints/PNSwitchActor.uasset" SILENT=true
[2021.05.20-12.40.28:691][699]LogSavePackage: Save=942.578796ms
[2021.05.20-12.40.28:691][699]LogSavePackage: Moving '../../../../../../Users/magi1/Documents/PaperNinja_FirstTime/PaperNinja/Saved/PNSwitchActorB658F60642EE345EFD70B88B6FCBE7DC.tmp' to '../../../../../../Users/magi1/Documents/PaperNinja_FirstTime/PaperNinja/Content/Blueprints/PNSwitchActor.uasset'
[2021.05.20-12.40.35:520][997]LogSavePackage: Save=196.464600ms
[2021.05.20-12.40.35:520][997]LogSavePackage: Moving '../../../../../../Users/magi1/Documents/PaperNinja_FirstTime/PaperNinja/Saved/Test_Physics_Box0E7C0FEF49A1D229FA8A1D956449DBCB.tmp' to '../../../../../../Users/magi1/Documents/PaperNinja_FirstTime/PaperNinja/Content/Maps/Test/Test_Physics_Box.umap'
[2021.05.20-12.41.15:614][987]LogContentBrowser:Verbose: The content browser source was changed by the sources view to '/Game/Maps/Stage01'
[2021.05.20-12.41.17:135][ 48]Cmd: MAP LOAD FILE="../../../../../../Users/magi1/Documents/PaperNinja_FirstTime/PaperNinja/Content/Maps/Stage01/PNStage01_Top.umap" TEMPLATE=0 SHOWPROGRESS=1 FEATURELEVEL=3
[2021.05.20-12.41.17:135][ 48]LightingResults: New page: ライティングのビルド
[2021.05.20-12.41.17:217][ 48]LoadErrors: New page: マップをロード中: PNStage01_Top.umap
[2021.05.20-12.41.17:220][ 48]MapCheck: New page: マップをチェック
[2021.05.20-12.41.17:220][ 48]LightingResults: New page: <何も選択されていません>
[2021.05.20-12.41.17:242][ 48]LogParticles: Destroying 0 GPU particle simulations for FXSystem 0x000002934BB1DA80
[2021.05.20-12.41.18:545][ 48]LogEditorServer: Finished looking for orphan Actors (0.000 secs)
[2021.05.20-12.41.18:547][ 48]LogAIModule: Creating AISystem for world PNStage01_Top
[2021.05.20-12.41.18:637][ 48]Cmd: MAP CHECKDEP
[2021.05.20-12.41.18:637][ 48]MapCheck: New page: PNStage01_Top - 2021/05/21 6:41:18
[2021.05.20-12.41.19:044][ 48]MapCheck: 情報 マップチェックが完了: 0 エラー、 0 警告、完了に 406.636ミリ秒かかりました。
[2021.05.20-12.41.19:048][ 48]LogFileHelpers: Loading map 'PNStage01_Top' took 1.918
[2021.05.20-12.41.37:162][ 81]LogContentBrowser:Verbose: The content browser source was changed by the sources view to '/Game/Blueprints'
[2021.05.20-12.41.41:836][312]LogContentBrowser:Verbose: The content browser source was changed by the sources view to '/Game/Props'
[2021.05.20-12.41.43:346][373]LogActorFactory: Actor Factory created SM_Box01
[2021.05.20-12.41.45:915][516]LogActorFactory: Actor Factory created SM_Box01
[2021.05.20-12.42.27:576][358]LogActorComponent: UnregisterComponent: (/Engine/Transient.CharMoveComp) Not registered. Aborting.
[2021.05.20-12.42.28:087][358]LogSavePackage: Save=367.789795ms
[2021.05.20-12.42.28:087][358]LogSavePackage: Moving '../../../../../../Users/magi1/Documents/PaperNinja_FirstTime/PaperNinja/Saved/PNStage01_GM25AA0004409E7D9A6119C99652C7B973.tmp' to '../../../../../../Users/magi1/Documents/PaperNinja_FirstTime/PaperNinja/Content/Maps/Stage01/PNStage01_GM.umap'
[2021.05.20-12.42.28:977][389]BlueprintLog: New page: PIE以前の自動再コンパイル
[2021.05.20-12.42.28:977][389]LogPlayLevel: [PIE] Compiling PNStage01_GM before PIE...
[2021.05.20-12.42.29:115][389]LogPlayLevel: PIE:  Blueprint regeneration took 138 ms (1 blueprints)
[2021.05.20-12.42.29:115][389]PIE: New page: PIEセッション: PNStage01_Top (2021/05/21 6:42:29)
[2021.05.20-12.42.29:117][389]LogPlayLevel: PIE: StaticDuplicateObject took: (0.001186s)
[2021.05.20-12.42.29:118][389]LogPlayLevel: PIE: World Init took: (0.000855s)
[2021.05.20-12.42.29:118][389]LogPlayLevel: PIE: Created PIE world by copying editor world from /Game/Maps/Stage01/PNStage01_Top.PNStage01_Top to /Game/Maps/Stage01/UEDPIE_0_PNStage01_Top.PNStage01_Top (0.002303s)
[2021.05.20-12.42.29:219][389]LogWorld: PIE: Copying PIE streaming level from /Game/Maps/Stage01/PNStage01_GM.PNStage01_GM to /Game/Maps/Stage01/UEDPIE_0_PNStage01_GM.PNStage01_GM. OwningWorld: /Game/Maps/Stage01/UEDPIE_0_PNStage01_Top.PNStage01_Top
[2021.05.20-12.42.29:238][389]LogSelection:Warning: PIE object was selected: "StaticMeshActor /Game/Maps/Stage01/UEDPIE_0_PNStage01_GM.PNStage01_GM:PersistentLevel.SM_Box01_3"
[2021.05.20-12.42.29:266][389]LogWorld: PIE: Copying PIE streaming level from /Game/Maps/Stage01/PNStage01_SM.PNStage01_SM to /Game/Maps/Stage01/UEDPIE_0_PNStage01_SM.PNStage01_SM. OwningWorld: /Game/Maps/Stage01/UEDPIE_0_PNStage01_Top.PNStage01_Top
[2021.05.20-12.42.29:693][389]LogWorld: Game class is 'PNGameMode_C'
[2021.05.20-12.42.29:700][389]LogAIModule: Creating AISystem for world PNStage01_Top
[2021.05.20-12.42.29:703][389]LogWorld:Warning: *** WARNING - PATHS MAY NOT BE VALID ***
[2021.05.20-12.42.29:703][389]LogWorld: Bringing World /Game/Maps/Stage01/UEDPIE_0_PNStage01_Top.PNStage01_Top up for play (max tick rate 0) at 2021.05.20-21.42.29
[2021.05.20-12.42.29:708][389]LogWorld: Bringing up level for play took: 0.006920
[2021.05.20-12.42.29:763][389]PIE: 情報 /Game/Maps/Stage01/UEDPIE_0_PNStage01_Top 1.53のPIE開始時間
[2021.05.20-12.42.29:875][389]LogRenderer:Warning: Reallocating scene render targets to support 1296x760 (Frame:11189).
[2021.05.20-12.42.54:035][492]LogParticles: Destroying 0 GPU particle simulations for FXSystem 0x000002934CC2CC20
[2021.05.20-12.43.08:645][194]LogStaticMesh: スタティックメッシュ SM_Shape_Cylinder_Base をビルド中...
[2021.05.20-12.43.08:720][194]LogStaticMesh: Built static mesh [76.628197ms] /Game/Props/SM_Shape_Cylinder_Base.SM_Shape_Cylinder_Base
[2021.05.20-12.43.08:962][194]LogRenderer:Warning: Reallocating scene render targets to support 1432x928 (Frame:13464).
[2021.05.20-12.43.45:587][277]Cmd: OBJ SAVEPACKAGE PACKAGE="/Game/Props/SM_Shape_Cylinder_Base" FILE="../../../../../../Users/magi1/Documents/PaperNinja_FirstTime/PaperNinja/Content/Props/SM_Shape_Cylinder_Base.uasset" SILENT=true
[2021.05.20-12.43.46:494][277]LogSavePackage: Save=784.689209ms
[2021.05.20-12.43.46:494][277]LogSavePackage: Moving '../../../../../../Users/magi1/Documents/PaperNinja_FirstTime/PaperNinja/Saved/SM_Shape_Cylinder_BaseE185349E42DD313114AE97B670454D3B.tmp' to '../../../../../../Users/magi1/Documents/PaperNinja_FirstTime/PaperNinja/Content/Props/SM_Shape_Cylinder_Base.uasset'
[2021.05.20-12.43.51:433][488]LogContentBrowser:Verbose: The content browser source was changed by the sources view to '/Game/Blueprints'
[2021.05.20-12.44.16:495][ 36]LogActorComponent: UnregisterComponent: (/Engine/Transient.CharMoveComp) Not registered. Aborting.
[2021.05.20-12.44.28:801][680]BlueprintLog: New page: PNSwitchActor をコンパイル
[2021.05.20-12.44.29:034][680]BlueprintEditorCompileResults: 情報 [0395.00] PNSwitchActor のコンパイルに成功しました！  [ 232 ミリ秒]
[2021.05.20-12.45.01:196][470]LogContentBrowser:Verbose: The content browser source was changed by the sources view to '/Game/Characters'
[2021.05.20-12.45.03:906][588]LogContentBrowser:Verbose: The content browser source was changed by the sources view to '/Game/Props'
[2021.05.20-12.45.13:651][ 32]BlueprintLog: New page: PNSwitchActor をコンパイル
[2021.05.20-12.45.13:893][ 32]BlueprintEditorCompileResults: 情報 [0439.86] PNSwitchActor のコンパイルに成功しました！  [ 242 ミリ秒]
[2021.05.20-12.45.14:362][ 46]Cmd: OBJ SAVEPACKAGE PACKAGE="/Game/Blueprints/PNSwitchActor" FILE="../../../../../../Users/magi1/Documents/PaperNinja_FirstTime/PaperNinja/Content/Blueprints/PNSwitchActor.uasset" SILENT=true
[2021.05.20-12.45.15:402][ 46]LogSavePackage: Save=928.755920ms
[2021.05.20-12.45.15:402][ 46]LogSavePackage: Moving '../../../../../../Users/magi1/Documents/PaperNinja_FirstTime/PaperNinja/Saved/PNSwitchActorA79863974033D6ED7D0F57B6E1DB1740.tmp' to '../../../../../../Users/magi1/Documents/PaperNinja_FirstTime/PaperNinja/Content/Blueprints/PNSwitchActor.uasset'
[2021.05.20-12.45.17:494][107]LogSavePackage: Save=387.729492ms
[2021.05.20-12.45.17:494][107]LogSavePackage: Moving '../../../../../../Users/magi1/Documents/PaperNinja_FirstTime/PaperNinja/Saved/PNStage01_GM2780994241841590CCC2038206C2565D.tmp' to '../../../../../../Users/magi1/Documents/PaperNinja_FirstTime/PaperNinja/Content/Maps/Stage01/PNStage01_GM.umap'
[2021.05.20-12.45.48:677][784]LogContentBrowser:Verbose: The content browser source was changed by the sources view to '/Game/Maps/Stage01'
[2021.05.20-12.45.51:834][944]LogActorComponent: UnregisterComponent: (/Engine/Transient.CharMoveComp) Not registered. Aborting.
[2021.05.20-12.45.53:633][944]LogSavePackage: Save=33.475700ms
[2021.05.20-12.45.53:633][944]LogSavePackage: Moving '../../../../../../Users/magi1/Documents/PaperNinja_FirstTime/PaperNinja/Saved/PNStage01_Top23C5D955400547DF529A36BE743A1C7C.tmp' to '../../../../../../Users/magi1/Documents/PaperNinja_FirstTime/PaperNinja/Content/Maps/Stage01/PNStage01_Top.umap'
[2021.05.20-12.45.53:731][944]LogFileHelpers: Saving map 'PNStage01_Top' took 0.674
[2021.05.20-12.45.54:329][979]LogContentBrowser:Verbose: The content browser source was changed by the sources view to '/Game/Maps/Test'
[2021.05.20-12.45.58:790][177]Cmd: MAP LOAD FILE="../../../../../../Users/magi1/Documents/PaperNinja_FirstTime/PaperNinja/Content/Maps/Test/Test_Physics_FallFloor.umap" TEMPLATE=0 SHOWPROGRESS=1 FEATURELEVEL=3
[2021.05.20-12.45.58:790][177]LightingResults: New page: ライティングのビルド
[2021.05.20-12.45.58:878][177]LoadErrors: New page: マップをロード中: Test_Physics_FallFloor.umap
[2021.05.20-12.45.58:885][177]MapCheck: New page: マップをチェック
[2021.05.20-12.45.58:885][177]LightingResults: New page: <何も選択されていません>
[2021.05.20-12.45.58:909][177]LogParticles: Destroying 0 GPU particle simulations for FXSystem 0x000002937477B9C0
[2021.05.20-12.45.58:998][177]LogEditorServer: Finished looking for orphan Actors (0.000 secs)
[2021.05.20-12.45.59:005][177]LogAIModule: Creating AISystem for world Test_Physics_FallFloor
[2021.05.20-12.45.59:098][177]Cmd: MAP CHECKDEP
[2021.05.20-12.45.59:098][177]MapCheck: New page: Test_Physics_FallFloor - 2021/05/21 6:45:59
[2021.05.20-12.45.59:469][177]MapCheck: 情報 マップチェックが完了: 0 エラー、 0 警告、完了に 371.107ミリ秒かかりました。
[2021.05.20-12.45.59:472][177]LogFileHelpers: Loading map 'Test_Physics_FallFloor' took 0.687
[2021.05.20-12.46.03:967][407]Cmd: MAP LOAD FILE="../../../../../../Users/magi1/Documents/PaperNinja_FirstTime/PaperNinja/Content/Maps/Test/Test_Physics_Box.umap" TEMPLATE=0 SHOWPROGRESS=1 FEATURELEVEL=3
[2021.05.20-12.46.03:967][407]LightingResults: New page: ライティングのビルド
[2021.05.20-12.46.04:057][407]LoadErrors: New page: マップをロード中: Test_Physics_Box.umap
[2021.05.20-12.46.04:059][407]MapCheck: New page: マップをチェック
[2021.05.20-12.46.04:059][407]LightingResults: New page: <何も選択されていません>
[2021.05.20-12.46.04:084][407]LogParticles: Destroying 0 GPU particle simulations for FXSystem 0x00000293701AB240
[2021.05.20-12.46.04:198][407]LogEditorServer: Finished looking for orphan Actors (0.000 secs)
[2021.05.20-12.46.04:206][407]LogAIModule: Creating AISystem for world Test_Physics_Box
[2021.05.20-12.46.04:301][407]Cmd: MAP CHECKDEP
[2021.05.20-12.46.04:301][407]MapCheck: New page: Test_Physics_Box - 2021/05/21 6:46:04
[2021.05.20-12.46.04:680][407]MapCheck: 情報 マップチェックが完了: 0 エラー、 0 警告、完了に 380.112ミリ秒かかりました。
[2021.05.20-12.46.04:683][407]LogFileHelpers: Loading map 'Test_Physics_Box' took 0.721
[2021.05.20-12.46.23:980][114]LogContentBrowser:Verbose: The content browser source was changed by the sources view to '/Game/Characters'
[2021.05.20-12.46.24:727][163]LogContentBrowser:Verbose: The content browser source was changed by the sources view to '/Game/Blueprints'
[2021.05.20-12.47.10:554][963]Cmd: TRANSACTION UNDO
[2021.05.20-12.47.10:554][963]LogEditorTransaction: Undo コンポーネントを修正
[2021.05.20-12.47.10:596][963]LogActorComponent: UnregisterComponent: (/Engine/Transient.CharMoveComp) Not registered. Aborting.
[2021.05.20-12.47.49:691][152]BlueprintLog: New page: PNSwitchActor をコンパイル
[2021.05.20-12.47.49:910][152]BlueprintEditorCompileResults: 情報 [0595.88] PNSwitchActor のコンパイルに成功しました！  [ 218 ミリ秒]
[2021.05.20-12.47.51:001][199]Cmd: OBJ SAVEPACKAGE PACKAGE="/Game/Blueprints/PNSwitchActor" FILE="../../../../../../Users/magi1/Documents/PaperNinja_FirstTime/PaperNinja/Content/Blueprints/PNSwitchActor.uasset" SILENT=true
[2021.05.20-12.47.52:040][199]LogSavePackage: Save=921.362671ms
[2021.05.20-12.47.52:040][199]LogSavePackage: Moving '../../../../../../Users/magi1/Documents/PaperNinja_FirstTime/PaperNinja/Saved/PNSwitchActor9688B1364DE6671C07E672988782978D.tmp' to '../../../../../../Users/magi1/Documents/PaperNinja_FirstTime/PaperNinja/Content/Blueprints/PNSwitchActor.uasset'
[2021.05.20-12.47.54:608][346]BlueprintLog: New page: PIE以前の自動再コンパイル
[2021.05.20-12.47.54:614][346]LogActorComponent: UnregisterComponent: (/Engine/Transient.CharMoveComp) Not registered. Aborting.
[2021.05.20-12.47.54:616][346]LogPlayLevel: [PIE] Compiling PNFallFloorActor before PIE...
[2021.05.20-12.47.54:737][346]LogPlayLevel: [PIE] Compiling PNPlayerPawn before PIE...
[2021.05.20-12.47.55:215][346]LogPlayLevel: [PIE] Compiling Test_Physics_Box before PIE...
[2021.05.20-12.47.55:296][346]LogPlayLevel: [PIE] Compiling PNPickupCoinActor before PIE...
[2021.05.20-12.47.55:457][346]LogPlayLevel: [PIE] Compiling PNPickupScrollActor before PIE...
[2021.05.20-12.47.55:567][346]LogPlayLevel: [PIE] Compiling PNGameMode before PIE...
[2021.05.20-12.47.55:720][346]LogPlayLevel: PIE:  Blueprint regeneration took 1111 ms (6 blueprints)
[2021.05.20-12.47.55:720][346]PIE: New page: PIEセッション: Test_Physics_Box (2021/05/21 6:47:55)
[2021.05.20-12.47.55:729][346]LogPlayLevel: PIE: StaticDuplicateObject took: (0.008676s)
[2021.05.20-12.47.55:730][346]LogPlayLevel: PIE: World Init took: (0.000864s)
[2021.05.20-12.47.55:730][346]LogPlayLevel: PIE: Created PIE world by copying editor world from /Game/Maps/Test/Test_Physics_Box.Test_Physics_Box to /Game/Maps/Test/UEDPIE_0_Test_Physics_Box.Test_Physics_Box (0.009783s)
[2021.05.20-12.47.55:863][346]LogWorld: Game class is 'PNGameMode_C'
[2021.05.20-12.47.55:869][346]LogAIModule: Creating AISystem for world Test_Physics_Box
[2021.05.20-12.47.55:877][346]LogWorld: Bringing World /Game/Maps/Test/UEDPIE_0_Test_Physics_Box.Test_Physics_Box up for play (max tick rate 0) at 2021.05.20-21.47.55
[2021.05.20-12.47.55:879][346]LogWorld: Bringing up level for play took: 0.009130
[2021.05.20-12.47.55:933][346]PIE: 情報 /Game/Maps/Test/UEDPIE_0_Test_Physics_Box 1.699のPIE開始時間
[2021.05.20-12.47.56:036][347]LogCharacterMovement:Warning: GetSimulationTimeStep() - Max iterations 8 hit while remaining time 0.100000 > MaxSimulationTimeStep (0.050) for 'PNPlayerPawn_C_0'
[2021.05.20-12.47.57:186][408]LogCharacterMovement: PNPlayerPawn_C_0 is stuck and failed to move!
[2021.05.20-12.47.57:203][409]LogCharacterMovement: PNPlayerPawn_C_0 is stuck and failed to move!
[2021.05.20-12.47.57:222][410]LogCharacterMovement: PNPlayerPawn_C_0 is stuck and failed to move!
[2021.05.20-12.47.57:242][411]LogCharacterMovement: PNPlayerPawn_C_0 is stuck and failed to move!
[2021.05.20-12.47.57:260][412]LogCharacterMovement: PNPlayerPawn_C_0 is stuck and failed to move!
[2021.05.20-12.47.57:279][413]LogCharacterMovement: PNPlayerPawn_C_0 is stuck and failed to move!
[2021.05.20-12.47.57:296][414]LogCharacterMovement: PNPlayerPawn_C_0 is stuck and failed to move!
[2021.05.20-12.47.57:319][415]LogCharacterMovement: PNPlayerPawn_C_0 is stuck and failed to move!
[2021.05.20-12.47.57:337][416]LogCharacterMovement: PNPlayerPawn_C_0 is stuck and failed to move!
[2021.05.20-12.47.57:354][417]LogCharacterMovement: PNPlayerPawn_C_0 is stuck and failed to move!
[2021.05.20-12.47.57:373][418]LogCharacterMovement: PNPlayerPawn_C_0 is stuck and failed to move!
[2021.05.20-12.47.58:157][456]LogActorComponent: UnregisterComponent: (/Engine/Transient.CharMoveComp) Not registered. Aborting.
[2021.05.20-12.47.58:204][456]LogParticles: Destroying 0 GPU particle simulations for FXSystem 0x000002937A6DA5C0
[2021.05.20-12.48.05:744][864]BlueprintLog: New page: PNPlayerPawn をコンパイル
[2021.05.20-12.48.06:224][864]BlueprintEditorCompileResults: 情報 [0612.19] PNPlayerPawn のコンパイルに成功しました！  [ 480 ミリ秒]
[2021.05.20-12.48.06:791][880]Cmd: OBJ SAVEPACKAGE PACKAGE="/Game/Blueprints/PNPlayerPawn" FILE="../../../../../../Users/magi1/Documents/PaperNinja_FirstTime/PaperNinja/Content/Blueprints/PNPlayerPawn.uasset" SILENT=true
[2021.05.20-12.48.08:450][880]LogSavePackage: Save=1541.388062ms
[2021.05.20-12.48.08:451][880]LogSavePackage: Moving '../../../../../../Users/magi1/Documents/PaperNinja_FirstTime/PaperNinja/Saved/PNPlayerPawn9E8620F747C1A60833D2399E6A048FE0.tmp' to '../../../../../../Users/magi1/Documents/PaperNinja_FirstTime/PaperNinja/Content/Blueprints/PNPlayerPawn.uasset'
[2021.05.20-12.48.10:809][  8]BlueprintLog: New page: PIE以前の自動再コンパイル
[2021.05.20-12.48.10:814][  8]LogPlayLevel: [PIE] Compiling PNPickupCoinActor before PIE...
[2021.05.20-12.48.10:965][  8]LogActorComponent: UnregisterComponent: (/Engine/Transient.CharMoveComp) Not registered. Aborting.
[2021.05.20-12.48.10:996][  8]LogPlayLevel: [PIE] Compiling PNPickupScrollActor before PIE...
[2021.05.20-12.48.11:106][  8]LogPlayLevel: [PIE] Compiling PNGameMode before PIE...
[2021.05.20-12.48.11:230][  8]LogPlayLevel: [PIE] Compiling Test_Physics_Box before PIE...
[2021.05.20-12.48.11:318][  8]LogPlayLevel: [PIE] Compiling PNPlayerPawn before PIE...
[2021.05.20-12.48.11:802][  8]LogPlayLevel: PIE:  Blueprint regeneration took 992 ms (5 blueprints)
[2021.05.20-12.48.11:802][  8]PIE: New page: PIEセッション: Test_Physics_Box (2021/05/21 6:48:11)
[2021.05.20-12.48.11:812][  8]LogPlayLevel: PIE: StaticDuplicateObject took: (0.008721s)
[2021.05.20-12.48.11:812][  8]LogPlayLevel: PIE: World Init took: (0.000841s)
[2021.05.20-12.48.11:813][  8]LogPlayLevel: PIE: Created PIE world by copying editor world from /Game/Maps/Test/Test_Physics_Box.Test_Physics_Box to /Game/Maps/Test/UEDPIE_0_Test_Physics_Box.Test_Physics_Box (0.009814s)
[2021.05.20-12.48.11:944][  8]LogWorld: Game class is 'PNGameMode_C'
[2021.05.20-12.48.11:949][  8]LogAIModule: Creating AISystem for world Test_Physics_Box
[2021.05.20-12.48.11:956][  8]LogWorld: Bringing World /Game/Maps/Test/UEDPIE_0_Test_Physics_Box.Test_Physics_Box up for play (max tick rate 0) at 2021.05.20-21.48.11
[2021.05.20-12.48.11:958][  8]LogWorld: Bringing up level for play took: 0.008210
[2021.05.20-12.48.12:012][  8]PIE: 情報 /Game/Maps/Test/UEDPIE_0_Test_Physics_Box 1.779のPIE開始時間
[2021.05.20-12.48.12:106][  9]LogCharacterMovement:Warning: GetSimulationTimeStep() - Max iterations 8 hit while remaining time 0.100000 > MaxSimulationTimeStep (0.050) for 'PNPlayerPawn_C_0'
[2021.05.20-12.48.14:468][131]LogActorComponent: UnregisterComponent: (/Engine/Transient.CharMoveComp) Not registered. Aborting.
[2021.05.20-12.48.14:516][131]LogParticles: Destroying 0 GPU particle simulations for FXSystem 0x0000029329124AE0
[2021.05.20-12.48.37:711][703]LogLinker:Warning: Asset '../../../Engine/Content/Tutorial/SubEditors/PersonaAnimEditorTutorial.uasset' has been saved with empty engine version. The asset will be loaded but may be incompatible.
[2021.05.20-12.49.04:420][337]BlueprintLog: New page: PIE以前の自動再コンパイル
[2021.05.20-12.49.04:426][337]LogPlayLevel: [PIE] Compiling PNPickupCoinActor before PIE...
[2021.05.20-12.49.04:609][337]LogPlayLevel: [PIE] Compiling PNPickupScrollActor before PIE...
[2021.05.20-12.49.04:718][337]LogPlayLevel: [PIE] Compiling PNGameMode before PIE...
[2021.05.20-12.49.04:835][337]LogPlayLevel: [PIE] Compiling Test_Physics_Box before PIE...
[2021.05.20-12.49.04:923][337]LogPlayLevel: [PIE] Compiling PNPlayerPawn before PIE...
[2021.05.20-12.49.05:372][337]LogActorComponent: UnregisterComponent: (/Engine/Transient.CharMoveComp) Not registered. Aborting.
[2021.05.20-12.49.05:397][337]LogParticles: Destroying 0 GPU particle simulations for FXSystem 0x000002934C8659E0
[2021.05.20-12.49.05:397][337]LogParticles: Destroying 0 GPU particle simulations for FXSystem 0x0000029374FF7920
[2021.05.20-12.49.05:398][337]LogParticles: Destroying 0 GPU particle simulations for FXSystem 0x000002937AC6A020
[2021.05.20-12.49.05:398][337]LogParticles: Destroying 0 GPU particle simulations for FXSystem 0x000002937BF30EA0
[2021.05.20-12.49.05:399][337]LogParticles: Destroying 0 GPU particle simulations for FXSystem 0x000002937BF30860
[2021.05.20-12.49.05:400][337]LogParticles: Destroying 0 GPU particle simulations for FXSystem 0x000002931716E3E0
[2021.05.20-12.49.05:407][337]LogPlayLevel: PIE:  Blueprint regeneration took 986 ms (5 blueprints)
[2021.05.20-12.49.05:408][337]PIE: New page: PIEセッション: Test_Physics_Box (2021/05/21 6:49:05)
[2021.05.20-12.49.05:417][337]LogPlayLevel: PIE: StaticDuplicateObject took: (0.008873s)
[2021.05.20-12.49.05:418][337]LogPlayLevel: PIE: World Init took: (0.000838s)
[2021.05.20-12.49.05:418][337]LogPlayLevel: PIE: Created PIE world by copying editor world from /Game/Maps/Test/Test_Physics_Box.Test_Physics_Box to /Game/Maps/Test/UEDPIE_0_Test_Physics_Box.Test_Physics_Box (0.009951s)
[2021.05.20-12.49.05:549][337]LogWorld: Game class is 'PNGameMode_C'
[2021.05.20-12.49.05:555][337]LogAIModule: Creating AISystem for world Test_Physics_Box
[2021.05.20-12.49.05:563][337]LogWorld: Bringing World /Game/Maps/Test/UEDPIE_0_Test_Physics_Box.Test_Physics_Box up for play (max tick rate 0) at 2021.05.20-21.49.05
[2021.05.20-12.49.05:565][337]LogWorld: Bringing up level for play took: 0.009359
[2021.05.20-12.49.05:630][337]PIE: 情報 /Game/Maps/Test/UEDPIE_0_Test_Physics_Box 1.396のPIE開始時間
[2021.05.20-12.49.05:722][338]LogCharacterMovement:Warning: GetSimulationTimeStep() - Max iterations 8 hit while remaining time 0.100000 > MaxSimulationTimeStep (0.050) for 'PNPlayerPawn_C_0'
[2021.05.20-12.49.08:328][502]LogActorComponent: UnregisterComponent: (/Engine/Transient.CharMoveComp) Not registered. Aborting.
[2021.05.20-12.49.08:381][502]LogParticles: Destroying 0 GPU particle simulations for FXSystem 0x000002932BD3D9E0
[2021.05.20-12.49.09:834][613]MapCheck: New page: マップをチェック
[2021.05.20-12.49.09:866][613]Cmd: MAP REBUILD ALLVISIBLE
[2021.05.20-12.49.09:866][613]LogEditorServer: Rebuildmap Clear paths rebuilt
[2021.05.20-12.49.10:004][613]LightingResults: New page: ライティングのビルド - 2021/05/21 6:49:10
[2021.05.20-12.49.19:284][613]LogStaticLightingSystem:Warning: No importance volume found, so the scene bounding box was used.  You can optimize your scene's quality and lighting build times by adding importance volumes.
[2021.05.20-12.49.19:284][613]LogStaticLightingSystem: Running Lightmass w/ ImmediateImport mode ENABLED
[2021.05.20-12.49.19:285][613]LogStaticLightingSystem: Running Lightmass w/ ImmediateProcess mode ENABLED
[2021.05.20-12.49.19:285][613]LogStaticLightingSystem: Running Lightmass w/ Sorting mode ENABLED
[2021.05.20-12.49.19:285][613]LogStaticLightingSystem: Running Lightmass w/ Mapping paddings ENABLED
[2021.05.20-12.49.19:285][613]LogStaticLightingSystem: Running Lightmass w/ Mapping debug paddings DISABLED
[2021.05.20-12.49.19:512][613]LogEditorBuildUtils: Build time 0:00:09
[2021.05.20-12.49.22:180][751]Job is a success!
[2021.05.20-12.49.22:359][753]LogTexture:Display: テクスチャをビルド中: HQ_Lightmap1_1 (AutoDXT)
[2021.05.20-12.49.22:374][753]LogTexture:Display: テクスチャをビルド中: LQ_Lightmap_0_2 (DXT1)
[2021.05.20-12.49.22:375][753]LogTexture:Display: テクスチャをビルド中: HQ_Lightmap0_2 (AutoDXT)
[2021.05.20-12.49.22:377][753]LogTexture:Display: テクスチャをビルド中: LQ_Lightmap_1_1 (DXT1)
[2021.05.20-12.49.22:401][753]LogTexture:Display: テクスチャをビルド中: ShadowMapTexture2D_1 (BGRA8)
[2021.05.20-12.49.22:405][753]LogTexture:Display: テクスチャをビルド中: ShadowMapTexture2D_2 (BGRA8)
[2021.05.20-12.49.22:486][753]Lightmass on DESKTOP-QG331CQ: 1.79 sec total, 264 ms importing, 2 ms setup, 722 ms photons, 664 ms processing, 0 ms extra exporting [3/3 mappings]. Threads: 6.59 sec total, 557 ms processing.
[2021.05.20-12.49.22:608][753]LogStaticLightingSystem: Illumination: 12.5 sec (64 ms encoding lightmaps)
[2021.05.20-12.49.22:608][753]LogStaticLightingSystem: Lightmap texture memory:  0.1 MB (0.1 MB streaming, 0.0 MB non-streaming), 4 textures
[2021.05.20-12.49.22:608][753]LogStaticLightingSystem: Shadowmap texture memory: 0.2 MB (0.2 MB streaming, 0.0 MB non-streaming), 2 textures
[2021.05.20-12.49.23:320][754]Cmd: MAP CHECK NOTIFYRESULTS
[2021.05.20-12.49.23:320][754]MapCheck: New page: Test_Physics_Box - 2021/05/21 6:49:23
[2021.05.20-12.49.23:326][754]MapCheck:Error: エラー PNGateActor_1964 コンポーネントは静的タイプですがライトマップ設定が無効です！間接光は黒になります。主な原因は、ライトマップの解像度が0、LightmapCoordinateIndexが範囲外であることが考えられます。 
[2021.05.20-12.49.23:326][754]MapCheck:Warning: 警告 PNGateActor_1964 スタティックメッシュアクタに NULL のStaticMesh プロパティがあります 
[2021.05.20-12.49.23:326][754]MapCheck:Warning: 警告 PNGateActor_1964 スタティックメッシュアクタに NULL のStaticMesh プロパティがあります 
[2021.05.20-12.49.23:326][754]MapCheck:Warning: 警告 PNGateActor_1964 スタティックメッシュアクタに NULL のStaticMesh プロパティがあります 
[2021.05.20-12.49.23:326][754]MapCheck:Error: エラー PNGateActor_1964 コンポーネントは静的タイプですがライトマップ設定が無効です！間接光は黒になります。主な原因は、ライトマップの解像度が0、LightmapCoordinateIndexが範囲外であることが考えられます。 
[2021.05.20-12.49.23:326][754]MapCheck:Warning: 警告 PNGateActor_1964 スタティックメッシュアクタに NULL のStaticMesh プロパティがあります 
[2021.05.20-12.49.23:716][754]MapCheck: 情報 マップチェックが完了: 2 エラー、 4 警告、完了に 396.105ミリ秒かかりました。
[2021.05.20-12.49.43:293][786]LogContentBrowser:Verbose: The content browser source was changed by the sources view to '/Game/Maps/Test'
[2021.05.20-12.49.43:791][813]LogContentBrowser:Verbose: The content browser source was changed by the sources view to '/Game/Maps/Stage01'
[2021.05.20-12.49.44:844][866]LogActorComponent: UnregisterComponent: (/Engine/Transient.CharMoveComp) Not registered. Aborting.
[2021.05.20-12.49.46:625][866]Cmd: OBJ SAVEPACKAGE PACKAGE="/Game/Blueprints/PNFallFloorActor" FILE="../../../../../../Users/magi1/Documents/PaperNinja_FirstTime/PaperNinja/Content/Blueprints/PNFallFloorActor.uasset" SILENT=true
[2021.05.20-12.49.47:516][866]LogSavePackage: Save=751.254211ms
[2021.05.20-12.49.47:516][866]LogSavePackage: Moving '../../../../../../Users/magi1/Documents/PaperNinja_FirstTime/PaperNinja/Saved/PNFallFloorActor60E02B724303875F90111FBE6340E1A3.tmp' to '../../../../../../Users/magi1/Documents/PaperNinja_FirstTime/PaperNinja/Content/Blueprints/PNFallFloorActor.uasset'
[2021.05.20-12.49.48:286][866]LogSavePackage: Save=201.528595ms
[2021.05.20-12.49.48:286][866]LogSavePackage: Moving '../../../../../../Users/magi1/Documents/PaperNinja_FirstTime/PaperNinja/Saved/Test_Physics_BoxB8D9B34244D5BEAF450A7796F354E0FF.tmp' to '../../../../../../Users/magi1/Documents/PaperNinja_FirstTime/PaperNinja/Content/Maps/Test/Test_Physics_Box.umap'
[2021.05.20-12.49.48:384][866]LogFileHelpers: Saving map 'Test_Physics_Box' took 0.856
[2021.05.20-12.49.48:389][866]Cmd: MAP LOAD FILE="../../../../../../Users/magi1/Documents/PaperNinja_FirstTime/PaperNinja/Content/Maps/Stage01/PNStage01_Top.umap" TEMPLATE=0 SHOWPROGRESS=1 FEATURELEVEL=3
[2021.05.20-12.49.48:390][866]LightingResults: New page: ライティングのビルド
[2021.05.20-12.49.48:478][866]LoadErrors: New page: マップをロード中: PNStage01_Top.umap
[2021.05.20-12.49.48:480][866]MapCheck: New page: マップをチェック
[2021.05.20-12.49.48:480][866]LightingResults: New page: <何も選択されていません>
[2021.05.20-12.49.48:503][866]LogParticles: Destroying 0 GPU particle simulations for FXSystem 0x00000293701AB1A0
[2021.05.20-12.49.49:270][866]LogEditorServer: Finished looking for orphan Actors (0.000 secs)
[2021.05.20-12.49.49:271][866]LogAIModule: Creating AISystem for world PNStage01_Top
[2021.05.20-12.49.49:362][866]Cmd: MAP CHECKDEP
[2021.05.20-12.49.49:362][866]MapCheck: New page: PNStage01_Top - 2021/05/21 6:49:49
[2021.05.20-12.49.49:741][866]MapCheck: 情報 マップチェックが完了: 0 エラー、 0 警告、完了に 379.479ミリ秒かかりました。
[2021.05.20-12.49.49:742][866]LogFileHelpers: Loading map 'PNStage01_Top' took 1.359
[2021.05.20-12.49.50:346][899]BlueprintLog: New page: PIE以前の自動再コンパイル
[2021.05.20-12.49.50:352][899]LogPlayLevel: [PIE] Compiling PNPickupCoinActor before PIE...
[2021.05.20-12.49.50:531][899]LogPlayLevel: [PIE] Compiling PNPickupScrollActor before PIE...
[2021.05.20-12.49.50:644][899]LogPlayLevel: [PIE] Compiling PNGameMode before PIE...
[2021.05.20-12.49.50:771][899]LogPlayLevel: [PIE] Compiling PNStage01_GM before PIE...
[2021.05.20-12.49.50:885][899]LogPlayLevel: [PIE] Compiling PNPlayerPawn before PIE...
[2021.05.20-12.49.51:374][899]LogPlayLevel: PIE:  Blueprint regeneration took 1027 ms (5 blueprints)
[2021.05.20-12.49.51:374][899]PIE: New page: PIEセッション: PNStage01_Top (2021/05/21 6:49:51)
[2021.05.20-12.49.51:376][899]LogPlayLevel: PIE: StaticDuplicateObject took: (0.001208s)
[2021.05.20-12.49.51:377][899]LogPlayLevel: PIE: World Init took: (0.000815s)
[2021.05.20-12.49.51:377][899]LogPlayLevel: PIE: Created PIE world by copying editor world from /Game/Maps/Stage01/PNStage01_Top.PNStage01_Top to /Game/Maps/Stage01/UEDPIE_0_PNStage01_Top.PNStage01_Top (0.002278s)
[2021.05.20-12.49.51:470][899]LogWorld: PIE: Copying PIE streaming level from /Game/Maps/Stage01/PNStage01_GM.PNStage01_GM to /Game/Maps/Stage01/UEDPIE_0_PNStage01_GM.PNStage01_GM. OwningWorld: /Game/Maps/Stage01/UEDPIE_0_PNStage01_Top.PNStage01_Top
[2021.05.20-12.49.51:515][899]LogWorld: PIE: Copying PIE streaming level from /Game/Maps/Stage01/PNStage01_SM.PNStage01_SM to /Game/Maps/Stage01/UEDPIE_0_PNStage01_SM.PNStage01_SM. OwningWorld: /Game/Maps/Stage01/UEDPIE_0_PNStage01_Top.PNStage01_Top
[2021.05.20-12.49.51:707][899]LogWorld: Game class is 'PNGameMode_C'
[2021.05.20-12.49.51:714][899]LogAIModule: Creating AISystem for world PNStage01_Top
[2021.05.20-12.49.51:717][899]LogWorld:Warning: *** WARNING - PATHS MAY NOT BE VALID ***
[2021.05.20-12.49.51:717][899]LogWorld: Bringing World /Game/Maps/Stage01/UEDPIE_0_PNStage01_Top.PNStage01_Top up for play (max tick rate 0) at 2021.05.20-21.49.51
[2021.05.20-12.49.51:722][899]LogWorld: Bringing up level for play took: 0.007499
[2021.05.20-12.49.51:772][899]PIE: 情報 /Game/Maps/Stage01/UEDPIE_0_PNStage01_Top 1.539のPIE開始時間
[2021.05.20-12.49.51:856][900]LogCharacterMovement:Warning: GetSimulationTimeStep() - Max iterations 8 hit while remaining time 0.100000 > MaxSimulationTimeStep (0.050) for 'PNPlayerPawn_C_0'
[2021.05.20-12.50.04:181][696]LogParticles: Destroying 0 GPU particle simulations for FXSystem 0x000002937A7C9440
[2021.05.20-12.50.08:671][ 65]MapCheck: New page: マップをチェック
[2021.05.20-12.50.08:698][ 65]Cmd: MAP REBUILD ALLVISIBLE
[2021.05.20-12.50.08:698][ 65]LogEditorServer: Rebuildmap Clear paths rebuilt
[2021.05.20-12.50.09:148][ 65]LightingResults: New page: ライティングのビルド - 2021/05/21 6:50:09
[2021.05.20-12.50.13:789][ 65]LogStaticLightingSystem:Warning: No importance volume found, so the scene bounding box was used.  You can optimize your scene's quality and lighting build times by adding importance volumes.
[2021.05.20-12.50.13:790][ 65]LogStaticLightingSystem: Running Lightmass w/ ImmediateImport mode ENABLED
[2021.05.20-12.50.13:790][ 65]LogStaticLightingSystem: Running Lightmass w/ ImmediateProcess mode ENABLED
[2021.05.20-12.50.13:790][ 65]LogStaticLightingSystem: Running Lightmass w/ Sorting mode ENABLED
[2021.05.20-12.50.13:790][ 65]LogStaticLightingSystem: Running Lightmass w/ Mapping paddings ENABLED
[2021.05.20-12.50.13:790][ 65]LogStaticLightingSystem: Running Lightmass w/ Mapping debug paddings DISABLED
[2021.05.20-12.50.13:986][ 65]LogEditorBuildUtils: Build time 0:00:05
[2021.05.20-12.50.14:006][ 65]LogMaterial: Missing cached shader map for material FLightmassMaterialRenderer M_FloorSide, compiling. 
[2021.05.20-12.50.14:019][ 65]LogMaterial: Missing cached shader map for material FLightmassMaterialRenderer M_FloorSide, compiling. 
[2021.05.20-12.50.14:086][ 66]LogMaterial: Missing cached shader map for material FLightmassMaterialRenderer M_Floor, compiling. 
[2021.05.20-12.50.14:092][ 66]LogMaterial: Missing cached shader map for material FLightmassMaterialRenderer M_Floor, compiling. 
[2021.05.20-12.50.14:166][ 67]LogMaterial: Missing cached shader map for material FLightmassMaterialRenderer M_Wall, compiling. 
[2021.05.20-12.50.14:173][ 67]LogMaterial: Missing cached shader map for material FLightmassMaterialRenderer M_Wall, compiling. 
[2021.05.20-12.50.14:231][ 68]LogMaterial: Missing cached shader map for material FLightmassMaterialRenderer M_Pillar, compiling. 
[2021.05.20-12.50.14:242][ 68]LogMaterial: Missing cached shader map for material FLightmassMaterialRenderer M_Pillar, compiling. 
[2021.05.20-12.50.14:310][ 69]LogMaterial: Missing cached shader map for material FLightmassMaterialRenderer M_Bonfire, compiling. 
[2021.05.20-12.50.14:320][ 69]LogMaterial: Missing cached shader map for material FLightmassMaterialRenderer M_Bonfire, compiling. 
[2021.05.20-12.50.29:414][596]Job is a success!
[2021.05.20-12.50.30:304][597]LogTexture:Display: テクスチャをビルド中: HQ_Lightmap1_1 (AutoDXT)
[2021.05.20-12.50.30:706][597]LogTexture:Display: テクスチャをビルド中: LQ_Lightmap_0_4 (DXT1)
[2021.05.20-12.50.30:707][597]LogTexture:Display: テクスチャをビルド中: HQ_Lightmap0_4 (AutoDXT)
[2021.05.20-12.50.30:710][597]LogTexture:Display: テクスチャをビルド中: LQ_Lightmap_0_3 (DXT1)
[2021.05.20-12.50.30:973][597]LogTexture:Display: テクスチャをビルド中: HQ_Lightmap0_3 (AutoDXT)
[2021.05.20-12.50.31:447][597]LogTexture:Display: テクスチャをビルド中: LQ_Lightmap_0_2 (DXT1)
[2021.05.20-12.50.31:458][597]LogTexture:Display: テクスチャをビルド中: HQ_Lightmap0_2 (AutoDXT)
[2021.05.20-12.50.31:483][597]LogTexture:Display: テクスチャをビルド中: LQ_Lightmap_1_1 (DXT1)
[2021.05.20-12.50.32:533][597]LogTexture:Display: テクスチャをビルド中: ShadowMapTexture2D_3 (BGRA8)
[2021.05.20-12.50.32:735][597]LogTexture:Display: テクスチャをビルド中: ShadowMapTexture2D_4 (BGRA8)
[2021.05.20-12.50.32:739][597]LogTexture:Display: テクスチャをビルド中: ShadowMapTexture2D_5 (BGRA8)
[2021.05.20-12.50.32:802][597]Lightmass on DESKTOP-QG331CQ: 13.8 sec total, 312 ms importing, 80 ms setup, 826 ms photons, 12.5 sec processing, 0 ms extra exporting [255/255 mappings]. Threads: 2:16 min total, 1:28 min processing.
[2021.05.20-12.50.32:855][597]LogStaticLightingSystem: Illumination: 23.6 sec (2.68 sec encoding lightmaps)
[2021.05.20-12.50.32:855][597]LogStaticLightingSystem: Lightmap texture memory:  2.7 MB (2.7 MB streaming, 0.0 MB non-streaming), 8 textures
[2021.05.20-12.50.32:855][597]LogStaticLightingSystem: Shadowmap texture memory: 10.9 MB (10.9 MB streaming, 0.0 MB non-streaming), 5 textures
[2021.05.20-12.50.33:813][598]Cmd: MAP CHECK NOTIFYRESULTS
[2021.05.20-12.50.33:813][598]MapCheck: New page: PNStage01_Top - 2021/05/21 6:50:33
[2021.05.20-12.50.33:821][598]MapCheck:Error: エラー Fusuma01 コンポーネントは静的タイプですがライトマップ設定が無効です！間接光は黒になります。主な原因は、ライトマップの解像度が0、LightmapCoordinateIndexが範囲外であることが考えられます。 
[2021.05.20-12.50.33:821][598]MapCheck:Warning: 警告 Fusuma01 スタティックメッシュアクタに NULL のStaticMesh プロパティがあります 
[2021.05.20-12.50.33:821][598]MapCheck:Warning: 警告 Fusuma01 スタティックメッシュアクタに NULL のStaticMesh プロパティがあります 
[2021.05.20-12.50.33:822][598]MapCheck:Warning: 警告 Fusuma01 スタティックメッシュアクタに NULL のStaticMesh プロパティがあります 
[2021.05.20-12.50.33:822][598]MapCheck:Error: エラー Fusuma01 コンポーネントは静的タイプですがライトマップ設定が無効です！間接光は黒になります。主な原因は、ライトマップの解像度が0、LightmapCoordinateIndexが範囲外であることが考えられます。 
[2021.05.20-12.50.33:822][598]MapCheck:Warning: 警告 Fusuma01 スタティックメッシュアクタに NULL のStaticMesh プロパティがあります 
[2021.05.20-12.50.33:822][598]MapCheck:Error: エラー Fusuma02 コンポーネントは静的タイプですがライトマップ設定が無効です！間接光は黒になります。主な原因は、ライトマップの解像度が0、LightmapCoordinateIndexが範囲外であることが考えられます。 
[2021.05.20-12.50.33:822][598]MapCheck:Warning: 警告 Fusuma02 スタティックメッシュアクタに NULL のStaticMesh プロパティがあります 
[2021.05.20-12.50.33:822][598]MapCheck:Warning: 警告 Fusuma02 スタティックメッシュアクタに NULL のStaticMesh プロパティがあります 
[2021.05.20-12.50.33:823][598]MapCheck:Warning: 警告 Fusuma02 スタティックメッシュアクタに NULL のStaticMesh プロパティがあります 
[2021.05.20-12.50.33:823][598]MapCheck:Error: エラー Fusuma02 コンポーネントは静的タイプですがライトマップ設定が無効です！間接光は黒になります。主な原因は、ライトマップの解像度が0、LightmapCoordinateIndexが範囲外であることが考えられます。 
[2021.05.20-12.50.33:823][598]MapCheck:Warning: 警告 Fusuma02 スタティックメッシュアクタに NULL のStaticMesh プロパティがあります 
[2021.05.20-12.50.33:823][598]MapCheck:Error: エラー PNGateActor2_4209 コンポーネントは静的タイプですがライトマップ設定が無効です！間接光は黒になります。主な原因は、ライトマップの解像度が0、LightmapCoordinateIndexが範囲外であることが考えられます。 
[2021.05.20-12.50.33:823][598]MapCheck:Warning: 警告 PNGateActor2_4209 スタティックメッシュアクタに NULL のStaticMesh プロパティがあります 
[2021.05.20-12.50.33:823][598]MapCheck:Warning: 警告 PNGateActor2_4209 スタティックメッシュアクタに NULL のStaticMesh プロパティがあります 
[2021.05.20-12.50.33:823][598]MapCheck:Warning: 警告 PNGateActor2_4209 スタティックメッシュアクタに NULL のStaticMesh プロパティがあります 
[2021.05.20-12.50.33:824][598]MapCheck:Error: エラー PNGateActor2_4209 コンポーネントは静的タイプですがライトマップ設定が無効です！間接光は黒になります。主な原因は、ライトマップの解像度が0、LightmapCoordinateIndexが範囲外であることが考えられます。 
[2021.05.20-12.50.33:824][598]MapCheck:Warning: 警告 PNGateActor2_4209 スタティックメッシュアクタに NULL のStaticMesh プロパティがあります 
[2021.05.20-12.50.33:824][598]MapCheck:Error: エラー PNGateActor_2956 コンポーネントは静的タイプですがライトマップ設定が無効です！間接光は黒になります。主な原因は、ライトマップの解像度が0、LightmapCoordinateIndexが範囲外であることが考えられます。 
[2021.05.20-12.50.33:824][598]MapCheck:Warning: 警告 PNGateActor_2956 スタティックメッシュアクタに NULL のStaticMesh プロパティがあります 
[2021.05.20-12.50.33:824][598]MapCheck:Warning: 警告 PNGateActor_2956 スタティックメッシュアクタに NULL のStaticMesh プロパティがあります 
[2021.05.20-12.50.33:824][598]MapCheck:Warning: 警告 PNGateActor_2956 スタティックメッシュアクタに NULL のStaticMesh プロパティがあります 
[2021.05.20-12.50.33:825][598]MapCheck:Error: エラー PNGateActor_2956 コンポーネントは静的タイプですがライトマップ設定が無効です！間接光は黒になります。主な原因は、ライトマップの解像度が0、LightmapCoordinateIndexが範囲外であることが考えられます。 
[2021.05.20-12.50.33:825][598]MapCheck:Warning: 警告 PNGateActor_2956 スタティックメッシュアクタに NULL のStaticMesh プロパティがあります 
[2021.05.20-12.50.34:208][598]MapCheck: 情報 マップチェックが完了: 8 エラー、 16 警告、完了に 394.584ミリ秒かかりました。
[2021.05.20-12.50.41:145][ 15]LogEditorSelectUtils:Warning: SelectActor: The requested operation could not be completed because the level is locked. (PNGateActor)
[2021.05.20-12.50.41:350][ 28]LogEditorSelectUtils:Warning: SelectActor: The requested operation could not be completed because the level is locked. (PNGateActor)
[2021.05.20-12.51.02:253][613]LogContentBrowser:Verbose: The content browser source was changed by the sources view to '/Game/Characters'
[2021.05.20-12.51.02:927][657]LogContentBrowser:Verbose: The content browser source was changed by the sources view to '/Game/Blueprints'
[2021.05.20-12.51.07:729][916]LogActorComponent: UnregisterComponent: (/Engine/Transient.CharMoveComp) Not registered. Aborting.
[2021.05.20-12.51.15:826][207]BlueprintLog: New page: PNSwitchActor をコンパイル
[2021.05.20-12.51.16:080][207]BlueprintEditorCompileResults: 情報 [0802.05] PNSwitchActor のコンパイルに成功しました！  [ 253 ミリ秒]
[2021.05.20-12.51.22:916][555]BlueprintLog: New page: PNSwitchActor をコンパイル
[2021.05.20-12.51.23:179][555]BlueprintEditorCompileResults: 情報 [0809.15] PNSwitchActor のコンパイルに成功しました！  [ 263 ミリ秒]
[2021.05.20-12.51.25:377][694]BlueprintLog: New page: PIE以前の自動再コンパイル
[2021.05.20-12.51.25:383][694]LogPlayLevel: [PIE] Compiling PNPickupCoinActor before PIE...
[2021.05.20-12.51.25:564][694]LogPlayLevel: [PIE] Compiling PNPickupScrollActor before PIE...
[2021.05.20-12.51.25:687][694]LogPlayLevel: [PIE] Compiling PNGameMode before PIE...
[2021.05.20-12.51.25:814][694]LogPlayLevel: [PIE] Compiling PNStage01_GM before PIE...
[2021.05.20-12.51.25:925][694]LogPlayLevel: [PIE] Compiling PNPlayerPawn before PIE...
[2021.05.20-12.51.26:402][694]LogPlayLevel: PIE:  Blueprint regeneration took 1025 ms (5 blueprints)
[2021.05.20-12.51.26:403][694]PIE: New page: PIEセッション: PNStage01_Top (2021/05/21 6:51:26)
[2021.05.20-12.51.26:405][694]LogPlayLevel: PIE: StaticDuplicateObject took: (0.001212s)
[2021.05.20-12.51.26:406][694]LogPlayLevel: PIE: World Init took: (0.000825s)
[2021.05.20-12.51.26:406][694]LogPlayLevel: PIE: Created PIE world by copying editor world from /Game/Maps/Stage01/PNStage01_Top.PNStage01_Top to /Game/Maps/Stage01/UEDPIE_0_PNStage01_Top.PNStage01_Top (0.002302s)
[2021.05.20-12.51.26:497][694]LogWorld: PIE: Copying PIE streaming level from /Game/Maps/Stage01/PNStage01_GM.PNStage01_GM to /Game/Maps/Stage01/UEDPIE_0_PNStage01_GM.PNStage01_GM. OwningWorld: /Game/Maps/Stage01/UEDPIE_0_PNStage01_Top.PNStage01_Top
[2021.05.20-12.51.26:537][694]LogWorld: PIE: Copying PIE streaming level from /Game/Maps/Stage01/PNStage01_SM.PNStage01_SM to /Game/Maps/Stage01/UEDPIE_0_PNStage01_SM.PNStage01_SM. OwningWorld: /Game/Maps/Stage01/UEDPIE_0_PNStage01_Top.PNStage01_Top
[2021.05.20-12.51.26:705][694]LogWorld: Game class is 'PNGameMode_C'
[2021.05.20-12.51.26:712][694]LogAIModule: Creating AISystem for world PNStage01_Top
[2021.05.20-12.51.26:715][694]LogWorld:Warning: *** WARNING - PATHS MAY NOT BE VALID ***
[2021.05.20-12.51.26:715][694]LogWorld: Bringing World /Game/Maps/Stage01/UEDPIE_0_PNStage01_Top.PNStage01_Top up for play (max tick rate 0) at 2021.05.20-21.51.26
[2021.05.20-12.51.26:721][694]LogWorld: Bringing up level for play took: 0.007845
[2021.05.20-12.51.26:771][694]PIE: 情報 /Game/Maps/Stage01/UEDPIE_0_PNStage01_Top 0.538のPIE開始時間
[2021.05.20-12.51.28:284][767]LogActorComponent: UnregisterComponent: (/Engine/Transient.CharMoveComp) Not registered. Aborting.
[2021.05.20-12.51.28:421][767]LogParticles: Destroying 0 GPU particle simulations for FXSystem 0x0000029374B7A340
[2021.05.20-12.51.30:412][819]Cmd: OBJ SAVEPACKAGE PACKAGE="/Game/Blueprints/PNSwitchActor" FILE="../../../../../../Users/magi1/Documents/PaperNinja_FirstTime/PaperNinja/Content/Blueprints/PNSwitchActor.uasset" SILENT=true
[2021.05.20-12.51.31:470][819]LogSavePackage: Save=942.306030ms
[2021.05.20-12.51.31:470][819]LogSavePackage: Moving '../../../../../../Users/magi1/Documents/PaperNinja_FirstTime/PaperNinja/Saved/PNSwitchActorC457C69141E2E3B5D8A4D381E2393A6D.tmp' to '../../../../../../Users/magi1/Documents/PaperNinja_FirstTime/PaperNinja/Content/Blueprints/PNSwitchActor.uasset'
[2021.05.20-12.51.32:421][819]LogSavePackage: Save=371.441711ms
[2021.05.20-12.51.32:421][819]LogSavePackage: Moving '../../../../../../Users/magi1/Documents/PaperNinja_FirstTime/PaperNinja/Saved/PNStage01_GM2579A945471CB535C55176A4DD8686F2.tmp' to '../../../../../../Users/magi1/Documents/PaperNinja_FirstTime/PaperNinja/Content/Maps/Stage01/PNStage01_GM.umap'
[2021.05.20-12.51.32:432][819]LogFileHelpers: Saving map 'PNStage01_GM' took 0.910
[2021.05.20-12.51.33:975][819]LogSavePackage: Save=910.300110ms
[2021.05.20-12.51.33:975][819]LogSavePackage: Moving '../../../../../../Users/magi1/Documents/PaperNinja_FirstTime/PaperNinja/Saved/PNStage01_SMF58C266F451302BA8FA4D6892DCCFFD4.tmp' to '../../../../../../Users/magi1/Documents/PaperNinja_FirstTime/PaperNinja/Content/Maps/Stage01/PNStage01_SM.umap'
[2021.05.20-12.51.34:029][819]LogFileHelpers: Saving map 'PNStage01_SM' took 1.591
[2021.05.20-12.51.34:669][819]LogSavePackage: Save=51.431301ms
[2021.05.20-12.51.34:669][819]LogSavePackage: Moving '../../../../../../Users/magi1/Documents/PaperNinja_FirstTime/PaperNinja/Saved/PNStage01_Top77488BF94C33A6A4898B0696CFF9A937.tmp' to '../../../../../../Users/magi1/Documents/PaperNinja_FirstTime/PaperNinja/Content/Maps/Stage01/PNStage01_Top.umap'
[2021.05.20-12.51.34:776][819]LogFileHelpers: Saving map 'PNStage01_Top' took 0.732
[2021.05.20-12.51.35:805][820]Cmd: QUIT_EDITOR
[2021.05.20-12.51.36:333][820]LogExit: Preparing to exit.
[2021.05.20-12.51.36:762][820]LogExit: Editor shut down
[2021.05.20-12.51.36:762][820]LogExit: Transaction tracking system shut down
[2021.05.20-12.51.36:763][820]LogParticles: Destroying 0 GPU particle simulations for FXSystem 0x000002935C1DAF20
[2021.05.20-12.51.36:763][820]LogParticles: Destroying 0 GPU particle simulations for FXSystem 0x000002935BE73600
[2021.05.20-12.51.36:764][820]LogParticles: Destroying 0 GPU particle simulations for FXSystem 0x000002937B987D80
[2021.05.20-12.51.36:765][820]LogParticles: Destroying 0 GPU particle simulations for FXSystem 0x00000293747FA160
[2021.05.20-12.51.36:766][820]LogParticles: Destroying 0 GPU particle simulations for FXSystem 0x0000029376CC9BC0
[2021.05.20-12.51.36:768][820]LogParticles: Destroying 0 GPU particle simulations for FXSystem 0x000002931716C860
[2021.05.20-12.51.36:768][820]LogParticles: Destroying 0 GPU particle simulations for FXSystem 0x000002937AC1D120
[2021.05.20-12.51.36:768][820]LogParticles: Destroying 0 GPU particle simulations for FXSystem 0x000002937A6D80E0
[2021.05.20-12.51.36:893][820]LogExit: Object subsystem successfully closed.
[2021.05.20-12.51.37:047][820]LogModuleManager: Shutting down and abandoning module StaticMeshEditor (179)
[2021.05.20-12.51.37:047][820]LogModuleManager: Shutting down and abandoning module CrashTracker (178)
[2021.05.20-12.51.37:047][820]LogModuleManager: Shutting down and abandoning module SuperSearch (177)
[2021.05.20-12.51.37:047][820]LogModuleManager: Shutting down and abandoning module WorldBrowser (176)
[2021.05.20-12.51.37:049][820]LogModuleManager: Shutting down and abandoning module SceneOutliner (175)
[2021.05.20-12.51.37:049][820]LogModuleManager: Shutting down and abandoning module EditorWidgets (174)
[2021.05.20-12.51.37:049][820]LogModuleManager: Shutting down and abandoning module CollectionManager (173)
[2021.05.20-12.51.37:049][820]LogModuleManager: Shutting down and abandoning module StatsViewer (172)
[2021.05.20-12.51.37:049][820]LogModuleManager: Shutting down and abandoning module FoliageEdit (171)
[2021.05.20-12.51.37:049][820]LogModuleManager: Shutting down and abandoning module LandscapeEditor (170)
[2021.05.20-12.51.37:049][820]LogModuleManager: Shutting down and abandoning module MeshPaint (169)
[2021.05.20-12.51.37:049][820]LogModuleManager: Shutting down and abandoning module ActorPickerMode (168)
[2021.05.20-12.51.37:049][820]LogModuleManager: Shutting down and abandoning module GeometryMode (167)
[2021.05.20-12.51.37:049][820]LogModuleManager: Shutting down and abandoning module TextureAlignMode (166)
[2021.05.20-12.51.37:049][820]LogModuleManager: Shutting down and abandoning module BspMode (165)
[2021.05.20-12.51.37:049][820]LogModuleManager: Shutting down and abandoning module PlacementMode (164)
[2021.05.20-12.51.37:049][820]LogModuleManager: Shutting down and abandoning module AutomationWorker (163)
[2021.05.20-12.51.37:049][820]LogModuleManager: Shutting down and abandoning module CharacterAI (162)
[2021.05.20-12.51.37:049][820]LogModuleManager: Shutting down and abandoning module SmartSnapping (161)
[2021.05.20-12.51.37:049][820]LogModuleManager: Shutting down and abandoning module ViewportSnapping (160)
[2021.05.20-12.51.37:049][820]LogModuleManager: Shutting down and abandoning module LogVisualizer (159)
[2021.05.20-12.51.37:050][820]LogModuleManager: Shutting down and abandoning module GameProjectGeneration (158)
[2021.05.20-12.51.37:050][820]LogModuleManager: Shutting down and abandoning module IntroTutorials (157)
[2021.05.20-12.51.37:050][820]LogModuleManager: Shutting down and abandoning module EditorLiveStreaming (156)
[2021.05.20-12.51.37:050][820]LogModuleManager: Shutting down and abandoning module HardwareTargeting (155)
[2021.05.20-12.51.37:050][820]LogModuleManager: Shutting down and abandoning module DeviceProfileEditor (154)
[2021.05.20-12.51.37:050][820]LogModuleManager: Shutting down and abandoning module UndoHistory (153)
[2021.05.20-12.51.37:050][820]LogModuleManager: Shutting down and abandoning module GameplayTagsEditor (152)
[2021.05.20-12.51.37:050][820]LogModuleManager: Shutting down and abandoning module UserFeedback (151)
[2021.05.20-12.51.37:051][820]LogModuleManager: Shutting down and abandoning module XmlParser (150)
[2021.05.20-12.51.37:051][820]LogModuleManager: Shutting down and abandoning module Blutility (149)
[2021.05.20-12.51.37:051][820]LogModuleManager: Shutting down and abandoning module IOSPlatformEditor (148)
[2021.05.20-12.51.37:051][820]LogModuleManager: Shutting down and abandoning module IOSRuntimeSettings (147)
[2021.05.20-12.51.37:051][820]LogModuleManager: Shutting down and abandoning module AndroidDeviceDetection (146)
[2021.05.20-12.51.37:865][820]LogModuleManager: Shutting down and abandoning module AndroidPlatformEditor (145)
[2021.05.20-12.51.37:865][820]LogModuleManager: Shutting down and abandoning module AndroidRuntimeSettings (144)
[2021.05.20-12.51.37:865][820]LogModuleManager: Shutting down and abandoning module ProjectTargetPlatformEditor (143)
[2021.05.20-12.51.37:865][820]LogModuleManager: Shutting down and abandoning module ProjectSettingsViewer (142)
[2021.05.20-12.51.37:866][820]LogModuleManager: Shutting down and abandoning module InputBindingEditor (141)
[2021.05.20-12.51.37:866][820]LogModuleManager: Shutting down and abandoning module EditorSettingsViewer (140)
[2021.05.20-12.51.37:866][820]LogModuleManager: Shutting down and abandoning module SettingsEditor (139)
[2021.05.20-12.51.37:866][820]LogModuleManager: Shutting down and abandoning module ProjectLauncher (138)
[2021.05.20-12.51.37:866][820]LogModuleManager: Shutting down and abandoning module SessionFrontend (137)
[2021.05.20-12.51.37:866][820]LogModuleManager: Shutting down and abandoning module ProfilerClient (136)
[2021.05.20-12.51.37:866][820]LogModuleManager: Shutting down and abandoning module TargetDeviceServices (135)
[2021.05.20-12.51.37:866][820]LogModuleManager: Shutting down and abandoning module DeviceManager (134)
[2021.05.20-12.51.37:866][820]LogModuleManager: Shutting down and abandoning module AutomationController (133)
[2021.05.20-12.51.37:867][820]LogModuleManager: Shutting down and abandoning module AutomationWindow (132)
[2021.05.20-12.51.37:867][820]LogModuleManager: Shutting down and abandoning module Layers (131)
[2021.05.20-12.51.37:867][820]LogModuleManager: Shutting down and abandoning module ComponentVisualizers (130)
[2021.05.20-12.51.37:867][820]LogModuleManager: Shutting down and abandoning module DetailCustomizations (129)
[2021.05.20-12.51.37:867][820]LogModuleManager: Shutting down and abandoning module PackagesDialog (128)
[2021.05.20-12.51.37:867][820]LogModuleManager: Shutting down and abandoning module AssetRegistry (127)
[2021.05.20-12.51.37:995][820]LogModuleManager: Shutting down and abandoning module Persona (126)
[2021.05.20-12.51.37:995][820]LogModuleManager: Shutting down and abandoning module SlateReflector (125)
[2021.05.20-12.51.37:995][820]LogModuleManager: Shutting down and abandoning module LevelEditor (124)
[2021.05.20-12.51.37:997][820]LogModuleManager: Shutting down and abandoning module Kismet (123)
[2021.05.20-12.51.37:998][820]LogModuleManager: Shutting down and abandoning module GraphEditor (122)
[2021.05.20-12.51.37:998][820]LogModuleManager: Shutting down and abandoning module ClassViewer (121)
[2021.05.20-12.51.37:998][820]LogModuleManager: Shutting down and abandoning module Toolbox (120)
[2021.05.20-12.51.37:998][820]LogModuleManager: Shutting down and abandoning module ModuleUI (119)
[2021.05.20-12.51.37:998][820]LogModuleManager: Shutting down and abandoning module MovieSceneTools (118)
[2021.05.20-12.51.37:998][820]LogModuleManager: Shutting down and abandoning module OutputLog (117)
[2021.05.20-12.51.37:998][820]LogModuleManager: Shutting down and abandoning module GammaUI (116)
[2021.05.20-12.51.37:998][820]LogModuleManager: Shutting down and abandoning module Documentation (115)
[2021.05.20-12.51.37:998][820]LogModuleManager: Shutting down and abandoning module GameLiveStreaming (114)
[2021.05.20-12.51.37:998][820]LogModuleManager: Shutting down and abandoning module StreamingPauseRendering (113)
[2021.05.20-12.51.37:999][820]LogModuleManager: Shutting down and abandoning module HTTP (112)
[2021.05.20-12.51.37:999][820]LogModuleManager: Shutting down and abandoning module AnalyticsET (111)
[2021.05.20-12.51.37:999][820]LogModuleManager: Shutting down and abandoning module Analytics (110)
[2021.05.20-12.51.37:999][820]LogModuleManager: Shutting down and abandoning module AITestSuite (109)
[2021.05.20-12.51.37:999][820]LogModuleManager: Shutting down and abandoning module GameplayDebugger (108)
[2021.05.20-12.51.37:999][820]LogModuleManager: Shutting down and abandoning module AIModule (107)
[2021.05.20-12.51.37:999][820]LogModuleManager: Shutting down and abandoning module ProfilerService (106)
[2021.05.20-12.51.38:030][820]LogModuleManager: Shutting down and abandoning module TaskGraph (105)
[2021.05.20-12.51.38:030][820]LogModuleManager: Shutting down and abandoning module SlateRemote (104)
[2021.05.20-12.51.38:030][820]LogModuleManager: Shutting down and abandoning module ScriptEditorPlugin (103)
[2021.05.20-12.51.38:030][820]LogModuleManager: Shutting down and abandoning module CustomMeshComponent (102)
[2021.05.20-12.51.38:030][820]LogModuleManager: Shutting down and abandoning module CableComponent (101)
[2021.05.20-12.51.38:030][820]LogModuleManager: Shutting down and abandoning module MessagingDebugger (100)
[2021.05.20-12.51.38:030][820]LogModuleManager: Shutting down and abandoning module MediaPlayerEditor (99)
[2021.05.20-12.51.38:030][820]LogModuleManager: Shutting down and abandoning module SpeedTreeImporter (98)
[2021.05.20-12.51.38:030][820]LogModuleManager: Shutting down and abandoning module PluginsEditor (97)
[2021.05.20-12.51.38:030][820]LogModuleManager: Shutting down and abandoning module MainFrame (96)
[2021.05.20-12.51.38:030][820]LogModuleManager: Shutting down and abandoning module EpicSurvey (95)
[2021.05.20-12.51.38:031][820]LogModuleManager: Shutting down and abandoning module DesktopPlatform (94)
[2021.05.20-12.51.38:031][820]LogModuleManager: Shutting down and abandoning module DirectoryWatcher (93)
[2021.05.20-12.51.38:031][820]LogModuleManager: Shutting down and abandoning module HotReload (92)
[2021.05.20-12.51.38:031][820]LogModuleManager: Shutting down and abandoning module VisualStudioSourceCodeAccess (91)
[2021.05.20-12.51.38:031][820]LogModuleManager: Shutting down and abandoning module UObjectPlugin (90)
[2021.05.20-12.51.38:031][820]LogModuleManager: Shutting down and abandoning module SubversionSourceControl (89)
[2021.05.20-12.51.38:031][820]LogModuleManager: Shutting down and abandoning module PerforceSourceControl (88)
[2021.05.20-12.51.38:031][820]LogModuleManager: Shutting down and abandoning module SourceControl (87)
[2021.05.20-12.51.38:031][820]LogModuleManager: Shutting down and abandoning module GitSourceControl (86)
[2021.05.20-12.51.38:031][820]LogModuleManager: Shutting down and abandoning module BlankPlugin (85)
[2021.05.20-12.51.38:031][820]LogModuleManager: Shutting down and abandoning module PaperTiledImporter (84)
[2021.05.20-12.51.38:031][820]LogModuleManager: Shutting down and abandoning module PaperJsonImporter (83)
[2021.05.20-12.51.38:031][820]LogModuleManager: Shutting down and abandoning module ContentBrowser (82)
[2021.05.20-12.51.38:032][820]LogModuleManager: Shutting down and abandoning module Paper2DEditor (81)
[2021.05.20-12.51.38:033][820]LogModuleManager: Shutting down and abandoning module ScriptPlugin (80)
[2021.05.20-12.51.38:033][820]LogModuleManager: Shutting down and abandoning module UdpMessaging (79)
[2021.05.20-12.51.38:134][820]LogModuleManager: Shutting down and abandoning module Paper2D (78)
[2021.05.20-12.51.38:134][820]LogModuleManager: Shutting down and abandoning module WindowsMoviePlayer (77)
[2021.05.20-12.51.38:138][820]LogModuleManager: Shutting down and abandoning module Media (76)
[2021.05.20-12.51.38:138][820]LogModuleManager: Shutting down and abandoning module WmfMedia (75)
[2021.05.20-12.51.38:139][820]LogModuleManager: Shutting down and abandoning module OnlineBlueprintSupport (74)
[2021.05.20-12.51.38:139][820]LogModuleManager: Shutting down and abandoning module PropertyEditor (73)
[2021.05.20-12.51.38:139][820]LogModuleManager: Shutting down and abandoning module BehaviorTreeEditor (72)
[2021.05.20-12.51.38:139][820]LogModuleManager: Shutting down and abandoning module FunctionalTesting (71)
[2021.05.20-12.51.38:139][820]LogModuleManager: Shutting down and abandoning module CollisionAnalyzer (70)
[2021.05.20-12.51.38:139][820]LogModuleManager: Shutting down and abandoning module WorkspaceMenuStructure (69)
[2021.05.20-12.51.38:139][820]LogModuleManager: Shutting down and abandoning module MessageLog (68)
[2021.05.20-12.51.38:139][820]LogModuleManager: Shutting down and abandoning module Sequencer (67)
[2021.05.20-12.51.38:139][820]LogModuleManager: Shutting down and abandoning module AssetTools (66)
[2021.05.20-12.51.38:140][820]LogModuleManager: Shutting down and abandoning module UMGEditor (65)
[2021.05.20-12.51.38:140][820]LogModuleManager: Shutting down and abandoning module UMG (64)
[2021.05.20-12.51.38:140][820]LogModuleManager: Shutting down and abandoning module Slate (63)
[2021.05.20-12.51.38:140][820]LogModuleManager: Shutting down and abandoning module EditorStyle (62)
[2021.05.20-12.51.38:151][820]LogModuleManager: Shutting down and abandoning module SessionServices (61)
[2021.05.20-12.51.38:151][820]LogModuleManager: Shutting down and abandoning module SourceCodeAccess (60)
[2021.05.20-12.51.38:151][820]LogModuleManager: Shutting down and abandoning module HeadMountedDisplay (59)
[2021.05.20-12.51.38:151][820]LogModuleManager: Shutting down and abandoning module XAudio2 (58)
[2021.05.20-12.51.38:151][820]LogModuleManager: Shutting down and abandoning module Networking (56)
[2021.05.20-12.51.38:151][820]LogModuleManager: Shutting down and abandoning module Core (55)
[2021.05.20-12.51.38:151][820]LogModuleManager: Shutting down and abandoning module KismetCompiler (54)
[2021.05.20-12.51.38:151][820]LogModuleManager: Shutting down and abandoning module PhysXFormats (53)
[2021.05.20-12.51.38:151][820]LogModuleManager: Shutting down and abandoning module MeshUtilities (52)
[2021.05.20-12.51.38:151][820]LogModuleManager: Shutting down and abandoning module DerivedDataCache (51)
[2021.05.20-12.51.38:214][820]LogDerivedDataCache: Shutdown
[2021.05.20-12.51.38:214][820]LogModuleManager: Shutting down and abandoning module ShaderFormatOpenGL (50)
[2021.05.20-12.51.38:214][820]LogModuleManager: Shutting down and abandoning module ShaderFormatD3D (49)
[2021.05.20-12.51.38:214][820]LogModuleManager: Shutting down and abandoning module MetalShaderFormat (48)
[2021.05.20-12.51.38:214][820]LogModuleManager: Shutting down and abandoning module TextureFormatUncompressed (47)
[2021.05.20-12.51.38:214][820]LogModuleManager: Shutting down and abandoning module TextureFormatPVR (46)
[2021.05.20-12.51.38:214][820]LogModuleManager: Shutting down and abandoning module TextureFormatIntelISPCTexComp (45)
[2021.05.20-12.51.38:214][820]LogModuleManager: Shutting down and abandoning module TextureFormatDXT (44)
[2021.05.20-12.51.38:214][820]LogModuleManager: Shutting down and abandoning module ImageWrapper (43)
[2021.05.20-12.51.38:214][820]LogModuleManager: Shutting down and abandoning module TextureFormatASTC (42)
[2021.05.20-12.51.38:214][820]LogModuleManager: Shutting down and abandoning module TextureFormatAndroid (41)
[2021.05.20-12.51.38:214][820]LogModuleManager: Shutting down and abandoning module AudioFormatOpus (40)
[2021.05.20-12.51.38:214][820]LogModuleManager: Shutting down and abandoning module AudioFormatOgg (39)
[2021.05.20-12.51.38:214][820]LogModuleManager: Shutting down and abandoning module AudioFormatADPCM (38)
[2021.05.20-12.51.38:214][820]LogModuleManager: Shutting down and abandoning module LinuxTargetPlatform (37)
[2021.05.20-12.51.38:214][820]LogModuleManager: Shutting down and abandoning module LinuxServerTargetPlatform (36)
[2021.05.20-12.51.38:215][820]LogModuleManager: Shutting down and abandoning module LinuxNoEditorTargetPlatform (35)
[2021.05.20-12.51.38:215][820]LogModuleManager: Shutting down and abandoning module Messaging (34)
[2021.05.20-12.51.38:215][820]LogModuleManager: Shutting down and abandoning module IOSTargetPlatform (33)
[2021.05.20-12.51.38:215][820]LogModuleManager: Shutting down and abandoning module HTML5TargetPlatform (32)
[2021.05.20-12.51.38:215][820]LogModuleManager: Shutting down and abandoning module Android_PVRTCTargetPlatform (31)
[2021.05.20-12.51.38:215][820]LogModuleManager: Shutting down and abandoning module Android_ETC2TargetPlatform (30)
[2021.05.20-12.51.38:215][820]LogModuleManager: Shutting down and abandoning module Android_ETC1TargetPlatform (29)
[2021.05.20-12.51.38:215][820]LogModuleManager: Shutting down and abandoning module Android_ES31TargetPlatform (28)
[2021.05.20-12.51.38:215][820]LogModuleManager: Shutting down and abandoning module Android_DXTTargetPlatform (27)
[2021.05.20-12.51.38:215][820]LogModuleManager: Shutting down and abandoning module Android_ATCTargetPlatform (26)
[2021.05.20-12.51.38:215][820]LogModuleManager: Shutting down and abandoning module AndroidTargetPlatform (25)
[2021.05.20-12.51.38:215][820]LogModuleManager: Shutting down and abandoning module WindowsTargetPlatform (24)
[2021.05.20-12.51.38:215][820]LogModuleManager: Shutting down and abandoning module WindowsServerTargetPlatform (23)
[2021.05.20-12.51.38:215][820]LogModuleManager: Shutting down and abandoning module WindowsNoEditorTargetPlatform (22)
[2021.05.20-12.51.38:215][820]LogModuleManager: Shutting down and abandoning module WindowsClientTargetPlatform (21)
[2021.05.20-12.51.38:215][820]LogModuleManager: Shutting down and abandoning module TargetPlatform (20)
[2021.05.20-12.51.38:215][820]LogModuleManager: Shutting down and abandoning module InputCore (19)
[2021.05.20-12.51.38:215][820]LogModuleManager: Shutting down and abandoning module Settings (18)
[2021.05.20-12.51.38:215][820]LogModuleManager: Shutting down and abandoning module OnlineSubsystem (16)
[2021.05.20-12.51.38:215][820]LogModuleManager: Shutting down and abandoning module OculusRift (15)
[2021.05.20-12.51.38:215][820]LogModuleManager: Shutting down and abandoning module ExampleDeviceProfileSelector (14)
[2021.05.20-12.51.38:215][820]LogModuleManager: Shutting down and abandoning module TextureCompressor (13)
[2021.05.20-12.51.38:215][820]LogModuleManager: Shutting down and abandoning module ShaderCore (12)
[2021.05.20-12.51.38:215][820]LogModuleManager: Shutting down and abandoning module Landscape (11)
[2021.05.20-12.51.38:215][820]LogModuleManager: Shutting down and abandoning module SlateRHIRenderer (10)
[2021.05.20-12.51.38:221][820]LogModuleManager: Shutting down and abandoning module OpenGLDrv (9)
[2021.05.20-12.51.38:221][820]LogModuleManager: Shutting down and abandoning module D3D11RHI (8)
[2021.05.20-12.51.38:221][820]LogModuleManager: Shutting down and abandoning module Renderer (7)
[2021.05.20-12.51.38:221][820]LogModuleManager: Shutting down and abandoning module Engine (6)
[2021.05.20-12.51.38:221][820]LogModuleManager: Shutting down and abandoning module CoreUObject (5)
[2021.05.20-12.51.38:221][820]LogModuleManager: Shutting down and abandoning module NetworkFile (4)
[2021.05.20-12.51.38:221][820]LogModuleManager: Shutting down and abandoning module StreamingFile (3)
[2021.05.20-12.51.38:221][820]LogModuleManager: Shutting down and abandoning module SandboxFile (2)
[2021.05.20-12.51.38:221][820]LogModuleManager: Shutting down and abandoning module PakFile (1)
[2021.05.20-12.51.38:223][820]LogExit: Exiting.
[2021.05.20-12.51.38:232][820]Log file closed, 05/20/21 21:51:38
