Log file open, 05/16/21 19:30:59
LogInit:Display: Running engine for game: PaperNinja
LogInit: Version: 4.7.6-2513093+++depot+UE4-Releases+4.7
LogInit: API Version: 2455222
LogInit: Compiled (64-bit): Apr 15 2015 12:09:54
LogInit: Compiled with Visual C++: 18.00.21005.01
LogInit: Build Configuration: Development
LogInit: Branch Name: ++depot+UE4-Releases+4.7
LogInit: Command line:  
LogInit: Base directory: C:/Program Files/Epic Games/UE_4.7/Engine/Binaries/Win64/
LogInit: Rocket: 1
[2021.05.16-10.30.59:103][  0]LogTaskGraph: Started task graph with 3 named threads and 8 total threads.
[2021.05.16-10.30.59:186][  0]LogOnline:Warning: No default platform service specified for OnlineSubsystem
[2021.05.16-10.30.59:219][  0]LogInit: Presizing for 0 objects not considered by GC, pre-allocating 0 bytes.
[2021.05.16-10.30.59:240][  0]LogInit: Object subsystem initialized
[2021.05.16-10.30.59:257][  0]LogConsoleResponse:Warning: Skipping Unknown console variable: 'TranslucentSortAxis = (X=0.000000,Y=-1.000000,Z=0.000000)'
[2021.05.16-10.30.59:257][  0]LogConsoleResponse:Warning:   Found in ini file 'C:/Users/magi1/Documents/PaperNinja_FirstTime/PaperNinja/Saved/Config/Windows/Engine.ini', in section '[/Script/Engine.RendererSettings]'
[2021.05.16-10.30.59:257][  0]LogConsoleResponse:Warning: Skipping Unknown console variable: 'UIScaleRule = ShortestSide'
[2021.05.16-10.30.59:257][  0]LogConsoleResponse:Warning:   Found in ini file 'C:/Users/magi1/Documents/PaperNinja_FirstTime/PaperNinja/Saved/Config/Windows/Engine.ini', in section '[/Script/Engine.RendererSettings]'
[2021.05.16-10.30.59:257][  0]LogConsoleResponse:Warning: Skipping Unknown console variable: 'UIScaleCurve = (EditorCurveData=(Keys=),ExternalCurve=None)'
[2021.05.16-10.30.59:257][  0]LogConsoleResponse:Warning:   Found in ini file 'C:/Users/magi1/Documents/PaperNinja_FirstTime/PaperNinja/Saved/Config/Windows/Engine.ini', in section '[/Script/Engine.RendererSettings]'
[2021.05.16-10.30.59:266][  0]LogInit: Selected Device Profile: [Windows]
[2021.05.16-10.30.59:267][  0]LogInit: Applying CVar settings loaded from the selected device profile: [Windows]
[2021.05.16-10.30.59:278][  0]LogInit: Computer: DESKTOP-QG331CQ
[2021.05.16-10.30.59:278][  0]LogInit: User: magi1
[2021.05.16-10.30.59:278][  0]LogInit: CPU Page size=4096, Cores=6
[2021.05.16-10.30.59:278][  0]LogInit: High frequency timer resolution =10.000000 MHz
[2021.05.16-10.30.59:278][  0]LogMemory: Memory total: Physical=15.9GB (16GB approx) Virtual=131072.0GB
[2021.05.16-10.30.59:279][  0]LogMemory: Platform Memory Stats for Windows
[2021.05.16-10.30.59:279][  0]LogMemory: Process Physical Memory: 49.68 MB used, 49.69 MB peak
[2021.05.16-10.30.59:279][  0]LogMemory: Process Virtual Memory: 24.84 MB used, 24.85 MB peak
[2021.05.16-10.30.59:279][  0]LogMemory: Physical Memory: 6379.59 MB used, 16239.85 MB total
[2021.05.16-10.30.59:279][  0]LogMemory: Virtual Memory: 4431.00 MB used, 134217728.00 MB total
[2021.05.16-10.30.59:433][  0]LogD3D11RHI: Found D3D11 adapter 0: NVIDIA GeForce RTX 2080 (Feature Level 11_0)
[2021.05.16-10.30.59:433][  0]LogD3D11RHI: Adapter has 8010MB of dedicated video memory, 0MB of dedicated system memory, and 8119MB of shared system memory, 2 output[s]
[2021.05.16-10.30.59:462][  0]LogD3D11RHI: Found D3D11 adapter 1: Intel(R) UHD Graphics 630 (Feature Level 11_0)
[2021.05.16-10.30.59:462][  0]LogD3D11RHI: Adapter has 128MB of dedicated video memory, 0MB of dedicated system memory, and 8119MB of shared system memory, 0 output[s]
[2021.05.16-10.30.59:464][  0]LogD3D11RHI: Found D3D11 adapter 2: Microsoft Basic Render Driver (Feature Level 11_0)
[2021.05.16-10.30.59:464][  0]LogD3D11RHI: Adapter has 0MB of dedicated video memory, 0MB of dedicated system memory, and 8119MB of shared system memory, 0 output[s]
[2021.05.16-10.30.59:464][  0]LogD3D11RHI: Chosen D3D11 Adapter Id = 0
[2021.05.16-10.30.59:472][  0]LogRHI: Texture pool is 1361 MB (70% of 1945 MB)
[2021.05.16-10.30.59:553][  0]LogD3D11RHI: Async texture creation enabled
[2021.05.16-10.30.59:793][  0]LogTextLocalizationManager: The requested culture ('ja_JP') has no localization data; parent culture's ('ja') localization data will be used.
[2021.05.16-10.30.59:846][  0]LogTextLocalizationManager:Warning: Loading localization resources contain conflicting entries for (Namespace:UICommands, Key:Save_ToolTip):
Resource: (C:/Program Files/Epic Games/UE_4.7/Engine/Content/Localization/Editor/ja/Editor.locres) Hash: (-29098895) String: (現行レベルをディスクに保存)
Resource: (C:/Program Files/Epic Games/UE_4.7/Engine/Content/Localization/Engine/ja/Engine.locres) Hash: (-1280300587) String: (選択データをvlogファイルに保存)
[2021.05.16-10.30.59:846][  0]LogTextLocalizationManager:Warning: Loading localization resources contain conflicting entries for (Namespace:ContentBrowser, Key:ImportAssetToolTip):
Resource: (C:/Program Files/Epic Games/UE_4.7/Engine/Content/Localization/Editor/ja/Editor.locres) Hash: (-630476809) String: ({0} にインポート...)
Resource: (C:/Program Files/Epic Games/UE_4.7/Engine/Content/Localization/Editor/ja/Editor.locres) Hash: (1271782899) String: (このフォルダへファイルからアセットをインポート)
[2021.05.16-10.30.59:907][  0]LogContentStreaming: Texture pool size is 0.000000MB
[2021.05.16-10.31.02:004][  0]LogTargetPlatformManager:Display: Building Assets For Windows
[2021.05.16-10.31.02:488][  0]LogTargetPlatformManager:Display: Building Assets For Windows
[2021.05.16-10.31.02:555][  0]LogDerivedDataCache:Display: Max Cache Size: 512 MB
[2021.05.16-10.31.02:601][  0]LogDerivedDataCache: Loaded boot cache 0.04s 39MB C:/Users/magi1/AppData/Local/UnrealEngine/4.7/DerivedDataCache/Boot.ddc.
[2021.05.16-10.31.02:601][  0]LogDerivedDataCache:Display: Loaded Boot cache: C:/Users/magi1/AppData/Local/UnrealEngine/4.7/DerivedDataCache/Boot.ddc
[2021.05.16-10.31.02:601][  0]LogDerivedDataCache: FDerivedDataBackendGraph:  Pak pak cache file ../../../../../../Users/magi1/Documents/PaperNinja_FirstTime/PaperNinja/DerivedDataCache/DDC.ddp not found, will not use a pak cache.
[2021.05.16-10.31.02:601][  0]LogDerivedDataCache: Unable to find inner node Pak for hierarchical cache Hierarchy.
[2021.05.16-10.31.02:693][  0]LogDerivedDataCache:Display: Pak cache opened for reading ../../../Engine/DerivedDataCache/Compressed.ddp.
[2021.05.16-10.31.02:705][  0]LogDerivedDataCache: Using Local data cache path C:/Users/magi1/AppData/Local/UnrealEngine/Common/DerivedDataCache: Writable
[2021.05.16-10.31.03:495][  0]LogMeshUtilities: No automatic mesh reduction module available
[2021.05.16-10.31.03:495][  0]LogMeshUtilities: No automatic mesh merging module available
[2021.05.16-10.31.04:035][  0]LogInit: WinSock: version 1.1 (2.2), MaxSocks=32767, MaxUdp=65467
[2021.05.16-10.31.04:139][  0]LogSlate:Warning: Failed to load font data from '../../../Engine/Content/Slate/Fonts/Roboto-Italic.ttf'
[2021.05.16-10.31.05:581][  0]UdpMessaging: Initializing bridge on interface 0.0.0.0:0 to multicast group 230.0.0.1:6666.
[2021.05.16-10.31.05:899][  0]SourceControl: 情報 ソースコントロールは無効です
[2021.05.16-10.31.05:899][  0]SourceControl: 情報 ソースコントロールは無効です
[2021.05.16-10.31.05:899][  0]SourceControl: 情報 ソースコントロールは無効です
[2021.05.16-10.31.05:899][  0]LogSourceControl: RunCommandInternalRaw: 'git version'
[2021.05.16-10.31.05:899][  0]LogSourceControl: RunCommandInternalRaw: ExecProcess ReturnCode=2 OutResults=''
[2021.05.16-10.31.05:909][  0]SourceControl: 情報 ソースコントロールは無効です
[2021.05.16-10.31.06:173][  0]LogObj: 24232 objects as part of root set at end of initial load.
[2021.05.16-10.31.06:173][  0]LogUObjectAllocator: 5137176 out of 0 bytes used by permanent object pool.
[2021.05.16-10.31.06:291][  0]LogEngine: Initializing Engine...
[2021.05.16-10.31.08:473][  0]LogInit: XAudio2 using 'スピーカー (Realtek(R) Audio)' : 2 channels at 48 kHz using 32 bits per sample (channel mask 0x3)
[2021.05.16-10.31.08:526][  0]LogInit: FAudioDevice initialized.
[2021.05.16-10.31.08:611][  0]LogAIModule: Creating AISystem for world NewWorld
[2021.05.16-10.31.08:630][  0]LogDerivedDataCache: Saved boot cache 0.01s 39MB C:/Users/magi1/AppData/Local/UnrealEngine/4.7/DerivedDataCache/Boot.ddc.
[2021.05.16-10.31.08:632][  0]LogInit: Texture streaming: Enabled
[2021.05.16-10.31.08:724][  0]LogAnalytics: Creating configured Analytics provider AnalyticsET
[2021.05.16-10.31.08:724][  0]LogAnalytics: ET APIKey = Rocket.Release. APIServer = http://et2.epicgames.com/ET2/. AppVersion = 4.7.6-2513093+++depot+UE4-Releases+4.7
[2021.05.16-10.31.08:724][  0]LogAnalytics: ET APIKey = Rocket.Release. DataRouterUploadURL = https://datarouter-public-service-gamedev.ol.epicgames.net/datarouter/api/v1/public/data. AppVersion = 4.7.6-2513093+++depot+UE4-Releases+4.7
[2021.05.16-10.31.08:724][  0]LogAnalytics: SetUserId 144e59504b07e7078f7f9fbff0f199ea|e89bcdc3dddd40638ff112a71cef8e67|badf8662-73b2-480e-8b08-9b9fdfc993be
[2021.05.16-10.31.08:724][  0]LogAnalytics: AnalyticsET::StartSession [Rocket.Release]
[2021.05.16-10.31.08:767][  0]LogInit: Transaction tracking system initialized
[2021.05.16-10.31.09:053][  0]BlueprintLog: New page: エディタの読み込み
[2021.05.16-10.31.09:103][  0]LogAssetRegistry: FAssetRegistry took 0.0126 seconds to start up
[2021.05.16-10.31.09:104][  0]LogDirectoryWatcher:Warning: Failed to begin reading directory changes for ../../../Engine/Plugins/Experimental/CharacterAI/Content/. Error: 0
[2021.05.16-10.31.09:749][  0]LogTargetPlatformManager:Display: Building Assets For Windows
[2021.05.16-10.31.10:060][  0]LogTargetPlatformManager:Display: Building Assets For Windows
[2021.05.16-10.31.10:440][  0]LogSlate:Warning: Failed to load font data from '../../../Engine/Content/Editor/Slate/Fonts/Roboto-Regular.ttf'
[2021.05.16-10.31.10:440][  0]LogSlate:Warning: Failed to load font data from '../../../Engine/Content/Editor/Slate/Fonts/Roboto-Bold.ttf'
[2021.05.16-10.31.10:449][  0]LogConsoleResponse:Display: 
[2021.05.16-10.31.10:605][  0]LogCook:Display: Done creating registry. It took  0.00s.
[2021.05.16-10.31.10:828][  0]SourceControl: 情報 ソースコントロールは無効です
[2021.05.16-10.31.10:830][  0]Cmd: MAP LOAD FILE="../../../../../../Users/magi1/Documents/PaperNinja_FirstTime/PaperNinja/Content/StarterContent/Maps/Minimal_Default.umap" TEMPLATE=0 SHOWPROGRESS=1 FEATURELEVEL=3
[2021.05.16-10.31.10:831][  0]LightingResults: New page: ライティングのビルド
[2021.05.16-10.31.10:852][  0]MapCheck: New page: マップをチェック
[2021.05.16-10.31.10:852][  0]LightingResults: New page: <何も選択されていません>
[2021.05.16-10.31.10:865][  0]LogParticles: Destroying 0 GPU particle simulations for FXSystem 0x000002836F83CE00
[2021.05.16-10.31.11:639][  0]LogEditorServer: Finished looking for orphan Actors (0.000 secs)
[2021.05.16-10.31.11:653][  0]LogAIModule: Creating AISystem for world Minimal_Default
[2021.05.16-10.31.11:654][  0]Cmd: MAP CHECKDEP
[2021.05.16-10.31.11:655][  0]MapCheck: New page: Minimal_Default - 2021/05/17 4:31:11
[2021.05.16-10.31.11:753][  0]MapCheck: 情報 マップチェックが完了: 0 エラー、 0 警告、完了に 99.271ミリ秒かかりました。
[2021.05.16-10.31.11:754][  0]LogFileHelpers: Loading map 'Minimal_Default' took 0.925
[2021.05.16-10.31.11:950][  0]LogCollectionManager: Loaded 0 collections in 0.001888 seconds
[2021.05.16-10.31.11:960][  0]LogContentBrowser: Native class hierarchy populated in 0.0091 seconds. Added 1696 classes and 261 folders.
[2021.05.16-10.31.12:021][  0]LogContentBrowser: Native class hierarchy updated for 'SceneOutliner' in 0.0024 seconds. Added 1 classes and 2 folders.
[2021.05.16-10.31.12:072][  0]LogContentBrowser: Native class hierarchy updated for 'WorldBrowser' in 0.0024 seconds. Added 1 classes and 3 folders.
[2021.05.16-10.31.12:249][  0]LogCrashTracker: Crashtracker disabled due to settings.
[2021.05.16-10.31.12:257][  0]LogSlate:Warning: Failed to load font data from 'Veranda'
[2021.05.16-10.31.12:270][  0]LogUObjectGlobals:Warning: オブジェクト 'Class なし.' が見つかりませんでした
[2021.05.16-10.31.12:302][  0]LogLoad: Full Startup: 16.22 seconds (BP compile: 0.10 seconds)
[2021.05.16-10.31.12:702][  0]LogContentBrowser:Verbose: The content browser source was changed by the sources view to '/Game/Blueprints'
[2021.05.16-10.31.12:825][  0]LogRenderer:Warning: Reallocating scene render targets to support 32x32 (Frame:2).
[2021.05.16-10.31.12:934][  0]LogRenderer:Warning: Reallocating scene render targets to support 1200x576 (Frame:3).
[2021.05.16-10.31.13:985][  4]LogAssetRegistry: Asset discovery search completed in 4.8943 seconds
[2021.05.16-10.33.21:105][ 84]LogContentBrowser:Verbose: The content browser source was changed by the sources view to '/Game/Blueprints'
[2021.05.16-10.34.38:844][656]BlueprintLog: New page: PNGateActor をコンパイル
[2021.05.16-10.34.38:914][656]BlueprintEditorCompileResults: 情報 [0222.84] PNGateActor のコンパイルに成功しました！  [ 69 ミリ秒]
[2021.05.16-10.35.55:882][187]BlueprintLog: New page: PNGateActor をコンパイル
[2021.05.16-10.35.55:939][187]BlueprintEditorCompileResults: 情報 [0299.86] PNGateActor のコンパイルに成功しました！  [ 57 ミリ秒]
[2021.05.16-10.36.03:194][616]LogPlayLevel: PIE:  No blueprints needed recompiling
[2021.05.16-10.36.03:194][616]PIE: New page: PIEセッション: Minimal_Default (2021/05/17 4:36:03)
[2021.05.16-10.36.03:197][616]LogPlayLevel: PIE: StaticDuplicateObject took: (0.002476s)
[2021.05.16-10.36.03:197][616]LogPlayLevel: PIE: World Init took: (0.000595s)
[2021.05.16-10.36.03:198][616]LogPlayLevel: PIE: Created PIE world by copying editor world from /Game/StarterContent/Maps/Minimal_Default.Minimal_Default to /Game/StarterContent/Maps/UEDPIE_0_Minimal_Default.Minimal_Default (0.003331s)
[2021.05.16-10.36.03:478][616]LogWorld: Game class is 'PNGameMode_C'
[2021.05.16-10.36.03:488][616]LogAIModule: Creating AISystem for world Minimal_Default
[2021.05.16-10.36.03:492][616]LogWorld: Bringing World /Game/StarterContent/Maps/UEDPIE_0_Minimal_Default.Minimal_Default up for play (max tick rate 60) at 2021.05.16-19.36.03
[2021.05.16-10.36.03:492][616]LogWorld: Bringing up level for play took: 0.003814
[2021.05.16-10.36.03:507][616]PIE: 情報 /Game/StarterContent/Maps/UEDPIE_0_Minimal_Default 0.198のPIE開始時間
[2021.05.16-10.36.03:536][616]LogRenderer:Warning: Reallocating scene render targets to support 1296x760 (Frame:6266).
[2021.05.16-10.36.05:380][723]LogActorComponent: UnregisterComponent: (/Engine/Transient.CharMoveComp) Not registered. Aborting.
[2021.05.16-10.36.05:394][723]LogParticles: Destroying 0 GPU particle simulations for FXSystem 0x000002830C42A160
[2021.05.16-10.36.08:610][909]LogContentBrowser:Verbose: The content browser source was changed by the sources view to '/Game/Characters'
[2021.05.16-10.36.09:410][957]LogContentBrowser:Verbose: The content browser source was changed by the sources view to '/Game/Maps'
[2021.05.16-10.36.10:326][ 12]LogContentBrowser:Verbose: The content browser source was changed by the sources view to '/Game/Maps/Stage01'
[2021.05.16-10.36.11:132][ 57]LogActorComponent: UnregisterComponent: (/Engine/Transient.CharMoveComp) Not registered. Aborting.
[2021.05.16-10.36.13:073][ 57]Cmd: OBJ SAVEPACKAGE PACKAGE="/Game/Blueprints/PNGateActor" FILE="../../../../../../Users/magi1/Documents/PaperNinja_FirstTime/PaperNinja/Content/Blueprints/PNGateActor.uasset" SILENT=true
[2021.05.16-10.36.13:459][ 57]LogSavePackage: Save=342.215393ms
[2021.05.16-10.36.13:459][ 57]LogSavePackage: Moving '../../../../../../Users/magi1/Documents/PaperNinja_FirstTime/PaperNinja/Saved/PNGateActorB86F228B42EAE58D0754C09119E7743C.tmp' to '../../../../../../Users/magi1/Documents/PaperNinja_FirstTime/PaperNinja/Content/Blueprints/PNGateActor.uasset'
[2021.05.16-10.36.13:466][ 57]Cmd: MAP LOAD FILE="../../../../../../Users/magi1/Documents/PaperNinja_FirstTime/PaperNinja/Content/Maps/Stage01/PNStage01_Top.umap" TEMPLATE=0 SHOWPROGRESS=1 FEATURELEVEL=3
[2021.05.16-10.36.13:466][ 57]LightingResults: New page: ライティングのビルド
[2021.05.16-10.36.13:493][ 57]LoadErrors: New page: マップをロード中: PNStage01_Top.umap
[2021.05.16-10.36.13:495][ 57]MapCheck: New page: マップをチェック
[2021.05.16-10.36.13:495][ 57]LightingResults: New page: <何も選択されていません>
[2021.05.16-10.36.13:507][ 57]LogParticles: Destroying 0 GPU particle simulations for FXSystem 0x0000028363F447C0
[2021.05.16-10.36.14:055][ 57]LogEditorServer: Finished looking for orphan Actors (0.000 secs)
[2021.05.16-10.36.14:056][ 57]LogAIModule: Creating AISystem for world PNStage01_Top
[2021.05.16-10.36.14:087][ 57]Cmd: MAP CHECKDEP
[2021.05.16-10.36.14:087][ 57]MapCheck: New page: PNStage01_Top - 2021/05/17 4:36:14
[2021.05.16-10.36.14:208][ 57]MapCheck: 情報 マップチェックが完了: 0 エラー、 0 警告、完了に 119.826ミリ秒かかりました。
[2021.05.16-10.36.14:208][ 57]LogFileHelpers: Loading map 'PNStage01_Top' took 0.744
[2021.05.16-10.36.57:926][662]LogContentBrowser:Verbose: The content browser source was changed by the sources view to '/Game/Maps/Test'
[2021.05.16-10.37.02:413][872]Cmd: MAP LOAD FILE="../../../Engine/Content/Maps/Templates/Template_Default.umap" TEMPLATE=1 SHOWPROGRESS=1 FEATURELEVEL=3
[2021.05.16-10.37.02:457][872]LightingResults: New page: ライティングのビルド
[2021.05.16-10.37.02:499][872]LoadErrors: New page: マップをロード中: Template_Default.umap
[2021.05.16-10.37.02:502][872]MapCheck: New page: マップをチェック
[2021.05.16-10.37.02:502][872]LightingResults: New page: <何も選択されていません>
[2021.05.16-10.37.02:515][872]LogParticles: Destroying 0 GPU particle simulations for FXSystem 0x000002830C939800
[2021.05.16-10.37.02:589][872]LogEditorServer: Finished looking for orphan Actors (0.000 secs)
[2021.05.16-10.37.02:593][872]LogAIModule: Creating AISystem for world Untitled_1
[2021.05.16-10.37.02:601][872]Cmd: MAP CHECKDEP
[2021.05.16-10.37.02:601][872]MapCheck: New page: Untitled_1 - 2021/05/17 4:37:02
[2021.05.16-10.37.02:725][872]MapCheck: 情報 マップチェックが完了: 0 エラー、 0 警告、完了に 123.222ミリ秒かかりました。
[2021.05.16-10.37.02:725][872]LogFileHelpers: Loading map 'Template_Default' took 0.315
[2021.05.16-10.37.24:446][223]LogSavePackage: Save=19.461300ms
[2021.05.16-10.37.24:446][223]LogSavePackage: Moving '../../../../../../Users/magi1/Documents/PaperNinja_FirstTime/PaperNinja/Saved/Test_Event_Gate38A561434B3BE670A7170EB47015B6F0.tmp' to '../../../../../../Users/magi1/Documents/PaperNinja_FirstTime/PaperNinja/Content/Maps/Test/Test_Event_Gate.umap'
[2021.05.16-10.37.24:478][223]LogFileHelpers: Saving map 'Test_Event_Gate' took 0.503
[2021.05.16-10.37.30:101][561]LogContentBrowser:Verbose: The content browser source was changed by the sources view to '/Game/Characters'
[2021.05.16-10.37.30:717][598]LogContentBrowser:Verbose: The content browser source was changed by the sources view to '/Game/Blueprints'
[2021.05.16-10.39.11:264][577]BlueprintLog: New page: Test_Event_Gate をコンパイル
[2021.05.16-10.39.11:292][577]LogActorComponent: UnregisterComponent: (/Engine/Transient.CharMoveComp) Not registered. Aborting.
[2021.05.16-10.39.11:310][577]BlueprintEditorCompileResults: 情報 [0495.23] Test_Event_Gate のコンパイルに成功しました！  [ 46 ミリ秒]
[2021.05.16-10.40.40:243][850]LogWindows:Error: Windows GetLastError: この操作を正しく終了しました。 (0)
[2021.05.16-10.40.40:249][850]LogCrashTracker: 


[2021.05.16-10.40.48:775][850]LogCrashTracker: 


[2021.05.16-10.40.48:775][850]LogWindows: === Critical error: ===
Assertion failed: !bIsChangingText [File:D:\BuildFarm\buildmachine_++depot+UE4-Releases+4.7\Engine\Source\Runtime\Slate\Private\Widgets\Input\SEditableText.cpp] [Line: 556] 



KERNELBASE.dll!UnknownFunction (0x00007ffa6eb94b89) + 0 bytes [UnknownFile:0]
UE4Editor-Core.dll!FOutputDeviceWindowsError::Serialize() (0x00007ffa0a468074) + 0 bytes [d:\buildfarm\buildmachine_++depot+ue4-releases+4.7\engine\source\runtime\core\private\windows\windowsplatformoutputdevices.cpp:95]
UE4Editor-Core.dll!FOutputDevice::Logf__VA() (0x00007ffa0a2e7878) + 159 bytes [d:\buildfarm\buildmachine_++depot+ue4-releases+4.7\engine\source\runtime\core\private\misc\outputdevice.cpp:144]
UE4Editor-Core.dll!FDebug::AssertFailed() (0x00007ffa0a2c8b17) + 62 bytes [d:\buildfarm\buildmachine_++depot+ue4-releases+4.7\engine\source\runtime\core\private\misc\outputdevice.cpp:224]
UE4Editor-Slate.dll!SEditableText::StartChangingText() (0x00007ffa09f070da) + 0 bytes [d:\buildfarm\buildmachine_++depot+ue4-releases+4.7\engine\source\runtime\slate\private\widgets\input\seditabletext.cpp:560]
UE4Editor-Slate.dll!FTextEditHelper::OnKeyDown() (0x00007ffa09e2c6db) + 32 bytes [d:\buildfarm\buildmachine_++depot+ue4-releases+4.7\engine\source\runtime\slate\private\framework\text\textedithelper.cpp:169]
UE4Editor-Slate.dll!SEditableText::OnKeyDown() (0x00007ffa09eec21c) + 74 bytes [d:\buildfarm\buildmachine_++depot+ue4-releases+4.7\engine\source\runtime\slate\private\widgets\input\seditabletext.cpp:1628]
UE4Editor-Slate.dll!<lambda_01b95f45d99b75c93c453dee9d82570e>::operator()() (0x00007ffa09d0c872) + 38 bytes [d:\buildfarm\buildmachine_++depot+ue4-releases+4.7\engine\source\runtime\slate\private\framework\application\slateapplication.cpp:3581]
UE4Editor-Slate.dll!FEventRouter::Route<FReply,FEventRouter::FBubblePolicy,FKeyEvent,<lambda_01b95f45d99b75c93c453dee9d82570e> >() (0x00007ffa09cc6e4d) + 21 bytes [d:\buildfarm\buildmachine_++depot+ue4-releases+4.7\engine\source\runtime\slate\private\framework\application\slateapplication.cpp:202]
UE4Editor-Slate.dll!FEventRouter::RouteAlongFocusPath<FEventRouter::FBubblePolicy,<lambda_01b95f45d99b75c93c453dee9d82570e>,FKeyEvent>() (0x00007ffa09cc894a) + 52 bytes [d:\buildfarm\buildmachine_++depot+ue4-releases+4.7\engine\source\runtime\slate\private\framework\application\slateapplication.cpp:184]
UE4Editor-Slate.dll!FSlateApplication::ProcessKeyDownEvent() (0x00007ffa09d73e6d) + 93 bytes [d:\buildfarm\buildmachine_++depot+ue4-releases+4.7\engine\source\runtime\slate\private\framework\application\slateapplication.cpp:3582]
UE4Editor-Slate.dll!FSlateApplication::OnKeyDown() (0x00007ffa09d63798) + 14 bytes [d:\buildfarm\buildmachine_++depot+ue4-releases+4.7\engine\source\runtime\slate\private\framework\application\slateapplication.cpp:3517]
UE4Editor-Core.dll!FWindowsApplication::ProcessDeferredMessage() (0x00007ffa0a3c3650) + 0 bytes [d:\buildfarm\buildmachine_++depot+ue4-releases+4.7\engine\source\runtime\core\private\windows\windowsapplication.cpp:1229]
UE4Editor-Core.dll!FWindowsApplication::DeferMessage() (0x00007ffa0a3b5d2e) + 74 bytes [d:\buildfarm\buildmachine_++depot+ue4-releases+4.7\engine\source\runtime\core\private\windows\windowsapplication.cpp:1669]
UE4Editor-Core.dll!FWindowsApplication::ProcessMessage() (0x00007ffa0a3c4d50) + 41 bytes [d:\buildfarm\buildmachine_++depot+ue4-releases+4.7\engine\source\runtime\core\private\windows\windowsapplication.cpp:742]
UE4Editor-Core.dll!FWindowsApplication::AppWndProc() (0x00007ffa0a3b3192) + 0 bytes [d:\buildfarm\buildmachine_++depot+ue4-releases+4.7\engine\source\runtime\core\private\windows\windowsapplication.cpp:604]
USER32.dll!UnknownFunction (0x00007ffa70c9e858) + 0 bytes [UnknownFile:0]
USER32.dll!UnknownFunction (0x00007ffa70c9e299) + 0 bytes [UnknownFile:0]
UE4Editor-Core.dll!FWindowsPlatformMisc::PumpMessages() (0x00007ffa0a463ec6) + 48 bytes [d:\buildfarm\buildmachine_++depot+ue4-releases+4.7\engine\source\runtime\core\private\windows\windowsplatformmisc.cpp:774]
UE4Editor.exe!FEngineLoop::Tick() (0x00007ff6a3e800a9) + 8 bytes [d:\buildfarm\buildmachine_++depot+ue4-releases+4.7\engine\source\runtime\launch\private\launchengineloop.cpp:2233]
UE4Editor.exe!GuardedMain() (0x00007ff6a3e7267c) + 0 bytes [d:\buildfarm\buildmachine_++depot+ue4-releases+4.7\engine\source\runtime\launch\private\launch.cpp:142]
UE4Editor.exe!GuardedMainWrapper() (0x00007ff6a3e726ea) + 5 bytes [d:\buildfarm\buildmachine_++depot+ue4-releases+4.7\engine\source\runtime\launch\private\windows\launchwindows.cpp:126]
UE4Editor.exe!WinMain() (0x00007ff6a3e82219) + 17 bytes [d:\buildfarm\buildmachine_++depot+ue4-releases+4.7\engine\source\runtime\launch\private\windows\launchwindows.cpp:202]
UE4Editor.exe!__tmainCRTStartup() (0x00007ff6a3e83159) + 21 bytes [f:\dd\vctools\crt\crtw32\dllstuff\crtexe.c:618]
KERNEL32.DLL!UnknownFunction (0x00007ffa70ee7034) + 0 bytes [UnknownFile:0]
ntdll.dll!UnknownFunction (0x00007ffa710c2651) + 0 bytes [UnknownFile:0]
ntdll.dll!UnknownFunction (0x00007ffa710c2651) + 0 bytes [UnknownFile:0]


[2021.05.16-10.40.48:864][850]LogExit: Executing StaticShutdownAfterError
[2021.05.16-10.40.48:875][850]LogWindows: FPlatformMisc::RequestExit(1)
[2021.05.16-10.40.48:875][850]Log file closed, 05/16/21 19:40:48
