Log file open, 05/31/21 08:08:48
LogInit:Display: Running engine for game: PaperNinja
LogInit: Version: 4.7.6-2513093+++depot+UE4-Releases+4.7
LogInit: API Version: 2455222
LogInit: Compiled (64-bit): Apr 15 2015 12:09:54
LogInit: Compiled with Visual C++: 18.00.21005.01
LogInit: Build Configuration: Development
LogInit: Branch Name: ++depot+UE4-Releases+4.7
LogInit: Command line:  
LogInit: Base directory: C:/Program Files/Epic Games/UE_4.7/Engine/Binaries/Win64/
LogInit: Rocket: 1
[2021.05.30-23.08.48:003][  0]LogTaskGraph: Started task graph with 3 named threads and 8 total threads.
[2021.05.30-23.08.48:114][  0]LogOnline:Warning: No default platform service specified for OnlineSubsystem
[2021.05.30-23.08.48:155][  0]LogInit: Presizing for 0 objects not considered by GC, pre-allocating 0 bytes.
[2021.05.30-23.08.48:173][  0]LogInit: Object subsystem initialized
[2021.05.30-23.08.48:176][  0]LogConsoleResponse:Warning: Skipping Unknown console variable: 'TranslucentSortAxis = (X=0.000000,Y=-1.000000,Z=0.000000)'
[2021.05.30-23.08.48:176][  0]LogConsoleResponse:Warning:   Found in ini file 'C:/Users/magi1/Documents/PaperNinja_FirstTime/PaperNinja/Saved/Config/Windows/Engine.ini', in section '[/Script/Engine.RendererSettings]'
[2021.05.30-23.08.48:177][  0]LogConsoleResponse:Warning: Skipping Unknown console variable: 'UIScaleRule = ShortestSide'
[2021.05.30-23.08.48:177][  0]LogConsoleResponse:Warning:   Found in ini file 'C:/Users/magi1/Documents/PaperNinja_FirstTime/PaperNinja/Saved/Config/Windows/Engine.ini', in section '[/Script/Engine.RendererSettings]'
[2021.05.30-23.08.48:177][  0]LogConsoleResponse:Warning: Skipping Unknown console variable: 'UIScaleCurve = (EditorCurveData=(Keys=),ExternalCurve=None)'
[2021.05.30-23.08.48:177][  0]LogConsoleResponse:Warning:   Found in ini file 'C:/Users/magi1/Documents/PaperNinja_FirstTime/PaperNinja/Saved/Config/Windows/Engine.ini', in section '[/Script/Engine.RendererSettings]'
[2021.05.30-23.08.48:177][  0]LogInit: Selected Device Profile: [Windows]
[2021.05.30-23.08.48:177][  0]LogInit: Applying CVar settings loaded from the selected device profile: [Windows]
[2021.05.30-23.08.48:193][  0]LogInit: Computer: DESKTOP-QG331CQ
[2021.05.30-23.08.48:193][  0]LogInit: User: magi1
[2021.05.30-23.08.48:193][  0]LogInit: CPU Page size=4096, Cores=6
[2021.05.30-23.08.48:193][  0]LogInit: High frequency timer resolution =10.000000 MHz
[2021.05.30-23.08.48:193][  0]LogMemory: Memory total: Physical=15.9GB (16GB approx) Virtual=131072.0GB
[2021.05.30-23.08.48:194][  0]LogMemory: Platform Memory Stats for Windows
[2021.05.30-23.08.48:194][  0]LogMemory: Process Physical Memory: 49.86 MB used, 49.86 MB peak
[2021.05.30-23.08.48:194][  0]LogMemory: Process Virtual Memory: 26.81 MB used, 26.81 MB peak
[2021.05.30-23.08.48:194][  0]LogMemory: Physical Memory: 7365.84 MB used, 16239.85 MB total
[2021.05.30-23.08.48:194][  0]LogMemory: Virtual Memory: 4432.94 MB used, 134217728.00 MB total
[2021.05.30-23.08.48:516][  0]LogD3D11RHI: Found D3D11 adapter 0: NVIDIA GeForce RTX 2080 (Feature Level 11_0)
[2021.05.30-23.08.48:516][  0]LogD3D11RHI: Adapter has 8010MB of dedicated video memory, 0MB of dedicated system memory, and 8119MB of shared system memory, 2 output[s]
[2021.05.30-23.08.48:590][  0]LogD3D11RHI: Found D3D11 adapter 1: Intel(R) UHD Graphics 630 (Feature Level 11_0)
[2021.05.30-23.08.48:590][  0]LogD3D11RHI: Adapter has 128MB of dedicated video memory, 0MB of dedicated system memory, and 8119MB of shared system memory, 0 output[s]
[2021.05.30-23.08.48:596][  0]LogD3D11RHI: Found D3D11 adapter 2: Microsoft Basic Render Driver (Feature Level 11_0)
[2021.05.30-23.08.48:596][  0]LogD3D11RHI: Adapter has 0MB of dedicated video memory, 0MB of dedicated system memory, and 8119MB of shared system memory, 0 output[s]
[2021.05.30-23.08.48:596][  0]LogD3D11RHI: Chosen D3D11 Adapter Id = 0
[2021.05.30-23.08.48:608][  0]LogRHI: Texture pool is 1361 MB (70% of 1945 MB)
[2021.05.30-23.08.48:821][  0]LogD3D11RHI: Async texture creation enabled
[2021.05.30-23.08.48:960][  0]LogTextLocalizationManager: The requested culture ('ja_JP') has no localization data; parent culture's ('ja') localization data will be used.
[2021.05.30-23.08.49:088][  0]LogTextLocalizationManager:Warning: Loading localization resources contain conflicting entries for (Namespace:UICommands, Key:Save_ToolTip):
Resource: (C:/Program Files/Epic Games/UE_4.7/Engine/Content/Localization/Editor/ja/Editor.locres) Hash: (-29098895) String: (現行レベルをディスクに保存)
Resource: (C:/Program Files/Epic Games/UE_4.7/Engine/Content/Localization/Engine/ja/Engine.locres) Hash: (-1280300587) String: (選択データをvlogファイルに保存)
[2021.05.30-23.08.49:088][  0]LogTextLocalizationManager:Warning: Loading localization resources contain conflicting entries for (Namespace:ContentBrowser, Key:ImportAssetToolTip):
Resource: (C:/Program Files/Epic Games/UE_4.7/Engine/Content/Localization/Editor/ja/Editor.locres) Hash: (-630476809) String: ({0} にインポート...)
Resource: (C:/Program Files/Epic Games/UE_4.7/Engine/Content/Localization/Editor/ja/Editor.locres) Hash: (1271782899) String: (このフォルダへファイルからアセットをインポート)
[2021.05.30-23.08.49:248][  0]LogContentStreaming: Texture pool size is 0.000000MB
[2021.05.30-23.08.54:426][  0]LogTargetPlatformManager:Display: Building Assets For Windows
[2021.05.30-23.08.55:662][  0]LogTargetPlatformManager:Display: Building Assets For Windows
[2021.05.30-23.08.55:830][  0]LogDerivedDataCache:Display: Max Cache Size: 512 MB
[2021.05.30-23.08.55:889][  0]LogDerivedDataCache: Loaded boot cache 0.06s 39MB C:/Users/magi1/AppData/Local/UnrealEngine/4.7/DerivedDataCache/Boot.ddc.
[2021.05.30-23.08.55:889][  0]LogDerivedDataCache:Display: Loaded Boot cache: C:/Users/magi1/AppData/Local/UnrealEngine/4.7/DerivedDataCache/Boot.ddc
[2021.05.30-23.08.55:889][  0]LogDerivedDataCache: FDerivedDataBackendGraph:  Pak pak cache file ../../../../../../Users/magi1/Documents/PaperNinja_FirstTime/PaperNinja/DerivedDataCache/DDC.ddp not found, will not use a pak cache.
[2021.05.30-23.08.55:889][  0]LogDerivedDataCache: Unable to find inner node Pak for hierarchical cache Hierarchy.
[2021.05.30-23.08.56:150][  0]LogDerivedDataCache:Display: Pak cache opened for reading ../../../Engine/DerivedDataCache/Compressed.ddp.
[2021.05.30-23.08.56:165][  0]LogDerivedDataCache: Using Local data cache path C:/Users/magi1/AppData/Local/UnrealEngine/Common/DerivedDataCache: Writable
[2021.05.30-23.08.56:784][  0]LogMeshUtilities: No automatic mesh reduction module available
[2021.05.30-23.08.56:784][  0]LogMeshUtilities: No automatic mesh merging module available
[2021.05.30-23.08.57:576][  0]LogInit: WinSock: version 1.1 (2.2), MaxSocks=32767, MaxUdp=65467
[2021.05.30-23.08.57:820][  0]LogSlate:Warning: Failed to load font data from '../../../Engine/Content/Slate/Fonts/Roboto-Italic.ttf'
[2021.05.30-23.08.59:682][  0]UdpMessaging: Initializing bridge on interface 0.0.0.0:0 to multicast group 230.0.0.1:6666.
[2021.05.30-23.09.00:195][  0]SourceControl: 情報 ソースコントロールは無効です
[2021.05.30-23.09.00:195][  0]SourceControl: 情報 ソースコントロールは無効です
[2021.05.30-23.09.00:195][  0]SourceControl: 情報 ソースコントロールは無効です
[2021.05.30-23.09.00:195][  0]LogSourceControl: RunCommandInternalRaw: 'git version'
[2021.05.30-23.09.00:195][  0]LogSourceControl: RunCommandInternalRaw: ExecProcess ReturnCode=2 OutResults=''
[2021.05.30-23.09.00:224][  0]SourceControl: 情報 ソースコントロールは無効です
[2021.05.30-23.09.00:795][  0]LogObj: 24232 objects as part of root set at end of initial load.
[2021.05.30-23.09.00:795][  0]LogUObjectAllocator: 5137168 out of 0 bytes used by permanent object pool.
[2021.05.30-23.09.00:978][  0]LogEngine: Initializing Engine...
[2021.05.30-23.09.03:329][  0]LogInit: XAudio2 using 'スピーカー (Realtek(R) Audio)' : 2 channels at 48 kHz using 32 bits per sample (channel mask 0x3)
[2021.05.30-23.09.03:382][  0]LogInit: FAudioDevice initialized.
[2021.05.30-23.09.03:495][  0]LogAIModule: Creating AISystem for world NewWorld
[2021.05.30-23.09.03:533][  0]LogDerivedDataCache: Saved boot cache 0.04s 39MB C:/Users/magi1/AppData/Local/UnrealEngine/4.7/DerivedDataCache/Boot.ddc.
[2021.05.30-23.09.03:538][  0]LogInit: Texture streaming: Enabled
[2021.05.30-23.09.03:762][  0]LogAnalytics: Creating configured Analytics provider AnalyticsET
[2021.05.30-23.09.03:762][  0]LogAnalytics: ET APIKey = Rocket.Release. APIServer = http://et2.epicgames.com/ET2/. AppVersion = 4.7.6-2513093+++depot+UE4-Releases+4.7
[2021.05.30-23.09.03:762][  0]LogAnalytics: ET APIKey = Rocket.Release. DataRouterUploadURL = https://datarouter-public-service-gamedev.ol.epicgames.net/datarouter/api/v1/public/data. AppVersion = 4.7.6-2513093+++depot+UE4-Releases+4.7
[2021.05.30-23.09.03:762][  0]LogAnalytics: SetUserId 144e59504b07e7078f7f9fbff0f199ea|e89bcdc3dddd40638ff112a71cef8e67|badf8662-73b2-480e-8b08-9b9fdfc993be
[2021.05.30-23.09.03:763][  0]LogAnalytics: AnalyticsET::StartSession [Rocket.Release]
[2021.05.30-23.09.03:856][  0]LogInit: Transaction tracking system initialized
[2021.05.30-23.09.04:386][  0]BlueprintLog: New page: エディタの読み込み
[2021.05.30-23.09.04:475][  0]LogAssetRegistry: FAssetRegistry took 0.0115 seconds to start up
[2021.05.30-23.09.04:476][  0]LogDirectoryWatcher:Warning: Failed to begin reading directory changes for ../../../Engine/Plugins/Experimental/CharacterAI/Content/. Error: 0
[2021.05.30-23.09.05:825][  0]LogTargetPlatformManager:Display: Building Assets For Windows
[2021.05.30-23.09.06:583][  0]LogTargetPlatformManager:Display: Building Assets For Windows
[2021.05.30-23.09.07:345][  0]LogSlate:Warning: Failed to load font data from '../../../Engine/Content/Editor/Slate/Fonts/Roboto-Regular.ttf'
[2021.05.30-23.09.07:347][  0]LogSlate:Warning: Failed to load font data from '../../../Engine/Content/Editor/Slate/Fonts/Roboto-Bold.ttf'
[2021.05.30-23.09.07:357][  0]LogConsoleResponse:Display: 
[2021.05.30-23.09.07:676][  0]LogCook:Display: Done creating registry. It took  0.00s.
[2021.05.30-23.09.08:153][  0]SourceControl: 情報 ソースコントロールは無効です
[2021.05.30-23.09.20:002][  0]Cmd: MAP LOAD FILE="../../../../../../Users/magi1/Documents/PaperNinja_FirstTime/PaperNinja/Content/StarterContent/Maps/Minimal_Default.umap" TEMPLATE=0 SHOWPROGRESS=1 FEATURELEVEL=3
[2021.05.30-23.09.20:004][  0]LightingResults: New page: ライティングのビルド
[2021.05.30-23.09.20:049][  0]MapCheck: New page: マップをチェック
[2021.05.30-23.09.20:049][  0]LightingResults: New page: <何も選択されていません>
[2021.05.30-23.09.20:066][  0]LogParticles: Destroying 0 GPU particle simulations for FXSystem 0x000002AD54984EA0
[2021.05.30-23.09.22:024][  0]LogEditorServer: Finished looking for orphan Actors (0.000 secs)
[2021.05.30-23.09.22:046][  0]LogAIModule: Creating AISystem for world Minimal_Default
[2021.05.30-23.09.22:048][  0]Cmd: MAP CHECKDEP
[2021.05.30-23.09.22:048][  0]MapCheck: New page: Minimal_Default - 2021/05/31 17:09:22
[2021.05.30-23.09.22:318][  0]MapCheck: 情報 マップチェックが完了: 0 エラー、 0 警告、完了に 269.644ミリ秒かかりました。
[2021.05.30-23.09.22:319][  0]LogFileHelpers: Loading map 'Minimal_Default' took 2.317
[2021.05.30-23.09.22:556][  0]LogStats:Warning: MetaData mismatch. Did you assign a stat to two groups? New //STATGROUP_Threads//SplashScreenThread///Thread_22ac_0///////STATCAT_Advanced//// old //STATGROUP_Threads//SplashScreenThread///Thread_518c_0///////STATCAT_Advanced////
[2021.05.30-23.09.22:556][  0]LogCollectionManager: Loaded 0 collections in 0.004712 seconds
[2021.05.30-23.09.22:576][  0]LogContentBrowser: Native class hierarchy populated in 0.0187 seconds. Added 1696 classes and 261 folders.
[2021.05.30-23.09.22:680][  0]LogContentBrowser: Native class hierarchy updated for 'SceneOutliner' in 0.0066 seconds. Added 1 classes and 2 folders.
[2021.05.30-23.09.22:737][  0]LogContentBrowser: Native class hierarchy updated for 'WorldBrowser' in 0.0067 seconds. Added 1 classes and 3 folders.
[2021.05.30-23.09.22:906][  0]LogCrashTracker: Crashtracker disabled due to settings.
[2021.05.30-23.09.22:908][  0]LogSlate:Warning: Failed to load font data from 'Veranda'
[2021.05.30-23.09.22:927][  0]LogUObjectGlobals:Warning: オブジェクト 'Class なし.' が見つかりませんでした
[2021.05.30-23.09.22:973][  0]LogLoad: Full Startup: 39.31 seconds (BP compile: 0.19 seconds)
[2021.05.30-23.09.23:290][  0]LogRenderer:Warning: Reallocating scene render targets to support 32x32 (Frame:2).
[2021.05.30-23.09.23:458][  0]LogRenderer:Warning: Reallocating scene render targets to support 1200x576 (Frame:4).
[2021.05.30-23.09.23:596][  1]LogContentBrowser:Verbose: The content browser source was changed by the sources view to '/Game/Maps/Stage01'
[2021.05.30-23.09.24:124][ 12]LogAssetRegistry: Asset discovery search completed in 19.6614 seconds
[2021.05.30-23.09.26:550][142]LogContentBrowser:Verbose: The content browser source was changed by the sources view to '/Game/AI'
[2021.05.30-23.09.27:733][210]LogContentBrowser:Verbose: The content browser source was changed by the sources view to '/Game/Animations'
[2021.05.30-23.09.32:287][429]LogLinker:Warning: Asset '../../../Engine/Content/Tutorial/SubEditors/PersonaAnimEditorTutorial.uasset' has been saved with empty engine version. The asset will be loaded but may be incompatible.
[2021.05.30-23.09.32:412][429]LogContentBrowser:Verbose: The majority of assets in the view are of type: AnimSequence
[2021.05.30-23.09.35:647][603]LogWindows:Error: Windows GetLastError: この操作を正しく終了しました。 (0)
[2021.05.30-23.09.35:658][603]LogCrashTracker: 


[2021.05.30-23.09.43:939][603]LogCrashTracker: 


[2021.05.30-23.09.43:939][603]LogWindows: === Critical error: ===
Fatal error: [File:D:\BuildFarm\buildmachine_++depot+UE4-Releases+4.7\Engine\Source\Runtime\CoreUObject\Private\Templates\Casts.cpp] [Line: 11] 
Cast of nullptr to AnimationTransitionGraph failed


KERNELBASE.dll!UnknownFunction (0x00007ffef05d4b89) + 0 bytes [UnknownFile:0]
UE4Editor-Core.dll!FOutputDeviceWindowsError::Serialize() (0x00007ffe6b118074) + 0 bytes [d:\buildfarm\buildmachine_++depot+ue4-releases+4.7\engine\source\runtime\core\private\windows\windowsplatformoutputdevices.cpp:95]
UE4Editor-Core.dll!FMsg::Logf__VA() (0x00007ffe6af9774f) + 0 bytes [d:\buildfarm\buildmachine_++depot+ue4-releases+4.7\engine\source\runtime\core\private\misc\outputdevice.cpp:531]
UE4Editor-CoreUObject.dll!CastLogError() (0x00007ffe6e9a7a43) + 0 bytes [d:\buildfarm\buildmachine_++depot+ue4-releases+4.7\engine\source\runtime\coreuobject\private\templates\casts.cpp:12]
UE4Editor-KismetCompiler.dll!CastChecked<UAnimationTransitionGraph,UEdGraph>() (0x00007ffe6a706afc) + 45 bytes [d:\buildfarm\buildmachine_++depot+ue4-releases+4.7\engine\source\runtime\coreuobject\public\templates\casts.h:162]
UE4Editor-KismetCompiler.dll!FAnimBlueprintCompiler::ProcessStateMachine() (0x00007ffe6a79e43a) + 17 bytes [d:\buildfarm\buildmachine_++depot+ue4-releases+4.7\engine\source\editor\kismetcompiler\private\animblueprintcompiler.cpp:876]
UE4Editor-KismetCompiler.dll!FAnimBlueprintCompiler::ProcessAnimationNode() (0x00007ffe6a79cc3f) + 8 bytes [d:\buildfarm\buildmachine_++depot+ue4-releases+4.7\engine\source\editor\kismetcompiler\private\animblueprintcompiler.cpp:284]
UE4Editor-KismetCompiler.dll!FAnimBlueprintCompiler::ProcessAllAnimationNodes() (0x00007ffe6a79c718) + 55 bytes [d:\buildfarm\buildmachine_++depot+ue4-releases+4.7\engine\source\editor\kismetcompiler\private\animblueprintcompiler.cpp:537]
UE4Editor-KismetCompiler.dll!FAnimBlueprintCompiler::MergeUbergraphPagesIn() (0x00007ffe6a798146) + 8 bytes [d:\buildfarm\buildmachine_++depot+ue4-releases+4.7\engine\source\editor\kismetcompiler\private\animblueprintcompiler.cpp:1073]
UE4Editor-KismetCompiler.dll!FKismetCompilerContext::CreateAndProcessUbergraph() (0x00007ffe6a765a8b) + 0 bytes [d:\buildfarm\buildmachine_++depot+ue4-releases+4.7\engine\source\editor\kismetcompiler\private\kismetcompiler.cpp:2674]
UE4Editor-KismetCompiler.dll!FKismetCompilerContext::CreateFunctionList() (0x00007ffe6a768f35) + 0 bytes [d:\buildfarm\buildmachine_++depot+ue4-releases+4.7\engine\source\editor\kismetcompiler\private\kismetcompiler.cpp:3136]
UE4Editor-KismetCompiler.dll!FKismetCompilerContext::Compile() (0x00007ffe6a75a82b) + 0 bytes [d:\buildfarm\buildmachine_++depot+ue4-releases+4.7\engine\source\editor\kismetcompiler\private\kismetcompiler.cpp:3389]
UE4Editor-KismetCompiler.dll!FKismet2CompilerModule::CompileBlueprintInner() (0x00007ffe6a75d9b5) + 0 bytes [d:\buildfarm\buildmachine_++depot+ue4-releases+4.7\engine\source\editor\kismetcompiler\private\kismetcompilermodule.cpp:81]
UE4Editor-KismetCompiler.dll!FKismet2CompilerModule::CompileBlueprint() (0x00007ffe6a75d020) + 31 bytes [d:\buildfarm\buildmachine_++depot+ue4-releases+4.7\engine\source\editor\kismetcompiler\private\kismetcompilermodule.cpp:128]
UE4Editor-UnrealEd.dll!FKismetEditorUtilities::GenerateBlueprintSkeleton() (0x00007ffe69afa8de) + 0 bytes [d:\buildfarm\buildmachine_++depot+ue4-releases+4.7\engine\source\editor\unrealed\private\kismet2\kismet2.cpp:885]
UE4Editor-UnrealEd.dll!FBlueprintEditorUtils::RegenerateBlueprintClass() (0x00007ffe69a996a9) + 0 bytes [d:\buildfarm\buildmachine_++depot+ue4-releases+4.7\engine\source\editor\unrealed\private\kismet2\blueprinteditorutils.cpp:1184]
UE4Editor-CoreUObject.dll!ULinkerLoad::RegenerateBlueprintClass() (0x00007ffe6e9ded77) + 0 bytes [d:\buildfarm\buildmachine_++depot+ue4-releases+4.7\engine\source\runtime\coreuobject\private\blueprint\blueprintsupport.cpp:289]
UE4Editor-CoreUObject.dll!ULinkerLoad::FinalizeBlueprint() (0x00007ffe6e9b4515) + 15 bytes [d:\buildfarm\buildmachine_++depot+ue4-releases+4.7\engine\source\runtime\coreuobject\private\blueprint\blueprintsupport.cpp:1000]
UE4Editor-CoreUObject.dll!ULinkerLoad::Preload() (0x00007ffe6ea5da39) + 11 bytes [d:\buildfarm\buildmachine_++depot+ue4-releases+4.7\engine\source\runtime\coreuobject\private\uobject\linkerload.cpp:3019]
UE4Editor-CoreUObject.dll!ULinkerLoad::CreateExport() (0x00007ffe6ea346d5) + 16 bytes [d:\buildfarm\buildmachine_++depot+ue4-releases+4.7\engine\source\runtime\coreuobject\private\uobject\linkerload.cpp:3611]
UE4Editor-CoreUObject.dll!ULinkerLoad::IndexToObject() (0x00007ffe6ea52ac8) + 0 bytes [d:\buildfarm\buildmachine_++depot+ue4-releases+4.7\engine\source\runtime\coreuobject\private\uobject\linkerload.cpp:3809]
UE4Editor-CoreUObject.dll!ULinkerLoad::CreateExport() (0x00007ffe6ea33db1) + 11 bytes [d:\buildfarm\buildmachine_++depot+ue4-releases+4.7\engine\source\runtime\coreuobject\private\uobject\linkerload.cpp:3334]
UE4Editor-CoreUObject.dll!ULinkerLoad::CreateExportAndPreload() (0x00007ffe6ea3497b) + 5 bytes [d:\buildfarm\buildmachine_++depot+ue4-releases+4.7\engine\source\runtime\coreuobject\private\uobject\linkerload.cpp:2520]
UE4Editor-CoreUObject.dll!ULinkerLoad::LoadAllObjects() (0x00007ffe6ea5505b) + 0 bytes [d:\buildfarm\buildmachine_++depot+ue4-releases+4.7\engine\source\runtime\coreuobject\private\uobject\linkerload.cpp:2628]
UE4Editor-CoreUObject.dll!LoadPackageInternal() (0x00007ffe6eb07da9) + 0 bytes [d:\buildfarm\buildmachine_++depot+ue4-releases+4.7\engine\source\runtime\coreuobject\private\uobject\uobjectglobals.cpp:894]
UE4Editor-CoreUObject.dll!ResolveName() (0x00007ffe6eb10f2b) + 63 bytes [d:\buildfarm\buildmachine_++depot+ue4-releases+4.7\engine\source\runtime\coreuobject\private\uobject\uobjectglobals.cpp:610]
UE4Editor-CoreUObject.dll!StaticLoadObject() (0x00007ffe6eb163af) + 0 bytes [d:\buildfarm\buildmachine_++depot+ue4-releases+4.7\engine\source\runtime\coreuobject\private\uobject\uobjectglobals.cpp:697]
UE4Editor-ContentBrowser.dll!FAssetData::GetAsset() (0x00007ffe58d1c587) + 62 bytes [d:\buildfarm\buildmachine_++depot+ue4-releases+4.7\engine\source\runtime\assetregistry\public\assetdata.h:178]
UE4Editor-ContentBrowser.dll!SContentBrowser::OnAssetsActivated() (0x00007ffe58d8193b) + 87 bytes [d:\buildfarm\buildmachine_++depot+ue4-releases+4.7\engine\source\editor\contentbrowser\private\scontentbrowser.cpp:1576]
UE4Editor-ContentBrowser.dll!TBaseSPMethodDelegateInstance<0,SContentBrowser,0,TTypeWrapper<void> __cdecl(TArray<FAssetData,FDefaultAllocator> const & __ptr64,enum EAssetTypeActivationMethod::Type)>::Execute() (0x00007ffe58cfab17) + 38 bytes [d:\buildfarm\buildmachine_++depot+ue4-releases+4.7\engine\source\runtime\core\public\delegates\delegateinstancesimpl_variadics.inl:282]
UE4Editor-ContentBrowser.dll!TBaseSPMethodDelegateInstance<0,SContentBrowser,0,void __cdecl(TArray<FAssetData,FDefaultAllocator> const & __ptr64,enum EAssetTypeActivationMethod::Type)>::ExecuteIfSafe() (0x00007ffe58d060f7) + 14 bytes [d:\buildfarm\buildmachine_++depot+ue4-releases+4.7\engine\source\runtime\core\public\delegates\delegateinstancesimpl_variadics.inl:388]
UE4Editor-ContentBrowser.dll!SAssetView::OnListMouseButtonDoubleClick() (0x00007ffe58d8d337) + 42 bytes [d:\buildfarm\buildmachine_++depot+ue4-releases+4.7\engine\source\editor\contentbrowser\private\sassetview.cpp:3207]
UE4Editor-ContentBrowser.dll!TBaseSPMethodDelegateInstance<0,SAssetView,0,TTypeWrapper<void> __cdecl(TSharedPtr<FAssetViewItem,0>)>::Execute() (0x00007ffe58cf9671) + 52 bytes [d:\buildfarm\buildmachine_++depot+ue4-releases+4.7\engine\source\runtime\core\public\delegates\delegateinstancesimpl_variadics.inl:282]
UE4Editor-ContentBrowser.dll!TBaseSPMethodDelegateInstance<0,SAssetView,0,void __cdecl(TSharedPtr<FAssetViewItem,0>)>::ExecuteIfSafe() (0x00007ffe58d0531a) + 37 bytes [d:\buildfarm\buildmachine_++depot+ue4-releases+4.7\engine\source\runtime\core\public\delegates\delegateinstancesimpl_variadics.inl:388]
UE4Editor-ContentBrowser.dll!TBaseDelegate<void,TSharedPtr<FAssetViewItem,0> >::ExecuteIfBound() (0x00007ffe58d025b6) + 38 bytes [d:\buildfarm\buildmachine_++depot+ue4-releases+4.7\engine\source\runtime\core\public\delegates\delegatesignatureimpl_variadics.inl:518]
UE4Editor-ContentBrowser.dll!SListView<TSharedPtr<FAssetViewItem,0> >::Private_OnItemDoubleClicked() (0x00007ffe58da31bf) + 41 bytes [d:\buildfarm\buildmachine_++depot+ue4-releases+4.7\engine\source\runtime\slate\public\widgets\views\slistview.h:693]
UE4Editor-ContentBrowser.dll!STableRow<TSharedPtr<FAssetViewItem,0> >::OnMouseButtonDoubleClick() (0x00007ffe58d8d59f) + 0 bytes [d:\buildfarm\buildmachine_++depot+ue4-releases+4.7\engine\source\runtime\slate\public\widgets\views\stablerow.h:252]
UE4Editor-Slate.dll!<lambda_58ede244782f1e594383d45514e1d7c8>::operator()() (0x00007ffe6e39d38e) + 9 bytes [d:\buildfarm\buildmachine_++depot+ue4-releases+4.7\engine\source\runtime\slate\private\framework\application\slateapplication.cpp:3918]
UE4Editor-Slate.dll!FEventRouter::Route<FReply,FEventRouter::FBubblePolicy,FPointerEvent,<lambda_58ede244782f1e594383d45514e1d7c8> >() (0x00007ffe6e35774d) + 21 bytes [d:\buildfarm\buildmachine_++depot+ue4-releases+4.7\engine\source\runtime\slate\private\framework\application\slateapplication.cpp:202]
UE4Editor-Slate.dll!FSlateApplication::ProcessMouseButtonDoubleClickEvent() (0x00007ffe6e404507) + 90 bytes [d:\buildfarm\buildmachine_++depot+ue4-releases+4.7\engine\source\runtime\slate\private\framework\application\slateapplication.cpp:3919]
UE4Editor-Slate.dll!FSlateApplication::OnMouseDoubleClick() (0x00007ffe6e3f417b) + 19 bytes [d:\buildfarm\buildmachine_++depot+ue4-releases+4.7\engine\source\runtime\slate\private\framework\application\slateapplication.cpp:3900]
UE4Editor-Core.dll!FWindowsApplication::ProcessDeferredMessage() (0x00007ffe6b0737e8) + 32 bytes [d:\buildfarm\buildmachine_++depot+ue4-releases+4.7\engine\source\runtime\core\private\windows\windowsapplication.cpp:1315]
UE4Editor-Core.dll!FWindowsApplication::DeferMessage() (0x00007ffe6b065d2e) + 74 bytes [d:\buildfarm\buildmachine_++depot+ue4-releases+4.7\engine\source\runtime\core\private\windows\windowsapplication.cpp:1669]
UE4Editor-Core.dll!FWindowsApplication::ProcessMessage() (0x00007ffe6b074d50) + 41 bytes [d:\buildfarm\buildmachine_++depot+ue4-releases+4.7\engine\source\runtime\core\private\windows\windowsapplication.cpp:742]
UE4Editor-Core.dll!FWindowsApplication::AppWndProc() (0x00007ffe6b063192) + 0 bytes [d:\buildfarm\buildmachine_++depot+ue4-releases+4.7\engine\source\runtime\core\private\windows\windowsapplication.cpp:604]
USER32.dll!UnknownFunction (0x00007ffef268e858) + 0 bytes [UnknownFile:0]
USER32.dll!UnknownFunction (0x00007ffef268e299) + 0 bytes [UnknownFile:0]
UE4Editor-Core.dll!FWindowsPlatformMisc::PumpMessages() (0x00007ffe6b113ec6) + 48 bytes [d:\buildfarm\buildmachine_++depot+ue4-releases+4.7\engine\source\runtime\core\private\windows\windowsplatformmisc.cpp:774]
UE4Editor.exe!FEngineLoop::Tick() (0x00007ff7b59f00a9) + 8 bytes [d:\buildfarm\buildmachine_++depot+ue4-releases+4.7\engine\source\runtime\launch\private\launchengineloop.cpp:2233]
UE4Editor.exe!GuardedMain() (0x00007ff7b59e267c) + 0 bytes [d:\buildfarm\buildmachine_++depot+ue4-releases+4.7\engine\source\runtime\launch\private\launch.cpp:142]
UE4Editor.exe!GuardedMainWrapper() (0x00007ff7b59e26ea) + 5 bytes [d:\buildfarm\buildmachine_++depot+ue4-releases+4.7\engine\source\runtime\launch\private\windows\launchwindows.cpp:126]
UE4Editor.exe!WinMain() (0x00007ff7b59f2219) + 17 bytes [d:\buildfarm\buildmachine_++depot+ue4-releases+4.7\engine\source\runtime\launch\private\windows\launchwindows.cpp:202]
UE4Editor.exe!__tmainCRTStartup() (0x00007ff7b59f3159) + 21 bytes [f:\dd\vctools\crt\crtw32\dllstuff\crtexe.c:618]
KERNEL32.DLL!UnknownFunction (0x00007ffef2527034) + 0 bytes [UnknownFile:0]
ntdll.dll!UnknownFunction (0x00007ffef2c82651) + 0 bytes [UnknownFile:0]
ntdll.dll!UnknownFunction (0x00007ffef2c82651) + 0 bytes [UnknownFile:0]


[2021.05.30-23.09.44:176][603]LogExit: Executing StaticShutdownAfterError
[2021.05.30-23.09.44:182][603]LogWindows: FPlatformMisc::RequestExit(1)
[2021.05.30-23.09.44:182][603]Log file closed, 05/31/21 08:09:44
