Log file open, 06/13/21 19:32:57
LogInit:Display: Running engine for game: PaperNinja
LogInit: Version: 4.7.6-2513093+++depot+UE4-Releases+4.7
LogInit: API Version: 2455222
LogInit: Compiled (64-bit): Apr 15 2015 12:09:54
LogInit: Compiled with Visual C++: 18.00.21005.01
LogInit: Build Configuration: Development
LogInit: Branch Name: ++depot+UE4-Releases+4.7
LogInit: Command line:  
LogInit: Base directory: C:/Program Files/Epic Games/UE_4.7/Engine/Binaries/Win64/
LogInit: Rocket: 1
[2021.06.13-10.32.57:437][  0]LogTaskGraph: Started task graph with 3 named threads and 8 total threads.
[2021.06.13-10.32.57:519][  0]LogOnline:Warning: No default platform service specified for OnlineSubsystem
[2021.06.13-10.32.57:551][  0]LogInit: Presizing for 0 objects not considered by GC, pre-allocating 0 bytes.
[2021.06.13-10.32.57:570][  0]LogInit: Object subsystem initialized
[2021.06.13-10.32.57:582][  0]LogConsoleResponse:Warning: Skipping Unknown console variable: 'TranslucentSortAxis = (X=0.000000,Y=-1.000000,Z=0.000000)'
[2021.06.13-10.32.57:582][  0]LogConsoleResponse:Warning:   Found in ini file 'C:/Users/magi1/Documents/PaperNinja_FirstTime/PaperNinja/Saved/Config/Windows/Engine.ini', in section '[/Script/Engine.RendererSettings]'
[2021.06.13-10.32.57:582][  0]LogConsoleResponse:Warning: Skipping Unknown console variable: 'UIScaleRule = ShortestSide'
[2021.06.13-10.32.57:582][  0]LogConsoleResponse:Warning:   Found in ini file 'C:/Users/magi1/Documents/PaperNinja_FirstTime/PaperNinja/Saved/Config/Windows/Engine.ini', in section '[/Script/Engine.RendererSettings]'
[2021.06.13-10.32.57:582][  0]LogConsoleResponse:Warning: Skipping Unknown console variable: 'UIScaleCurve = (EditorCurveData=(Keys=),ExternalCurve=None)'
[2021.06.13-10.32.57:582][  0]LogConsoleResponse:Warning:   Found in ini file 'C:/Users/magi1/Documents/PaperNinja_FirstTime/PaperNinja/Saved/Config/Windows/Engine.ini', in section '[/Script/Engine.RendererSettings]'
[2021.06.13-10.32.57:588][  0]LogInit: Selected Device Profile: [Windows]
[2021.06.13-10.32.57:588][  0]LogInit: Applying CVar settings loaded from the selected device profile: [Windows]
[2021.06.13-10.32.57:598][  0]LogInit: Computer: DESKTOP-QG331CQ
[2021.06.13-10.32.57:598][  0]LogInit: User: magi1
[2021.06.13-10.32.57:598][  0]LogInit: CPU Page size=4096, Cores=6
[2021.06.13-10.32.57:598][  0]LogInit: High frequency timer resolution =10.000000 MHz
[2021.06.13-10.32.57:598][  0]LogMemory: Memory total: Physical=15.9GB (16GB approx) Virtual=131072.0GB
[2021.06.13-10.32.57:598][  0]LogMemory: Platform Memory Stats for Windows
[2021.06.13-10.32.57:598][  0]LogMemory: Process Physical Memory: 50.05 MB used, 50.05 MB peak
[2021.06.13-10.32.57:598][  0]LogMemory: Process Virtual Memory: 26.80 MB used, 26.80 MB peak
[2021.06.13-10.32.57:598][  0]LogMemory: Physical Memory: 7305.37 MB used, 16239.85 MB total
[2021.06.13-10.32.57:598][  0]LogMemory: Virtual Memory: 4432.94 MB used, 134217728.00 MB total
[2021.06.13-10.32.57:776][  0]LogD3D11RHI: Found D3D11 adapter 0: NVIDIA GeForce RTX 2080 (Feature Level 11_0)
[2021.06.13-10.32.57:776][  0]LogD3D11RHI: Adapter has 8010MB of dedicated video memory, 0MB of dedicated system memory, and 8119MB of shared system memory, 2 output[s]
[2021.06.13-10.32.57:812][  0]LogD3D11RHI: Found D3D11 adapter 1: Intel(R) UHD Graphics 630 (Feature Level 11_0)
[2021.06.13-10.32.57:812][  0]LogD3D11RHI: Adapter has 128MB of dedicated video memory, 0MB of dedicated system memory, and 8119MB of shared system memory, 0 output[s]
[2021.06.13-10.32.57:816][  0]LogD3D11RHI: Found D3D11 adapter 2: Microsoft Basic Render Driver (Feature Level 11_0)
[2021.06.13-10.32.57:816][  0]LogD3D11RHI: Adapter has 0MB of dedicated video memory, 0MB of dedicated system memory, and 8119MB of shared system memory, 0 output[s]
[2021.06.13-10.32.57:816][  0]LogD3D11RHI: Chosen D3D11 Adapter Id = 0
[2021.06.13-10.32.57:824][  0]LogRHI: Texture pool is 1361 MB (70% of 1945 MB)
[2021.06.13-10.32.57:910][  0]LogD3D11RHI: Async texture creation enabled
[2021.06.13-10.32.58:164][  0]LogTextLocalizationManager: The requested culture ('ja_JP') has no localization data; parent culture's ('ja') localization data will be used.
[2021.06.13-10.32.58:216][  0]LogTextLocalizationManager:Warning: Loading localization resources contain conflicting entries for (Namespace:UICommands, Key:Save_ToolTip):
Resource: (C:/Program Files/Epic Games/UE_4.7/Engine/Content/Localization/Editor/ja/Editor.locres) Hash: (-29098895) String: (現行レベルをディスクに保存)
Resource: (C:/Program Files/Epic Games/UE_4.7/Engine/Content/Localization/Engine/ja/Engine.locres) Hash: (-1280300587) String: (選択データをvlogファイルに保存)
[2021.06.13-10.32.58:216][  0]LogTextLocalizationManager:Warning: Loading localization resources contain conflicting entries for (Namespace:ContentBrowser, Key:ImportAssetToolTip):
Resource: (C:/Program Files/Epic Games/UE_4.7/Engine/Content/Localization/Editor/ja/Editor.locres) Hash: (-630476809) String: ({0} にインポート...)
Resource: (C:/Program Files/Epic Games/UE_4.7/Engine/Content/Localization/Editor/ja/Editor.locres) Hash: (1271782899) String: (このフォルダへファイルからアセットをインポート)
[2021.06.13-10.32.58:281][  0]LogContentStreaming: Texture pool size is 0.000000MB
[2021.06.13-10.33.00:558][  0]LogTargetPlatformManager:Display: Building Assets For Windows
[2021.06.13-10.33.01:049][  0]LogTargetPlatformManager:Display: Building Assets For Windows
[2021.06.13-10.33.01:120][  0]LogDerivedDataCache:Display: Max Cache Size: 512 MB
[2021.06.13-10.33.01:170][  0]LogDerivedDataCache: Loaded boot cache 0.05s 39MB C:/Users/magi1/AppData/Local/UnrealEngine/4.7/DerivedDataCache/Boot.ddc.
[2021.06.13-10.33.01:170][  0]LogDerivedDataCache:Display: Loaded Boot cache: C:/Users/magi1/AppData/Local/UnrealEngine/4.7/DerivedDataCache/Boot.ddc
[2021.06.13-10.33.01:170][  0]LogDerivedDataCache: FDerivedDataBackendGraph:  Pak pak cache file ../../../../../../Users/magi1/Documents/PaperNinja_FirstTime/PaperNinja/DerivedDataCache/DDC.ddp not found, will not use a pak cache.
[2021.06.13-10.33.01:170][  0]LogDerivedDataCache: Unable to find inner node Pak for hierarchical cache Hierarchy.
[2021.06.13-10.33.01:279][  0]LogDerivedDataCache:Display: Pak cache opened for reading ../../../Engine/DerivedDataCache/Compressed.ddp.
[2021.06.13-10.33.01:291][  0]LogDerivedDataCache: Using Local data cache path C:/Users/magi1/AppData/Local/UnrealEngine/Common/DerivedDataCache: Writable
[2021.06.13-10.33.02:078][  0]LogMeshUtilities: No automatic mesh reduction module available
[2021.06.13-10.33.02:078][  0]LogMeshUtilities: No automatic mesh merging module available
[2021.06.13-10.33.02:617][  0]LogInit: WinSock: version 1.1 (2.2), MaxSocks=32767, MaxUdp=65467
[2021.06.13-10.33.02:751][  0]LogSlate:Warning: Failed to load font data from '../../../Engine/Content/Slate/Fonts/Roboto-Italic.ttf'
[2021.06.13-10.33.04:427][  0]UdpMessaging: Initializing bridge on interface 0.0.0.0:0 to multicast group 230.0.0.1:6666.
[2021.06.13-10.33.04:757][  0]SourceControl: 情報 ソースコントロールは無効です
[2021.06.13-10.33.04:757][  0]SourceControl: 情報 ソースコントロールは無効です
[2021.06.13-10.33.04:757][  0]SourceControl: 情報 ソースコントロールは無効です
[2021.06.13-10.33.04:757][  0]LogSourceControl: RunCommandInternalRaw: 'git version'
[2021.06.13-10.33.04:757][  0]LogSourceControl: RunCommandInternalRaw: ExecProcess ReturnCode=2 OutResults=''
[2021.06.13-10.33.04:768][  0]SourceControl: 情報 ソースコントロールは無効です
[2021.06.13-10.33.05:068][  0]LogObj: 24232 objects as part of root set at end of initial load.
[2021.06.13-10.33.05:068][  0]LogUObjectAllocator: 5137168 out of 0 bytes used by permanent object pool.
[2021.06.13-10.33.05:185][  0]LogEngine: Initializing Engine...
[2021.06.13-10.33.07:384][  0]LogInit: XAudio2 using 'スピーカー (Realtek(R) Audio)' : 2 channels at 48 kHz using 32 bits per sample (channel mask 0x3)
[2021.06.13-10.33.07:440][  0]LogInit: FAudioDevice initialized.
[2021.06.13-10.33.07:519][  0]LogAIModule: Creating AISystem for world NewWorld
[2021.06.13-10.33.07:538][  0]LogDerivedDataCache: Saved boot cache 0.02s 39MB C:/Users/magi1/AppData/Local/UnrealEngine/4.7/DerivedDataCache/Boot.ddc.
[2021.06.13-10.33.07:540][  0]LogInit: Texture streaming: Enabled
[2021.06.13-10.33.07:651][  0]LogAnalytics: Creating configured Analytics provider AnalyticsET
[2021.06.13-10.33.07:651][  0]LogAnalytics: ET APIKey = Rocket.Release. APIServer = http://et2.epicgames.com/ET2/. AppVersion = 4.7.6-2513093+++depot+UE4-Releases+4.7
[2021.06.13-10.33.07:651][  0]LogAnalytics: ET APIKey = Rocket.Release. DataRouterUploadURL = https://datarouter-public-service-gamedev.ol.epicgames.net/datarouter/api/v1/public/data. AppVersion = 4.7.6-2513093+++depot+UE4-Releases+4.7
[2021.06.13-10.33.07:651][  0]LogAnalytics: SetUserId 144e59504b07e7078f7f9fbff0f199ea|e89bcdc3dddd40638ff112a71cef8e67|badf8662-73b2-480e-8b08-9b9fdfc993be
[2021.06.13-10.33.07:651][  0]LogAnalytics: AnalyticsET::StartSession [Rocket.Release]
[2021.06.13-10.33.07:712][  0]LogInit: Transaction tracking system initialized
[2021.06.13-10.33.07:999][  0]BlueprintLog: New page: エディタの読み込み
[2021.06.13-10.33.08:051][  0]LogAssetRegistry: FAssetRegistry took 0.0128 seconds to start up
[2021.06.13-10.33.08:051][  0]LogDirectoryWatcher:Warning: Failed to begin reading directory changes for ../../../Engine/Plugins/Experimental/CharacterAI/Content/. Error: 0
[2021.06.13-10.33.08:697][  0]LogTargetPlatformManager:Display: Building Assets For Windows
[2021.06.13-10.33.09:000][  0]LogTargetPlatformManager:Display: Building Assets For Windows
[2021.06.13-10.33.09:378][  0]LogSlate:Warning: Failed to load font data from '../../../Engine/Content/Editor/Slate/Fonts/Roboto-Regular.ttf'
[2021.06.13-10.33.09:378][  0]LogSlate:Warning: Failed to load font data from '../../../Engine/Content/Editor/Slate/Fonts/Roboto-Bold.ttf'
[2021.06.13-10.33.09:388][  0]LogConsoleResponse:Display: 
[2021.06.13-10.33.09:546][  0]LogCook:Display: Done creating registry. It took  0.00s.
[2021.06.13-10.33.09:775][  0]SourceControl: 情報 ソースコントロールは無効です
[2021.06.13-10.33.09:778][  0]Cmd: MAP LOAD FILE="../../../../../../Users/magi1/Documents/PaperNinja_FirstTime/PaperNinja/Content/StarterContent/Maps/Minimal_Default.umap" TEMPLATE=0 SHOWPROGRESS=1 FEATURELEVEL=3
[2021.06.13-10.33.09:782][  0]LightingResults: New page: ライティングのビルド
[2021.06.13-10.33.09:803][  0]MapCheck: New page: マップをチェック
[2021.06.13-10.33.09:803][  0]LightingResults: New page: <何も選択されていません>
[2021.06.13-10.33.09:814][  0]LogParticles: Destroying 0 GPU particle simulations for FXSystem 0x000002AA056B4EA0
[2021.06.13-10.33.10:650][  0]LogEditorServer: Finished looking for orphan Actors (0.000 secs)
[2021.06.13-10.33.10:659][  0]LogAIModule: Creating AISystem for world Minimal_Default
[2021.06.13-10.33.10:660][  0]Cmd: MAP CHECKDEP
[2021.06.13-10.33.10:660][  0]MapCheck: New page: Minimal_Default - 2021/06/14 4:33:10
[2021.06.13-10.33.10:762][  0]MapCheck: 情報 マップチェックが完了: 0 エラー、 0 警告、完了に 102.528ミリ秒かかりました。
[2021.06.13-10.33.10:763][  0]LogFileHelpers: Loading map 'Minimal_Default' took 0.986
[2021.06.13-10.33.10:965][  0]LogCollectionManager: Loaded 0 collections in 0.001882 seconds
[2021.06.13-10.33.10:976][  0]LogContentBrowser: Native class hierarchy populated in 0.0098 seconds. Added 1696 classes and 261 folders.
[2021.06.13-10.33.11:037][  0]LogContentBrowser: Native class hierarchy updated for 'SceneOutliner' in 0.0025 seconds. Added 1 classes and 2 folders.
[2021.06.13-10.33.11:084][  0]LogContentBrowser: Native class hierarchy updated for 'WorldBrowser' in 0.0025 seconds. Added 1 classes and 3 folders.
[2021.06.13-10.33.11:253][  0]LogCrashTracker: Crashtracker disabled due to settings.
[2021.06.13-10.33.11:261][  0]LogSlate:Warning: Failed to load font data from 'Veranda'
[2021.06.13-10.33.11:274][  0]LogUObjectGlobals:Warning: オブジェクト 'Class なし.' が見つかりませんでした
[2021.06.13-10.33.11:307][  0]LogLoad: Full Startup: 16.88 seconds (BP compile: 0.09 seconds)
[2021.06.13-10.33.11:725][  0]LogContentBrowser:Verbose: The content browser source was changed by the sources view to '/Game/Maps/Stage01'
[2021.06.13-10.33.11:849][  0]LogRenderer:Warning: Reallocating scene render targets to support 32x32 (Frame:2).
[2021.06.13-10.33.11:925][  0]LogRenderer:Warning: Reallocating scene render targets to support 1200x576 (Frame:4).
[2021.06.13-10.33.12:436][  4]LogAssetRegistry: Asset discovery search completed in 4.3991 seconds
[2021.06.13-10.35.24:891][875]LogContentBrowser:Verbose: The content browser source was changed by the sources view to '/Game/Maps/Test'
[2021.06.13-10.36.01:812][432]Cmd: MAP LOAD FILE="../../../Engine/Content/Maps/Templates/Template_Default.umap" TEMPLATE=1 SHOWPROGRESS=1 FEATURELEVEL=3
[2021.06.13-10.36.01:857][432]LightingResults: New page: ライティングのビルド
[2021.06.13-10.36.01:904][432]LoadErrors: New page: マップをロード中: Template_Default.umap
[2021.06.13-10.36.01:905][432]MapCheck: New page: マップをチェック
[2021.06.13-10.36.01:905][432]LightingResults: New page: <何も選択されていません>
[2021.06.13-10.36.01:918][432]LogParticles: Destroying 0 GPU particle simulations for FXSystem 0x000002AA0CE58540
[2021.06.13-10.36.01:985][432]LogEditorServer: Finished looking for orphan Actors (0.000 secs)
[2021.06.13-10.36.01:988][432]LogAIModule: Creating AISystem for world Untitled_1
[2021.06.13-10.36.01:998][432]Cmd: MAP CHECKDEP
[2021.06.13-10.36.01:998][432]MapCheck: New page: Untitled_1 - 2021/06/14 4:36:01
[2021.06.13-10.36.02:097][432]MapCheck: 情報 マップチェックが完了: 0 エラー、 0 警告、完了に 99.289ミリ秒かかりました。
[2021.06.13-10.36.02:097][432]LogFileHelpers: Loading map 'Template_Default' took 0.287
[2021.06.13-10.36.23:792][831]LogSavePackage: Save=19.836201ms
[2021.06.13-10.36.23:792][831]LogSavePackage: Moving '../../../../../../Users/magi1/Documents/PaperNinja_FirstTime/PaperNinja/Saved/Test_Player_Camera62186F1E4A970C858E8071832243DABC.tmp' to '../../../../../../Users/magi1/Documents/PaperNinja_FirstTime/PaperNinja/Content/Maps/Test/Test_Player_Camera.umap'
[2021.06.13-10.36.23:841][831]LogFileHelpers: Saving map 'Test_Player_Camera' took 0.450
[2021.06.13-10.36.44:767][ 85]LogEditorViewport: Clicking on Actor (LMB): StaticMeshActor (Floor)
[2021.06.13-10.37.00:316][ 11]LogContentBrowser:Verbose: The content browser source was changed by the sources view to '/Game/Props'
[2021.06.13-10.37.19:064][130]LogActorFactory: Actor Factory created SM_Bonfire
[2021.06.13-10.37.19:782][173]LogActorFactory: Actor Factory created SM_Bonfire
[2021.06.13-10.37.34:268][ 40]LogEditorViewport: Clicking on Actor (LMB): BP_Sky_Sphere_C (Sky Sphere)
[2021.06.13-10.37.42:622][540]LogEditorViewport: Clicking on Actor (LMB): BP_Sky_Sphere_C (Sky Sphere)
[2021.06.13-10.37.46:329][762]LogContentBrowser:Verbose: The content browser source was changed by the sources view to '/Game/EditorResources'
[2021.06.13-10.37.47:529][834]LogContentBrowser:Verbose: The content browser source was changed by the sources view to '/Game/Blueprints'
[2021.06.13-10.37.49:221][931]LogContentBrowser:Verbose: The content browser source was changed by the sources view to '/Game/Audio'
[2021.06.13-10.37.50:055][977]LogContentBrowser:Verbose: The content browser source was changed by the sources view to '/Game/Constructions'
[2021.06.13-10.37.50:711][ 16]LogContentBrowser:Verbose: The content browser source was changed by the sources view to '/Game/EditorResources'
[2021.06.13-10.37.51:329][ 53]LogContentBrowser:Verbose: The content browser source was changed by the sources view to '/Game/Maps'
[2021.06.13-10.37.51:862][ 85]LogContentBrowser:Verbose: The content browser source was changed by the sources view to '/Game/Maps/Stage01'
[2021.06.13-10.37.52:512][124]LogContentBrowser:Verbose: The content browser source was changed by the sources view to '/Game/Props'
[2021.06.13-10.37.53:306][171]LogContentBrowser:Verbose: The content browser source was changed by the sources view to '/Game/Particles'
[2021.06.13-10.37.55:439][299]LogContentBrowser:Verbose: The content browser source was changed by the sources view to '/Game/Materials'
[2021.06.13-10.37.56:172][343]LogContentBrowser:Verbose: The content browser source was changed by the sources view to '/Game/Constructions'
[2021.06.13-10.37.56:789][380]LogContentBrowser:Verbose: The content browser source was changed by the sources view to '/Game/Blueprints'
[2021.06.13-10.38.02:478][614]LogContentBrowser:Verbose: The content browser source was changed by the sources view to '/Game/Particles/Materials'
[2021.06.13-10.38.06:152][824]LogScript:Warning: Accessed None 'CallFunc_TryGetPawnOwner_ReturnValue'
	PNAnimBP_Rabbit_C /Engine/Transient.CharacterMesh0:PNAnimBP_Rabbit_C_1
	Function /Game/Animations/PNAnimBP_Rabbit.PNAnimBP_Rabbit_C:ExecuteUbergraph_PNAnimBP_Rabbit:0291
[2021.06.13-10.38.06:152][824]LogScript:Warning: Accessed None 'K2Node_DynamicCast_AsPNPawn_Rabbit'
	PNAnimBP_Rabbit_C /Engine/Transient.CharacterMesh0:PNAnimBP_Rabbit_C_1
	Function /Game/Animations/PNAnimBP_Rabbit.PNAnimBP_Rabbit_C:ExecuteUbergraph_PNAnimBP_Rabbit:0353
[2021.06.13-10.38.06:152][824]LogScript:Warning: Accessed None 'CallFunc_TryGetPawnOwner_ReturnValue'
	PNAnimBP_Rabbit_C /Engine/Transient.CharacterMesh0:PNAnimBP_Rabbit_C_1
	Function /Game/Animations/PNAnimBP_Rabbit.PNAnimBP_Rabbit_C:ExecuteUbergraph_PNAnimBP_Rabbit:0291
[2021.06.13-10.38.06:152][824]LogScript:Warning: Accessed None 'K2Node_DynamicCast_AsPNPawn_Rabbit'
	PNAnimBP_Rabbit_C /Engine/Transient.CharacterMesh0:PNAnimBP_Rabbit_C_1
	Function /Game/Animations/PNAnimBP_Rabbit.PNAnimBP_Rabbit_C:ExecuteUbergraph_PNAnimBP_Rabbit:0353
[2021.06.13-10.38.33:317][443]MapCheck: New page: マップをチェック
[2021.06.13-10.38.33:342][443]Cmd: MAP REBUILD ALLVISIBLE
[2021.06.13-10.38.33:342][443]LogEditorServer: Rebuildmap Clear paths rebuilt
[2021.06.13-10.38.33:393][443]LightingResults: New page: ライティングのビルド - 2021/06/14 4:38:33
[2021.06.13-10.38.40:753][443]LogStaticLightingSystem:Warning: No importance volume found, so the scene bounding box was used.  You can optimize your scene's quality and lighting build times by adding importance volumes.
[2021.06.13-10.38.40:753][443]LogStaticLightingSystem: Running Lightmass w/ ImmediateImport mode ENABLED
[2021.06.13-10.38.40:753][443]LogStaticLightingSystem: Running Lightmass w/ ImmediateProcess mode ENABLED
[2021.06.13-10.38.40:753][443]LogStaticLightingSystem: Running Lightmass w/ Sorting mode ENABLED
[2021.06.13-10.38.40:753][443]LogStaticLightingSystem: Running Lightmass w/ Mapping paddings ENABLED
[2021.06.13-10.38.40:753][443]LogStaticLightingSystem: Running Lightmass w/ Mapping debug paddings DISABLED
[2021.06.13-10.38.40:873][443]LogEditorBuildUtils: Build time 0:00:07
[2021.06.13-10.38.41:011][446]LogActorComponent: UnregisterComponent: (/Engine/Transient.CharMoveComp) Not registered. Aborting.
[2021.06.13-10.38.42:905][542]Job is a success!
[2021.06.13-10.38.42:990][543]LogTexture:Display: テクスチャをビルド中: HQ_Lightmap0_1 (AutoDXT)
[2021.06.13-10.38.42:997][543]LogTexture:Display: テクスチャをビルド中: LQ_Lightmap_1_2 (DXT1)
[2021.06.13-10.38.42:998][543]LogTexture:Display: テクスチャをビルド中: HQ_Lightmap1_2 (AutoDXT)
[2021.06.13-10.38.42:998][543]LogTexture:Display: テクスチャをビルド中: LQ_Lightmap_0_1 (DXT1)
[2021.06.13-10.38.43:010][543]LogTexture:Display: テクスチャをビルド中: ShadowMapTexture2D_0 (BGRA8)
[2021.06.13-10.38.43:012][543]LogTexture:Display: テクスチャをビルド中: ShadowMapTexture2D_3 (BGRA8)
[2021.06.13-10.38.43:034][543]Lightmass on DESKTOP-QG331CQ: 1.52 sec total, 127 ms importing, 2 ms setup, 700 ms photons, 627 ms processing, 0 ms extra exporting [3/3 mappings]. Threads: 6.12 sec total, 535 ms processing.
[2021.06.13-10.38.43:061][543]LogStaticLightingSystem: Illumination: 9.64 sec (27 ms encoding lightmaps)
[2021.06.13-10.38.43:061][543]LogStaticLightingSystem: Lightmap texture memory:  0.1 MB (0.1 MB streaming, 0.0 MB non-streaming), 4 textures
[2021.06.13-10.38.43:061][543]LogStaticLightingSystem: Shadowmap texture memory: 0.2 MB (0.2 MB streaming, 0.0 MB non-streaming), 2 textures
[2021.06.13-10.38.43:789][544]Cmd: MAP CHECK NOTIFYRESULTS
[2021.06.13-10.38.43:789][544]MapCheck: New page: Test_Player_Camera - 2021/06/14 4:38:43
[2021.06.13-10.38.43:914][544]MapCheck: 情報 マップチェックが完了: 0 エラー、 0 警告、完了に 124.721ミリ秒かかりました。
[2021.06.13-10.41.06:105][ 64]LogScript:Warning: Accessed None 'CallFunc_TryGetPawnOwner_ReturnValue'
	PNAnimBP_Rabbit_C /Engine/Transient.CharacterMesh0:PNAnimBP_Rabbit_C_4
	Function /Game/Animations/PNAnimBP_Rabbit.PNAnimBP_Rabbit_C:ExecuteUbergraph_PNAnimBP_Rabbit:0291
[2021.06.13-10.41.06:105][ 64]LogScript:Warning: Accessed None 'K2Node_DynamicCast_AsPNPawn_Rabbit'
	PNAnimBP_Rabbit_C /Engine/Transient.CharacterMesh0:PNAnimBP_Rabbit_C_4
	Function /Game/Animations/PNAnimBP_Rabbit.PNAnimBP_Rabbit_C:ExecuteUbergraph_PNAnimBP_Rabbit:0353
[2021.06.13-10.41.06:106][ 64]LogScript:Warning: Accessed None 'CallFunc_TryGetPawnOwner_ReturnValue'
	PNAnimBP_Rabbit_C /Engine/Transient.CharacterMesh0:PNAnimBP_Rabbit_C_4
	Function /Game/Animations/PNAnimBP_Rabbit.PNAnimBP_Rabbit_C:ExecuteUbergraph_PNAnimBP_Rabbit:0291
[2021.06.13-10.41.06:106][ 64]LogScript:Warning: Accessed None 'K2Node_DynamicCast_AsPNPawn_Rabbit'
	PNAnimBP_Rabbit_C /Engine/Transient.CharacterMesh0:PNAnimBP_Rabbit_C_4
	Function /Game/Animations/PNAnimBP_Rabbit.PNAnimBP_Rabbit_C:ExecuteUbergraph_PNAnimBP_Rabbit:0353
[2021.06.13-10.41.16:860][630]LogScript:Warning: Accessed None 'CallFunc_TryGetPawnOwner_ReturnValue'
	PNAnimBP_Ninja_C /Engine/Transient.SkeletalMeshComponent_0:PNAnimBP_Ninja_C_0
	Function /Game/Animations/PNAnimBP_Ninja.PNAnimBP_Ninja_C:ExecuteUbergraph_PNAnimBP_Ninja:02BB
[2021.06.13-10.41.16:860][630]LogScript:Warning: Accessed None 'K2Node_DynamicCast_AsPNPlayer_Pawn'
	PNAnimBP_Ninja_C /Engine/Transient.SkeletalMeshComponent_0:PNAnimBP_Ninja_C_0
	Function /Game/Animations/PNAnimBP_Ninja.PNAnimBP_Ninja_C:ExecuteUbergraph_PNAnimBP_Ninja:03B5
[2021.06.13-10.41.16:860][630]LogScript:Warning: Accessed None 'CallFunc_TryGetPawnOwner_ReturnValue'
	PNAnimBP_Ninja_C /Engine/Transient.SkeletalMeshComponent_0:PNAnimBP_Ninja_C_0
	Function /Game/Animations/PNAnimBP_Ninja.PNAnimBP_Ninja_C:ExecuteUbergraph_PNAnimBP_Ninja:02BB
[2021.06.13-10.41.16:860][630]LogScript:Warning: Accessed None 'K2Node_DynamicCast_AsPNPlayer_Pawn'
	PNAnimBP_Ninja_C /Engine/Transient.SkeletalMeshComponent_0:PNAnimBP_Ninja_C_0
	Function /Game/Animations/PNAnimBP_Ninja.PNAnimBP_Ninja_C:ExecuteUbergraph_PNAnimBP_Ninja:03B5
[2021.06.13-10.41.24:476][ 68]BlueprintLog: New page: Test_Player_Camera をコンパイル
[2021.06.13-10.41.24:505][ 68]LogActorComponent: UnregisterComponent: (/Engine/Transient.CharMoveComp) Not registered. Aborting.
[2021.06.13-10.41.24:505][ 68]LogActorComponent: UnregisterComponent: (/Engine/Transient.CharacterMovementComponent_0) Not registered. Aborting.
[2021.06.13-10.41.24:529][ 68]BlueprintEditorCompileResults: 情報 [0510.11] Test_Player_Camera のコンパイルに成功しました！  [ 52 ミリ秒]
[2021.06.13-10.43.04:964][  1]LogWindows:Error: Windows GetLastError: この操作を正しく終了しました。 (0)
[2021.06.13-10.43.04:969][  1]LogCrashTracker: 


[2021.06.13-10.43.13:084][  1]LogCrashTracker: 


[2021.06.13-10.43.13:084][  1]LogWindows: === Critical error: ===
Assertion failed: !bIsChangingText [File:D:\BuildFarm\buildmachine_++depot+UE4-Releases+4.7\Engine\Source\Runtime\Slate\Private\Widgets\Input\SEditableText.cpp] [Line: 556] 



KERNELBASE.dll!UnknownFunction (0x00007ff820174b89) + 0 bytes [UnknownFile:0]
UE4Editor-Core.dll!FOutputDeviceWindowsError::Serialize() (0x00007fff9cef8074) + 0 bytes [d:\buildfarm\buildmachine_++depot+ue4-releases+4.7\engine\source\runtime\core\private\windows\windowsplatformoutputdevices.cpp:95]
UE4Editor-Core.dll!FOutputDevice::Logf__VA() (0x00007fff9cd77878) + 159 bytes [d:\buildfarm\buildmachine_++depot+ue4-releases+4.7\engine\source\runtime\core\private\misc\outputdevice.cpp:144]
UE4Editor-Core.dll!FDebug::AssertFailed() (0x00007fff9cd58b17) + 62 bytes [d:\buildfarm\buildmachine_++depot+ue4-releases+4.7\engine\source\runtime\core\private\misc\outputdevice.cpp:224]
UE4Editor-Slate.dll!SEditableText::StartChangingText() (0x00007fff9c9970da) + 0 bytes [d:\buildfarm\buildmachine_++depot+ue4-releases+4.7\engine\source\runtime\slate\private\widgets\input\seditabletext.cpp:560]
UE4Editor-Slate.dll!FTextEditHelper::OnKeyChar() (0x00007fff9c8bb49d) + 32 bytes [d:\buildfarm\buildmachine_++depot+ue4-releases+4.7\engine\source\runtime\slate\private\framework\text\textedithelper.cpp:86]
UE4Editor-Slate.dll!SEditableText::OnKeyChar() (0x00007fff9c97ad23) + 77 bytes [d:\buildfarm\buildmachine_++depot+ue4-releases+4.7\engine\source\runtime\slate\private\widgets\input\seditabletext.cpp:1622]
UE4Editor-Slate.dll!<lambda_f4267d5369f6530713340915266300fb>::operator()() (0x00007fff9c79de22) + 38 bytes [d:\buildfarm\buildmachine_++depot+ue4-releases+4.7\engine\source\runtime\slate\private\framework\application\slateapplication.cpp:3504]
UE4Editor-Slate.dll!FEventRouter::Route<FReply,FEventRouter::FBubblePolicy,FCharacterEvent,<lambda_f4267d5369f6530713340915266300fb> >() (0x00007fff9c756c9d) + 29 bytes [d:\buildfarm\buildmachine_++depot+ue4-releases+4.7\engine\source\runtime\slate\private\framework\application\slateapplication.cpp:202]
UE4Editor-Slate.dll!FEventRouter::RouteAlongFocusPath<FEventRouter::FBubblePolicy,<lambda_f4267d5369f6530713340915266300fb>,FCharacterEvent>() (0x00007fff9c758ace) + 34 bytes [d:\buildfarm\buildmachine_++depot+ue4-releases+4.7\engine\source\runtime\slate\private\framework\application\slateapplication.cpp:184]
UE4Editor-Slate.dll!FSlateApplication::ProcessKeyCharEvent() (0x00007fff9c803a74) + 150 bytes [d:\buildfarm\buildmachine_++depot+ue4-releases+4.7\engine\source\runtime\slate\private\framework\application\slateapplication.cpp:3505]
UE4Editor-Slate.dll!FSlateApplication::OnKeyChar() (0x00007fff9c7f3633) + 14 bytes [d:\buildfarm\buildmachine_++depot+ue4-releases+4.7\engine\source\runtime\slate\private\framework\application\slateapplication.cpp:3485]
UE4Editor-Core.dll!FWindowsApplication::ProcessDeferredMessage() (0x00007fff9ce53008) + 0 bytes [d:\buildfarm\buildmachine_++depot+ue4-releases+4.7\engine\source\runtime\core\private\windows\windowsapplication.cpp:1149]
UE4Editor-Core.dll!FWindowsApplication::DeferMessage() (0x00007fff9ce45d2e) + 74 bytes [d:\buildfarm\buildmachine_++depot+ue4-releases+4.7\engine\source\runtime\core\private\windows\windowsapplication.cpp:1669]
UE4Editor-Core.dll!FWindowsApplication::ProcessMessage() (0x00007fff9ce54d50) + 41 bytes [d:\buildfarm\buildmachine_++depot+ue4-releases+4.7\engine\source\runtime\core\private\windows\windowsapplication.cpp:742]
UE4Editor-Core.dll!FWindowsApplication::AppWndProc() (0x00007fff9ce43192) + 0 bytes [d:\buildfarm\buildmachine_++depot+ue4-releases+4.7\engine\source\runtime\core\private\windows\windowsapplication.cpp:604]
USER32.dll!UnknownFunction (0x00007ff820e7e858) + 0 bytes [UnknownFile:0]
USER32.dll!UnknownFunction (0x00007ff820e7e299) + 0 bytes [UnknownFile:0]
UE4Editor-Core.dll!FWindowsPlatformMisc::PumpMessages() (0x00007fff9cef3ec6) + 48 bytes [d:\buildfarm\buildmachine_++depot+ue4-releases+4.7\engine\source\runtime\core\private\windows\windowsplatformmisc.cpp:774]
UE4Editor.exe!FEngineLoop::Tick() (0x00007ff6544900a9) + 8 bytes [d:\buildfarm\buildmachine_++depot+ue4-releases+4.7\engine\source\runtime\launch\private\launchengineloop.cpp:2233]
UE4Editor.exe!GuardedMain() (0x00007ff65448267c) + 0 bytes [d:\buildfarm\buildmachine_++depot+ue4-releases+4.7\engine\source\runtime\launch\private\launch.cpp:142]
UE4Editor.exe!GuardedMainWrapper() (0x00007ff6544826ea) + 5 bytes [d:\buildfarm\buildmachine_++depot+ue4-releases+4.7\engine\source\runtime\launch\private\windows\launchwindows.cpp:126]
UE4Editor.exe!WinMain() (0x00007ff654492219) + 17 bytes [d:\buildfarm\buildmachine_++depot+ue4-releases+4.7\engine\source\runtime\launch\private\windows\launchwindows.cpp:202]
UE4Editor.exe!__tmainCRTStartup() (0x00007ff654493159) + 21 bytes [f:\dd\vctools\crt\crtw32\dllstuff\crtexe.c:618]
KERNEL32.DLL!UnknownFunction (0x00007ff820a57034) + 0 bytes [UnknownFile:0]
ntdll.dll!UnknownFunction (0x00007ff8228c2651) + 0 bytes [UnknownFile:0]
ntdll.dll!UnknownFunction (0x00007ff8228c2651) + 0 bytes [UnknownFile:0]


[2021.06.13-10.43.13:174][  1]LogExit: Executing StaticShutdownAfterError
[2021.06.13-10.43.13:188][  1]LogWindows: FPlatformMisc::RequestExit(1)
[2021.06.13-10.43.13:188][  1]Log file closed, 06/13/21 19:43:13
