Log file open, 05/17/21 19:36:13
LogInit:Display: Running engine for game: PaperNinja
LogInit: Version: 4.7.6-2513093+++depot+UE4-Releases+4.7
LogInit: API Version: 2455222
LogInit: Compiled (64-bit): Apr 15 2015 12:09:54
LogInit: Compiled with Visual C++: 18.00.21005.01
LogInit: Build Configuration: Development
LogInit: Branch Name: ++depot+UE4-Releases+4.7
LogInit: Command line:  
LogInit: Base directory: C:/Program Files/Epic Games/UE_4.7/Engine/Binaries/Win64/
LogInit: Rocket: 1
[2021.05.17-10.36.13:115][  0]LogTaskGraph: Started task graph with 3 named threads and 8 total threads.
[2021.05.17-10.36.13:192][  0]LogOnline:Warning: No default platform service specified for OnlineSubsystem
[2021.05.17-10.36.13:226][  0]LogInit: Presizing for 0 objects not considered by GC, pre-allocating 0 bytes.
[2021.05.17-10.36.13:245][  0]LogInit: Object subsystem initialized
[2021.05.17-10.36.13:259][  0]LogConsoleResponse:Warning: Skipping Unknown console variable: 'TranslucentSortAxis = (X=0.000000,Y=-1.000000,Z=0.000000)'
[2021.05.17-10.36.13:259][  0]LogConsoleResponse:Warning:   Found in ini file 'C:/Users/magi1/Documents/PaperNinja_FirstTime/PaperNinja/Saved/Config/Windows/Engine.ini', in section '[/Script/Engine.RendererSettings]'
[2021.05.17-10.36.13:259][  0]LogConsoleResponse:Warning: Skipping Unknown console variable: 'UIScaleRule = ShortestSide'
[2021.05.17-10.36.13:259][  0]LogConsoleResponse:Warning:   Found in ini file 'C:/Users/magi1/Documents/PaperNinja_FirstTime/PaperNinja/Saved/Config/Windows/Engine.ini', in section '[/Script/Engine.RendererSettings]'
[2021.05.17-10.36.13:259][  0]LogConsoleResponse:Warning: Skipping Unknown console variable: 'UIScaleCurve = (EditorCurveData=(Keys=),ExternalCurve=None)'
[2021.05.17-10.36.13:259][  0]LogConsoleResponse:Warning:   Found in ini file 'C:/Users/magi1/Documents/PaperNinja_FirstTime/PaperNinja/Saved/Config/Windows/Engine.ini', in section '[/Script/Engine.RendererSettings]'
[2021.05.17-10.36.13:267][  0]LogInit: Selected Device Profile: [Windows]
[2021.05.17-10.36.13:268][  0]LogInit: Applying CVar settings loaded from the selected device profile: [Windows]
[2021.05.17-10.36.13:280][  0]LogInit: Computer: DESKTOP-QG331CQ
[2021.05.17-10.36.13:280][  0]LogInit: User: magi1
[2021.05.17-10.36.13:280][  0]LogInit: CPU Page size=4096, Cores=6
[2021.05.17-10.36.13:280][  0]LogInit: High frequency timer resolution =10.000000 MHz
[2021.05.17-10.36.13:280][  0]LogMemory: Memory total: Physical=15.9GB (16GB approx) Virtual=131072.0GB
[2021.05.17-10.36.13:280][  0]LogMemory: Platform Memory Stats for Windows
[2021.05.17-10.36.13:280][  0]LogMemory: Process Physical Memory: 49.81 MB used, 49.82 MB peak
[2021.05.17-10.36.13:280][  0]LogMemory: Process Virtual Memory: 24.80 MB used, 24.80 MB peak
[2021.05.17-10.36.13:280][  0]LogMemory: Physical Memory: 6257.51 MB used, 16239.85 MB total
[2021.05.17-10.36.13:280][  0]LogMemory: Virtual Memory: 4431.00 MB used, 134217728.00 MB total
[2021.05.17-10.36.13:423][  0]LogD3D11RHI: Found D3D11 adapter 0: NVIDIA GeForce RTX 2080 (Feature Level 11_0)
[2021.05.17-10.36.13:423][  0]LogD3D11RHI: Adapter has 8010MB of dedicated video memory, 0MB of dedicated system memory, and 8119MB of shared system memory, 2 output[s]
[2021.05.17-10.36.13:452][  0]LogD3D11RHI: Found D3D11 adapter 1: Intel(R) UHD Graphics 630 (Feature Level 11_0)
[2021.05.17-10.36.13:452][  0]LogD3D11RHI: Adapter has 128MB of dedicated video memory, 0MB of dedicated system memory, and 8119MB of shared system memory, 0 output[s]
[2021.05.17-10.36.13:454][  0]LogD3D11RHI: Found D3D11 adapter 2: Microsoft Basic Render Driver (Feature Level 11_0)
[2021.05.17-10.36.13:454][  0]LogD3D11RHI: Adapter has 0MB of dedicated video memory, 0MB of dedicated system memory, and 8119MB of shared system memory, 0 output[s]
[2021.05.17-10.36.13:454][  0]LogD3D11RHI: Chosen D3D11 Adapter Id = 0
[2021.05.17-10.36.13:461][  0]LogRHI: Texture pool is 1361 MB (70% of 1945 MB)
[2021.05.17-10.36.13:546][  0]LogD3D11RHI: Async texture creation enabled
[2021.05.17-10.36.13:832][  0]LogTextLocalizationManager: The requested culture ('ja_JP') has no localization data; parent culture's ('ja') localization data will be used.
[2021.05.17-10.36.13:884][  0]LogTextLocalizationManager:Warning: Loading localization resources contain conflicting entries for (Namespace:UICommands, Key:Save_ToolTip):
Resource: (C:/Program Files/Epic Games/UE_4.7/Engine/Content/Localization/Editor/ja/Editor.locres) Hash: (-29098895) String: (現行レベルをディスクに保存)
Resource: (C:/Program Files/Epic Games/UE_4.7/Engine/Content/Localization/Engine/ja/Engine.locres) Hash: (-1280300587) String: (選択データをvlogファイルに保存)
[2021.05.17-10.36.13:884][  0]LogTextLocalizationManager:Warning: Loading localization resources contain conflicting entries for (Namespace:ContentBrowser, Key:ImportAssetToolTip):
Resource: (C:/Program Files/Epic Games/UE_4.7/Engine/Content/Localization/Editor/ja/Editor.locres) Hash: (-630476809) String: ({0} にインポート...)
Resource: (C:/Program Files/Epic Games/UE_4.7/Engine/Content/Localization/Editor/ja/Editor.locres) Hash: (1271782899) String: (このフォルダへファイルからアセットをインポート)
[2021.05.17-10.36.13:942][  0]LogContentStreaming: Texture pool size is 0.000000MB
[2021.05.17-10.36.16:147][  0]LogTargetPlatformManager:Display: Building Assets For Windows
[2021.05.17-10.36.16:646][  0]LogTargetPlatformManager:Display: Building Assets For Windows
[2021.05.17-10.36.16:716][  0]LogDerivedDataCache:Display: Max Cache Size: 512 MB
[2021.05.17-10.36.16:762][  0]LogDerivedDataCache: Loaded boot cache 0.05s 39MB C:/Users/magi1/AppData/Local/UnrealEngine/4.7/DerivedDataCache/Boot.ddc.
[2021.05.17-10.36.16:762][  0]LogDerivedDataCache:Display: Loaded Boot cache: C:/Users/magi1/AppData/Local/UnrealEngine/4.7/DerivedDataCache/Boot.ddc
[2021.05.17-10.36.16:762][  0]LogDerivedDataCache: FDerivedDataBackendGraph:  Pak pak cache file ../../../../../../Users/magi1/Documents/PaperNinja_FirstTime/PaperNinja/DerivedDataCache/DDC.ddp not found, will not use a pak cache.
[2021.05.17-10.36.16:762][  0]LogDerivedDataCache: Unable to find inner node Pak for hierarchical cache Hierarchy.
[2021.05.17-10.36.16:858][  0]LogDerivedDataCache:Display: Pak cache opened for reading ../../../Engine/DerivedDataCache/Compressed.ddp.
[2021.05.17-10.36.16:870][  0]LogDerivedDataCache: Using Local data cache path C:/Users/magi1/AppData/Local/UnrealEngine/Common/DerivedDataCache: Writable
[2021.05.17-10.36.17:692][  0]LogMeshUtilities: No automatic mesh reduction module available
[2021.05.17-10.36.17:692][  0]LogMeshUtilities: No automatic mesh merging module available
[2021.05.17-10.36.19:118][  0]LogInit: WinSock: version 1.1 (2.2), MaxSocks=32767, MaxUdp=65467
[2021.05.17-10.36.19:398][  0]LogSlate:Warning: Failed to load font data from '../../../Engine/Content/Slate/Fonts/Roboto-Italic.ttf'
[2021.05.17-10.36.23:885][  0]UdpMessaging: Initializing bridge on interface 0.0.0.0:0 to multicast group 230.0.0.1:6666.
[2021.05.17-10.36.24:229][  0]SourceControl: 情報 ソースコントロールは無効です
[2021.05.17-10.36.24:229][  0]SourceControl: 情報 ソースコントロールは無効です
[2021.05.17-10.36.24:229][  0]SourceControl: 情報 ソースコントロールは無効です
[2021.05.17-10.36.24:229][  0]LogSourceControl: RunCommandInternalRaw: 'git version'
[2021.05.17-10.36.24:230][  0]LogSourceControl: RunCommandInternalRaw: ExecProcess ReturnCode=2 OutResults=''
[2021.05.17-10.36.24:240][  0]SourceControl: 情報 ソースコントロールは無効です
[2021.05.17-10.36.24:589][  0]LogObj: 24232 objects as part of root set at end of initial load.
[2021.05.17-10.36.24:589][  0]LogUObjectAllocator: 5137176 out of 0 bytes used by permanent object pool.
[2021.05.17-10.36.24:728][  0]LogEngine: Initializing Engine...
[2021.05.17-10.36.26:927][  0]LogInit: XAudio2 using 'スピーカー (Realtek(R) Audio)' : 2 channels at 48 kHz using 32 bits per sample (channel mask 0x3)
[2021.05.17-10.36.26:982][  0]LogInit: FAudioDevice initialized.
[2021.05.17-10.36.27:068][  0]LogAIModule: Creating AISystem for world NewWorld
[2021.05.17-10.36.27:089][  0]LogDerivedDataCache: Saved boot cache 0.02s 39MB C:/Users/magi1/AppData/Local/UnrealEngine/4.7/DerivedDataCache/Boot.ddc.
[2021.05.17-10.36.27:091][  0]LogInit: Texture streaming: Enabled
[2021.05.17-10.36.27:196][  0]LogAnalytics: Creating configured Analytics provider AnalyticsET
[2021.05.17-10.36.27:196][  0]LogAnalytics: ET APIKey = Rocket.Release. APIServer = http://et2.epicgames.com/ET2/. AppVersion = 4.7.6-2513093+++depot+UE4-Releases+4.7
[2021.05.17-10.36.27:196][  0]LogAnalytics: ET APIKey = Rocket.Release. DataRouterUploadURL = https://datarouter-public-service-gamedev.ol.epicgames.net/datarouter/api/v1/public/data. AppVersion = 4.7.6-2513093+++depot+UE4-Releases+4.7
[2021.05.17-10.36.27:196][  0]LogAnalytics: SetUserId 144e59504b07e7078f7f9fbff0f199ea|e89bcdc3dddd40638ff112a71cef8e67|badf8662-73b2-480e-8b08-9b9fdfc993be
[2021.05.17-10.36.27:196][  0]LogAnalytics: AnalyticsET::StartSession [Rocket.Release]
[2021.05.17-10.36.27:253][  0]LogInit: Transaction tracking system initialized
[2021.05.17-10.36.27:613][  0]BlueprintLog: New page: エディタの読み込み
[2021.05.17-10.36.27:662][  0]LogAssetRegistry: FAssetRegistry took 0.0122 seconds to start up
[2021.05.17-10.36.27:662][  0]LogDirectoryWatcher:Warning: Failed to begin reading directory changes for ../../../Engine/Plugins/Experimental/CharacterAI/Content/. Error: 0
[2021.05.17-10.36.28:271][  0]LogTargetPlatformManager:Display: Building Assets For Windows
[2021.05.17-10.36.28:550][  0]LogTargetPlatformManager:Display: Building Assets For Windows
[2021.05.17-10.36.28:950][  0]LogSlate:Warning: Failed to load font data from '../../../Engine/Content/Editor/Slate/Fonts/Roboto-Regular.ttf'
[2021.05.17-10.36.28:950][  0]LogSlate:Warning: Failed to load font data from '../../../Engine/Content/Editor/Slate/Fonts/Roboto-Bold.ttf'
[2021.05.17-10.36.28:959][  0]LogConsoleResponse:Display: 
[2021.05.17-10.36.29:124][  0]LogCook:Display: Done creating registry. It took  0.00s.
[2021.05.17-10.36.29:372][  0]SourceControl: 情報 ソースコントロールは無効です
[2021.05.17-10.36.29:375][  0]Cmd: MAP LOAD FILE="../../../../../../Users/magi1/Documents/PaperNinja_FirstTime/PaperNinja/Content/StarterContent/Maps/Minimal_Default.umap" TEMPLATE=0 SHOWPROGRESS=1 FEATURELEVEL=3
[2021.05.17-10.36.29:377][  0]LightingResults: New page: ライティングのビルド
[2021.05.17-10.36.29:398][  0]MapCheck: New page: マップをチェック
[2021.05.17-10.36.29:398][  0]LightingResults: New page: <何も選択されていません>
[2021.05.17-10.36.29:411][  0]LogParticles: Destroying 0 GPU particle simulations for FXSystem 0x0000024312F1CE00
[2021.05.17-10.36.30:235][  0]LogEditorServer: Finished looking for orphan Actors (0.000 secs)
[2021.05.17-10.36.30:249][  0]LogAIModule: Creating AISystem for world Minimal_Default
[2021.05.17-10.36.30:251][  0]Cmd: MAP CHECKDEP
[2021.05.17-10.36.30:251][  0]MapCheck: New page: Minimal_Default - 2021/05/18 4:36:30
[2021.05.17-10.36.30:354][  0]MapCheck: 情報 マップチェックが完了: 0 エラー、 0 警告、完了に 103.929ミリ秒かかりました。
[2021.05.17-10.36.30:354][  0]LogFileHelpers: Loading map 'Minimal_Default' took 0.980
[2021.05.17-10.36.30:549][  0]LogCollectionManager: Loaded 0 collections in 0.001744 seconds
[2021.05.17-10.36.30:559][  0]LogContentBrowser: Native class hierarchy populated in 0.0093 seconds. Added 1696 classes and 261 folders.
[2021.05.17-10.36.30:619][  0]LogContentBrowser: Native class hierarchy updated for 'SceneOutliner' in 0.0027 seconds. Added 1 classes and 2 folders.
[2021.05.17-10.36.30:671][  0]LogContentBrowser: Native class hierarchy updated for 'WorldBrowser' in 0.0028 seconds. Added 1 classes and 3 folders.
[2021.05.17-10.36.30:842][  0]LogCrashTracker: Crashtracker disabled due to settings.
[2021.05.17-10.36.30:849][  0]LogSlate:Warning: Failed to load font data from 'Veranda'
[2021.05.17-10.36.30:859][  0]LogUObjectGlobals:Warning: オブジェクト 'Class なし.' が見つかりませんでした
[2021.05.17-10.36.30:889][  0]LogLoad: Full Startup: 20.79 seconds (BP compile: 0.17 seconds)
[2021.05.17-10.36.31:297][  0]LogContentBrowser:Verbose: The content browser source was changed by the sources view to '/Game/Maps/Test'
[2021.05.17-10.36.31:432][  0]LogRenderer:Warning: Reallocating scene render targets to support 32x32 (Frame:2).
[2021.05.17-10.36.31:559][  0]LogRenderer:Warning: Reallocating scene render targets to support 1200x576 (Frame:3).
[2021.05.17-10.36.32:283][  3]LogAssetRegistry: Asset discovery search completed in 4.6334 seconds
[2021.05.17-10.36.44:351][241]Cmd: QUIT_EDITOR
[2021.05.17-10.36.44:541][241]LogExit: Preparing to exit.
[2021.05.17-10.36.44:961][241]LogExit: Editor shut down
[2021.05.17-10.36.44:962][241]LogExit: Transaction tracking system shut down
[2021.05.17-10.36.44:962][241]LogParticles: Destroying 0 GPU particle simulations for FXSystem 0x00000243076487C0
[2021.05.17-10.36.44:962][241]LogParticles: Destroying 0 GPU particle simulations for FXSystem 0x000002431967BEC0
[2021.05.17-10.36.44:962][241]LogParticles: Destroying 0 GPU particle simulations for FXSystem 0x0000024319E387C0
[2021.05.17-10.36.45:002][241]LogExit: Object subsystem successfully closed.
[2021.05.17-10.36.45:064][241]LogModuleManager: Shutting down and abandoning module CrashTracker (178)
[2021.05.17-10.36.45:064][241]LogModuleManager: Shutting down and abandoning module SuperSearch (177)
[2021.05.17-10.36.45:064][241]LogModuleManager: Shutting down and abandoning module WorldBrowser (176)
[2021.05.17-10.36.45:064][241]LogModuleManager: Shutting down and abandoning module SceneOutliner (175)
[2021.05.17-10.36.45:064][241]LogModuleManager: Shutting down and abandoning module EditorWidgets (174)
[2021.05.17-10.36.45:064][241]LogModuleManager: Shutting down and abandoning module CollectionManager (173)
[2021.05.17-10.36.45:064][241]LogModuleManager: Shutting down and abandoning module StatsViewer (172)
[2021.05.17-10.36.45:065][241]LogModuleManager: Shutting down and abandoning module FoliageEdit (171)
[2021.05.17-10.36.45:065][241]LogModuleManager: Shutting down and abandoning module LandscapeEditor (170)
[2021.05.17-10.36.45:065][241]LogModuleManager: Shutting down and abandoning module MeshPaint (169)
[2021.05.17-10.36.45:065][241]LogModuleManager: Shutting down and abandoning module ActorPickerMode (168)
[2021.05.17-10.36.45:065][241]LogModuleManager: Shutting down and abandoning module GeometryMode (167)
[2021.05.17-10.36.45:065][241]LogModuleManager: Shutting down and abandoning module TextureAlignMode (166)
[2021.05.17-10.36.45:065][241]LogModuleManager: Shutting down and abandoning module BspMode (165)
[2021.05.17-10.36.45:065][241]LogModuleManager: Shutting down and abandoning module PlacementMode (164)
[2021.05.17-10.36.45:065][241]LogModuleManager: Shutting down and abandoning module AutomationWorker (163)
[2021.05.17-10.36.45:066][241]LogModuleManager: Shutting down and abandoning module CharacterAI (162)
[2021.05.17-10.36.45:066][241]LogModuleManager: Shutting down and abandoning module SmartSnapping (161)
[2021.05.17-10.36.45:066][241]LogModuleManager: Shutting down and abandoning module ViewportSnapping (160)
[2021.05.17-10.36.45:066][241]LogModuleManager: Shutting down and abandoning module LogVisualizer (159)
[2021.05.17-10.36.45:066][241]LogModuleManager: Shutting down and abandoning module GameProjectGeneration (158)
[2021.05.17-10.36.45:066][241]LogModuleManager: Shutting down and abandoning module IntroTutorials (157)
[2021.05.17-10.36.45:066][241]LogModuleManager: Shutting down and abandoning module EditorLiveStreaming (156)
[2021.05.17-10.36.45:066][241]LogModuleManager: Shutting down and abandoning module HardwareTargeting (155)
[2021.05.17-10.36.45:066][241]LogModuleManager: Shutting down and abandoning module DeviceProfileEditor (154)
[2021.05.17-10.36.45:066][241]LogModuleManager: Shutting down and abandoning module UndoHistory (153)
[2021.05.17-10.36.45:066][241]LogModuleManager: Shutting down and abandoning module GameplayTagsEditor (152)
[2021.05.17-10.36.45:066][241]LogModuleManager: Shutting down and abandoning module UserFeedback (151)
[2021.05.17-10.36.45:066][241]LogModuleManager: Shutting down and abandoning module XmlParser (150)
[2021.05.17-10.36.45:066][241]LogModuleManager: Shutting down and abandoning module Blutility (149)
[2021.05.17-10.36.45:066][241]LogModuleManager: Shutting down and abandoning module IOSPlatformEditor (148)
[2021.05.17-10.36.45:066][241]LogModuleManager: Shutting down and abandoning module IOSRuntimeSettings (147)
[2021.05.17-10.36.45:066][241]LogModuleManager: Shutting down and abandoning module AndroidDeviceDetection (146)
[2021.05.17-10.36.45:658][241]LogModuleManager: Shutting down and abandoning module AndroidPlatformEditor (145)
[2021.05.17-10.36.45:658][241]LogModuleManager: Shutting down and abandoning module AndroidRuntimeSettings (144)
[2021.05.17-10.36.45:658][241]LogModuleManager: Shutting down and abandoning module ProjectTargetPlatformEditor (143)
[2021.05.17-10.36.45:658][241]LogModuleManager: Shutting down and abandoning module ProjectSettingsViewer (142)
[2021.05.17-10.36.45:658][241]LogModuleManager: Shutting down and abandoning module InputBindingEditor (141)
[2021.05.17-10.36.45:658][241]LogModuleManager: Shutting down and abandoning module EditorSettingsViewer (140)
[2021.05.17-10.36.45:658][241]LogModuleManager: Shutting down and abandoning module SettingsEditor (139)
[2021.05.17-10.36.45:659][241]LogModuleManager: Shutting down and abandoning module ProjectLauncher (138)
[2021.05.17-10.36.45:659][241]LogModuleManager: Shutting down and abandoning module SessionFrontend (137)
[2021.05.17-10.36.45:659][241]LogModuleManager: Shutting down and abandoning module ProfilerClient (136)
[2021.05.17-10.36.45:659][241]LogModuleManager: Shutting down and abandoning module TargetDeviceServices (135)
[2021.05.17-10.36.45:659][241]LogModuleManager: Shutting down and abandoning module DeviceManager (134)
[2021.05.17-10.36.45:659][241]LogModuleManager: Shutting down and abandoning module AutomationController (133)
[2021.05.17-10.36.45:659][241]LogModuleManager: Shutting down and abandoning module AutomationWindow (132)
[2021.05.17-10.36.45:660][241]LogModuleManager: Shutting down and abandoning module Layers (131)
[2021.05.17-10.36.45:660][241]LogModuleManager: Shutting down and abandoning module ComponentVisualizers (130)
[2021.05.17-10.36.45:660][241]LogModuleManager: Shutting down and abandoning module DetailCustomizations (129)
[2021.05.17-10.36.45:660][241]LogModuleManager: Shutting down and abandoning module PackagesDialog (128)
[2021.05.17-10.36.45:660][241]LogModuleManager: Shutting down and abandoning module AssetRegistry (127)
[2021.05.17-10.36.45:701][241]LogModuleManager: Shutting down and abandoning module Persona (126)
[2021.05.17-10.36.45:701][241]LogModuleManager: Shutting down and abandoning module SlateReflector (125)
[2021.05.17-10.36.45:702][241]LogModuleManager: Shutting down and abandoning module LevelEditor (124)
[2021.05.17-10.36.45:702][241]LogModuleManager: Shutting down and abandoning module Kismet (123)
[2021.05.17-10.36.45:702][241]LogModuleManager: Shutting down and abandoning module GraphEditor (122)
[2021.05.17-10.36.45:704][241]LogModuleManager: Shutting down and abandoning module ClassViewer (121)
[2021.05.17-10.36.45:704][241]LogModuleManager: Shutting down and abandoning module Toolbox (120)
[2021.05.17-10.36.45:704][241]LogModuleManager: Shutting down and abandoning module ModuleUI (119)
[2021.05.17-10.36.45:704][241]LogModuleManager: Shutting down and abandoning module MovieSceneTools (118)
[2021.05.17-10.36.45:704][241]LogModuleManager: Shutting down and abandoning module OutputLog (117)
[2021.05.17-10.36.45:704][241]LogModuleManager: Shutting down and abandoning module GammaUI (116)
[2021.05.17-10.36.45:705][241]LogModuleManager: Shutting down and abandoning module Documentation (115)
[2021.05.17-10.36.45:705][241]LogModuleManager: Shutting down and abandoning module GameLiveStreaming (114)
[2021.05.17-10.36.45:705][241]LogModuleManager: Shutting down and abandoning module StreamingPauseRendering (113)
[2021.05.17-10.36.45:705][241]LogModuleManager: Shutting down and abandoning module HTTP (112)
[2021.05.17-10.36.45:705][241]LogModuleManager: Shutting down and abandoning module AnalyticsET (111)
[2021.05.17-10.36.45:705][241]LogModuleManager: Shutting down and abandoning module Analytics (110)
[2021.05.17-10.36.45:705][241]LogModuleManager: Shutting down and abandoning module AITestSuite (109)
[2021.05.17-10.36.45:705][241]LogModuleManager: Shutting down and abandoning module GameplayDebugger (108)
[2021.05.17-10.36.45:705][241]LogModuleManager: Shutting down and abandoning module AIModule (107)
[2021.05.17-10.36.45:705][241]LogModuleManager: Shutting down and abandoning module ProfilerService (106)
[2021.05.17-10.36.45:925][241]LogModuleManager: Shutting down and abandoning module TaskGraph (105)
[2021.05.17-10.36.45:925][241]LogModuleManager: Shutting down and abandoning module SlateRemote (104)
[2021.05.17-10.36.45:925][241]LogModuleManager: Shutting down and abandoning module ScriptEditorPlugin (103)
[2021.05.17-10.36.45:925][241]LogModuleManager: Shutting down and abandoning module CustomMeshComponent (102)
[2021.05.17-10.36.45:925][241]LogModuleManager: Shutting down and abandoning module CableComponent (101)
[2021.05.17-10.36.45:925][241]LogModuleManager: Shutting down and abandoning module MessagingDebugger (100)
[2021.05.17-10.36.45:927][241]LogModuleManager: Shutting down and abandoning module MediaPlayerEditor (99)
[2021.05.17-10.36.45:927][241]LogModuleManager: Shutting down and abandoning module SpeedTreeImporter (98)
[2021.05.17-10.36.45:927][241]LogModuleManager: Shutting down and abandoning module PluginsEditor (97)
[2021.05.17-10.36.45:927][241]LogModuleManager: Shutting down and abandoning module MainFrame (96)
[2021.05.17-10.36.45:927][241]LogModuleManager: Shutting down and abandoning module EpicSurvey (95)
[2021.05.17-10.36.45:927][241]LogModuleManager: Shutting down and abandoning module DesktopPlatform (94)
[2021.05.17-10.36.45:928][241]LogModuleManager: Shutting down and abandoning module DirectoryWatcher (93)
[2021.05.17-10.36.45:928][241]LogModuleManager: Shutting down and abandoning module HotReload (92)
[2021.05.17-10.36.45:928][241]LogModuleManager: Shutting down and abandoning module VisualStudioSourceCodeAccess (91)
[2021.05.17-10.36.45:928][241]LogModuleManager: Shutting down and abandoning module UObjectPlugin (90)
[2021.05.17-10.36.45:928][241]LogModuleManager: Shutting down and abandoning module SubversionSourceControl (89)
[2021.05.17-10.36.45:928][241]LogModuleManager: Shutting down and abandoning module PerforceSourceControl (88)
[2021.05.17-10.36.45:928][241]LogModuleManager: Shutting down and abandoning module SourceControl (87)
[2021.05.17-10.36.45:928][241]LogModuleManager: Shutting down and abandoning module GitSourceControl (86)
[2021.05.17-10.36.45:928][241]LogModuleManager: Shutting down and abandoning module BlankPlugin (85)
[2021.05.17-10.36.45:928][241]LogModuleManager: Shutting down and abandoning module PaperTiledImporter (84)
[2021.05.17-10.36.45:928][241]LogModuleManager: Shutting down and abandoning module PaperJsonImporter (83)
[2021.05.17-10.36.45:928][241]LogModuleManager: Shutting down and abandoning module ContentBrowser (82)
[2021.05.17-10.36.45:928][241]LogModuleManager: Shutting down and abandoning module Paper2DEditor (81)
[2021.05.17-10.36.45:928][241]LogModuleManager: Shutting down and abandoning module ScriptPlugin (80)
[2021.05.17-10.36.45:929][241]LogModuleManager: Shutting down and abandoning module UdpMessaging (79)
[2021.05.17-10.36.46:029][241]LogModuleManager: Shutting down and abandoning module Paper2D (78)
[2021.05.17-10.36.46:029][241]LogModuleManager: Shutting down and abandoning module WindowsMoviePlayer (77)
[2021.05.17-10.36.46:030][241]LogModuleManager: Shutting down and abandoning module Media (76)
[2021.05.17-10.36.46:030][241]LogModuleManager: Shutting down and abandoning module WmfMedia (75)
[2021.05.17-10.36.46:032][241]LogModuleManager: Shutting down and abandoning module OnlineBlueprintSupport (74)
[2021.05.17-10.36.46:032][241]LogModuleManager: Shutting down and abandoning module PropertyEditor (73)
[2021.05.17-10.36.46:032][241]LogModuleManager: Shutting down and abandoning module BehaviorTreeEditor (72)
[2021.05.17-10.36.46:033][241]LogModuleManager: Shutting down and abandoning module FunctionalTesting (71)
[2021.05.17-10.36.46:033][241]LogModuleManager: Shutting down and abandoning module CollisionAnalyzer (70)
[2021.05.17-10.36.46:034][241]LogModuleManager: Shutting down and abandoning module WorkspaceMenuStructure (69)
[2021.05.17-10.36.46:034][241]LogModuleManager: Shutting down and abandoning module MessageLog (68)
[2021.05.17-10.36.46:034][241]LogModuleManager: Shutting down and abandoning module Sequencer (67)
[2021.05.17-10.36.46:034][241]LogModuleManager: Shutting down and abandoning module AssetTools (66)
[2021.05.17-10.36.46:035][241]LogModuleManager: Shutting down and abandoning module UMGEditor (65)
[2021.05.17-10.36.46:035][241]LogModuleManager: Shutting down and abandoning module UMG (64)
[2021.05.17-10.36.46:037][241]LogModuleManager: Shutting down and abandoning module Slate (63)
[2021.05.17-10.36.46:037][241]LogModuleManager: Shutting down and abandoning module EditorStyle (62)
[2021.05.17-10.36.46:040][241]LogModuleManager: Shutting down and abandoning module SessionServices (61)
[2021.05.17-10.36.46:040][241]LogModuleManager: Shutting down and abandoning module SourceCodeAccess (60)
[2021.05.17-10.36.46:040][241]LogModuleManager: Shutting down and abandoning module HeadMountedDisplay (59)
[2021.05.17-10.36.46:040][241]LogModuleManager: Shutting down and abandoning module XAudio2 (58)
[2021.05.17-10.36.46:040][241]LogModuleManager: Shutting down and abandoning module Networking (56)
[2021.05.17-10.36.46:040][241]LogModuleManager: Shutting down and abandoning module Core (55)
[2021.05.17-10.36.46:040][241]LogModuleManager: Shutting down and abandoning module KismetCompiler (54)
[2021.05.17-10.36.46:040][241]LogModuleManager: Shutting down and abandoning module PhysXFormats (53)
[2021.05.17-10.36.46:040][241]LogModuleManager: Shutting down and abandoning module MeshUtilities (52)
[2021.05.17-10.36.46:041][241]LogModuleManager: Shutting down and abandoning module DerivedDataCache (51)
[2021.05.17-10.36.46:392][241]LogDerivedDataCache: Shutdown
[2021.05.17-10.36.46:392][241]LogModuleManager: Shutting down and abandoning module ShaderFormatOpenGL (50)
[2021.05.17-10.36.46:392][241]LogModuleManager: Shutting down and abandoning module ShaderFormatD3D (49)
[2021.05.17-10.36.46:392][241]LogModuleManager: Shutting down and abandoning module MetalShaderFormat (48)
[2021.05.17-10.36.46:392][241]LogModuleManager: Shutting down and abandoning module TextureFormatUncompressed (47)
[2021.05.17-10.36.46:392][241]LogModuleManager: Shutting down and abandoning module TextureFormatPVR (46)
[2021.05.17-10.36.46:392][241]LogModuleManager: Shutting down and abandoning module TextureFormatIntelISPCTexComp (45)
[2021.05.17-10.36.46:392][241]LogModuleManager: Shutting down and abandoning module TextureFormatDXT (44)
[2021.05.17-10.36.46:392][241]LogModuleManager: Shutting down and abandoning module ImageWrapper (43)
[2021.05.17-10.36.46:392][241]LogModuleManager: Shutting down and abandoning module TextureFormatASTC (42)
[2021.05.17-10.36.46:392][241]LogModuleManager: Shutting down and abandoning module TextureFormatAndroid (41)
[2021.05.17-10.36.46:392][241]LogModuleManager: Shutting down and abandoning module AudioFormatOpus (40)
[2021.05.17-10.36.46:392][241]LogModuleManager: Shutting down and abandoning module AudioFormatOgg (39)
[2021.05.17-10.36.46:392][241]LogModuleManager: Shutting down and abandoning module AudioFormatADPCM (38)
[2021.05.17-10.36.46:392][241]LogModuleManager: Shutting down and abandoning module LinuxTargetPlatform (37)
[2021.05.17-10.36.46:392][241]LogModuleManager: Shutting down and abandoning module LinuxServerTargetPlatform (36)
[2021.05.17-10.36.46:392][241]LogModuleManager: Shutting down and abandoning module LinuxNoEditorTargetPlatform (35)
[2021.05.17-10.36.46:392][241]LogModuleManager: Shutting down and abandoning module Messaging (34)
[2021.05.17-10.36.46:392][241]LogModuleManager: Shutting down and abandoning module IOSTargetPlatform (33)
[2021.05.17-10.36.46:392][241]LogModuleManager: Shutting down and abandoning module HTML5TargetPlatform (32)
[2021.05.17-10.36.46:392][241]LogModuleManager: Shutting down and abandoning module Android_PVRTCTargetPlatform (31)
[2021.05.17-10.36.46:392][241]LogModuleManager: Shutting down and abandoning module Android_ETC2TargetPlatform (30)
[2021.05.17-10.36.46:392][241]LogModuleManager: Shutting down and abandoning module Android_ETC1TargetPlatform (29)
[2021.05.17-10.36.46:392][241]LogModuleManager: Shutting down and abandoning module Android_ES31TargetPlatform (28)
[2021.05.17-10.36.46:392][241]LogModuleManager: Shutting down and abandoning module Android_DXTTargetPlatform (27)
[2021.05.17-10.36.46:392][241]LogModuleManager: Shutting down and abandoning module Android_ATCTargetPlatform (26)
[2021.05.17-10.36.46:392][241]LogModuleManager: Shutting down and abandoning module AndroidTargetPlatform (25)
[2021.05.17-10.36.46:392][241]LogModuleManager: Shutting down and abandoning module WindowsTargetPlatform (24)
[2021.05.17-10.36.46:392][241]LogModuleManager: Shutting down and abandoning module WindowsServerTargetPlatform (23)
[2021.05.17-10.36.46:392][241]LogModuleManager: Shutting down and abandoning module WindowsNoEditorTargetPlatform (22)
[2021.05.17-10.36.46:392][241]LogModuleManager: Shutting down and abandoning module WindowsClientTargetPlatform (21)
[2021.05.17-10.36.46:392][241]LogModuleManager: Shutting down and abandoning module TargetPlatform (20)
[2021.05.17-10.36.46:392][241]LogModuleManager: Shutting down and abandoning module InputCore (19)
[2021.05.17-10.36.46:392][241]LogModuleManager: Shutting down and abandoning module Settings (18)
[2021.05.17-10.36.46:392][241]LogModuleManager: Shutting down and abandoning module OnlineSubsystem (16)
[2021.05.17-10.36.46:392][241]LogModuleManager: Shutting down and abandoning module OculusRift (15)
[2021.05.17-10.36.46:392][241]LogModuleManager: Shutting down and abandoning module ExampleDeviceProfileSelector (14)
[2021.05.17-10.36.46:392][241]LogModuleManager: Shutting down and abandoning module TextureCompressor (13)
[2021.05.17-10.36.46:393][241]LogModuleManager: Shutting down and abandoning module ShaderCore (12)
[2021.05.17-10.36.46:393][241]LogModuleManager: Shutting down and abandoning module Landscape (11)
[2021.05.17-10.36.46:393][241]LogModuleManager: Shutting down and abandoning module SlateRHIRenderer (10)
[2021.05.17-10.36.46:393][241]LogModuleManager: Shutting down and abandoning module OpenGLDrv (9)
[2021.05.17-10.36.46:393][241]LogModuleManager: Shutting down and abandoning module D3D11RHI (8)
[2021.05.17-10.36.46:393][241]LogModuleManager: Shutting down and abandoning module Renderer (7)
[2021.05.17-10.36.46:393][241]LogModuleManager: Shutting down and abandoning module Engine (6)
[2021.05.17-10.36.46:393][241]LogModuleManager: Shutting down and abandoning module CoreUObject (5)
[2021.05.17-10.36.46:393][241]LogModuleManager: Shutting down and abandoning module NetworkFile (4)
[2021.05.17-10.36.46:394][241]LogModuleManager: Shutting down and abandoning module StreamingFile (3)
[2021.05.17-10.36.46:395][241]LogModuleManager: Shutting down and abandoning module SandboxFile (2)
[2021.05.17-10.36.46:395][241]LogModuleManager: Shutting down and abandoning module PakFile (1)
[2021.05.17-10.36.46:396][241]LogExit: Exiting.
[2021.05.17-10.36.46:399][241]Log file closed, 05/17/21 19:36:46
