Log file open, 06/04/21 09:18:18
LogInit:Display: Running engine for game: PaperNinja
LogInit: Version: 4.7.6-2513093+++depot+UE4-Releases+4.7
LogInit: API Version: 2455222
LogInit: Compiled (64-bit): Apr 15 2015 12:09:54
LogInit: Compiled with Visual C++: 18.00.21005.01
LogInit: Build Configuration: Development
LogInit: Branch Name: ++depot+UE4-Releases+4.7
LogInit: Command line:  
LogInit: Base directory: C:/Program Files/Epic Games/UE_4.7/Engine/Binaries/Win64/
LogInit: Rocket: 1
[2021.06.04-00.18.18:213][  0]LogTaskGraph: Started task graph with 3 named threads and 8 total threads.
[2021.06.04-00.18.18:294][  0]LogOnline:Warning: No default platform service specified for OnlineSubsystem
[2021.06.04-00.18.18:325][  0]LogInit: Presizing for 0 objects not considered by GC, pre-allocating 0 bytes.
[2021.06.04-00.18.18:343][  0]LogInit: Object subsystem initialized
[2021.06.04-00.18.18:356][  0]LogConsoleResponse:Warning: Skipping Unknown console variable: 'TranslucentSortAxis = (X=0.000000,Y=-1.000000,Z=0.000000)'
[2021.06.04-00.18.18:356][  0]LogConsoleResponse:Warning:   Found in ini file 'C:/Users/magi1/Documents/PaperNinja_FirstTime/PaperNinja/Saved/Config/Windows/Engine.ini', in section '[/Script/Engine.RendererSettings]'
[2021.06.04-00.18.18:356][  0]LogConsoleResponse:Warning: Skipping Unknown console variable: 'UIScaleRule = ShortestSide'
[2021.06.04-00.18.18:356][  0]LogConsoleResponse:Warning:   Found in ini file 'C:/Users/magi1/Documents/PaperNinja_FirstTime/PaperNinja/Saved/Config/Windows/Engine.ini', in section '[/Script/Engine.RendererSettings]'
[2021.06.04-00.18.18:356][  0]LogConsoleResponse:Warning: Skipping Unknown console variable: 'UIScaleCurve = (EditorCurveData=(Keys=),ExternalCurve=None)'
[2021.06.04-00.18.18:356][  0]LogConsoleResponse:Warning:   Found in ini file 'C:/Users/magi1/Documents/PaperNinja_FirstTime/PaperNinja/Saved/Config/Windows/Engine.ini', in section '[/Script/Engine.RendererSettings]'
[2021.06.04-00.18.18:363][  0]LogInit: Selected Device Profile: [Windows]
[2021.06.04-00.18.18:363][  0]LogInit: Applying CVar settings loaded from the selected device profile: [Windows]
[2021.06.04-00.18.18:372][  0]LogInit: Computer: DESKTOP-QG331CQ
[2021.06.04-00.18.18:372][  0]LogInit: User: magi1
[2021.06.04-00.18.18:372][  0]LogInit: CPU Page size=4096, Cores=6
[2021.06.04-00.18.18:372][  0]LogInit: High frequency timer resolution =10.000000 MHz
[2021.06.04-00.18.18:373][  0]LogMemory: Memory total: Physical=15.9GB (16GB approx) Virtual=131072.0GB
[2021.06.04-00.18.18:373][  0]LogMemory: Platform Memory Stats for Windows
[2021.06.04-00.18.18:373][  0]LogMemory: Process Physical Memory: 49.73 MB used, 49.74 MB peak
[2021.06.04-00.18.18:373][  0]LogMemory: Process Virtual Memory: 26.76 MB used, 26.76 MB peak
[2021.06.04-00.18.18:373][  0]LogMemory: Physical Memory: 5870.06 MB used, 16239.85 MB total
[2021.06.04-00.18.18:373][  0]LogMemory: Virtual Memory: 4432.94 MB used, 134217728.00 MB total
[2021.06.04-00.18.18:534][  0]LogD3D11RHI: Found D3D11 adapter 0: NVIDIA GeForce RTX 2080 (Feature Level 11_0)
[2021.06.04-00.18.18:534][  0]LogD3D11RHI: Adapter has 8010MB of dedicated video memory, 0MB of dedicated system memory, and 8119MB of shared system memory, 1 output[s]
[2021.06.04-00.18.18:569][  0]LogD3D11RHI: Found D3D11 adapter 1: Intel(R) UHD Graphics 630 (Feature Level 11_0)
[2021.06.04-00.18.18:569][  0]LogD3D11RHI: Adapter has 128MB of dedicated video memory, 0MB of dedicated system memory, and 8119MB of shared system memory, 0 output[s]
[2021.06.04-00.18.18:571][  0]LogD3D11RHI: Found D3D11 adapter 2: Microsoft Basic Render Driver (Feature Level 11_0)
[2021.06.04-00.18.18:571][  0]LogD3D11RHI: Adapter has 0MB of dedicated video memory, 0MB of dedicated system memory, and 8119MB of shared system memory, 0 output[s]
[2021.06.04-00.18.18:571][  0]LogD3D11RHI: Chosen D3D11 Adapter Id = 0
[2021.06.04-00.18.18:578][  0]LogRHI: Texture pool is 1361 MB (70% of 1945 MB)
[2021.06.04-00.18.18:664][  0]LogD3D11RHI: Async texture creation enabled
[2021.06.04-00.18.18:921][  0]LogTextLocalizationManager: The requested culture ('ja_JP') has no localization data; parent culture's ('ja') localization data will be used.
[2021.06.04-00.18.18:984][  0]LogTextLocalizationManager:Warning: Loading localization resources contain conflicting entries for (Namespace:UICommands, Key:Save_ToolTip):
Resource: (C:/Program Files/Epic Games/UE_4.7/Engine/Content/Localization/Editor/ja/Editor.locres) Hash: (-29098895) String: (現行レベルをディスクに保存)
Resource: (C:/Program Files/Epic Games/UE_4.7/Engine/Content/Localization/Engine/ja/Engine.locres) Hash: (-1280300587) String: (選択データをvlogファイルに保存)
[2021.06.04-00.18.18:984][  0]LogTextLocalizationManager:Warning: Loading localization resources contain conflicting entries for (Namespace:ContentBrowser, Key:ImportAssetToolTip):
Resource: (C:/Program Files/Epic Games/UE_4.7/Engine/Content/Localization/Editor/ja/Editor.locres) Hash: (-630476809) String: ({0} にインポート...)
Resource: (C:/Program Files/Epic Games/UE_4.7/Engine/Content/Localization/Editor/ja/Editor.locres) Hash: (1271782899) String: (このフォルダへファイルからアセットをインポート)
[2021.06.04-00.18.19:054][  0]LogContentStreaming: Texture pool size is 0.000000MB
[2021.06.04-00.18.21:290][  0]LogTargetPlatformManager:Display: Building Assets For Windows
[2021.06.04-00.18.21:822][  0]LogTargetPlatformManager:Display: Building Assets For Windows
[2021.06.04-00.18.21:893][  0]LogDerivedDataCache:Display: Max Cache Size: 512 MB
[2021.06.04-00.18.21:941][  0]LogDerivedDataCache: Loaded boot cache 0.05s 39MB C:/Users/magi1/AppData/Local/UnrealEngine/4.7/DerivedDataCache/Boot.ddc.
[2021.06.04-00.18.21:941][  0]LogDerivedDataCache:Display: Loaded Boot cache: C:/Users/magi1/AppData/Local/UnrealEngine/4.7/DerivedDataCache/Boot.ddc
[2021.06.04-00.18.21:941][  0]LogDerivedDataCache: FDerivedDataBackendGraph:  Pak pak cache file ../../../../../../Users/magi1/Documents/PaperNinja_FirstTime/PaperNinja/DerivedDataCache/DDC.ddp not found, will not use a pak cache.
[2021.06.04-00.18.21:941][  0]LogDerivedDataCache: Unable to find inner node Pak for hierarchical cache Hierarchy.
[2021.06.04-00.18.22:039][  0]LogDerivedDataCache:Display: Pak cache opened for reading ../../../Engine/DerivedDataCache/Compressed.ddp.
[2021.06.04-00.18.22:051][  0]LogDerivedDataCache: Using Local data cache path C:/Users/magi1/AppData/Local/UnrealEngine/Common/DerivedDataCache: Writable
[2021.06.04-00.18.22:757][  0]LogMeshUtilities: No automatic mesh reduction module available
[2021.06.04-00.18.22:757][  0]LogMeshUtilities: No automatic mesh merging module available
[2021.06.04-00.18.23:229][  0]LogInit: WinSock: version 1.1 (2.2), MaxSocks=32767, MaxUdp=65467
[2021.06.04-00.18.23:338][  0]LogSlate:Warning: Failed to load font data from '../../../Engine/Content/Slate/Fonts/Roboto-Italic.ttf'
[2021.06.04-00.18.24:680][  0]UdpMessaging: Initializing bridge on interface 0.0.0.0:0 to multicast group 230.0.0.1:6666.
[2021.06.04-00.18.25:009][  0]SourceControl: 情報 ソースコントロールは無効です
[2021.06.04-00.18.25:010][  0]SourceControl: 情報 ソースコントロールは無効です
[2021.06.04-00.18.25:010][  0]SourceControl: 情報 ソースコントロールは無効です
[2021.06.04-00.18.25:010][  0]LogSourceControl: RunCommandInternalRaw: 'git version'
[2021.06.04-00.18.25:010][  0]LogSourceControl: RunCommandInternalRaw: ExecProcess ReturnCode=2 OutResults=''
[2021.06.04-00.18.25:021][  0]SourceControl: 情報 ソースコントロールは無効です
[2021.06.04-00.18.25:318][  0]LogObj: 24232 objects as part of root set at end of initial load.
[2021.06.04-00.18.25:318][  0]LogUObjectAllocator: 5137168 out of 0 bytes used by permanent object pool.
[2021.06.04-00.18.25:437][  0]LogEngine: Initializing Engine...
[2021.06.04-00.18.27:626][  0]LogInit: XAudio2 using 'スピーカー (Realtek(R) Audio)' : 2 channels at 48 kHz using 32 bits per sample (channel mask 0x3)
[2021.06.04-00.18.27:682][  0]LogInit: FAudioDevice initialized.
[2021.06.04-00.18.27:760][  0]LogAIModule: Creating AISystem for world NewWorld
[2021.06.04-00.18.27:779][  0]LogDerivedDataCache: Saved boot cache 0.01s 39MB C:/Users/magi1/AppData/Local/UnrealEngine/4.7/DerivedDataCache/Boot.ddc.
[2021.06.04-00.18.27:781][  0]LogInit: Texture streaming: Enabled
[2021.06.04-00.18.27:887][  0]LogAnalytics: Creating configured Analytics provider AnalyticsET
[2021.06.04-00.18.27:887][  0]LogAnalytics: ET APIKey = Rocket.Release. APIServer = http://et2.epicgames.com/ET2/. AppVersion = 4.7.6-2513093+++depot+UE4-Releases+4.7
[2021.06.04-00.18.27:887][  0]LogAnalytics: ET APIKey = Rocket.Release. DataRouterUploadURL = https://datarouter-public-service-gamedev.ol.epicgames.net/datarouter/api/v1/public/data. AppVersion = 4.7.6-2513093+++depot+UE4-Releases+4.7
[2021.06.04-00.18.27:887][  0]LogAnalytics: SetUserId 144e59504b07e7078f7f9fbff0f199ea|e89bcdc3dddd40638ff112a71cef8e67|badf8662-73b2-480e-8b08-9b9fdfc993be
[2021.06.04-00.18.27:888][  0]LogAnalytics: AnalyticsET::StartSession [Rocket.Release]
[2021.06.04-00.18.27:946][  0]LogInit: Transaction tracking system initialized
[2021.06.04-00.18.28:222][  0]BlueprintLog: New page: エディタの読み込み
[2021.06.04-00.18.28:269][  0]LogAssetRegistry: FAssetRegistry took 0.0123 seconds to start up
[2021.06.04-00.18.28:269][  0]LogDirectoryWatcher:Warning: Failed to begin reading directory changes for ../../../Engine/Plugins/Experimental/CharacterAI/Content/. Error: 0
[2021.06.04-00.18.28:895][  0]LogTargetPlatformManager:Display: Building Assets For Windows
[2021.06.04-00.18.29:174][  0]LogTargetPlatformManager:Display: Building Assets For Windows
[2021.06.04-00.18.29:551][  0]LogSlate:Warning: Failed to load font data from '../../../Engine/Content/Editor/Slate/Fonts/Roboto-Regular.ttf'
[2021.06.04-00.18.29:551][  0]LogSlate:Warning: Failed to load font data from '../../../Engine/Content/Editor/Slate/Fonts/Roboto-Bold.ttf'
[2021.06.04-00.18.29:559][  0]LogConsoleResponse:Display: 
[2021.06.04-00.18.29:718][  0]LogCook:Display: Done creating registry. It took  0.00s.
[2021.06.04-00.18.29:947][  0]SourceControl: 情報 ソースコントロールは無効です
[2021.06.04-00.18.29:949][  0]Cmd: MAP LOAD FILE="../../../../../../Users/magi1/Documents/PaperNinja_FirstTime/PaperNinja/Content/StarterContent/Maps/Minimal_Default.umap" TEMPLATE=0 SHOWPROGRESS=1 FEATURELEVEL=3
[2021.06.04-00.18.29:952][  0]LightingResults: New page: ライティングのビルド
[2021.06.04-00.18.29:973][  0]MapCheck: New page: マップをチェック
[2021.06.04-00.18.29:973][  0]LightingResults: New page: <何も選択されていません>
[2021.06.04-00.18.29:984][  0]LogParticles: Destroying 0 GPU particle simulations for FXSystem 0x000001FE36020EA0
[2021.06.04-00.18.30:778][  0]LogEditorServer: Finished looking for orphan Actors (0.000 secs)
[2021.06.04-00.18.30:787][  0]LogAIModule: Creating AISystem for world Minimal_Default
[2021.06.04-00.18.30:788][  0]Cmd: MAP CHECKDEP
[2021.06.04-00.18.30:789][  0]MapCheck: New page: Minimal_Default - 2021/06/04 18:18:30
[2021.06.04-00.18.30:893][  0]MapCheck: 情報 マップチェックが完了: 0 エラー、 0 警告、完了に 104.499ミリ秒かかりました。
[2021.06.04-00.18.30:893][  0]LogFileHelpers: Loading map 'Minimal_Default' took 0.945
[2021.06.04-00.18.31:079][  0]LogCollectionManager: Loaded 0 collections in 0.003181 seconds
[2021.06.04-00.18.31:088][  0]LogContentBrowser: Native class hierarchy populated in 0.0085 seconds. Added 1696 classes and 261 folders.
[2021.06.04-00.18.31:145][  0]LogContentBrowser: Native class hierarchy updated for 'SceneOutliner' in 0.0027 seconds. Added 1 classes and 2 folders.
[2021.06.04-00.18.31:190][  0]LogContentBrowser: Native class hierarchy updated for 'WorldBrowser' in 0.0025 seconds. Added 1 classes and 3 folders.
[2021.06.04-00.18.31:375][  0]LogCrashTracker: Crashtracker disabled due to settings.
[2021.06.04-00.18.31:381][  0]LogSlate:Warning: Failed to load font data from 'Veranda'
[2021.06.04-00.18.31:395][  0]LogUObjectGlobals:Warning: オブジェクト 'Class なし.' が見つかりませんでした
[2021.06.04-00.18.31:428][  0]LogLoad: Full Startup: 16.19 seconds (BP compile: 0.10 seconds)
[2021.06.04-00.18.31:479][  0]LogContentBrowser:Verbose: The content browser source was changed by the sources view to '/Game/Blueprints'
[2021.06.04-00.18.31:607][  0]LogRenderer:Warning: Reallocating scene render targets to support 32x32 (Frame:2).
[2021.06.04-00.18.31:723][  0]LogRenderer:Warning: Reallocating scene render targets to support 1200x576 (Frame:5).
[2021.06.04-00.18.31:926][  4]LogAssetRegistry: Asset discovery search completed in 3.6694 seconds
[2021.06.04-00.18.35:434][203]LogContentBrowser:Verbose: The content browser source was changed by the sources view to '/Game/Animations'
[2021.06.04-00.18.36:104][242]LogContentBrowser:Verbose: The content browser source was changed by the sources view to '/Game/Materials'
[2021.06.04-00.18.36:904][290]LogContentBrowser:Verbose: The content browser source was changed by the sources view to '/Game/Blueprints'
[2021.06.04-00.18.39:070][416]LogContentBrowser:Verbose: The content browser source was changed by the sources view to '/Game/Characters'
[2021.06.04-00.18.39:808][460]LogContentBrowser:Verbose: The content browser source was changed by the sources view to '/Game/AI'
[2021.06.04-00.18.40:427][496]LogContentBrowser:Verbose: The content browser source was changed by the sources view to '/Game/Animations'
[2021.06.04-00.18.41:359][551]LogContentBrowser:Verbose: The content browser source was changed by the sources view to '/Game/Architecture'
[2021.06.04-00.18.41:955][586]LogContentBrowser:Verbose: The content browser source was changed by the sources view to '/Game/Characters'
[2021.06.04-00.18.42:488][618]LogContentBrowser:Verbose: The content browser source was changed by the sources view to '/Game/Maps'
[2021.06.04-00.18.43:672][689]LogContentBrowser:Verbose: The content browser source was changed by the sources view to '/Game/Maps/Stage01'
[2021.06.04-00.18.44:898][757]Cmd: MAP LOAD FILE="../../../../../../Users/magi1/Documents/PaperNinja_FirstTime/PaperNinja/Content/Maps/Stage01/PNStage01_Top.umap" TEMPLATE=0 SHOWPROGRESS=1 FEATURELEVEL=3
[2021.06.04-00.18.44:898][757]LightingResults: New page: ライティングのビルド
[2021.06.04-00.18.44:926][757]LoadErrors: New page: マップをロード中: PNStage01_Top.umap
[2021.06.04-00.18.44:927][757]MapCheck: New page: マップをチェック
[2021.06.04-00.18.44:927][757]LightingResults: New page: <何も選択されていません>
[2021.06.04-00.18.44:933][757]LogParticles: Destroying 0 GPU particle simulations for FXSystem 0x000001FE32F947C0
[2021.06.04-00.18.47:676][757]LogEditorServer: Finished looking for orphan Actors (0.000 secs)
[2021.06.04-00.18.47:677][757]LogAIModule: Creating AISystem for world PNStage01_Top
[2021.06.04-00.18.47:717][757]Cmd: MAP CHECKDEP
[2021.06.04-00.18.47:717][757]MapCheck: New page: PNStage01_Top - 2021/06/04 18:18:47
[2021.06.04-00.18.47:864][757]MapCheck: 情報 マップチェックが完了: 0 エラー、 0 警告、完了に 146.646ミリ秒かかりました。
[2021.06.04-00.18.47:895][757]LogFileHelpers: Loading map 'PNStage01_Top' took 2.999
[2021.06.04-00.19.01:154][516]Cmd: QUIT_EDITOR
[2021.06.04-00.19.01:340][516]LogExit: Preparing to exit.
[2021.06.04-00.19.01:768][516]LogExit: Editor shut down
[2021.06.04-00.19.01:768][516]LogExit: Transaction tracking system shut down
[2021.06.04-00.19.01:769][516]LogParticles: Destroying 0 GPU particle simulations for FXSystem 0x000001FE43138B80
[2021.06.04-00.19.01:769][516]LogParticles: Destroying 0 GPU particle simulations for FXSystem 0x000001FE42DB4400
[2021.06.04-00.19.01:769][516]LogParticles: Destroying 0 GPU particle simulations for FXSystem 0x000001FE4350EDE0
[2021.06.04-00.19.01:769][516]LogParticles: Destroying 0 GPU particle simulations for FXSystem 0x000001FE32BA0900
[2021.06.04-00.19.01:813][516]LogExit: Object subsystem successfully closed.
[2021.06.04-00.19.01:878][516]LogModuleManager: Shutting down and abandoning module CrashTracker (178)
[2021.06.04-00.19.01:878][516]LogModuleManager: Shutting down and abandoning module SuperSearch (177)
[2021.06.04-00.19.01:878][516]LogModuleManager: Shutting down and abandoning module WorldBrowser (176)
[2021.06.04-00.19.01:878][516]LogModuleManager: Shutting down and abandoning module SceneOutliner (175)
[2021.06.04-00.19.01:879][516]LogModuleManager: Shutting down and abandoning module EditorWidgets (174)
[2021.06.04-00.19.01:879][516]LogModuleManager: Shutting down and abandoning module CollectionManager (173)
[2021.06.04-00.19.01:879][516]LogModuleManager: Shutting down and abandoning module StatsViewer (172)
[2021.06.04-00.19.01:879][516]LogModuleManager: Shutting down and abandoning module FoliageEdit (171)
[2021.06.04-00.19.01:879][516]LogModuleManager: Shutting down and abandoning module LandscapeEditor (170)
[2021.06.04-00.19.01:880][516]LogModuleManager: Shutting down and abandoning module MeshPaint (169)
[2021.06.04-00.19.01:880][516]LogModuleManager: Shutting down and abandoning module ActorPickerMode (168)
[2021.06.04-00.19.01:880][516]LogModuleManager: Shutting down and abandoning module GeometryMode (167)
[2021.06.04-00.19.01:880][516]LogModuleManager: Shutting down and abandoning module TextureAlignMode (166)
[2021.06.04-00.19.01:880][516]LogModuleManager: Shutting down and abandoning module BspMode (165)
[2021.06.04-00.19.01:880][516]LogModuleManager: Shutting down and abandoning module PlacementMode (164)
[2021.06.04-00.19.01:880][516]LogModuleManager: Shutting down and abandoning module AutomationWorker (163)
[2021.06.04-00.19.01:880][516]LogModuleManager: Shutting down and abandoning module CharacterAI (162)
[2021.06.04-00.19.01:880][516]LogModuleManager: Shutting down and abandoning module SmartSnapping (161)
[2021.06.04-00.19.01:880][516]LogModuleManager: Shutting down and abandoning module ViewportSnapping (160)
[2021.06.04-00.19.01:880][516]LogModuleManager: Shutting down and abandoning module LogVisualizer (159)
[2021.06.04-00.19.01:880][516]LogModuleManager: Shutting down and abandoning module GameProjectGeneration (158)
[2021.06.04-00.19.01:881][516]LogModuleManager: Shutting down and abandoning module IntroTutorials (157)
[2021.06.04-00.19.01:881][516]LogModuleManager: Shutting down and abandoning module EditorLiveStreaming (156)
[2021.06.04-00.19.01:881][516]LogModuleManager: Shutting down and abandoning module HardwareTargeting (155)
[2021.06.04-00.19.01:881][516]LogModuleManager: Shutting down and abandoning module DeviceProfileEditor (154)
[2021.06.04-00.19.01:881][516]LogModuleManager: Shutting down and abandoning module UndoHistory (153)
[2021.06.04-00.19.01:881][516]LogModuleManager: Shutting down and abandoning module GameplayTagsEditor (152)
[2021.06.04-00.19.01:881][516]LogModuleManager: Shutting down and abandoning module UserFeedback (151)
[2021.06.04-00.19.01:881][516]LogModuleManager: Shutting down and abandoning module XmlParser (150)
[2021.06.04-00.19.01:881][516]LogModuleManager: Shutting down and abandoning module Blutility (149)
[2021.06.04-00.19.01:881][516]LogModuleManager: Shutting down and abandoning module IOSPlatformEditor (148)
[2021.06.04-00.19.01:881][516]LogModuleManager: Shutting down and abandoning module IOSRuntimeSettings (147)
[2021.06.04-00.19.01:881][516]LogModuleManager: Shutting down and abandoning module AndroidDeviceDetection (146)
[2021.06.04-00.19.02:281][516]LogModuleManager: Shutting down and abandoning module AndroidPlatformEditor (145)
[2021.06.04-00.19.02:281][516]LogModuleManager: Shutting down and abandoning module AndroidRuntimeSettings (144)
[2021.06.04-00.19.02:281][516]LogModuleManager: Shutting down and abandoning module ProjectTargetPlatformEditor (143)
[2021.06.04-00.19.02:281][516]LogModuleManager: Shutting down and abandoning module ProjectSettingsViewer (142)
[2021.06.04-00.19.02:281][516]LogModuleManager: Shutting down and abandoning module InputBindingEditor (141)
[2021.06.04-00.19.02:281][516]LogModuleManager: Shutting down and abandoning module EditorSettingsViewer (140)
[2021.06.04-00.19.02:281][516]LogModuleManager: Shutting down and abandoning module SettingsEditor (139)
[2021.06.04-00.19.02:282][516]LogModuleManager: Shutting down and abandoning module ProjectLauncher (138)
[2021.06.04-00.19.02:282][516]LogModuleManager: Shutting down and abandoning module SessionFrontend (137)
[2021.06.04-00.19.02:282][516]LogModuleManager: Shutting down and abandoning module ProfilerClient (136)
[2021.06.04-00.19.02:282][516]LogModuleManager: Shutting down and abandoning module TargetDeviceServices (135)
[2021.06.04-00.19.02:282][516]LogModuleManager: Shutting down and abandoning module DeviceManager (134)
[2021.06.04-00.19.02:282][516]LogModuleManager: Shutting down and abandoning module AutomationController (133)
[2021.06.04-00.19.02:282][516]LogModuleManager: Shutting down and abandoning module AutomationWindow (132)
[2021.06.04-00.19.02:283][516]LogModuleManager: Shutting down and abandoning module Layers (131)
[2021.06.04-00.19.02:283][516]LogModuleManager: Shutting down and abandoning module ComponentVisualizers (130)
[2021.06.04-00.19.02:283][516]LogModuleManager: Shutting down and abandoning module DetailCustomizations (129)
[2021.06.04-00.19.02:283][516]LogModuleManager: Shutting down and abandoning module PackagesDialog (128)
[2021.06.04-00.19.02:283][516]LogModuleManager: Shutting down and abandoning module AssetRegistry (127)
[2021.06.04-00.19.02:342][516]LogModuleManager: Shutting down and abandoning module Persona (126)
[2021.06.04-00.19.02:343][516]LogModuleManager: Shutting down and abandoning module SlateReflector (125)
[2021.06.04-00.19.02:343][516]LogModuleManager: Shutting down and abandoning module LevelEditor (124)
[2021.06.04-00.19.02:343][516]LogModuleManager: Shutting down and abandoning module Kismet (123)
[2021.06.04-00.19.02:343][516]LogModuleManager: Shutting down and abandoning module GraphEditor (122)
[2021.06.04-00.19.02:345][516]LogModuleManager: Shutting down and abandoning module ClassViewer (121)
[2021.06.04-00.19.02:345][516]LogModuleManager: Shutting down and abandoning module Toolbox (120)
[2021.06.04-00.19.02:345][516]LogModuleManager: Shutting down and abandoning module ModuleUI (119)
[2021.06.04-00.19.02:346][516]LogModuleManager: Shutting down and abandoning module MovieSceneTools (118)
[2021.06.04-00.19.02:346][516]LogModuleManager: Shutting down and abandoning module OutputLog (117)
[2021.06.04-00.19.02:346][516]LogModuleManager: Shutting down and abandoning module GammaUI (116)
[2021.06.04-00.19.02:347][516]LogModuleManager: Shutting down and abandoning module Documentation (115)
[2021.06.04-00.19.02:347][516]LogModuleManager: Shutting down and abandoning module GameLiveStreaming (114)
[2021.06.04-00.19.02:347][516]LogModuleManager: Shutting down and abandoning module StreamingPauseRendering (113)
[2021.06.04-00.19.02:347][516]LogModuleManager: Shutting down and abandoning module HTTP (112)
[2021.06.04-00.19.02:347][516]LogModuleManager: Shutting down and abandoning module AnalyticsET (111)
[2021.06.04-00.19.02:347][516]LogModuleManager: Shutting down and abandoning module Analytics (110)
[2021.06.04-00.19.02:347][516]LogModuleManager: Shutting down and abandoning module AITestSuite (109)
[2021.06.04-00.19.02:347][516]LogModuleManager: Shutting down and abandoning module GameplayDebugger (108)
[2021.06.04-00.19.02:347][516]LogModuleManager: Shutting down and abandoning module AIModule (107)
[2021.06.04-00.19.02:347][516]LogModuleManager: Shutting down and abandoning module ProfilerService (106)
[2021.06.04-00.19.02:424][516]LogModuleManager: Shutting down and abandoning module TaskGraph (105)
[2021.06.04-00.19.02:425][516]LogModuleManager: Shutting down and abandoning module SlateRemote (104)
[2021.06.04-00.19.02:425][516]LogModuleManager: Shutting down and abandoning module ScriptEditorPlugin (103)
[2021.06.04-00.19.02:425][516]LogModuleManager: Shutting down and abandoning module CustomMeshComponent (102)
[2021.06.04-00.19.02:425][516]LogModuleManager: Shutting down and abandoning module CableComponent (101)
[2021.06.04-00.19.02:425][516]LogModuleManager: Shutting down and abandoning module MessagingDebugger (100)
[2021.06.04-00.19.02:426][516]LogModuleManager: Shutting down and abandoning module MediaPlayerEditor (99)
[2021.06.04-00.19.02:426][516]LogModuleManager: Shutting down and abandoning module SpeedTreeImporter (98)
[2021.06.04-00.19.02:426][516]LogModuleManager: Shutting down and abandoning module PluginsEditor (97)
[2021.06.04-00.19.02:426][516]LogModuleManager: Shutting down and abandoning module MainFrame (96)
[2021.06.04-00.19.02:427][516]LogModuleManager: Shutting down and abandoning module EpicSurvey (95)
[2021.06.04-00.19.02:427][516]LogModuleManager: Shutting down and abandoning module DesktopPlatform (94)
[2021.06.04-00.19.02:427][516]LogModuleManager: Shutting down and abandoning module DirectoryWatcher (93)
[2021.06.04-00.19.02:427][516]LogModuleManager: Shutting down and abandoning module HotReload (92)
[2021.06.04-00.19.02:427][516]LogModuleManager: Shutting down and abandoning module VisualStudioSourceCodeAccess (91)
[2021.06.04-00.19.02:427][516]LogModuleManager: Shutting down and abandoning module UObjectPlugin (90)
[2021.06.04-00.19.02:427][516]LogModuleManager: Shutting down and abandoning module SubversionSourceControl (89)
[2021.06.04-00.19.02:427][516]LogModuleManager: Shutting down and abandoning module PerforceSourceControl (88)
[2021.06.04-00.19.02:428][516]LogModuleManager: Shutting down and abandoning module SourceControl (87)
[2021.06.04-00.19.02:428][516]LogModuleManager: Shutting down and abandoning module GitSourceControl (86)
[2021.06.04-00.19.02:428][516]LogModuleManager: Shutting down and abandoning module BlankPlugin (85)
[2021.06.04-00.19.02:428][516]LogModuleManager: Shutting down and abandoning module PaperTiledImporter (84)
[2021.06.04-00.19.02:428][516]LogModuleManager: Shutting down and abandoning module PaperJsonImporter (83)
[2021.06.04-00.19.02:428][516]LogModuleManager: Shutting down and abandoning module ContentBrowser (82)
[2021.06.04-00.19.02:428][516]LogModuleManager: Shutting down and abandoning module Paper2DEditor (81)
[2021.06.04-00.19.02:428][516]LogModuleManager: Shutting down and abandoning module ScriptPlugin (80)
[2021.06.04-00.19.02:429][516]LogModuleManager: Shutting down and abandoning module UdpMessaging (79)
[2021.06.04-00.19.02:529][516]LogModuleManager: Shutting down and abandoning module Paper2D (78)
[2021.06.04-00.19.02:529][516]LogModuleManager: Shutting down and abandoning module WindowsMoviePlayer (77)
[2021.06.04-00.19.02:530][516]LogModuleManager: Shutting down and abandoning module Media (76)
[2021.06.04-00.19.02:530][516]LogModuleManager: Shutting down and abandoning module WmfMedia (75)
[2021.06.04-00.19.02:532][516]LogModuleManager: Shutting down and abandoning module OnlineBlueprintSupport (74)
[2021.06.04-00.19.02:532][516]LogModuleManager: Shutting down and abandoning module PropertyEditor (73)
[2021.06.04-00.19.02:532][516]LogModuleManager: Shutting down and abandoning module BehaviorTreeEditor (72)
[2021.06.04-00.19.02:533][516]LogModuleManager: Shutting down and abandoning module FunctionalTesting (71)
[2021.06.04-00.19.02:533][516]LogModuleManager: Shutting down and abandoning module CollisionAnalyzer (70)
[2021.06.04-00.19.02:533][516]LogModuleManager: Shutting down and abandoning module WorkspaceMenuStructure (69)
[2021.06.04-00.19.02:533][516]LogModuleManager: Shutting down and abandoning module MessageLog (68)
[2021.06.04-00.19.02:533][516]LogModuleManager: Shutting down and abandoning module Sequencer (67)
[2021.06.04-00.19.02:534][516]LogModuleManager: Shutting down and abandoning module AssetTools (66)
[2021.06.04-00.19.02:536][516]LogModuleManager: Shutting down and abandoning module UMGEditor (65)
[2021.06.04-00.19.02:537][516]LogModuleManager: Shutting down and abandoning module UMG (64)
[2021.06.04-00.19.02:537][516]LogModuleManager: Shutting down and abandoning module Slate (63)
[2021.06.04-00.19.02:537][516]LogModuleManager: Shutting down and abandoning module EditorStyle (62)
[2021.06.04-00.19.02:540][516]LogModuleManager: Shutting down and abandoning module SessionServices (61)
[2021.06.04-00.19.02:540][516]LogModuleManager: Shutting down and abandoning module SourceCodeAccess (60)
[2021.06.04-00.19.02:540][516]LogModuleManager: Shutting down and abandoning module HeadMountedDisplay (59)
[2021.06.04-00.19.02:540][516]LogModuleManager: Shutting down and abandoning module XAudio2 (58)
[2021.06.04-00.19.02:540][516]LogModuleManager: Shutting down and abandoning module Networking (56)
[2021.06.04-00.19.02:540][516]LogModuleManager: Shutting down and abandoning module Core (55)
[2021.06.04-00.19.02:540][516]LogModuleManager: Shutting down and abandoning module KismetCompiler (54)
[2021.06.04-00.19.02:540][516]LogModuleManager: Shutting down and abandoning module PhysXFormats (53)
[2021.06.04-00.19.02:540][516]LogModuleManager: Shutting down and abandoning module MeshUtilities (52)
[2021.06.04-00.19.02:541][516]LogModuleManager: Shutting down and abandoning module DerivedDataCache (51)
[2021.06.04-00.19.02:583][516]LogDerivedDataCache: Shutdown
[2021.06.04-00.19.02:583][516]LogModuleManager: Shutting down and abandoning module ShaderFormatOpenGL (50)
[2021.06.04-00.19.02:584][516]LogModuleManager: Shutting down and abandoning module ShaderFormatD3D (49)
[2021.06.04-00.19.02:584][516]LogModuleManager: Shutting down and abandoning module MetalShaderFormat (48)
[2021.06.04-00.19.02:584][516]LogModuleManager: Shutting down and abandoning module TextureFormatUncompressed (47)
[2021.06.04-00.19.02:584][516]LogModuleManager: Shutting down and abandoning module TextureFormatPVR (46)
[2021.06.04-00.19.02:584][516]LogModuleManager: Shutting down and abandoning module TextureFormatIntelISPCTexComp (45)
[2021.06.04-00.19.02:584][516]LogModuleManager: Shutting down and abandoning module TextureFormatDXT (44)
[2021.06.04-00.19.02:584][516]LogModuleManager: Shutting down and abandoning module ImageWrapper (43)
[2021.06.04-00.19.02:584][516]LogModuleManager: Shutting down and abandoning module TextureFormatASTC (42)
[2021.06.04-00.19.02:584][516]LogModuleManager: Shutting down and abandoning module TextureFormatAndroid (41)
[2021.06.04-00.19.02:584][516]LogModuleManager: Shutting down and abandoning module AudioFormatOpus (40)
[2021.06.04-00.19.02:584][516]LogModuleManager: Shutting down and abandoning module AudioFormatOgg (39)
[2021.06.04-00.19.02:584][516]LogModuleManager: Shutting down and abandoning module AudioFormatADPCM (38)
[2021.06.04-00.19.02:584][516]LogModuleManager: Shutting down and abandoning module LinuxTargetPlatform (37)
[2021.06.04-00.19.02:584][516]LogModuleManager: Shutting down and abandoning module LinuxServerTargetPlatform (36)
[2021.06.04-00.19.02:584][516]LogModuleManager: Shutting down and abandoning module LinuxNoEditorTargetPlatform (35)
[2021.06.04-00.19.02:584][516]LogModuleManager: Shutting down and abandoning module Messaging (34)
[2021.06.04-00.19.02:584][516]LogModuleManager: Shutting down and abandoning module IOSTargetPlatform (33)
[2021.06.04-00.19.02:584][516]LogModuleManager: Shutting down and abandoning module HTML5TargetPlatform (32)
[2021.06.04-00.19.02:584][516]LogModuleManager: Shutting down and abandoning module Android_PVRTCTargetPlatform (31)
[2021.06.04-00.19.02:584][516]LogModuleManager: Shutting down and abandoning module Android_ETC2TargetPlatform (30)
[2021.06.04-00.19.02:584][516]LogModuleManager: Shutting down and abandoning module Android_ETC1TargetPlatform (29)
[2021.06.04-00.19.02:584][516]LogModuleManager: Shutting down and abandoning module Android_ES31TargetPlatform (28)
[2021.06.04-00.19.02:584][516]LogModuleManager: Shutting down and abandoning module Android_DXTTargetPlatform (27)
[2021.06.04-00.19.02:584][516]LogModuleManager: Shutting down and abandoning module Android_ATCTargetPlatform (26)
[2021.06.04-00.19.02:584][516]LogModuleManager: Shutting down and abandoning module AndroidTargetPlatform (25)
[2021.06.04-00.19.02:584][516]LogModuleManager: Shutting down and abandoning module WindowsTargetPlatform (24)
[2021.06.04-00.19.02:584][516]LogModuleManager: Shutting down and abandoning module WindowsServerTargetPlatform (23)
[2021.06.04-00.19.02:584][516]LogModuleManager: Shutting down and abandoning module WindowsNoEditorTargetPlatform (22)
[2021.06.04-00.19.02:584][516]LogModuleManager: Shutting down and abandoning module WindowsClientTargetPlatform (21)
[2021.06.04-00.19.02:584][516]LogModuleManager: Shutting down and abandoning module TargetPlatform (20)
[2021.06.04-00.19.02:584][516]LogModuleManager: Shutting down and abandoning module InputCore (19)
[2021.06.04-00.19.02:584][516]LogModuleManager: Shutting down and abandoning module Settings (18)
[2021.06.04-00.19.02:584][516]LogModuleManager: Shutting down and abandoning module OnlineSubsystem (16)
[2021.06.04-00.19.02:584][516]LogModuleManager: Shutting down and abandoning module OculusRift (15)
[2021.06.04-00.19.02:584][516]LogModuleManager: Shutting down and abandoning module ExampleDeviceProfileSelector (14)
[2021.06.04-00.19.02:584][516]LogModuleManager: Shutting down and abandoning module TextureCompressor (13)
[2021.06.04-00.19.02:585][516]LogModuleManager: Shutting down and abandoning module ShaderCore (12)
[2021.06.04-00.19.02:585][516]LogModuleManager: Shutting down and abandoning module Landscape (11)
[2021.06.04-00.19.02:585][516]LogModuleManager: Shutting down and abandoning module SlateRHIRenderer (10)
[2021.06.04-00.19.02:585][516]LogModuleManager: Shutting down and abandoning module OpenGLDrv (9)
[2021.06.04-00.19.02:586][516]LogModuleManager: Shutting down and abandoning module D3D11RHI (8)
[2021.06.04-00.19.02:586][516]LogModuleManager: Shutting down and abandoning module Renderer (7)
[2021.06.04-00.19.02:586][516]LogModuleManager: Shutting down and abandoning module Engine (6)
[2021.06.04-00.19.02:586][516]LogModuleManager: Shutting down and abandoning module CoreUObject (5)
[2021.06.04-00.19.02:586][516]LogModuleManager: Shutting down and abandoning module NetworkFile (4)
[2021.06.04-00.19.02:586][516]LogModuleManager: Shutting down and abandoning module StreamingFile (3)
[2021.06.04-00.19.02:587][516]LogModuleManager: Shutting down and abandoning module SandboxFile (2)
[2021.06.04-00.19.02:587][516]LogModuleManager: Shutting down and abandoning module PakFile (1)
[2021.06.04-00.19.02:588][516]LogExit: Exiting.
[2021.06.04-00.19.02:591][516]Log file closed, 06/04/21 09:19:02
