Log file open, 06/03/21 19:53:43
LogInit:Display: Running engine for game: PaperNinja
LogInit: Version: 4.7.6-2513093+++depot+UE4-Releases+4.7
LogInit: API Version: 2455222
LogInit: Compiled (64-bit): Apr 15 2015 12:09:54
LogInit: Compiled with Visual C++: 18.00.21005.01
LogInit: Build Configuration: Development
LogInit: Branch Name: ++depot+UE4-Releases+4.7
LogInit: Command line:  
LogInit: Base directory: C:/Program Files/Epic Games/UE_4.7/Engine/Binaries/Win64/
LogInit: Rocket: 1
[2021.06.03-10.53.43:082][  0]LogTaskGraph: Started task graph with 3 named threads and 8 total threads.
[2021.06.03-10.53.43:160][  0]LogOnline:Warning: No default platform service specified for OnlineSubsystem
[2021.06.03-10.53.43:194][  0]LogInit: Presizing for 0 objects not considered by GC, pre-allocating 0 bytes.
[2021.06.03-10.53.43:214][  0]LogInit: Object subsystem initialized
[2021.06.03-10.53.43:231][  0]LogConsoleResponse:Warning: Skipping Unknown console variable: 'TranslucentSortAxis = (X=0.000000,Y=-1.000000,Z=0.000000)'
[2021.06.03-10.53.43:231][  0]LogConsoleResponse:Warning:   Found in ini file 'C:/Users/magi1/Documents/PaperNinja_FirstTime/PaperNinja/Saved/Config/Windows/Engine.ini', in section '[/Script/Engine.RendererSettings]'
[2021.06.03-10.53.43:231][  0]LogConsoleResponse:Warning: Skipping Unknown console variable: 'UIScaleRule = ShortestSide'
[2021.06.03-10.53.43:231][  0]LogConsoleResponse:Warning:   Found in ini file 'C:/Users/magi1/Documents/PaperNinja_FirstTime/PaperNinja/Saved/Config/Windows/Engine.ini', in section '[/Script/Engine.RendererSettings]'
[2021.06.03-10.53.43:231][  0]LogConsoleResponse:Warning: Skipping Unknown console variable: 'UIScaleCurve = (EditorCurveData=(Keys=),ExternalCurve=None)'
[2021.06.03-10.53.43:231][  0]LogConsoleResponse:Warning:   Found in ini file 'C:/Users/magi1/Documents/PaperNinja_FirstTime/PaperNinja/Saved/Config/Windows/Engine.ini', in section '[/Script/Engine.RendererSettings]'
[2021.06.03-10.53.43:240][  0]LogInit: Selected Device Profile: [Windows]
[2021.06.03-10.53.43:240][  0]LogInit: Applying CVar settings loaded from the selected device profile: [Windows]
[2021.06.03-10.53.43:252][  0]LogInit: Computer: DESKTOP-QG331CQ
[2021.06.03-10.53.43:252][  0]LogInit: User: magi1
[2021.06.03-10.53.43:252][  0]LogInit: CPU Page size=4096, Cores=6
[2021.06.03-10.53.43:252][  0]LogInit: High frequency timer resolution =10.000000 MHz
[2021.06.03-10.53.43:252][  0]LogMemory: Memory total: Physical=15.9GB (16GB approx) Virtual=131072.0GB
[2021.06.03-10.53.43:253][  0]LogMemory: Platform Memory Stats for Windows
[2021.06.03-10.53.43:253][  0]LogMemory: Process Physical Memory: 50.82 MB used, 50.83 MB peak
[2021.06.03-10.53.43:253][  0]LogMemory: Process Virtual Memory: 26.78 MB used, 26.78 MB peak
[2021.06.03-10.53.43:253][  0]LogMemory: Physical Memory: 6900.14 MB used, 16239.85 MB total
[2021.06.03-10.53.43:253][  0]LogMemory: Virtual Memory: 4433.50 MB used, 134217728.00 MB total
[2021.06.03-10.53.43:437][  0]LogD3D11RHI: Found D3D11 adapter 0: NVIDIA GeForce RTX 2080 (Feature Level 11_0)
[2021.06.03-10.53.43:437][  0]LogD3D11RHI: Adapter has 8010MB of dedicated video memory, 0MB of dedicated system memory, and 8119MB of shared system memory, 2 output[s]
[2021.06.03-10.53.43:480][  0]LogD3D11RHI: Found D3D11 adapter 1: Intel(R) UHD Graphics 630 (Feature Level 11_0)
[2021.06.03-10.53.43:480][  0]LogD3D11RHI: Adapter has 128MB of dedicated video memory, 0MB of dedicated system memory, and 8119MB of shared system memory, 0 output[s]
[2021.06.03-10.53.43:484][  0]LogD3D11RHI: Found D3D11 adapter 2: Microsoft Basic Render Driver (Feature Level 11_0)
[2021.06.03-10.53.43:484][  0]LogD3D11RHI: Adapter has 0MB of dedicated video memory, 0MB of dedicated system memory, and 8119MB of shared system memory, 0 output[s]
[2021.06.03-10.53.43:484][  0]LogD3D11RHI: Chosen D3D11 Adapter Id = 0
[2021.06.03-10.53.43:491][  0]LogRHI: Texture pool is 1361 MB (70% of 1945 MB)
[2021.06.03-10.53.43:580][  0]LogD3D11RHI: Async texture creation enabled
[2021.06.03-10.53.43:889][  0]LogTextLocalizationManager: The requested culture ('ja_JP') has no localization data; parent culture's ('ja') localization data will be used.
[2021.06.03-10.53.43:938][  0]LogTextLocalizationManager:Warning: Loading localization resources contain conflicting entries for (Namespace:UICommands, Key:Save_ToolTip):
Resource: (C:/Program Files/Epic Games/UE_4.7/Engine/Content/Localization/Editor/ja/Editor.locres) Hash: (-29098895) String: (現行レベルをディスクに保存)
Resource: (C:/Program Files/Epic Games/UE_4.7/Engine/Content/Localization/Engine/ja/Engine.locres) Hash: (-1280300587) String: (選択データをvlogファイルに保存)
[2021.06.03-10.53.43:938][  0]LogTextLocalizationManager:Warning: Loading localization resources contain conflicting entries for (Namespace:ContentBrowser, Key:ImportAssetToolTip):
Resource: (C:/Program Files/Epic Games/UE_4.7/Engine/Content/Localization/Editor/ja/Editor.locres) Hash: (-630476809) String: ({0} にインポート...)
Resource: (C:/Program Files/Epic Games/UE_4.7/Engine/Content/Localization/Editor/ja/Editor.locres) Hash: (1271782899) String: (このフォルダへファイルからアセットをインポート)
[2021.06.03-10.53.43:997][  0]LogContentStreaming: Texture pool size is 0.000000MB
[2021.06.03-10.53.46:091][  0]LogTargetPlatformManager:Display: Building Assets For Windows
[2021.06.03-10.53.46:590][  0]LogTargetPlatformManager:Display: Building Assets For Windows
[2021.06.03-10.53.46:660][  0]LogDerivedDataCache:Display: Max Cache Size: 512 MB
[2021.06.03-10.53.46:711][  0]LogDerivedDataCache: Loaded boot cache 0.05s 39MB C:/Users/magi1/AppData/Local/UnrealEngine/4.7/DerivedDataCache/Boot.ddc.
[2021.06.03-10.53.46:711][  0]LogDerivedDataCache:Display: Loaded Boot cache: C:/Users/magi1/AppData/Local/UnrealEngine/4.7/DerivedDataCache/Boot.ddc
[2021.06.03-10.53.46:711][  0]LogDerivedDataCache: FDerivedDataBackendGraph:  Pak pak cache file ../../../../../../Users/magi1/Documents/PaperNinja_FirstTime/PaperNinja/DerivedDataCache/DDC.ddp not found, will not use a pak cache.
[2021.06.03-10.53.46:711][  0]LogDerivedDataCache: Unable to find inner node Pak for hierarchical cache Hierarchy.
[2021.06.03-10.53.46:809][  0]LogDerivedDataCache:Display: Pak cache opened for reading ../../../Engine/DerivedDataCache/Compressed.ddp.
[2021.06.03-10.53.46:821][  0]LogDerivedDataCache: Using Local data cache path C:/Users/magi1/AppData/Local/UnrealEngine/Common/DerivedDataCache: Writable
[2021.06.03-10.53.47:558][  0]LogMeshUtilities: No automatic mesh reduction module available
[2021.06.03-10.53.47:558][  0]LogMeshUtilities: No automatic mesh merging module available
[2021.06.03-10.53.48:065][  0]LogInit: WinSock: version 1.1 (2.2), MaxSocks=32767, MaxUdp=65467
[2021.06.03-10.53.48:171][  0]LogSlate:Warning: Failed to load font data from '../../../Engine/Content/Slate/Fonts/Roboto-Italic.ttf'
[2021.06.03-10.53.49:524][  0]UdpMessaging: Initializing bridge on interface 0.0.0.0:0 to multicast group 230.0.0.1:6666.
[2021.06.03-10.53.49:860][  0]SourceControl: 情報 ソースコントロールは無効です
[2021.06.03-10.53.49:860][  0]SourceControl: 情報 ソースコントロールは無効です
[2021.06.03-10.53.49:860][  0]SourceControl: 情報 ソースコントロールは無効です
[2021.06.03-10.53.49:860][  0]LogSourceControl: RunCommandInternalRaw: 'git version'
[2021.06.03-10.53.49:860][  0]LogSourceControl: RunCommandInternalRaw: ExecProcess ReturnCode=2 OutResults=''
[2021.06.03-10.53.49:870][  0]SourceControl: 情報 ソースコントロールは無効です
[2021.06.03-10.53.50:148][  0]LogObj: 24232 objects as part of root set at end of initial load.
[2021.06.03-10.53.50:148][  0]LogUObjectAllocator: 5137176 out of 0 bytes used by permanent object pool.
[2021.06.03-10.53.50:282][  0]LogEngine: Initializing Engine...
[2021.06.03-10.53.52:480][  0]LogInit: XAudio2 using 'スピーカー (Realtek(R) Audio)' : 2 channels at 48 kHz using 32 bits per sample (channel mask 0x3)
[2021.06.03-10.53.52:536][  0]LogInit: FAudioDevice initialized.
[2021.06.03-10.53.52:628][  0]LogAIModule: Creating AISystem for world NewWorld
[2021.06.03-10.53.52:650][  0]LogDerivedDataCache: Saved boot cache 0.02s 39MB C:/Users/magi1/AppData/Local/UnrealEngine/4.7/DerivedDataCache/Boot.ddc.
[2021.06.03-10.53.52:652][  0]LogInit: Texture streaming: Enabled
[2021.06.03-10.53.52:761][  0]LogAnalytics: Creating configured Analytics provider AnalyticsET
[2021.06.03-10.53.52:761][  0]LogAnalytics: ET APIKey = Rocket.Release. APIServer = http://et2.epicgames.com/ET2/. AppVersion = 4.7.6-2513093+++depot+UE4-Releases+4.7
[2021.06.03-10.53.52:761][  0]LogAnalytics: ET APIKey = Rocket.Release. DataRouterUploadURL = https://datarouter-public-service-gamedev.ol.epicgames.net/datarouter/api/v1/public/data. AppVersion = 4.7.6-2513093+++depot+UE4-Releases+4.7
[2021.06.03-10.53.52:761][  0]LogAnalytics: SetUserId 144e59504b07e7078f7f9fbff0f199ea|e89bcdc3dddd40638ff112a71cef8e67|badf8662-73b2-480e-8b08-9b9fdfc993be
[2021.06.03-10.53.52:761][  0]LogAnalytics: AnalyticsET::StartSession [Rocket.Release]
[2021.06.03-10.53.52:827][  0]LogInit: Transaction tracking system initialized
[2021.06.03-10.53.53:112][  0]BlueprintLog: New page: エディタの読み込み
[2021.06.03-10.53.53:161][  0]LogAssetRegistry: FAssetRegistry took 0.0127 seconds to start up
[2021.06.03-10.53.53:161][  0]LogDirectoryWatcher:Warning: Failed to begin reading directory changes for ../../../Engine/Plugins/Experimental/CharacterAI/Content/. Error: 0
[2021.06.03-10.53.53:756][  0]LogTargetPlatformManager:Display: Building Assets For Windows
[2021.06.03-10.53.54:070][  0]LogTargetPlatformManager:Display: Building Assets For Windows
[2021.06.03-10.53.54:453][  0]LogSlate:Warning: Failed to load font data from '../../../Engine/Content/Editor/Slate/Fonts/Roboto-Regular.ttf'
[2021.06.03-10.53.54:454][  0]LogSlate:Warning: Failed to load font data from '../../../Engine/Content/Editor/Slate/Fonts/Roboto-Bold.ttf'
[2021.06.03-10.53.54:461][  0]LogConsoleResponse:Display: 
[2021.06.03-10.53.54:617][  0]LogCook:Display: Done creating registry. It took  0.00s.
[2021.06.03-10.53.54:848][  0]SourceControl: 情報 ソースコントロールは無効です
[2021.06.03-10.53.54:850][  0]Cmd: MAP LOAD FILE="../../../../../../Users/magi1/Documents/PaperNinja_FirstTime/PaperNinja/Content/StarterContent/Maps/Minimal_Default.umap" TEMPLATE=0 SHOWPROGRESS=1 FEATURELEVEL=3
[2021.06.03-10.53.54:853][  0]LightingResults: New page: ライティングのビルド
[2021.06.03-10.53.54:874][  0]MapCheck: New page: マップをチェック
[2021.06.03-10.53.54:874][  0]LightingResults: New page: <何も選択されていません>
[2021.06.03-10.53.54:885][  0]LogParticles: Destroying 0 GPU particle simulations for FXSystem 0x0000019B27F3CEA0
[2021.06.03-10.53.55:674][  0]LogEditorServer: Finished looking for orphan Actors (0.000 secs)
[2021.06.03-10.53.55:683][  0]LogAIModule: Creating AISystem for world Minimal_Default
[2021.06.03-10.53.55:685][  0]Cmd: MAP CHECKDEP
[2021.06.03-10.53.55:685][  0]MapCheck: New page: Minimal_Default - 2021/06/04 4:53:55
[2021.06.03-10.53.55:788][  0]MapCheck: 情報 マップチェックが完了: 0 エラー、 0 警告、完了に 103.799ミリ秒かかりました。
[2021.06.03-10.53.55:789][  0]LogFileHelpers: Loading map 'Minimal_Default' took 0.940
[2021.06.03-10.53.55:982][  0]LogCollectionManager: Loaded 0 collections in 0.001925 seconds
[2021.06.03-10.53.55:991][  0]LogContentBrowser: Native class hierarchy populated in 0.0088 seconds. Added 1696 classes and 261 folders.
[2021.06.03-10.53.56:050][  0]LogContentBrowser: Native class hierarchy updated for 'SceneOutliner' in 0.0025 seconds. Added 1 classes and 2 folders.
[2021.06.03-10.53.56:094][  0]LogContentBrowser: Native class hierarchy updated for 'WorldBrowser' in 0.0026 seconds. Added 1 classes and 3 folders.
[2021.06.03-10.53.56:259][  0]LogCrashTracker: Crashtracker disabled due to settings.
[2021.06.03-10.53.56:264][  0]LogSlate:Warning: Failed to load font data from 'Veranda'
[2021.06.03-10.53.56:275][  0]LogUObjectGlobals:Warning: オブジェクト 'Class なし.' が見つかりませんでした
[2021.06.03-10.53.56:311][  0]LogLoad: Full Startup: 16.25 seconds (BP compile: 0.10 seconds)
[2021.06.03-10.53.56:720][  0]LogContentBrowser:Verbose: The content browser source was changed by the sources view to '/Game/Blueprints'
[2021.06.03-10.53.56:841][  0]LogRenderer:Warning: Reallocating scene render targets to support 32x32 (Frame:2).
[2021.06.03-10.53.56:960][  0]LogRenderer:Warning: Reallocating scene render targets to support 1200x576 (Frame:4).
[2021.06.03-10.53.58:018][  4]LogAssetRegistry: Asset discovery search completed in 4.8693 seconds
[2021.06.03-10.54.14:566][157]LogContentBrowser:Verbose: The content browser source was changed by the sources view to '/Game/Maps'
[2021.06.03-10.54.15:167][193]LogContentBrowser:Verbose: The content browser source was changed by the sources view to '/Game/Architecture'
[2021.06.03-10.54.16:278][259]LogContentBrowser:Verbose: The content browser source was changed by the sources view to '/Game/Maps'
[2021.06.03-10.54.17:111][309]LogContentBrowser:Verbose: The content browser source was changed by the sources view to '/Game/Maps/Stage01'
[2021.06.03-10.54.17:961][355]Cmd: MAP LOAD FILE="../../../../../../Users/magi1/Documents/PaperNinja_FirstTime/PaperNinja/Content/Maps/Stage01/PNStage01_Top.umap" TEMPLATE=0 SHOWPROGRESS=1 FEATURELEVEL=3
[2021.06.03-10.54.17:961][355]LightingResults: New page: ライティングのビルド
[2021.06.03-10.54.17:986][355]LoadErrors: New page: マップをロード中: PNStage01_Top.umap
[2021.06.03-10.54.17:988][355]MapCheck: New page: マップをチェック
[2021.06.03-10.54.17:988][355]LightingResults: New page: <何も選択されていません>
[2021.06.03-10.54.17:994][355]LogParticles: Destroying 0 GPU particle simulations for FXSystem 0x0000019B234247C0
[2021.06.03-10.54.20:739][355]LogEditorServer: Finished looking for orphan Actors (0.000 secs)
[2021.06.03-10.54.20:741][355]LogAIModule: Creating AISystem for world PNStage01_Top
[2021.06.03-10.54.20:781][355]Cmd: MAP CHECKDEP
[2021.06.03-10.54.20:781][355]MapCheck: New page: PNStage01_Top - 2021/06/04 4:54:20
[2021.06.03-10.54.20:925][355]MapCheck: 情報 マップチェックが完了: 0 エラー、 0 警告、完了に 144.022ミリ秒かかりました。
[2021.06.03-10.54.20:927][355]LogFileHelpers: Loading map 'PNStage01_Top' took 2.967
[2021.06.03-10.56.30:584][138]LogSavePackage: Save=6.207500ms
[2021.06.03-10.56.30:584][138]LogSavePackage: Moving '../../../../../../Users/magi1/Documents/PaperNinja_FirstTime/PaperNinja/Saved/PNStage01_LightB795BF7F40DC02131459C0A6D5EAAD60.tmp' to '../../../../../../Users/magi1/Documents/PaperNinja_FirstTime/PaperNinja/Content/Maps/Test/PNStage01_Light.umap'
[2021.06.03-10.56.30:592][138]LogFileHelpers: Saving map 'PNStage01_Light' took 0.569
[2021.06.03-10.56.30:659][139]LogScript:Warning: Accessed None 'CallFunc_TryGetPawnOwner_ReturnValue'
	PNAnimBP_Rabbit_C /Engine/Transient.CharacterMesh0:PNAnimBP_Rabbit_C_1
	Function /Game/Animations/PNAnimBP_Rabbit.PNAnimBP_Rabbit_C:ExecuteUbergraph_PNAnimBP_Rabbit:0291
[2021.06.03-10.56.30:659][139]LogScript:Warning: Accessed None 'K2Node_DynamicCast_AsPNPawn_Rabbit'
	PNAnimBP_Rabbit_C /Engine/Transient.CharacterMesh0:PNAnimBP_Rabbit_C_1
	Function /Game/Animations/PNAnimBP_Rabbit.PNAnimBP_Rabbit_C:ExecuteUbergraph_PNAnimBP_Rabbit:0353
[2021.06.03-10.56.30:659][139]LogScript:Warning: Accessed None 'CallFunc_TryGetPawnOwner_ReturnValue'
	PNAnimBP_Rabbit_C /Engine/Transient.CharacterMesh0:PNAnimBP_Rabbit_C_1
	Function /Game/Animations/PNAnimBP_Rabbit.PNAnimBP_Rabbit_C:ExecuteUbergraph_PNAnimBP_Rabbit:0291
[2021.06.03-10.56.30:659][139]LogScript:Warning: Accessed None 'K2Node_DynamicCast_AsPNPawn_Rabbit'
	PNAnimBP_Rabbit_C /Engine/Transient.CharacterMesh0:PNAnimBP_Rabbit_C_1
	Function /Game/Animations/PNAnimBP_Rabbit.PNAnimBP_Rabbit_C:ExecuteUbergraph_PNAnimBP_Rabbit:0353
[2021.06.03-10.56.30:660][139]LogScript:Warning: Accessed None 'CallFunc_TryGetPawnOwner_ReturnValue'
	PNAnimBP_Rabbit_C /Engine/Transient.World_3:PersistentLevel.SkeletalMeshActor_0.SkeletalMeshComponent0.PNAnimBP_Rabbit_C_2
	Function /Game/Animations/PNAnimBP_Rabbit.PNAnimBP_Rabbit_C:ExecuteUbergraph_PNAnimBP_Rabbit:0291
[2021.06.03-10.56.30:661][139]LogScript:Warning: Accessed None 'K2Node_DynamicCast_AsPNPawn_Rabbit'
	PNAnimBP_Rabbit_C /Engine/Transient.World_3:PersistentLevel.SkeletalMeshActor_0.SkeletalMeshComponent0.PNAnimBP_Rabbit_C_2
	Function /Game/Animations/PNAnimBP_Rabbit.PNAnimBP_Rabbit_C:ExecuteUbergraph_PNAnimBP_Rabbit:0353
[2021.06.03-10.57.16:766][417]LogActorComponent: UnregisterComponent: (/Engine/Transient.CharMoveComp) Not registered. Aborting.
[2021.06.03-10.57.16:782][417]LogSavePackage: Save=5.978600ms
[2021.06.03-10.57.16:782][417]LogSavePackage: Moving '../../../../../../Users/magi1/Documents/PaperNinja_FirstTime/PaperNinja/Saved/PNStage01_BG53D9E18949721D8976E1FD8ACB40AC23.tmp' to '../../../../../../Users/magi1/Documents/PaperNinja_FirstTime/PaperNinja/Content/Maps/Stage01/PNStage01_BG.umap'
[2021.06.03-10.57.16:790][417]LogFileHelpers: Saving map 'PNStage01_BG' took 0.228
[2021.06.03-10.57.16:845][417]LogScript:Warning: Accessed None 'CallFunc_TryGetPawnOwner_ReturnValue'
	PNAnimBP_Rabbit_C /Engine/Transient.CharacterMesh0:PNAnimBP_Rabbit_C_3
	Function /Game/Animations/PNAnimBP_Rabbit.PNAnimBP_Rabbit_C:ExecuteUbergraph_PNAnimBP_Rabbit:0291
[2021.06.03-10.57.16:845][417]LogScript:Warning: Accessed None 'K2Node_DynamicCast_AsPNPawn_Rabbit'
	PNAnimBP_Rabbit_C /Engine/Transient.CharacterMesh0:PNAnimBP_Rabbit_C_3
	Function /Game/Animations/PNAnimBP_Rabbit.PNAnimBP_Rabbit_C:ExecuteUbergraph_PNAnimBP_Rabbit:0353
[2021.06.03-10.57.16:845][417]LogScript:Warning: Accessed None 'CallFunc_TryGetPawnOwner_ReturnValue'
	PNAnimBP_Rabbit_C /Engine/Transient.CharacterMesh0:PNAnimBP_Rabbit_C_3
	Function /Game/Animations/PNAnimBP_Rabbit.PNAnimBP_Rabbit_C:ExecuteUbergraph_PNAnimBP_Rabbit:0291
[2021.06.03-10.57.16:845][417]LogScript:Warning: Accessed None 'K2Node_DynamicCast_AsPNPawn_Rabbit'
	PNAnimBP_Rabbit_C /Engine/Transient.CharacterMesh0:PNAnimBP_Rabbit_C_3
	Function /Game/Animations/PNAnimBP_Rabbit.PNAnimBP_Rabbit_C:ExecuteUbergraph_PNAnimBP_Rabbit:0353
[2021.06.03-10.57.16:847][417]LogScript:Warning: Accessed None 'CallFunc_TryGetPawnOwner_ReturnValue'
	PNAnimBP_Rabbit_C /Engine/Transient.World_3:PersistentLevel.SkeletalMeshActor_0.SkeletalMeshComponent0.PNAnimBP_Rabbit_C_4
	Function /Game/Animations/PNAnimBP_Rabbit.PNAnimBP_Rabbit_C:ExecuteUbergraph_PNAnimBP_Rabbit:0291
[2021.06.03-10.57.16:847][417]LogScript:Warning: Accessed None 'K2Node_DynamicCast_AsPNPawn_Rabbit'
	PNAnimBP_Rabbit_C /Engine/Transient.World_3:PersistentLevel.SkeletalMeshActor_0.SkeletalMeshComponent0.PNAnimBP_Rabbit_C_4
	Function /Game/Animations/PNAnimBP_Rabbit.PNAnimBP_Rabbit_C:ExecuteUbergraph_PNAnimBP_Rabbit:0353
[2021.06.03-10.57.17:967][485]LogContentBrowser:Verbose: The content browser source was changed by the sources view to '/Game/Maps/Test'
[2021.06.03-10.57.21:673][684]LogActorComponent: UnregisterComponent: (/Engine/Transient.CharMoveComp) Not registered. Aborting.
[2021.06.03-10.57.21:687][684]LogSavePackage: Save=6.148700ms
[2021.06.03-10.57.21:687][684]LogSavePackage: Moving '../../../../../../Users/magi1/Documents/PaperNinja_FirstTime/PaperNinja/Saved/PNStage01_Light233F1AB44E20017D07E975BF655683B9.tmp' to '../../../../../../Users/magi1/Documents/PaperNinja_FirstTime/PaperNinja/Content/Maps/Stage01/PNStage01_Light.umap'
[2021.06.03-10.57.21:691][684]LogFileHelpers: Saving map 'PNStage01_Light' took 0.163
[2021.06.03-10.57.21:837][684]LogScript:Warning: Accessed None 'CallFunc_TryGetPawnOwner_ReturnValue'
	PNAnimBP_Rabbit_C /Engine/Transient.CharacterMesh0:PNAnimBP_Rabbit_C_5
	Function /Game/Animations/PNAnimBP_Rabbit.PNAnimBP_Rabbit_C:ExecuteUbergraph_PNAnimBP_Rabbit:0291
[2021.06.03-10.57.21:837][684]LogScript:Warning: Accessed None 'K2Node_DynamicCast_AsPNPawn_Rabbit'
	PNAnimBP_Rabbit_C /Engine/Transient.CharacterMesh0:PNAnimBP_Rabbit_C_5
	Function /Game/Animations/PNAnimBP_Rabbit.PNAnimBP_Rabbit_C:ExecuteUbergraph_PNAnimBP_Rabbit:0353
[2021.06.03-10.57.21:837][684]LogScript:Warning: Accessed None 'CallFunc_TryGetPawnOwner_ReturnValue'
	PNAnimBP_Rabbit_C /Engine/Transient.CharacterMesh0:PNAnimBP_Rabbit_C_5
	Function /Game/Animations/PNAnimBP_Rabbit.PNAnimBP_Rabbit_C:ExecuteUbergraph_PNAnimBP_Rabbit:0291
[2021.06.03-10.57.21:837][684]LogScript:Warning: Accessed None 'K2Node_DynamicCast_AsPNPawn_Rabbit'
	PNAnimBP_Rabbit_C /Engine/Transient.CharacterMesh0:PNAnimBP_Rabbit_C_5
	Function /Game/Animations/PNAnimBP_Rabbit.PNAnimBP_Rabbit_C:ExecuteUbergraph_PNAnimBP_Rabbit:0353
[2021.06.03-10.57.21:837][684]LogScript:Warning: Accessed None 'CallFunc_TryGetPawnOwner_ReturnValue'
	PNAnimBP_Rabbit_C /Engine/Transient.World_3:PersistentLevel.SkeletalMeshActor_0.SkeletalMeshComponent0.PNAnimBP_Rabbit_C_6
	Function /Game/Animations/PNAnimBP_Rabbit.PNAnimBP_Rabbit_C:ExecuteUbergraph_PNAnimBP_Rabbit:0291
[2021.06.03-10.57.21:838][684]LogScript:Warning: Accessed None 'K2Node_DynamicCast_AsPNPawn_Rabbit'
	PNAnimBP_Rabbit_C /Engine/Transient.World_3:PersistentLevel.SkeletalMeshActor_0.SkeletalMeshComponent0.PNAnimBP_Rabbit_C_6
	Function /Game/Animations/PNAnimBP_Rabbit.PNAnimBP_Rabbit_C:ExecuteUbergraph_PNAnimBP_Rabbit:0353
[2021.06.03-10.57.22:659][731]LogContentBrowser:Verbose: The content browser source was changed by the sources view to '/Game/Maps/Stage01'
[2021.06.03-10.57.24:275][828]LogActorComponent: UnregisterComponent: (/Engine/Transient.CharMoveComp) Not registered. Aborting.
[2021.06.03-10.57.26:051][828]LogSavePackage: Save=17.510300ms
[2021.06.03-10.57.26:051][828]LogSavePackage: Moving '../../../../../../Users/magi1/Documents/PaperNinja_FirstTime/PaperNinja/Saved/PNStage01_Top8F8673DB44C046F4304906861957AD31.tmp' to '../../../../../../Users/magi1/Documents/PaperNinja_FirstTime/PaperNinja/Content/Maps/Stage01/PNStage01_Top.umap'
[2021.06.03-10.57.26:089][828]LogFileHelpers: Saving map 'PNStage01_Top' took 0.316
[2021.06.03-10.57.57:179][140]LogSavePackage: Save=9.222400ms
[2021.06.03-10.57.57:179][140]LogSavePackage: Moving '../../../../../../Users/magi1/Documents/PaperNinja_FirstTime/PaperNinja/Saved/PNStage01_LightD42113964F9D117E3838B39F1DFC636A.tmp' to '../../../../../../Users/magi1/Documents/PaperNinja_FirstTime/PaperNinja/Content/Maps/Stage01/PNStage01_Light.umap'
[2021.06.03-10.57.57:318][140]LogSavePackage: Save=7.002900ms
[2021.06.03-10.57.57:318][140]LogSavePackage: Moving '../../../../../../Users/magi1/Documents/PaperNinja_FirstTime/PaperNinja/Saved/PNStage01_BG14C883F441E4B669E359C59C83D05FC7.tmp' to '../../../../../../Users/magi1/Documents/PaperNinja_FirstTime/PaperNinja/Content/Maps/Stage01/PNStage01_BG.umap'
[2021.06.03-10.57.57:326][140]LogStreaming:Error: Couldn't find file for package /Game/Maps/Test/PNStage01_Light.
[2021.06.03-10.57.57:329][140]LogStreaming:Error: Couldn't find file for package /Game/Maps/Test/PNStage01_Light.
[2021.06.03-10.57.57:329][140]LogCrashTracker: 


[2021.06.03-10.58.05:420][140]LogCrashTracker: 


[2021.06.03-10.58.05:420][140]LogWindows: === Critical error: ===
Fatal error!

Unhandled Exception: EXCEPTION_ACCESS_VIOLATION reading address 0x000000b8

UE4Editor-UnrealEd.dll!EditorLevelUtils::AddLevelToWorld() (0x00007ff95ec3587b) + 0 bytes [d:\buildfarm\buildmachine_++depot+ue4-releases+4.7\engine\source\editor\unrealed\private\editorlevelutils.cpp:228]
UE4Editor-UnrealEd.dll!EditorLevelUtils::SetStreamingClassForLevel() (0x00007ff95ec7d688) + 46 bytes [d:\buildfarm\buildmachine_++depot+ue4-releases+4.7\engine\source\editor\unrealed\private\editorlevelutils.cpp:268]
UE4Editor-WorldBrowser.dll!FStreamingLevelModel::SetStreamingClass() (0x00007ff9536eeb88) + 0 bytes [d:\buildfarm\buildmachine_++depot+ue4-releases+4.7\engine\source\editor\worldbrowser\private\streaminglevels\streaminglevelmodel.cpp:191]
UE4Editor-WorldBrowser.dll!FStreamingLevelCollectionModel::SetStreamingLevelsClass_Executed() (0x00007ff9536eeccd) + 70 bytes [d:\buildfarm\buildmachine_++depot+ue4-releases+4.7\engine\source\editor\worldbrowser\private\streaminglevels\streaminglevelcollectionmodel.cpp:623]
UE4Editor-WorldBrowser.dll!TBaseSPMethodDelegateInstance<0,FStreamingLevelCollectionModel,0,TTypeWrapper<void> __cdecl(void),UClass * __ptr64>::Execute() (0x00007ff95365a1b5) + 36 bytes [d:\buildfarm\buildmachine_++depot+ue4-releases+4.7\engine\source\runtime\core\public\delegates\delegateinstancesimpl_variadics.inl:282]
UE4Editor-WorldBrowser.dll!TBaseSPMethodDelegateInstance<0,FStreamingLevelCollectionModel,0,void __cdecl(void),UClass * __ptr64>::ExecuteIfSafe() (0x00007ff95365dfa6) + 8 bytes [d:\buildfarm\buildmachine_++depot+ue4-releases+4.7\engine\source\runtime\core\public\delegates\delegateinstancesimpl_variadics.inl:388]
UE4Editor-Slate.dll!FUICommandList::ExecuteAction() (0x00007ff960026066) + 60 bytes [d:\buildfarm\buildmachine_++depot+ue4-releases+4.7\engine\source\runtime\slate\private\framework\commands\uicommandlist.cpp:73]
UE4Editor-Slate.dll!SMenuEntryBlock::OnClicked() (0x00007ff9601183b0) + 160 bytes [d:\buildfarm\buildmachine_++depot+ue4-releases+4.7\engine\source\runtime\slate\private\framework\multibox\smenuentryblock.cpp:883]
UE4Editor-Slate.dll!SMenuEntryBlock::OnMenuItemButtonClicked() (0x00007ff96011d308) + 0 bytes [d:\buildfarm\buildmachine_++depot+ue4-releases+4.7\engine\source\runtime\slate\private\framework\multibox\smenuentryblock.cpp:842]
UE4Editor-Slate.dll!TMemberFunctionCaller<SMenuEntryBlock,FReply (__cdecl SMenuEntryBlock::*)(void) __ptr64>::operator()<>() (0x00007ff960097be7) + 16 bytes [d:\buildfarm\buildmachine_++depot+ue4-releases+4.7\engine\source\runtime\core\public\delegates\delegateinstanceinterface_variadics.h:161]
UE4Editor-Slate.dll!TTupleImpl<TIntegerSequence<> >::ApplyAfter_ExplicitReturnType<FReply,TMemberFunctionCaller<SMenuEntryBlock,FReply (__cdecl SMenuEntryBlock::*)(void) __ptr64> >() (0x00007ff9600990d9) + 19 bytes [d:\buildfarm\buildmachine_++depot+ue4-releases+4.7\engine\source\runtime\core\public\delegates\tuple.h:113]
UE4Editor-Slate.dll!TBaseSPMethodDelegateInstance<0,SMenuEntryBlock,0,FReply __cdecl(void)>::Execute() (0x00007ff9600fec39) + 36 bytes [d:\buildfarm\buildmachine_++depot+ue4-releases+4.7\engine\source\runtime\core\public\delegates\delegateinstancesimpl_variadics.inl:282]
UE4Editor-Slate.dll!TBaseDelegate<FReply>::Execute() (0x00007ff9601b153a) + 6 bytes [d:\buildfarm\buildmachine_++depot+ue4-releases+4.7\engine\source\runtime\core\public\delegates\delegatesignatureimpl_variadics.inl:439]
UE4Editor-Slate.dll!SButton::OnMouseButtonUp() (0x00007ff9601dfd63) + 17 bytes [d:\buildfarm\buildmachine_++depot+ue4-releases+4.7\engine\source\runtime\slate\private\widgets\input\sbutton.cpp:228]
UE4Editor-Slate.dll!<lambda_de96dc3471181973108233c6db1f9843>::operator()() (0x00007ff95fffdd7c) + 24 bytes [d:\buildfarm\buildmachine_++depot+ue4-releases+4.7\engine\source\runtime\slate\private\framework\application\slateapplication.cpp:3985]
UE4Editor-Slate.dll!FEventRouter::Route<FReply,FEventRouter::FToLeafmostPolicy,FPointerEvent,<lambda_de96dc3471181973108233c6db1f9843> >() (0x00007ff95ffb8407) + 21 bytes [d:\buildfarm\buildmachine_++depot+ue4-releases+4.7\engine\source\runtime\slate\private\framework\application\slateapplication.cpp:202]
UE4Editor-Slate.dll!FSlateApplication::ProcessMouseButtonUpEvent() (0x00007ff960064f29) + 75 bytes [d:\buildfarm\buildmachine_++depot+ue4-releases+4.7\engine\source\runtime\slate\private\framework\application\slateapplication.cpp:3988]
UE4Editor-Slate.dll!FSlateApplication::OnMouseUp() (0x00007ff960054926) + 16 bytes [d:\buildfarm\buildmachine_++depot+ue4-releases+4.7\engine\source\runtime\slate\private\framework\application\slateapplication.cpp:3949]
UE4Editor-Core.dll!FWindowsApplication::ProcessDeferredMessage() (0x00007ff9a5fe3975) + 12 bytes [d:\buildfarm\buildmachine_++depot+ue4-releases+4.7\engine\source\runtime\core\private\windows\windowsapplication.cpp:1373]
UE4Editor-Core.dll!FWindowsApplication::DeferMessage() (0x00007ff9a5fd5d2e) + 74 bytes [d:\buildfarm\buildmachine_++depot+ue4-releases+4.7\engine\source\runtime\core\private\windows\windowsapplication.cpp:1669]
UE4Editor-Core.dll!FWindowsApplication::ProcessMessage() (0x00007ff9a5fe4d50) + 41 bytes [d:\buildfarm\buildmachine_++depot+ue4-releases+4.7\engine\source\runtime\core\private\windows\windowsapplication.cpp:742]
UE4Editor-Core.dll!FWindowsApplication::AppWndProc() (0x00007ff9a5fd3192) + 0 bytes [d:\buildfarm\buildmachine_++depot+ue4-releases+4.7\engine\source\runtime\core\private\windows\windowsapplication.cpp:604]
USER32.dll!UnknownFunction (0x00007ff9ddc1e858) + 0 bytes [UnknownFile:0]
USER32.dll!UnknownFunction (0x00007ff9ddc1e299) + 0 bytes [UnknownFile:0]
UE4Editor-Core.dll!FWindowsPlatformMisc::PumpMessages() (0x00007ff9a6083ec6) + 48 bytes [d:\buildfarm\buildmachine_++depot+ue4-releases+4.7\engine\source\runtime\core\private\windows\windowsplatformmisc.cpp:774]
UE4Editor.exe!FEngineLoop::Tick() (0x00007ff7e3bf00a9) + 8 bytes [d:\buildfarm\buildmachine_++depot+ue4-releases+4.7\engine\source\runtime\launch\private\launchengineloop.cpp:2233]
UE4Editor.exe!GuardedMain() (0x00007ff7e3be267c) + 0 bytes [d:\buildfarm\buildmachine_++depot+ue4-releases+4.7\engine\source\runtime\launch\private\launch.cpp:142]
UE4Editor.exe!GuardedMainWrapper() (0x00007ff7e3be26ea) + 5 bytes [d:\buildfarm\buildmachine_++depot+ue4-releases+4.7\engine\source\runtime\launch\private\windows\launchwindows.cpp:126]
UE4Editor.exe!WinMain() (0x00007ff7e3bf2219) + 17 bytes [d:\buildfarm\buildmachine_++depot+ue4-releases+4.7\engine\source\runtime\launch\private\windows\launchwindows.cpp:202]
UE4Editor.exe!__tmainCRTStartup() (0x00007ff7e3bf3159) + 21 bytes [f:\dd\vctools\crt\crtw32\dllstuff\crtexe.c:618]
KERNEL32.DLL!UnknownFunction (0x00007ff9dce17034) + 0 bytes [UnknownFile:0]
ntdll.dll!UnknownFunction (0x00007ff9de9c2651) + 0 bytes [UnknownFile:0]
ntdll.dll!UnknownFunction (0x00007ff9de9c2651) + 0 bytes [UnknownFile:0]


[2021.06.03-10.58.05:506][140]LogExit: Executing StaticShutdownAfterError
[2021.06.03-10.58.05:530][140]LogWindows: FPlatformMisc::RequestExit(1)
[2021.06.03-10.58.05:530][140]Log file closed, 06/03/21 19:58:05
