Log file open, 05/09/21 19:12:50
LogInit:Display: Running engine for game: PaperNinja
LogInit: Version: 4.7.6-2513093+++depot+UE4-Releases+4.7
LogInit: API Version: 2455222
LogInit: Compiled (64-bit): Apr 15 2015 12:09:54
LogInit: Compiled with Visual C++: 18.00.21005.01
LogInit: Build Configuration: Development
LogInit: Branch Name: ++depot+UE4-Releases+4.7
LogInit: Command line:  
LogInit: Base directory: C:/Program Files/Epic Games/UE_4.7/Engine/Binaries/Win64/
LogInit: Rocket: 1
[2021.05.09-10.12.50:310][  0]LogTaskGraph: Started task graph with 3 named threads and 8 total threads.
[2021.05.09-10.12.50:421][  0]LogOnline:Warning: No default platform service specified for OnlineSubsystem
[2021.05.09-10.12.50:479][  0]LogInit: Presizing for 0 objects not considered by GC, pre-allocating 0 bytes.
[2021.05.09-10.12.50:502][  0]LogInit: Object subsystem initialized
[2021.05.09-10.12.50:517][  0]LogConsoleResponse:Warning: Skipping Unknown console variable: 'TranslucentSortAxis = (X=0.000000,Y=-1.000000,Z=0.000000)'
[2021.05.09-10.12.50:517][  0]LogConsoleResponse:Warning:   Found in ini file 'C:/Users/magi1/Documents/PaperNinja_FirstTime/PaperNinja/Saved/Config/Windows/Engine.ini', in section '[/Script/Engine.RendererSettings]'
[2021.05.09-10.12.50:517][  0]LogConsoleResponse:Warning: Skipping Unknown console variable: 'UIScaleRule = ShortestSide'
[2021.05.09-10.12.50:517][  0]LogConsoleResponse:Warning:   Found in ini file 'C:/Users/magi1/Documents/PaperNinja_FirstTime/PaperNinja/Saved/Config/Windows/Engine.ini', in section '[/Script/Engine.RendererSettings]'
[2021.05.09-10.12.50:517][  0]LogConsoleResponse:Warning: Skipping Unknown console variable: 'UIScaleCurve = (EditorCurveData=(Keys=),ExternalCurve=None)'
[2021.05.09-10.12.50:517][  0]LogConsoleResponse:Warning:   Found in ini file 'C:/Users/magi1/Documents/PaperNinja_FirstTime/PaperNinja/Saved/Config/Windows/Engine.ini', in section '[/Script/Engine.RendererSettings]'
[2021.05.09-10.12.50:523][  0]LogInit: Selected Device Profile: [Windows]
[2021.05.09-10.12.50:524][  0]LogInit: Applying CVar settings loaded from the selected device profile: [Windows]
[2021.05.09-10.12.50:552][  0]LogInit: Computer: DESKTOP-QG331CQ
[2021.05.09-10.12.50:552][  0]LogInit: User: magi1
[2021.05.09-10.12.50:552][  0]LogInit: CPU Page size=4096, Cores=6
[2021.05.09-10.12.50:552][  0]LogInit: High frequency timer resolution =10.000000 MHz
[2021.05.09-10.12.50:552][  0]LogMemory: Memory total: Physical=15.9GB (16GB approx) Virtual=131072.0GB
[2021.05.09-10.12.50:552][  0]LogMemory: Platform Memory Stats for Windows
[2021.05.09-10.12.50:552][  0]LogMemory: Process Physical Memory: 49.93 MB used, 49.94 MB peak
[2021.05.09-10.12.50:552][  0]LogMemory: Process Virtual Memory: 26.72 MB used, 26.72 MB peak
[2021.05.09-10.12.50:552][  0]LogMemory: Physical Memory: 5921.87 MB used, 16239.85 MB total
[2021.05.09-10.12.50:552][  0]LogMemory: Virtual Memory: 4432.94 MB used, 134217728.00 MB total
[2021.05.09-10.12.50:840][  0]LogD3D11RHI: Found D3D11 adapter 0: NVIDIA GeForce RTX 2080 (Feature Level 11_0)
[2021.05.09-10.12.50:840][  0]LogD3D11RHI: Adapter has 8010MB of dedicated video memory, 0MB of dedicated system memory, and 8119MB of shared system memory, 2 output[s]
[2021.05.09-10.12.50:907][  0]LogD3D11RHI: Found D3D11 adapter 1: Intel(R) UHD Graphics 630 (Feature Level 11_0)
[2021.05.09-10.12.50:907][  0]LogD3D11RHI: Adapter has 128MB of dedicated video memory, 0MB of dedicated system memory, and 8119MB of shared system memory, 0 output[s]
[2021.05.09-10.12.50:911][  0]LogD3D11RHI: Found D3D11 adapter 2: Microsoft Basic Render Driver (Feature Level 11_0)
[2021.05.09-10.12.50:911][  0]LogD3D11RHI: Adapter has 0MB of dedicated video memory, 0MB of dedicated system memory, and 8119MB of shared system memory, 0 output[s]
[2021.05.09-10.12.50:911][  0]LogD3D11RHI: Chosen D3D11 Adapter Id = 0
[2021.05.09-10.12.50:922][  0]LogRHI: Texture pool is 1361 MB (70% of 1945 MB)
[2021.05.09-10.12.51:107][  0]LogD3D11RHI: Async texture creation enabled
[2021.05.09-10.12.51:511][  0]LogTextLocalizationManager: The requested culture ('ja_JP') has no localization data; parent culture's ('ja') localization data will be used.
[2021.05.09-10.12.51:621][  0]LogTextLocalizationManager:Warning: Loading localization resources contain conflicting entries for (Namespace:UICommands, Key:Save_ToolTip):
Resource: (C:/Program Files/Epic Games/UE_4.7/Engine/Content/Localization/Editor/ja/Editor.locres) Hash: (-29098895) String: (現行レベルをディスクに保存)
Resource: (C:/Program Files/Epic Games/UE_4.7/Engine/Content/Localization/Engine/ja/Engine.locres) Hash: (-1280300587) String: (選択データをvlogファイルに保存)
[2021.05.09-10.12.51:621][  0]LogTextLocalizationManager:Warning: Loading localization resources contain conflicting entries for (Namespace:ContentBrowser, Key:ImportAssetToolTip):
Resource: (C:/Program Files/Epic Games/UE_4.7/Engine/Content/Localization/Editor/ja/Editor.locres) Hash: (-630476809) String: ({0} にインポート...)
Resource: (C:/Program Files/Epic Games/UE_4.7/Engine/Content/Localization/Editor/ja/Editor.locres) Hash: (1271782899) String: (このフォルダへファイルからアセットをインポート)
[2021.05.09-10.12.51:756][  0]LogContentStreaming: Texture pool size is 0.000000MB
[2021.05.09-10.12.56:432][  0]LogTargetPlatformManager:Display: Building Assets For Windows
[2021.05.09-10.12.57:576][  0]LogTargetPlatformManager:Display: Building Assets For Windows
[2021.05.09-10.12.57:731][  0]LogDerivedDataCache:Display: Max Cache Size: 512 MB
[2021.05.09-10.12.57:795][  0]LogDerivedDataCache: Loaded boot cache 0.06s 39MB C:/Users/magi1/AppData/Local/UnrealEngine/4.7/DerivedDataCache/Boot.ddc.
[2021.05.09-10.12.57:795][  0]LogDerivedDataCache:Display: Loaded Boot cache: C:/Users/magi1/AppData/Local/UnrealEngine/4.7/DerivedDataCache/Boot.ddc
[2021.05.09-10.12.57:796][  0]LogDerivedDataCache: FDerivedDataBackendGraph:  Pak pak cache file ../../../../../../Users/magi1/Documents/PaperNinja_FirstTime/PaperNinja/DerivedDataCache/DDC.ddp not found, will not use a pak cache.
[2021.05.09-10.12.57:796][  0]LogDerivedDataCache: Unable to find inner node Pak for hierarchical cache Hierarchy.
[2021.05.09-10.12.58:016][  0]LogDerivedDataCache:Display: Pak cache opened for reading ../../../Engine/DerivedDataCache/Compressed.ddp.
[2021.05.09-10.12.58:032][  0]LogDerivedDataCache: Using Local data cache path C:/Users/magi1/AppData/Local/UnrealEngine/Common/DerivedDataCache: Writable
[2021.05.09-10.12.59:104][  0]LogMeshUtilities: No automatic mesh reduction module available
[2021.05.09-10.12.59:104][  0]LogMeshUtilities: No automatic mesh merging module available
[2021.05.09-10.12.59:942][  0]LogInit: WinSock: version 1.1 (2.2), MaxSocks=32767, MaxUdp=65467
[2021.05.09-10.13.00:208][  0]LogSlate:Warning: Failed to load font data from '../../../Engine/Content/Slate/Fonts/Roboto-Italic.ttf'
[2021.05.09-10.13.03:264][  0]UdpMessaging: Initializing bridge on interface 0.0.0.0:0 to multicast group 230.0.0.1:6666.
[2021.05.09-10.13.03:800][  0]SourceControl: 情報 ソースコントロールは無効です
[2021.05.09-10.13.03:800][  0]SourceControl: 情報 ソースコントロールは無効です
[2021.05.09-10.13.03:800][  0]SourceControl: 情報 ソースコントロールは無効です
[2021.05.09-10.13.03:800][  0]LogSourceControl: RunCommandInternalRaw: 'git version'
[2021.05.09-10.13.03:801][  0]LogSourceControl: RunCommandInternalRaw: ExecProcess ReturnCode=2 OutResults=''
[2021.05.09-10.13.03:825][  0]SourceControl: 情報 ソースコントロールは無効です
[2021.05.09-10.13.04:418][  0]LogObj: 24232 objects as part of root set at end of initial load.
[2021.05.09-10.13.04:418][  0]LogUObjectAllocator: 5137176 out of 0 bytes used by permanent object pool.
[2021.05.09-10.13.04:620][  0]LogEngine: Initializing Engine...
[2021.05.09-10.13.06:980][  0]LogInit: XAudio2 using 'スピーカー (Realtek(R) Audio)' : 2 channels at 48 kHz using 32 bits per sample (channel mask 0x3)
[2021.05.09-10.13.07:089][  0]LogInit: FAudioDevice initialized.
[2021.05.09-10.13.07:219][  0]LogAIModule: Creating AISystem for world NewWorld
[2021.05.09-10.13.07:252][  0]LogDerivedDataCache: Saved boot cache 0.03s 39MB C:/Users/magi1/AppData/Local/UnrealEngine/4.7/DerivedDataCache/Boot.ddc.
[2021.05.09-10.13.07:257][  0]LogInit: Texture streaming: Enabled
[2021.05.09-10.13.07:478][  0]LogAnalytics: Creating configured Analytics provider AnalyticsET
[2021.05.09-10.13.07:478][  0]LogAnalytics: ET APIKey = Rocket.Release. APIServer = http://et2.epicgames.com/ET2/. AppVersion = 4.7.6-2513093+++depot+UE4-Releases+4.7
[2021.05.09-10.13.07:478][  0]LogAnalytics: ET APIKey = Rocket.Release. DataRouterUploadURL = https://datarouter-public-service-gamedev.ol.epicgames.net/datarouter/api/v1/public/data. AppVersion = 4.7.6-2513093+++depot+UE4-Releases+4.7
[2021.05.09-10.13.07:478][  0]LogAnalytics: SetUserId 144e59504b07e7078f7f9fbff0f199ea|e89bcdc3dddd40638ff112a71cef8e67|badf8662-73b2-480e-8b08-9b9fdfc993be
[2021.05.09-10.13.07:479][  0]LogAnalytics: AnalyticsET::StartSession [Rocket.Release]
[2021.05.09-10.13.07:590][  0]LogInit: Transaction tracking system initialized
[2021.05.09-10.13.08:129][  0]BlueprintLog: New page: エディタの読み込み
[2021.05.09-10.13.08:217][  0]LogAssetRegistry: FAssetRegistry took 0.0125 seconds to start up
[2021.05.09-10.13.08:218][  0]LogDirectoryWatcher:Warning: Failed to begin reading directory changes for ../../../Engine/Plugins/Experimental/CharacterAI/Content/. Error: 0
[2021.05.09-10.13.09:425][  0]LogTargetPlatformManager:Display: Building Assets For Windows
[2021.05.09-10.13.10:088][  0]LogTargetPlatformManager:Display: Building Assets For Windows
[2021.05.09-10.13.10:857][  0]LogSlate:Warning: Failed to load font data from '../../../Engine/Content/Editor/Slate/Fonts/Roboto-Regular.ttf'
[2021.05.09-10.13.10:858][  0]LogSlate:Warning: Failed to load font data from '../../../Engine/Content/Editor/Slate/Fonts/Roboto-Bold.ttf'
[2021.05.09-10.13.10:874][  0]LogConsoleResponse:Display: 
[2021.05.09-10.13.11:173][  0]LogCook:Display: Done creating registry. It took  0.00s.
[2021.05.09-10.13.11:650][  0]SourceControl: 情報 ソースコントロールは無効です
[2021.05.09-10.13.11:652][  0]Cmd: MAP LOAD FILE="../../../../../../Users/magi1/Documents/PaperNinja_FirstTime/PaperNinja/Content/StarterContent/Maps/Minimal_Default.umap" TEMPLATE=0 SHOWPROGRESS=1 FEATURELEVEL=3
[2021.05.09-10.13.11:658][  0]LightingResults: New page: ライティングのビルド
[2021.05.09-10.13.11:694][  0]MapCheck: New page: マップをチェック
[2021.05.09-10.13.11:694][  0]LightingResults: New page: <何も選択されていません>
[2021.05.09-10.13.11:709][  0]LogParticles: Destroying 0 GPU particle simulations for FXSystem 0x000001EFA1330E00
[2021.05.09-10.13.13:458][  0]LogEditorServer: Finished looking for orphan Actors (0.000 secs)
[2021.05.09-10.13.13:488][  0]LogAIModule: Creating AISystem for world Minimal_Default
[2021.05.09-10.13.13:490][  0]Cmd: MAP CHECKDEP
[2021.05.09-10.13.13:491][  0]MapCheck: New page: Minimal_Default - 2021/05/10 4:13:13
[2021.05.09-10.13.13:726][  0]MapCheck: 情報 マップチェックが完了: 0 エラー、 0 警告、完了に 234.975ミリ秒かかりました。
[2021.05.09-10.13.13:726][  0]LogFileHelpers: Loading map 'Minimal_Default' took 2.075
[2021.05.09-10.13.14:010][  0]LogCollectionManager: Loaded 0 collections in 0.003967 seconds
[2021.05.09-10.13.14:030][  0]LogContentBrowser: Native class hierarchy populated in 0.0192 seconds. Added 1696 classes and 261 folders.
[2021.05.09-10.13.14:139][  0]LogContentBrowser: Native class hierarchy updated for 'SceneOutliner' in 0.0057 seconds. Added 1 classes and 2 folders.
[2021.05.09-10.13.14:220][  0]LogContentBrowser: Native class hierarchy updated for 'WorldBrowser' in 0.0057 seconds. Added 1 classes and 3 folders.
[2021.05.09-10.13.14:462][  0]LogCrashTracker: Crashtracker disabled due to settings.
[2021.05.09-10.13.14:469][  0]LogSlate:Warning: Failed to load font data from 'Veranda'
[2021.05.09-10.13.14:485][  0]LogUObjectGlobals:Warning: オブジェクト 'Class なし.' が見つかりませんでした
[2021.05.09-10.13.14:523][  0]LogLoad: Full Startup: 28.87 seconds (BP compile: 0.24 seconds)
[2021.05.09-10.13.15:004][  0]LogContentBrowser:Verbose: The content browser source was changed by the sources view to '/Game/Maps/Stage01'
[2021.05.09-10.13.15:253][  0]LogRenderer:Warning: Reallocating scene render targets to support 32x32 (Frame:2).
[2021.05.09-10.13.15:431][  0]LogRenderer:Warning: Reallocating scene render targets to support 1200x576 (Frame:3).
[2021.05.09-10.13.17:514][  7]LogAssetRegistry: Asset discovery search completed in 9.3097 seconds
[2021.05.09-10.16.58:169][669]LogContentBrowser:Verbose: The content browser source was changed by the sources view to '/Game/Blueprints'
[2021.05.09-10.16.59:889][767]LogContentBrowser:Verbose: The content browser source was changed by the sources view to '/Game/Characters'
[2021.05.09-10.17.26:398][351]LogTexture:Display: テクスチャをビルド中: T_Ninja_D (AutoDXT)
[2021.05.09-10.17.26:628][351]LogMaterial: Missing cached shader map for material M_Ninja, compiling. 
[2021.05.09-10.17.29:487][491]LogContentBrowser: Native class hierarchy updated for 'PhAT' in 0.0102 seconds. Added 1 classes and 2 folders.
[2021.05.09-10.17.42:141][492]LogRenderer:Warning: Reallocating scene render targets to support 1528x904 (Frame:1676).
[2021.05.09-10.18.33:988][559]LogSkeletalMesh: InitArticulated: Bodies already created (/Engine/Transient.DebugSkelMeshComponent_0) - call TermArticulated first.
[2021.05.09-10.18.34:029][559]LogContentBrowser:Verbose: The content browser source was changed by the sources view to '/Game/Characters/Materials'
[2021.05.09-10.18.34:058][559]LogLinker:Warning: Asset '../../../Engine/Content/Tutorial/SubEditors/PersonaAnimEditorTutorial.uasset' has been saved with empty engine version. The asset will be loaded but may be incompatible.
[2021.05.09-10.19.36:995][271]Cmd: OBJ SAVEPACKAGE PACKAGE="/Game/Characters/SK_Ninja_Physics" FILE="../../../../../../Users/magi1/Documents/PaperNinja_FirstTime/PaperNinja/Content/Characters/SK_Ninja_Physics.uasset" SILENT=true
[2021.05.09-10.19.37:035][271]LogSavePackage: Save=34.201801ms
[2021.05.09-10.19.37:035][271]LogSavePackage: Moving '../../../../../../Users/magi1/Documents/PaperNinja_FirstTime/PaperNinja/Saved/SK_Ninja_Physics571959C84950F19A87D9068CE67F430F.tmp' to '../../../../../../Users/magi1/Documents/PaperNinja_FirstTime/PaperNinja/Content/Characters/SK_Ninja_Physics.uasset'
[2021.05.09-10.23.14:907][279]LogFileHelpers: Editor autosave (incl. sublevels) for '/Game/StarterContent/Maps/Minimal_Default' took 0.021
[2021.05.09-10.23.14:955][279]OBJ SavePackage: Generating thumbnails for [1] asset(s) in package [/Game/Characters/SK_Ninja] ([1] browsable assets)...
[2021.05.09-10.23.14:985][279]OBJ SavePackage:     Rendered thumbnail for [SkeletalMesh /Game/Characters/SK_Ninja.SK_Ninja]
[2021.05.09-10.23.14:985][279]OBJ SavePackage: Finished generating thumbnails for package [/Game/Characters/SK_Ninja]
[2021.05.09-10.23.15:837][279]LogSavePackage: Save=792.572388ms
[2021.05.09-10.23.15:844][279]LogSavePackage: Moving '../../../../../../Users/magi1/Documents/PaperNinja_FirstTime/PaperNinja/Saved/SK_Ninja_Auto13B97957A4D9F7EC8899D368F0324046B.tmp' to '../../../../../../Users/magi1/Documents/PaperNinja_FirstTime/PaperNinja/Saved/Autosaves/Game/Characters/SK_Ninja_Auto1.uasset'
[2021.05.09-10.23.15:909][279]OBJ SavePackage: Generating thumbnails for [0] asset(s) in package [/Game/Characters/SK_Ninja_Physics] ([1] browsable assets)...
[2021.05.09-10.23.15:909][279]OBJ SavePackage: Finished generating thumbnails for package [/Game/Characters/SK_Ninja_Physics]
[2021.05.09-10.23.16:119][279]LogSavePackage: Save=154.282501ms
[2021.05.09-10.23.16:121][279]LogSavePackage: Moving '../../../../../../Users/magi1/Documents/PaperNinja_FirstTime/PaperNinja/Saved/SK_Ninja_Physics_Auto1786AF4644CAC84E4557A40B9702F086F.tmp' to '../../../../../../Users/magi1/Documents/PaperNinja_FirstTime/PaperNinja/Saved/Autosaves/Game/Characters/SK_Ninja_Physics_Auto1.uasset'
[2021.05.09-10.23.16:139][279]LogFileHelpers: Auto-saving content packages took 1.232
[2021.05.09-10.33.31:576][964]LogFileHelpers: Editor autosave (incl. sublevels) for '/Game/StarterContent/Maps/Minimal_Default' took 0.018
[2021.05.09-10.33.31:620][964]OBJ SavePackage: Generating thumbnails for [0] asset(s) in package [/Game/Characters/SK_Ninja_Physics] ([1] browsable assets)...
[2021.05.09-10.33.31:626][964]OBJ SavePackage: Finished generating thumbnails for package [/Game/Characters/SK_Ninja_Physics]
[2021.05.09-10.33.31:793][964]LogSavePackage: Save=116.174400ms
[2021.05.09-10.33.31:795][964]LogSavePackage: Moving '../../../../../../Users/magi1/Documents/PaperNinja_FirstTime/PaperNinja/Saved/SK_Ninja_Physics_Auto23916C59F446C7E287E78FBA4C01FEB8E.tmp' to '../../../../../../Users/magi1/Documents/PaperNinja_FirstTime/PaperNinja/Saved/Autosaves/Game/Characters/SK_Ninja_Physics_Auto2.uasset'
[2021.05.09-10.33.31:811][964]LogFileHelpers: Auto-saving content packages took 0.235
[2021.05.09-10.35.58:807][730]Cmd: TRANSACTION UNDO
[2021.05.09-10.35.58:807][730]LogEditorTransaction: Undo エレメントを移動
[2021.05.09-10.38.05:636][295]Cmd: TRANSACTION UNDO
[2021.05.09-10.38.05:636][295]LogEditorTransaction: Undo エレメントを移動
[2021.05.09-10.43.31:597][716]Cmd: TRANSACTION UNDO
[2021.05.09-10.43.31:597][716]LogEditorTransaction: Undo エレメントを移動
[2021.05.09-10.43.31:963][729]Cmd: TRANSACTION UNDO
[2021.05.09-10.43.31:963][729]LogEditorTransaction: Undo エレメントを移動
[2021.05.09-10.43.38:252][ 84]LogFileHelpers: Editor autosave (incl. sublevels) for '/Game/StarterContent/Maps/Minimal_Default' took 0.012
[2021.05.09-10.43.38:297][ 84]OBJ SavePackage: Generating thumbnails for [0] asset(s) in package [/Game/Characters/SK_Ninja_Physics] ([1] browsable assets)...
[2021.05.09-10.43.38:303][ 84]OBJ SavePackage: Finished generating thumbnails for package [/Game/Characters/SK_Ninja_Physics]
[2021.05.09-10.43.38:495][ 84]LogSavePackage: Save=138.950607ms
[2021.05.09-10.43.38:496][ 84]LogSavePackage: Moving '../../../../../../Users/magi1/Documents/PaperNinja_FirstTime/PaperNinja/Saved/SK_Ninja_Physics_Auto3919BF5E046BDCCA00BEC66945489194A.tmp' to '../../../../../../Users/magi1/Documents/PaperNinja_FirstTime/PaperNinja/Saved/Autosaves/Game/Characters/SK_Ninja_Physics_Auto3.uasset'
[2021.05.09-10.43.38:513][ 84]LogFileHelpers: Auto-saving content packages took 0.261
[2021.05.09-10.43.43:013][353]Cmd: TRANSACTION UNDO
[2021.05.09-10.43.43:013][353]LogEditorTransaction: Undo エレメントを移動
[2021.05.09-10.53.38:883][878]LogFileHelpers: Editor autosave (incl. sublevels) for '/Game/StarterContent/Maps/Minimal_Default' took 0.013
[2021.05.09-10.53.38:939][878]OBJ SavePackage: Generating thumbnails for [0] asset(s) in package [/Game/Characters/SK_Ninja_Physics] ([1] browsable assets)...
[2021.05.09-10.53.38:945][878]OBJ SavePackage: Finished generating thumbnails for package [/Game/Characters/SK_Ninja_Physics]
[2021.05.09-10.53.39:140][878]LogSavePackage: Save=143.085999ms
[2021.05.09-10.53.39:141][878]LogSavePackage: Moving '../../../../../../Users/magi1/Documents/PaperNinja_FirstTime/PaperNinja/Saved/SK_Ninja_Physics_Auto405701397499F358B7D230B8748825156.tmp' to '../../../../../../Users/magi1/Documents/PaperNinja_FirstTime/PaperNinja/Saved/Autosaves/Game/Characters/SK_Ninja_Physics_Auto4.uasset'
[2021.05.09-10.53.39:157][878]LogFileHelpers: Auto-saving content packages took 0.274
[2021.05.09-11.03.05:143][548]Cmd: TRANSACTION UNDO
[2021.05.09-11.03.05:143][548]LogEditorTransaction: Undo エレメントを移動
[2021.05.09-11.03.39:516][556]LogFileHelpers: Editor autosave (incl. sublevels) for '/Game/StarterContent/Maps/Minimal_Default' took 0.012
[2021.05.09-11.03.39:559][556]OBJ SavePackage: Generating thumbnails for [0] asset(s) in package [/Game/Characters/SK_Ninja_Physics] ([1] browsable assets)...
[2021.05.09-11.03.39:564][556]OBJ SavePackage: Finished generating thumbnails for package [/Game/Characters/SK_Ninja_Physics]
[2021.05.09-11.03.39:761][556]LogSavePackage: Save=137.558899ms
[2021.05.09-11.03.39:762][556]LogSavePackage: Moving '../../../../../../Users/magi1/Documents/PaperNinja_FirstTime/PaperNinja/Saved/SK_Ninja_Physics_Auto58FBB12DB4C0F67CD1CEA168F5A95BB81.tmp' to '../../../../../../Users/magi1/Documents/PaperNinja_FirstTime/PaperNinja/Saved/Autosaves/Game/Characters/SK_Ninja_Physics_Auto5.uasset'
[2021.05.09-11.03.39:779][556]LogFileHelpers: Auto-saving content packages took 0.264
[2021.05.09-11.04.10:033][338]Cmd: TRANSACTION UNDO
[2021.05.09-11.04.10:033][338]LogEditorTransaction: Undo コンストレイントプロパティを貼り付ける
[2021.05.09-11.04.22:327][ 60]Cmd: TRANSACTION UNDO
[2021.05.09-11.04.22:327][ 60]LogEditorTransaction: Undo コンストレイントプロパティを貼り付ける
[2021.05.09-11.04.25:274][219]Cmd: TRANSACTION UNDO
[2021.05.09-11.04.25:274][219]LogEditorTransaction: Undo エレメントを移動
[2021.05.09-11.05.13:358][ 57]Cmd: TRANSACTION UNDO
[2021.05.09-11.05.13:358][ 57]LogEditorTransaction: Undo コンストレイントを移動
[2021.05.09-11.05.17:316][278]Cmd: TRANSACTION UNDO
[2021.05.09-11.05.17:316][278]LogEditorTransaction: Undo コンストレイントを移動
[2021.05.09-11.06.04:716][ 83]Cmd: TRANSACTION UNDO
[2021.05.09-11.06.04:716][ 83]LogEditorTransaction: Undo コンストレイントを移動
[2021.05.09-11.06.05:675][125]Cmd: TRANSACTION UNDO
[2021.05.09-11.06.05:675][125]LogEditorTransaction: Undo Swing 2Limit Angle を編集
[2021.05.09-11.06.05:987][139]Cmd: TRANSACTION UNDO
[2021.05.09-11.06.05:987][139]LogEditorTransaction: Undo Twist Limit Angle を編集
[2021.05.09-11.06.06:364][159]Cmd: TRANSACTION UNDO
[2021.05.09-11.06.06:364][159]LogEditorTransaction: Undo Swing 1Limit Angle を編集
[2021.05.09-11.06.06:806][183]Cmd: TRANSACTION UNDO
[2021.05.09-11.06.06:806][183]LogEditorTransaction: Undo エレメントを移動
[2021.05.09-11.06.08:631][290]Cmd: TRANSACTION UNDO
[2021.05.09-11.06.08:631][290]LogEditorTransaction: Undo エレメントを移動
[2021.05.09-11.06.22:387][ 98]Cmd: TRANSACTION UNDO
[2021.05.09-11.06.22:387][ 98]LogEditorTransaction: Undo エレメントを移動
[2021.05.09-11.07.05:399][637]Cmd: TRANSACTION UNDO
[2021.05.09-11.07.05:399][637]LogEditorTransaction: Undo コンストレイントを移動
[2021.05.09-11.07.14:619][174]Cmd: TRANSACTION UNDO
[2021.05.09-11.07.14:619][174]LogEditorTransaction: Undo コンストレイントを移動
[2021.05.09-11.07.28:350][982]Cmd: TRANSACTION UNDO
[2021.05.09-11.07.28:350][982]LogEditorTransaction: Undo コンストレイントを移動
[2021.05.09-11.07.36:528][453]Cmd: TRANSACTION UNDO
[2021.05.09-11.07.36:528][453]LogEditorTransaction: Undo コンストレイントを移動
[2021.05.09-11.08.14:085][678]Cmd: TRANSACTION UNDO
[2021.05.09-11.08.14:085][678]LogEditorTransaction: Undo コンストレイントを移動
[2021.05.09-11.10.32:577][799]Cmd: TRANSACTION UNDO
[2021.05.09-11.10.32:578][799]LogEditorTransaction: Undo コンストレイントを移動
[2021.05.09-11.13.26:555][130]Cmd: TRANSACTION UNDO
[2021.05.09-11.13.26:555][130]LogEditorTransaction: Undo コンストレイントを移動
[2021.05.09-11.13.26:882][142]Cmd: TRANSACTION UNDO
[2021.05.09-11.13.26:882][142]LogEditorTransaction: Undo コンストレイントを移動
[2021.05.09-11.13.27:541][173]Cmd: TRANSACTION UNDO
[2021.05.09-11.13.27:541][173]LogEditorTransaction: Undo コンストレイントを移動
[2021.05.09-11.13.27:907][193]Cmd: TRANSACTION UNDO
[2021.05.09-11.13.27:907][193]LogEditorTransaction: Undo コンストレイントを移動
[2021.05.09-11.13.32:701][460]Cmd: TRANSACTION UNDO
[2021.05.09-11.13.32:701][460]LogEditorTransaction: Undo コンストレイントを移動
[2021.05.09-11.13.33:230][477]Cmd: TRANSACTION UNDO
[2021.05.09-11.13.33:230][477]LogEditorTransaction: Undo コンストレイントを移動
[2021.05.09-11.13.40:140][876]LogFileHelpers: Editor autosave (incl. sublevels) for '/Game/StarterContent/Maps/Minimal_Default' took 0.012
[2021.05.09-11.13.40:184][876]OBJ SavePackage: Generating thumbnails for [0] asset(s) in package [/Game/Characters/SK_Ninja_Physics] ([1] browsable assets)...
[2021.05.09-11.13.40:191][876]OBJ SavePackage: Finished generating thumbnails for package [/Game/Characters/SK_Ninja_Physics]
[2021.05.09-11.13.40:382][876]LogSavePackage: Save=137.033401ms
[2021.05.09-11.13.40:383][876]LogSavePackage: Moving '../../../../../../Users/magi1/Documents/PaperNinja_FirstTime/PaperNinja/Saved/SK_Ninja_Physics_Auto645B6432B471C07D8410AD782A24AA589.tmp' to '../../../../../../Users/magi1/Documents/PaperNinja_FirstTime/PaperNinja/Saved/Autosaves/Game/Characters/SK_Ninja_Physics_Auto6.uasset'
[2021.05.09-11.13.40:399][876]LogFileHelpers: Auto-saving content packages took 0.259
[2021.05.09-11.13.56:982][859]Cmd: OBJ SAVEPACKAGE PACKAGE="/Game/Characters/SK_Ninja_Physics" FILE="../../../../../../Users/magi1/Documents/PaperNinja_FirstTime/PaperNinja/Content/Characters/SK_Ninja_Physics.uasset" SILENT=true
[2021.05.09-11.13.57:056][859]LogSavePackage: Save=27.717699ms
[2021.05.09-11.13.57:056][859]LogSavePackage: Moving '../../../../../../Users/magi1/Documents/PaperNinja_FirstTime/PaperNinja/Saved/SK_Ninja_Physics75F5920B48063E67F5BFA09974FD905D.tmp' to '../../../../../../Users/magi1/Documents/PaperNinja_FirstTime/PaperNinja/Content/Characters/SK_Ninja_Physics.uasset'
[2021.05.09-11.14.00:908][954]Cmd: OBJ SAVEPACKAGE PACKAGE="/Game/Characters/SK_Ninja" FILE="../../../../../../Users/magi1/Documents/PaperNinja_FirstTime/PaperNinja/Content/Characters/SK_Ninja.uasset" SILENT=true
[2021.05.09-11.14.00:975][954]LogSavePackage: Save=18.594601ms
[2021.05.09-11.14.00:975][954]LogSavePackage: Moving '../../../../../../Users/magi1/Documents/PaperNinja_FirstTime/PaperNinja/Saved/SK_Ninja5A9C7C4A4F374FE46680CAAE1AF4E396.tmp' to '../../../../../../Users/magi1/Documents/PaperNinja_FirstTime/PaperNinja/Content/Characters/SK_Ninja.uasset'
[2021.05.09-11.14.02:004][955]Cmd: QUIT_EDITOR
[2021.05.09-11.14.02:435][955]LogExit: Preparing to exit.
[2021.05.09-11.14.03:148][955]LogExit: Editor shut down
[2021.05.09-11.14.03:149][955]LogExit: Transaction tracking system shut down
[2021.05.09-11.14.03:150][955]LogParticles: Destroying 0 GPU particle simulations for FXSystem 0x000001EF959787C0
[2021.05.09-11.14.03:150][955]LogParticles: Destroying 0 GPU particle simulations for FXSystem 0x000001EFAA4425C0
[2021.05.09-11.14.03:150][955]LogParticles: Destroying 0 GPU particle simulations for FXSystem 0x000001EFA9FBF2E0
[2021.05.09-11.14.03:150][955]LogParticles: Destroying 0 GPU particle simulations for FXSystem 0x000001EFAD7996C0
[2021.05.09-11.14.03:150][955]LogParticles: Destroying 0 GPU particle simulations for FXSystem 0x000001EF964F82C0
[2021.05.09-11.14.03:150][955]LogParticles: Destroying 0 GPU particle simulations for FXSystem 0x000001EFC64A87C0
[2021.05.09-11.14.03:150][955]LogParticles: Destroying 0 GPU particle simulations for FXSystem 0x000001EFA9C49260
[2021.05.09-11.14.03:218][955]LogParticles: Destroying 0 GPU particle simulations for FXSystem 0x000001EFC93825C0
[2021.05.09-11.14.03:218][955]LogExit: Object subsystem successfully closed.
[2021.05.09-11.14.03:343][955]LogModuleManager: Shutting down and abandoning module PhAT (179)
[2021.05.09-11.14.03:343][955]LogModuleManager: Shutting down and abandoning module CrashTracker (178)
[2021.05.09-11.14.03:343][955]LogModuleManager: Shutting down and abandoning module SuperSearch (177)
[2021.05.09-11.14.03:343][955]LogModuleManager: Shutting down and abandoning module WorldBrowser (176)
[2021.05.09-11.14.03:343][955]LogModuleManager: Shutting down and abandoning module SceneOutliner (175)
[2021.05.09-11.14.03:343][955]LogModuleManager: Shutting down and abandoning module EditorWidgets (174)
[2021.05.09-11.14.03:343][955]LogModuleManager: Shutting down and abandoning module CollectionManager (173)
[2021.05.09-11.14.03:344][955]LogModuleManager: Shutting down and abandoning module StatsViewer (172)
[2021.05.09-11.14.03:344][955]LogModuleManager: Shutting down and abandoning module FoliageEdit (171)
[2021.05.09-11.14.03:344][955]LogModuleManager: Shutting down and abandoning module LandscapeEditor (170)
[2021.05.09-11.14.03:345][955]LogModuleManager: Shutting down and abandoning module MeshPaint (169)
[2021.05.09-11.14.03:345][955]LogModuleManager: Shutting down and abandoning module ActorPickerMode (168)
[2021.05.09-11.14.03:345][955]LogModuleManager: Shutting down and abandoning module GeometryMode (167)
[2021.05.09-11.14.03:345][955]LogModuleManager: Shutting down and abandoning module TextureAlignMode (166)
[2021.05.09-11.14.03:345][955]LogModuleManager: Shutting down and abandoning module BspMode (165)
[2021.05.09-11.14.03:345][955]LogModuleManager: Shutting down and abandoning module PlacementMode (164)
[2021.05.09-11.14.03:345][955]LogModuleManager: Shutting down and abandoning module AutomationWorker (163)
[2021.05.09-11.14.03:345][955]LogModuleManager: Shutting down and abandoning module CharacterAI (162)
[2021.05.09-11.14.03:345][955]LogModuleManager: Shutting down and abandoning module SmartSnapping (161)
[2021.05.09-11.14.03:345][955]LogModuleManager: Shutting down and abandoning module ViewportSnapping (160)
[2021.05.09-11.14.03:345][955]LogModuleManager: Shutting down and abandoning module LogVisualizer (159)
[2021.05.09-11.14.03:345][955]LogModuleManager: Shutting down and abandoning module GameProjectGeneration (158)
[2021.05.09-11.14.03:346][955]LogModuleManager: Shutting down and abandoning module IntroTutorials (157)
[2021.05.09-11.14.03:346][955]LogModuleManager: Shutting down and abandoning module EditorLiveStreaming (156)
[2021.05.09-11.14.03:346][955]LogModuleManager: Shutting down and abandoning module HardwareTargeting (155)
[2021.05.09-11.14.03:346][955]LogModuleManager: Shutting down and abandoning module DeviceProfileEditor (154)
[2021.05.09-11.14.03:346][955]LogModuleManager: Shutting down and abandoning module UndoHistory (153)
[2021.05.09-11.14.03:346][955]LogModuleManager: Shutting down and abandoning module GameplayTagsEditor (152)
[2021.05.09-11.14.03:346][955]LogModuleManager: Shutting down and abandoning module UserFeedback (151)
[2021.05.09-11.14.03:346][955]LogModuleManager: Shutting down and abandoning module XmlParser (150)
[2021.05.09-11.14.03:346][955]LogModuleManager: Shutting down and abandoning module Blutility (149)
[2021.05.09-11.14.03:346][955]LogModuleManager: Shutting down and abandoning module IOSPlatformEditor (148)
[2021.05.09-11.14.03:346][955]LogModuleManager: Shutting down and abandoning module IOSRuntimeSettings (147)
[2021.05.09-11.14.03:346][955]LogModuleManager: Shutting down and abandoning module AndroidDeviceDetection (146)
[2021.05.09-11.14.04:317][955]LogModuleManager: Shutting down and abandoning module AndroidPlatformEditor (145)
[2021.05.09-11.14.04:317][955]LogModuleManager: Shutting down and abandoning module AndroidRuntimeSettings (144)
[2021.05.09-11.14.04:317][955]LogModuleManager: Shutting down and abandoning module ProjectTargetPlatformEditor (143)
[2021.05.09-11.14.04:317][955]LogModuleManager: Shutting down and abandoning module ProjectSettingsViewer (142)
[2021.05.09-11.14.04:317][955]LogModuleManager: Shutting down and abandoning module InputBindingEditor (141)
[2021.05.09-11.14.04:318][955]LogModuleManager: Shutting down and abandoning module EditorSettingsViewer (140)
[2021.05.09-11.14.04:318][955]LogModuleManager: Shutting down and abandoning module SettingsEditor (139)
[2021.05.09-11.14.04:318][955]LogModuleManager: Shutting down and abandoning module ProjectLauncher (138)
[2021.05.09-11.14.04:318][955]LogModuleManager: Shutting down and abandoning module SessionFrontend (137)
[2021.05.09-11.14.04:318][955]LogModuleManager: Shutting down and abandoning module ProfilerClient (136)
[2021.05.09-11.14.04:319][955]LogModuleManager: Shutting down and abandoning module TargetDeviceServices (135)
[2021.05.09-11.14.04:319][955]LogModuleManager: Shutting down and abandoning module DeviceManager (134)
[2021.05.09-11.14.04:319][955]LogModuleManager: Shutting down and abandoning module AutomationController (133)
[2021.05.09-11.14.04:319][955]LogModuleManager: Shutting down and abandoning module AutomationWindow (132)
[2021.05.09-11.14.04:320][955]LogModuleManager: Shutting down and abandoning module Layers (131)
[2021.05.09-11.14.04:320][955]LogModuleManager: Shutting down and abandoning module ComponentVisualizers (130)
[2021.05.09-11.14.04:320][955]LogModuleManager: Shutting down and abandoning module DetailCustomizations (129)
[2021.05.09-11.14.04:320][955]LogModuleManager: Shutting down and abandoning module PackagesDialog (128)
[2021.05.09-11.14.04:320][955]LogModuleManager: Shutting down and abandoning module AssetRegistry (127)
[2021.05.09-11.14.04:389][955]LogModuleManager: Shutting down and abandoning module Persona (126)
[2021.05.09-11.14.04:389][955]LogModuleManager: Shutting down and abandoning module SlateReflector (125)
[2021.05.09-11.14.04:390][955]LogModuleManager: Shutting down and abandoning module LevelEditor (124)
[2021.05.09-11.14.04:391][955]LogModuleManager: Shutting down and abandoning module Kismet (123)
[2021.05.09-11.14.04:391][955]LogModuleManager: Shutting down and abandoning module GraphEditor (122)
[2021.05.09-11.14.04:392][955]LogModuleManager: Shutting down and abandoning module ClassViewer (121)
[2021.05.09-11.14.04:392][955]LogModuleManager: Shutting down and abandoning module Toolbox (120)
[2021.05.09-11.14.04:392][955]LogModuleManager: Shutting down and abandoning module ModuleUI (119)
[2021.05.09-11.14.04:393][955]LogModuleManager: Shutting down and abandoning module MovieSceneTools (118)
[2021.05.09-11.14.04:393][955]LogModuleManager: Shutting down and abandoning module OutputLog (117)
[2021.05.09-11.14.04:393][955]LogModuleManager: Shutting down and abandoning module GammaUI (116)
[2021.05.09-11.14.04:394][955]LogModuleManager: Shutting down and abandoning module Documentation (115)
[2021.05.09-11.14.04:394][955]LogModuleManager: Shutting down and abandoning module GameLiveStreaming (114)
[2021.05.09-11.14.04:394][955]LogModuleManager: Shutting down and abandoning module StreamingPauseRendering (113)
[2021.05.09-11.14.04:394][955]LogModuleManager: Shutting down and abandoning module HTTP (112)
[2021.05.09-11.14.04:394][955]LogModuleManager: Shutting down and abandoning module AnalyticsET (111)
[2021.05.09-11.14.04:394][955]LogModuleManager: Shutting down and abandoning module Analytics (110)
[2021.05.09-11.14.04:394][955]LogModuleManager: Shutting down and abandoning module AITestSuite (109)
[2021.05.09-11.14.04:394][955]LogModuleManager: Shutting down and abandoning module GameplayDebugger (108)
[2021.05.09-11.14.04:394][955]LogModuleManager: Shutting down and abandoning module AIModule (107)
[2021.05.09-11.14.04:394][955]LogModuleManager: Shutting down and abandoning module ProfilerService (106)
[2021.05.09-11.14.04:474][955]LogModuleManager: Shutting down and abandoning module TaskGraph (105)
[2021.05.09-11.14.04:475][955]LogModuleManager: Shutting down and abandoning module SlateRemote (104)
[2021.05.09-11.14.04:475][955]LogModuleManager: Shutting down and abandoning module ScriptEditorPlugin (103)
[2021.05.09-11.14.04:475][955]LogModuleManager: Shutting down and abandoning module CustomMeshComponent (102)
[2021.05.09-11.14.04:475][955]LogModuleManager: Shutting down and abandoning module CableComponent (101)
[2021.05.09-11.14.04:475][955]LogModuleManager: Shutting down and abandoning module MessagingDebugger (100)
[2021.05.09-11.14.04:476][955]LogModuleManager: Shutting down and abandoning module MediaPlayerEditor (99)
[2021.05.09-11.14.04:476][955]LogModuleManager: Shutting down and abandoning module SpeedTreeImporter (98)
[2021.05.09-11.14.04:476][955]LogModuleManager: Shutting down and abandoning module PluginsEditor (97)
[2021.05.09-11.14.04:476][955]LogModuleManager: Shutting down and abandoning module MainFrame (96)
[2021.05.09-11.14.04:476][955]LogModuleManager: Shutting down and abandoning module EpicSurvey (95)
[2021.05.09-11.14.04:476][955]LogModuleManager: Shutting down and abandoning module DesktopPlatform (94)
[2021.05.09-11.14.04:476][955]LogModuleManager: Shutting down and abandoning module DirectoryWatcher (93)
[2021.05.09-11.14.04:477][955]LogModuleManager: Shutting down and abandoning module HotReload (92)
[2021.05.09-11.14.04:477][955]LogModuleManager: Shutting down and abandoning module VisualStudioSourceCodeAccess (91)
[2021.05.09-11.14.04:477][955]LogModuleManager: Shutting down and abandoning module UObjectPlugin (90)
[2021.05.09-11.14.04:477][955]LogModuleManager: Shutting down and abandoning module SubversionSourceControl (89)
[2021.05.09-11.14.04:477][955]LogModuleManager: Shutting down and abandoning module PerforceSourceControl (88)
[2021.05.09-11.14.04:477][955]LogModuleManager: Shutting down and abandoning module SourceControl (87)
[2021.05.09-11.14.04:477][955]LogModuleManager: Shutting down and abandoning module GitSourceControl (86)
[2021.05.09-11.14.04:477][955]LogModuleManager: Shutting down and abandoning module BlankPlugin (85)
[2021.05.09-11.14.04:477][955]LogModuleManager: Shutting down and abandoning module PaperTiledImporter (84)
[2021.05.09-11.14.04:477][955]LogModuleManager: Shutting down and abandoning module PaperJsonImporter (83)
[2021.05.09-11.14.04:478][955]LogModuleManager: Shutting down and abandoning module ContentBrowser (82)
[2021.05.09-11.14.04:479][955]LogModuleManager: Shutting down and abandoning module Paper2DEditor (81)
[2021.05.09-11.14.04:479][955]LogModuleManager: Shutting down and abandoning module ScriptPlugin (80)
[2021.05.09-11.14.04:479][955]LogModuleManager: Shutting down and abandoning module UdpMessaging (79)
[2021.05.09-11.14.04:580][955]LogModuleManager: Shutting down and abandoning module Paper2D (78)
[2021.05.09-11.14.04:580][955]LogModuleManager: Shutting down and abandoning module WindowsMoviePlayer (77)
[2021.05.09-11.14.04:585][955]LogModuleManager: Shutting down and abandoning module Media (76)
[2021.05.09-11.14.04:585][955]LogModuleManager: Shutting down and abandoning module WmfMedia (75)
[2021.05.09-11.14.04:587][955]LogModuleManager: Shutting down and abandoning module OnlineBlueprintSupport (74)
[2021.05.09-11.14.04:587][955]LogModuleManager: Shutting down and abandoning module PropertyEditor (73)
[2021.05.09-11.14.04:587][955]LogModuleManager: Shutting down and abandoning module BehaviorTreeEditor (72)
[2021.05.09-11.14.04:588][955]LogModuleManager: Shutting down and abandoning module FunctionalTesting (71)
[2021.05.09-11.14.04:589][955]LogModuleManager: Shutting down and abandoning module CollisionAnalyzer (70)
[2021.05.09-11.14.04:589][955]LogModuleManager: Shutting down and abandoning module WorkspaceMenuStructure (69)
[2021.05.09-11.14.04:589][955]LogModuleManager: Shutting down and abandoning module MessageLog (68)
[2021.05.09-11.14.04:589][955]LogModuleManager: Shutting down and abandoning module Sequencer (67)
[2021.05.09-11.14.04:590][955]LogModuleManager: Shutting down and abandoning module AssetTools (66)
[2021.05.09-11.14.04:590][955]LogModuleManager: Shutting down and abandoning module UMGEditor (65)
[2021.05.09-11.14.04:591][955]LogModuleManager: Shutting down and abandoning module UMG (64)
[2021.05.09-11.14.04:591][955]LogModuleManager: Shutting down and abandoning module Slate (63)
[2021.05.09-11.14.04:591][955]LogModuleManager: Shutting down and abandoning module EditorStyle (62)
[2021.05.09-11.14.04:600][955]LogModuleManager: Shutting down and abandoning module SessionServices (61)
[2021.05.09-11.14.04:600][955]LogModuleManager: Shutting down and abandoning module SourceCodeAccess (60)
[2021.05.09-11.14.04:600][955]LogModuleManager: Shutting down and abandoning module HeadMountedDisplay (59)
[2021.05.09-11.14.04:600][955]LogModuleManager: Shutting down and abandoning module XAudio2 (58)
[2021.05.09-11.14.04:600][955]LogModuleManager: Shutting down and abandoning module Networking (56)
[2021.05.09-11.14.04:600][955]LogModuleManager: Shutting down and abandoning module Core (55)
[2021.05.09-11.14.04:600][955]LogModuleManager: Shutting down and abandoning module KismetCompiler (54)
[2021.05.09-11.14.04:600][955]LogModuleManager: Shutting down and abandoning module PhysXFormats (53)
[2021.05.09-11.14.04:600][955]LogModuleManager: Shutting down and abandoning module MeshUtilities (52)
[2021.05.09-11.14.04:600][955]LogModuleManager: Shutting down and abandoning module DerivedDataCache (51)
[2021.05.09-11.14.04:651][955]LogDerivedDataCache: Shutdown
[2021.05.09-11.14.04:651][955]LogModuleManager: Shutting down and abandoning module ShaderFormatOpenGL (50)
[2021.05.09-11.14.04:651][955]LogModuleManager: Shutting down and abandoning module ShaderFormatD3D (49)
[2021.05.09-11.14.04:651][955]LogModuleManager: Shutting down and abandoning module MetalShaderFormat (48)
[2021.05.09-11.14.04:652][955]LogModuleManager: Shutting down and abandoning module TextureFormatUncompressed (47)
[2021.05.09-11.14.04:652][955]LogModuleManager: Shutting down and abandoning module TextureFormatPVR (46)
[2021.05.09-11.14.04:652][955]LogModuleManager: Shutting down and abandoning module TextureFormatIntelISPCTexComp (45)
[2021.05.09-11.14.04:652][955]LogModuleManager: Shutting down and abandoning module TextureFormatDXT (44)
[2021.05.09-11.14.04:652][955]LogModuleManager: Shutting down and abandoning module ImageWrapper (43)
[2021.05.09-11.14.04:652][955]LogModuleManager: Shutting down and abandoning module TextureFormatASTC (42)
[2021.05.09-11.14.04:652][955]LogModuleManager: Shutting down and abandoning module TextureFormatAndroid (41)
[2021.05.09-11.14.04:652][955]LogModuleManager: Shutting down and abandoning module AudioFormatOpus (40)
[2021.05.09-11.14.04:652][955]LogModuleManager: Shutting down and abandoning module AudioFormatOgg (39)
[2021.05.09-11.14.04:652][955]LogModuleManager: Shutting down and abandoning module AudioFormatADPCM (38)
[2021.05.09-11.14.04:652][955]LogModuleManager: Shutting down and abandoning module LinuxTargetPlatform (37)
[2021.05.09-11.14.04:652][955]LogModuleManager: Shutting down and abandoning module LinuxServerTargetPlatform (36)
[2021.05.09-11.14.04:652][955]LogModuleManager: Shutting down and abandoning module LinuxNoEditorTargetPlatform (35)
[2021.05.09-11.14.04:652][955]LogModuleManager: Shutting down and abandoning module Messaging (34)
[2021.05.09-11.14.04:652][955]LogModuleManager: Shutting down and abandoning module IOSTargetPlatform (33)
[2021.05.09-11.14.04:652][955]LogModuleManager: Shutting down and abandoning module HTML5TargetPlatform (32)
[2021.05.09-11.14.04:652][955]LogModuleManager: Shutting down and abandoning module Android_PVRTCTargetPlatform (31)
[2021.05.09-11.14.04:652][955]LogModuleManager: Shutting down and abandoning module Android_ETC2TargetPlatform (30)
[2021.05.09-11.14.04:652][955]LogModuleManager: Shutting down and abandoning module Android_ETC1TargetPlatform (29)
[2021.05.09-11.14.04:652][955]LogModuleManager: Shutting down and abandoning module Android_ES31TargetPlatform (28)
[2021.05.09-11.14.04:652][955]LogModuleManager: Shutting down and abandoning module Android_DXTTargetPlatform (27)
[2021.05.09-11.14.04:652][955]LogModuleManager: Shutting down and abandoning module Android_ATCTargetPlatform (26)
[2021.05.09-11.14.04:652][955]LogModuleManager: Shutting down and abandoning module AndroidTargetPlatform (25)
[2021.05.09-11.14.04:652][955]LogModuleManager: Shutting down and abandoning module WindowsTargetPlatform (24)
[2021.05.09-11.14.04:652][955]LogModuleManager: Shutting down and abandoning module WindowsServerTargetPlatform (23)
[2021.05.09-11.14.04:652][955]LogModuleManager: Shutting down and abandoning module WindowsNoEditorTargetPlatform (22)
[2021.05.09-11.14.04:652][955]LogModuleManager: Shutting down and abandoning module WindowsClientTargetPlatform (21)
[2021.05.09-11.14.04:652][955]LogModuleManager: Shutting down and abandoning module TargetPlatform (20)
[2021.05.09-11.14.04:652][955]LogModuleManager: Shutting down and abandoning module InputCore (19)
[2021.05.09-11.14.04:652][955]LogModuleManager: Shutting down and abandoning module Settings (18)
[2021.05.09-11.14.04:652][955]LogModuleManager: Shutting down and abandoning module OnlineSubsystem (16)
[2021.05.09-11.14.04:653][955]LogModuleManager: Shutting down and abandoning module OculusRift (15)
[2021.05.09-11.14.04:653][955]LogModuleManager: Shutting down and abandoning module ExampleDeviceProfileSelector (14)
[2021.05.09-11.14.04:653][955]LogModuleManager: Shutting down and abandoning module TextureCompressor (13)
[2021.05.09-11.14.04:653][955]LogModuleManager: Shutting down and abandoning module ShaderCore (12)
[2021.05.09-11.14.04:653][955]LogModuleManager: Shutting down and abandoning module Landscape (11)
[2021.05.09-11.14.04:653][955]LogModuleManager: Shutting down and abandoning module SlateRHIRenderer (10)
[2021.05.09-11.14.04:655][955]LogModuleManager: Shutting down and abandoning module OpenGLDrv (9)
[2021.05.09-11.14.04:655][955]LogModuleManager: Shutting down and abandoning module D3D11RHI (8)
[2021.05.09-11.14.04:655][955]LogModuleManager: Shutting down and abandoning module Renderer (7)
[2021.05.09-11.14.04:655][955]LogModuleManager: Shutting down and abandoning module Engine (6)
[2021.05.09-11.14.04:655][955]LogModuleManager: Shutting down and abandoning module CoreUObject (5)
[2021.05.09-11.14.04:655][955]LogModuleManager: Shutting down and abandoning module NetworkFile (4)
[2021.05.09-11.14.04:655][955]LogModuleManager: Shutting down and abandoning module StreamingFile (3)
[2021.05.09-11.14.04:655][955]LogModuleManager: Shutting down and abandoning module SandboxFile (2)
[2021.05.09-11.14.04:655][955]LogModuleManager: Shutting down and abandoning module PakFile (1)
[2021.05.09-11.14.04:657][955]LogExit: Exiting.
[2021.05.09-11.14.04:690][955]Log file closed, 05/09/21 20:14:04
