Log file open, 05/10/21 06:54:31
LogInit:Display: Running engine for game: PaperNinja
LogInit: Version: 4.7.6-2513093+++depot+UE4-Releases+4.7
LogInit: API Version: 2455222
LogInit: Compiled (64-bit): Apr 15 2015 12:09:54
LogInit: Compiled with Visual C++: 18.00.21005.01
LogInit: Build Configuration: Development
LogInit: Branch Name: ++depot+UE4-Releases+4.7
LogInit: Command line:  
LogInit: Base directory: C:/Program Files/Epic Games/UE_4.7/Engine/Binaries/Win64/
LogInit: Rocket: 1
[2021.05.09-21.54.31:870][  0]LogTaskGraph: Started task graph with 3 named threads and 8 total threads.
[2021.05.09-21.54.32:005][  0]LogOnline:Warning: No default platform service specified for OnlineSubsystem
[2021.05.09-21.54.32:102][  0]LogInit: Presizing for 0 objects not considered by GC, pre-allocating 0 bytes.
[2021.05.09-21.54.32:136][  0]LogInit: Object subsystem initialized
[2021.05.09-21.54.32:143][  0]LogConsoleResponse:Warning: Skipping Unknown console variable: 'TranslucentSortAxis = (X=0.000000,Y=-1.000000,Z=0.000000)'
[2021.05.09-21.54.32:143][  0]LogConsoleResponse:Warning:   Found in ini file 'C:/Users/magi1/Documents/PaperNinja_FirstTime/PaperNinja/Saved/Config/Windows/Engine.ini', in section '[/Script/Engine.RendererSettings]'
[2021.05.09-21.54.32:143][  0]LogConsoleResponse:Warning: Skipping Unknown console variable: 'UIScaleRule = ShortestSide'
[2021.05.09-21.54.32:143][  0]LogConsoleResponse:Warning:   Found in ini file 'C:/Users/magi1/Documents/PaperNinja_FirstTime/PaperNinja/Saved/Config/Windows/Engine.ini', in section '[/Script/Engine.RendererSettings]'
[2021.05.09-21.54.32:143][  0]LogConsoleResponse:Warning: Skipping Unknown console variable: 'UIScaleCurve = (EditorCurveData=(Keys=),ExternalCurve=None)'
[2021.05.09-21.54.32:143][  0]LogConsoleResponse:Warning:   Found in ini file 'C:/Users/magi1/Documents/PaperNinja_FirstTime/PaperNinja/Saved/Config/Windows/Engine.ini', in section '[/Script/Engine.RendererSettings]'
[2021.05.09-21.54.32:145][  0]LogInit: Selected Device Profile: [Windows]
[2021.05.09-21.54.32:145][  0]LogInit: Applying CVar settings loaded from the selected device profile: [Windows]
[2021.05.09-21.54.32:170][  0]LogInit: Computer: DESKTOP-QG331CQ
[2021.05.09-21.54.32:170][  0]LogInit: User: magi1
[2021.05.09-21.54.32:170][  0]LogInit: CPU Page size=4096, Cores=6
[2021.05.09-21.54.32:170][  0]LogInit: High frequency timer resolution =10.000000 MHz
[2021.05.09-21.54.32:171][  0]LogMemory: Memory total: Physical=15.9GB (16GB approx) Virtual=131072.0GB
[2021.05.09-21.54.32:171][  0]LogMemory: Platform Memory Stats for Windows
[2021.05.09-21.54.32:171][  0]LogMemory: Process Physical Memory: 49.71 MB used, 49.71 MB peak
[2021.05.09-21.54.32:171][  0]LogMemory: Process Virtual Memory: 28.83 MB used, 28.83 MB peak
[2021.05.09-21.54.32:171][  0]LogMemory: Physical Memory: 6234.09 MB used, 16239.85 MB total
[2021.05.09-21.54.32:171][  0]LogMemory: Virtual Memory: 4435.00 MB used, 134217728.00 MB total
[2021.05.09-21.54.32:539][  0]LogD3D11RHI: Found D3D11 adapter 0: NVIDIA GeForce RTX 2080 (Feature Level 11_0)
[2021.05.09-21.54.32:539][  0]LogD3D11RHI: Adapter has 8010MB of dedicated video memory, 0MB of dedicated system memory, and 8119MB of shared system memory, 2 output[s]
[2021.05.09-21.54.32:661][  0]LogD3D11RHI: Found D3D11 adapter 1: Intel(R) UHD Graphics 630 (Feature Level 11_0)
[2021.05.09-21.54.32:661][  0]LogD3D11RHI: Adapter has 128MB of dedicated video memory, 0MB of dedicated system memory, and 8119MB of shared system memory, 0 output[s]
[2021.05.09-21.54.32:666][  0]LogD3D11RHI: Found D3D11 adapter 2: Microsoft Basic Render Driver (Feature Level 11_0)
[2021.05.09-21.54.32:666][  0]LogD3D11RHI: Adapter has 0MB of dedicated video memory, 0MB of dedicated system memory, and 8119MB of shared system memory, 0 output[s]
[2021.05.09-21.54.32:666][  0]LogD3D11RHI: Chosen D3D11 Adapter Id = 0
[2021.05.09-21.54.32:679][  0]LogRHI: Texture pool is 1361 MB (70% of 1945 MB)
[2021.05.09-21.54.32:881][  0]LogD3D11RHI: Async texture creation enabled
[2021.05.09-21.54.33:328][  0]LogTextLocalizationManager: The requested culture ('ja_JP') has no localization data; parent culture's ('ja') localization data will be used.
[2021.05.09-21.54.33:472][  0]LogTextLocalizationManager:Warning: Loading localization resources contain conflicting entries for (Namespace:UICommands, Key:Save_ToolTip):
Resource: (C:/Program Files/Epic Games/UE_4.7/Engine/Content/Localization/Editor/ja/Editor.locres) Hash: (-29098895) String: (現行レベルをディスクに保存)
Resource: (C:/Program Files/Epic Games/UE_4.7/Engine/Content/Localization/Engine/ja/Engine.locres) Hash: (-1280300587) String: (選択データをvlogファイルに保存)
[2021.05.09-21.54.33:472][  0]LogTextLocalizationManager:Warning: Loading localization resources contain conflicting entries for (Namespace:ContentBrowser, Key:ImportAssetToolTip):
Resource: (C:/Program Files/Epic Games/UE_4.7/Engine/Content/Localization/Editor/ja/Editor.locres) Hash: (-630476809) String: ({0} にインポート...)
Resource: (C:/Program Files/Epic Games/UE_4.7/Engine/Content/Localization/Editor/ja/Editor.locres) Hash: (1271782899) String: (このフォルダへファイルからアセットをインポート)
[2021.05.09-21.54.33:619][  0]LogContentStreaming: Texture pool size is 0.000000MB
[2021.05.09-21.54.38:514][  0]LogTargetPlatformManager:Display: Building Assets For Windows
[2021.05.09-21.54.40:005][  0]LogTargetPlatformManager:Display: Building Assets For Windows
[2021.05.09-21.54.40:194][  0]LogDerivedDataCache:Display: Max Cache Size: 512 MB
[2021.05.09-21.54.40:254][  0]LogDerivedDataCache: Loaded boot cache 0.06s 39MB C:/Users/magi1/AppData/Local/UnrealEngine/4.7/DerivedDataCache/Boot.ddc.
[2021.05.09-21.54.40:254][  0]LogDerivedDataCache:Display: Loaded Boot cache: C:/Users/magi1/AppData/Local/UnrealEngine/4.7/DerivedDataCache/Boot.ddc
[2021.05.09-21.54.40:255][  0]LogDerivedDataCache: FDerivedDataBackendGraph:  Pak pak cache file ../../../../../../Users/magi1/Documents/PaperNinja_FirstTime/PaperNinja/DerivedDataCache/DDC.ddp not found, will not use a pak cache.
[2021.05.09-21.54.40:255][  0]LogDerivedDataCache: Unable to find inner node Pak for hierarchical cache Hierarchy.
[2021.05.09-21.54.40:544][  0]LogDerivedDataCache:Display: Pak cache opened for reading ../../../Engine/DerivedDataCache/Compressed.ddp.
[2021.05.09-21.54.40:559][  0]LogDerivedDataCache: Using Local data cache path C:/Users/magi1/AppData/Local/UnrealEngine/Common/DerivedDataCache: Writable
[2021.05.09-21.54.41:274][  0]LogMeshUtilities: No automatic mesh reduction module available
[2021.05.09-21.54.41:274][  0]LogMeshUtilities: No automatic mesh merging module available
[2021.05.09-21.54.42:260][  0]LogInit: WinSock: version 1.1 (2.2), MaxSocks=32767, MaxUdp=65467
[2021.05.09-21.54.42:604][  0]LogSlate:Warning: Failed to load font data from '../../../Engine/Content/Slate/Fonts/Roboto-Italic.ttf'
[2021.05.09-21.54.45:132][  0]UdpMessaging: Initializing bridge on interface 0.0.0.0:0 to multicast group 230.0.0.1:6666.
[2021.05.09-21.54.45:759][  0]SourceControl: 情報 ソースコントロールは無効です
[2021.05.09-21.54.45:759][  0]SourceControl: 情報 ソースコントロールは無効です
[2021.05.09-21.54.45:760][  0]SourceControl: 情報 ソースコントロールは無効です
[2021.05.09-21.54.45:760][  0]LogSourceControl: RunCommandInternalRaw: 'git version'
[2021.05.09-21.54.45:760][  0]LogSourceControl: RunCommandInternalRaw: ExecProcess ReturnCode=2 OutResults=''
[2021.05.09-21.54.45:809][  0]SourceControl: 情報 ソースコントロールは無効です
[2021.05.09-21.54.46:476][  0]LogObj: 24232 objects as part of root set at end of initial load.
[2021.05.09-21.54.46:476][  0]LogUObjectAllocator: 5137176 out of 0 bytes used by permanent object pool.
[2021.05.09-21.54.46:676][  0]LogEngine: Initializing Engine...
[2021.05.09-21.54.49:186][  0]LogInit: XAudio2 using 'スピーカー (Realtek(R) Audio)' : 2 channels at 48 kHz using 32 bits per sample (channel mask 0x3)
[2021.05.09-21.54.49:337][  0]LogInit: FAudioDevice initialized.
[2021.05.09-21.54.49:504][  0]LogAIModule: Creating AISystem for world NewWorld
[2021.05.09-21.54.49:534][  0]LogDerivedDataCache: Saved boot cache 0.03s 39MB C:/Users/magi1/AppData/Local/UnrealEngine/4.7/DerivedDataCache/Boot.ddc.
[2021.05.09-21.54.49:539][  0]LogInit: Texture streaming: Enabled
[2021.05.09-21.54.49:720][  0]LogAnalytics: Creating configured Analytics provider AnalyticsET
[2021.05.09-21.54.49:721][  0]LogAnalytics: ET APIKey = Rocket.Release. APIServer = http://et2.epicgames.com/ET2/. AppVersion = 4.7.6-2513093+++depot+UE4-Releases+4.7
[2021.05.09-21.54.49:721][  0]LogAnalytics: ET APIKey = Rocket.Release. DataRouterUploadURL = https://datarouter-public-service-gamedev.ol.epicgames.net/datarouter/api/v1/public/data. AppVersion = 4.7.6-2513093+++depot+UE4-Releases+4.7
[2021.05.09-21.54.49:721][  0]LogAnalytics: SetUserId 144e59504b07e7078f7f9fbff0f199ea|e89bcdc3dddd40638ff112a71cef8e67|badf8662-73b2-480e-8b08-9b9fdfc993be
[2021.05.09-21.54.49:721][  0]LogAnalytics: AnalyticsET::StartSession [Rocket.Release]
[2021.05.09-21.54.49:838][  0]LogInit: Transaction tracking system initialized
[2021.05.09-21.54.50:326][  0]BlueprintLog: New page: エディタの読み込み
[2021.05.09-21.54.50:426][  0]LogAssetRegistry: FAssetRegistry took 0.0117 seconds to start up
[2021.05.09-21.54.50:427][  0]LogDirectoryWatcher:Warning: Failed to begin reading directory changes for ../../../Engine/Plugins/Experimental/CharacterAI/Content/. Error: 0
[2021.05.09-21.54.51:863][  0]LogTargetPlatformManager:Display: Building Assets For Windows
[2021.05.09-21.54.52:616][  0]LogTargetPlatformManager:Display: Building Assets For Windows
[2021.05.09-21.54.53:579][  0]LogSlate:Warning: Failed to load font data from '../../../Engine/Content/Editor/Slate/Fonts/Roboto-Regular.ttf'
[2021.05.09-21.54.53:580][  0]LogSlate:Warning: Failed to load font data from '../../../Engine/Content/Editor/Slate/Fonts/Roboto-Bold.ttf'
[2021.05.09-21.54.53:594][  0]LogConsoleResponse:Display: 
[2021.05.09-21.54.53:947][  0]LogCook:Display: Done creating registry. It took  0.00s.
[2021.05.09-21.54.54:537][  0]SourceControl: 情報 ソースコントロールは無効です
[2021.05.09-21.54.54:537][  0]Cmd: MAP LOAD FILE="../../../../../../Users/magi1/Documents/PaperNinja_FirstTime/PaperNinja/Content/StarterContent/Maps/Minimal_Default.umap" TEMPLATE=0 SHOWPROGRESS=1 FEATURELEVEL=3
[2021.05.09-21.54.54:540][  0]LightingResults: New page: ライティングのビルド
[2021.05.09-21.54.54:609][  0]MapCheck: New page: マップをチェック
[2021.05.09-21.54.54:609][  0]LightingResults: New page: <何も選択されていません>
[2021.05.09-21.54.54:627][  0]LogParticles: Destroying 0 GPU particle simulations for FXSystem 0x000001FE4EBE4E00
[2021.05.09-21.54.56:959][  0]LogEditorServer: Finished looking for orphan Actors (0.000 secs)
[2021.05.09-21.54.56:994][  0]LogAIModule: Creating AISystem for world Minimal_Default
[2021.05.09-21.54.56:996][  0]Cmd: MAP CHECKDEP
[2021.05.09-21.54.56:996][  0]MapCheck: New page: Minimal_Default - 2021/05/10 15:54:56
[2021.05.09-21.54.57:442][  0]MapCheck: 情報 マップチェックが完了: 0 エラー、 0 警告、完了に 446.382ミリ秒かかりました。
[2021.05.09-21.54.57:443][  0]LogFileHelpers: Loading map 'Minimal_Default' took 2.906
[2021.05.09-21.54.57:936][  0]LogCollectionManager: Loaded 0 collections in 0.008687 seconds
[2021.05.09-21.54.57:970][  0]LogContentBrowser: Native class hierarchy populated in 0.0337 seconds. Added 1696 classes and 261 folders.
[2021.05.09-21.54.58:162][  0]LogContentBrowser: Native class hierarchy updated for 'SceneOutliner' in 0.0124 seconds. Added 1 classes and 2 folders.
[2021.05.09-21.54.58:274][  0]LogContentBrowser: Native class hierarchy updated for 'WorldBrowser' in 0.0124 seconds. Added 1 classes and 3 folders.
[2021.05.09-21.54.58:602][  0]LogCrashTracker: Crashtracker disabled due to settings.
[2021.05.09-21.54.58:607][  0]LogSlate:Warning: Failed to load font data from 'Veranda'
[2021.05.09-21.54.58:636][  0]LogUObjectGlobals:Warning: オブジェクト 'Class なし.' が見つかりませんでした
[2021.05.09-21.54.58:692][  0]LogLoad: Full Startup: 31.35 seconds (BP compile: 0.20 seconds)
[2021.05.09-21.54.59:713][  0]LogRenderer:Warning: Reallocating scene render targets to support 32x32 (Frame:2).
[2021.05.09-21.54.59:892][  0]LogRenderer:Warning: Reallocating scene render targets to support 1200x576 (Frame:3).
[2021.05.09-21.55.00:014][  1]LogContentBrowser:Verbose: The content browser source was changed by the sources view to '/Game/Characters'
[2021.05.09-21.55.05:317][ 17]LogAssetRegistry: Asset discovery search completed in 14.9032 seconds
[2021.05.09-21.55.13:080][116]LogContentBrowser:Verbose: The content browser source was changed by the sources view to '/Game/Characters'
[2021.05.09-21.55.13:123][116]LogLinker:Warning: アセット名を解決できません
[2021.05.09-21.55.16:780][200]LogContentBrowser:Verbose: The content browser source was changed by the sources view to '/Game/Blueprints'
[2021.05.09-21.55.21:155][301]LogContentBrowser:Verbose: The content browser source was changed by the sources view to '/Game/Maps'
[2021.05.09-21.55.23:442][400]LogContentBrowser:Verbose: The content browser source was changed by the sources view to '/Game/Maps/Test'
[2021.05.09-21.55.25:431][457]LogParticles:Warning: InitializeSystem called on an unregistered component. Template=/Game/StarterContent/Particles/P_Fire.P_Fire Component=/Game/Maps/Test/Test_Trigger.Test_Trigger:PersistentLevel.P_Fire_2.ParticleSystemComponent0
[2021.05.09-21.55.25:432][457]LogParticles:Warning: InitializeSystem called on an unregistered component. Template=/Game/StarterContent/Particles/P_Fire.P_Fire Component=/Game/Maps/Test/Test_Trigger.Test_Trigger:PersistentLevel.P_Fire2_5.ParticleSystemComponent0
[2021.05.09-21.55.25:434][457]LogParticles:Warning: InitializeSystem called on an unregistered component. Template=/Game/StarterContent/Particles/P_Fire.P_Fire Component=/Game/Maps/Test/Test_Trigger.Test_Trigger:PersistentLevel.P_Fire3_8.ParticleSystemComponent0
[2021.05.09-21.55.25:460][457]LogActorComponent: UnregisterComponent: (/Engine/Transient.CharMoveComp) Not registered. Aborting.
[2021.05.09-21.55.25:500][457]Cmd: MAP LOAD FILE="../../../../../../Users/magi1/Documents/PaperNinja_FirstTime/PaperNinja/Content/Maps/Test/Test_Trigger.umap" TEMPLATE=0 SHOWPROGRESS=1 FEATURELEVEL=3
[2021.05.09-21.55.25:501][457]LightingResults: New page: ライティングのビルド
[2021.05.09-21.55.25:558][457]LoadErrors: New page: マップをロード中: Test_Trigger.umap
[2021.05.09-21.55.25:559][457]MapCheck: New page: マップをチェック
[2021.05.09-21.55.25:559][457]LightingResults: New page: <何も選択されていません>
[2021.05.09-21.55.25:576][457]LogParticles: Destroying 0 GPU particle simulations for FXSystem 0x000001FE456847C0
[2021.05.09-21.55.25:640][457]LogEditorServer: Finished looking for orphan Actors (0.000 secs)
[2021.05.09-21.55.25:647][457]LogAIModule: Creating AISystem for world Test_Trigger
[2021.05.09-21.55.25:718][457]Cmd: MAP CHECKDEP
[2021.05.09-21.55.25:718][457]MapCheck: New page: Test_Trigger - 2021/05/10 15:55:25
[2021.05.09-21.55.25:987][457]MapCheck: 情報 マップチェックが完了: 0 エラー、 0 警告、完了に 269.278ミリ秒かかりました。
[2021.05.09-21.55.25:990][457]LogFileHelpers: Loading map 'Test_Trigger' took 0.493
[2021.05.09-21.55.34:994][832]LogContentBrowser:Verbose: The content browser source was changed by the sources view to '/Game/StarterContent'
[2021.05.09-21.55.37:228][881]LogContentBrowser:Verbose: The content browser source was changed by the sources view to '/Game/StarterContent/Particles'
[2021.05.09-21.55.57:442][220]LogContentBrowser:Verbose: The content browser source was changed by the sources view to '/Game/Blueprints'
[2021.05.09-21.56.13:175][577]LogMaterial: Missing cached shader map for material Material_0, compiling. 
[2021.05.09-21.56.38:531][ 71]LogActorComponent: UnregisterComponent: (/Engine/Transient.CharMoveComp) Not registered. Aborting.
[2021.05.09-21.56.39:293][ 71]LogContentBrowser:Verbose: The content browser source was changed by the sources view to 'None'
[2021.05.09-21.56.39:294][ 71]LogContentBrowser:Verbose: The content browser source was changed by the sources view to '/Game/Blueprints'
[2021.05.09-21.56.42:022][133]LogActorComponent: UnregisterComponent: (/Engine/Transient.CharMoveComp) Not registered. Aborting.
[2021.05.09-21.56.42:313][133]LogSavePackage: Save=162.708603ms
[2021.05.09-21.56.42:313][133]LogSavePackage: Moving '../../../../../../Users/magi1/Documents/PaperNinja_FirstTime/PaperNinja/Saved/Test_TriggerE79791E2447EA59F1A3DAA807F352D25.tmp' to '../../../../../../Users/magi1/Documents/PaperNinja_FirstTime/PaperNinja/Content/Maps/Test/Test_Trigger.umap'
[2021.05.09-21.56.43:702][165]LogActorComponent: UnregisterComponent: (/Engine/Transient.CharMoveComp) Not registered. Aborting.
[2021.05.09-21.56.45:517][165]Cmd: OBJ SAVEPACKAGE PACKAGE="/Game/Blueprints/PNTrapFireActor" FILE="../../../../../../Users/magi1/Documents/PaperNinja_FirstTime/PaperNinja/Content/Blueprints/PNTrapFireActor.uasset" SILENT=true
[2021.05.09-21.56.45:588][165]LogSavePackage: Save=57.924599ms
[2021.05.09-21.56.45:588][165]LogSavePackage: Moving '../../../../../../Users/magi1/Documents/PaperNinja_FirstTime/PaperNinja/Saved/PNTrapFireActorC1F905C240AC29DFC7622091E6A5FE72.tmp' to '../../../../../../Users/magi1/Documents/PaperNinja_FirstTime/PaperNinja/Content/Blueprints/PNTrapFireActor.uasset'
[2021.05.09-21.56.47:788][230]LogRenderer:Warning: Reallocating scene render targets to support 1200x904 (Frame:1915).
[2021.05.09-21.57.43:144][860]LogWindows:Error: Windows GetLastError: この操作を正しく終了しました。 (0)
[2021.05.09-21.57.43:144][860]LogCrashTracker: 


[2021.05.09-21.57.50:206][860]LogCrashTracker: 


[2021.05.09-21.57.50:206][860]LogWindows: === Critical error: ===
Assertion failed: !bIsChangingText [File:D:\BuildFarm\buildmachine_++depot+UE4-Releases+4.7\Engine\Source\Runtime\Slate\Private\Widgets\Text\SMultiLineEditableText.cpp] [Line: 559] 



KERNELBASE.dll!UnknownFunction (0x00007fff9ec44b89) + 0 bytes [UnknownFile:0]
UE4Editor-Core.dll!FOutputDeviceWindowsError::Serialize() (0x00007fff1c758074) + 0 bytes [d:\buildfarm\buildmachine_++depot+ue4-releases+4.7\engine\source\runtime\core\private\windows\windowsplatformoutputdevices.cpp:95]
UE4Editor-Core.dll!FOutputDevice::Logf__VA() (0x00007fff1c5d7878) + 159 bytes [d:\buildfarm\buildmachine_++depot+ue4-releases+4.7\engine\source\runtime\core\private\misc\outputdevice.cpp:144]
UE4Editor-Core.dll!FDebug::AssertFailed() (0x00007fff1c5b8b17) + 62 bytes [d:\buildfarm\buildmachine_++depot+ue4-releases+4.7\engine\source\runtime\core\private\misc\outputdevice.cpp:224]
UE4Editor-Slate.dll!SMultiLineEditableText::StartChangingText() (0x00007fff1f325d16) + 0 bytes [d:\buildfarm\buildmachine_++depot+ue4-releases+4.7\engine\source\runtime\slate\private\widgets\text\smultilineeditabletext.cpp:563]
UE4Editor-Slate.dll!FTextEditHelper::OnKeyChar() (0x00007fff1f21b49d) + 32 bytes [d:\buildfarm\buildmachine_++depot+ue4-releases+4.7\engine\source\runtime\slate\private\framework\text\textedithelper.cpp:86]
UE4Editor-Slate.dll!SMultiLineEditableText::OnKeyChar() (0x00007fff1f31dba3) + 77 bytes [d:\buildfarm\buildmachine_++depot+ue4-releases+4.7\engine\source\runtime\slate\private\widgets\text\smultilineeditabletext.cpp:2306]
UE4Editor-Slate.dll!<lambda_f4267d5369f6530713340915266300fb>::operator()() (0x00007fff1f0fde22) + 38 bytes [d:\buildfarm\buildmachine_++depot+ue4-releases+4.7\engine\source\runtime\slate\private\framework\application\slateapplication.cpp:3504]
UE4Editor-Slate.dll!FEventRouter::Route<FReply,FEventRouter::FBubblePolicy,FCharacterEvent,<lambda_f4267d5369f6530713340915266300fb> >() (0x00007fff1f0b6c9d) + 29 bytes [d:\buildfarm\buildmachine_++depot+ue4-releases+4.7\engine\source\runtime\slate\private\framework\application\slateapplication.cpp:202]
UE4Editor-Slate.dll!FEventRouter::RouteAlongFocusPath<FEventRouter::FBubblePolicy,<lambda_f4267d5369f6530713340915266300fb>,FCharacterEvent>() (0x00007fff1f0b8ace) + 34 bytes [d:\buildfarm\buildmachine_++depot+ue4-releases+4.7\engine\source\runtime\slate\private\framework\application\slateapplication.cpp:184]
UE4Editor-Slate.dll!FSlateApplication::ProcessKeyCharEvent() (0x00007fff1f163a74) + 150 bytes [d:\buildfarm\buildmachine_++depot+ue4-releases+4.7\engine\source\runtime\slate\private\framework\application\slateapplication.cpp:3505]
UE4Editor-Slate.dll!FSlateApplication::OnKeyChar() (0x00007fff1f153633) + 14 bytes [d:\buildfarm\buildmachine_++depot+ue4-releases+4.7\engine\source\runtime\slate\private\framework\application\slateapplication.cpp:3485]
UE4Editor-Core.dll!FWindowsApplication::ProcessDeferredMessage() (0x00007fff1c6b3008) + 0 bytes [d:\buildfarm\buildmachine_++depot+ue4-releases+4.7\engine\source\runtime\core\private\windows\windowsapplication.cpp:1149]
UE4Editor-Core.dll!FWindowsApplication::DeferMessage() (0x00007fff1c6a5d2e) + 74 bytes [d:\buildfarm\buildmachine_++depot+ue4-releases+4.7\engine\source\runtime\core\private\windows\windowsapplication.cpp:1669]
UE4Editor-Core.dll!FWindowsApplication::ProcessMessage() (0x00007fff1c6b4d50) + 41 bytes [d:\buildfarm\buildmachine_++depot+ue4-releases+4.7\engine\source\runtime\core\private\windows\windowsapplication.cpp:742]
UE4Editor-Core.dll!FWindowsApplication::AppWndProc() (0x00007fff1c6a3192) + 0 bytes [d:\buildfarm\buildmachine_++depot+ue4-releases+4.7\engine\source\runtime\core\private\windows\windowsapplication.cpp:604]
USER32.dll!UnknownFunction (0x00007fff9fede858) + 0 bytes [UnknownFile:0]
USER32.dll!UnknownFunction (0x00007fff9fede299) + 0 bytes [UnknownFile:0]
UE4Editor-Core.dll!FWindowsPlatformMisc::PumpMessages() (0x00007fff1c753ec6) + 48 bytes [d:\buildfarm\buildmachine_++depot+ue4-releases+4.7\engine\source\runtime\core\private\windows\windowsplatformmisc.cpp:774]
UE4Editor.exe!FEngineLoop::Tick() (0x00007ff6669500a9) + 8 bytes [d:\buildfarm\buildmachine_++depot+ue4-releases+4.7\engine\source\runtime\launch\private\launchengineloop.cpp:2233]
UE4Editor.exe!GuardedMain() (0x00007ff66694267c) + 0 bytes [d:\buildfarm\buildmachine_++depot+ue4-releases+4.7\engine\source\runtime\launch\private\launch.cpp:142]
UE4Editor.exe!GuardedMainWrapper() (0x00007ff6669426ea) + 5 bytes [d:\buildfarm\buildmachine_++depot+ue4-releases+4.7\engine\source\runtime\launch\private\windows\launchwindows.cpp:126]
UE4Editor.exe!WinMain() (0x00007ff666952219) + 17 bytes [d:\buildfarm\buildmachine_++depot+ue4-releases+4.7\engine\source\runtime\launch\private\windows\launchwindows.cpp:202]
UE4Editor.exe!__tmainCRTStartup() (0x00007ff666953159) + 21 bytes [f:\dd\vctools\crt\crtw32\dllstuff\crtexe.c:618]
KERNEL32.DLL!UnknownFunction (0x00007fffa0577034) + 0 bytes [UnknownFile:0]
ntdll.dll!UnknownFunction (0x00007fffa14a2651) + 0 bytes [UnknownFile:0]
ntdll.dll!UnknownFunction (0x00007fffa14a2651) + 0 bytes [UnknownFile:0]


[2021.05.09-21.57.50:440][860]LogExit: Executing StaticShutdownAfterError
[2021.05.09-21.57.50:445][860]LogWindows: FPlatformMisc::RequestExit(1)
[2021.05.09-21.57.50:445][860]Log file closed, 05/10/21 06:57:50
