Log file open, 06/03/21 20:50:53
LogInit:Display: Running engine for game: PaperNinja
LogInit: Version: 4.7.6-2513093+++depot+UE4-Releases+4.7
LogInit: API Version: 2455222
LogInit: Compiled (64-bit): Apr 15 2015 12:09:54
LogInit: Compiled with Visual C++: 18.00.21005.01
LogInit: Build Configuration: Development
LogInit: Branch Name: ++depot+UE4-Releases+4.7
LogInit: Command line:  
LogInit: Base directory: C:/Program Files/Epic Games/UE_4.7/Engine/Binaries/Win64/
LogInit: Rocket: 1
[2021.06.03-11.50.53:450][  0]LogTaskGraph: Started task graph with 3 named threads and 8 total threads.
[2021.06.03-11.50.53:527][  0]LogOnline:Warning: No default platform service specified for OnlineSubsystem
[2021.06.03-11.50.53:541][  0]LogInit: Presizing for 0 objects not considered by GC, pre-allocating 0 bytes.
[2021.06.03-11.50.53:548][  0]LogInit: Object subsystem initialized
[2021.06.03-11.50.53:550][  0]LogConsoleResponse:Warning: Skipping Unknown console variable: 'TranslucentSortAxis = (X=0.000000,Y=-1.000000,Z=0.000000)'
[2021.06.03-11.50.53:550][  0]LogConsoleResponse:Warning:   Found in ini file 'C:/Users/magi1/Documents/PaperNinja_FirstTime/PaperNinja/Saved/Config/Windows/Engine.ini', in section '[/Script/Engine.RendererSettings]'
[2021.06.03-11.50.53:550][  0]LogConsoleResponse:Warning: Skipping Unknown console variable: 'UIScaleRule = ShortestSide'
[2021.06.03-11.50.53:550][  0]LogConsoleResponse:Warning:   Found in ini file 'C:/Users/magi1/Documents/PaperNinja_FirstTime/PaperNinja/Saved/Config/Windows/Engine.ini', in section '[/Script/Engine.RendererSettings]'
[2021.06.03-11.50.53:550][  0]LogConsoleResponse:Warning: Skipping Unknown console variable: 'UIScaleCurve = (EditorCurveData=(Keys=),ExternalCurve=None)'
[2021.06.03-11.50.53:550][  0]LogConsoleResponse:Warning:   Found in ini file 'C:/Users/magi1/Documents/PaperNinja_FirstTime/PaperNinja/Saved/Config/Windows/Engine.ini', in section '[/Script/Engine.RendererSettings]'
[2021.06.03-11.50.53:550][  0]LogInit: Selected Device Profile: [Windows]
[2021.06.03-11.50.53:550][  0]LogInit: Applying CVar settings loaded from the selected device profile: [Windows]
[2021.06.03-11.50.53:559][  0]LogInit: Computer: DESKTOP-QG331CQ
[2021.06.03-11.50.53:559][  0]LogInit: User: magi1
[2021.06.03-11.50.53:559][  0]LogInit: CPU Page size=4096, Cores=6
[2021.06.03-11.50.53:559][  0]LogInit: High frequency timer resolution =10.000000 MHz
[2021.06.03-11.50.53:559][  0]LogMemory: Memory total: Physical=15.9GB (16GB approx) Virtual=131072.0GB
[2021.06.03-11.50.53:559][  0]LogMemory: Platform Memory Stats for Windows
[2021.06.03-11.50.53:559][  0]LogMemory: Process Physical Memory: 49.80 MB used, 49.80 MB peak
[2021.06.03-11.50.53:559][  0]LogMemory: Process Virtual Memory: 26.70 MB used, 26.70 MB peak
[2021.06.03-11.50.53:559][  0]LogMemory: Physical Memory: 5899.31 MB used, 16239.85 MB total
[2021.06.03-11.50.53:559][  0]LogMemory: Virtual Memory: 4432.94 MB used, 134217728.00 MB total
[2021.06.03-11.50.53:704][  0]LogD3D11RHI: Found D3D11 adapter 0: NVIDIA GeForce RTX 2080 (Feature Level 11_0)
[2021.06.03-11.50.53:704][  0]LogD3D11RHI: Adapter has 8010MB of dedicated video memory, 0MB of dedicated system memory, and 8119MB of shared system memory, 2 output[s]
[2021.06.03-11.50.53:736][  0]LogD3D11RHI: Found D3D11 adapter 1: Intel(R) UHD Graphics 630 (Feature Level 11_0)
[2021.06.03-11.50.53:736][  0]LogD3D11RHI: Adapter has 128MB of dedicated video memory, 0MB of dedicated system memory, and 8119MB of shared system memory, 0 output[s]
[2021.06.03-11.50.53:737][  0]LogD3D11RHI: Found D3D11 adapter 2: Microsoft Basic Render Driver (Feature Level 11_0)
[2021.06.03-11.50.53:737][  0]LogD3D11RHI: Adapter has 0MB of dedicated video memory, 0MB of dedicated system memory, and 8119MB of shared system memory, 0 output[s]
[2021.06.03-11.50.53:738][  0]LogD3D11RHI: Chosen D3D11 Adapter Id = 0
[2021.06.03-11.50.53:742][  0]LogRHI: Texture pool is 1361 MB (70% of 1945 MB)
[2021.06.03-11.50.53:826][  0]LogD3D11RHI: Async texture creation enabled
[2021.06.03-11.50.53:890][  0]LogTextLocalizationManager: The requested culture ('ja_JP') has no localization data; parent culture's ('ja') localization data will be used.
[2021.06.03-11.50.53:936][  0]LogTextLocalizationManager:Warning: Loading localization resources contain conflicting entries for (Namespace:UICommands, Key:Save_ToolTip):
Resource: (C:/Program Files/Epic Games/UE_4.7/Engine/Content/Localization/Editor/ja/Editor.locres) Hash: (-29098895) String: (現行レベルをディスクに保存)
Resource: (C:/Program Files/Epic Games/UE_4.7/Engine/Content/Localization/Engine/ja/Engine.locres) Hash: (-1280300587) String: (選択データをvlogファイルに保存)
[2021.06.03-11.50.53:936][  0]LogTextLocalizationManager:Warning: Loading localization resources contain conflicting entries for (Namespace:ContentBrowser, Key:ImportAssetToolTip):
Resource: (C:/Program Files/Epic Games/UE_4.7/Engine/Content/Localization/Editor/ja/Editor.locres) Hash: (-630476809) String: ({0} にインポート...)
Resource: (C:/Program Files/Epic Games/UE_4.7/Engine/Content/Localization/Editor/ja/Editor.locres) Hash: (1271782899) String: (このフォルダへファイルからアセットをインポート)
[2021.06.03-11.50.54:005][  0]LogContentStreaming: Texture pool size is 0.000000MB
[2021.06.03-11.50.55:941][  0]LogTargetPlatformManager:Display: Building Assets For Windows
[2021.06.03-11.50.56:421][  0]LogTargetPlatformManager:Display: Building Assets For Windows
[2021.06.03-11.50.56:484][  0]LogDerivedDataCache:Display: Max Cache Size: 512 MB
[2021.06.03-11.50.56:511][  0]LogDerivedDataCache: Loaded boot cache 0.03s 39MB C:/Users/magi1/AppData/Local/UnrealEngine/4.7/DerivedDataCache/Boot.ddc.
[2021.06.03-11.50.56:511][  0]LogDerivedDataCache:Display: Loaded Boot cache: C:/Users/magi1/AppData/Local/UnrealEngine/4.7/DerivedDataCache/Boot.ddc
[2021.06.03-11.50.56:511][  0]LogDerivedDataCache: FDerivedDataBackendGraph:  Pak pak cache file ../../../../../../Users/magi1/Documents/PaperNinja_FirstTime/PaperNinja/DerivedDataCache/DDC.ddp not found, will not use a pak cache.
[2021.06.03-11.50.56:511][  0]LogDerivedDataCache: Unable to find inner node Pak for hierarchical cache Hierarchy.
[2021.06.03-11.50.56:605][  0]LogDerivedDataCache:Display: Pak cache opened for reading ../../../Engine/DerivedDataCache/Compressed.ddp.
[2021.06.03-11.50.56:617][  0]LogDerivedDataCache: Using Local data cache path C:/Users/magi1/AppData/Local/UnrealEngine/Common/DerivedDataCache: Writable
[2021.06.03-11.50.56:840][  0]LogMeshUtilities: No automatic mesh reduction module available
[2021.06.03-11.50.56:840][  0]LogMeshUtilities: No automatic mesh merging module available
[2021.06.03-11.50.57:139][  0]LogInit: WinSock: version 1.1 (2.2), MaxSocks=32767, MaxUdp=65467
[2021.06.03-11.50.57:229][  0]LogSlate:Warning: Failed to load font data from '../../../Engine/Content/Slate/Fonts/Roboto-Italic.ttf'
[2021.06.03-11.50.57:921][  0]UdpMessaging: Initializing bridge on interface 0.0.0.0:0 to multicast group 230.0.0.1:6666.
[2021.06.03-11.50.58:140][  0]SourceControl: 情報 ソースコントロールは無効です
[2021.06.03-11.50.58:140][  0]SourceControl: 情報 ソースコントロールは無効です
[2021.06.03-11.50.58:141][  0]SourceControl: 情報 ソースコントロールは無効です
[2021.06.03-11.50.58:141][  0]LogSourceControl: RunCommandInternalRaw: 'git version'
[2021.06.03-11.50.58:141][  0]LogSourceControl: RunCommandInternalRaw: ExecProcess ReturnCode=2 OutResults=''
[2021.06.03-11.50.58:151][  0]SourceControl: 情報 ソースコントロールは無効です
[2021.06.03-11.50.58:344][  0]LogObj: 24232 objects as part of root set at end of initial load.
[2021.06.03-11.50.58:344][  0]LogUObjectAllocator: 5137168 out of 0 bytes used by permanent object pool.
[2021.06.03-11.50.58:414][  0]LogEngine: Initializing Engine...
[2021.06.03-11.51.00:578][  0]LogInit: XAudio2 using 'スピーカー (Realtek(R) Audio)' : 2 channels at 48 kHz using 32 bits per sample (channel mask 0x3)
[2021.06.03-11.51.00:598][  0]LogInit: FAudioDevice initialized.
[2021.06.03-11.51.00:639][  0]LogAIModule: Creating AISystem for world NewWorld
[2021.06.03-11.51.00:654][  0]LogDerivedDataCache: Saved boot cache 0.01s 39MB C:/Users/magi1/AppData/Local/UnrealEngine/4.7/DerivedDataCache/Boot.ddc.
[2021.06.03-11.51.00:657][  0]LogInit: Texture streaming: Enabled
[2021.06.03-11.51.00:741][  0]LogAnalytics: Creating configured Analytics provider AnalyticsET
[2021.06.03-11.51.00:741][  0]LogAnalytics: ET APIKey = Rocket.Release. APIServer = http://et2.epicgames.com/ET2/. AppVersion = 4.7.6-2513093+++depot+UE4-Releases+4.7
[2021.06.03-11.51.00:741][  0]LogAnalytics: ET APIKey = Rocket.Release. DataRouterUploadURL = https://datarouter-public-service-gamedev.ol.epicgames.net/datarouter/api/v1/public/data. AppVersion = 4.7.6-2513093+++depot+UE4-Releases+4.7
[2021.06.03-11.51.00:742][  0]LogAnalytics: SetUserId 144e59504b07e7078f7f9fbff0f199ea|e89bcdc3dddd40638ff112a71cef8e67|badf8662-73b2-480e-8b08-9b9fdfc993be
[2021.06.03-11.51.00:742][  0]LogAnalytics: AnalyticsET::StartSession [Rocket.Release]
[2021.06.03-11.51.00:777][  0]LogInit: Transaction tracking system initialized
[2021.06.03-11.51.00:968][  0]BlueprintLog: New page: エディタの読み込み
[2021.06.03-11.51.01:005][  0]LogAssetRegistry: FAssetRegistry took 0.0106 seconds to start up
[2021.06.03-11.51.01:005][  0]LogDirectoryWatcher:Warning: Failed to begin reading directory changes for ../../../Engine/Plugins/Experimental/CharacterAI/Content/. Error: 0
[2021.06.03-11.51.01:500][  0]LogTargetPlatformManager:Display: Building Assets For Windows
[2021.06.03-11.51.01:784][  0]LogTargetPlatformManager:Display: Building Assets For Windows
[2021.06.03-11.51.02:059][  0]LogSlate:Warning: Failed to load font data from '../../../Engine/Content/Editor/Slate/Fonts/Roboto-Regular.ttf'
[2021.06.03-11.51.02:060][  0]LogSlate:Warning: Failed to load font data from '../../../Engine/Content/Editor/Slate/Fonts/Roboto-Bold.ttf'
[2021.06.03-11.51.02:063][  0]LogConsoleResponse:Display: 
[2021.06.03-11.51.02:173][  0]LogCook:Display: Done creating registry. It took  0.00s.
[2021.06.03-11.51.02:326][  0]SourceControl: 情報 ソースコントロールは無効です
[2021.06.03-11.51.02:326][  0]Cmd: MAP LOAD FILE="../../../../../../Users/magi1/Documents/PaperNinja_FirstTime/PaperNinja/Content/StarterContent/Maps/Minimal_Default.umap" TEMPLATE=0 SHOWPROGRESS=1 FEATURELEVEL=3
[2021.06.03-11.51.02:326][  0]LightingResults: New page: ライティングのビルド
[2021.06.03-11.51.02:340][  0]MapCheck: New page: マップをチェック
[2021.06.03-11.51.02:340][  0]LightingResults: New page: <何も選択されていません>
[2021.06.03-11.51.02:346][  0]LogParticles: Destroying 0 GPU particle simulations for FXSystem 0x0000021658C48EA0
[2021.06.03-11.51.03:053][  0]LogEditorServer: Finished looking for orphan Actors (0.000 secs)
[2021.06.03-11.51.03:061][  0]LogAIModule: Creating AISystem for world Minimal_Default
[2021.06.03-11.51.03:062][  0]Cmd: MAP CHECKDEP
[2021.06.03-11.51.03:062][  0]MapCheck: New page: Minimal_Default - 2021/06/04 5:51:03
[2021.06.03-11.51.03:159][  0]MapCheck: 情報 マップチェックが完了: 0 エラー、 0 警告、完了に 97.21ミリ秒かかりました。
[2021.06.03-11.51.03:159][  0]LogFileHelpers: Loading map 'Minimal_Default' took 0.833
[2021.06.03-11.51.03:300][  0]LogCollectionManager: Loaded 0 collections in 0.001747 seconds
[2021.06.03-11.51.03:307][  0]LogContentBrowser: Native class hierarchy populated in 0.0070 seconds. Added 1696 classes and 261 folders.
[2021.06.03-11.51.03:345][  0]LogContentBrowser: Native class hierarchy updated for 'SceneOutliner' in 0.0024 seconds. Added 1 classes and 2 folders.
[2021.06.03-11.51.03:367][  0]LogContentBrowser: Native class hierarchy updated for 'WorldBrowser' in 0.0025 seconds. Added 1 classes and 3 folders.
[2021.06.03-11.51.03:431][  0]LogCrashTracker: Crashtracker disabled due to settings.
[2021.06.03-11.51.03:432][  0]LogSlate:Warning: Failed to load font data from 'Veranda'
[2021.06.03-11.51.03:442][  0]LogUObjectGlobals:Warning: オブジェクト 'Class なし.' が見つかりませんでした
[2021.06.03-11.51.03:474][  0]LogLoad: Full Startup: 12.92 seconds (BP compile: 0.07 seconds)
[2021.06.03-11.51.03:522][  0]LogContentBrowser:Verbose: The content browser source was changed by the sources view to '/Game/Maps/Stage01'
[2021.06.03-11.51.03:632][  0]LogRenderer:Warning: Reallocating scene render targets to support 32x32 (Frame:2).
[2021.06.03-11.51.03:724][  0]LogRenderer:Warning: Reallocating scene render targets to support 1200x576 (Frame:5).
[2021.06.03-11.51.03:951][  4]LogAssetRegistry: Asset discovery search completed in 2.9568 seconds
[2021.06.03-11.51.10:138][367]Cmd: MAP LOAD FILE="../../../../../../Users/magi1/Documents/PaperNinja_FirstTime/PaperNinja/Content/Maps/Stage01/PNStage01_Top.umap" TEMPLATE=0 SHOWPROGRESS=1 FEATURELEVEL=3
[2021.06.03-11.51.10:138][367]LightingResults: New page: ライティングのビルド
[2021.06.03-11.51.10:165][367]LoadErrors: New page: マップをロード中: PNStage01_Top.umap
[2021.06.03-11.51.10:166][367]MapCheck: New page: マップをチェック
[2021.06.03-11.51.10:166][367]LightingResults: New page: <何も選択されていません>
[2021.06.03-11.51.10:169][367]LogParticles: Destroying 0 GPU particle simulations for FXSystem 0x000002166097C7C0
[2021.06.03-11.51.12:750][367]LogEditorServer: Finished looking for orphan Actors (0.000 secs)
[2021.06.03-11.51.12:750][367]LogAIModule: Creating AISystem for world PNStage01_Top
[2021.06.03-11.51.12:792][367]Cmd: MAP CHECKDEP
[2021.06.03-11.51.12:792][367]MapCheck: New page: PNStage01_Top - 2021/06/04 5:51:12
[2021.06.03-11.51.12:940][367]MapCheck: 情報 マップチェックが完了: 0 エラー、 0 警告、完了に 146.951ミリ秒かかりました。
[2021.06.03-11.51.12:966][367]LogFileHelpers: Loading map 'PNStage01_Top' took 2.830
[2021.06.03-11.52.01:419][245]LogContentBrowser:Verbose: The content browser source was changed by the sources view to '/Game/Blueprints'
[2021.06.03-11.52.01:478][247]LogScript:Warning: Accessed None 'CallFunc_TryGetPawnOwner_ReturnValue'
	PNAnimBP_Ninja_C /Engine/Transient.CharacterMesh0:PNAnimBP_Ninja_C_0
	Function /Game/Animations/PNAnimBP_Ninja.PNAnimBP_Ninja_C:ExecuteUbergraph_PNAnimBP_Ninja:02BB
[2021.06.03-11.52.01:478][247]LogScript:Warning: Accessed None 'K2Node_DynamicCast_AsPNPlayer_Pawn'
	PNAnimBP_Ninja_C /Engine/Transient.CharacterMesh0:PNAnimBP_Ninja_C_0
	Function /Game/Animations/PNAnimBP_Ninja.PNAnimBP_Ninja_C:ExecuteUbergraph_PNAnimBP_Ninja:03B5
[2021.06.03-11.52.01:478][247]LogScript:Warning: Accessed None 'CallFunc_TryGetPawnOwner_ReturnValue'
	PNAnimBP_Ninja_C /Engine/Transient.CharacterMesh0:PNAnimBP_Ninja_C_0
	Function /Game/Animations/PNAnimBP_Ninja.PNAnimBP_Ninja_C:ExecuteUbergraph_PNAnimBP_Ninja:02BB
[2021.06.03-11.52.01:478][247]LogScript:Warning: Accessed None 'K2Node_DynamicCast_AsPNPlayer_Pawn'
	PNAnimBP_Ninja_C /Engine/Transient.CharacterMesh0:PNAnimBP_Ninja_C_0
	Function /Game/Animations/PNAnimBP_Ninja.PNAnimBP_Ninja_C:ExecuteUbergraph_PNAnimBP_Ninja:03B5
[2021.06.03-11.52.01:480][247]LogScript:Warning: Accessed None 'CallFunc_TryGetPawnOwner_ReturnValue'
	PNAnimBP_Rabbit_C /Engine/Transient.SkeletalMeshComponent_0:PNAnimBP_Rabbit_C_1
	Function /Game/Animations/PNAnimBP_Rabbit.PNAnimBP_Rabbit_C:ExecuteUbergraph_PNAnimBP_Rabbit:0291
[2021.06.03-11.52.01:480][247]LogScript:Warning: Accessed None 'K2Node_DynamicCast_AsPNPawn_Rabbit'
	PNAnimBP_Rabbit_C /Engine/Transient.SkeletalMeshComponent_0:PNAnimBP_Rabbit_C_1
	Function /Game/Animations/PNAnimBP_Rabbit.PNAnimBP_Rabbit_C:ExecuteUbergraph_PNAnimBP_Rabbit:0353
[2021.06.03-11.52.01:480][247]LogScript:Warning: Accessed None 'CallFunc_TryGetPawnOwner_ReturnValue'
	PNAnimBP_Rabbit_C /Engine/Transient.SkeletalMeshComponent_0:PNAnimBP_Rabbit_C_1
	Function /Game/Animations/PNAnimBP_Rabbit.PNAnimBP_Rabbit_C:ExecuteUbergraph_PNAnimBP_Rabbit:0291
[2021.06.03-11.52.01:480][247]LogScript:Warning: Accessed None 'K2Node_DynamicCast_AsPNPawn_Rabbit'
	PNAnimBP_Rabbit_C /Engine/Transient.SkeletalMeshComponent_0:PNAnimBP_Rabbit_C_1
	Function /Game/Animations/PNAnimBP_Rabbit.PNAnimBP_Rabbit_C:ExecuteUbergraph_PNAnimBP_Rabbit:0353
[2021.06.03-11.52.07:624][572]LogContentBrowser:Verbose: The content browser source was changed by the sources view to '/Game/Blueprints'
[2021.06.03-11.53.28:527][872]LogActorComponent: UnregisterComponent: (/Engine/Transient.CharMoveComp) Not registered. Aborting.
[2021.06.03-11.53.28:528][872]LogActorComponent: UnregisterComponent: (/Engine/Transient.CharacterMovementComponent_0) Not registered. Aborting.
[2021.06.03-11.53.28:558][872]LogScript:Warning: Accessed None 'CallFunc_TryGetPawnOwner_ReturnValue'
	PNAnimBP_Ninja_C /Engine/Transient.SkeletalMeshComponent_1:PNAnimBP_Ninja_C_4
	Function /Game/Animations/PNAnimBP_Ninja.PNAnimBP_Ninja_C:ExecuteUbergraph_PNAnimBP_Ninja:02BB
[2021.06.03-11.53.28:558][872]LogScript:Warning: Accessed None 'K2Node_DynamicCast_AsPNPlayer_Pawn'
	PNAnimBP_Ninja_C /Engine/Transient.SkeletalMeshComponent_1:PNAnimBP_Ninja_C_4
	Function /Game/Animations/PNAnimBP_Ninja.PNAnimBP_Ninja_C:ExecuteUbergraph_PNAnimBP_Ninja:03B5
[2021.06.03-11.53.28:559][872]LogScript:Warning: Accessed None 'CallFunc_TryGetPawnOwner_ReturnValue'
	PNAnimBP_Ninja_C /Engine/Transient.SkeletalMeshComponent_1:PNAnimBP_Ninja_C_4
	Function /Game/Animations/PNAnimBP_Ninja.PNAnimBP_Ninja_C:ExecuteUbergraph_PNAnimBP_Ninja:02BB
[2021.06.03-11.53.28:559][872]LogScript:Warning: Accessed None 'K2Node_DynamicCast_AsPNPlayer_Pawn'
	PNAnimBP_Ninja_C /Engine/Transient.SkeletalMeshComponent_1:PNAnimBP_Ninja_C_4
	Function /Game/Animations/PNAnimBP_Ninja.PNAnimBP_Ninja_C:ExecuteUbergraph_PNAnimBP_Ninja:03B5
[2021.06.03-11.53.34:395][220]LogActorComponent: UnregisterComponent: (/Engine/Transient.CharacterMovementComponent_1) Not registered. Aborting.
[2021.06.03-11.53.34:419][220]LogScript:Warning: Accessed None 'CallFunc_TryGetPawnOwner_ReturnValue'
	PNAnimBP_Ninja_C /Engine/Transient.SkeletalMeshComponent_2:PNAnimBP_Ninja_C_7
	Function /Game/Animations/PNAnimBP_Ninja.PNAnimBP_Ninja_C:ExecuteUbergraph_PNAnimBP_Ninja:02BB
[2021.06.03-11.53.34:419][220]LogScript:Warning: Accessed None 'K2Node_DynamicCast_AsPNPlayer_Pawn'
	PNAnimBP_Ninja_C /Engine/Transient.SkeletalMeshComponent_2:PNAnimBP_Ninja_C_7
	Function /Game/Animations/PNAnimBP_Ninja.PNAnimBP_Ninja_C:ExecuteUbergraph_PNAnimBP_Ninja:03B5
[2021.06.03-11.53.34:419][220]LogScript:Warning: Accessed None 'CallFunc_TryGetPawnOwner_ReturnValue'
	PNAnimBP_Ninja_C /Engine/Transient.SkeletalMeshComponent_2:PNAnimBP_Ninja_C_7
	Function /Game/Animations/PNAnimBP_Ninja.PNAnimBP_Ninja_C:ExecuteUbergraph_PNAnimBP_Ninja:02BB
[2021.06.03-11.53.34:419][220]LogScript:Warning: Accessed None 'K2Node_DynamicCast_AsPNPlayer_Pawn'
	PNAnimBP_Ninja_C /Engine/Transient.SkeletalMeshComponent_2:PNAnimBP_Ninja_C_7
	Function /Game/Animations/PNAnimBP_Ninja.PNAnimBP_Ninja_C:ExecuteUbergraph_PNAnimBP_Ninja:03B5
[2021.06.03-11.53.37:125][372]LogActorComponent: UnregisterComponent: (/Engine/Transient.CharacterMovementComponent_2) Not registered. Aborting.
[2021.06.03-11.53.40:363][559]LogScript:Warning: Accessed None 'CallFunc_TryGetPawnOwner_ReturnValue'
	PNAnimBP_Ninja_C /Engine/Transient.SkeletalMeshComponent_3:PNAnimBP_Ninja_C_10
	Function /Game/Animations/PNAnimBP_Ninja.PNAnimBP_Ninja_C:ExecuteUbergraph_PNAnimBP_Ninja:02BB
[2021.06.03-11.53.40:363][559]LogScript:Warning: Accessed None 'K2Node_DynamicCast_AsPNPlayer_Pawn'
	PNAnimBP_Ninja_C /Engine/Transient.SkeletalMeshComponent_3:PNAnimBP_Ninja_C_10
	Function /Game/Animations/PNAnimBP_Ninja.PNAnimBP_Ninja_C:ExecuteUbergraph_PNAnimBP_Ninja:03B5
[2021.06.03-11.53.40:363][559]LogScript:Warning: Accessed None 'CallFunc_TryGetPawnOwner_ReturnValue'
	PNAnimBP_Ninja_C /Engine/Transient.SkeletalMeshComponent_3:PNAnimBP_Ninja_C_10
	Function /Game/Animations/PNAnimBP_Ninja.PNAnimBP_Ninja_C:ExecuteUbergraph_PNAnimBP_Ninja:02BB
[2021.06.03-11.53.40:363][559]LogScript:Warning: Accessed None 'K2Node_DynamicCast_AsPNPlayer_Pawn'
	PNAnimBP_Ninja_C /Engine/Transient.SkeletalMeshComponent_3:PNAnimBP_Ninja_C_10
	Function /Game/Animations/PNAnimBP_Ninja.PNAnimBP_Ninja_C:ExecuteUbergraph_PNAnimBP_Ninja:03B5
[2021.06.03-11.53.43:862][764]LogActorComponent: UnregisterComponent: (/Engine/Transient.CharacterMovementComponent_3) Not registered. Aborting.
[2021.06.03-11.53.43:887][764]LogScript:Warning: Accessed None 'CallFunc_TryGetPawnOwner_ReturnValue'
	PNAnimBP_Ninja_C /Engine/Transient.SkeletalMeshComponent_4:PNAnimBP_Ninja_C_13
	Function /Game/Animations/PNAnimBP_Ninja.PNAnimBP_Ninja_C:ExecuteUbergraph_PNAnimBP_Ninja:02BB
[2021.06.03-11.53.43:887][764]LogScript:Warning: Accessed None 'K2Node_DynamicCast_AsPNPlayer_Pawn'
	PNAnimBP_Ninja_C /Engine/Transient.SkeletalMeshComponent_4:PNAnimBP_Ninja_C_13
	Function /Game/Animations/PNAnimBP_Ninja.PNAnimBP_Ninja_C:ExecuteUbergraph_PNAnimBP_Ninja:03B5
[2021.06.03-11.53.43:887][764]LogScript:Warning: Accessed None 'CallFunc_TryGetPawnOwner_ReturnValue'
	PNAnimBP_Ninja_C /Engine/Transient.SkeletalMeshComponent_4:PNAnimBP_Ninja_C_13
	Function /Game/Animations/PNAnimBP_Ninja.PNAnimBP_Ninja_C:ExecuteUbergraph_PNAnimBP_Ninja:02BB
[2021.06.03-11.53.43:887][764]LogScript:Warning: Accessed None 'K2Node_DynamicCast_AsPNPlayer_Pawn'
	PNAnimBP_Ninja_C /Engine/Transient.SkeletalMeshComponent_4:PNAnimBP_Ninja_C_13
	Function /Game/Animations/PNAnimBP_Ninja.PNAnimBP_Ninja_C:ExecuteUbergraph_PNAnimBP_Ninja:03B5
[2021.06.03-11.54.06:788][907]LogActorComponent: UnregisterComponent: (/Engine/Transient.CharacterMovementComponent_4) Not registered. Aborting.
[2021.06.03-11.54.06:795][907]LogScript:Warning: Accessed None 'CallFunc_TryGetPawnOwner_ReturnValue'
	PNAnimBP_Ninja_C /Engine/Transient.SkeletalMeshComponent_5:PNAnimBP_Ninja_C_15
	Function /Game/Animations/PNAnimBP_Ninja.PNAnimBP_Ninja_C:ExecuteUbergraph_PNAnimBP_Ninja:02BB
[2021.06.03-11.54.06:795][907]LogScript:Warning: Accessed None 'K2Node_DynamicCast_AsPNPlayer_Pawn'
	PNAnimBP_Ninja_C /Engine/Transient.SkeletalMeshComponent_5:PNAnimBP_Ninja_C_15
	Function /Game/Animations/PNAnimBP_Ninja.PNAnimBP_Ninja_C:ExecuteUbergraph_PNAnimBP_Ninja:03B5
[2021.06.03-11.54.06:795][907]LogScript:Warning: Accessed None 'CallFunc_TryGetPawnOwner_ReturnValue'
	PNAnimBP_Ninja_C /Engine/Transient.SkeletalMeshComponent_5:PNAnimBP_Ninja_C_15
	Function /Game/Animations/PNAnimBP_Ninja.PNAnimBP_Ninja_C:ExecuteUbergraph_PNAnimBP_Ninja:02BB
[2021.06.03-11.54.06:795][907]LogScript:Warning: Accessed None 'K2Node_DynamicCast_AsPNPlayer_Pawn'
	PNAnimBP_Ninja_C /Engine/Transient.SkeletalMeshComponent_5:PNAnimBP_Ninja_C_15
	Function /Game/Animations/PNAnimBP_Ninja.PNAnimBP_Ninja_C:ExecuteUbergraph_PNAnimBP_Ninja:03B5
[2021.06.03-11.54.07:237][934]LogActorComponent: UnregisterComponent: (/Engine/Transient.CharacterMovementComponent_5) Not registered. Aborting.
[2021.06.03-11.54.07:244][934]LogScript:Warning: Accessed None 'CallFunc_TryGetPawnOwner_ReturnValue'
	PNAnimBP_Ninja_C /Engine/Transient.SkeletalMeshComponent_6:PNAnimBP_Ninja_C_17
	Function /Game/Animations/PNAnimBP_Ninja.PNAnimBP_Ninja_C:ExecuteUbergraph_PNAnimBP_Ninja:02BB
[2021.06.03-11.54.07:244][934]LogScript:Warning: Accessed None 'K2Node_DynamicCast_AsPNPlayer_Pawn'
	PNAnimBP_Ninja_C /Engine/Transient.SkeletalMeshComponent_6:PNAnimBP_Ninja_C_17
	Function /Game/Animations/PNAnimBP_Ninja.PNAnimBP_Ninja_C:ExecuteUbergraph_PNAnimBP_Ninja:03B5
[2021.06.03-11.54.07:244][934]LogScript:Warning: Accessed None 'CallFunc_TryGetPawnOwner_ReturnValue'
	PNAnimBP_Ninja_C /Engine/Transient.SkeletalMeshComponent_6:PNAnimBP_Ninja_C_17
	Function /Game/Animations/PNAnimBP_Ninja.PNAnimBP_Ninja_C:ExecuteUbergraph_PNAnimBP_Ninja:02BB
[2021.06.03-11.54.07:245][934]LogScript:Warning: Accessed None 'K2Node_DynamicCast_AsPNPlayer_Pawn'
	PNAnimBP_Ninja_C /Engine/Transient.SkeletalMeshComponent_6:PNAnimBP_Ninja_C_17
	Function /Game/Animations/PNAnimBP_Ninja.PNAnimBP_Ninja_C:ExecuteUbergraph_PNAnimBP_Ninja:03B5
[2021.06.03-11.54.16:023][455]LogActorComponent: UnregisterComponent: (/Engine/Transient.CharacterMovementComponent_6) Not registered. Aborting.
[2021.06.03-11.54.16:030][455]LogScript:Warning: Accessed None 'CallFunc_TryGetPawnOwner_ReturnValue'
	PNAnimBP_Ninja_C /Engine/Transient.SkeletalMeshComponent_7:PNAnimBP_Ninja_C_19
	Function /Game/Animations/PNAnimBP_Ninja.PNAnimBP_Ninja_C:ExecuteUbergraph_PNAnimBP_Ninja:02BB
[2021.06.03-11.54.16:030][455]LogScript:Warning: Accessed None 'K2Node_DynamicCast_AsPNPlayer_Pawn'
	PNAnimBP_Ninja_C /Engine/Transient.SkeletalMeshComponent_7:PNAnimBP_Ninja_C_19
	Function /Game/Animations/PNAnimBP_Ninja.PNAnimBP_Ninja_C:ExecuteUbergraph_PNAnimBP_Ninja:03B5
[2021.06.03-11.54.16:030][455]LogScript:Warning: Accessed None 'CallFunc_TryGetPawnOwner_ReturnValue'
	PNAnimBP_Ninja_C /Engine/Transient.SkeletalMeshComponent_7:PNAnimBP_Ninja_C_19
	Function /Game/Animations/PNAnimBP_Ninja.PNAnimBP_Ninja_C:ExecuteUbergraph_PNAnimBP_Ninja:02BB
[2021.06.03-11.54.16:030][455]LogScript:Warning: Accessed None 'K2Node_DynamicCast_AsPNPlayer_Pawn'
	PNAnimBP_Ninja_C /Engine/Transient.SkeletalMeshComponent_7:PNAnimBP_Ninja_C_19
	Function /Game/Animations/PNAnimBP_Ninja.PNAnimBP_Ninja_C:ExecuteUbergraph_PNAnimBP_Ninja:03B5
[2021.06.03-11.54.19:628][670]LogActorComponent: UnregisterComponent: (/Engine/Transient.CharacterMovementComponent_7) Not registered. Aborting.
[2021.06.03-11.54.19:635][670]LogScript:Warning: Accessed None 'CallFunc_TryGetPawnOwner_ReturnValue'
	PNAnimBP_Ninja_C /Engine/Transient.SkeletalMeshComponent_8:PNAnimBP_Ninja_C_21
	Function /Game/Animations/PNAnimBP_Ninja.PNAnimBP_Ninja_C:ExecuteUbergraph_PNAnimBP_Ninja:02BB
[2021.06.03-11.54.19:635][670]LogScript:Warning: Accessed None 'K2Node_DynamicCast_AsPNPlayer_Pawn'
	PNAnimBP_Ninja_C /Engine/Transient.SkeletalMeshComponent_8:PNAnimBP_Ninja_C_21
	Function /Game/Animations/PNAnimBP_Ninja.PNAnimBP_Ninja_C:ExecuteUbergraph_PNAnimBP_Ninja:03B5
[2021.06.03-11.54.19:635][670]LogScript:Warning: Accessed None 'CallFunc_TryGetPawnOwner_ReturnValue'
	PNAnimBP_Ninja_C /Engine/Transient.SkeletalMeshComponent_8:PNAnimBP_Ninja_C_21
	Function /Game/Animations/PNAnimBP_Ninja.PNAnimBP_Ninja_C:ExecuteUbergraph_PNAnimBP_Ninja:02BB
[2021.06.03-11.54.19:635][670]LogScript:Warning: Accessed None 'K2Node_DynamicCast_AsPNPlayer_Pawn'
	PNAnimBP_Ninja_C /Engine/Transient.SkeletalMeshComponent_8:PNAnimBP_Ninja_C_21
	Function /Game/Animations/PNAnimBP_Ninja.PNAnimBP_Ninja_C:ExecuteUbergraph_PNAnimBP_Ninja:03B5
[2021.06.03-11.54.28:271][177]LogActorComponent: UnregisterComponent: (/Engine/Transient.CharacterMovementComponent_8) Not registered. Aborting.
[2021.06.03-11.54.28:278][177]LogScript:Warning: Accessed None 'CallFunc_TryGetPawnOwner_ReturnValue'
	PNAnimBP_Ninja_C /Engine/Transient.SkeletalMeshComponent_9:PNAnimBP_Ninja_C_23
	Function /Game/Animations/PNAnimBP_Ninja.PNAnimBP_Ninja_C:ExecuteUbergraph_PNAnimBP_Ninja:02BB
[2021.06.03-11.54.28:278][177]LogScript:Warning: Accessed None 'K2Node_DynamicCast_AsPNPlayer_Pawn'
	PNAnimBP_Ninja_C /Engine/Transient.SkeletalMeshComponent_9:PNAnimBP_Ninja_C_23
	Function /Game/Animations/PNAnimBP_Ninja.PNAnimBP_Ninja_C:ExecuteUbergraph_PNAnimBP_Ninja:03B5
[2021.06.03-11.54.28:278][177]LogScript:Warning: Accessed None 'CallFunc_TryGetPawnOwner_ReturnValue'
	PNAnimBP_Ninja_C /Engine/Transient.SkeletalMeshComponent_9:PNAnimBP_Ninja_C_23
	Function /Game/Animations/PNAnimBP_Ninja.PNAnimBP_Ninja_C:ExecuteUbergraph_PNAnimBP_Ninja:02BB
[2021.06.03-11.54.28:278][177]LogScript:Warning: Accessed None 'K2Node_DynamicCast_AsPNPlayer_Pawn'
	PNAnimBP_Ninja_C /Engine/Transient.SkeletalMeshComponent_9:PNAnimBP_Ninja_C_23
	Function /Game/Animations/PNAnimBP_Ninja.PNAnimBP_Ninja_C:ExecuteUbergraph_PNAnimBP_Ninja:03B5
[2021.06.03-11.54.33:060][462]LogActorComponent: UnregisterComponent: (/Engine/Transient.CharacterMovementComponent_9) Not registered. Aborting.
[2021.06.03-11.54.33:068][462]LogScript:Warning: Accessed None 'CallFunc_TryGetPawnOwner_ReturnValue'
	PNAnimBP_Ninja_C /Engine/Transient.SkeletalMeshComponent_10:PNAnimBP_Ninja_C_25
	Function /Game/Animations/PNAnimBP_Ninja.PNAnimBP_Ninja_C:ExecuteUbergraph_PNAnimBP_Ninja:02BB
[2021.06.03-11.54.33:068][462]LogScript:Warning: Accessed None 'K2Node_DynamicCast_AsPNPlayer_Pawn'
	PNAnimBP_Ninja_C /Engine/Transient.SkeletalMeshComponent_10:PNAnimBP_Ninja_C_25
	Function /Game/Animations/PNAnimBP_Ninja.PNAnimBP_Ninja_C:ExecuteUbergraph_PNAnimBP_Ninja:03B5
[2021.06.03-11.54.33:068][462]LogScript:Warning: Accessed None 'CallFunc_TryGetPawnOwner_ReturnValue'
	PNAnimBP_Ninja_C /Engine/Transient.SkeletalMeshComponent_10:PNAnimBP_Ninja_C_25
	Function /Game/Animations/PNAnimBP_Ninja.PNAnimBP_Ninja_C:ExecuteUbergraph_PNAnimBP_Ninja:02BB
[2021.06.03-11.54.33:068][462]LogScript:Warning: Accessed None 'K2Node_DynamicCast_AsPNPlayer_Pawn'
	PNAnimBP_Ninja_C /Engine/Transient.SkeletalMeshComponent_10:PNAnimBP_Ninja_C_25
	Function /Game/Animations/PNAnimBP_Ninja.PNAnimBP_Ninja_C:ExecuteUbergraph_PNAnimBP_Ninja:03B5
[2021.06.03-11.54.37:693][740]LogActorComponent: UnregisterComponent: (/Engine/Transient.CharacterMovementComponent_10) Not registered. Aborting.
[2021.06.03-11.54.37:700][740]LogScript:Warning: Accessed None 'CallFunc_TryGetPawnOwner_ReturnValue'
	PNAnimBP_Ninja_C /Engine/Transient.SkeletalMeshComponent_11:PNAnimBP_Ninja_C_27
	Function /Game/Animations/PNAnimBP_Ninja.PNAnimBP_Ninja_C:ExecuteUbergraph_PNAnimBP_Ninja:02BB
[2021.06.03-11.54.37:700][740]LogScript:Warning: Accessed None 'K2Node_DynamicCast_AsPNPlayer_Pawn'
	PNAnimBP_Ninja_C /Engine/Transient.SkeletalMeshComponent_11:PNAnimBP_Ninja_C_27
	Function /Game/Animations/PNAnimBP_Ninja.PNAnimBP_Ninja_C:ExecuteUbergraph_PNAnimBP_Ninja:03B5
[2021.06.03-11.54.37:700][740]LogScript:Warning: Accessed None 'CallFunc_TryGetPawnOwner_ReturnValue'
	PNAnimBP_Ninja_C /Engine/Transient.SkeletalMeshComponent_11:PNAnimBP_Ninja_C_27
	Function /Game/Animations/PNAnimBP_Ninja.PNAnimBP_Ninja_C:ExecuteUbergraph_PNAnimBP_Ninja:02BB
[2021.06.03-11.54.37:700][740]LogScript:Warning: Accessed None 'K2Node_DynamicCast_AsPNPlayer_Pawn'
	PNAnimBP_Ninja_C /Engine/Transient.SkeletalMeshComponent_11:PNAnimBP_Ninja_C_27
	Function /Game/Animations/PNAnimBP_Ninja.PNAnimBP_Ninja_C:ExecuteUbergraph_PNAnimBP_Ninja:03B5
[2021.06.03-11.55.00:182][443]LogActorComponent: UnregisterComponent: (/Engine/Transient.CharacterMovementComponent_11) Not registered. Aborting.
[2021.06.03-11.55.00:191][443]LogScript:Warning: Accessed None 'CallFunc_TryGetPawnOwner_ReturnValue'
	PNAnimBP_Ninja_C /Engine/Transient.SkeletalMeshComponent_12:PNAnimBP_Ninja_C_29
	Function /Game/Animations/PNAnimBP_Ninja.PNAnimBP_Ninja_C:ExecuteUbergraph_PNAnimBP_Ninja:02BB
[2021.06.03-11.55.00:191][443]LogScript:Warning: Accessed None 'K2Node_DynamicCast_AsPNPlayer_Pawn'
	PNAnimBP_Ninja_C /Engine/Transient.SkeletalMeshComponent_12:PNAnimBP_Ninja_C_29
	Function /Game/Animations/PNAnimBP_Ninja.PNAnimBP_Ninja_C:ExecuteUbergraph_PNAnimBP_Ninja:03B5
[2021.06.03-11.55.00:191][443]LogScript:Warning: Accessed None 'CallFunc_TryGetPawnOwner_ReturnValue'
	PNAnimBP_Ninja_C /Engine/Transient.SkeletalMeshComponent_12:PNAnimBP_Ninja_C_29
	Function /Game/Animations/PNAnimBP_Ninja.PNAnimBP_Ninja_C:ExecuteUbergraph_PNAnimBP_Ninja:02BB
[2021.06.03-11.55.00:191][443]LogScript:Warning: Accessed None 'K2Node_DynamicCast_AsPNPlayer_Pawn'
	PNAnimBP_Ninja_C /Engine/Transient.SkeletalMeshComponent_12:PNAnimBP_Ninja_C_29
	Function /Game/Animations/PNAnimBP_Ninja.PNAnimBP_Ninja_C:ExecuteUbergraph_PNAnimBP_Ninja:03B5
[2021.06.03-11.55.22:157][748]LogContentBrowser:Verbose: The content browser source was changed by the sources view to 'None'
[2021.06.03-11.55.22:158][748]LogContentBrowser:Verbose: The content browser source was changed by the sources view to '/Game/Blueprints'
[2021.06.03-11.55.49:520][ 29]BlueprintLog: New page: PNPlayerPawn をコンパイル
[2021.06.03-11.55.49:686][ 29]LogActorComponent: UnregisterComponent: (/Engine/Transient.CharacterMovementComponent_12) Not registered. Aborting.
[2021.06.03-11.55.49:740][ 29]BlueprintEditorCompileResults: 情報 [0299.19] PNPlayerPawn のコンパイルに成功しました！  [ 221 ミリ秒]
[2021.06.03-11.55.49:766][ 29]LogScript:Warning: Accessed None 'CallFunc_TryGetPawnOwner_ReturnV