Log file open, 05/22/21 15:07:29
LogInit:Display: Running engine for game: PaperNinja
LogInit: Version: 4.7.6-2513093+++depot+UE4-Releases+4.7
LogInit: API Version: 2455222
LogInit: Compiled (64-bit): Apr 15 2015 12:09:54
LogInit: Compiled with Visual C++: 18.00.21005.01
LogInit: Build Configuration: Development
LogInit: Branch Name: ++depot+UE4-Releases+4.7
LogInit: Command line:  
LogInit: Base directory: C:/Program Files/Epic Games/UE_4.7/Engine/Binaries/Win64/
LogInit: Rocket: 1
[2021.05.22-06.07.29:558][  0]LogTaskGraph: Started task graph with 3 named threads and 8 total threads.
[2021.05.22-06.07.29:662][  0]LogOnline:Warning: No default platform service specified for OnlineSubsystem
[2021.05.22-06.07.29:704][  0]LogInit: Presizing for 0 objects not considered by GC, pre-allocating 0 bytes.
[2021.05.22-06.07.29:723][  0]LogInit: Object subsystem initialized
[2021.05.22-06.07.29:727][  0]LogConsoleResponse:Warning: Skipping Unknown console variable: 'TranslucentSortAxis = (X=0.000000,Y=-1.000000,Z=0.000000)'
[2021.05.22-06.07.29:727][  0]LogConsoleResponse:Warning:   Found in ini file 'C:/Users/magi1/Documents/PaperNinja_FirstTime/PaperNinja/Saved/Config/Windows/Engine.ini', in section '[/Script/Engine.RendererSettings]'
[2021.05.22-06.07.29:727][  0]LogConsoleResponse:Warning: Skipping Unknown console variable: 'UIScaleRule = ShortestSide'
[2021.05.22-06.07.29:727][  0]LogConsoleResponse:Warning:   Found in ini file 'C:/Users/magi1/Documents/PaperNinja_FirstTime/PaperNinja/Saved/Config/Windows/Engine.ini', in section '[/Script/Engine.RendererSettings]'
[2021.05.22-06.07.29:727][  0]LogConsoleResponse:Warning: Skipping Unknown console variable: 'UIScaleCurve = (EditorCurveData=(Keys=),ExternalCurve=None)'
[2021.05.22-06.07.29:727][  0]LogConsoleResponse:Warning:   Found in ini file 'C:/Users/magi1/Documents/PaperNinja_FirstTime/PaperNinja/Saved/Config/Windows/Engine.ini', in section '[/Script/Engine.RendererSettings]'
[2021.05.22-06.07.29:728][  0]LogInit: Selected Device Profile: [Windows]
[2021.05.22-06.07.29:728][  0]LogInit: Applying CVar settings loaded from the selected device profile: [Windows]
[2021.05.22-06.07.29:755][  0]LogInit: Computer: DESKTOP-QG331CQ
[2021.05.22-06.07.29:755][  0]LogInit: User: magi1
[2021.05.22-06.07.29:755][  0]LogInit: CPU Page size=4096, Cores=6
[2021.05.22-06.07.29:755][  0]LogInit: High frequency timer resolution =10.000000 MHz
[2021.05.22-06.07.29:755][  0]LogMemory: Memory total: Physical=15.9GB (16GB approx) Virtual=131072.0GB
[2021.05.22-06.07.29:756][  0]LogMemory: Platform Memory Stats for Windows
[2021.05.22-06.07.29:756][  0]LogMemory: Process Physical Memory: 50.03 MB used, 50.04 MB peak
[2021.05.22-06.07.29:756][  0]LogMemory: Process Virtual Memory: 24.89 MB used, 24.90 MB peak
[2021.05.22-06.07.29:756][  0]LogMemory: Physical Memory: 8589.53 MB used, 16239.85 MB total
[2021.05.22-06.07.29:756][  0]LogMemory: Virtual Memory: 4431.00 MB used, 134217728.00 MB total
[2021.05.22-06.07.30:098][  0]LogD3D11RHI: Found D3D11 adapter 0: NVIDIA GeForce RTX 2080 (Feature Level 11_0)
[2021.05.22-06.07.30:098][  0]LogD3D11RHI: Adapter has 8010MB of dedicated video memory, 0MB of dedicated system memory, and 8119MB of shared system memory, 2 output[s]
[2021.05.22-06.07.30:128][  0]LogD3D11RHI: Found D3D11 adapter 1: Intel(R) UHD Graphics 630 (Feature Level 11_0)
[2021.05.22-06.07.30:128][  0]LogD3D11RHI: Adapter has 128MB of dedicated video memory, 0MB of dedicated system memory, and 8119MB of shared system memory, 0 output[s]
[2021.05.22-06.07.30:133][  0]LogD3D11RHI: Found D3D11 adapter 2: Microsoft Basic Render Driver (Feature Level 11_0)
[2021.05.22-06.07.30:133][  0]LogD3D11RHI: Adapter has 0MB of dedicated video memory, 0MB of dedicated system memory, and 8119MB of shared system memory, 0 output[s]
[2021.05.22-06.07.30:133][  0]LogD3D11RHI: Chosen D3D11 Adapter Id = 0
[2021.05.22-06.07.30:148][  0]LogRHI: Texture pool is 1361 MB (70% of 1945 MB)
[2021.05.22-06.07.30:364][  0]LogD3D11RHI: Async texture creation enabled
[2021.05.22-06.07.30:505][  0]LogTextLocalizationManager: The requested culture ('ja_JP') has no localization data; parent culture's ('ja') localization data will be used.
[2021.05.22-06.07.30:644][  0]LogTextLocalizationManager:Warning: Loading localization resources contain conflicting entries for (Namespace:UICommands, Key:Save_ToolTip):
Resource: (C:/Program Files/Epic Games/UE_4.7/Engine/Content/Localization/Editor/ja/Editor.locres) Hash: (-29098895) String: (現行レベルをディスクに保存)
Resource: (C:/Program Files/Epic Games/UE_4.7/Engine/Content/Localization/Engine/ja/Engine.locres) Hash: (-1280300587) String: (選択データをvlogファイルに保存)
[2021.05.22-06.07.30:644][  0]LogTextLocalizationManager:Warning: Loading localization resources contain conflicting entries for (Namespace:ContentBrowser, Key:ImportAssetToolTip):
Resource: (C:/Program Files/Epic Games/UE_4.7/Engine/Content/Localization/Editor/ja/Editor.locres) Hash: (-630476809) String: ({0} にインポート...)
Resource: (C:/Program Files/Epic Games/UE_4.7/Engine/Content/Localization/Editor/ja/Editor.locres) Hash: (1271782899) String: (このフォルダへファイルからアセットをインポート)
[2021.05.22-06.07.30:822][  0]LogContentStreaming: Texture pool size is 0.000000MB
[2021.05.22-06.07.37:432][  0]LogTargetPlatformManager:Display: Building Assets For Windows
[2021.05.22-06.07.38:863][  0]LogTargetPlatformManager:Display: Building Assets For Windows
[2021.05.22-06.07.39:067][  0]LogDerivedDataCache:Display: Max Cache Size: 512 MB
[2021.05.22-06.07.39:143][  0]LogDerivedDataCache: Loaded boot cache 0.08s 39MB C:/Users/magi1/AppData/Local/UnrealEngine/4.7/DerivedDataCache/Boot.ddc.
[2021.05.22-06.07.39:143][  0]LogDerivedDataCache:Display: Loaded Boot cache: C:/Users/magi1/AppData/Local/UnrealEngine/4.7/DerivedDataCache/Boot.ddc
[2021.05.22-06.07.39:143][  0]LogDerivedDataCache: FDerivedDataBackendGraph:  Pak pak cache file ../../../../../../Users/magi1/Documents/PaperNinja_FirstTime/PaperNinja/DerivedDataCache/DDC.ddp not found, will not use a pak cache.
[2021.05.22-06.07.39:143][  0]LogDerivedDataCache: Unable to find inner node Pak for hierarchical cache Hierarchy.
[2021.05.22-06.07.39:488][  0]LogDerivedDataCache:Display: Pak cache opened for reading ../../../Engine/DerivedDataCache/Compressed.ddp.
[2021.05.22-06.07.39:502][  0]LogDerivedDataCache: Using Local data cache path C:/Users/magi1/AppData/Local/UnrealEngine/Common/DerivedDataCache: Writable
[2021.05.22-06.07.40:287][  0]LogMeshUtilities: No automatic mesh reduction module available
[2021.05.22-06.07.40:287][  0]LogMeshUtilities: No automatic mesh merging module available
[2021.05.22-06.07.41:141][  0]LogInit: WinSock: version 1.1 (2.2), MaxSocks=32767, MaxUdp=65467
[2021.05.22-06.07.41:399][  0]LogSlate:Warning: Failed to load font data from '../../../Engine/Content/Slate/Fonts/Roboto-Italic.ttf'
[2021.05.22-06.07.43:407][  0]UdpMessaging: Initializing bridge on interface 0.0.0.0:0 to multicast group 230.0.0.1:6666.
[2021.05.22-06.07.44:009][  0]SourceControl: 情報 ソースコントロールは無効です
[2021.05.22-06.07.44:009][  0]SourceControl: 情報 ソースコントロールは無効です
[2021.05.22-06.07.44:009][  0]SourceControl: 情報 ソースコントロールは無効です
[2021.05.22-06.07.44:009][  0]LogSourceControl: RunCommandInternalRaw: 'git version'
[2021.05.22-06.07.44:010][  0]LogSourceControl: RunCommandInternalRaw: ExecProcess ReturnCode=2 OutResults=''
[2021.05.22-06.07.44:053][  0]SourceControl: 情報 ソースコントロールは無効です
[2021.05.22-06.07.44:674][  0]LogObj: 24232 objects as part of root set at end of initial load.
[2021.05.22-06.07.44:674][  0]LogUObjectAllocator: 5137176 out of 0 bytes used by permanent object pool.
[2021.05.22-06.07.44:881][  0]LogEngine: Initializing Engine...
[2021.05.22-06.07.47:262][  0]LogInit: XAudio2 using 'スピーカー (Realtek(R) Audio)' : 2 channels at 48 kHz using 32 bits per sample (channel mask 0x3)
[2021.05.22-06.07.47:320][  0]LogInit: FAudioDevice initialized.
[2021.05.22-06.07.47:438][  0]LogAIModule: Creating AISystem for world NewWorld
[2021.05.22-06.07.47:474][  0]LogDerivedDataCache: Saved boot cache 0.03s 39MB C:/Users/magi1/AppData/Local/UnrealEngine/4.7/DerivedDataCache/Boot.ddc.
[2021.05.22-06.07.47:479][  0]LogInit: Texture streaming: Enabled
[2021.05.22-06.07.47:710][  0]LogAnalytics: Creating configured Analytics provider AnalyticsET
[2021.05.22-06.07.47:710][  0]LogAnalytics: ET APIKey = Rocket.Release. APIServer = http://et2.epicgames.com/ET2/. AppVersion = 4.7.6-2513093+++depot+UE4-Releases+4.7
[2021.05.22-06.07.47:710][  0]LogAnalytics: ET APIKey = Rocket.Release. DataRouterUploadURL = https://datarouter-public-service-gamedev.ol.epicgames.net/datarouter/api/v1/public/data. AppVersion = 4.7.6-2513093+++depot+UE4-Releases+4.7
[2021.05.22-06.07.47:710][  0]LogAnalytics: SetUserId 144e59504b07e7078f7f9fbff0f199ea|e89bcdc3dddd40638ff112a71cef8e67|badf8662-73b2-480e-8b08-9b9fdfc993be
[2021.05.22-06.07.47:710][  0]LogAnalytics: AnalyticsET::StartSession [Rocket.Release]
[2021.05.22-06.07.47:807][  0]LogInit: Transaction tracking system initialized
[2021.05.22-06.07.48:379][  0]BlueprintLog: New page: エディタの読み込み
[2021.05.22-06.07.48:489][  0]LogAssetRegistry: FAssetRegistry took 0.0111 seconds to start up
[2021.05.22-06.07.48:490][  0]LogDirectoryWatcher:Warning: Failed to begin reading directory changes for ../../../Engine/Plugins/Experimental/CharacterAI/Content/. Error: 0
[2021.05.22-06.07.49:863][  0]LogTargetPlatformManager:Display: Building Assets For Windows
[2021.05.22-06.07.50:607][  0]LogTargetPlatformManager:Display: Building Assets For Windows
[2021.05.22-06.07.51:415][  0]LogSlate:Warning: Failed to load font data from '../../../Engine/Content/Editor/Slate/Fonts/Roboto-Regular.ttf'
[2021.05.22-06.07.51:416][  0]LogSlate:Warning: Failed to load font data from '../../../Engine/Content/Editor/Slate/Fonts/Roboto-Bold.ttf'
[2021.05.22-06.07.51:427][  0]LogConsoleResponse:Display: 
[2021.05.22-06.07.51:736][  0]LogCook:Display: Done creating registry. It took  0.00s.
[2021.05.22-06.07.52:192][  0]SourceControl: 情報 ソースコントロールは無効です
[2021.05.22-06.07.52:192][  0]Cmd: MAP LOAD FILE="../../../../../../Users/magi1/Documents/PaperNinja_FirstTime/PaperNinja/Content/StarterContent/Maps/Minimal_Default.umap" TEMPLATE=0 SHOWPROGRESS=1 FEATURELEVEL=3
[2021.05.22-06.07.52:194][  0]LightingResults: New page: ライティングのビルド
[2021.05.22-06.07.52:233][  0]MapCheck: New page: マップをチェック
[2021.05.22-06.07.52:233][  0]LightingResults: New page: <何も選択されていません>
[2021.05.22-06.07.52:244][  0]LogParticles: Destroying 0 GPU particle simulations for FXSystem 0x000001BEC9C1CEA0
[2021.05.22-06.07.54:553][  0]LogEditorServer: Finished looking for orphan Actors (0.000 secs)
[2021.05.22-06.07.54:597][  0]LogAIModule: Creating AISystem for world Minimal_Default
[2021.05.22-06.07.54:598][  0]Cmd: MAP CHECKDEP
[2021.05.22-06.07.54:598][  0]MapCheck: New page: Minimal_Default - 2021/05/23 0:07:54
[2021.05.22-06.07.54:925][  0]MapCheck: 情報 マップチェックが完了: 0 エラー、 0 警告、完了に 326.814ミリ秒かかりました。
[2021.05.22-06.07.54:926][  0]LogFileHelpers: Loading map 'Minimal_Default' took 2.734
[2021.05.22-06.07.55:292][  0]LogCollectionManager: Loaded 0 collections in 0.009570 seconds
[2021.05.22-06.07.55:331][  0]LogContentBrowser: Native class hierarchy populated in 0.0384 seconds. Added 1696 classes and 261 folders.
[2021.05.22-06.07.55:522][  0]LogContentBrowser: Native class hierarchy updated for 'SceneOutliner' in 0.0121 seconds. Added 1 classes and 2 folders.
[2021.05.22-06.07.55:618][  0]LogContentBrowser: Native class hierarchy updated for 'WorldBrowser' in 0.0080 seconds. Added 1 classes and 3 folders.
[2021.05.22-06.07.55:841][  0]LogCrashTracker: Crashtracker disabled due to settings.
[2021.05.22-06.07.55:845][  0]LogSlate:Warning: Failed to load font data from 'Veranda'
[2021.05.22-06.07.55:871][  0]LogUObjectGlobals:Warning: オブジェクト 'Class なし.' が見つかりませんでした
[2021.05.22-06.07.55:915][  0]LogLoad: Full Startup: 30.93 seconds (BP compile: 0.22 seconds)
[2021.05.22-06.07.56:790][  0]LogRenderer:Warning: Reallocating scene render targets to support 32x32 (Frame:2).
[2021.05.22-06.07.57:116][  0]LogRenderer:Warning: Reallocating scene render targets to support 1200x576 (Frame:3).
[2021.05.22-06.07.57:268][  1]LogContentBrowser:Verbose: The content browser source was changed by the sources view to '/Game/Maps/Stage01'
[2021.05.22-06.08.02:903][ 18]LogAssetRegistry: Asset discovery search completed in 14.4259 seconds
[2021.05.22-06.08.09:733][ 30]LogContentBrowser:Verbose: The content browser source was changed by the sources view to '/Game/Blueprints'
[2021.05.22-06.08.09:766][ 30]LogContentBrowser:Verbose: The content browser source was changed by the sources view to '/Game/Props'
[2021.05.22-06.08.11:691][ 30]LogActorComponent: RegisterComponentWithWorld: (/Engine/Transient.DebugSkelMeshComponent_0) Already registered. Aborting.
[2021.05.22-06.13.52:939][833]BlueprintLog: New page: PNPawn_Rabbit をコンパイル
[2021.05.22-06.13.53:146][833]BlueprintEditorCompileResults: 情報 [0388.16] PNPawn_Rabbit のコンパイルに成功しました！  [ 206 ミリ秒]
[2021.05.22-06.13.56:737][ 35]Cmd: OBJ SAVEPACKAGE PACKAGE="/Game/Blueprints/PNPawn_Rabbit" FILE="../../../../../../Users/magi1/Documents/PaperNinja_FirstTime/PaperNinja/Content/Blueprints/PNPawn_Rabbit.uasset" SILENT=true
[2021.05.22-06.13.57:841][ 35]LogSavePackage: Save=954.054810ms
[2021.05.22-06.13.57:841][ 35]LogSavePackage: Moving '../../../../../../Users/magi1/Documents/PaperNinja_FirstTime/PaperNinja/Saved/PNPawn_RabbitDD03764B4BBA63158D9C5397FF5FF612.tmp' to '../../../../../../Users/magi1/Documents/PaperNinja_FirstTime/PaperNinja/Content/Blueprints/PNPawn_Rabbit.uasset'
[2021.05.22-06.13.57:843][ 35]LogFileManager:Warning: DeleteFile was unable to delete '../../../../../../Users/magi1/Documents/PaperNinja_FirstTime/PaperNinja/Content/Blueprints/PNPawn_Rabbit.uasset', retrying in .5s...
[2021.05.22-06.13.58:344][ 35]LogFileManager:Error: Error deleting file '../../../../../../Users/magi1/Documents/PaperNinja_FirstTime/PaperNinja/Content/Blueprints/PNPawn_Rabbit.uasset'.
[2021.05.22-06.13.58:344][ 35]LogSavePackage:Error: Error saving '../../../../../../Users/magi1/Documents/PaperNinja_FirstTime/PaperNinja/Content/Blueprints/PNPawn_Rabbit.uasset'
[2021.05.22-06.14.02:265][ 35]Cmd: OBJ SAVEPACKAGE PACKAGE="/Game/Blueprints/PNPawn_Rabbit" FILE="../../../../../../Users/magi1/Documents/PaperNinja_FirstTime/PaperNinja/Content/Blueprints/PNPawn_Rabbit.uasset" SILENT=true
[2021.05.22-06.14.02:607][ 35]LogSavePackage: Save=185.471603ms
[2021.05.22-06.14.02:607][ 35]LogSavePackage: Moving '../../../../../../Users/magi1/Documents/PaperNinja_FirstTime/PaperNinja/Saved/PNPawn_Rabbit1AD6542B413A1579A25C64ADB8AC89EA.tmp' to '../../../../../../Users/magi1/Documents/PaperNinja_FirstTime/PaperNinja/Content/Blueprints/PNPawn_Rabbit.uasset'
[2021.05.22-06.14.02:609][ 35]LogFileManager:Warning: DeleteFile was unable to delete '../../../../../../Users/magi1/Documents/PaperNinja_FirstTime/PaperNinja/Content/Blueprints/PNPawn_Rabbit.uasset', retrying in .5s...
[2021.05.22-06.14.03:110][ 35]LogFileManager:Error: Error deleting file '../../../../../../Users/magi1/Documents/PaperNinja_FirstTime/PaperNinja/Content/Blueprints/PNPawn_Rabbit.uasset'.
[2021.05.22-06.14.03:110][ 35]LogSavePackage:Error: Error saving '../../../../../../Users/magi1/Documents/PaperNinja_FirstTime/PaperNinja/Content/Blueprints/PNPawn_Rabbit.uasset'
[2021.05.22-06.14.05:557][ 35]Cmd: OBJ SAVEPACKAGE PACKAGE="/Game/Blueprints/PNPawn_Rabbit" FILE="../../../../../../Users/magi1/Documents/PaperNinja_FirstTime/PaperNinja/Content/Blueprints/PNPawn_Rabbit.uasset" SILENT=true
[2021.05.22-06.14.05:876][ 35]LogSavePackage: Save=184.524002ms
[2021.05.22-06.14.05:876][ 35]LogSavePackage: Moving '../../../../../../Users/magi1/Documents/PaperNinja_FirstTime/PaperNinja/Saved/PNPawn_Rabbit5F706CE24049AF51060904A11E783BCC.tmp' to '../../../../../../Users/magi1/Documents/PaperNinja_FirstTime/PaperNinja/Content/Blueprints/PNPawn_Rabbit.uasset'
[2021.05.22-06.14.05:878][ 35]LogFileManager:Warning: DeleteFile was unable to delete '../../../../../../Users/magi1/Documents/PaperNinja_FirstTime/PaperNinja/Content/Blueprints/PNPawn_Rabbit.uasset', retrying in .5s...
[2021.05.22-06.14.06:380][ 35]LogFileManager:Error: Error deleting file '../../../../../../Users/magi1/Documents/PaperNinja_FirstTime/PaperNinja/Content/Blueprints/PNPawn_Rabbit.uasset'.
[2021.05.22-06.14.06:380][ 35]LogSavePackage:Error: Error saving '../../../../../../Users/magi1/Documents/PaperNinja_FirstTime/PaperNinja/Content/Blueprints/PNPawn_Rabbit.uasset'
[2021.05.22-06.14.07:100][ 35]EditorErrors: New page: 出力値を保存
[2021.05.22-06.14.07:100][ 35]EditorErrors:Warning: 警告 '../../../../../../Users/magi1/Documents/PaperNinja_FirstTime/PaperNinja/Content/Blueprints/PNPawn_Rabbit.uasset' を保存時のエラー
[2021.05.22-06.14.07:100][ 35]EditorErrors:Warning: 警告 '../../../../../../Users/magi1/Documents/PaperNinja_FirstTime/PaperNinja/Content/Blueprints/PNPawn_Rabbit.uasset' を保存時のエラー
[2021.05.22-06.14.07:100][ 35]EditorErrors:Warning: 警告 '../../../../../../Users/magi1/Documents/PaperNinja_FirstTime/PaperNinja/Content/Blueprints/PNPawn_Rabbit.uasset' を保存時のエラー
[2021.05.22-06.14.16:299][429]LogActorComponent: UnregisterComponent: (/Engine/Transient.CharMoveComp) Not registered. Aborting.
[2021.05.22-06.14.16:652][429]LogSavePackage: Save=203.840302ms
[2021.05.22-06.14.16:652][429]LogSavePackage: Moving '../../../../../../Users/magi1/Documents/PaperNinja_FirstTime/PaperNinja/Saved/Minimal_Default8DCAA00249EF03BAE6E52FB6F288E9C2.tmp' to '../../../../../../Users/magi1/Documents/PaperNinja_FirstTime/PaperNinja/Content/StarterContent/Maps/Minimal_Default.umap'
[2021.05.22-06.14.20:136][552]Cmd: OBJ SAVEPACKAGE PACKAGE="/Game/Blueprints/PNPawn_Rabbit" FILE="../../../../../../Users/magi1/Documents/PaperNinja_FirstTime/PaperNinja/Content/Blueprints/PNPawn_Rabbit.uasset" SILENT=true
[2021.05.22-06.14.20:448][552]LogSavePackage: Save=186.148407ms
[2021.05.22-06.14.20:448][552]LogSavePackage: Moving '../../../../../../Users/magi1/Documents/PaperNinja_FirstTime/PaperNinja/Saved/PNPawn_Rabbit01C2EAC64CBD071E82D7D69674CC564B.tmp' to '../../../../../../Users/magi1/Documents/PaperNinja_FirstTime/PaperNinja/Content/Blueprints/PNPawn_Rabbit.uasset'
[2021.05.22-06.14.20:450][552]LogFileManager:Warning: DeleteFile was unable to delete '../../../../../../Users/magi1/Documents/PaperNinja_FirstTime/PaperNinja/Content/Blueprints/PNPawn_Rabbit.uasset', retrying in .5s...
[2021.05.22-06.14.20:951][552]LogFileManager:Error: Error deleting file '../../../../../../Users/magi1/Documents/PaperNinja_FirstTime/PaperNinja/Content/Blueprints/PNPawn_Rabbit.uasset'.
[2021.05.22-06.14.20:951][552]LogSavePackage:Error: Error saving '../../../../../../Users/magi1/Documents/PaperNinja_FirstTime/PaperNinja/Content/Blueprints/PNPawn_Rabbit.uasset'
[2021.05.22-06.14.23:084][552]Cmd: OBJ SAVEPACKAGE PACKAGE="/Game/Blueprints/PNPawn_Rabbit" FILE="../../../../../../Users/magi1/Documents/PaperNinja_FirstTime/PaperNinja/Content/Blueprints/PNPawn_Rabbit.uasset" SILENT=true
[2021.05.22-06.14.23:425][552]LogSavePackage: Save=189.316605ms
[2021.05.22-06.14.23:425][552]LogSavePackage: Moving '../../../../../../Users/magi1/Documents/PaperNinja_FirstTime/PaperNinja/Saved/PNPawn_Rabbit51F7C1734441276D95FF598303D5ECC1.tmp' to '../../../../../../Users/magi1/Documents/PaperNinja_FirstTime/PaperNinja/Content/Blueprints/PNPawn_Rabbit.uasset'
[2021.05.22-06.14.23:427][552]LogFileManager:Warning: DeleteFile was unable to delete '../../../../../../Users/magi1/Documents/PaperNinja_FirstTime/PaperNinja/Content/Blueprints/PNPawn_Rabbit.uasset', retrying in .5s...
[2021.05.22-06.14.23:928][552]LogFileManager:Error: Error deleting file '../../../../../../Users/magi1/Documents/PaperNinja_FirstTime/PaperNinja/Content/Blueprints/PNPawn_Rabbit.uasset'.
[2021.05.22-06.14.23:928][552]LogSavePackage:Error: Error saving '../../../../../../Users/magi1/Documents/PaperNinja_FirstTime/PaperNinja/Content/Blueprints/PNPawn_Rabbit.uasset'
[2021.05.22-06.14.28:564][552]EditorErrors: New page: 出力値を保存
[2021.05.22-06.14.28:564][552]EditorErrors:Warning: 警告 '../../../../../../Users/magi1/Documents/PaperNinja_FirstTime/PaperNinja/Content/Blueprints/PNPawn_Rabbit.uasset' を保存時のエラー
[2021.05.22-06.14.28:564][552]EditorErrors:Warning: 警告 '../../../../../../Users/magi1/Documents/PaperNinja_FirstTime/PaperNinja/Content/Blueprints/PNPawn_Rabbit.uasset' を保存時のエラー
[2021.05.22-06.14.45:352][954]Cmd: OBJ SAVEPACKAGE PACKAGE="/Game/Blueprints/PNPawn_Rabbit" FILE="../../../../../../Users/magi1/Documents/PaperNinja_FirstTime/PaperNinja/Content/Blueprints/PNPawn_Rabbit.uasset" SILENT=true
[2021.05.22-06.14.45:700][954]LogSavePackage: Save=199.845703ms
[2021.05.22-06.14.45:700][954]LogSavePackage: Moving '../../../../../../Users/magi1/Documents/PaperNinja_FirstTime/PaperNinja/Saved/PNPawn_RabbitD21C0F124C25E36D2F7AA3A6B6131AAA.tmp' to '../../../../../../Users/magi1/Documents/PaperNinja_FirstTime/PaperNinja/Content/Blueprints/PNPawn_Rabbit.uasset'
[2021.05.22-06.14.45:701][954]LogFileManager:Warning: DeleteFile was unable to delete '../../../../../../Users/magi1/Documents/PaperNinja_FirstTime/PaperNinja/Content/Blueprints/PNPawn_Rabbit.uasset', retrying in .5s...
[2021.05.22-06.14.46:203][954]LogFileManager:Error: Error deleting file '../../../../../../Users/magi1/Documents/PaperNinja_FirstTime/PaperNinja/Content/Blueprints/PNPawn_Rabbit.uasset'.
[2021.05.22-06.14.46:203][954]LogSavePackage:Error: Error saving '../../../../../../Users/magi1/Documents/PaperNinja_FirstTime/PaperNinja/Content/Blueprints/PNPawn_Rabbit.uasset'
[2021.05.22-06.14.47:613][954]EditorErrors: New page: 出力値を保存
[2021.05.22-06.14.47:613][954]EditorErrors:Warning: 警告 '../../../../../../Users/magi1/Documents/PaperNinja_FirstTime/PaperNinja/Content/Blueprints/PNPawn_Rabbit.uasset' を保存時のエラー
[2021.05.22-06.16.15:741][268]LogSavePackage: Save=222.807907ms
[2021.05.22-06.16.15:742][268]LogSavePackage: Moving '../../../../../../Users/magi1/Documents/PaperNinja_FirstTime/PaperNinja/Saved/Minimal_Default19A2667949C4F8957E7747ABAF496E41.tmp' to '../../../../../../Users/magi1/Documents/PaperNinja_FirstTime/PaperNinja/Content/StarterContent/Maps/Minimal_Default.umap'
[2021.05.22-06.16.18:720][363]Cmd: OBJ SAVEPACKAGE PACKAGE="/Game/Blueprints/PNPawn_Rabbit" FILE="../../../../../../Users/magi1/Documents/PaperNinja_FirstTime/PaperNinja/Content/Blueprints/PNPawn_Rabbit.uasset" SILENT=true
[2021.05.22-06.16.19:033][363]LogSavePackage: Save=188.304001ms
[2021.05.22-06.16.19:033][363]LogSavePackage: Moving '../../../../../../Users/magi1/Documents/PaperNinja_FirstTime/PaperNinja/Saved/PNPawn_Rabbit9EBEA80049EE0C9B70BADFADDCC12D3C.tmp' to '../../../../../../Users/magi1/Documents/PaperNinja_FirstTime/PaperNinja/Content/Blueprints/PNPawn_Rabbit.uasset'
[2021.05.22-06.16.23:906][555]Cmd: QUIT_EDITOR
[2021.05.22-06.16.24:378][555]LogExit: Preparing to exit.
[2021.05.22-06.16.24:809][555]LogExit: Editor shut down
[2021.05.22-06.16.24:809][555]LogExit: Transaction tracking system shut down
[2021.05.22-06.16.24:810][555]LogParticles: Destroying 0 GPU particle simulations for FXSystem 0x000001BEC46A07C0
[2021.05.22-06.16.24:811][555]LogParticles: Destroying 0 GPU particle simulations for FXSystem 0x000001BED60B4AE0
[2021.05.22-06.16.24:811][555]LogParticles: Destroying 0 GPU particle simulations for FXSystem 0x000001BED5F89080
[2021.05.22-06.16.24:812][555]LogParticles: Destroying 0 GPU particle simulations for FXSystem 0x000001BED50E2980
[2021.05.22-06.16.24:812][555]LogParticles: Destroying 0 GPU particle simulations for FXSystem 0x000001BEF33E56C0
[2021.05.22-06.16.24:813][555]LogParticles: Destroying 0 GPU particle simulations for FXSystem 0x000001BEF2F29760
[2021.05.22-06.16.24:813][555]LogParticles: Destroying 0 GPU particle simulations for FXSystem 0x000001BEF01B79C0
[2021.05.22-06.16.24:813][555]LogParticles: Destroying 0 GPU particle simulations for FXSystem 0x000001BEF01B7E20
[2021.05.22-06.16.24:813][555]LogParticles: Destroying 0 GPU particle simulations for FXSystem 0x000001BE873A37E0
[2021.05.22-06.16.24:915][555]LogExit: Object subsystem successfully closed.
[2021.05.22-06.16.25:037][555]LogModuleManager: Shutting down and abandoning module CrashTracker (178)
[2021.05.22-06.16.25:037][555]LogModuleManager: Shutting down and abandoning module SuperSearch (177)
[2021.05.22-06.16.25:037][555]LogModuleManager: Shutting down and abandoning module WorldBrowser (176)
[2021.05.22-06.16.25:037][555]LogModuleManager: Shutting down and abandoning module SceneOutliner (175)
[2021.05.22-06.16.25:037][555]LogModuleManager: Shutting down and abandoning module EditorWidgets (174)
[2021.05.22-06.16.25:037][555]LogModuleManager: Shutting down and abandoning module CollectionManager (173)
[2021.05.22-06.16.25:037][555]LogModuleManager: Shutting down and abandoning module StatsViewer (172)
[2021.05.22-06.16.25:037][555]LogModuleManager: Shutting down and abandoning module FoliageEdit (171)
[2021.05.22-06.16.25:037][555]LogModuleManager: Shutting down and abandoning module LandscapeEditor (170)
[2021.05.22-06.16.25:038][555]LogModuleManager: Shutting down and abandoning module MeshPaint (169)
[2021.05.22-06.16.25:038][555]LogModuleManager: Shutting down and abandoning module ActorPickerMode (168)
[2021.05.22-06.16.25:038][555]LogModuleManager: Shutting down and abandoning module GeometryMode (167)
[2021.05.22-06.16.25:038][555]LogModuleManager: Shutting down and abandoning module TextureAlignMode (166)
[2021.05.22-06.16.25:038][555]LogModuleManager: Shutting down and abandoning module BspMode (165)
[2021.05.22-06.16.25:038][555]LogModuleManager: Shutting down and abandoning module PlacementMode (164)
[2021.05.22-06.16.25:038][555]LogModuleManager: Shutting down and abandoning module AutomationWorker (163)
[2021.05.22-06.16.25:038][555]LogModuleManager: Shutting down and abandoning module CharacterAI (162)
[2021.05.22-06.16.25:038][555]LogModuleManager: Shutting down and abandoning module SmartSnapping (161)
[2021.05.22-06.16.25:038][555]LogModuleManager: Shutting down and abandoning module ViewportSnapping (160)
[2021.05.22-06.16.25:038][555]LogModuleManager: Shutting down and abandoning module LogVisualizer (159)
[2021.05.22-06.16.25:038][555]LogModuleManager: Shutting down and abandoning module GameProjectGeneration (158)
[2021.05.22-06.16.25:038][555]LogModuleManager: Shutting down and abandoning module IntroTutorials (157)
[2021.05.22-06.16.25:038][555]LogModuleManager: Shutting down and abandoning module EditorLiveStreaming (156)
[2021.05.22-06.16.25:038][555]LogModuleManager: Shutting down and abandoning module HardwareTargeting (155)
[2021.05.22-06.16.25:038][555]LogModuleManager: Shutting down and abandoning module DeviceProfileEditor (154)
[2021.05.22-06.16.25:038][555]LogModuleManager: Shutting down and abandoning module UndoHistory (153)
[2021.05.22-06.16.25:038][555]LogModuleManager: Shutting down and abandoning module GameplayTagsEditor (152)
[2021.05.22-06.16.25:038][555]LogModuleManager: Shutting down and abandoning module UserFeedback (151)
[2021.05.22-06.16.25:038][555]LogModuleManager: Shutting down and abandoning module XmlParser (150)
[2021.05.22-06.16.25:038][555]LogModuleManager: Shutting down and abandoning module Blutility (149)
[2021.05.22-06.16.25:038][555]LogModuleManager: Shutting down and abandoning module IOSPlatformEditor (148)
[2021.05.22-06.16.25:038][555]LogModuleManager: Shutting down and abandoning module IOSRuntimeSettings (147)
[2021.05.22-06.16.25:038][555]LogModuleManager: Shutting down and abandoning module AndroidDeviceDetection (146)
[2021.05.22-06.16.25:156][555]LogModuleManager: Shutting down and abandoning module AndroidPlatformEditor (145)
[2021.05.22-06.16.25:156][555]LogModuleManager: Shutting down and abandoning module AndroidRuntimeSettings (144)
[2021.05.22-06.16.25:156][555]LogModuleManager: Shutting down and abandoning module ProjectTargetPlatformEditor (143)
[2021.05.22-06.16.25:157][555]LogModuleManager: Shutting down and abandoning module ProjectSettingsViewer (142)
[2021.05.22-06.16.25:157][555]LogModuleManager: Shutting down and abandoning module InputBindingEditor (141)
[2021.05.22-06.16.25:157][555]LogModuleManager: Shutting down and abandoning module EditorSettingsViewer (140)
[2021.05.22-06.16.25:157][555]LogModuleManager: Shutting down and abandoning module SettingsEditor (139)
[2021.05.22-06.16.25:157][555]LogModuleManager: Shutting down and abandoning module ProjectLauncher (138)
[2021.05.22-06.16.25:157][555]LogModuleManager: Shutting down and abandoning module SessionFrontend (137)
[2021.05.22-06.16.25:157][555]LogModuleManager: Shutting down and abandoning module ProfilerClient (136)
[2021.05.22-06.16.25:158][555]LogModuleManager: Shutting down and abandoning module TargetDeviceServices (135)
[2021.05.22-06.16.25:158][555]LogModuleManager: Shutting down and abandoning module DeviceManager (134)
[2021.05.22-06.16.25:158][555]LogModuleManager: Shutting down and abandoning module AutomationController (133)
[2021.05.22-06.16.25:158][555]LogModuleManager: Shutting down and abandoning module AutomationWindow (132)
[2021.05.22-06.16.25:158][555]LogModuleManager: Shutting down and abandoning module Layers (131)
[2021.05.22-06.16.25:158][555]LogModuleManager: Shutting down and abandoning module ComponentVisualizers (130)
[2021.05.22-06.16.25:158][555]LogModuleManager: Shutting down and abandoning module DetailCustomizations (129)
[2021.05.22-06.16.25:158][555]LogModuleManager: Shutting down and abandoning module PackagesDialog (128)
[2021.05.22-06.16.25:159][555]LogModuleManager: Shutting down and abandoning module AssetRegistry (127)
[2021.05.22-06.16.25:207][555]LogModuleManager: Shutting down and abandoning module Persona (126)
[2021.05.22-06.16.25:207][555]LogModuleManager: Shutting down and abandoning module SlateReflector (125)
[2021.05.22-06.16.25:207][555]LogModuleManager: Shutting down and abandoning module LevelEditor (124)
[2021.05.22-06.16.25:208][555]LogModuleManager: Shutting down and abandoning module Kismet (123)
[2021.05.22-06.16.25:208][555]LogModuleManager: Shutting down and abandoning module GraphEditor (122)
[2021.05.22-06.16.25:208][555]LogModuleManager: Shutting down and abandoning module ClassViewer (121)
[2021.05.22-06.16.25:208][555]LogModuleManager: Shutting down and abandoning module Toolbox (120)
[2021.05.22-06.16.25:208][555]LogModuleManager: Shutting down and abandoning module ModuleUI (119)
[2021.05.22-06.16.25:208][555]LogModuleManager: Shutting down and abandoning module MovieSceneTools (118)
[2021.05.22-06.16.25:208][555]LogModuleManager: Shutting down and abandoning module OutputLog (117)
[2021.05.22-06.16.25:208][555]LogModuleManager: Shutting down and abandoning module GammaUI (116)
[2021.05.22-06.16.25:208][555]LogModuleManager: Shutting down and abandoning module Documentation (115)
[2021.05.22-06.16.25:208][555]LogModuleManager: Shutting down and abandoning module GameLiveStreaming (114)
[2021.05.22-06.16.25:208][555]LogModuleManager: Shutting down and abandoning module StreamingPauseRendering (113)
[2021.05.22-06.16.25:208][555]LogModuleManager: Shutting down and abandoning module HTTP (112)
[2021.05.22-06.16.25:209][555]LogModuleManager: Shutting down and abandoning module AnalyticsET (111)
[2021.05.22-06.16.25:209][555]LogModuleManager: Shutting down and abandoning module Analytics (110)
[2021.05.22-06.16.25:209][555]LogModuleManager: Shutting down and abandoning module AITestSuite (109)
[2021.05.22-06.16.25:209][555]LogModuleManager: Shutting down and abandoning module GameplayDebugger (108)
[2021.05.22-06.16.25:209][555]LogModuleManager: Shutting down and abandoning module AIModule (107)
[2021.05.22-06.16.25:209][555]LogModuleManager: Shutting down and abandoning module ProfilerService (106)
[2021.05.22-06.16.25:335][555]LogModuleManager: Shutting down and abandoning module TaskGraph (105)
[2021.05.22-06.16.25:335][555]LogModuleManager: Shutting down and abandoning module SlateRemote (104)
[2021.05.22-06.16.25:336][555]LogModuleManager: Shutting down and abandoning module ScriptEditorPlugin (103)
[2021.05.22-06.16.25:336][555]LogModuleManager: Shutting down and abandoning module CustomMeshComponent (102)
[2021.05.22-06.16.25:336][555]LogModuleManager: Shutting down and abandoning module CableComponent (101)
[2021.05.22-06.16.25:336][555]LogModuleManager: Shutting down and abandoning module MessagingDebugger (100)
[2021.05.22-06.16.25:336][555]LogModuleManager: Shutting down and abandoning module MediaPlayerEditor (99)
[2021.05.22-06.16.25:336][555]LogModuleManager: Shutting down and abandoning module SpeedTreeImporter (98)
[2021.05.22-06.16.25:336][555]LogModuleManager: Shutting down and abandoning module PluginsEditor (97)
[2021.05.22-06.16.25:336][555]LogModuleManager: Shutting down and abandoning module MainFrame (96)
[2021.05.22-06.16.25:336][555]LogModuleManager: Shutting down and abandoning module EpicSurvey (95)
[2021.05.22-06.16.25:336][555]LogModuleManager: Shutting down and abandoning module DesktopPlatform (94)
[2021.05.22-06.16.25:336][555]LogModuleManager: Shutting down and abandoning module DirectoryWatcher (93)
[2021.05.22-06.16.25:337][555]LogModuleManager: Shutting down and abandoning module HotReload (92)
[2021.05.22-06.16.25:337][555]LogModuleManager: Shutting down and abandoning module VisualStudioSourceCodeAccess (91)
[2021.05.22-06.16.25:337][555]LogModuleManager: Shutting down and abandoning module UObjectPlugin (90)
[2021.05.22-06.16.25:337][555]LogModuleManager: Shutting down and abandoning module SubversionSourceControl (89)
[2021.05.22-06.16.25:337][555]LogModuleManager: Shutting down and abandoning module PerforceSourceControl (88)
[2021.05.22-06.16.25:337][555]LogModuleManager: Shutting down and abandoning module SourceControl (87)
[2021.05.22-06.16.25:338][555]LogModuleManager: Shutting down and abandoning module GitSourceControl (86)
[2021.05.22-06.16.25:338][555]LogModuleManager: Shutting down and abandoning module BlankPlugin (85)
[2021.05.22-06.16.25:338][555]LogModuleManager: Shutting down and abandoning module PaperTiledImporter (84)
[2021.05.22-06.16.25:338][555]LogModuleManager: Shutting down and abandoning module PaperJsonImporter (83)
[2021.05.22-06.16.25:338][555]LogModuleManager: Shutting down and abandoning module ContentBrowser (82)
[2021.05.22-06.16.25:339][555]LogModuleManager: Shutting down and abandoning module Paper2DEditor (81)
[2021.05.22-06.16.25:340][555]LogModuleManager: Shutting down and abandoning module ScriptPlugin (80)
[2021.05.22-06.16.25:340][555]LogModuleManager: Shutting down and abandoning module UdpMessaging (79)
[2021.05.22-06.16.25:441][555]LogModuleManager: Shutting down and abandoning module Paper2D (78)
[2021.05.22-06.16.25:441][555]LogModuleManager: Shutting down and abandoning module WindowsMoviePlayer (77)
[2021.05.22-06.16.25:448][555]LogModuleManager: Shutting down and abandoning module Media (76)
[2021.05.22-06.16.25:448][555]LogModuleManager: Shutting down and abandoning module WmfMedia (75)
[2021.05.22-06.16.25:449][555]LogModuleManager: Shutting down and abandoning module OnlineBlueprintSupport (74)
[2021.05.22-06.16.25:449][555]LogModuleManager: Shutting down and abandoning module PropertyEditor (73)
[2021.05.22-06.16.25:450][555]LogModuleManager: Shutting down and abandoning module BehaviorTreeEditor (72)
[2021.05.22-06.16.25:450][555]LogModuleManager: Shutting down and abandoning module FunctionalTesting (71)
[2021.05.22-06.16.25:450][555]LogModuleManager: Shutting down and abandoning module CollisionAnalyzer (70)
[2021.05.22-06.16.25:450][555]LogModuleManager: Shutting down and abandoning module WorkspaceMenuStructure (69)
[2021.05.22-06.16.25:450][555]LogModuleManager: Shutting down and abandoning module MessageLog (68)
[2021.05.22-06.16.25:450][555]LogModuleManager: Shutting down and abandoning module Sequencer (67)
[2021.05.22-06.16.25:450][555]LogModuleManager: Shutting down and abandoning module AssetTools (66)
[2021.05.22-06.16.25:450][555]LogModuleManager: Shutting down and abandoning module UMGEditor (65)
[2021.05.22-06.16.25:450][555]LogModuleManager: Shutting down and abandoning module UMG (64)
[2021.05.22-06.16.25:450][555]LogModuleManager: Shutting down and abandoning module Slate (63)
[2021.05.22-06.16.25:451][555]LogModuleManager: Shutting down and abandoning module EditorStyle (62)
[2021.05.22-06.16.25:466][555]LogModuleManager: Shutting down and abandoning module SessionServices (61)
[2021.05.22-06.16.25:466][555]LogModuleManager: Shutting down and abandoning module SourceCodeAccess (60)
[2021.05.22-06.16.25:466][555]LogModuleManager: Shutting down and abandoning module HeadMountedDisplay (59)
[2021.05.22-06.16.25:466][555]LogModuleManager: Shutting down and abandoning module XAudio2 (58)
[2021.05.22-06.16.25:466][555]LogModuleManager: Shutting down and abandoning module Networking (56)
[2021.05.22-06.16.25:466][555]LogModuleManager: Shutting down and abandoning module Core (55)
[2021.05.22-06.16.25:466][555]LogModuleManager: Shutting down and abandoning module KismetCompiler (54)
[2021.05.22-06.16.25:466][555]LogModuleManager: Shutting down and abandoning module PhysXFormats (53)
[2021.05.22-06.16.25:466][555]LogModuleManager: Shutting down and abandoning module MeshUtilities (52)
[2021.05.22-06.16.25:466][555]LogModuleManager: Shutting down and abandoning module DerivedDataCache (51)
[2021.05.22-06.16.25:479][555]LogDerivedDataCache: Shutdown
[2021.05.22-06.16.25:479][555]LogModuleManager: Shutting down and abandoning module ShaderFormatOpenGL (50)
[2021.05.22-06.16.25:479][555]LogModuleManager: Shutting down and abandoning module ShaderFormatD3D (49)
[2021.05.22-06.16.25:479][555]LogModuleManager: Shutting down and abandoning module MetalShaderFormat (48)
[2021.05.22-06.16.25:479][555]LogModuleManager: Shutting down and abandoning module TextureFormatUncompressed (47)
[2021.05.22-06.16.25:479][555]LogModuleManager: Shutting down and abandoning module TextureFormatPVR (46)
[2021.05.22-06.16.25:479][555]LogModuleManager: Shutting down and abandoning module TextureFormatIntelISPCTexComp (45)
[2021.05.22-06.16.25:479][555]LogModuleManager: Shutting down and abandoning module TextureFormatDXT (44)
[2021.05.22-06.16.25:479][555]LogModuleManager: Shutting down and abandoning module ImageWrapper (43)
[2021.05.22-06.16.25:479][555]LogModuleManager: Shutting down and abandoning module TextureFormatASTC (42)
[2021.05.22-06.16.25:479][555]LogModuleManager: Shutting down and abandoning module TextureFormatAndroid (41)
[2021.05.22-06.16.25:479][555]LogModuleManager: Shutting down and abandoning module AudioFormatOpus (40)
[2021.05.22-06.16.25:479][555]LogModuleManager: Shutting down and abandoning module AudioFormatOgg (39)
[2021.05.22-06.16.25:479][555]LogModuleManager: Shutting down and abandoning module AudioFormatADPCM (38)
[2021.05.22-06.16.25:479][555]LogModuleManager: Shutting down and abandoning module LinuxTargetPlatform (37)
[2021.05.22-06.16.25:479][555]LogModuleManager: Shutting down and abandoning module LinuxServerTargetPlatform (36)
[2021.05.22-06.16.25:479][555]LogModuleManager: Shutting down and abandoning module LinuxNoEditorTargetPlatform (35)
[2021.05.22-06.16.25:479][555]LogModuleManager: Shutting down and abandoning module Messaging (34)
[2021.05.22-06.16.25:479][555]LogModuleManager: Shutting down and abandoning module IOSTargetPlatform (33)
[2021.05.22-06.16.25:480][555]LogModuleManager: Shutting down and abandoning module HTML5TargetPlatform (32)
[2021.05.22-06.16.25:480][555]LogModuleManager: Shutting down and abandoning module Android_PVRTCTargetPlatform (31)
[2021.05.22-06.16.25:480][555]LogModuleManager: Shutting down and abandoning module Android_ETC2TargetPlatform (30)
[2021.05.22-06.16.25:480][555]LogModuleManager: Shutting down and abandoning module Android_ETC1TargetPlatform (29)
[2021.05.22-06.16.25:480][555]LogModuleManager: Shutting down and abandoning module Android_ES31TargetPlatform (28)
[2021.05.22-06.16.25:480][555]LogModuleManager: Shutting down and abandoning module Android_DXTTargetPlatform (27)
[2021.05.22-06.16.25:480][555]LogModuleManager: Shutting down and abandoning module Android_ATCTargetPlatform (26)
[2021.05.22-06.16.25:480][555]LogModuleManager: Shutting down and abandoning module AndroidTargetPlatform (25)
[2021.05.22-06.16.25:480][555]LogModuleManager: Shutting down and abandoning module WindowsTargetPlatform (24)
[2021.05.22-06.16.25:480][555]LogModuleManager: Shutting down and abandoning module WindowsServerTargetPlatform (23)
[2021.05.22-06.16.25:480][555]LogModuleManager: Shutting down and abandoning module WindowsNoEditorTargetPlatform (22)
[2021.05.22-06.16.25:480][555]LogModuleManager: Shutting down and abandoning module WindowsClientTargetPlatform (21)
[2021.05.22-06.16.25:480][555]LogModuleManager: Shutting down and abandoning module TargetPlatform (20)
[2021.05.22-06.16.25:480][555]LogModuleManager: Shutting down and abandoning module InputCore (19)
[2021.05.22-06.16.25:480][555]LogModuleManager: Shutting down and abandoning module Settings (18)
[2021.05.22-06.16.25:480][555]LogModuleManager: Shutting down and abandoning module OnlineSubsystem (16)
[2021.05.22-06.16.25:480][555]LogModuleManager: Shutting down and abandoning module OculusRift (15)
[2021.05.22-06.16.25:480][555]LogModuleManager: Shutting down and abandoning module ExampleDeviceProfileSelector (14)
[2021.05.22-06.16.25:480][555]LogModuleManager: Shutting down and abandoning module TextureCompressor (13)
[2021.05.22-06.16.25:480][555]LogModuleManager: Shutting down and abandoning module ShaderCore (12)
[2021.05.22-06.16.25:480][555]LogModuleManager: Shutting down and abandoning module Landscape (11)
[2021.05.22-06.16.25:480][555]LogModuleManager: Shutting down and abandoning module SlateRHIRenderer (10)
[2021.05.22-06.16.25:484][555]LogModuleManager: Shutting down and abandoning module OpenGLDrv (9)
[2021.05.22-06.16.25:484][555]LogModuleManager: Shutting down and abandoning module D3D11RHI (8)
[2021.05.22-06.16.25:484][555]LogModuleManager: Shutting down and abandoning module Renderer (7)
[2021.05.22-06.16.25:484][555]LogModuleManager: Shutting down and abandoning module Engine (6)
[2021.05.22-06.16.25:484][555]LogModuleManager: Shutting down and abandoning module CoreUObject (5)
[2021.05.22-06.16.25:484][555]LogModuleManager: Shutting down and abandoning module NetworkFile (4)
[2021.05.22-06.16.25:484][555]LogModuleManager: Shutting down and abandoning module StreamingFile (3)
[2021.05.22-06.16.25:485][555]LogModuleManager: Shutting down and abandoning module SandboxFile (2)
[2021.05.22-06.16.25:485][555]LogModuleManager: Shutting down and abandoning module PakFile (1)
[2021.05.22-06.16.25:486][555]LogExit: Exiting.
[2021.05.22-06.16.25:534][555]Log file closed, 05/22/21 15:16:25
